<?xml version="1.0" encoding="UTF-8"?>
<testsuites name="refund-applications" time="15.137" tests="1" failures="0" errors="0">
   <testsuite name="refund-applications" tests="1" failures="0" errors="0" time="15.137" skipped="0" timestamp="10-12-2024T12:39:51" hostname="Mayuresh.Sonar - CCE1019.accelya.local" id="Test Suites/RefundManagement/refund-applications">
      <properties>
         <property name="deviceName" value=""/>
         <property name="devicePlatform" value=""/>
         <property name="logFolder" value="C:\\Users\\mayuresh.sonar\\KatalonStudio\\DataMigration\\NFE-API-automationK\\Reports\\20241210_123942\\RefundManagement\\refund-applications\\20241210_123942"/>
         <property name="logFiles" value="C:\\Users\\mayuresh.sonar\\KatalonStudio\\DataMigration\\NFE-API-automationK\\Reports\\20241210_123942\\RefundManagement\\refund-applications\\20241210_123942\\execution0.log"/>
         <property name="attachments" value=""/>
         <property name="hostName" value="Mayuresh.Sonar - CCE1019.accelya.local"/>
         <property name="hostAddress" value="192.168.3.245"/>
         <property name="os" value="Windows 11 64bit"/>
         <property name="katalonVersion" value="9.4.4.212"/>
      </properties>
      <testcase name="Test Cases/Refund Management/refund-applications/refund-applications statistics/FCA-67592_RA_Statistics_are_only_for_IATA" time="14.33" classname="Test Cases/Refund Management/refund-applications/refund-applications statistics/FCA-67592_RA_Statistics_are_only_for_IATA" status="PASSED">
         <system-out><![CDATA[10-12-2024T12:39:51 - [TEST_CASE][PASSED] - Test Cases/Refund Management/refund-applications/refund-applications statistics/FCA-67592_RA_Statistics_are_only_for_IATA: Test Cases/Refund Management/refund-applications/refund-applications statistics/FCA-67592_RA_Statistics_are_only_for_IATA

10-12-2024T12:39:54 - [TEST_STEP][PASSED] - Start listener action : Before: Invoke 'com.kms.katalon.core.annotation.BeforeTestCase' method: 'TestListener.Before(...)' completed.

10-12-2024T12:39:54 - [MESSAGE][INFO] - Starting invoke 'com.kms.katalon.core.annotation.BeforeTestCase' method: 'TestListener.Before(...)'

10-12-2024T12:39:54 - [TEST_STEP][PASSED] - tc_description = testCaseContext.getMessage(): null

10-12-2024T12:39:54 - [TEST_STEP][PASSED] - tcName = testCaseId: null

10-12-2024T12:39:54 - [TEST_STEP][PASSED] - println(tcName): null

10-12-2024T12:39:54 - [TEST_STEP][PASSED] - reporting.ExtentReporting.startTest(reportPath, testSuiteName, tcName, tc_description, author, "Extent Test", reportFile): Invoke 'com.kms.katalon.core.annotation.BeforeTestCase' method: 'TestListener.Before(...)' completed.

10-12-2024T12:39:54 - [MESSAGE][INFO] - Checking test data id

10-12-2024T12:39:54 - [MESSAGE][INFO] - Finding test data with id 'Data Files/Common/Users'

10-12-2024T12:39:54 - [MESSAGE][INFO] - Test data is excel file, reading excel file

10-12-2024T12:39:54 - [MESSAGE][INFO] - Reading excel file with source file 'C:\Users\mayuresh.sonar\KatalonStudio\DataMigration\NFE-API-automationK\Data Files\TestData.xlsx' and sheet name 'users'

10-12-2024T12:39:54 - [MESSAGE][INFO] - Checking test data id

10-12-2024T12:39:54 - [MESSAGE][INFO] - Finding test data with id 'Data Files/Common/Users'

10-12-2024T12:39:54 - [MESSAGE][INFO] - Test data is excel file, reading excel file

10-12-2024T12:39:54 - [MESSAGE][INFO] - Reading excel file with source file 'C:\Users\mayuresh.sonar\KatalonStudio\DataMigration\NFE-API-automationK\Data Files\TestData.xlsx' and sheet name 'users'

10-12-2024T12:39:55 - [MESSAGE][INFO] - Checking test data id

10-12-2024T12:39:55 - [MESSAGE][INFO] - Finding test data with id 'Data Files/Common/Users'

10-12-2024T12:39:55 - [MESSAGE][INFO] - Test data is excel file, reading excel file

10-12-2024T12:39:55 - [MESSAGE][INFO] - Reading excel file with source file 'C:\Users\mayuresh.sonar\KatalonStudio\DataMigration\NFE-API-automationK\Data Files\TestData.xlsx' and sheet name 'users'

10-12-2024T12:39:55 - [MESSAGE][INFO] - Checking test data id

10-12-2024T12:39:55 - [MESSAGE][INFO] - Finding test data with id 'Data Files/Common/Users'

10-12-2024T12:39:55 - [MESSAGE][INFO] - Test data is excel file, reading excel file

10-12-2024T12:39:55 - [MESSAGE][INFO] - Reading excel file with source file 'C:\Users\mayuresh.sonar\KatalonStudio\DataMigration\NFE-API-automationK\Data Files\TestData.xlsx' and sheet name 'users'

10-12-2024T12:39:55 - [MESSAGE][INFO] - Checking test data id

10-12-2024T12:39:55 - [MESSAGE][INFO] - Finding test data with id 'Data Files/Common/Users'

10-12-2024T12:39:55 - [MESSAGE][INFO] - Test data is excel file, reading excel file

10-12-2024T12:39:55 - [MESSAGE][INFO] - Reading excel file with source file 'C:\Users\mayuresh.sonar\KatalonStudio\DataMigration\NFE-API-automationK\Data Files\TestData.xlsx' and sheet name 'users'

10-12-2024T12:39:55 - [MESSAGE][INFO] - Checking test data id

10-12-2024T12:39:55 - [MESSAGE][INFO] - Finding test data with id 'Data Files/Common/Users'

10-12-2024T12:39:55 - [MESSAGE][INFO] - Test data is excel file, reading excel file

10-12-2024T12:39:55 - [MESSAGE][INFO] - Reading excel file with source file 'C:\Users\mayuresh.sonar\KatalonStudio\DataMigration\NFE-API-automationK\Data Files\TestData.xlsx' and sheet name 'users'

10-12-2024T12:39:55 - [MESSAGE][INFO] - Checking test data id

10-12-2024T12:39:55 - [MESSAGE][INFO] - Finding test data with id 'Data Files/Common/Users'

10-12-2024T12:39:55 - [MESSAGE][INFO] - Test data is excel file, reading excel file

10-12-2024T12:39:55 - [MESSAGE][INFO] - Reading excel file with source file 'C:\Users\mayuresh.sonar\KatalonStudio\DataMigration\NFE-API-automationK\Data Files\TestData.xlsx' and sheet name 'users'

10-12-2024T12:39:55 - [MESSAGE][INFO] - Checking test data id

10-12-2024T12:39:55 - [MESSAGE][INFO] - Finding test data with id 'Data Files/Common/Users'

10-12-2024T12:39:55 - [MESSAGE][INFO] - Test data is excel file, reading excel file

10-12-2024T12:39:55 - [MESSAGE][INFO] - Reading excel file with source file 'C:\Users\mayuresh.sonar\KatalonStudio\DataMigration\NFE-API-automationK\Data Files\TestData.xlsx' and sheet name 'users'

10-12-2024T12:39:55 - [MESSAGE][INFO] - Checking test data id

10-12-2024T12:39:55 - [MESSAGE][INFO] - Finding test data with id 'Data Files/Common/Users'

10-12-2024T12:39:55 - [MESSAGE][INFO] - Test data is excel file, reading excel file

10-12-2024T12:39:55 - [MESSAGE][INFO] - Reading excel file with source file 'C:\Users\mayuresh.sonar\KatalonStudio\DataMigration\NFE-API-automationK\Data Files\TestData.xlsx' and sheet name 'users'

10-12-2024T12:39:55 - [MESSAGE][INFO] - Checking test data id

10-12-2024T12:39:55 - [MESSAGE][INFO] - Finding test data with id 'Data Files/Common/Users'

10-12-2024T12:39:55 - [MESSAGE][INFO] - Test data is excel file, reading excel file

10-12-2024T12:39:55 - [MESSAGE][INFO] - Reading excel file with source file 'C:\Users\mayuresh.sonar\KatalonStudio\DataMigration\NFE-API-automationK\Data Files\TestData.xlsx' and sheet name 'users'

10-12-2024T12:39:55 - [MESSAGE][INFO] - Checking test data id

10-12-2024T12:39:55 - [MESSAGE][INFO] - Finding test data with id 'Data Files/Common/Users'

10-12-2024T12:39:55 - [MESSAGE][INFO] - Test data is excel file, reading excel file

10-12-2024T12:39:55 - [MESSAGE][INFO] - Reading excel file with source file 'C:\Users\mayuresh.sonar\KatalonStudio\DataMigration\NFE-API-automationK\Data Files\TestData.xlsx' and sheet name 'users'

10-12-2024T12:39:55 - [MESSAGE][INFO] - Checking test data id

10-12-2024T12:39:55 - [MESSAGE][INFO] - Finding test data with id 'Data Files/Common/Users'

10-12-2024T12:39:55 - [MESSAGE][INFO] - Test data is excel file, reading excel file

10-12-2024T12:39:55 - [MESSAGE][INFO] - Reading excel file with source file 'C:\Users\mayuresh.sonar\KatalonStudio\DataMigration\NFE-API-automationK\Data Files\TestData.xlsx' and sheet name 'users'

10-12-2024T12:39:56 - [MESSAGE][INFO] - Checking test data id

10-12-2024T12:39:56 - [MESSAGE][INFO] - Finding test data with id 'Data Files/Common/Users'

10-12-2024T12:39:56 - [MESSAGE][INFO] - Test data is excel file, reading excel file

10-12-2024T12:39:56 - [MESSAGE][INFO] - Reading excel file with source file 'C:\Users\mayuresh.sonar\KatalonStudio\DataMigration\NFE-API-automationK\Data Files\TestData.xlsx' and sheet name 'users'

10-12-2024T12:39:56 - [MESSAGE][INFO] - Checking test data id

10-12-2024T12:39:56 - [MESSAGE][INFO] - Finding test data with id 'Data Files/Common/Users'

10-12-2024T12:39:56 - [MESSAGE][INFO] - Test data is excel file, reading excel file

10-12-2024T12:39:56 - [MESSAGE][INFO] - Reading excel file with source file 'C:\Users\mayuresh.sonar\KatalonStudio\DataMigration\NFE-API-automationK\Data Files\TestData.xlsx' and sheet name 'users'

10-12-2024T12:39:56 - [MESSAGE][INFO] - Checking test data id

10-12-2024T12:39:56 - [MESSAGE][INFO] - Finding test data with id 'Data Files/Common/Users'

10-12-2024T12:39:56 - [MESSAGE][INFO] - Test data is excel file, reading excel file

10-12-2024T12:39:56 - [MESSAGE][INFO] - Reading excel file with source file 'C:\Users\mayuresh.sonar\KatalonStudio\DataMigration\NFE-API-automationK\Data Files\TestData.xlsx' and sheet name 'users'

10-12-2024T12:39:56 - [MESSAGE][INFO] - Checking test data id

10-12-2024T12:39:56 - [MESSAGE][INFO] - Finding test data with id 'Data Files/Common/Users'

10-12-2024T12:39:56 - [MESSAGE][INFO] - Test data is excel file, reading excel file

10-12-2024T12:39:56 - [MESSAGE][INFO] - Reading excel file with source file 'C:\Users\mayuresh.sonar\KatalonStudio\DataMigration\NFE-API-automationK\Data Files\TestData.xlsx' and sheet name 'users'

10-12-2024T12:39:56 - [MESSAGE][INFO] - Checking test data id

10-12-2024T12:39:56 - [MESSAGE][INFO] - Finding test data with id 'Data Files/Common/Users'

10-12-2024T12:39:56 - [MESSAGE][INFO] - Test data is excel file, reading excel file

10-12-2024T12:39:56 - [MESSAGE][INFO] - Reading excel file with source file 'C:\Users\mayuresh.sonar\KatalonStudio\DataMigration\NFE-API-automationK\Data Files\TestData.xlsx' and sheet name 'users'

10-12-2024T12:39:56 - [MESSAGE][INFO] - Checking test data id

10-12-2024T12:39:56 - [MESSAGE][INFO] - Finding test data with id 'Data Files/Common/Users'

10-12-2024T12:39:56 - [MESSAGE][INFO] - Test data is excel file, reading excel file

10-12-2024T12:39:56 - [MESSAGE][INFO] - Reading excel file with source file 'C:\Users\mayuresh.sonar\KatalonStudio\DataMigration\NFE-API-automationK\Data Files\TestData.xlsx' and sheet name 'users'

10-12-2024T12:39:56 - [MESSAGE][INFO] - Checking test data id

10-12-2024T12:39:56 - [MESSAGE][INFO] - Finding test data with id 'Data Files/Common/Users'

10-12-2024T12:39:56 - [MESSAGE][INFO] - Test data is excel file, reading excel file

10-12-2024T12:39:56 - [MESSAGE][INFO] - Reading excel file with source file 'C:\Users\mayuresh.sonar\KatalonStudio\DataMigration\NFE-API-automationK\Data Files\TestData.xlsx' and sheet name 'users'

10-12-2024T12:39:56 - [MESSAGE][INFO] - Checking test data id

10-12-2024T12:39:56 - [MESSAGE][INFO] - Finding test data with id 'Data Files/Common/Users'

10-12-2024T12:39:56 - [MESSAGE][INFO] - Test data is excel file, reading excel file

10-12-2024T12:39:56 - [MESSAGE][INFO] - Reading excel file with source file 'C:\Users\mayuresh.sonar\KatalonStudio\DataMigration\NFE-API-automationK\Data Files\TestData.xlsx' and sheet name 'users'

10-12-2024T12:39:56 - [MESSAGE][INFO] - Checking test data id

10-12-2024T12:39:56 - [MESSAGE][INFO] - Finding test data with id 'Data Files/Common/Users'

10-12-2024T12:39:56 - [MESSAGE][INFO] - Test data is excel file, reading excel file

10-12-2024T12:39:56 - [MESSAGE][INFO] - Reading excel file with source file 'C:\Users\mayuresh.sonar\KatalonStudio\DataMigration\NFE-API-automationK\Data Files\TestData.xlsx' and sheet name 'users'

10-12-2024T12:39:56 - [MESSAGE][INFO] - Checking test data id

10-12-2024T12:39:56 - [MESSAGE][INFO] - Finding test data with id 'Data Files/Common/Users'

10-12-2024T12:39:56 - [MESSAGE][INFO] - Test data is excel file, reading excel file

10-12-2024T12:39:56 - [MESSAGE][INFO] - Reading excel file with source file 'C:\Users\mayuresh.sonar\KatalonStudio\DataMigration\NFE-API-automationK\Data Files\TestData.xlsx' and sheet name 'users'

10-12-2024T12:39:56 - [MESSAGE][INFO] - Checking test data id

10-12-2024T12:39:56 - [MESSAGE][INFO] - Finding test data with id 'Data Files/Common/Users'

10-12-2024T12:39:56 - [MESSAGE][INFO] - Test data is excel file, reading excel file

10-12-2024T12:39:56 - [MESSAGE][INFO] - Reading excel file with source file 'C:\Users\mayuresh.sonar\KatalonStudio\DataMigration\NFE-API-automationK\Data Files\TestData.xlsx' and sheet name 'users'

10-12-2024T12:39:56 - [MESSAGE][INFO] - Checking test data id

10-12-2024T12:39:56 - [MESSAGE][INFO] - Finding test data with id 'Data Files/Common/Users'

10-12-2024T12:39:56 - [MESSAGE][INFO] - Test data is excel file, reading excel file

10-12-2024T12:39:56 - [MESSAGE][INFO] - Reading excel file with source file 'C:\Users\mayuresh.sonar\KatalonStudio\DataMigration\NFE-API-automationK\Data Files\TestData.xlsx' and sheet name 'users'

10-12-2024T12:39:56 - [MESSAGE][INFO] - Checking test data id

10-12-2024T12:39:56 - [MESSAGE][INFO] - Finding test data with id 'Data Files/Common/Users'

10-12-2024T12:39:56 - [MESSAGE][INFO] - Test data is excel file, reading excel file

10-12-2024T12:39:56 - [MESSAGE][INFO] - Reading excel file with source file 'C:\Users\mayuresh.sonar\KatalonStudio\DataMigration\NFE-API-automationK\Data Files\TestData.xlsx' and sheet name 'users'

10-12-2024T12:39:57 - [MESSAGE][INFO] - Checking test data id

10-12-2024T12:39:57 - [MESSAGE][INFO] - Finding test data with id 'Data Files/Common/Users'

10-12-2024T12:39:57 - [MESSAGE][INFO] - Test data is excel file, reading excel file

10-12-2024T12:39:57 - [MESSAGE][INFO] - Reading excel file with source file 'C:\Users\mayuresh.sonar\KatalonStudio\DataMigration\NFE-API-automationK\Data Files\TestData.xlsx' and sheet name 'users'

10-12-2024T12:39:57 - [MESSAGE][INFO] - Checking test data id

10-12-2024T12:39:57 - [MESSAGE][INFO] - Finding test data with id 'Data Files/Common/Users'

10-12-2024T12:39:57 - [MESSAGE][INFO] - Test data is excel file, reading excel file

10-12-2024T12:39:57 - [MESSAGE][INFO] - Reading excel file with source file 'C:\Users\mayuresh.sonar\KatalonStudio\DataMigration\NFE-API-automationK\Data Files\TestData.xlsx' and sheet name 'users'

10-12-2024T12:39:57 - [MESSAGE][INFO] - Checking test data id

10-12-2024T12:39:57 - [MESSAGE][INFO] - Finding test data with id 'Data Files/Common/Users'

10-12-2024T12:39:57 - [MESSAGE][INFO] - Test data is excel file, reading excel file

10-12-2024T12:39:57 - [MESSAGE][INFO] - Reading excel file with source file 'C:\Users\mayuresh.sonar\KatalonStudio\DataMigration\NFE-API-automationK\Data Files\TestData.xlsx' and sheet name 'users'

10-12-2024T12:39:57 - [MESSAGE][INFO] - Checking test data id

10-12-2024T12:39:57 - [MESSAGE][INFO] - Finding test data with id 'Data Files/Common/Users'

10-12-2024T12:39:57 - [MESSAGE][INFO] - Test data is excel file, reading excel file

10-12-2024T12:39:57 - [MESSAGE][INFO] - Reading excel file with source file 'C:\Users\mayuresh.sonar\KatalonStudio\DataMigration\NFE-API-automationK\Data Files\TestData.xlsx' and sheet name 'users'

10-12-2024T12:39:57 - [MESSAGE][INFO] - Checking test data id

10-12-2024T12:39:57 - [MESSAGE][INFO] - Finding test data with id 'Data Files/Common/Users'

10-12-2024T12:39:57 - [MESSAGE][INFO] - Test data is excel file, reading excel file

10-12-2024T12:39:57 - [MESSAGE][INFO] - Reading excel file with source file 'C:\Users\mayuresh.sonar\KatalonStudio\DataMigration\NFE-API-automationK\Data Files\TestData.xlsx' and sheet name 'users'

10-12-2024T12:39:59 - [MESSAGE][PASSED] - reporting.ExtentReporting.startTest is PASSED

10-12-2024T12:39:59 - [MESSAGE][INFO] - Invoke 'com.kms.katalon.core.annotation.BeforeTestCase' method: 'TestListener.Before(...)' completed.

10-12-2024T12:40:00 - [TEST_STEP][PASSED] - if (flag == "Y"): null

10-12-2024T12:40:00 - [TEST_STEP][PASSED] - path = endPoint: null

10-12-2024T12:40:00 - [TEST_STEP][PASSED] - URL_QA = baseURL_QA + "/" + basePathAPI + "/" + path: null

10-12-2024T12:40:00 - [TEST_STEP][PASSED] - queryResponseQA = sendRequest(findTestObject("CommonRequest/GET_Method_QA", ["token":iataTokenQA, "endPoint":path])): Send request successfully

10-12-2024T12:40:00 - [MESSAGE][INFO] - Finding Test Object 'Object Repository/CommonRequest/GET_Method_QA'

10-12-2024T12:40:01 - [MESSAGE][INFO] - Checking request object

10-12-2024T12:40:03 - [MESSAGE][INFO] - HAR: C:\Users\mayuresh.sonar\KatalonStudio\DataMigration\NFE-API-automationK\Reports\20241210_123942\RefundManagement\refund-applications\20241210_123942\requests\main\0.har

10-12-2024T12:40:03 - [MESSAGE][PASSED] - Send request successfully

10-12-2024T12:40:03 - [TEST_STEP][PASSED] - verifyResponseStatusCode(queryResponseQA, 200): Verify response status code successfully

10-12-2024T12:40:03 - [MESSAGE][INFO] - Checking response object

10-12-2024T12:40:03 - [MESSAGE][PASSED] - Verify response status code successfully

10-12-2024T12:40:03 - [TEST_STEP][PASSED] - responseQA = queryResponseQA.getResponseBodyContent(): null

10-12-2024T12:40:03 - [TEST_STEP][PASSED] - URL_QAMIG = baseURL_QA_MIG + "/" + basePathAPI + "/" + path: null

10-12-2024T12:40:03 - [TEST_STEP][PASSED] - queryResponseQAMIG = sendRequest(findTestObject("CommonRequest/GET_Method_QA_MIG", ["token":iataTokenQAMIG, "endPoint":path])): Send request successfully

10-12-2024T12:40:03 - [MESSAGE][INFO] - Finding Test Object 'Object Repository/CommonRequest/GET_Method_QA_MIG'

10-12-2024T12:40:03 - [MESSAGE][INFO] - Checking request object

10-12-2024T12:40:04 - [MESSAGE][INFO] - HAR: C:\Users\mayuresh.sonar\KatalonStudio\DataMigration\NFE-API-automationK\Reports\20241210_123942\RefundManagement\refund-applications\20241210_123942\requests\main\1.har

10-12-2024T12:40:04 - [MESSAGE][PASSED] - Send request successfully

10-12-2024T12:40:04 - [TEST_STEP][PASSED] - verifyResponseStatusCode(queryResponseQAMIG, 200): Verify response status code successfully

10-12-2024T12:40:04 - [MESSAGE][INFO] - Checking response object

10-12-2024T12:40:04 - [MESSAGE][PASSED] - Verify response status code successfully

10-12-2024T12:40:04 - [TEST_STEP][PASSED] - responseQAMIG = queryResponseQAMIG.getResponseBodyContent(): null

10-12-2024T12:40:04 - [TEST_STEP][PASSED] - ignoreNodesList = Arrays.asList(ignoreNodes.split(",")): null

10-12-2024T12:40:04 - [TEST_STEP][PASSED] - jsonSlurper = new groovy.json.JsonSlurper(): null

10-12-2024T12:40:04 - [TEST_STEP][PASSED] - responseQAObject = jsonSlurper.parseText(responseQA): null

10-12-2024T12:40:04 - [TEST_STEP][PASSED] - jsonObjectQA = responseQAObject: null

10-12-2024T12:40:04 - [TEST_STEP][PASSED] - responseQAMIGObject = jsonSlurper.parseText(responseQAMIG): null

10-12-2024T12:40:04 - [TEST_STEP][PASSED] - jsonObjectQAMIG = responseQAMIGObject: null

10-12-2024T12:40:04 - [TEST_STEP][PASSED] - comparator = compare.CompareJsonResponse.getComparator(ignoreNodes): compare.CompareJsonResponse.getComparator is PASSED

10-12-2024T12:40:04 - [MESSAGE][PASSED] - compare.CompareJsonResponse.getComparator is PASSED

10-12-2024T12:40:04 - [TEST_STEP][PASSED] - compare.GetDifferences.clearSetValues(): compare.GetDifferences.clearSetValues is PASSED

10-12-2024T12:40:04 - [MESSAGE][PASSED] - compare.GetDifferences.clearSetValues is PASSED

10-12-2024T12:40:04 - [TEST_STEP][PASSED] - if (jsonObjectQA.has("records") || jsonObjectQAMIG.has("records")): null

10-12-2024T12:40:04 - [TEST_STEP][PASSED] - else: compare.GetDifferences.compareUsingRecursion is PASSED

10-12-2024T12:40:04 - [TEST_STEP][PASSED] - ignoreNodesList.each({ java.lang.Object node -> ... }): compare.CompareJsonResponse.removeNode is PASSED

10-12-2024T12:40:05 - [MESSAGE][PASSED] - compare.CompareJsonResponse.removeNode is PASSED

10-12-2024T12:40:05 - [MESSAGE][PASSED] - compare.CompareJsonResponse.removeNode is PASSED

10-12-2024T12:40:05 - [TEST_STEP][PASSED] - compare.GetDifferences.compareUsingRecursion(jsonObjectQA, jsonObjectQAMIG, "", comparator, ignoreNodesList): compare.GetDifferences.compareUsingRecursion is PASSED

10-12-2024T12:40:05 - [MESSAGE][INFO] - ignoreNodesList ---------> []

10-12-2024T12:40:05 - [MESSAGE][INFO] - KEY >>> .stats

10-12-2024T12:40:05 - [MESSAGE][INFO] - Value class is class org.json.JSONObject

10-12-2024T12:40:05 - [MESSAGE][INFO] - ignoreNodesList ---------> []

10-12-2024T12:40:05 - [MESSAGE][INFO] - KEY >>> .stats.data

10-12-2024T12:40:05 - [MESSAGE][INFO] - Value class is class org.json.JSONArray

10-12-2024T12:40:05 - [MESSAGE][INFO] - ---------

10-12-2024T12:40:05 - [MESSAGE][INFO] - ---------

10-12-2024T12:40:05 - [MESSAGE][INFO] - KEY >>> .kpis

10-12-2024T12:40:05 - [MESSAGE][INFO] - Value class is class org.json.JSONArray

10-12-2024T12:40:05 - [MESSAGE][INFO] - ---------

10-12-2024T12:40:05 - [MESSAGE][PASSED] - compare.GetDifferences.compareUsingRecursion is PASSED

10-12-2024T12:40:05 - [TEST_STEP][PASSED] - fieldsToBeIgnoredList = ignoreNodesList: null

10-12-2024T12:40:05 - [TEST_STEP][PASSED] - failedList = new java.util.ArrayList(CustomKeywords.compare.GetDifferences.getFailedFieldsList()): compare.GetDifferences.getFailedFieldsList is PASSED

10-12-2024T12:40:05 - [MESSAGE][INFO] - failedFieldsList size -> 0

10-12-2024T12:40:05 - [MESSAGE][PASSED] - compare.GetDifferences.getFailedFieldsList is PASSED

10-12-2024T12:40:05 - [TEST_STEP][PASSED] - missingList = new java.util.ArrayList(CustomKeywords.compare.GetDifferences.getMissingFieldsList()): compare.GetDifferences.getMissingFieldsList is PASSED

10-12-2024T12:40:05 - [MESSAGE][INFO] - missingFieldsList size -> 0

10-12-2024T12:40:05 - [MESSAGE][PASSED] - compare.GetDifferences.getMissingFieldsList is PASSED

10-12-2024T12:40:05 - [TEST_STEP][PASSED] - unexpectedList = new java.util.ArrayList(CustomKeywords.compare.GetDifferences.getUnexpectedFieldsList()): compare.GetDifferences.getUnexpectedFieldsList is PASSED

10-12-2024T12:40:05 - [MESSAGE][INFO] - unexpectedFieldsList size -> 0

10-12-2024T12:40:05 - [MESSAGE][PASSED] - compare.GetDifferences.getUnexpectedFieldsList is PASSED

10-12-2024T12:40:05 - [TEST_STEP][PASSED] - if (failedList.size() > 0): null

10-12-2024T12:40:05 - [TEST_STEP][PASSED] - Start listener action : afterTestCase: Invoke 'com.kms.katalon.core.annotation.AfterTestCase' method: 'TestListener.afterTestCase(...)' completed.

10-12-2024T12:40:05 - [MESSAGE][INFO] - Starting invoke 'com.kms.katalon.core.annotation.AfterTestCase' method: 'TestListener.afterTestCase(...)'

10-12-2024T12:40:05 - [TEST_STEP][PASSED] - logInfo(testCaseContext.getTestCaseId()): Test Cases/Refund Management/refund-applications/refund-applications statistics/FCA-67592_RA_Statistics_are_only_for_IATA

10-12-2024T12:40:05 - [MESSAGE][INFO] - Test Cases/Refund Management/refund-applications/refund-applications statistics/FCA-67592_RA_Statistics_are_only_for_IATA

10-12-2024T12:40:05 - [TEST_STEP][PASSED] - logInfo(testCaseContext.getTestCaseStatus()): PASSED

10-12-2024T12:40:05 - [MESSAGE][INFO] - PASSED

10-12-2024T12:40:05 - [TEST_STEP][PASSED] - responseQA = getTestCaseVariables().get("responseQA"): null

10-12-2024T12:40:05 - [TEST_STEP][PASSED] - responseQAMIG = getTestCaseVariables().get("responseQAMIG"): null

10-12-2024T12:40:05 - [TEST_STEP][PASSED] - sortedQA = getTestCaseVariables().get("sortedRecordsQA"): null

10-12-2024T12:40:05 - [TEST_STEP][PASSED] - sortedQAMIG = getTestCaseVariables().get("sortedRecordsQAMIG"): null

10-12-2024T12:40:05 - [TEST_STEP][PASSED] - reporting.ExtentReporting.logStringData("URL_QA", getTestCaseVariables().get("URL_QA")): reporting.ExtentReporting.logStringData is PASSED

10-12-2024T12:40:05 - [MESSAGE][PASSED] - reporting.ExtentReporting.logStringData is PASSED

10-12-2024T12:40:05 - [TEST_STEP][PASSED] - reporting.ExtentReporting.logStringData("URL_QAMIG", getTestCaseVariables().get("URL_QAMIG")): reporting.ExtentReporting.logStringData is PASSED

10-12-2024T12:40:05 - [MESSAGE][PASSED] - reporting.ExtentReporting.logStringData is PASSED

10-12-2024T12:40:05 - [TEST_STEP][PASSED] - reporting.ExtentReporting.logJSONData("QA Response", responseQA): reporting.ExtentReporting.logJSONData is PASSED

10-12-2024T12:40:05 - [MESSAGE][PASSED] - reporting.ExtentReporting.logJSONData is PASSED

10-12-2024T12:40:05 - [TEST_STEP][PASSED] - reporting.ExtentReporting.logJSONData("QAMIG Response", responseQAMIG): reporting.ExtentReporting.logJSONData is PASSED

10-12-2024T12:40:05 - [MESSAGE][PASSED] - reporting.ExtentReporting.logJSONData is PASSED

10-12-2024T12:40:05 - [TEST_STEP][PASSED] - if (getTestCaseStatus().equals("FAILED")): null

10-12-2024T12:40:05 - [TEST_STEP][PASSED] - else if (getTestCaseStatus().equals("ERROR")): null

10-12-2024T12:40:05 - [TEST_STEP][PASSED] - else: reporting.ExtentReporting.logListData is PASSED

10-12-2024T12:40:05 - [TEST_STEP][PASSED] - flag = getTestCaseVariables().get("flag"): null

10-12-2024T12:40:05 - [TEST_STEP][PASSED] - if (flag.equalsIgnoreCase("N")): null

10-12-2024T12:40:05 - [TEST_STEP][PASSED] - else: reporting.ExtentReporting.logListData is PASSED

10-12-2024T12:40:05 - [TEST_STEP][PASSED] - reporting.ExtentReporting.testStatus("PASS", testCaseContext.getTestCaseId() + " Passed"): reporting.ExtentReporting.testStatus is PASSED

10-12-2024T12:40:05 - [MESSAGE][PASSED] - reporting.ExtentReporting.testStatus is PASSED

10-12-2024T12:40:05 - [TEST_STEP][PASSED] - logInfo(getTestCaseVariables().get("URL_QA")): https://gateway-gateway.apps.qa.okd4.nfe.projects.nonprod.itd.farelogix.com/api/refund-management/refund-applications/statistics?bspId=7378

10-12-2024T12:40:05 - [MESSAGE][INFO] - https://gateway-gateway.apps.qa.okd4.nfe.projects.nonprod.itd.farelogix.com/api/refund-management/refund-applications/statistics?bspId=7378

10-12-2024T12:40:05 - [TEST_STEP][PASSED] - responseQAValue = getTestCaseVariables().get("responseQA"): null

10-12-2024T12:40:05 - [TEST_STEP][PASSED] - logInfo(sortedQA): 

10-12-2024T12:40:05 - [MESSAGE][INFO] - 

10-12-2024T12:40:05 - [TEST_STEP][PASSED] - logInfo(getTestCaseVariables().get("URL_QAMIG")): https://gateway-gateway.apps.qa-mig.okd4.nfe.projects.nonprod.itd.farelogix.com/api/refund-management/refund-applications/statistics?bspId=7378

10-12-2024T12:40:05 - [MESSAGE][INFO] - https://gateway-gateway.apps.qa-mig.okd4.nfe.projects.nonprod.itd.farelogix.com/api/refund-management/refund-applications/statistics?bspId=7378

10-12-2024T12:40:05 - [TEST_STEP][PASSED] - responseQAMIGValue = getTestCaseVariables().get("responseQAMIG"): null

10-12-2024T12:40:05 - [TEST_STEP][PASSED] - logInfo(sortedQAMIG): 

10-12-2024T12:40:05 - [MESSAGE][INFO] - 

10-12-2024T12:40:05 - [TEST_STEP][PASSED] - missingIDsList = getTestCaseVariables().get("missing_IDs"): null

10-12-2024T12:40:05 - [TEST_STEP][PASSED] - missingIDsList.each({ java.lang.Object id -> ... }): null

10-12-2024T12:40:05 - [TEST_STEP][PASSED] - fieldsToBeIgnoredList = getTestCaseVariables().get("fieldsToBeIgnoredList"): null

10-12-2024T12:40:05 - [TEST_STEP][PASSED] - fieldsToBeIgnoredList.each({ java.lang.Object fieldName -> ... }): Field Ignored -> 

10-12-2024T12:40:05 - [MESSAGE][INFO] - Field Ignored -> 

10-12-2024T12:40:05 - [TEST_STEP][PASSED] - if (fieldsToBeIgnoredList.size() > 0): reporting.ExtentReporting.logListData is PASSED

10-12-2024T12:40:05 - [TEST_STEP][PASSED] - reporting.ExtentReporting.logListData("Ignored Nodes ", fieldsToBeIgnoredList): reporting.ExtentReporting.logListData is PASSED

10-12-2024T12:40:05 - [MESSAGE][PASSED] - reporting.ExtentReporting.logListData is PASSED

10-12-2024T12:40:05 - [TEST_STEP][PASSED] - if (extentFlag.equals("y")): Invoke 'com.kms.katalon.core.annotation.AfterTestCase' method: 'TestListener.afterTestCase(...)' completed.

10-12-2024T12:40:05 - [TEST_STEP][PASSED] - reporting.ExtentReporting.endTest(): Invoke 'com.kms.katalon.core.annotation.AfterTestCase' method: 'TestListener.afterTestCase(...)' completed.

10-12-2024T12:40:06 - [MESSAGE][PASSED] - reporting.ExtentReporting.endTest is PASSED

10-12-2024T12:40:06 - [MESSAGE][INFO] - Invoke 'com.kms.katalon.core.annotation.AfterTestCase' method: 'TestListener.afterTestCase(...)' completed.]]></system-out>
         <system-err><![CDATA[]]></system-err>
      </testcase>
      <system-out><![CDATA[10-12-2024T12:39:51 - [TEST_SUITE][PASSED] - refund-applications: Test Cases/Refund Management/refund-applications/refund-applications statistics/FCA-67592_RA_Statistics_are_only_for_IATA]]></system-out>
      <system-err><![CDATA[]]></system-err>
   </testsuite>
</testsuites>
