<?xml version="1.0" encoding="UTF-8"?>
<testsuites name="cardconsents" time="13.883" tests="2" failures="1" errors="0">
   <testsuite name="cardconsents" tests="2" failures="1" errors="0" time="13.883" skipped="0" timestamp="07-11-2024T16:34:44" hostname="Mayuresh.Sonar - CCE1019.accelya.local" id="Test Suites/TIP_Management/cardconsents">
      <properties>
         <property name="deviceName" value=""/>
         <property name="devicePlatform" value=""/>
         <property name="logFolder" value="C:\\Users\\mayuresh.sonar\\KatalonStudio\\DataMigration\\NFE-API-automationK\\Reports\\20241107_163437\\TIP_Management\\cardconsents\\20241107_163437"/>
         <property name="logFiles" value="C:\\Users\\mayuresh.sonar\\KatalonStudio\\DataMigration\\NFE-API-automationK\\Reports\\20241107_163437\\TIP_Management\\cardconsents\\20241107_163437\\execution0.log"/>
         <property name="attachments" value=""/>
         <property name="hostName" value="Mayuresh.Sonar - CCE1019.accelya.local"/>
         <property name="hostAddress" value="192.168.3.245"/>
         <property name="os" value="Windows 11 64bit"/>
         <property name="katalonVersion" value="9.4.4.212"/>
      </properties>
      <testcase name="Test Cases/TIP_Management/card-consents/FCA-15725_GET_TIP_Card_Consent_by_Id" time="11.376" classname="Test Cases/TIP_Management/card-consents/FCA-15725_GET_TIP_Card_Consent_by_Id" status="PASSED">
         <system-out><![CDATA[07-11-2024T16:34:44 - [TEST_CASE][PASSED] - Test Cases/TIP_Management/card-consents/FCA-15725_GET_TIP_Card_Consent_by_Id: Test Cases/TIP_Management/card-consents/FCA-15725_GET_TIP_Card_Consent_by_Id

07-11-2024T16:34:46 - [TEST_STEP][PASSED] - Start listener action : Before: Invoke 'com.kms.katalon.core.annotation.BeforeTestCase' method: 'TestListener.Before(...)' completed.

07-11-2024T16:34:46 - [MESSAGE][INFO] - Starting invoke 'com.kms.katalon.core.annotation.BeforeTestCase' method: 'TestListener.Before(...)'

07-11-2024T16:34:46 - [TEST_STEP][PASSED] - tc_description = testCaseContext.getMessage(): null

07-11-2024T16:34:46 - [TEST_STEP][PASSED] - tcName = testCaseId: null

07-11-2024T16:34:46 - [TEST_STEP][PASSED] - println(tcName): null

07-11-2024T16:34:46 - [TEST_STEP][PASSED] - reporting.ExtentReporting.startTest(reportPath, testSuiteName, tcName, tc_description, author, "Extent Test", reportFile): Invoke 'com.kms.katalon.core.annotation.BeforeTestCase' method: 'TestListener.Before(...)' completed.

07-11-2024T16:34:47 - [MESSAGE][INFO] - Checking test data id

07-11-2024T16:34:47 - [MESSAGE][INFO] - Finding test data with id 'Data Files/Common/Users'

07-11-2024T16:34:47 - [MESSAGE][INFO] - Test data is excel file, reading excel file

07-11-2024T16:34:47 - [MESSAGE][INFO] - Reading excel file with source file 'C:\Users\mayuresh.sonar\KatalonStudio\DataMigration\NFE-API-automationK\Data Files\TestData.xlsx' and sheet name 'users'

07-11-2024T16:34:47 - [MESSAGE][INFO] - Checking test data id

07-11-2024T16:34:47 - [MESSAGE][INFO] - Finding test data with id 'Data Files/Common/Users'

07-11-2024T16:34:47 - [MESSAGE][INFO] - Test data is excel file, reading excel file

07-11-2024T16:34:47 - [MESSAGE][INFO] - Reading excel file with source file 'C:\Users\mayuresh.sonar\KatalonStudio\DataMigration\NFE-API-automationK\Data Files\TestData.xlsx' and sheet name 'users'

07-11-2024T16:34:47 - [MESSAGE][INFO] - Checking test data id

07-11-2024T16:34:47 - [MESSAGE][INFO] - Finding test data with id 'Data Files/Common/Users'

07-11-2024T16:34:47 - [MESSAGE][INFO] - Test data is excel file, reading excel file

07-11-2024T16:34:47 - [MESSAGE][INFO] - Reading excel file with source file 'C:\Users\mayuresh.sonar\KatalonStudio\DataMigration\NFE-API-automationK\Data Files\TestData.xlsx' and sheet name 'users'

07-11-2024T16:34:47 - [MESSAGE][INFO] - Checking test data id

07-11-2024T16:34:47 - [MESSAGE][INFO] - Finding test data with id 'Data Files/Common/Users'

07-11-2024T16:34:47 - [MESSAGE][INFO] - Test data is excel file, reading excel file

07-11-2024T16:34:47 - [MESSAGE][INFO] - Reading excel file with source file 'C:\Users\mayuresh.sonar\KatalonStudio\DataMigration\NFE-API-automationK\Data Files\TestData.xlsx' and sheet name 'users'

07-11-2024T16:34:47 - [MESSAGE][INFO] - Checking test data id

07-11-2024T16:34:47 - [MESSAGE][INFO] - Finding test data with id 'Data Files/Common/Users'

07-11-2024T16:34:47 - [MESSAGE][INFO] - Test data is excel file, reading excel file

07-11-2024T16:34:47 - [MESSAGE][INFO] - Reading excel file with source file 'C:\Users\mayuresh.sonar\KatalonStudio\DataMigration\NFE-API-automationK\Data Files\TestData.xlsx' and sheet name 'users'

07-11-2024T16:34:47 - [MESSAGE][INFO] - Checking test data id

07-11-2024T16:34:47 - [MESSAGE][INFO] - Finding test data with id 'Data Files/Common/Users'

07-11-2024T16:34:47 - [MESSAGE][INFO] - Test data is excel file, reading excel file

07-11-2024T16:34:47 - [MESSAGE][INFO] - Reading excel file with source file 'C:\Users\mayuresh.sonar\KatalonStudio\DataMigration\NFE-API-automationK\Data Files\TestData.xlsx' and sheet name 'users'

07-11-2024T16:34:47 - [MESSAGE][INFO] - Checking test data id

07-11-2024T16:34:47 - [MESSAGE][INFO] - Finding test data with id 'Data Files/Common/Users'

07-11-2024T16:34:47 - [MESSAGE][INFO] - Test data is excel file, reading excel file

07-11-2024T16:34:47 - [MESSAGE][INFO] - Reading excel file with source file 'C:\Users\mayuresh.sonar\KatalonStudio\DataMigration\NFE-API-automationK\Data Files\TestData.xlsx' and sheet name 'users'

07-11-2024T16:34:47 - [MESSAGE][INFO] - Checking test data id

07-11-2024T16:34:47 - [MESSAGE][INFO] - Finding test data with id 'Data Files/Common/Users'

07-11-2024T16:34:47 - [MESSAGE][INFO] - Test data is excel file, reading excel file

07-11-2024T16:34:47 - [MESSAGE][INFO] - Reading excel file with source file 'C:\Users\mayuresh.sonar\KatalonStudio\DataMigration\NFE-API-automationK\Data Files\TestData.xlsx' and sheet name 'users'

07-11-2024T16:34:47 - [MESSAGE][INFO] - Checking test data id

07-11-2024T16:34:47 - [MESSAGE][INFO] - Finding test data with id 'Data Files/Common/Users'

07-11-2024T16:34:47 - [MESSAGE][INFO] - Test data is excel file, reading excel file

07-11-2024T16:34:47 - [MESSAGE][INFO] - Reading excel file with source file 'C:\Users\mayuresh.sonar\KatalonStudio\DataMigration\NFE-API-automationK\Data Files\TestData.xlsx' and sheet name 'users'

07-11-2024T16:34:47 - [MESSAGE][INFO] - Checking test data id

07-11-2024T16:34:47 - [MESSAGE][INFO] - Finding test data with id 'Data Files/Common/Users'

07-11-2024T16:34:47 - [MESSAGE][INFO] - Test data is excel file, reading excel file

07-11-2024T16:34:47 - [MESSAGE][INFO] - Reading excel file with source file 'C:\Users\mayuresh.sonar\KatalonStudio\DataMigration\NFE-API-automationK\Data Files\TestData.xlsx' and sheet name 'users'

07-11-2024T16:34:47 - [MESSAGE][INFO] - Checking test data id

07-11-2024T16:34:47 - [MESSAGE][INFO] - Finding test data with id 'Data Files/Common/Users'

07-11-2024T16:34:47 - [MESSAGE][INFO] - Test data is excel file, reading excel file

07-11-2024T16:34:47 - [MESSAGE][INFO] - Reading excel file with source file 'C:\Users\mayuresh.sonar\KatalonStudio\DataMigration\NFE-API-automationK\Data Files\TestData.xlsx' and sheet name 'users'

07-11-2024T16:34:47 - [MESSAGE][INFO] - Checking test data id

07-11-2024T16:34:47 - [MESSAGE][INFO] - Finding test data with id 'Data Files/Common/Users'

07-11-2024T16:34:47 - [MESSAGE][INFO] - Test data is excel file, reading excel file

07-11-2024T16:34:47 - [MESSAGE][INFO] - Reading excel file with source file 'C:\Users\mayuresh.sonar\KatalonStudio\DataMigration\NFE-API-automationK\Data Files\TestData.xlsx' and sheet name 'users'

07-11-2024T16:34:47 - [MESSAGE][INFO] - Checking test data id

07-11-2024T16:34:47 - [MESSAGE][INFO] - Finding test data with id 'Data Files/Common/Users'

07-11-2024T16:34:47 - [MESSAGE][INFO] - Test data is excel file, reading excel file

07-11-2024T16:34:47 - [MESSAGE][INFO] - Reading excel file with source file 'C:\Users\mayuresh.sonar\KatalonStudio\DataMigration\NFE-API-automationK\Data Files\TestData.xlsx' and sheet name 'users'

07-11-2024T16:34:47 - [MESSAGE][INFO] - Checking test data id

07-11-2024T16:34:47 - [MESSAGE][INFO] - Finding test data with id 'Data Files/Common/Users'

07-11-2024T16:34:47 - [MESSAGE][INFO] - Test data is excel file, reading excel file

07-11-2024T16:34:47 - [MESSAGE][INFO] - Reading excel file with source file 'C:\Users\mayuresh.sonar\KatalonStudio\DataMigration\NFE-API-automationK\Data Files\TestData.xlsx' and sheet name 'users'

07-11-2024T16:34:47 - [MESSAGE][INFO] - Checking test data id

07-11-2024T16:34:47 - [MESSAGE][INFO] - Finding test data with id 'Data Files/Common/Users'

07-11-2024T16:34:47 - [MESSAGE][INFO] - Test data is excel file, reading excel file

07-11-2024T16:34:47 - [MESSAGE][INFO] - Reading excel file with source file 'C:\Users\mayuresh.sonar\KatalonStudio\DataMigration\NFE-API-automationK\Data Files\TestData.xlsx' and sheet name 'users'

07-11-2024T16:34:47 - [MESSAGE][INFO] - Checking test data id

07-11-2024T16:34:47 - [MESSAGE][INFO] - Finding test data with id 'Data Files/Common/Users'

07-11-2024T16:34:47 - [MESSAGE][INFO] - Test data is excel file, reading excel file

07-11-2024T16:34:47 - [MESSAGE][INFO] - Reading excel file with source file 'C:\Users\mayuresh.sonar\KatalonStudio\DataMigration\NFE-API-automationK\Data Files\TestData.xlsx' and sheet name 'users'

07-11-2024T16:34:47 - [MESSAGE][INFO] - Checking test data id

07-11-2024T16:34:47 - [MESSAGE][INFO] - Finding test data with id 'Data Files/Common/Users'

07-11-2024T16:34:47 - [MESSAGE][INFO] - Test data is excel file, reading excel file

07-11-2024T16:34:47 - [MESSAGE][INFO] - Reading excel file with source file 'C:\Users\mayuresh.sonar\KatalonStudio\DataMigration\NFE-API-automationK\Data Files\TestData.xlsx' and sheet name 'users'

07-11-2024T16:34:47 - [MESSAGE][INFO] - Checking test data id

07-11-2024T16:34:47 - [MESSAGE][INFO] - Finding test data with id 'Data Files/Common/Users'

07-11-2024T16:34:47 - [MESSAGE][INFO] - Test data is excel file, reading excel file

07-11-2024T16:34:47 - [MESSAGE][INFO] - Reading excel file with source file 'C:\Users\mayuresh.sonar\KatalonStudio\DataMigration\NFE-API-automationK\Data Files\TestData.xlsx' and sheet name 'users'

07-11-2024T16:34:47 - [MESSAGE][INFO] - Checking test data id

07-11-2024T16:34:47 - [MESSAGE][INFO] - Finding test data with id 'Data Files/Common/Users'

07-11-2024T16:34:47 - [MESSAGE][INFO] - Test data is excel file, reading excel file

07-11-2024T16:34:47 - [MESSAGE][INFO] - Reading excel file with source file 'C:\Users\mayuresh.sonar\KatalonStudio\DataMigration\NFE-API-automationK\Data Files\TestData.xlsx' and sheet name 'users'

07-11-2024T16:34:48 - [MESSAGE][INFO] - Checking test data id

07-11-2024T16:34:48 - [MESSAGE][INFO] - Finding test data with id 'Data Files/Common/Users'

07-11-2024T16:34:48 - [MESSAGE][INFO] - Test data is excel file, reading excel file

07-11-2024T16:34:48 - [MESSAGE][INFO] - Reading excel file with source file 'C:\Users\mayuresh.sonar\KatalonStudio\DataMigration\NFE-API-automationK\Data Files\TestData.xlsx' and sheet name 'users'

07-11-2024T16:34:48 - [MESSAGE][INFO] - Checking test data id

07-11-2024T16:34:48 - [MESSAGE][INFO] - Finding test data with id 'Data Files/Common/Users'

07-11-2024T16:34:48 - [MESSAGE][INFO] - Test data is excel file, reading excel file

07-11-2024T16:34:48 - [MESSAGE][INFO] - Reading excel file with source file 'C:\Users\mayuresh.sonar\KatalonStudio\DataMigration\NFE-API-automationK\Data Files\TestData.xlsx' and sheet name 'users'

07-11-2024T16:34:48 - [MESSAGE][INFO] - Checking test data id

07-11-2024T16:34:48 - [MESSAGE][INFO] - Finding test data with id 'Data Files/Common/Users'

07-11-2024T16:34:48 - [MESSAGE][INFO] - Test data is excel file, reading excel file

07-11-2024T16:34:48 - [MESSAGE][INFO] - Reading excel file with source file 'C:\Users\mayuresh.sonar\KatalonStudio\DataMigration\NFE-API-automationK\Data Files\TestData.xlsx' and sheet name 'users'

07-11-2024T16:34:48 - [MESSAGE][INFO] - Checking test data id

07-11-2024T16:34:48 - [MESSAGE][INFO] - Finding test data with id 'Data Files/Common/Users'

07-11-2024T16:34:48 - [MESSAGE][INFO] - Test data is excel file, reading excel file

07-11-2024T16:34:48 - [MESSAGE][INFO] - Reading excel file with source file 'C:\Users\mayuresh.sonar\KatalonStudio\DataMigration\NFE-API-automationK\Data Files\TestData.xlsx' and sheet name 'users'

07-11-2024T16:34:48 - [MESSAGE][INFO] - Checking test data id

07-11-2024T16:34:48 - [MESSAGE][INFO] - Finding test data with id 'Data Files/Common/Users'

07-11-2024T16:34:48 - [MESSAGE][INFO] - Test data is excel file, reading excel file

07-11-2024T16:34:48 - [MESSAGE][INFO] - Reading excel file with source file 'C:\Users\mayuresh.sonar\KatalonStudio\DataMigration\NFE-API-automationK\Data Files\TestData.xlsx' and sheet name 'users'

07-11-2024T16:34:48 - [MESSAGE][INFO] - Checking test data id

07-11-2024T16:34:48 - [MESSAGE][INFO] - Finding test data with id 'Data Files/Common/Users'

07-11-2024T16:34:48 - [MESSAGE][INFO] - Test data is excel file, reading excel file

07-11-2024T16:34:48 - [MESSAGE][INFO] - Reading excel file with source file 'C:\Users\mayuresh.sonar\KatalonStudio\DataMigration\NFE-API-automationK\Data Files\TestData.xlsx' and sheet name 'users'

07-11-2024T16:34:48 - [MESSAGE][INFO] - Checking test data id

07-11-2024T16:34:48 - [MESSAGE][INFO] - Finding test data with id 'Data Files/Common/Users'

07-11-2024T16:34:48 - [MESSAGE][INFO] - Test data is excel file, reading excel file

07-11-2024T16:34:48 - [MESSAGE][INFO] - Reading excel file with source file 'C:\Users\mayuresh.sonar\KatalonStudio\DataMigration\NFE-API-automationK\Data Files\TestData.xlsx' and sheet name 'users'

07-11-2024T16:34:48 - [MESSAGE][INFO] - Checking test data id

07-11-2024T16:34:48 - [MESSAGE][INFO] - Finding test data with id 'Data Files/Common/Users'

07-11-2024T16:34:48 - [MESSAGE][INFO] - Test data is excel file, reading excel file

07-11-2024T16:34:48 - [MESSAGE][INFO] - Reading excel file with source file 'C:\Users\mayuresh.sonar\KatalonStudio\DataMigration\NFE-API-automationK\Data Files\TestData.xlsx' and sheet name 'users'

07-11-2024T16:34:48 - [MESSAGE][INFO] - Checking test data id

07-11-2024T16:34:48 - [MESSAGE][INFO] - Finding test data with id 'Data Files/Common/Users'

07-11-2024T16:34:48 - [MESSAGE][INFO] - Test data is excel file, reading excel file

07-11-2024T16:34:48 - [MESSAGE][INFO] - Reading excel file with source file 'C:\Users\mayuresh.sonar\KatalonStudio\DataMigration\NFE-API-automationK\Data Files\TestData.xlsx' and sheet name 'users'

07-11-2024T16:34:48 - [MESSAGE][INFO] - Checking test data id

07-11-2024T16:34:48 - [MESSAGE][INFO] - Finding test data with id 'Data Files/Common/Users'

07-11-2024T16:34:48 - [MESSAGE][INFO] - Test data is excel file, reading excel file

07-11-2024T16:34:48 - [MESSAGE][INFO] - Reading excel file with source file 'C:\Users\mayuresh.sonar\KatalonStudio\DataMigration\NFE-API-automationK\Data Files\TestData.xlsx' and sheet name 'users'

07-11-2024T16:34:48 - [MESSAGE][INFO] - Checking test data id

07-11-2024T16:34:48 - [MESSAGE][INFO] - Finding test data with id 'Data Files/Common/Users'

07-11-2024T16:34:48 - [MESSAGE][INFO] - Test data is excel file, reading excel file

07-11-2024T16:34:48 - [MESSAGE][INFO] - Reading excel file with source file 'C:\Users\mayuresh.sonar\KatalonStudio\DataMigration\NFE-API-automationK\Data Files\TestData.xlsx' and sheet name 'users'

07-11-2024T16:34:49 - [MESSAGE][PASSED] - reporting.ExtentReporting.startTest is PASSED

07-11-2024T16:34:49 - [MESSAGE][INFO] - Invoke 'com.kms.katalon.core.annotation.BeforeTestCase' method: 'TestListener.Before(...)' completed.

07-11-2024T16:34:50 - [TEST_STEP][PASSED] - if (flag == "Y"): null

07-11-2024T16:34:50 - [TEST_STEP][PASSED] - path = endPoint: null

07-11-2024T16:34:50 - [TEST_STEP][PASSED] - URL_QA = baseURL_QA + "/" + basePathAPI + "/" + path: null

07-11-2024T16:34:50 - [TEST_STEP][PASSED] - queryResponseQA = sendRequest(findTestObject("CommonRequest/GET_Method_QA", ["token":airlineQA_191_67724465, "endPoint":path])): Send request successfully

07-11-2024T16:34:50 - [MESSAGE][INFO] - Finding Test Object 'Object Repository/CommonRequest/GET_Method_QA'

07-11-2024T16:34:51 - [MESSAGE][INFO] - Checking request object

07-11-2024T16:34:53 - [MESSAGE][INFO] - HAR: C:\Users\mayuresh.sonar\KatalonStudio\DataMigration\NFE-API-automationK\Reports\20241107_163437\TIP_Management\cardconsents\20241107_163437\requests\main\0.har

07-11-2024T16:34:53 - [MESSAGE][PASSED] - Send request successfully

07-11-2024T16:34:53 - [TEST_STEP][PASSED] - verifyResponseStatusCode(queryResponseQA, 200): Verify response status code successfully

07-11-2024T16:34:53 - [MESSAGE][INFO] - Checking response object

07-11-2024T16:34:53 - [MESSAGE][PASSED] - Verify response status code successfully

07-11-2024T16:34:53 - [TEST_STEP][PASSED] - responseQA = queryResponseQA.getResponseBodyContent(): null

07-11-2024T16:34:53 - [TEST_STEP][PASSED] - URL_QAMIG = baseURL_QA_MIG + "/" + basePathAPI + "/" + path: null

07-11-2024T16:34:53 - [TEST_STEP][PASSED] - queryResponseQAMIG = sendRequest(findTestObject("CommonRequest/GET_Method_QA_MIG", ["token":airlineQAMIG_191_67724465, "endPoint":path])): Send request successfully

07-11-2024T16:34:53 - [MESSAGE][INFO] - Finding Test Object 'Object Repository/CommonRequest/GET_Method_QA_MIG'

07-11-2024T16:34:53 - [MESSAGE][INFO] - Checking request object

07-11-2024T16:34:54 - [MESSAGE][INFO] - HAR: C:\Users\mayuresh.sonar\KatalonStudio\DataMigration\NFE-API-automationK\Reports\20241107_163437\TIP_Management\cardconsents\20241107_163437\requests\main\1.har

07-11-2024T16:34:54 - [MESSAGE][PASSED] - Send request successfully

07-11-2024T16:34:54 - [TEST_STEP][PASSED] - verifyResponseStatusCode(queryResponseQAMIG, 200): Verify response status code successfully

07-11-2024T16:34:54 - [MESSAGE][INFO] - Checking response object

07-11-2024T16:34:54 - [MESSAGE][PASSED] - Verify response status code successfully

07-11-2024T16:34:54 - [TEST_STEP][PASSED] - responseQAMIG = queryResponseQAMIG.getResponseBodyContent(): null

07-11-2024T16:34:54 - [TEST_STEP][PASSED] - ignoreNodesList = Arrays.asList(ignoreNodes.split(",")): null

07-11-2024T16:34:54 - [TEST_STEP][PASSED] - jsonSlurper = new groovy.json.JsonSlurper(): null

07-11-2024T16:34:54 - [TEST_STEP][PASSED] - responseQAObject = jsonSlurper.parseText(responseQA): null

07-11-2024T16:34:54 - [TEST_STEP][PASSED] - jsonObjectQA = responseQAObject: null

07-11-2024T16:34:54 - [TEST_STEP][PASSED] - responseQAMIGObject = jsonSlurper.parseText(responseQAMIG): null

07-11-2024T16:34:55 - [TEST_STEP][PASSED] - jsonObjectQAMIG = responseQAMIGObject: null

07-11-2024T16:34:55 - [TEST_STEP][PASSED] - comparator = compare.CompareJsonResponse.getComparator(ignoreNodes): compare.CompareJsonResponse.getComparator is PASSED

07-11-2024T16:34:55 - [MESSAGE][PASSED] - compare.CompareJsonResponse.getComparator is PASSED

07-11-2024T16:34:55 - [TEST_STEP][PASSED] - compare.GetDifferences.clearSetValues(): compare.GetDifferences.clearSetValues is PASSED

07-11-2024T16:34:55 - [MESSAGE][PASSED] - compare.GetDifferences.clearSetValues is PASSED

07-11-2024T16:34:55 - [TEST_STEP][PASSED] - if (jsonObjectQA.has("records") || jsonObjectQAMIG.has("records")): null

07-11-2024T16:34:55 - [TEST_STEP][PASSED] - else: compare.GetDifferences.setDifferencesFromResult is PASSED

07-11-2024T16:34:55 - [TEST_STEP][PASSED] - ignoreNodesList.each({ java.lang.Object node -> ... }): compare.CompareJsonResponse.removeNode is PASSED

07-11-2024T16:34:55 - [MESSAGE][PASSED] - compare.CompareJsonResponse.removeNode is PASSED

07-11-2024T16:34:55 - [MESSAGE][PASSED] - compare.CompareJsonResponse.removeNode is PASSED

07-11-2024T16:34:55 - [TEST_STEP][PASSED] - compareJSON = JSONCompare.compareJSON(jsonObjectQA, jsonObjectQAMIG, comparator): null

07-11-2024T16:34:55 - [TEST_STEP][PASSED] - compare.GetDifferences.setDifferencesFromResult(compareJSON): compare.GetDifferences.setDifferencesFromResult is PASSED

07-11-2024T16:34:55 - [MESSAGE][INFO] - failedFieldsList -> []

07-11-2024T16:34:55 - [MESSAGE][PASSED] - compare.GetDifferences.setDifferencesFromResult is PASSED

07-11-2024T16:34:55 - [TEST_STEP][PASSED] - fieldsToBeIgnoredList = ignoreNodesList: null

07-11-2024T16:34:55 - [TEST_STEP][PASSED] - failedList = new java.util.ArrayList(CustomKeywords.compare.GetDifferences.getFailedFieldsList()): compare.GetDifferences.getFailedFieldsList is PASSED

07-11-2024T16:34:55 - [MESSAGE][INFO] - failedFieldsList size -> 0

07-11-2024T16:34:55 - [MESSAGE][PASSED] - compare.GetDifferences.getFailedFieldsList is PASSED

07-11-2024T16:34:55 - [TEST_STEP][PASSED] - missingList = new java.util.ArrayList(CustomKeywords.compare.GetDifferences.getMissingFieldsList()): compare.GetDifferences.getMissingFieldsList is PASSED

07-11-2024T16:34:55 - [MESSAGE][INFO] - missingFieldsList size -> 0

07-11-2024T16:34:55 - [MESSAGE][PASSED] - compare.GetDifferences.getMissingFieldsList is PASSED

07-11-2024T16:34:55 - [TEST_STEP][PASSED] - unexpectedList = new java.util.ArrayList(CustomKeywords.compare.GetDifferences.getUnexpectedFieldsList()): compare.GetDifferences.getUnexpectedFieldsList is PASSED

07-11-2024T16:34:55 - [MESSAGE][INFO] - unexpectedFieldsList size -> 1

07-11-2024T16:34:55 - [MESSAGE][PASSED] - compare.GetDifferences.getUnexpectedFieldsList is PASSED

07-11-2024T16:34:55 - [TEST_STEP][PASSED] - if (failedList.size() > 0): null

07-11-2024T16:34:55 - [TEST_STEP][PASSED] - Start listener action : afterTestCase: Invoke 'com.kms.katalon.core.annotation.AfterTestCase' method: 'TestListener.afterTestCase(...)' completed.

07-11-2024T16:34:55 - [MESSAGE][INFO] - Starting invoke 'com.kms.katalon.core.annotation.AfterTestCase' method: 'TestListener.afterTestCase(...)'

07-11-2024T16:34:55 - [TEST_STEP][PASSED] - logInfo(testCaseContext.getTestCaseId()): Test Cases/TIP_Management/card-consents/FCA-15725_GET_TIP_Card_Consent_by_Id

07-11-2024T16:34:55 - [MESSAGE][INFO] - Test Cases/TIP_Management/card-consents/FCA-15725_GET_TIP_Card_Consent_by_Id

07-11-2024T16:34:55 - [TEST_STEP][PASSED] - logInfo(testCaseContext.getTestCaseStatus()): PASSED

07-11-2024T16:34:55 - [MESSAGE][INFO] - PASSED

07-11-2024T16:34:55 - [TEST_STEP][PASSED] - responseQA = getTestCaseVariables().get("responseQA"): null

07-11-2024T16:34:55 - [TEST_STEP][PASSED] - responseQAMIG = getTestCaseVariables().get("responseQAMIG"): null

07-11-2024T16:34:55 - [TEST_STEP][PASSED] - sortedQA = getTestCaseVariables().get("sortedRecordsQA"): null

07-11-2024T16:34:55 - [TEST_STEP][PASSED] - sortedQAMIG = getTestCaseVariables().get("sortedRecordsQAMIG"): null

07-11-2024T16:34:55 - [TEST_STEP][PASSED] - reporting.ExtentReporting.logStringData("URL_QA", getTestCaseVariables().get("URL_QA")): reporting.ExtentReporting.logStringData is PASSED

07-11-2024T16:34:55 - [MESSAGE][PASSED] - reporting.ExtentReporting.logStringData is PASSED

07-11-2024T16:34:55 - [TEST_STEP][PASSED] - reporting.ExtentReporting.logStringData("URL_QAMIG", getTestCaseVariables().get("URL_QAMIG")): reporting.ExtentReporting.logStringData is PASSED

07-11-2024T16:34:55 - [MESSAGE][PASSED] - reporting.ExtentReporting.logStringData is PASSED

07-11-2024T16:34:55 - [TEST_STEP][PASSED] - reporting.ExtentReporting.logJSONData("QA Response", responseQA): reporting.ExtentReporting.logJSONData is PASSED

07-11-2024T16:34:55 - [MESSAGE][PASSED] - reporting.ExtentReporting.logJSONData is PASSED

07-11-2024T16:34:55 - [TEST_STEP][PASSED] - reporting.ExtentReporting.logJSONData("QAMIG Response", responseQAMIG): reporting.ExtentReporting.logJSONData is PASSED

07-11-2024T16:34:55 - [MESSAGE][PASSED] - reporting.ExtentReporting.logJSONData is PASSED

07-11-2024T16:34:55 - [TEST_STEP][PASSED] - if (getTestCaseStatus().equals("FAILED")): null

07-11-2024T16:34:55 - [TEST_STEP][PASSED] - else if (getTestCaseStatus().equals("ERROR")): null

07-11-2024T16:34:55 - [TEST_STEP][PASSED] - else: reporting.ExtentReporting.logListData is PASSED

07-11-2024T16:34:55 - [TEST_STEP][PASSED] - flag = getTestCaseVariables().get("flag"): null

07-11-2024T16:34:55 - [TEST_STEP][PASSED] - if (flag.equalsIgnoreCase("N")): null

07-11-2024T16:34:55 - [TEST_STEP][PASSED] - else: reporting.ExtentReporting.logListData is PASSED

07-11-2024T16:34:55 - [TEST_STEP][PASSED] - reporting.ExtentReporting.testStatus("PASS", testCaseContext.getTestCaseId() + " Passed"): reporting.ExtentReporting.testStatus is PASSED

07-11-2024T16:34:55 - [MESSAGE][PASSED] - reporting.ExtentReporting.testStatus is PASSED

07-11-2024T16:34:55 - [TEST_STEP][PASSED] - logInfo(getTestCaseVariables().get("URL_QA")): https://gateway-gateway.apps.qa.okd4.nfe.projects.nonprod.itd.farelogix.com/api/tip-management/card-consents/677200000002503

07-11-2024T16:34:55 - [MESSAGE][INFO] - https://gateway-gateway.apps.qa.okd4.nfe.projects.nonprod.itd.farelogix.com/api/tip-management/card-consents/677200000002503

07-11-2024T16:34:55 - [TEST_STEP][PASSED] - responseQAValue = getTestCaseVariables().get("responseQA"): null

07-11-2024T16:34:55 - [TEST_STEP][PASSED] - logInfo(sortedQA): 

07-11-2024T16:34:55 - [MESSAGE][INFO] - 

07-11-2024T16:34:55 - [TEST_STEP][PASSED] - logInfo(getTestCaseVariables().get("URL_QAMIG")): https://gateway-gateway.apps.qa-mig.okd4.nfe.projects.nonprod.itd.farelogix.com/api/tip-management/card-consents/677200000002503

07-11-2024T16:34:55 - [MESSAGE][INFO] - https://gateway-gateway.apps.qa-mig.okd4.nfe.projects.nonprod.itd.farelogix.com/api/tip-management/card-consents/677200000002503

07-11-2024T16:34:55 - [TEST_STEP][PASSED] - responseQAMIGValue = getTestCaseVariables().get("responseQAMIG"): null

07-11-2024T16:34:55 - [TEST_STEP][PASSED] - logInfo(sortedQAMIG): 

07-11-2024T16:34:55 - [MESSAGE][INFO] - 

07-11-2024T16:34:55 - [TEST_STEP][PASSED] - missingIDsList = getTestCaseVariables().get("missing_IDs"): null

07-11-2024T16:34:55 - [TEST_STEP][PASSED] - missingIDsList.each({ java.lang.Object id -> ... }): null

07-11-2024T16:34:55 - [TEST_STEP][PASSED] - fieldsToBeIgnoredList = getTestCaseVariables().get("fieldsToBeIgnoredList"): null

07-11-2024T16:34:55 - [TEST_STEP][PASSED] - fieldsToBeIgnoredList.each({ java.lang.Object fieldName -> ... }): Field Ignored -> cardNumber

07-11-2024T16:34:55 - [MESSAGE][INFO] - Field Ignored -> cardNumber

07-11-2024T16:34:55 - [TEST_STEP][PASSED] - if (fieldsToBeIgnoredList.size() > 0): reporting.ExtentReporting.logListData is PASSED

07-11-2024T16:34:55 - [TEST_STEP][PASSED] - reporting.ExtentReporting.logListData("Ignored Nodes ", fieldsToBeIgnoredList): reporting.ExtentReporting.logListData is PASSED

07-11-2024T16:34:55 - [MESSAGE][PASSED] - reporting.ExtentReporting.logListData is PASSED

07-11-2024T16:34:55 - [TEST_STEP][PASSED] - if (extentFlag.equals("y")): Invoke 'com.kms.katalon.core.annotation.AfterTestCase' method: 'TestListener.afterTestCase(...)' completed.

07-11-2024T16:34:55 - [TEST_STEP][PASSED] - reporting.ExtentReporting.endTest(): Invoke 'com.kms.katalon.core.annotation.AfterTestCase' method: 'TestListener.afterTestCase(...)' completed.

07-11-2024T16:34:56 - [MESSAGE][PASSED] - reporting.ExtentReporting.endTest is PASSED

07-11-2024T16:34:56 - [MESSAGE][INFO] - Invoke 'com.kms.katalon.core.annotation.AfterTestCase' method: 'TestListener.afterTestCase(...)' completed.]]></system-out>
         <system-err><![CDATA[]]></system-err>
      </testcase>
      <testcase name="Test Cases/TIP_Management/card-consents/FCA_15723_GET_TIP_Card_Consents" time="1.95" classname="Test Cases/TIP_Management/card-consents/FCA_15723_GET_TIP_Card_Consents" status="FAILED">
         <failure type="FAILED" message="Test Cases/TIP_Management/card-consents/FCA_15723_GET_TIP_Card_Consents FAILED.&#xa;Reason:&#xa;com.kms.katalon.core.exception.StepFailedException: There are 45 RECORDS in QA and 12 RECORDS in QAMIG&#xa;	at com.kms.katalon.core.util.KeywordUtil.markFailed(KeywordUtil.java:19)&#xa;	at Script1728289361032$_run_closure1.doCall(Script1728289361032.groovy:120)&#xa;	at java.base/jdk.internal.reflect.NativeMethodAccessorImpl.invoke0(Native Method)&#xa;	at java.base/jdk.internal.reflect.NativeMethodAccessorImpl.invoke(NativeMethodAccessorImpl.java:77)&#xa;	at java.base/jdk.internal.reflect.DelegatingMethodAccessorImpl.invoke(DelegatingMethodAccessorImpl.java:43)&#xa;	at FCA-15725_GET_TIP_Card_Consent_by_Id.run(FCA-15725_GET_TIP_Card_Consent_by_Id:92)&#xa;	at com.kms.katalon.core.main.ScriptEngine.run(ScriptEngine.java:194)&#xa;	at com.kms.katalon.core.main.ScriptEngine.runScriptAsRawText(ScriptEngine.java:119)&#xa;	at com.kms.katalon.core.main.TestCaseExecutor.runScript(TestCaseExecutor.java:448)&#xa;	at com.kms.katalon.core.main.TestCaseExecutor.doExecute(TestCaseExecutor.java:439)&#xa;	at com.kms.katalon.core.main.TestCaseExecutor.processExecutionPhase(TestCaseExecutor.java:418)&#xa;	at com.kms.katalon.core.main.TestCaseExecutor.accessMainPhase(TestCaseExecutor.java:410)&#xa;	at com.kms.katalon.core.main.TestCaseExecutor.execute(TestCaseExecutor.java:285)&#xa;	at com.kms.katalon.core.common.CommonExecutor.accessTestCaseMainPhase(CommonExecutor.java:65)&#xa;	at com.kms.katalon.core.main.TestSuiteExecutor.accessTestSuiteMainPhase(TestSuiteExecutor.java:150)&#xa;	at com.kms.katalon.core.main.TestSuiteExecutor.execute(TestSuiteExecutor.java:106)&#xa;	at com.kms.katalon.core.main.TestCaseMain.startTestSuite(TestCaseMain.java:180)&#xa;	at TempTestSuite1730977477728.run(TempTestSuite1730977477728.groovy:35)&#xa;	at java.base/jdk.internal.reflect.NativeMethodAccessorImpl.invoke0(Native Method)&#xa;	at java.base/jdk.internal.reflect.NativeMethodAccessorImpl.invoke(NativeMethodAccessorImpl.java:77)&#xa;	at java.base/jdk.internal.reflect.DelegatingMethodAccessorImpl.invoke(DelegatingMethodAccessorImpl.java:43)&#xa;"/>
         <system-out><![CDATA[07-11-2024T16:34:56 - [TEST_CASE][FAILED] - Test Cases/TIP_Management/card-consents/FCA_15723_GET_TIP_Card_Consents: Test Cases/TIP_Management/card-consents/FCA_15723_GET_TIP_Card_Consents FAILED.
Reason:
com.kms.katalon.core.exception.StepFailedException: There are 45 RECORDS in QA and 12 RECORDS in QAMIG
	at com.kms.katalon.core.util.KeywordUtil.markFailed(KeywordUtil.java:19)
	at Script1728289361032$_run_closure1.doCall(Script1728289361032.groovy:120)
	at java.base/jdk.internal.reflect.NativeMethodAccessorImpl.invoke0(Native Method)
	at java.base/jdk.internal.reflect.NativeMethodAccessorImpl.invoke(NativeMethodAccessorImpl.java:77)
	at java.base/jdk.internal.reflect.DelegatingMethodAccessorImpl.invoke(DelegatingMethodAccessorImpl.java:43)
	at FCA-15725_GET_TIP_Card_Consent_by_Id.run(FCA-15725_GET_TIP_Card_Consent_by_Id:92)
	at com.kms.katalon.core.main.ScriptEngine.run(ScriptEngine.java:194)
	at com.kms.katalon.core.main.ScriptEngine.runScriptAsRawText(ScriptEngine.java:119)
	at com.kms.katalon.core.main.TestCaseExecutor.runScript(TestCaseExecutor.java:448)
	at com.kms.katalon.core.main.TestCaseExecutor.doExecute(TestCaseExecutor.java:439)
	at com.kms.katalon.core.main.TestCaseExecutor.processExecutionPhase(TestCaseExecutor.java:418)
	at com.kms.katalon.core.main.TestCaseExecutor.accessMainPhase(TestCaseExecutor.java:410)
	at com.kms.katalon.core.main.TestCaseExecutor.execute(TestCaseExecutor.java:285)
	at com.kms.katalon.core.common.CommonExecutor.accessTestCaseMainPhase(CommonExecutor.java:65)
	at com.kms.katalon.core.main.TestSuiteExecutor.accessTestSuiteMainPhase(TestSuiteExecutor.java:150)
	at com.kms.katalon.core.main.TestSuiteExecutor.execute(TestSuiteExecutor.java:106)
	at com.kms.katalon.core.main.TestCaseMain.startTestSuite(TestCaseMain.java:180)
	at TempTestSuite1730977477728.run(TempTestSuite1730977477728.groovy:35)
	at java.base/jdk.internal.reflect.NativeMethodAccessorImpl.invoke0(Native Method)
	at java.base/jdk.internal.reflect.NativeMethodAccessorImpl.invoke(NativeMethodAccessorImpl.java:77)
	at java.base/jdk.internal.reflect.DelegatingMethodAccessorImpl.invoke(DelegatingMethodAccessorImpl.java:43)


07-11-2024T16:34:56 - [TEST_STEP][PASSED] - Start listener action : Before: Invoke 'com.kms.katalon.core.annotation.BeforeTestCase' method: 'TestListener.Before(...)' completed.

07-11-2024T16:34:56 - [MESSAGE][INFO] - Starting invoke 'com.kms.katalon.core.annotation.BeforeTestCase' method: 'TestListener.Before(...)'

07-11-2024T16:34:56 - [TEST_STEP][PASSED] - tc_description = testCaseContext.getMessage(): null

07-11-2024T16:34:56 - [TEST_STEP][PASSED] - tcName = testCaseId: null

07-11-2024T16:34:56 - [TEST_STEP][PASSED] - println(tcName): null

07-11-2024T16:34:56 - [TEST_STEP][PASSED] - reporting.ExtentReporting.startTest(reportPath, testSuiteName, tcName, tc_description, author, "Extent Test", reportFile): Invoke 'com.kms.katalon.core.annotation.BeforeTestCase' method: 'TestListener.Before(...)' completed.

07-11-2024T16:34:56 - [MESSAGE][PASSED] - reporting.ExtentReporting.startTest is PASSED

07-11-2024T16:34:56 - [MESSAGE][INFO] - Invoke 'com.kms.katalon.core.annotation.BeforeTestCase' method: 'TestListener.Before(...)' completed.

07-11-2024T16:34:56 - [TEST_STEP][FAILED] - if (flag == "Y"): Test Case FAILED!! Open After Test Case Step to see the Failed Fields

07-11-2024T16:34:56 - [TEST_STEP][PASSED] - path = endPoint: null

07-11-2024T16:34:56 - [TEST_STEP][PASSED] - URL_QA = baseURL_QA + "/" + basePathAPI + "/" + path: null

07-11-2024T16:34:56 - [TEST_STEP][PASSED] - queryResponseQA = sendRequest(findTestObject("CommonRequest/GET_Method_QA", ["token":airlineQA_191_67724465, "endPoint":path])): Send request successfully

07-11-2024T16:34:56 - [MESSAGE][INFO] - Finding Test Object 'Object Repository/CommonRequest/GET_Method_QA'

07-11-2024T16:34:56 - [MESSAGE][INFO] - Checking request object

07-11-2024T16:34:57 - [MESSAGE][INFO] - HAR: C:\Users\mayuresh.sonar\KatalonStudio\DataMigration\NFE-API-automationK\Reports\20241107_163437\TIP_Management\cardconsents\20241107_163437\requests\main\2.har

07-11-2024T16:34:57 - [MESSAGE][PASSED] - Send request successfully

07-11-2024T16:34:57 - [TEST_STEP][PASSED] - verifyResponseStatusCode(queryResponseQA, 200): Verify response status code successfully

07-11-2024T16:34:57 - [MESSAGE][INFO] - Checking response object

07-11-2024T16:34:57 - [MESSAGE][PASSED] - Verify response status code successfully

07-11-2024T16:34:57 - [TEST_STEP][PASSED] - responseQA = queryResponseQA.getResponseBodyContent(): null

07-11-2024T16:34:57 - [TEST_STEP][PASSED] - URL_QAMIG = baseURL_QA_MIG + "/" + basePathAPI + "/" + path: null

07-11-2024T16:34:57 - [TEST_STEP][PASSED] - queryResponseQAMIG = sendRequest(findTestObject("CommonRequest/GET_Method_QA_MIG", ["token":airlineQAMIG_191_67724465, "endPoint":path])): Send request successfully

07-11-2024T16:34:57 - [MESSAGE][INFO] - Finding Test Object 'Object Repository/CommonRequest/GET_Method_QA_MIG'

07-11-2024T16:34:57 - [MESSAGE][INFO] - Checking request object

07-11-2024T16:34:57 - [MESSAGE][INFO] - HAR: C:\Users\mayuresh.sonar\KatalonStudio\DataMigration\NFE-API-automationK\Reports\20241107_163437\TIP_Management\cardconsents\20241107_163437\requests\main\3.har

07-11-2024T16:34:57 - [MESSAGE][PASSED] - Send request successfully

07-11-2024T16:34:57 - [TEST_STEP][PASSED] - verifyResponseStatusCode(queryResponseQAMIG, 200): Verify response status code successfully

07-11-2024T16:34:57 - [MESSAGE][INFO] - Checking response object

07-11-2024T16:34:57 - [MESSAGE][PASSED] - Verify response status code successfully

07-11-2024T16:34:57 - [TEST_STEP][PASSED] - responseQAMIG = queryResponseQAMIG.getResponseBodyContent(): null

07-11-2024T16:34:57 - [TEST_STEP][PASSED] - ignoreNodesList = Arrays.asList(ignoreNodes.split(",")): null

07-11-2024T16:34:57 - [TEST_STEP][PASSED] - jsonSlurper = new groovy.json.JsonSlurper(): null

07-11-2024T16:34:57 - [TEST_STEP][PASSED] - responseQAObject = jsonSlurper.parseText(responseQA): null

07-11-2024T16:34:57 - [TEST_STEP][PASSED] - jsonObjectQA = responseQAObject: null

07-11-2024T16:34:57 - [TEST_STEP][PASSED] - responseQAMIGObject = jsonSlurper.parseText(responseQAMIG): null

07-11-2024T16:34:57 - [TEST_STEP][PASSED] - jsonObjectQAMIG = responseQAMIGObject: null

07-11-2024T16:34:57 - [TEST_STEP][PASSED] - comparator = compare.CompareJsonResponse.getComparator(ignoreNodes): compare.CompareJsonResponse.getComparator is PASSED

07-11-2024T16:34:57 - [MESSAGE][PASSED] - compare.CompareJsonResponse.getComparator is PASSED

07-11-2024T16:34:57 - [TEST_STEP][PASSED] - compare.GetDifferences.clearSetValues(): compare.GetDifferences.clearSetValues is PASSED

07-11-2024T16:34:57 - [MESSAGE][PASSED] - compare.GetDifferences.clearSetValues is PASSED

07-11-2024T16:34:57 - [TEST_STEP][PASSED] - if (jsonObjectQA.has("records") || jsonObjectQAMIG.has("records")): compare.GetDifferences.setDifferencesFromResult is PASSED

07-11-2024T16:34:57 - [TEST_STEP][PASSED] - keySet().each({ java.lang.Object key -> ... }): compare.GetDifferences.setDifferencesFromResult is PASSED

07-11-2024T16:34:57 - [MESSAGE][INFO] - KEY total

07-11-2024T16:34:57 - [MESSAGE][INFO] - ===================================

07-11-2024T16:34:57 - [MESSAGE][INFO] - KEY total

07-11-2024T16:34:57 - [MESSAGE][INFO] - qaValue 45

07-11-2024T16:34:57 - [MESSAGE][INFO] - qamigValue 12

07-11-2024T16:34:57 - [MESSAGE][INFO] - ===================================

07-11-2024T16:34:57 - [MESSAGE][PASSED] - compare.CompareJsonResponse.compareObjectValues is PASSED

07-11-2024T16:34:57 - [MESSAGE][WARNING] - Failed Field -> total

07-11-2024T16:34:57 - [MESSAGE][INFO] - Actual Field -> 12

07-11-2024T16:34:57 - [MESSAGE][INFO] - Expected Field -> 45

07-11-2024T16:34:57 - [MESSAGE][INFO] - failedFieldsList -> [org.skyscreamer.jsonassert.FieldComparisonFailure@6c1f1c03]

07-11-2024T16:34:57 - [MESSAGE][PASSED] - compare.GetDifferences.setDifferencesFromResult is PASSED

07-11-2024T16:34:57 - [MESSAGE][INFO] - KEY pageNumber

07-11-2024T16:34:57 - [MESSAGE][INFO] - ===================================

07-11-2024T16:34:57 - [MESSAGE][INFO] - KEY pageNumber

07-11-2024T16:34:57 - [MESSAGE][INFO] - qaValue 0

07-11-2024T16:34:57 - [MESSAGE][INFO] - qamigValue 0

07-11-2024T16:34:57 - [MESSAGE][INFO] - ===================================

07-11-2024T16:34:57 - [MESSAGE][PASSED] - compare.CompareJsonResponse.compareObjectValues is PASSED

07-11-2024T16:34:57 - [MESSAGE][INFO] - failedFieldsList -> [org.skyscreamer.jsonassert.FieldComparisonFailure@6c1f1c03]

07-11-2024T16:34:57 - [MESSAGE][PASSED] - compare.GetDifferences.setDifferencesFromResult is PASSED

07-11-2024T16:34:57 - [MESSAGE][INFO] - KEY records

07-11-2024T16:34:57 - [MESSAGE][FAILED] - There are 45 RECORDS in QA and 12 RECORDS in QAMIG

07-11-2024T16:34:57 - [MESSAGE][PASSED] - common.Utility.getValueFromResponseJson is PASSED

07-11-2024T16:34:57 - [MESSAGE][PASSED] - common.Utility.getValueFromResponseJson is PASSED

07-11-2024T16:34:57 - [MESSAGE][INFO] - QA ID [677200000006483, 677200000000067, 677200000004665, 677200000000704, 677200000002503, 677200000000997, 677200000001768, 677200000001920, 677200000004838, 677200000004997, 677200000004526, 677200000004407, 677200000005153, 677200000004196, 677200000004077, 677200000001131, 677200000000863, 677200000000526, 677200000000378, 677200000000230, 677200000001276, 677200000001611, 677200000001452, 677200000002365, 677200000002224, 677200000002072, 677200000003720, 677200000003275, 677200000003123, 677200000002967, 677200000003579, 677200000003427, 677200000002808, 677200000002664, 677200000003839, 677200000003958, 677200000005750, 677200000005609, 677200000006226, 677200000006107, 677200000005305, 677200000005457, 677200000005869, 677200000005988, 677200000006345]

07-11-2024T16:34:57 - [MESSAGE][INFO] - QAMIG ID [677200000000067, 677200000000230, 677200000000378, 677200000000526, 677200000000704, 677200000002224, 677200000002503, 677200000003579, 677200000004665, 677200000005609, 677200000006483, 677210000002140]

07-11-2024T16:34:57 - [MESSAGE][INFO] - missing [677200000000997, 677200000001768, 677200000001920, 677200000004838, 677200000004997, 677200000004526, 677200000004407, 677200000005153, 677200000004196, 677200000004077, 677200000001131, 677200000000863, 677200000001276, 677200000001611, 677200000001452, 677200000002365, 677200000002072, 677200000003720, 677200000003275, 677200000003123, 677200000002967, 677200000003427, 677200000002808, 677200000002664, 677200000003839, 677200000003958, 677200000005750, 677200000006226, 677200000006107, 677200000005305, 677200000005457, 677200000005869, 677200000005988, 677200000006345]

07-11-2024T16:34:57 - [MESSAGE][INFO] - qa after missing removed [{"level":"country","id":677200000006483,"airline":{"iataCode":"191","name":"Air XXXXX X.X.X. XXX XXX XXXXX X.X.X.","id":6772495749},"type":"no","effectiveFrom":"2023-03-15","bsp":{"isoCountryCode":"CH","name":"SWITZERLAND","id":6772},"status":"Active"},{"effectiveTo":"2020-02-20","level":"country","id":677200000000067,"airline":{"iataCode":"191","name":"Air XXXXX X.X.X. XXX XXX XXXXX X.X.X.","id":6772495749},"type":"no","effectiveFrom":"2019-07-01","bsp":{"isoCountryCode":"CH","name":"SWITZERLAND","id":6772},"status":"Inactive"},{"effectiveTo":"2022-12-22","level":"country","id":677200000004665,"airline":{"iataCode":"191","name":"Air XXXXX X.X.X. XXX XXX XXXXX X.X.X.","id":6772495749},"type":"no","effectiveFrom":"2022-12-21","bsp":{"isoCountryCode":"CH","name":"SWITZERLAND","id":6772},"status":"Inactive"},{"effectiveTo":"2022-03-03","level":"country","id":677200000000704,"airline":{"iataCode":"191","name":"Air XXXXX X.X.X. XXX XXX XXXXX X.X.X.","id":6772495749},"type":"no","effectiveFrom":"2021-02-05","bsp":{"isoCountryCode":"CH","name":"SWITZERLAND","id":6772},"status":"Inactive"},{"effectiveTo":"2022-12-20","level":"country","id":677200000002503,"airline":{"iataCode":"191","name":"Air XXXXX X.X.X. XXX XXX XXXXX X.X.X.","id":6772495749},"type":"no","effectiveFrom":"2022-03-04","bsp":{"isoCountryCode":"CH","name":"SWITZERLAND","id":6772},"status":"Inactive"},{"effectiveTo":"2020-02-20","level":"card","id":677200000000526,"airline":{"iataCode":"191","name":"Air XXXXX X.X.X. XXX XXX XXXXX X.X.X.","id":6772495749},"type":"no","effectiveFrom":"2019-07-05","bsp":{"isoCountryCode":"CH","name":"SWITZERLAND","id":6772},"card":{"expiryDate":"05/21","paymentNetwork":"VI","agent":{"iataCode":"8121095","name":"LE XXXX XXX XXXXX XX","active":true,"id":67728121095,"bsp":{"id":6772}},"issuerName":"KHADRAOUI TAHAR LE MUST AIR MARIN SA","companyName":"LE MUST AIR MARIN SA","cardType":"Corporate","id":677200000000003,"bsp":{"id":6772},"cardNumber":"485753XXXXXX3403"},"status":"Inactive"},{"effectiveTo":"2020-02-20","level":"card","id":677200000000378,"airline":{"iataCode":"191","name":"Air XXXXX X.X.X. XXX XXX XXXXX X.X.X.","id":6772495749},"type":"no","effectiveFrom":"2019-07-05","bsp":{"isoCountryCode":"CH","name":"SWITZERLAND","id":6772},"card":{"expiryDate":"09/22","paymentNetwork":"VI","agent":{"iataCode":"8121095","name":"LE XXXX XXX XXXXX XX","active":true,"id":67728121095,"bsp":{"id":6772}},"issuerName":"KHADRAOUI TAHAR","cardType":"Consumer","id":677200000000002,"bsp":{"id":6772},"cardNumber":"490118XXXXXX0610"},"status":"Inactive"},{"effectiveTo":"2020-02-20","level":"card","id":677200000000230,"airline":{"iataCode":"191","name":"Air XXXXX X.X.X. XXX XXX XXXXX X.X.X.","id":6772495749},"type":"no","effectiveFrom":"2019-07-05","bsp":{"isoCountryCode":"CH","name":"SWITZERLAND","id":6772},"card":{"expiryDate":"11/21","paymentNetwork":"CA","agent":{"iataCode":"8121095","name":"LE XXXX XXX XXXXX XX","active":true,"id":67728121095,"bsp":{"id":6772}},"issuerName":"TAHAR KHADRAOUI AIR MARIN SUISSE","companyName":"AIR MARIN SUISSE","cardType":"Corporate","id":677200000000001,"bsp":{"id":6772},"cardNumber":"558265XXXXXX6029"},"status":"Inactive"},{"effectiveTo":"2022-03-03","level":"card","id":677200000002224,"airline":{"iataCode":"191","name":"Air XXXXX X.X.X. XXX XXX XXXXX X.X.X.","id":6772495749},"type":"no","effectiveFrom":"2022-02-02","bsp":{"isoCountryCode":"CH","name":"SWITZERLAND","id":6772},"card":{"expiryDate":"12/23","paymentNetwork":"VI","agent":{"iataCode":"8127904","name":"VOYXXXXXXX","active":true,"id":67728127904,"bsp":{"id":6772}},"issuerName":"SDFDSFJDSFDSHJFDSSFDSFDSFDSFSDSFDFDSFDSFDSDSFSDFDS","cardType":"Consumer","id":677200000000010,"bsp":{"id":6772},"cardNumber":"456480XXXXXX6349"},"status":"Inactive"},{"effectiveTo":"2022-12-20","level":"card","id":677200000003579,"airline":{"iataCode":"191","name":"Air XXXXX X.X.X. XXX XXX XXXXX X.X.X.","id":6772495749},"type":"no","effectiveFrom":"2022-03-04","bsp":{"isoCountryCode":"CH","name":"SWITZERLAND","id":6772},"card":{"expiryDate":"12/23","paymentNetwork":"VI","agent":{"iataCode":"8127904","name":"VOYXXXXXXX","active":true,"id":67728127904,"bsp":{"id":6772}},"issuerName":"SDFDSFJDSFDSHJFDSSFDSFDSFDSFSDSFDFDSFDSFDSDSFSDFDS","cardType":"Consumer","id":677200000000010,"bsp":{"id":6772},"cardNumber":"456480XXXXXX6349"},"status":"Inactive"},{"effectiveTo":"2022-12-22","level":"card","id":677200000005609,"airline":{"iataCode":"191","name":"Air XXXXX X.X.X. XXX XXX XXXXX X.X.X.","id":6772495749},"type":"no","effectiveFrom":"2022-12-21","bsp":{"isoCountryCode":"CH","name":"SWITZERLAND","id":6772},"card":{"expiryDate":"12/23","paymentNetwork":"VI","agent":{"iataCode":"8127904","name":"VOYXXXXXXX","active":true,"id":67728127904,"bsp":{"id":6772}},"issuerName":"SDFDSFJDSFDSHJFDSSFDSFDSFDSFSDSFDFDSFDSFDSDSFSDFDS","cardType":"Consumer","id":677200000000010,"bsp":{"id":6772},"cardNumber":"456480XXXXXX6349"},"status":"Inactive"}]

07-11-2024T16:34:57 - [MESSAGE][INFO] - qamig after missing removed [{"effectiveTo":"2020-02-20","level":"country","id":677200000000067,"airline":{"iataCode":"191","name":"Air XXXXX X.X.X. XXX XXX XXXXX X.X.X.","id":6772495749},"type":"no","effectiveFrom":"2019-07-01","bsp":{"isoCountryCode":"CH","name":"SWIT","id":6772},"status":"Inactive"},{"effectiveTo":"2020-02-20","level":"country","id":677200000000230,"airline":{"iataCode":"191","name":"Air XXXXX X.X.X. XXX XXX XXXXX X.X.X.","id":6772495749},"type":"no","effectiveFrom":"2019-07-05","bsp":{"isoCountryCode":"CH","name":"SWIT","id":6772},"status":"Inactive"},{"effectiveTo":"2020-02-20","level":"country","id":677200000000378,"airline":{"iataCode":"191","name":"Air XXXXX X.X.X. XXX XXX XXXXX X.X.X.","id":6772495749},"type":"no","effectiveFrom":"2019-07-05","bsp":{"isoCountryCode":"CH","name":"SWIT","id":6772},"status":"Inactive"},{"effectiveTo":"2020-02-20","level":"country","id":677200000000526,"airline":{"iataCode":"191","name":"Air XXXXX X.X.X. XXX XXX XXXXX X.X.X.","id":6772495749},"type":"no","effectiveFrom":"2019-07-05","bsp":{"isoCountryCode":"CH","name":"SWIT","id":6772},"status":"Inactive"},{"effectiveTo":"2022-03-03","level":"country","id":677200000000704,"airline":{"iataCode":"191","name":"Air XXXXX X.X.X. XXX XXX XXXXX X.X.X.","id":6772495749},"type":"no","effectiveFrom":"2021-02-05","bsp":{"isoCountryCode":"CH","name":"SWIT","id":6772},"status":"Inactive"},{"effectiveTo":"2022-03-03","level":"country","id":677200000002224,"airline":{"iataCode":"191","name":"Air XXXXX X.X.X. XXX XXX XXXXX X.X.X.","id":6772495749},"type":"no","effectiveFrom":"2022-02-02","bsp":{"isoCountryCode":"CH","name":"SWIT","id":6772},"status":"Inactive"},{"effectiveTo":"2022-12-20","level":"country","id":677200000002503,"airline":{"iataCode":"191","name":"Air XXXXX X.X.X. XXX XXX XXXXX X.X.X.","id":6772495749},"type":"no","effectiveFrom":"2022-03-04","bsp":{"isoCountryCode":"CH","name":"SWIT","id":6772},"status":"Inactive"},{"effectiveTo":"2022-12-20","level":"country","id":677200000003579,"airline":{"iataCode":"191","name":"Air XXXXX X.X.X. XXX XXX XXXXX X.X.X.","id":6772495749},"type":"no","effectiveFrom":"2022-03-04","bsp":{"isoCountryCode":"CH","name":"SWIT","id":6772},"status":"Inactive"},{"effectiveTo":"2022-12-22","level":"country","id":677200000004665,"airline":{"iataCode":"191","name":"Air XXXXX X.X.X. XXX XXX XXXXX X.X.X.","id":6772495749},"type":"no","effectiveFrom":"2022-12-21","bsp":{"isoCountryCode":"CH","name":"SWIT","id":6772},"status":"Inactive"},{"effectiveTo":"2022-12-22","level":"country","id":677200000005609,"airline":{"iataCode":"191","name":"Air XXXXX X.X.X. XXX XXX XXXXX X.X.X.","id":6772495749},"type":"no","effectiveFrom":"2022-12-21","bsp":{"isoCountryCode":"CH","name":"SWIT","id":6772},"status":"Inactive"},{"level":"country","id":677200000006483,"airline":{"iataCode":"191","name":"Air XXXXX X.X.X. XXX XXX XXXXX X.X.X.","id":6772495749},"type":"no","effectiveFrom":"2023-03-15","bsp":{"isoCountryCode":"CH","name":"SWIT","id":6772},"status":"Active"},{"level":"country","id":677210000002140,"airline":{"iataCode":"191","name":"Air XXXXX X.X.X. XXX XXX XXXXX X.X.X.","id":6772495749},"type":"no","effectiveFrom":"2024-05-25","bsp":{"isoCountryCode":"CH","name":"SWIT","id":6772},"status":"Active"}]

07-11-2024T16:34:57 - [MESSAGE][INFO] - node to be removed card.cardNumber

07-11-2024T16:34:57 - [MESSAGE][INFO] - node to be removed bsp.name

07-11-2024T16:34:57 - [MESSAGE][INFO] - qa before sorting [{"level":"country","id":677200000006483,"airline":{"iataCode":"191","name":"Air XXXXX X.X.X. XXX XXX XXXXX X.X.X.","id":6772495749},"type":"no","effectiveFrom":"2023-03-15","bsp":{"isoCountryCode":"CH","name":"SWITZERLAND","id":6772},"status":"Active"},{"effectiveTo":"2020-02-20","level":"country","id":677200000000067,"airline":{"iataCode":"191","name":"Air XXXXX X.X.X. XXX XXX XXXXX X.X.X.","id":6772495749},"type":"no","effectiveFrom":"2019-07-01","bsp":{"isoCountryCode":"CH","name":"SWITZERLAND","id":6772},"status":"Inactive"},{"effectiveTo":"2022-12-22","level":"country","id":677200000004665,"airline":{"iataCode":"191","name":"Air XXXXX X.X.X. XXX XXX XXXXX X.X.X.","id":6772495749},"type":"no","effectiveFrom":"2022-12-21","bsp":{"isoCountryCode":"CH","name":"SWITZERLAND","id":6772},"status":"Inactive"},{"effectiveTo":"2022-03-03","level":"country","id":677200000000704,"airline":{"iataCode":"191","name":"Air XXXXX X.X.X. XXX XXX XXXXX X.X.X.","id":6772495749},"type":"no","effectiveFrom":"2021-02-05","bsp":{"isoCountryCode":"CH","name":"SWITZERLAND","id":6772},"status":"Inactive"},{"effectiveTo":"2022-12-20","level":"country","id":677200000002503,"airline":{"iataCode":"191","name":"Air XXXXX X.X.X. XXX XXX XXXXX X.X.X.","id":6772495749},"type":"no","effectiveFrom":"2022-03-04","bsp":{"isoCountryCode":"CH","name":"SWITZERLAND","id":6772},"status":"Inactive"},{"effectiveTo":"2020-02-20","level":"card","id":677200000000526,"airline":{"iataCode":"191","name":"Air XXXXX X.X.X. XXX XXX XXXXX X.X.X.","id":6772495749},"type":"no","effectiveFrom":"2019-07-05","bsp":{"isoCountryCode":"CH","name":"SWITZERLAND","id":6772},"card":{"expiryDate":"05/21","paymentNetwork":"VI","agent":{"iataCode":"8121095","name":"LE XXXX XXX XXXXX XX","active":true,"id":67728121095,"bsp":{"id":6772}},"issuerName":"KHADRAOUI TAHAR LE MUST AIR MARIN SA","companyName":"LE MUST AIR MARIN SA","cardType":"Corporate","id":677200000000003,"bsp":{"id":6772},"cardNumber":"485753XXXXXX3403"},"status":"Inactive"},{"effectiveTo":"2020-02-20","level":"card","id":677200000000378,"airline":{"iataCode":"191","name":"Air XXXXX X.X.X. XXX XXX XXXXX X.X.X.","id":6772495749},"type":"no","effectiveFrom":"2019-07-05","bsp":{"isoCountryCode":"CH","name":"SWITZERLAND","id":6772},"card":{"expiryDate":"09/22","paymentNetwork":"VI","agent":{"iataCode":"8121095","name":"LE XXXX XXX XXXXX XX","active":true,"id":67728121095,"bsp":{"id":6772}},"issuerName":"KHADRAOUI TAHAR","cardType":"Consumer","id":677200000000002,"bsp":{"id":6772},"cardNumber":"490118XXXXXX0610"},"status":"Inactive"},{"effectiveTo":"2020-02-20","level":"card","id":677200000000230,"airline":{"iataCode":"191","name":"Air XXXXX X.X.X. XXX XXX XXXXX X.X.X.","id":6772495749},"type":"no","effectiveFrom":"2019-07-05","bsp":{"isoCountryCode":"CH","name":"SWITZERLAND","id":6772},"card":{"expiryDate":"11/21","paymentNetwork":"CA","agent":{"iataCode":"8121095","name":"LE XXXX XXX XXXXX XX","active":true,"id":67728121095,"bsp":{"id":6772}},"issuerName":"TAHAR KHADRAOUI AIR MARIN SUISSE","companyName":"AIR MARIN SUISSE","cardType":"Corporate","id":677200000000001,"bsp":{"id":6772},"cardNumber":"558265XXXXXX6029"},"status":"Inactive"},{"effectiveTo":"2022-03-03","level":"card","id":677200000002224,"airline":{"iataCode":"191","name":"Air XXXXX X.X.X. XXX XXX XXXXX X.X.X.","id":6772495749},"type":"no","effectiveFrom":"2022-02-02","bsp":{"isoCountryCode":"CH","name":"SWITZERLAND","id":6772},"card":{"expiryDate":"12/23","paymentNetwork":"VI","agent":{"iataCode":"8127904","name":"VOYXXXXXXX","active":true,"id":67728127904,"bsp":{"id":6772}},"issuerName":"SDFDSFJDSFDSHJFDSSFDSFDSFDSFSDSFDFDSFDSFDSDSFSDFDS","cardType":"Consumer","id":677200000000010,"bsp":{"id":6772},"cardNumber":"456480XXXXXX6349"},"status":"Inactive"},{"effectiveTo":"2022-12-20","level":"card","id":677200000003579,"airline":{"iataCode":"191","name":"Air XXXXX X.X.X. XXX XXX XXXXX X.X.X.","id":6772495749},"type":"no","effectiveFrom":"2022-03-04","bsp":{"isoCountryCode":"CH","name":"SWITZERLAND","id":6772},"card":{"expiryDate":"12/23","paymentNetwork":"VI","agent":{"iataCode":"8127904","name":"VOYXXXXXXX","active":true,"id":67728127904,"bsp":{"id":6772}},"issuerName":"SDFDSFJDSFDSHJFDSSFDSFDSFDSFSDSFDFDSFDSFDSDSFSDFDS","cardType":"Consumer","id":677200000000010,"bsp":{"id":6772},"cardNumber":"456480XXXXXX6349"},"status":"Inactive"},{"effectiveTo":"2022-12-22","level":"card","id":677200000005609,"airline":{"iataCode":"191","name":"Air XXXXX X.X.X. XXX XXX XXXXX X.X.X.","id":6772495749},"type":"no","effectiveFrom":"2022-12-21","bsp":{"isoCountryCode":"CH","name":"SWITZERLAND","id":6772},"card":{"expiryDate":"12/23","paymentNetwork":"VI","agent":{"iataCode":"8127904","name":"VOYXXXXXXX","active":true,"id":67728127904,"bsp":{"id":6772}},"issuerName":"SDFDSFJDSFDSHJFDSSFDSFDSFDSFSDSFDFDSFDSFDSDSFSDFDS","cardType":"Consumer","id":677200000000010,"bsp":{"id":6772},"cardNumber":"456480XXXXXX6349"},"status":"Inactive"}]

07-11-2024T16:34:57 - [MESSAGE][INFO] - qamig before sorting [{"effectiveTo":"2020-02-20","level":"country","id":677200000000067,"airline":{"iataCode":"191","name":"Air XXXXX X.X.X. XXX XXX XXXXX X.X.X.","id":6772495749},"type":"no","effectiveFrom":"2019-07-01","bsp":{"isoCountryCode":"CH","name":"SWIT","id":6772},"status":"Inactive"},{"effectiveTo":"2020-02-20","level":"country","id":677200000000230,"airline":{"iataCode":"191","name":"Air XXXXX X.X.X. XXX XXX XXXXX X.X.X.","id":6772495749},"type":"no","effectiveFrom":"2019-07-05","bsp":{"isoCountryCode":"CH","name":"SWIT","id":6772},"status":"Inactive"},{"effectiveTo":"2020-02-20","level":"country","id":677200000000378,"airline":{"iataCode":"191","name":"Air XXXXX X.X.X. XXX XXX XXXXX X.X.X.","id":6772495749},"type":"no","effectiveFrom":"2019-07-05","bsp":{"isoCountryCode":"CH","name":"SWIT","id":6772},"status":"Inactive"},{"effectiveTo":"2020-02-20","level":"country","id":677200000000526,"airline":{"iataCode":"191","name":"Air XXXXX X.X.X. XXX XXX XXXXX X.X.X.","id":6772495749},"type":"no","effectiveFrom":"2019-07-05","bsp":{"isoCountryCode":"CH","name":"SWIT","id":6772},"status":"Inactive"},{"effectiveTo":"2022-03-03","level":"country","id":677200000000704,"airline":{"iataCode":"191","name":"Air XXXXX X.X.X. XXX XXX XXXXX X.X.X.","id":6772495749},"type":"no","effectiveFrom":"2021-02-05","bsp":{"isoCountryCode":"CH","name":"SWIT","id":6772},"status":"Inactive"},{"effectiveTo":"2022-03-03","level":"country","id":677200000002224,"airline":{"iataCode":"191","name":"Air XXXXX X.X.X. XXX XXX XXXXX X.X.X.","id":6772495749},"type":"no","effectiveFrom":"2022-02-02","bsp":{"isoCountryCode":"CH","name":"SWIT","id":6772},"status":"Inactive"},{"effectiveTo":"2022-12-20","level":"country","id":677200000002503,"airline":{"iataCode":"191","name":"Air XXXXX X.X.X. XXX XXX XXXXX X.X.X.","id":6772495749},"type":"no","effectiveFrom":"2022-03-04","bsp":{"isoCountryCode":"CH","name":"SWIT","id":6772},"status":"Inactive"},{"effectiveTo":"2022-12-20","level":"country","id":677200000003579,"airline":{"iataCode":"191","name":"Air XXXXX X.X.X. XXX XXX XXXXX X.X.X.","id":6772495749},"type":"no","effectiveFrom":"2022-03-04","bsp":{"isoCountryCode":"CH","name":"SWIT","id":6772},"status":"Inactive"},{"effectiveTo":"2022-12-22","level":"country","id":677200000004665,"airline":{"iataCode":"191","name":"Air XXXXX X.X.X. XXX XXX XXXXX X.X.X.","id":6772495749},"type":"no","effectiveFrom":"2022-12-21","bsp":{"isoCountryCode":"CH","name":"SWIT","id":6772},"status":"Inactive"},{"effectiveTo":"2022-12-22","level":"country","id":677200000005609,"airline":{"iataCode":"191","name":"Air XXXXX X.X.X. XXX XXX XXXXX X.X.X.","id":6772495749},"type":"no","effectiveFrom":"2022-12-21","bsp":{"isoCountryCode":"CH","name":"SWIT","id":6772},"status":"Inactive"},{"level":"country","id":677200000006483,"airline":{"iataCode":"191","name":"Air XXXXX X.X.X. XXX XXX XXXXX X.X.X.","id":6772495749},"type":"no","effectiveFrom":"2023-03-15","bsp":{"isoCountryCode":"CH","name":"SWIT","id":6772},"status":"Active"},{"level":"country","id":677210000002140,"airline":{"iataCode":"191","name":"Air XXXXX X.X.X. XXX XXX XXXXX X.X.X.","id":6772495749},"type":"no","effectiveFrom":"2024-05-25","bsp":{"isoCountryCode":"CH","name":"SWIT","id":6772},"status":"Active"}]

07-11-2024T16:34:57 - [MESSAGE][INFO] - sort with id

07-11-2024T16:34:57 - [MESSAGE][PASSED] - compare.CompareJsonResponse.sortJSONArrayAsc is PASSED

07-11-2024T16:34:57 - [MESSAGE][PASSED] - compare.CompareJsonResponse.sortJSONArrayAsc is PASSED

07-11-2024T16:34:57 - [MESSAGE][INFO] - failedFieldsList -> [org.skyscreamer.jsonassert.FieldComparisonFailure@6c1f1c03]

07-11-2024T16:34:57 - [MESSAGE][PASSED] - compare.GetDifferences.setDifferencesFromResult is PASSED

07-11-2024T16:34:57 - [MESSAGE][INFO] - KEY pageSize

07-11-2024T16:34:57 - [MESSAGE][INFO] - ===================================

07-11-2024T16:34:57 - [MESSAGE][INFO] - KEY pageSize

07-11-2024T16:34:57 - [MESSAGE][INFO] - qaValue 100

07-11-2024T16:34:57 - [MESSAGE][INFO] - qamigValue 100

07-11-2024T16:34:57 - [MESSAGE][INFO] - ===================================

07-11-2024T16:34:57 - [MESSAGE][PASSED] - compare.CompareJsonResponse.compareObjectValues is PASSED

07-11-2024T16:34:57 - [MESSAGE][INFO] - failedFieldsList -> [org.skyscreamer.jsonassert.FieldComparisonFailure@6c1f1c03]

07-11-2024T16:34:57 - [MESSAGE][PASSED] - compare.GetDifferences.setDifferencesFromResult is PASSED

07-11-2024T16:34:57 - [TEST_STEP][PASSED] - fieldsToBeIgnoredList = ignoreNodesList: null

07-11-2024T16:34:57 - [TEST_STEP][PASSED] - failedList = new java.util.ArrayList(CustomKeywords.compare.GetDifferences.getFailedFieldsList()): compare.GetDifferences.getFailedFieldsList is PASSED

07-11-2024T16:34:57 - [MESSAGE][INFO] - failedFieldsList size -> 1

07-11-2024T16:34:57 - [MESSAGE][PASSED] - compare.GetDifferences.getFailedFieldsList is PASSED

07-11-2024T16:34:57 - [TEST_STEP][PASSED] - missingList = new java.util.ArrayList(CustomKeywords.compare.GetDifferences.getMissingFieldsList()): compare.GetDifferences.getMissingFieldsList is PASSED

07-11-2024T16:34:57 - [MESSAGE][INFO] - missingFieldsList size -> 0

07-11-2024T16:34:57 - [MESSAGE][PASSED] - compare.GetDifferences.getMissingFieldsList is PASSED

07-11-2024T16:34:57 - [TEST_STEP][PASSED] - unexpectedList = new java.util.ArrayList(CustomKeywords.compare.GetDifferences.getUnexpectedFieldsList()): compare.GetDifferences.getUnexpectedFieldsList is PASSED

07-11-2024T16:34:57 - [MESSAGE][INFO] - unexpectedFieldsList size -> 0

07-11-2024T16:34:57 - [MESSAGE][PASSED] - compare.GetDifferences.getUnexpectedFieldsList is PASSED

07-11-2024T16:34:57 - [TEST_STEP][FAILED] - if (failedList.size() > 0): Test Case FAILED!! Open After Test Case Step to see the Failed Fields

07-11-2024T16:34:57 - [TEST_STEP][FAILED] - markFailed("Test Case FAILED!! Open After Test Case Step to see the Failed Fields"): Test Case FAILED!! Open After Test Case Step to see the Failed Fields

07-11-2024T16:34:57 - [MESSAGE][FAILED] - Test Case FAILED!! Open After Test Case Step to see the Failed Fields

07-11-2024T16:34:57 - [TEST_STEP][FAILED] - Start listener action : afterTestCase: null

07-11-2024T16:34:57 - [MESSAGE][INFO] - Starting invoke 'com.kms.katalon.core.annotation.AfterTestCase' method: 'TestListener.afterTestCase(...)'

07-11-2024T16:34:57 - [TEST_STEP][PASSED] - logInfo(testCaseContext.getTestCaseId()): Test Cases/TIP_Management/card-consents/FCA_15723_GET_TIP_Card_Consents

07-11-2024T16:34:57 - [MESSAGE][INFO] - Test Cases/TIP_Management/card-consents/FCA_15723_GET_TIP_Card_Consents

07-11-2024T16:34:57 - [TEST_STEP][PASSED] - logInfo(testCaseContext.getTestCaseStatus()): FAILED

07-11-2024T16:34:57 - [MESSAGE][INFO] - FAILED

07-11-2024T16:34:57 - [TEST_STEP][PASSED] - responseQA = getTestCaseVariables().get("responseQA"): null

07-11-2024T16:34:57 - [TEST_STEP][PASSED] - responseQAMIG = getTestCaseVariables().get("responseQAMIG"): null

07-11-2024T16:34:57 - [TEST_STEP][PASSED] - sortedQA = getTestCaseVariables().get("sortedRecordsQA"): null

07-11-2024T16:34:57 - [TEST_STEP][PASSED] - sortedQAMIG = getTestCaseVariables().get("sortedRecordsQAMIG"): null

07-11-2024T16:34:57 - [TEST_STEP][PASSED] - reporting.ExtentReporting.logStringData("URL_QA", getTestCaseVariables().get("URL_QA")): reporting.ExtentReporting.logStringData is PASSED

07-11-2024T16:34:57 - [MESSAGE][PASSED] - reporting.ExtentReporting.logStringData is PASSED

07-11-2024T16:34:57 - [TEST_STEP][PASSED] - reporting.ExtentReporting.logStringData("URL_QAMIG", getTestCaseVariables().get("URL_QAMIG")): reporting.ExtentReporting.logStringData is PASSED

07-11-2024T16:34:57 - [MESSAGE][PASSED] - reporting.ExtentReporting.logStringData is PASSED

07-11-2024T16:34:57 - [TEST_STEP][PASSED] - reporting.ExtentReporting.logJSONData("QA Response", responseQA): reporting.ExtentReporting.logJSONData is PASSED

07-11-2024T16:34:57 - [MESSAGE][PASSED] - reporting.ExtentReporting.logJSONData is PASSED

07-11-2024T16:34:57 - [TEST_STEP][PASSED] - reporting.ExtentReporting.logJSONData("QAMIG Response", responseQAMIG): reporting.ExtentReporting.logJSONData is PASSED

07-11-2024T16:34:57 - [MESSAGE][PASSED] - reporting.ExtentReporting.logJSONData is PASSED

07-11-2024T16:34:57 - [TEST_STEP][FAILED] - if (getTestCaseStatus().equals("FAILED")): null

07-11-2024T16:34:57 - [TEST_STEP][PASSED] - responseQAValue = getTestCaseVariables().get("responseQA"): null

07-11-2024T16:34:57 - [TEST_STEP][FAILED] - markFailed(getTestCaseVariables().get("URL_QA")): https://gateway-gateway.apps.qa.okd4.nfe.projects.nonprod.itd.farelogix.com/api/tip-management/card-consents?page=0&size=100

07-11-2024T16:34:57 - [MESSAGE][FAILED] - https://gateway-gateway.apps.qa.okd4.nfe.projects.nonprod.itd.farelogix.com/api/tip-management/card-consents?page=0&size=100

07-11-2024T16:34:57 - [TEST_STEP][FAILED] - markFailed(responseQAValue): {"pageNumber":0,"pageSize":100,"total":45,"records":[{"id":677200000006483,"bsp":{"id":6772,"isoCountryCode":"CH","name":"SWITZERLAND"},"airline":{"id":6772495749,"iataCode":"191","name":"Air XXXXX X.X.X. XXX XXX XXXXX X.X.X."},"level":"country","type":"no","effectiveFrom":"2023-03-15","status":"Active"},{"id":677200000000067,"bsp":{"id":6772,"isoCountryCode":"CH","name":"SWITZERLAND"},"airline":{"id":6772495749,"iataCode":"191","name":"Air XXXXX X.X.X. XXX XXX XXXXX X.X.X."},"level":"country","type":"no","effectiveFrom":"2019-07-01","effectiveTo":"2020-02-20","status":"Inactive"},{"id":677200000004665,"bsp":{"id":6772,"isoCountryCode":"CH","name":"SWITZERLAND"},"airline":{"id":6772495749,"iataCode":"191","name":"Air XXXXX X.X.X. XXX XXX XXXXX X.X.X."},"level":"country","type":"no","effectiveFrom":"2022-12-21","effectiveTo":"2022-12-22","status":"Inactive"},{"id":677200000000704,"bsp":{"id":6772,"isoCountryCode":"CH","name":"SWITZERLAND"},"airline":{"id":6772495749,"iataCode":"191","name":"Air XXXXX X.X.X. XXX XXX XXXXX X.X.X."},"level":"country","type":"no","effectiveFrom":"2021-02-05","effectiveTo":"2022-03-03","status":"Inactive"},{"id":677200000002503,"bsp":{"id":6772,"isoCountryCode":"CH","name":"SWITZERLAND"},"airline":{"id":6772495749,"iataCode":"191","name":"Air XXXXX X.X.X. XXX XXX XXXXX X.X.X."},"level":"country","type":"no","effectiveFrom":"2022-03-04","effectiveTo":"2022-12-20","status":"Inactive"},{"id":677200000000997,"bsp":{"id":6772,"isoCountryCode":"CH","name":"SWITZERLAND"},"airline":{"id":6772495749,"iataCode":"191","name":"Air XXXXX X.X.X. XXX XXX XXXXX X.X.X."},"level":"card","card":{"id":677200000000002,"bsp":{"id":6772},"agent":{"id":67728121095,"iataCode":"8121095","name":"LE XXXX XXX XXXXX XX","bsp":{"id":6772},"active":true},"cardNumber":"490118XXXXXX0610","expiryDate":"09/22","issuerName":"KHADRAOUI TAHAR","paymentNetwork":"VI","cardType":"Consumer"},"type":"no","effectiveFrom":"2021-02-05","effectiveTo":"2022-03-03","status":"Inactive"},{"id":677200000001768,"bsp":{"id":6772,"isoCountryCode":"CH","name":"SWITZERLAND"},"airline":{"id":6772495749,"iataCode":"191","name":"Air XXXXX X.X.X. XXX XXX XXXXX X.X.X."},"level":"card","card":{"id":677200000000007,"bsp":{"id":6772},"agent":{"id":67728127904,"iataCode":"8127904","name":"VOYXXXXXXX","bsp":{"id":6772},"active":true},"cardNumber":"456480XXXXXX6349","expiryDate":"10/31","issuerName":"PEPE","paymentNetwork":"VI","cardType":"Consumer"},"type":"no","effectiveFrom":"2022-02-02","effectiveTo":"2022-03-03","status":"Inactive"},{"id":677200000001920,"bsp":{"id":6772,"isoCountryCode":"CH","name":"SWITZERLAND"},"airline":{"id":6772495749,"iataCode":"191","name":"Air XXXXX X.X.X. XXX XXX XXXXX X.X.X."},"level":"card","card":{"id":677200000000008,"bsp":{"id":6772},"agent":{"id":67728127904,"iataCode":"8127904","name":"VOYXXXXXXX","bsp":{"id":6772},"active":true},"cardNumber":"456480XXXXXX6349","expiryDate":"12/34","issuerName":"CARLOS","paymentNetwork":"VI","cardType":"Corporate","companyName":"Accelya"},"type":"no","effectiveFrom":"2022-02-02","effectiveTo":"2022-03-03","status":"Inactive"},{"id":677200000004838,"bsp":{"id":6772,"isoCountryCode":"CH","name":"SWITZERLAND"},"airline":{"id":6772495749,"iataCode":"191","name":"Air XXXXX X.X.X. XXX XXX XXXXX X.X.X."},"level":"card","card":{"id":677200000000005,"bsp":{"id":6772},"agent":{"id":67728120025,"iataCode":"8120025","name":"CWT","bsp":{"id":6772},"active":true},"cardNumber":"519123XXXXXX4011","expiryDate":"10/30","issuerName":"FAC","paymentNetwork":"CA","cardType":"Corporate","companyName":"provincia san anton"},"type":"no","effectiveFrom":"2022-12-21","effectiveTo":"2022-12-22","status":"Inactive"},{"id":677200000004997,"bsp":{"id":6772,"isoCountryCode":"CH","name":"SWITZERLAND"},"airline":{"id":6772495749,"iataCode":"191","name":"Air XXXXX X.X.X. XXX XXX XXXXX X.X.X."},"level":"card","card":{"id":677200000000006,"bsp":{"id":6772},"agent":{"id":67728120025,"iataCode":"8120025","name":"CWT","bsp":{"id":6772},"active":true},"cardNumber":"519123XXXXXX4011","expiryDate":"11/30","issuerName":"TRR","paymentNetwork":"CA","cardType":"Corporate","companyName":"provincia san anton"},"type":"no","effectiveFrom":"2022-12-21","effectiveTo":"2022-12-22","status":"Inactive"},{"id":677200000004526,"bsp":{"id":6772,"isoCountryCode":"CH","name":"SWITZERLAND"},"airline":{"id":6772495749,"iataCode":"191","name":"Air XXXXX X.X.X. XXX XXX XXXXX X.X.X."},"level":"card","card":{"id":677200000000021,"bsp":{"id":6772},"agent":{"id":67728120012,"iataCode":"8120012","name":"ATG XXXXXXXXXXX","bsp":{"id":6772},"active":true},"cardNumber":"519396XXXXXX3484","expiryDate":"06/27","issuerName":"NEWSIX - CHECK NOTIFICATION","paymentNetwork":"CA","cardType":"Consumer"},"type":"no","effectiveFrom":"2022-10-13","effectiveTo":"2022-12-20","status":"Inactive"},{"id":677200000004407,"bsp":{"id":6772,"isoCountryCode":"CH","name":"SWITZERLAND"},"airline":{"id":6772495749,"iataCode":"191","name":"Air XXXXX X.X.X. XXX XXX XXXXX X.X.X."},"level":"card","card":{"id":677200000000020,"bsp":{"id":6772},"agent":{"id":67728120012,"iataCode":"8120012","name":"ATG XXXXXXXXXXX","bsp":{"id":6772},"active":true},"cardNumber":"519396XXXXXX3484","expiryDate":"07/23","issuerName":"NEWFIVE","paymentNetwork":"CA","cardType":"Consumer"},"type":"no","effectiveFrom":"2022-10-13","effectiveTo":"2022-12-20","status":"Inactive"},{"id":677200000005153,"bsp":{"id":6772,"isoCountryCode":"CH","name":"SWITZERLAND"},"airline":{"id":6772495749,"iataCode":"191","name":"Air XXXXX X.X.X. XXX XXX XXXXX X.X.X."},"level":"card","card":{"id":677200000000007,"bsp":{"id":6772},"agent":{"id":67728127904,"iataCode":"8127904","name":"VOYXXXXXXX","bsp":{"id":6772},"active":true},"cardNumber":"456480XXXXXX6349","expiryDate":"10/31","issuerName":"PEPE","paymentNetwork":"VI","cardType":"Consumer"},"type":"no","effectiveFrom":"2022-12-21","effectiveTo":"2022-12-22","status":"Inactive"},{"id":677200000004196,"bsp":{"id":6772,"isoCountryCode":"CH","name":"SWITZERLAND"},"airline":{"id":6772495749,"iataCode":"191","name":"Air XXXXX X.X.X. XXX XXX XXXXX X.X.X."},"level":"card","card":{"id":677200000000015,"bsp":{"id":6772},"agent":{"id":67728120012,"iataCode":"8120012","name":"ATG XXXXXXXXXXX","bsp":{"id":6772},"active":true},"cardNumber":"519396XXXXXX3484","expiryDate":"08/23","issuerName":"CA","paymentNetwork":"CA","cardType":"Consumer"},"type":"no","effectiveFrom":"2022-06-07","effectiveTo":"2022-12-20","status":"Inactive"},{"id":677200000004077,"bsp":{"id":6772,"isoCountryCode":"CH","name":"SWITZERLAND"},"airline":{"id":6772495749,"iataCode":"191","name":"Air XXXXX X.X.X. XXX XXX XXXXX X.X.X."},"level":"card","card":{"id":677200000000014,"bsp":{"id":6772},"agent":{"id":67728120012,"iataCode":"8120012","name":"ATG XXXXXXXXXXX","bsp":{"id":6772},"active":true},"cardNumber":"456480XXXXXX6349","expiryDate":"11/24","issuerName":"VI","paymentNetwork":"VI","cardType":"Consumer"},"type":"no","effectiveFrom":"2022-06-07","effectiveTo":"2022-12-20","status":"Inactive"},{"id":677200000001131,"bsp":{"id":6772,"isoCountryCode":"CH","name":"SWITZERLAND"},"airline":{"id":6772495749,"iataCode":"191","name":"Air XXXXX X.X.X. XXX XXX XXXXX X.X.X."},"level":"card","card":{"id":677200000000003,"bsp":{"id":6772},"agent":{"id":67728121095,"iataCode":"8121095","name":"LE XXXX XXX XXXXX XX","bsp":{"id":6772},"active":true},"cardNumber":"485753XXXXXX3403","expiryDate":"05/21","issuerName":"KHADRAOUI TAHAR LE MUST AIR MARIN SA","paymentNetwork":"VI","cardType":"Corporate","companyName":"LE MUST AIR MARIN SA"},"type":"no","effectiveFrom":"2021-02-05","effectiveTo":"2021-06-01","status":"Inactive"},{"id":677200000000863,"bsp":{"id":6772,"isoCountryCode":"CH","name":"SWITZERLAND"},"airline":{"id":6772495749,"iataCode":"191","name":"Air XXXXX X.X.X. XXX XXX XXXXX X.X.X."},"level":"card","card":{"id":677200000000001,"bsp":{"id":6772},"agent":{"id":67728121095,"iataCode":"8121095","name":"LE XXXX XXX XXXXX XX","bsp":{"id":6772},"active":true},"cardNumber":"558265XXXXXX6029","expiryDate":"11/21","issuerName":"TAHAR KHADRAOUI AIR MARIN SUISSE","paymentNetwork":"CA","cardType":"Corporate","companyName":"AIR MARIN SUISSE"},"type":"no","effectiveFrom":"2021-02-05","effectiveTo":"2021-12-01","status":"Inactive"},{"id":677200000000526,"bsp":{"id":6772,"isoCountryCode":"CH","name":"SWITZERLAND"},"airline":{"id":6772495749,"iataCode":"191","name":"Air XXXXX X.X.X. XXX XXX XXXXX X.X.X."},"level":"card","card":{"id":677200000000003,"bsp":{"id":6772},"agent":{"id":67728121095,"iataCode":"8121095","name":"LE XXXX XXX XXXXX XX","bsp":{"id":6772},"active":true},"cardNumber":"485753XXXXXX3403","expiryDate":"05/21","issuerName":"KHADRAOUI TAHAR LE MUST AIR MARIN SA","paymentNetwork":"VI","cardType":"Corporate","companyName":"LE MUST AIR MARIN SA"},"type":"no","effectiveFrom":"2019-07-05","effectiveTo":"2020-02-20","status":"Inactive"},{"id":677200000000378,"bsp":{"id":6772,"isoCountryCode":"CH","name":"SWITZERLAND"},"airline":{"id":6772495749,"iataCode":"191","name":"Air XXXXX X.X.X. XXX XXX XXXXX X.X.X."},"level":"card","card":{"id":677200000000002,"bsp":{"id":6772},"agent":{"id":67728121095,"iataCode":"8121095","name":"LE XXXX XXX XXXXX XX","bsp":{"id":6772},"active":true},"cardNumber":"490118XXXXXX0610","expiryDate":"09/22","issuerName":"KHADRAOUI TAHAR","paymentNetwork":"VI","cardType":"Consumer"},"type":"no","effectiveFrom":"2019-07-05","effectiveTo":"2020-02-20","status":"Inactive"},{"id":677200000000230,"bsp":{"id":6772,"isoCountryCode":"CH","name":"SWITZERLAND"},"airline":{"id":6772495749,"iataCode":"191","name":"Air XXXXX X.X.X. XXX XXX XXXXX X.X.X."},"level":"card","card":{"id":677200000000001,"bsp":{"id":6772},"agent":{"id":67728121095,"iataCode":"8121095","name":"LE XXXX XXX XXXXX XX","bsp":{"id":6772},"active":true},"cardNumber":"558265XXXXXX6029","expiryDate":"11/21","issuerName":"TAHAR KHADRAOUI AIR MARIN SUISSE","paymentNetwork":"CA","cardType":"Corporate","companyName":"AIR MARIN SUISSE"},"type":"no","effectiveFrom":"2019-07-05","effectiveTo":"2020-02-20","status":"Inactive"},{"id":677200000001276,"bsp":{"id":6772,"isoCountryCode":"CH","name":"SWITZERLAND"},"airline":{"id":6772495749,"iataCode":"191","name":"Air XXXXX X.X.X. XXX XXX XXXXX X.X.X."},"level":"card","card":{"id":677200000000004,"bsp":{"id":6772},"agent":{"id":67728120025,"iataCode":"8120025","name":"CWT","bsp":{"id":6772},"active":true},"cardNumber":"519396XXXXXX3485","expiryDate":"10/30","issuerName":"FAC","paymentNetwork":"CA","cardType":"Consumer"},"type":"no","effectiveFrom":"2021-03-04","effectiveTo":"2022-01-25","status":"Inactive"},{"id":677200000001611,"bsp":{"id":6772,"isoCountryCode":"CH","name":"SWITZERLAND"},"airline":{"id":6772495749,"iataCode":"191","name":"Air XXXXX X.X.X. XXX XXX XXXXX X.X.X."},"level":"card","card":{"id":677200000000006,"bsp":{"id":6772},"agent":{"id":67728120025,"iataCode":"8120025","name":"CWT","bsp":{"id":6772},"active":true},"cardNumber":"519123XXXXXX4011","expiryDate":"11/30","issuerName":"TRR","paymentNetwork":"CA","cardType":"Corporate","companyName":"provincia san anton"},"type":"no","effectiveFrom":"2022-01-25","effectiveTo":"2022-03-03","status":"Inactive"},{"id":677200000001452,"bsp":{"id":6772,"isoCountryCode":"CH","name":"SWITZERLAND"},"airline":{"id":6772495749,"iataCode":"191","name":"Air XXXXX X.X.X. XXX XXX XXXXX X.X.X."},"level":"card","card":{"id":677200000000005,"bsp":{"id":6772},"agent":{"id":67728120025,"iataCode":"8120025","name":"CWT","bsp":{"id":6772},"active":true},"cardNumber":"519123XXXXXX4011","expiryDate":"10/30","issuerName":"FAC","paymentNetwork":"CA","cardType":"Corporate","companyName":"provincia san anton"},"type":"no","effectiveFrom":"2022-01-25","effectiveTo":"2022-03-03","status":"Inactive"},{"id":677200000002365,"bsp":{"id":6772,"isoCountryCode":"CH","name":"SWITZERLAND"},"airline":{"id":6772495749,"iataCode":"191","name":"Air XXXXX X.X.X. XXX XXX XXXXX X.X.X."},"level":"card","card":{"id":677200000000011,"bsp":{"id":6772},"agent":{"id":67728120012,"iataCode":"8120012","name":"ATG XXXXXXXXXXX","bsp":{"id":6772},"active":true},"cardNumber":"376010XXXXX1003","expiryDate":"12/23","issuerName":"AX","paymentNetwork":"AX","cardType":"Consumer"},"type":"no","effectiveFrom":"2022-02-28","effectiveTo":"2022-03-03","status":"Inactive"},{"id":677200000002224,"bsp":{"id":6772,"isoCountryCode":"CH","name":"SWITZERLAND"},"airline":{"id":6772495749,"iataCode":"191","name":"Air XXXXX X.X.X. XXX XXX XXXXX X.X.X."},"level":"card","card":{"id":677200000000010,"bsp":{"id":6772},"agent":{"id":67728127904,"iataCode":"8127904","name":"VOYXXXXXXX","bsp":{"id":6772},"active":true},"cardNumber":"456480XXXXXX6349","expiryDate":"12/23","issuerName":"SDFDSFJDSFDSHJFDSSFDSFDSFDSFSDSFDFDSFDSFDSDSFSDFDS","paymentNetwork":"VI","cardType":"Consumer"},"type":"no","effectiveFrom":"2022-02-02","effectiveTo":"2022-03-03","status":"Inactive"},{"id":677200000002072,"bsp":{"id":6772,"isoCountryCode":"CH","name":"SWITZERLAND"},"airline":{"id":6772495749,"iataCode":"191","name":"Air XXXXX X.X.X. XXX XXX XXXXX X.X.X."},"level":"card","card":{"id":677200000000009,"bsp":{"id":6772},"agent":{"id":67728127904,"iataCode":"8127904","name":"VOYXXXXXXX","bsp":{"id":6772},"active":true},"cardNumber":"456480XXXXXX6349","expiryDate":"11/31","issuerName":"CARLOS","paymentNetwork":"VI","cardType":"Corporate","companyName":"Accelya"},"type":"no","effectiveFrom":"2022-02-02","effectiveTo":"2022-03-03","status":"Inactive"},{"id":677200000003720,"bsp":{"id":6772,"isoCountryCode":"CH","name":"SWITZERLAND"},"airline":{"id":6772495749,"iataCode":"191","name":"Air XXXXX X.X.X. XXX XXX XXXXX X.X.X."},"level":"card","card":{"id":677200000000011,"bsp":{"id":6772},"agent":{"id":67728120012,"iataCode":"8120012","name":"ATG XXXXXXXXXXX","bsp":{"id":6772},"active":true},"cardNumber":"376010XXXXX1003","expiryDate":"12/23","issuerName":"AX","paymentNetwork":"AX","cardType":"Consumer"},"type":"no","effectiveFrom":"2022-03-04","effectiveTo":"2022-05-05","status":"Inactive"},{"id":677200000003275,"bsp":{"id":6772,"isoCountryCode":"CH","name":"SWITZERLAND"},"airline":{"id":6772495749,"iataCode":"191","name":"Air XXXXX X.X.X. XXX XXX XXXXX X.X.X."},"level":"card","card":{"id":677200000000008,"bsp":{"id":6772},"agent":{"id":67728127904,"iataCode":"8127904","name":"VOYXXXXXXX","bsp":{"id":6772},"active":true},"cardNumber":"456480XXXXXX6349","expiryDate":"12/34","issuerName":"CARLOS","paymentNetwork":"VI","cardType":"Corporate","companyName":"Accelya"},"type":"no","effectiveFrom":"2022-03-04","effectiveTo":"2022-12-20","status":"Inactive"},{"id":677200000003123,"bsp":{"id":6772,"isoCountryCode":"CH","name":"SWITZERLAND"},"airline":{"id":6772495749,"iataCode":"191","name":"Air XXXXX X.X.X. XXX XXX XXXXX X.X.X."},"level":"card","card":{"id":677200000000007,"bsp":{"id":6772},"agent":{"id":67728127904,"iataCode":"8127904","name":"VOYXXXXXXX","bsp":{"id":6772},"active":true},"cardNumber":"456480XXXXXX6349","expiryDate":"10/31","issuerName":"PEPE","paymentNetwork":"VI","cardType":"Consumer"},"type":"no","effectiveFrom":"2022-03-04","effectiveTo":"2022-12-20","status":"Inactive"},{"id":677200000002967,"bsp":{"id":6772,"isoCountryCode":"CH","name":"SWITZERLAND"},"airline":{"id":6772495749,"iataCode":"191","name":"Air XXXXX X.X.X. XXX XXX XXXXX X.X.X."},"level":"card","card":{"id":677200000000006,"bsp":{"id":6772},"agent":{"id":67728120025,"iataCode":"8120025","name":"CWT","bsp":{"id":6772},"active":true},"cardNumber":"519123XXXXXX4011","expiryDate":"11/30","issuerName":"TRR","paymentNetwork":"CA","cardType":"Corporate","companyName":"provincia san anton"},"type":"no","effectiveFrom":"2022-03-04","effectiveTo":"2022-12-20","status":"Inactive"},{"id":677200000003579,"bsp":{"id":6772,"isoCountryCode":"CH","name":"SWITZERLAND"},"airline":{"id":6772495749,"iataCode":"191","name":"Air XXXXX X.X.X. XXX XXX XXXXX X.X.X."},"level":"card","card":{"id":677200000000010,"bsp":{"id":6772},"agent":{"id":67728127904,"iataCode":"8127904","name":"VOYXXXXXXX","bsp":{"id":6772},"active":true},"cardNumber":"456480XXXXXX6349","expiryDate":"12/23","issuerName":"SDFDSFJDSFDSHJFDSSFDSFDSFDSFSDSFDFDSFDSFDSDSFSDFDS","paymentNetwork":"VI","cardType":"Consumer"},"type":"no","effectiveFrom":"2022-03-04","effectiveTo":"2022-12-20","status":"Inactive"},{"id":677200000003427,"bsp":{"id":6772,"isoCountryCode":"CH","name":"SWITZERLAND"},"airline":{"id":6772495749,"iataCode":"191","name":"Air XXXXX X.X.X. XXX XXX XXXXX X.X.X."},"level":"card","card":{"id":677200000000009,"bsp":{"id":6772},"agent":{"id":67728127904,"iataCode":"8127904","name":"VOYXXXXXXX","bsp":{"id":6772},"active":true},"cardNumber":"456480XXXXXX6349","expiryDate":"11/31","issuerName":"CARLOS","paymentNetwork":"VI","cardType":"Corporate","companyName":"Accelya"},"type":"no","effectiveFrom":"2022-03-04","effectiveTo":"2022-12-20","status":"Inactive"},{"id":677200000002808,"bsp":{"id":6772,"isoCountryCode":"CH","name":"SWITZERLAND"},"airline":{"id":6772495749,"iataCode":"191","name":"Air XXXXX X.X.X. XXX XXX XXXXX X.X.X."},"level":"card","card":{"id":677200000000005,"bsp":{"id":6772},"agent":{"id":67728120025,"iataCode":"8120025","name":"CWT","bsp":{"id":6772},"active":true},"cardNumber":"519123XXXXXX4011","expiryDate":"10/30","issuerName":"FAC","paymentNetwork":"CA","cardType":"Corporate","companyName":"provincia san anton"},"type":"no","effectiveFrom":"2022-03-04","effectiveTo":"2022-12-20","status":"Inactive"},{"id":677200000002664,"bsp":{"id":6772,"isoCountryCode":"CH","name":"SWITZERLAND"},"airline":{"id":6772495749,"iataCode":"191","name":"Air XXXXX X.X.X. XXX XXX XXXXX X.X.X."},"level":"card","card":{"id":677200000000002,"bsp":{"id":6772},"agent":{"id":67728121095,"iataCode":"8121095","name":"LE XXXX XXX XXXXX XX","bsp":{"id":6772},"active":true},"cardNumber":"490118XXXXXX0610","expiryDate":"09/22","issuerName":"KHADRAOUI TAHAR","paymentNetwork":"VI","cardType":"Consumer"},"type":"no","effectiveFrom":"2022-03-04","effectiveTo":"2022-10-03","status":"Inactive"},{"id":677200000003839,"bsp":{"id":6772,"isoCountryCode":"CH","name":"SWITZERLAND"},"airline":{"id":6772495749,"iataCode":"191","name":"Air XXXXX X.X.X. XXX XXX XXXXX X.X.X."},"level":"card","card":{"id":677200000000012,"bsp":{"id":6772},"agent":{"id":67728120012,"iataCode":"8120012","name":"ATG XXXXXXXXXXX","bsp":{"id":6772},"active":true},"cardNumber":"376010XXXXX1003","expiryDate":"12/23","issuerName":"AX","paymentNetwork":"AX","cardType":"Corporate","companyName":"AX"},"type":"no","effectiveFrom":"2022-06-07","effectiveTo":"2022-12-20","status":"Inactive"},{"id":677200000003958,"bsp":{"id":6772,"isoCountryCode":"CH","name":"SWITZERLAND"},"airline":{"id":6772495749,"iataCode":"191","name":"Air XXXXX X.X.X. XXX XXX XXXXX X.X.X."},"level":"card","card":{"id":677200000000013,"bsp":{"id":6772},"agent":{"id":67728120012,"iataCode":"8120012","name":"ATG XXXXXXXXXXX","bsp":{"id":6772},"active":true},"cardNumber":"376010XXXXX1003","expiryDate":"12/23","issuerName":"AX","paymentNetwork":"AX","cardType":"Corporate","companyName":"AX"},"type":"no","effectiveFrom":"2022-06-07","effectiveTo":"2022-12-20","status":"Inactive"},{"id":677200000005750,"bsp":{"id":6772,"isoCountryCode":"CH","name":"SWITZERLAND"},"airline":{"id":6772495749,"iataCode":"191","name":"Air XXXXX X.X.X. XXX XXX XXXXX X.X.X."},"level":"card","card":{"id":677200000000012,"bsp":{"id":6772},"agent":{"id":67728120012,"iataCode":"8120012","name":"ATG XXXXXXXXXXX","bsp":{"id":6772},"active":true},"cardNumber":"376010XXXXX1003","expiryDate":"12/23","issuerName":"AX","paymentNetwork":"AX","cardType":"Corporate","companyName":"AX"},"type":"no","effectiveFrom":"2022-12-21","effectiveTo":"2022-12-22","status":"Inactive"},{"id":677200000005609,"bsp":{"id":6772,"isoCountryCode":"CH","name":"SWITZERLAND"},"airline":{"id":6772495749,"iataCode":"191","name":"Air XXXXX X.X.X. XXX XXX XXXXX X.X.X."},"level":"card","card":{"id":677200000000010,"bsp":{"id":6772},"agent":{"id":67728127904,"iataCode":"8127904","name":"VOYXXXXXXX","bsp":{"id":6772},"active":true},"cardNumber":"456480XXXXXX6349","expiryDate":"12/23","issuerName":"SDFDSFJDSFDSHJFDSSFDSFDSFDSFSDSFDFDSFDSFDSDSFSDFDS","paymentNetwork":"VI","cardType":"Consumer"},"type":"no","effectiveFrom":"2022-12-21","effectiveTo":"2022-12-22","status":"Inactive"},{"id":677200000006226,"bsp":{"id":6772,"isoCountryCode":"CH","name":"SWITZERLAND"},"airline":{"id":6772495749,"iataCode":"191","name":"Air XXXXX X.X.X. XXX XXX XXXXX X.X.X."},"level":"card","card":{"id":677200000000020,"bsp":{"id":6772},"agent":{"id":67728120012,"iataCode":"8120012","name":"ATG XXXXXXXXXXX","bsp":{"id":6772},"active":true},"cardNumber":"519396XXXXXX3484","expiryDate":"07/23","issuerName":"NEWFIVE","paymentNetwork":"CA","cardType":"Consumer"},"type":"no","effectiveFrom":"2022-12-21","effectiveTo":"2022-12-22","status":"Inactive"},{"id":677200000006107,"bsp":{"id":6772,"isoCountryCode":"CH","name":"SWITZERLAND"},"airline":{"id":6772495749,"iataCode":"191","name":"Air XXXXX X.X.X. XXX XXX XXXXX X.X.X."},"level":"card","card":{"id":677200000000015,"bsp":{"id":6772},"agent":{"id":67728120012,"iataCode":"8120012","name":"ATG XXXXXXXXXXX","bsp":{"id":6772},"active":true},"cardNumber":"519396XXXXXX3484","expiryDate":"08/23","issuerName":"CA","paymentNetwork":"CA","cardType":"Consumer"},"type":"no","effectiveFrom":"2022-12-21","effectiveTo":"2022-12-22","status":"Inactive"},{"id":677200000005305,"bsp":{"id":6772,"isoCountryCode":"CH","name":"SWITZERLAND"},"airline":{"id":6772495749,"iataCode":"191","name":"Air XXXXX X.X.X. XXX XXX XXXXX X.X.X."},"level":"card","card":{"id":677200000000008,"bsp":{"id":6772},"agent":{"id":67728127904,"iataCode":"8127904","name":"VOYXXXXXXX","bsp":{"id":6772},"active":true},"cardNumber":"456480XXXXXX6349","expiryDate":"12/34","issuerName":"CARLOS","paymentNetwork":"VI","cardType":"Corporate","companyName":"Accelya"},"type":"no","effectiveFrom":"2022-12-21","effectiveTo":"2022-12-22","status":"Inactive"},{"id":677200000005457,"bsp":{"id":6772,"isoCountryCode":"CH","name":"SWITZERLAND"},"airline":{"id":6772495749,"iataCode":"191","name":"Air XXXXX X.X.X. XXX XXX XXXXX X.X.X."},"level":"card","card":{"id":677200000000009,"bsp":{"id":6772},"agent":{"id":67728127904,"iataCode":"8127904","name":"VOYXXXXXXX","bsp":{"id":6772},"active":true},"cardNumber":"456480XXXXXX6349","expiryDate":"11/31","issuerName":"CARLOS","paymentNetwork":"VI","cardType":"Corporate","companyName":"Accelya"},"type":"no","effectiveFrom":"2022-12-21","effectiveTo":"2022-12-22","status":"Inactive"},{"id":677200000005869,"bsp":{"id":6772,"isoCountryCode":"CH","name":"SWITZERLAND"},"airline":{"id":6772495749,"iataCode":"191","name":"Air XXXXX X.X.X. XXX XXX XXXXX X.X.X."},"level":"card","card":{"id":677200000000013,"bsp":{"id":6772},"agent":{"id":67728120012,"iataCode":"8120012","name":"ATG XXXXXXXXXXX","bsp":{"id":6772},"active":true},"cardNumber":"376010XXXXX1003","expiryDate":"12/23","issuerName":"AX","paymentNetwork":"AX","cardType":"Corporate","companyName":"AX"},"type":"no","effectiveFrom":"2022-12-21","effectiveTo":"2022-12-22","status":"Inactive"},{"id":677200000005988,"bsp":{"id":6772,"isoCountryCode":"CH","name":"SWITZERLAND"},"airline":{"id":6772495749,"iataCode":"191","name":"Air XXXXX X.X.X. XXX XXX XXXXX X.X.X."},"level":"card","card":{"id":677200000000014,"bsp":{"id":6772},"agent":{"id":67728120012,"iataCode":"8120012","name":"ATG XXXXXXXXXXX","bsp":{"id":6772},"active":true},"cardNumber":"456480XXXXXX6349","expiryDate":"11/24","issuerName":"VI","paymentNetwork":"VI","cardType":"Consumer"},"type":"no","effectiveFrom":"2022-12-21","effectiveTo":"2022-12-22","status":"Inactive"},{"id":677200000006345,"bsp":{"id":6772,"isoCountryCode":"CH","name":"SWITZERLAND"},"airline":{"id":6772495749,"iataCode":"191","name":"Air XXXXX X.X.X. XXX XXX XXXXX X.X.X."},"level":"card","card":{"id":677200000000021,"bsp":{"id":6772},"agent":{"id":67728120012,"iataCode":"8120012","name":"ATG XXXXXXXXXXX","bsp":{"id":6772},"active":true},"cardNumber":"519396XXXXXX3484","expiryDate":"06/27","issuerName":"NEWSIX - CHECK NOTIFICATION","paymentNetwork":"CA","cardType":"Consumer"},"type":"no","effectiveFrom":"2022-12-21","effectiveTo":"2022-12-22","status":"Inactive"}]}

07-11-2024T16:34:57 - [MESSAGE][FAILED] - {"pageNumber":0,"pageSize":100,"total":45,"records":[{"id":677200000006483,"bsp":{"id":6772,"isoCountryCode":"CH","name":"SWITZERLAND"},"airline":{"id":6772495749,"iataCode":"191","name":"Air XXXXX X.X.X. XXX XXX XXXXX X.X.X."},"level":"country","type":"no","effectiveFrom":"2023-03-15","status":"Active"},{"id":677200000000067,"bsp":{"id":6772,"isoCountryCode":"CH","name":"SWITZERLAND"},"airline":{"id":6772495749,"iataCode":"191","name":"Air XXXXX X.X.X. XXX XXX XXXXX X.X.X."},"level":"country","type":"no","effectiveFrom":"2019-07-01","effectiveTo":"2020-02-20","status":"Inactive"},{"id":677200000004665,"bsp":{"id":6772,"isoCountryCode":"CH","name":"SWITZERLAND"},"airline":{"id":6772495749,"iataCode":"191","name":"Air XXXXX X.X.X. XXX XXX XXXXX X.X.X."},"level":"country","type":"no","effectiveFrom":"2022-12-21","effectiveTo":"2022-12-22","status":"Inactive"},{"id":677200000000704,"bsp":{"id":6772,"isoCountryCode":"CH","name":"SWITZERLAND"},"airline":{"id":6772495749,"iataCode":"191","name":"Air XXXXX X.X.X. XXX XXX XXXXX X.X.X."},"level":"country","type":"no","effectiveFrom":"2021-02-05","effectiveTo":"2022-03-03","status":"Inactive"},{"id":677200000002503,"bsp":{"id":6772,"isoCountryCode":"CH","name":"SWITZERLAND"},"airline":{"id":6772495749,"iataCode":"191","name":"Air XXXXX X.X.X. XXX XXX XXXXX X.X.X."},"level":"country","type":"no","effectiveFrom":"2022-03-04","effectiveTo":"2022-12-20","status":"Inactive"},{"id":677200000000997,"bsp":{"id":6772,"isoCountryCode":"CH","name":"SWITZERLAND"},"airline":{"id":6772495749,"iataCode":"191","name":"Air XXXXX X.X.X. XXX XXX XXXXX X.X.X."},"level":"card","card":{"id":677200000000002,"bsp":{"id":6772},"agent":{"id":67728121095,"iataCode":"8121095","name":"LE XXXX XXX XXXXX XX","bsp":{"id":6772},"active":true},"cardNumber":"490118XXXXXX0610","expiryDate":"09/22","issuerName":"KHADRAOUI TAHAR","paymentNetwork":"VI","cardType":"Consumer"},"type":"no","effectiveFrom":"2021-02-05","effectiveTo":"2022-03-03","status":"Inactive"},{"id":677200000001768,"bsp":{"id":6772,"isoCountryCode":"CH","name":"SWITZERLAND"},"airline":{"id":6772495749,"iataCode":"191","name":"Air XXXXX X.X.X. XXX XXX XXXXX X.X.X."},"level":"card","card":{"id":677200000000007,"bsp":{"id":6772},"agent":{"id":67728127904,"iataCode":"8127904","name":"VOYXXXXXXX","bsp":{"id":6772},"active":true},"cardNumber":"456480XXXXXX6349","expiryDate":"10/31","issuerName":"PEPE","paymentNetwork":"VI","cardType":"Consumer"},"type":"no","effectiveFrom":"2022-02-02","effectiveTo":"2022-03-03","status":"Inactive"},{"id":677200000001920,"bsp":{"id":6772,"isoCountryCode":"CH","name":"SWITZERLAND"},"airline":{"id":6772495749,"iataCode":"191","name":"Air XXXXX X.X.X. XXX XXX XXXXX X.X.X."},"level":"card","card":{"id":677200000000008,"bsp":{"id":6772},"agent":{"id":67728127904,"iataCode":"8127904","name":"VOYXXXXXXX","bsp":{"id":6772},"active":true},"cardNumber":"456480XXXXXX6349","expiryDate":"12/34","issuerName":"CARLOS","paymentNetwork":"VI","cardType":"Corporate","companyName":"Accelya"},"type":"no","effectiveFrom":"2022-02-02","effectiveTo":"2022-03-03","status":"Inactive"},{"id":677200000004838,"bsp":{"id":6772,"isoCountryCode":"CH","name":"SWITZERLAND"},"airline":{"id":6772495749,"iataCode":"191","name":"Air XXXXX X.X.X. XXX XXX XXXXX X.X.X."},"level":"card","card":{"id":677200000000005,"bsp":{"id":6772},"agent":{"id":67728120025,"iataCode":"8120025","name":"CWT","bsp":{"id":6772},"active":true},"cardNumber":"519123XXXXXX4011","expiryDate":"10/30","issuerName":"FAC","paymentNetwork":"CA","cardType":"Corporate","companyName":"provincia san anton"},"type":"no","effectiveFrom":"2022-12-21","effectiveTo":"2022-12-22","status":"Inactive"},{"id":677200000004997,"bsp":{"id":6772,"isoCountryCode":"CH","name":"SWITZERLAND"},"airline":{"id":6772495749,"iataCode":"191","name":"Air XXXXX X.X.X. XXX XXX XXXXX X.X.X."},"level":"card","card":{"id":677200000000006,"bsp":{"id":6772},"agent":{"id":67728120025,"iataCode":"8120025","name":"CWT","bsp":{"id":6772},"active":true},"cardNumber":"519123XXXXXX4011","expiryDate":"11/30","issuerName":"TRR","paymentNetwork":"CA","cardType":"Corporate","companyName":"provincia san anton"},"type":"no","effectiveFrom":"2022-12-21","effectiveTo":"2022-12-22","status":"Inactive"},{"id":677200000004526,"bsp":{"id":6772,"isoCountryCode":"CH","name":"SWITZERLAND"},"airline":{"id":6772495749,"iataCode":"191","name":"Air XXXXX X.X.X. XXX XXX XXXXX X.X.X."},"level":"card","card":{"id":677200000000021,"bsp":{"id":6772},"agent":{"id":67728120012,"iataCode":"8120012","name":"ATG XXXXXXXXXXX","bsp":{"id":6772},"active":true},"cardNumber":"519396XXXXXX3484","expiryDate":"06/27","issuerName":"NEWSIX - CHECK NOTIFICATION","paymentNetwork":"CA","cardType":"Consumer"},"type":"no","effectiveFrom":"2022-10-13","effectiveTo":"2022-12-20","status":"Inactive"},{"id":677200000004407,"bsp":{"id":6772,"isoCountryCode":"CH","name":"SWITZERLAND"},"airline":{"id":6772495749,"iataCode":"191","name":"Air XXXXX X.X.X. XXX XXX XXXXX X.X.X."},"level":"card","card":{"id":677200000000020,"bsp":{"id":6772},"agent":{"id":67728120012,"iataCode":"8120012","name":"ATG XXXXXXXXXXX","bsp":{"id":6772},"active":true},"cardNumber":"519396XXXXXX3484","expiryDate":"07/23","issuerName":"NEWFIVE","paymentNetwork":"CA","cardType":"Consumer"},"type":"no","effectiveFrom":"2022-10-13","effectiveTo":"2022-12-20","status":"Inactive"},{"id":677200000005153,"bsp":{"id":6772,"isoCountryCode":"CH","name":"SWITZERLAND"},"airline":{"id":6772495749,"iataCode":"191","name":"Air XXXXX X.X.X. XXX XXX XXXXX X.X.X."},"level":"card","card":{"id":677200000000007,"bsp":{"id":6772},"agent":{"id":67728127904,"iataCode":"8127904","name":"VOYXXXXXXX","bsp":{"id":6772},"active":true},"cardNumber":"456480XXXXXX6349","expiryDate":"10/31","issuerName":"PEPE","paymentNetwork":"VI","cardType":"Consumer"},"type":"no","effectiveFrom":"2022-12-21","effectiveTo":"2022-12-22","status":"Inactive"},{"id":677200000004196,"bsp":{"id":6772,"isoCountryCode":"CH","name":"SWITZERLAND"},"airline":{"id":6772495749,"iataCode":"191","name":"Air XXXXX X.X.X. XXX XXX XXXXX X.X.X."},"level":"card","card":{"id":677200000000015,"bsp":{"id":6772},"agent":{"id":67728120012,"iataCode":"8120012","name":"ATG XXXXXXXXXXX","bsp":{"id":6772},"active":true},"cardNumber":"519396XXXXXX3484","expiryDate":"08/23","issuerName":"CA","paymentNetwork":"CA","cardType":"Consumer"},"type":"no","effectiveFrom":"2022-06-07","effectiveTo":"2022-12-20","status":"Inactive"},{"id":677200000004077,"bsp":{"id":6772,"isoCountryCode":"CH","name":"SWITZERLAND"},"airline":{"id":6772495749,"iataCode":"191","name":"Air XXXXX X.X.X. XXX XXX XXXXX X.X.X."},"level":"card","card":{"id":677200000000014,"bsp":{"id":6772},"agent":{"id":67728120012,"iataCode":"8120012","name":"ATG XXXXXXXXXXX","bsp":{"id":6772},"active":true},"cardNumber":"456480XXXXXX6349","expiryDate":"11/24","issuerName":"VI","paymentNetwork":"VI","cardType":"Consumer"},"type":"no","effectiveFrom":"2022-06-07","effectiveTo":"2022-12-20","status":"Inactive"},{"id":677200000001131,"bsp":{"id":6772,"isoCountryCode":"CH","name":"SWITZERLAND"},"airline":{"id":6772495749,"iataCode":"191","name":"Air XXXXX X.X.X. XXX XXX XXXXX X.X.X."},"level":"card","card":{"id":677200000000003,"bsp":{"id":6772},"agent":{"id":67728121095,"iataCode":"8121095","name":"LE XXXX XXX XXXXX XX","bsp":{"id":6772},"active":true},"cardNumber":"485753XXXXXX3403","expiryDate":"05/21","issuerName":"KHADRAOUI TAHAR LE MUST AIR MARIN SA","paymentNetwork":"VI","cardType":"Corporate","companyName":"LE MUST AIR MARIN SA"},"type":"no","effectiveFrom":"2021-02-05","effectiveTo":"2021-06-01","status":"Inactive"},{"id":677200000000863,"bsp":{"id":6772,"isoCountryCode":"CH","name":"SWITZERLAND"},"airline":{"id":6772495749,"iataCode":"191","name":"Air XXXXX X.X.X. XXX XXX XXXXX X.X.X."},"level":"card","card":{"id":677200000000001,"bsp":{"id":6772},"agent":{"id":67728121095,"iataCode":"8121095","name":"LE XXXX XXX XXXXX XX","bsp":{"id":6772},"active":true},"cardNumber":"558265XXXXXX6029","expiryDate":"11/21","issuerName":"TAHAR KHADRAOUI AIR MARIN SUISSE","paymentNetwork":"CA","cardType":"Corporate","companyName":"AIR MARIN SUISSE"},"type":"no","effectiveFrom":"2021-02-05","effectiveTo":"2021-12-01","status":"Inactive"},{"id":677200000000526,"bsp":{"id":6772,"isoCountryCode":"CH","name":"SWITZERLAND"},"airline":{"id":6772495749,"iataCode":"191","name":"Air XXXXX X.X.X. XXX XXX XXXXX X.X.X."},"level":"card","card":{"id":677200000000003,"bsp":{"id":6772},"agent":{"id":67728121095,"iataCode":"8121095","name":"LE XXXX XXX XXXXX XX","bsp":{"id":6772},"active":true},"cardNumber":"485753XXXXXX3403","expiryDate":"05/21","issuerName":"KHADRAOUI TAHAR LE MUST AIR MARIN SA","paymentNetwork":"VI","cardType":"Corporate","companyName":"LE MUST AIR MARIN SA"},"type":"no","effectiveFrom":"2019-07-05","effectiveTo":"2020-02-20","status":"Inactive"},{"id":677200000000378,"bsp":{"id":6772,"isoCountryCode":"CH","name":"SWITZERLAND"},"airline":{"id":6772495749,"iataCode":"191","name":"Air XXXXX X.X.X. XXX XXX XXXXX X.X.X."},"level":"card","card":{"id":677200000000002,"bsp":{"id":6772},"agent":{"id":67728121095,"iataCode":"8121095","name":"LE XXXX XXX XXXXX XX","bsp":{"id":6772},"active":true},"cardNumber":"490118XXXXXX0610","expiryDate":"09/22","issuerName":"KHADRAOUI TAHAR","paymentNetwork":"VI","cardType":"Consumer"},"type":"no","effectiveFrom":"2019-07-05","effectiveTo":"2020-02-20","status":"Inactive"},{"id":677200000000230,"bsp":{"id":6772,"isoCountryCode":"CH","name":"SWITZERLAND"},"airline":{"id":6772495749,"iataCode":"191","name":"Air XXXXX X.X.X. XXX XXX XXXXX X.X.X."},"level":"card","card":{"id":677200000000001,"bsp":{"id":6772},"agent":{"id":67728121095,"iataCode":"8121095","name":"LE XXXX XXX XXXXX XX","bsp":{"id":6772},"active":true},"cardNumber":"558265XXXXXX6029","expiryDate":"11/21","issuerName":"TAHAR KHADRAOUI AIR MARIN SUISSE","paymentNetwork":"CA","cardType":"Corporate","companyName":"AIR MARIN SUISSE"},"type":"no","effectiveFrom":"2019-07-05","effectiveTo":"2020-02-20","status":"Inactive"},{"id":677200000001276,"bsp":{"id":6772,"isoCountryCode":"CH","name":"SWITZERLAND"},"airline":{"id":6772495749,"iataCode":"191","name":"Air XXXXX X.X.X. XXX XXX XXXXX X.X.X."},"level":"card","card":{"id":677200000000004,"bsp":{"id":6772},"agent":{"id":67728120025,"iataCode":"8120025","name":"CWT","bsp":{"id":6772},"active":true},"cardNumber":"519396XXXXXX3485","expiryDate":"10/30","issuerName":"FAC","paymentNetwork":"CA","cardType":"Consumer"},"type":"no","effectiveFrom":"2021-03-04","effectiveTo":"2022-01-25","status":"Inactive"},{"id":677200000001611,"bsp":{"id":6772,"isoCountryCode":"CH","name":"SWITZERLAND"},"airline":{"id":6772495749,"iataCode":"191","name":"Air XXXXX X.X.X. XXX XXX XXXXX X.X.X."},"level":"card","card":{"id":677200000000006,"bsp":{"id":6772},"agent":{"id":67728120025,"iataCode":"8120025","name":"CWT","bsp":{"id":6772},"active":true},"cardNumber":"519123XXXXXX4011","expiryDate":"11/30","issuerName":"TRR","paymentNetwork":"CA","cardType":"Corporate","companyName":"provincia san anton"},"type":"no","effectiveFrom":"2022-01-25","effectiveTo":"2022-03-03","status":"Inactive"},{"id":677200000001452,"bsp":{"id":6772,"isoCountryCode":"CH","name":"SWITZERLAND"},"airline":{"id":6772495749,"iataCode":"191","name":"Air XXXXX X.X.X. XXX XXX XXXXX X.X.X."},"level":"card","card":{"id":677200000000005,"bsp":{"id":6772},"agent":{"id":67728120025,"iataCode":"8120025","name":"CWT","bsp":{"id":6772},"active":true},"cardNumber":"519123XXXXXX4011","expiryDate":"10/30","issuerName":"FAC","paymentNetwork":"CA","cardType":"Corporate","companyName":"provincia san anton"},"type":"no","effectiveFrom":"2022-01-25","effectiveTo":"2022-03-03","status":"Inactive"},{"id":677200000002365,"bsp":{"id":6772,"isoCountryCode":"CH","name":"SWITZERLAND"},"airline":{"id":6772495749,"iataCode":"191","name":"Air XXXXX X.X.X. XXX XXX XXXXX X.X.X."},"level":"card","card":{"id":677200000000011,"bsp":{"id":6772},"agent":{"id":67728120012,"iataCode":"8120012","name":"ATG XXXXXXXXXXX","bsp":{"id":6772},"active":true},"cardNumber":"376010XXXXX1003","expiryDate":"12/23","issuerName":"AX","paymentNetwork":"AX","cardType":"Consumer"},"type":"no","effectiveFrom":"2022-02-28","effectiveTo":"2022-03-03","status":"Inactive"},{"id":677200000002224,"bsp":{"id":6772,"isoCountryCode":"CH","name":"SWITZERLAND"},"airline":{"id":6772495749,"iataCode":"191","name":"Air XXXXX X.X.X. XXX XXX XXXXX X.X.X."},"level":"card","card":{"id":677200000000010,"bsp":{"id":6772},"agent":{"id":67728127904,"iataCode":"8127904","name":"VOYXXXXXXX","bsp":{"id":6772},"active":true},"cardNumber":"456480XXXXXX6349","expiryDate":"12/23","issuerName":"SDFDSFJDSFDSHJFDSSFDSFDSFDSFSDSFDFDSFDSFDSDSFSDFDS","paymentNetwork":"VI","cardType":"Consumer"},"type":"no","effectiveFrom":"2022-02-02","effectiveTo":"2022-03-03","status":"Inactive"},{"id":677200000002072,"bsp":{"id":6772,"isoCountryCode":"CH","name":"SWITZERLAND"},"airline":{"id":6772495749,"iataCode":"191","name":"Air XXXXX X.X.X. XXX XXX XXXXX X.X.X."},"level":"card","card":{"id":677200000000009,"bsp":{"id":6772},"agent":{"id":67728127904,"iataCode":"8127904","name":"VOYXXXXXXX","bsp":{"id":6772},"active":true},"cardNumber":"456480XXXXXX6349","expiryDate":"11/31","issuerName":"CARLOS","paymentNetwork":"VI","cardType":"Corporate","companyName":"Accelya"},"type":"no","effectiveFrom":"2022-02-02","effectiveTo":"2022-03-03","status":"Inactive"},{"id":677200000003720,"bsp":{"id":6772,"isoCountryCode":"CH","name":"SWITZERLAND"},"airline":{"id":6772495749,"iataCode":"191","name":"Air XXXXX X.X.X. XXX XXX XXXXX X.X.X."},"level":"card","card":{"id":677200000000011,"bsp":{"id":6772},"agent":{"id":67728120012,"iataCode":"8120012","name":"ATG XXXXXXXXXXX","bsp":{"id":6772},"active":true},"cardNumber":"376010XXXXX1003","expiryDate":"12/23","issuerName":"AX","paymentNetwork":"AX","cardType":"Consumer"},"type":"no","effectiveFrom":"2022-03-04","effectiveTo":"2022-05-05","status":"Inactive"},{"id":677200000003275,"bsp":{"id":6772,"isoCountryCode":"CH","name":"SWITZERLAND"},"airline":{"id":6772495749,"iataCode":"191","name":"Air XXXXX X.X.X. XXX XXX XXXXX X.X.X."},"level":"card","card":{"id":677200000000008,"bsp":{"id":6772},"agent":{"id":67728127904,"iataCode":"8127904","name":"VOYXXXXXXX","bsp":{"id":6772},"active":true},"cardNumber":"456480XXXXXX6349","expiryDate":"12/34","issuerName":"CARLOS","paymentNetwork":"VI","cardType":"Corporate","companyName":"Accelya"},"type":"no","effectiveFrom":"2022-03-04","effectiveTo":"2022-12-20","status":"Inactive"},{"id":677200000003123,"bsp":{"id":6772,"isoCountryCode":"CH","name":"SWITZERLAND"},"airline":{"id":6772495749,"iataCode":"191","name":"Air XXXXX X.X.X. XXX XXX XXXXX X.X.X."},"level":"card","card":{"id":677200000000007,"bsp":{"id":6772},"agent":{"id":67728127904,"iataCode":"8127904","name":"VOYXXXXXXX","bsp":{"id":6772},"active":true},"cardNumber":"456480XXXXXX6349","expiryDate":"10/31","issuerName":"PEPE","paymentNetwork":"VI","cardType":"Consumer"},"type":"no","effectiveFrom":"2022-03-04","effectiveTo":"2022-12-20","status":"Inactive"},{"id":677200000002967,"bsp":{"id":6772,"isoCountryCode":"CH","name":"SWITZERLAND"},"airline":{"id":6772495749,"iataCode":"191","name":"Air XXXXX X.X.X. XXX XXX XXXXX X.X.X."},"level":"card","card":{"id":677200000000006,"bsp":{"id":6772},"agent":{"id":67728120025,"iataCode":"8120025","name":"CWT","bsp":{"id":6772},"active":true},"cardNumber":"519123XXXXXX4011","expiryDate":"11/30","issuerName":"TRR","paymentNetwork":"CA","cardType":"Corporate","companyName":"provincia san anton"},"type":"no","effectiveFrom":"2022-03-04","effectiveTo":"2022-12-20","status":"Inactive"},{"id":677200000003579,"bsp":{"id":6772,"isoCountryCode":"CH","name":"SWITZERLAND"},"airline":{"id":6772495749,"iataCode":"191","name":"Air XXXXX X.X.X. XXX XXX XXXXX X.X.X."},"level":"card","card":{"id":677200000000010,"bsp":{"id":6772},"agent":{"id":67728127904,"iataCode":"8127904","name":"VOYXXXXXXX","bsp":{"id":6772},"active":true},"cardNumber":"456480XXXXXX6349","expiryDate":"12/23","issuerName":"SDFDSFJDSFDSHJFDSSFDSFDSFDSFSDSFDFDSFDSFDSDSFSDFDS","paymentNetwork":"VI","cardType":"Consumer"},"type":"no","effectiveFrom":"2022-03-04","effectiveTo":"2022-12-20","status":"Inactive"},{"id":677200000003427,"bsp":{"id":6772,"isoCountryCode":"CH","name":"SWITZERLAND"},"airline":{"id":6772495749,"iataCode":"191","name":"Air XXXXX X.X.X. XXX XXX XXXXX X.X.X."},"level":"card","card":{"id":677200000000009,"bsp":{"id":6772},"agent":{"id":67728127904,"iataCode":"8127904","name":"VOYXXXXXXX","bsp":{"id":6772},"active":true},"cardNumber":"456480XXXXXX6349","expiryDate":"11/31","issuerName":"CARLOS","paymentNetwork":"VI","cardType":"Corporate","companyName":"Accelya"},"type":"no","effectiveFrom":"2022-03-04","effectiveTo":"2022-12-20","status":"Inactive"},{"id":677200000002808,"bsp":{"id":6772,"isoCountryCode":"CH","name":"SWITZERLAND"},"airline":{"id":6772495749,"iataCode":"191","name":"Air XXXXX X.X.X. XXX XXX XXXXX X.X.X."},"level":"card","card":{"id":677200000000005,"bsp":{"id":6772},"agent":{"id":67728120025,"iataCode":"8120025","name":"CWT","bsp":{"id":6772},"active":true},"cardNumber":"519123XXXXXX4011","expiryDate":"10/30","issuerName":"FAC","paymentNetwork":"CA","cardType":"Corporate","companyName":"provincia san anton"},"type":"no","effectiveFrom":"2022-03-04","effectiveTo":"2022-12-20","status":"Inactive"},{"id":677200000002664,"bsp":{"id":6772,"isoCountryCode":"CH","name":"SWITZERLAND"},"airline":{"id":6772495749,"iataCode":"191","name":"Air XXXXX X.X.X. XXX XXX XXXXX X.X.X."},"level":"card","card":{"id":677200000000002,"bsp":{"id":6772},"agent":{"id":67728121095,"iataCode":"8121095","name":"LE XXXX XXX XXXXX XX","bsp":{"id":6772},"active":true},"cardNumber":"490118XXXXXX0610","expiryDate":"09/22","issuerName":"KHADRAOUI TAHAR","paymentNetwork":"VI","cardType":"Consumer"},"type":"no","effectiveFrom":"2022-03-04","effectiveTo":"2022-10-03","status":"Inactive"},{"id":677200000003839,"bsp":{"id":6772,"isoCountryCode":"CH","name":"SWITZERLAND"},"airline":{"id":6772495749,"iataCode":"191","name":"Air XXXXX X.X.X. XXX XXX XXXXX X.X.X."},"level":"card","card":{"id":677200000000012,"bsp":{"id":6772},"agent":{"id":67728120012,"iataCode":"8120012","name":"ATG XXXXXXXXXXX","bsp":{"id":6772},"active":true},"cardNumber":"376010XXXXX1003","expiryDate":"12/23","issuerName":"AX","paymentNetwork":"AX","cardType":"Corporate","companyName":"AX"},"type":"no","effectiveFrom":"2022-06-07","effectiveTo":"2022-12-20","status":"Inactive"},{"id":677200000003958,"bsp":{"id":6772,"isoCountryCode":"CH","name":"SWITZERLAND"},"airline":{"id":6772495749,"iataCode":"191","name":"Air XXXXX X.X.X. XXX XXX XXXXX X.X.X."},"level":"card","card":{"id":677200000000013,"bsp":{"id":6772},"agent":{"id":67728120012,"iataCode":"8120012","name":"ATG XXXXXXXXXXX","bsp":{"id":6772},"active":true},"cardNumber":"376010XXXXX1003","expiryDate":"12/23","issuerName":"AX","paymentNetwork":"AX","cardType":"Corporate","companyName":"AX"},"type":"no","effectiveFrom":"2022-06-07","effectiveTo":"2022-12-20","status":"Inactive"},{"id":677200000005750,"bsp":{"id":6772,"isoCountryCode":"CH","name":"SWITZERLAND"},"airline":{"id":6772495749,"iataCode":"191","name":"Air XXXXX X.X.X. XXX XXX XXXXX X.X.X."},"level":"card","card":{"id":677200000000012,"bsp":{"id":6772},"agent":{"id":67728120012,"iataCode":"8120012","name":"ATG XXXXXXXXXXX","bsp":{"id":6772},"active":true},"cardNumber":"376010XXXXX1003","expiryDate":"12/23","issuerName":"AX","paymentNetwork":"AX","cardType":"Corporate","companyName":"AX"},"type":"no","effectiveFrom":"2022-12-21","effectiveTo":"2022-12-22","status":"Inactive"},{"id":677200000005609,"bsp":{"id":6772,"isoCountryCode":"CH","name":"SWITZERLAND"},"airline":{"id":6772495749,"iataCode":"191","name":"Air XXXXX X.X.X. XXX XXX XXXXX X.X.X."},"level":"card","card":{"id":677200000000010,"bsp":{"id":6772},"agent":{"id":67728127904,"iataCode":"8127904","name":"VOYXXXXXXX","bsp":{"id":6772},"active":true},"cardNumber":"456480XXXXXX6349","expiryDate":"12/23","issuerName":"SDFDSFJDSFDSHJFDSSFDSFDSFDSFSDSFDFDSFDSFDSDSFSDFDS","paymentNetwork":"VI","cardType":"Consumer"},"type":"no","effectiveFrom":"2022-12-21","effectiveTo":"2022-12-22","status":"Inactive"},{"id":677200000006226,"bsp":{"id":6772,"isoCountryCode":"CH","name":"SWITZERLAND"},"airline":{"id":6772495749,"iataCode":"191","name":"Air XXXXX X.X.X. XXX XXX XXXXX X.X.X."},"level":"card","card":{"id":677200000000020,"bsp":{"id":6772},"agent":{"id":67728120012,"iataCode":"8120012","name":"ATG XXXXXXXXXXX","bsp":{"id":6772},"active":true},"cardNumber":"519396XXXXXX3484","expiryDate":"07/23","issuerName":"NEWFIVE","paymentNetwork":"CA","cardType":"Consumer"},"type":"no","effectiveFrom":"2022-12-21","effectiveTo":"2022-12-22","status":"Inactive"},{"id":677200000006107,"bsp":{"id":6772,"isoCountryCode":"CH","name":"SWITZERLAND"},"airline":{"id":6772495749,"iataCode":"191","name":"Air XXXXX X.X.X. XXX XXX XXXXX X.X.X."},"level":"card","card":{"id":677200000000015,"bsp":{"id":6772},"agent":{"id":67728120012,"iataCode":"8120012","name":"ATG XXXXXXXXXXX","bsp":{"id":6772},"active":true},"cardNumber":"519396XXXXXX3484","expiryDate":"08/23","issuerName":"CA","paymentNetwork":"CA","cardType":"Consumer"},"type":"no","effectiveFrom":"2022-12-21","effectiveTo":"2022-12-22","status":"Inactive"},{"id":677200000005305,"bsp":{"id":6772,"isoCountryCode":"CH","name":"SWITZERLAND"},"airline":{"id":6772495749,"iataCode":"191","name":"Air XXXXX X.X.X. XXX XXX XXXXX X.X.X."},"level":"card","card":{"id":677200000000008,"bsp":{"id":6772},"agent":{"id":67728127904,"iataCode":"8127904","name":"VOYXXXXXXX","bsp":{"id":6772},"active":true},"cardNumber":"456480XXXXXX6349","expiryDate":"12/34","issuerName":"CARLOS","paymentNetwork":"VI","cardType":"Corporate","companyName":"Accelya"},"type":"no","effectiveFrom":"2022-12-21","effectiveTo":"2022-12-22","status":"Inactive"},{"id":677200000005457,"bsp":{"id":6772,"isoCountryCode":"CH","name":"SWITZERLAND"},"airline":{"id":6772495749,"iataCode":"191","name":"Air XXXXX X.X.X. XXX XXX XXXXX X.X.X."},"level":"card","card":{"id":677200000000009,"bsp":{"id":6772},"agent":{"id":67728127904,"iataCode":"8127904","name":"VOYXXXXXXX","bsp":{"id":6772},"active":true},"cardNumber":"456480XXXXXX6349","expiryDate":"11/31","issuerName":"CARLOS","paymentNetwork":"VI","cardType":"Corporate","companyName":"Accelya"},"type":"no","effectiveFrom":"2022-12-21","effectiveTo":"2022-12-22","status":"Inactive"},{"id":677200000005869,"bsp":{"id":6772,"isoCountryCode":"CH","name":"SWITZERLAND"},"airline":{"id":6772495749,"iataCode":"191","name":"Air XXXXX X.X.X. XXX XXX XXXXX X.X.X."},"level":"card","card":{"id":677200000000013,"bsp":{"id":6772},"agent":{"id":67728120012,"iataCode":"8120012","name":"ATG XXXXXXXXXXX","bsp":{"id":6772},"active":true},"cardNumber":"376010XXXXX1003","expiryDate":"12/23","issuerName":"AX","paymentNetwork":"AX","cardType":"Corporate","companyName":"AX"},"type":"no","effectiveFrom":"2022-12-21","effectiveTo":"2022-12-22","status":"Inactive"},{"id":677200000005988,"bsp":{"id":6772,"isoCountryCode":"CH","name":"SWITZERLAND"},"airline":{"id":6772495749,"iataCode":"191","name":"Air XXXXX X.X.X. XXX XXX XXXXX X.X.X."},"level":"card","card":{"id":677200000000014,"bsp":{"id":6772},"agent":{"id":67728120012,"iataCode":"8120012","name":"ATG XXXXXXXXXXX","bsp":{"id":6772},"active":true},"cardNumber":"456480XXXXXX6349","expiryDate":"11/24","issuerName":"VI","paymentNetwork":"VI","cardType":"Consumer"},"type":"no","effectiveFrom":"2022-12-21","effectiveTo":"2022-12-22","status":"Inactive"},{"id":677200000006345,"bsp":{"id":6772,"isoCountryCode":"CH","name":"SWITZERLAND"},"airline":{"id":6772495749,"iataCode":"191","name":"Air XXXXX X.X.X. XXX XXX XXXXX X.X.X."},"level":"card","card":{"id":677200000000021,"bsp":{"id":6772},"agent":{"id":67728120012,"iataCode":"8120012","name":"ATG XXXXXXXXXXX","bsp":{"id":6772},"active":true},"cardNumber":"519396XXXXXX3484","expiryDate":"06/27","issuerName":"NEWSIX - CHECK NOTIFICATION","paymentNetwork":"CA","cardType":"Consumer"},"type":"no","effectiveFrom":"2022-12-21","effectiveTo":"2022-12-22","status":"Inactive"}]}

07-11-2024T16:34:57 - [TEST_STEP][PASSED] - responseQAMIGValue = getTestCaseVariables().get("responseQAMIG"): null

07-11-2024T16:34:57 - [TEST_STEP][FAILED] - markFailed(getTestCaseVariables().get("URL_QAMIG")): https://gateway-gateway.apps.qa-mig.okd4.nfe.projects.nonprod.itd.farelogix.com/api/tip-management/card-consents?page=0&size=100

07-11-2024T16:34:57 - [MESSAGE][FAILED] - https://gateway-gateway.apps.qa-mig.okd4.nfe.projects.nonprod.itd.farelogix.com/api/tip-management/card-consents?page=0&size=100

07-11-2024T16:34:57 - [TEST_STEP][FAILED] - markFailed(responseQAMIGValue): {"pageNumber":0,"pageSize":100,"total":12,"records":[{"id":677200000000067,"airline":{"id":6772495749,"iataCode":"191","name":"Air XXXXX X.X.X. XXX XXX XXXXX X.X.X."},"bsp":{"id":6772,"isoCountryCode":"CH","name":"SWIT"},"level":"country","type":"no","status":"Inactive","effectiveFrom":"2019-07-01","effectiveTo":"2020-02-20"},{"id":677200000000230,"airline":{"id":6772495749,"iataCode":"191","name":"Air XXXXX X.X.X. XXX XXX XXXXX X.X.X."},"bsp":{"id":6772,"isoCountryCode":"CH","name":"SWIT"},"level":"country","type":"no","status":"Inactive","effectiveFrom":"2019-07-05","effectiveTo":"2020-02-20"},{"id":677200000000378,"airline":{"id":6772495749,"iataCode":"191","name":"Air XXXXX X.X.X. XXX XXX XXXXX X.X.X."},"bsp":{"id":6772,"isoCountryCode":"CH","name":"SWIT"},"level":"country","type":"no","status":"Inactive","effectiveFrom":"2019-07-05","effectiveTo":"2020-02-20"},{"id":677200000000526,"airline":{"id":6772495749,"iataCode":"191","name":"Air XXXXX X.X.X. XXX XXX XXXXX X.X.X."},"bsp":{"id":6772,"isoCountryCode":"CH","name":"SWIT"},"level":"country","type":"no","status":"Inactive","effectiveFrom":"2019-07-05","effectiveTo":"2020-02-20"},{"id":677200000000704,"airline":{"id":6772495749,"iataCode":"191","name":"Air XXXXX X.X.X. XXX XXX XXXXX X.X.X."},"bsp":{"id":6772,"isoCountryCode":"CH","name":"SWIT"},"level":"country","type":"no","status":"Inactive","effectiveFrom":"2021-02-05","effectiveTo":"2022-03-03"},{"id":677200000002224,"airline":{"id":6772495749,"iataCode":"191","name":"Air XXXXX X.X.X. XXX XXX XXXXX X.X.X."},"bsp":{"id":6772,"isoCountryCode":"CH","name":"SWIT"},"level":"country","type":"no","status":"Inactive","effectiveFrom":"2022-02-02","effectiveTo":"2022-03-03"},{"id":677200000002503,"airline":{"id":6772495749,"iataCode":"191","name":"Air XXXXX X.X.X. XXX XXX XXXXX X.X.X."},"bsp":{"id":6772,"isoCountryCode":"CH","name":"SWIT"},"level":"country","type":"no","status":"Inactive","effectiveFrom":"2022-03-04","effectiveTo":"2022-12-20"},{"id":677200000003579,"airline":{"id":6772495749,"iataCode":"191","name":"Air XXXXX X.X.X. XXX XXX XXXXX X.X.X."},"bsp":{"id":6772,"isoCountryCode":"CH","name":"SWIT"},"level":"country","type":"no","status":"Inactive","effectiveFrom":"2022-03-04","effectiveTo":"2022-12-20"},{"id":677200000004665,"airline":{"id":6772495749,"iataCode":"191","name":"Air XXXXX X.X.X. XXX XXX XXXXX X.X.X."},"bsp":{"id":6772,"isoCountryCode":"CH","name":"SWIT"},"level":"country","type":"no","status":"Inactive","effectiveFrom":"2022-12-21","effectiveTo":"2022-12-22"},{"id":677200000005609,"airline":{"id":6772495749,"iataCode":"191","name":"Air XXXXX X.X.X. XXX XXX XXXXX X.X.X."},"bsp":{"id":6772,"isoCountryCode":"CH","name":"SWIT"},"level":"country","type":"no","status":"Inactive","effectiveFrom":"2022-12-21","effectiveTo":"2022-12-22"},{"id":677200000006483,"airline":{"id":6772495749,"iataCode":"191","name":"Air XXXXX X.X.X. XXX XXX XXXXX X.X.X."},"bsp":{"id":6772,"isoCountryCode":"CH","name":"SWIT"},"level":"country","type":"no","status":"Active","effectiveFrom":"2023-03-15"},{"id":677210000002140,"airline":{"id":6772495749,"iataCode":"191","name":"Air XXXXX X.X.X. XXX XXX XXXXX X.X.X."},"bsp":{"id":6772,"isoCountryCode":"CH","name":"SWIT"},"level":"country","type":"no","status":"Active","effectiveFrom":"2024-05-25"}]}

07-11-2024T16:34:57 - [MESSAGE][FAILED] - {"pageNumber":0,"pageSize":100,"total":12,"records":[{"id":677200000000067,"airline":{"id":6772495749,"iataCode":"191","name":"Air XXXXX X.X.X. XXX XXX XXXXX X.X.X."},"bsp":{"id":6772,"isoCountryCode":"CH","name":"SWIT"},"level":"country","type":"no","status":"Inactive","effectiveFrom":"2019-07-01","effectiveTo":"2020-02-20"},{"id":677200000000230,"airline":{"id":6772495749,"iataCode":"191","name":"Air XXXXX X.X.X. XXX XXX XXXXX X.X.X."},"bsp":{"id":6772,"isoCountryCode":"CH","name":"SWIT"},"level":"country","type":"no","status":"Inactive","effectiveFrom":"2019-07-05","effectiveTo":"2020-02-20"},{"id":677200000000378,"airline":{"id":6772495749,"iataCode":"191","name":"Air XXXXX X.X.X. XXX XXX XXXXX X.X.X."},"bsp":{"id":6772,"isoCountryCode":"CH","name":"SWIT"},"level":"country","type":"no","status":"Inactive","effectiveFrom":"2019-07-05","effectiveTo":"2020-02-20"},{"id":677200000000526,"airline":{"id":6772495749,"iataCode":"191","name":"Air XXXXX X.X.X. XXX XXX XXXXX X.X.X."},"bsp":{"id":6772,"isoCountryCode":"CH","name":"SWIT"},"level":"country","type":"no","status":"Inactive","effectiveFrom":"2019-07-05","effectiveTo":"2020-02-20"},{"id":677200000000704,"airline":{"id":6772495749,"iataCode":"191","name":"Air XXXXX X.X.X. XXX XXX XXXXX X.X.X."},"bsp":{"id":6772,"isoCountryCode":"CH","name":"SWIT"},"level":"country","type":"no","status":"Inactive","effectiveFrom":"2021-02-05","effectiveTo":"2022-03-03"},{"id":677200000002224,"airline":{"id":6772495749,"iataCode":"191","name":"Air XXXXX X.X.X. XXX XXX XXXXX X.X.X."},"bsp":{"id":6772,"isoCountryCode":"CH","name":"SWIT"},"level":"country","type":"no","status":"Inactive","effectiveFrom":"2022-02-02","effectiveTo":"2022-03-03"},{"id":677200000002503,"airline":{"id":6772495749,"iataCode":"191","name":"Air XXXXX X.X.X. XXX XXX XXXXX X.X.X."},"bsp":{"id":6772,"isoCountryCode":"CH","name":"SWIT"},"level":"country","type":"no","status":"Inactive","effectiveFrom":"2022-03-04","effectiveTo":"2022-12-20"},{"id":677200000003579,"airline":{"id":6772495749,"iataCode":"191","name":"Air XXXXX X.X.X. XXX XXX XXXXX X.X.X."},"bsp":{"id":6772,"isoCountryCode":"CH","name":"SWIT"},"level":"country","type":"no","status":"Inactive","effectiveFrom":"2022-03-04","effectiveTo":"2022-12-20"},{"id":677200000004665,"airline":{"id":6772495749,"iataCode":"191","name":"Air XXXXX X.X.X. XXX XXX XXXXX X.X.X."},"bsp":{"id":6772,"isoCountryCode":"CH","name":"SWIT"},"level":"country","type":"no","status":"Inactive","effectiveFrom":"2022-12-21","effectiveTo":"2022-12-22"},{"id":677200000005609,"airline":{"id":6772495749,"iataCode":"191","name":"Air XXXXX X.X.X. XXX XXX XXXXX X.X.X."},"bsp":{"id":6772,"isoCountryCode":"CH","name":"SWIT"},"level":"country","type":"no","status":"Inactive","effectiveFrom":"2022-12-21","effectiveTo":"2022-12-22"},{"id":677200000006483,"airline":{"id":6772495749,"iataCode":"191","name":"Air XXXXX X.X.X. XXX XXX XXXXX X.X.X."},"bsp":{"id":6772,"isoCountryCode":"CH","name":"SWIT"},"level":"country","type":"no","status":"Active","effectiveFrom":"2023-03-15"},{"id":677210000002140,"airline":{"id":6772495749,"iataCode":"191","name":"Air XXXXX X.X.X. XXX XXX XXXXX X.X.X."},"bsp":{"id":6772,"isoCountryCode":"CH","name":"SWIT"},"level":"country","type":"no","status":"Active","effectiveFrom":"2024-05-25"}]}

07-11-2024T16:34:57 - [TEST_STEP][PASSED] - recordsQA = getTestCaseVariables().get("sortedRecordsQA"): null

07-11-2024T16:34:57 - [TEST_STEP][FAILED] - markFailed(recordsQA): [{"level":"country","id":677200000006483,"airline":{"iataCode":"191","name":"Air XXXXX X.X.X. XXX XXX XXXXX X.X.X.","id":6772495749},"type":"no","effectiveFrom":"2023-03-15","bsp":{"isoCountryCode":"CH","name":"SWITZERLAND","id":6772},"status":"Active"},{"effectiveTo":"2020-02-20","level":"country","id":677200000000067,"airline":{"iataCode":"191","name":"Air XXXXX X.X.X. XXX XXX XXXXX X.X.X.","id":6772495749},"type":"no","effectiveFrom":"2019-07-01","bsp":{"isoCountryCode":"CH","name":"SWITZERLAND","id":6772},"status":"Inactive"},{"effectiveTo":"2022-12-22","level":"country","id":677200000004665,"airline":{"iataCode":"191","name":"Air XXXXX X.X.X. XXX XXX XXXXX X.X.X.","id":6772495749},"type":"no","effectiveFrom":"2022-12-21","bsp":{"isoCountryCode":"CH","name":"SWITZERLAND","id":6772},"status":"Inactive"},{"effectiveTo":"2022-03-03","level":"country","id":677200000000704,"airline":{"iataCode":"191","name":"Air XXXXX X.X.X. XXX XXX XXXXX X.X.X.","id":6772495749},"type":"no","effectiveFrom":"2021-02-05","bsp":{"isoCountryCode":"CH","name":"SWITZERLAND","id":6772},"status":"Inactive"},{"effectiveTo":"2022-12-20","level":"country","id":677200000002503,"airline":{"iataCode":"191","name":"Air XXXXX X.X.X. XXX XXX XXXXX X.X.X.","id":6772495749},"type":"no","effectiveFrom":"2022-03-04","bsp":{"isoCountryCode":"CH","name":"SWITZERLAND","id":6772},"status":"Inactive"},{"effectiveTo":"2020-02-20","level":"card","id":677200000000526,"airline":{"iataCode":"191","name":"Air XXXXX X.X.X. XXX XXX XXXXX X.X.X.","id":6772495749},"type":"no","effectiveFrom":"2019-07-05","bsp":{"isoCountryCode":"CH","name":"SWITZERLAND","id":6772},"card":{"expiryDate":"05/21","paymentNetwork":"VI","agent":{"iataCode":"8121095","name":"LE XXXX XXX XXXXX XX","active":true,"id":67728121095,"bsp":{"id":6772}},"issuerName":"KHADRAOUI TAHAR LE MUST AIR MARIN SA","companyName":"LE MUST AIR MARIN SA","cardType":"Corporate","id":677200000000003,"bsp":{"id":6772},"cardNumber":"485753XXXXXX3403"},"status":"Inactive"},{"effectiveTo":"2020-02-20","level":"card","id":677200000000378,"airline":{"iataCode":"191","name":"Air XXXXX X.X.X. XXX XXX XXXXX X.X.X.","id":6772495749},"type":"no","effectiveFrom":"2019-07-05","bsp":{"isoCountryCode":"CH","name":"SWITZERLAND","id":6772},"card":{"expiryDate":"09/22","paymentNetwork":"VI","agent":{"iataCode":"8121095","name":"LE XXXX XXX XXXXX XX","active":true,"id":67728121095,"bsp":{"id":6772}},"issuerName":"KHADRAOUI TAHAR","cardType":"Consumer","id":677200000000002,"bsp":{"id":6772},"cardNumber":"490118XXXXXX0610"},"status":"Inactive"},{"effectiveTo":"2020-02-20","level":"card","id":677200000000230,"airline":{"iataCode":"191","name":"Air XXXXX X.X.X. XXX XXX XXXXX X.X.X.","id":6772495749},"type":"no","effectiveFrom":"2019-07-05","bsp":{"isoCountryCode":"CH","name":"SWITZERLAND","id":6772},"card":{"expiryDate":"11/21","paymentNetwork":"CA","agent":{"iataCode":"8121095","name":"LE XXXX XXX XXXXX XX","active":true,"id":67728121095,"bsp":{"id":6772}},"issuerName":"TAHAR KHADRAOUI AIR MARIN SUISSE","companyName":"AIR MARIN SUISSE","cardType":"Corporate","id":677200000000001,"bsp":{"id":6772},"cardNumber":"558265XXXXXX6029"},"status":"Inactive"},{"effectiveTo":"2022-03-03","level":"card","id":677200000002224,"airline":{"iataCode":"191","name":"Air XXXXX X.X.X. XXX XXX XXXXX X.X.X.","id":6772495749},"type":"no","effectiveFrom":"2022-02-02","bsp":{"isoCountryCode":"CH","name":"SWITZERLAND","id":6772},"card":{"expiryDate":"12/23","paymentNetwork":"VI","agent":{"iataCode":"8127904","name":"VOYXXXXXXX","active":true,"id":67728127904,"bsp":{"id":6772}},"issuerName":"SDFDSFJDSFDSHJFDSSFDSFDSFDSFSDSFDFDSFDSFDSDSFSDFDS","cardType":"Consumer","id":677200000000010,"bsp":{"id":6772},"cardNumber":"456480XXXXXX6349"},"status":"Inactive"},{"effectiveTo":"2022-12-20","level":"card","id":677200000003579,"airline":{"iataCode":"191","name":"Air XXXXX X.X.X. XXX XXX XXXXX X.X.X.","id":6772495749},"type":"no","effectiveFrom":"2022-03-04","bsp":{"isoCountryCode":"CH","name":"SWITZERLAND","id":6772},"card":{"expiryDate":"12/23","paymentNetwork":"VI","agent":{"iataCode":"8127904","name":"VOYXXXXXXX","active":true,"id":67728127904,"bsp":{"id":6772}},"issuerName":"SDFDSFJDSFDSHJFDSSFDSFDSFDSFSDSFDFDSFDSFDSDSFSDFDS","cardType":"Consumer","id":677200000000010,"bsp":{"id":6772},"cardNumber":"456480XXXXXX6349"},"status":"Inactive"},{"effectiveTo":"2022-12-22","level":"card","id":677200000005609,"airline":{"iataCode":"191","name":"Air XXXXX X.X.X. XXX XXX XXXXX X.X.X.","id":6772495749},"type":"no","effectiveFrom":"2022-12-21","bsp":{"isoCountryCode":"CH","name":"SWITZERLAND","id":6772},"card":{"expiryDate":"12/23","paymentNetwork":"VI","agent":{"iataCode":"8127904","name":"VOYXXXXXXX","active":true,"id":67728127904,"bsp":{"id":6772}},"issuerName":"SDFDSFJDSFDSHJFDSSFDSFDSFDSFSDSFDFDSFDSFDSDSFSDFDS","cardType":"Consumer","id":677200000000010,"bsp":{"id":6772},"cardNumber":"456480XXXXXX6349"},"status":"Inactive"}]

07-11-2024T16:34:57 - [MESSAGE][FAILED] - [{"level":"country","id":677200000006483,"airline":{"iataCode":"191","name":"Air XXXXX X.X.X. XXX XXX XXXXX X.X.X.","id":6772495749},"type":"no","effectiveFrom":"2023-03-15","bsp":{"isoCountryCode":"CH","name":"SWITZERLAND","id":6772},"status":"Active"},{"effectiveTo":"2020-02-20","level":"country","id":677200000000067,"airline":{"iataCode":"191","name":"Air XXXXX X.X.X. XXX XXX XXXXX X.X.X.","id":6772495749},"type":"no","effectiveFrom":"2019-07-01","bsp":{"isoCountryCode":"CH","name":"SWITZERLAND","id":6772},"status":"Inactive"},{"effectiveTo":"2022-12-22","level":"country","id":677200000004665,"airline":{"iataCode":"191","name":"Air XXXXX X.X.X. XXX XXX XXXXX X.X.X.","id":6772495749},"type":"no","effectiveFrom":"2022-12-21","bsp":{"isoCountryCode":"CH","name":"SWITZERLAND","id":6772},"status":"Inactive"},{"effectiveTo":"2022-03-03","level":"country","id":677200000000704,"airline":{"iataCode":"191","name":"Air XXXXX X.X.X. XXX XXX XXXXX X.X.X.","id":6772495749},"type":"no","effectiveFrom":"2021-02-05","bsp":{"isoCountryCode":"CH","name":"SWITZERLAND","id":6772},"status":"Inactive"},{"effectiveTo":"2022-12-20","level":"country","id":677200000002503,"airline":{"iataCode":"191","name":"Air XXXXX X.X.X. XXX XXX XXXXX X.X.X.","id":6772495749},"type":"no","effectiveFrom":"2022-03-04","bsp":{"isoCountryCode":"CH","name":"SWITZERLAND","id":6772},"status":"Inactive"},{"effectiveTo":"2020-02-20","level":"card","id":677200000000526,"airline":{"iataCode":"191","name":"Air XXXXX X.X.X. XXX XXX XXXXX X.X.X.","id":6772495749},"type":"no","effectiveFrom":"2019-07-05","bsp":{"isoCountryCode":"CH","name":"SWITZERLAND","id":6772},"card":{"expiryDate":"05/21","paymentNetwork":"VI","agent":{"iataCode":"8121095","name":"LE XXXX XXX XXXXX XX","active":true,"id":67728121095,"bsp":{"id":6772}},"issuerName":"KHADRAOUI TAHAR LE MUST AIR MARIN SA","companyName":"LE MUST AIR MARIN SA","cardType":"Corporate","id":677200000000003,"bsp":{"id":6772},"cardNumber":"485753XXXXXX3403"},"status":"Inactive"},{"effectiveTo":"2020-02-20","level":"card","id":677200000000378,"airline":{"iataCode":"191","name":"Air XXXXX X.X.X. XXX XXX XXXXX X.X.X.","id":6772495749},"type":"no","effectiveFrom":"2019-07-05","bsp":{"isoCountryCode":"CH","name":"SWITZERLAND","id":6772},"card":{"expiryDate":"09/22","paymentNetwork":"VI","agent":{"iataCode":"8121095","name":"LE XXXX XXX XXXXX XX","active":true,"id":67728121095,"bsp":{"id":6772}},"issuerName":"KHADRAOUI TAHAR","cardType":"Consumer","id":677200000000002,"bsp":{"id":6772},"cardNumber":"490118XXXXXX0610"},"status":"Inactive"},{"effectiveTo":"2020-02-20","level":"card","id":677200000000230,"airline":{"iataCode":"191","name":"Air XXXXX X.X.X. XXX XXX XXXXX X.X.X.","id":6772495749},"type":"no","effectiveFrom":"2019-07-05","bsp":{"isoCountryCode":"CH","name":"SWITZERLAND","id":6772},"card":{"expiryDate":"11/21","paymentNetwork":"CA","agent":{"iataCode":"8121095","name":"LE XXXX XXX XXXXX XX","active":true,"id":67728121095,"bsp":{"id":6772}},"issuerName":"TAHAR KHADRAOUI AIR MARIN SUISSE","companyName":"AIR MARIN SUISSE","cardType":"Corporate","id":677200000000001,"bsp":{"id":6772},"cardNumber":"558265XXXXXX6029"},"status":"Inactive"},{"effectiveTo":"2022-03-03","level":"card","id":677200000002224,"airline":{"iataCode":"191","name":"Air XXXXX X.X.X. XXX XXX XXXXX X.X.X.","id":6772495749},"type":"no","effectiveFrom":"2022-02-02","bsp":{"isoCountryCode":"CH","name":"SWITZERLAND","id":6772},"card":{"expiryDate":"12/23","paymentNetwork":"VI","agent":{"iataCode":"8127904","name":"VOYXXXXXXX","active":true,"id":67728127904,"bsp":{"id":6772}},"issuerName":"SDFDSFJDSFDSHJFDSSFDSFDSFDSFSDSFDFDSFDSFDSDSFSDFDS","cardType":"Consumer","id":677200000000010,"bsp":{"id":6772},"cardNumber":"456480XXXXXX6349"},"status":"Inactive"},{"effectiveTo":"2022-12-20","level":"card","id":677200000003579,"airline":{"iataCode":"191","name":"Air XXXXX X.X.X. XXX XXX XXXXX X.X.X.","id":6772495749},"type":"no","effectiveFrom":"2022-03-04","bsp":{"isoCountryCode":"CH","name":"SWITZERLAND","id":6772},"card":{"expiryDate":"12/23","paymentNetwork":"VI","agent":{"iataCode":"8127904","name":"VOYXXXXXXX","active":true,"id":67728127904,"bsp":{"id":6772}},"issuerName":"SDFDSFJDSFDSHJFDSSFDSFDSFDSFSDSFDFDSFDSFDSDSFSDFDS","cardType":"Consumer","id":677200000000010,"bsp":{"id":6772},"cardNumber":"456480XXXXXX6349"},"status":"Inactive"},{"effectiveTo":"2022-12-22","level":"card","id":677200000005609,"airline":{"iataCode":"191","name":"Air XXXXX X.X.X. XXX XXX XXXXX X.X.X.","id":6772495749},"type":"no","effectiveFrom":"2022-12-21","bsp":{"isoCountryCode":"CH","name":"SWITZERLAND","id":6772},"card":{"expiryDate":"12/23","paymentNetwork":"VI","agent":{"iataCode":"8127904","name":"VOYXXXXXXX","active":true,"id":67728127904,"bsp":{"id":6772}},"issuerName":"SDFDSFJDSFDSHJFDSSFDSFDSFDSFSDSFDFDSFDSFDSDSFSDFDS","cardType":"Consumer","id":677200000000010,"bsp":{"id":6772},"cardNumber":"456480XXXXXX6349"},"status":"Inactive"}]

07-11-2024T16:34:57 - [TEST_STEP][PASSED] - recordsQAMIG = getTestCaseVariables().get("sortedRecordsQAMIG"): null

07-11-2024T16:34:57 - [TEST_STEP][FAILED] - markFailed(recordsQAMIG): [{"effectiveTo":"2020-02-20","level":"country","id":677200000000067,"airline":{"iataCode":"191","name":"Air XXXXX X.X.X. XXX XXX XXXXX X.X.X.","id":6772495749},"type":"no","effectiveFrom":"2019-07-01","bsp":{"isoCountryCode":"CH","name":"SWIT","id":6772},"status":"Inactive"},{"effectiveTo":"2020-02-20","level":"country","id":677200000000230,"airline":{"iataCode":"191","name":"Air XXXXX X.X.X. XXX XXX XXXXX X.X.X.","id":6772495749},"type":"no","effectiveFrom":"2019-07-05","bsp":{"isoCountryCode":"CH","name":"SWIT","id":6772},"status":"Inactive"},{"effectiveTo":"2020-02-20","level":"country","id":677200000000378,"airline":{"iataCode":"191","name":"Air XXXXX X.X.X. XXX XXX XXXXX X.X.X.","id":6772495749},"type":"no","effectiveFrom":"2019-07-05","bsp":{"isoCountryCode":"CH","name":"SWIT","id":6772},"status":"Inactive"},{"effectiveTo":"2020-02-20","level":"country","id":677200000000526,"airline":{"iataCode":"191","name":"Air XXXXX X.X.X. XXX XXX XXXXX X.X.X.","id":6772495749},"type":"no","effectiveFrom":"2019-07-05","bsp":{"isoCountryCode":"CH","name":"SWIT","id":6772},"status":"Inactive"},{"effectiveTo":"2022-03-03","level":"country","id":677200000000704,"airline":{"iataCode":"191","name":"Air XXXXX X.X.X. XXX XXX XXXXX X.X.X.","id":6772495749},"type":"no","effectiveFrom":"2021-02-05","bsp":{"isoCountryCode":"CH","name":"SWIT","id":6772},"status":"Inactive"},{"effectiveTo":"2022-03-03","level":"country","id":677200000002224,"airline":{"iataCode":"191","name":"Air XXXXX X.X.X. XXX XXX XXXXX X.X.X.","id":6772495749},"type":"no","effectiveFrom":"2022-02-02","bsp":{"isoCountryCode":"CH","name":"SWIT","id":6772},"status":"Inactive"},{"effectiveTo":"2022-12-20","level":"country","id":677200000002503,"airline":{"iataCode":"191","name":"Air XXXXX X.X.X. XXX XXX XXXXX X.X.X.","id":6772495749},"type":"no","effectiveFrom":"2022-03-04","bsp":{"isoCountryCode":"CH","name":"SWIT","id":6772},"status":"Inactive"},{"effectiveTo":"2022-12-20","level":"country","id":677200000003579,"airline":{"iataCode":"191","name":"Air XXXXX X.X.X. XXX XXX XXXXX X.X.X.","id":6772495749},"type":"no","effectiveFrom":"2022-03-04","bsp":{"isoCountryCode":"CH","name":"SWIT","id":6772},"status":"Inactive"},{"effectiveTo":"2022-12-22","level":"country","id":677200000004665,"airline":{"iataCode":"191","name":"Air XXXXX X.X.X. XXX XXX XXXXX X.X.X.","id":6772495749},"type":"no","effectiveFrom":"2022-12-21","bsp":{"isoCountryCode":"CH","name":"SWIT","id":6772},"status":"Inactive"},{"effectiveTo":"2022-12-22","level":"country","id":677200000005609,"airline":{"iataCode":"191","name":"Air XXXXX X.X.X. XXX XXX XXXXX X.X.X.","id":6772495749},"type":"no","effectiveFrom":"2022-12-21","bsp":{"isoCountryCode":"CH","name":"SWIT","id":6772},"status":"Inactive"},{"level":"country","id":677200000006483,"airline":{"iataCode":"191","name":"Air XXXXX X.X.X. XXX XXX XXXXX X.X.X.","id":6772495749},"type":"no","effectiveFrom":"2023-03-15","bsp":{"isoCountryCode":"CH","name":"SWIT","id":6772},"status":"Active"},{"level":"country","id":677210000002140,"airline":{"iataCode":"191","name":"Air XXXXX X.X.X. XXX XXX XXXXX X.X.X.","id":6772495749},"type":"no","effectiveFrom":"2024-05-25","bsp":{"isoCountryCode":"CH","name":"SWIT","id":6772},"status":"Active"}]

07-11-2024T16:34:57 - [MESSAGE][FAILED] - [{"effectiveTo":"2020-02-20","level":"country","id":677200000000067,"airline":{"iataCode":"191","name":"Air XXXXX X.X.X. XXX XXX XXXXX X.X.X.","id":6772495749},"type":"no","effectiveFrom":"2019-07-01","bsp":{"isoCountryCode":"CH","name":"SWIT","id":6772},"status":"Inactive"},{"effectiveTo":"2020-02-20","level":"country","id":677200000000230,"airline":{"iataCode":"191","name":"Air XXXXX X.X.X. XXX XXX XXXXX X.X.X.","id":6772495749},"type":"no","effectiveFrom":"2019-07-05","bsp":{"isoCountryCode":"CH","name":"SWIT","id":6772},"status":"Inactive"},{"effectiveTo":"2020-02-20","level":"country","id":677200000000378,"airline":{"iataCode":"191","name":"Air XXXXX X.X.X. XXX XXX XXXXX X.X.X.","id":6772495749},"type":"no","effectiveFrom":"2019-07-05","bsp":{"isoCountryCode":"CH","name":"SWIT","id":6772},"status":"Inactive"},{"effectiveTo":"2020-02-20","level":"country","id":677200000000526,"airline":{"iataCode":"191","name":"Air XXXXX X.X.X. XXX XXX XXXXX X.X.X.","id":6772495749},"type":"no","effectiveFrom":"2019-07-05","bsp":{"isoCountryCode":"CH","name":"SWIT","id":6772},"status":"Inactive"},{"effectiveTo":"2022-03-03","level":"country","id":677200000000704,"airline":{"iataCode":"191","name":"Air XXXXX X.X.X. XXX XXX XXXXX X.X.X.","id":6772495749},"type":"no","effectiveFrom":"2021-02-05","bsp":{"isoCountryCode":"CH","name":"SWIT","id":6772},"status":"Inactive"},{"effectiveTo":"2022-03-03","level":"country","id":677200000002224,"airline":{"iataCode":"191","name":"Air XXXXX X.X.X. XXX XXX XXXXX X.X.X.","id":6772495749},"type":"no","effectiveFrom":"2022-02-02","bsp":{"isoCountryCode":"CH","name":"SWIT","id":6772},"status":"Inactive"},{"effectiveTo":"2022-12-20","level":"country","id":677200000002503,"airline":{"iataCode":"191","name":"Air XXXXX X.X.X. XXX XXX XXXXX X.X.X.","id":6772495749},"type":"no","effectiveFrom":"2022-03-04","bsp":{"isoCountryCode":"CH","name":"SWIT","id":6772},"status":"Inactive"},{"effectiveTo":"2022-12-20","level":"country","id":677200000003579,"airline":{"iataCode":"191","name":"Air XXXXX X.X.X. XXX XXX XXXXX X.X.X.","id":6772495749},"type":"no","effectiveFrom":"2022-03-04","bsp":{"isoCountryCode":"CH","name":"SWIT","id":6772},"status":"Inactive"},{"effectiveTo":"2022-12-22","level":"country","id":677200000004665,"airline":{"iataCode":"191","name":"Air XXXXX X.X.X. XXX XXX XXXXX X.X.X.","id":6772495749},"type":"no","effectiveFrom":"2022-12-21","bsp":{"isoCountryCode":"CH","name":"SWIT","id":6772},"status":"Inactive"},{"effectiveTo":"2022-12-22","level":"country","id":677200000005609,"airline":{"iataCode":"191","name":"Air XXXXX X.X.X. XXX XXX XXXXX X.X.X.","id":6772495749},"type":"no","effectiveFrom":"2022-12-21","bsp":{"isoCountryCode":"CH","name":"SWIT","id":6772},"status":"Inactive"},{"level":"country","id":677200000006483,"airline":{"iataCode":"191","name":"Air XXXXX X.X.X. XXX XXX XXXXX X.X.X.","id":6772495749},"type":"no","effectiveFrom":"2023-03-15","bsp":{"isoCountryCode":"CH","name":"SWIT","id":6772},"status":"Active"},{"level":"country","id":677210000002140,"airline":{"iataCode":"191","name":"Air XXXXX X.X.X. XXX XXX XXXXX X.X.X.","id":6772495749},"type":"no","effectiveFrom":"2024-05-25","bsp":{"isoCountryCode":"CH","name":"SWIT","id":6772},"status":"Active"}]

07-11-2024T16:34:57 - [TEST_STEP][PASSED] - missingIDsList = getTestCaseVariables().get("missing_IDs"): null

07-11-2024T16:34:57 - [TEST_STEP][FAILED] - missingIDsList.each({ java.lang.Object id -> ... }): ID Missing -> 677200000006345

07-11-2024T16:34:57 - [MESSAGE][FAILED] - ID Missing -> 677200000000997

07-11-2024T16:34:57 - [MESSAGE][FAILED] - ID Missing -> 677200000001768

07-11-2024T16:34:57 - [MESSAGE][FAILED] - ID Missing -> 677200000001920

07-11-2024T16:34:57 - [MESSAGE][FAILED] - ID Missing -> 677200000004838

07-11-2024T16:34:57 - [MESSAGE][FAILED] - ID Missing -> 677200000004997

07-11-2024T16:34:57 - [MESSAGE][FAILED] - ID Missing -> 677200000004526

07-11-2024T16:34:57 - [MESSAGE][FAILED] - ID Missing -> 677200000004407

07-11-2024T16:34:57 - [MESSAGE][FAILED] - ID Missing -> 677200000005153

07-11-2024T16:34:57 - [MESSAGE][FAILED] - ID Missing -> 677200000004196

07-11-2024T16:34:57 - [MESSAGE][FAILED] - ID Missing -> 677200000004077

07-11-2024T16:34:57 - [MESSAGE][FAILED] - ID Missing -> 677200000001131

07-11-2024T16:34:57 - [MESSAGE][FAILED] - ID Missing -> 677200000000863

07-11-2024T16:34:57 - [MESSAGE][FAILED] - ID Missing -> 677200000001276

07-11-2024T16:34:57 - [MESSAGE][FAILED] - ID Missing -> 677200000001611

07-11-2024T16:34:57 - [MESSAGE][FAILED] - ID Missing -> 677200000001452

07-11-2024T16:34:57 - [MESSAGE][FAILED] - ID Missing -> 677200000002365

07-11-2024T16:34:57 - [MESSAGE][FAILED] - ID Missing -> 677200000002072

07-11-2024T16:34:57 - [MESSAGE][FAILED] - ID Missing -> 677200000003720

07-11-2024T16:34:57 - [MESSAGE][FAILED] - ID Missing -> 677200000003275

07-11-2024T16:34:57 - [MESSAGE][FAILED] - ID Missing -> 677200000003123

07-11-2024T16:34:57 - [MESSAGE][FAILED] - ID Missing -> 677200000002967

07-11-2024T16:34:57 - [MESSAGE][FAILED] - ID Missing -> 677200000003427

07-11-2024T16:34:57 - [MESSAGE][FAILED] - ID Missing -> 677200000002808

07-11-2024T16:34:57 - [MESSAGE][FAILED] - ID Missing -> 677200000002664

07-11-2024T16:34:57 - [MESSAGE][FAILED] - ID Missing -> 677200000003839

07-11-2024T16:34:57 - [MESSAGE][FAILED] - ID Missing -> 677200000003958

07-11-2024T16:34:57 - [MESSAGE][FAILED] - ID Missing -> 677200000005750

07-11-2024T16:34:57 - [MESSAGE][FAILED] - ID Missing -> 677200000006226

07-11-2024T16:34:57 - [MESSAGE][FAILED] - ID Missing -> 677200000006107

07-11-2024T16:34:57 - [MESSAGE][FAILED] - ID Missing -> 677200000005305

07-11-2024T16:34:57 - [MESSAGE][FAILED] - ID Missing -> 677200000005457

07-11-2024T16:34:57 - [MESSAGE][FAILED] - ID Missing -> 677200000005869

07-11-2024T16:34:57 - [MESSAGE][FAILED] - ID Missing -> 677200000005988

07-11-2024T16:34:57 - [MESSAGE][FAILED] - ID Missing -> 677200000006345

07-11-2024T16:34:57 - [TEST_STEP][PASSED] - fieldsToBeIgnoredList = getTestCaseVariables().get("fieldsToBeIgnoredList"): null

07-11-2024T16:34:57 - [TEST_STEP][FAILED] - fieldsToBeIgnoredList.each({ java.lang.Object fieldName -> ... }): Field Ignored -> bsp.name

07-11-2024T16:34:57 - [MESSAGE][FAILED] - Field Ignored -> card.cardNumber

07-11-2024T16:34:57 - [MESSAGE][FAILED] - Field Ignored -> bsp.name

07-11-2024T16:34:57 - [TEST_STEP][PASSED] - uniqueKey = getTestCaseVariables().get("keyToSort"): null

07-11-2024T16:34:57 - [TEST_STEP][PASSED] - failedList = getTestCaseVariables().get("failedList"): null

07-11-2024T16:34:57 - [TEST_STEP][FAILED] - markFailed("failedList.size() " + failedList.size()): failedList.size() 1

07-11-2024T16:34:57 - [MESSAGE][FAILED] - failedList.size() 1

07-11-2024T16:34:57 - [TEST_STEP][PASSED] - hashMapF1 = new java.util.HashMap(): null

07-11-2024T16:34:57 - [TEST_STEP][PASSED] - hashMapF2 = new java.util.HashMap(): null

07-11-2024T16:34:57 - [TEST_STEP][PASSED] - failedList.forEach({ java.lang.Object failedF -> ... }): null

07-11-2024T16:34:57 - [TEST_STEP][FAILED] - keySet().forEach({ java.lang.Object key -> ... }): Key total | Value from QA -> 45 | Value from QAMIG -> 12

07-11-2024T16:34:57 - [MESSAGE][FAILED] - Key total | Value from QA -> 45 | Value from QAMIG -> 12

07-11-2024T16:34:57 - [TEST_STEP][PASSED] - hashMapFEx1 = new java.util.HashMap(): null

07-11-2024T16:34:57 - [TEST_STEP][PASSED] - hashMapFEx2 = new java.util.HashMap(): null

07-11-2024T16:34:57 - [TEST_STEP][PASSED] - failedList.forEach({ java.lang.Object failedF -> ... }): null

07-11-2024T16:34:57 - [TEST_STEP][PASSED] - keySet().forEach({ java.lang.Object key -> ... }): reporting.ExtentReporting.logFailedData is PASSED

07-11-2024T16:34:57 - [MESSAGE][PASSED] - reporting.ExtentReporting.logFailedData is PASSED

07-11-2024T16:34:57 - [TEST_STEP][PASSED] - missingList = getTestCaseVariables().get("missingList"): null

07-11-2024T16:34:57 - [TEST_STEP][FAILED] - markFailed("missingList.size() " + missingList.size()): missingList.size() 0

07-11-2024T16:34:57 - [MESSAGE][FAILED] - missingList.size() 0

07-11-2024T16:34:57 - [TEST_STEP][PASSED] - hashMapM = new java.util.HashMap(): null

07-11-2024T16:34:57 - [TEST_STEP][PASSED] - missingAll = new java.util.LinkedHashMap(): null

07-11-2024T16:34:57 - [TEST_STEP][PASSED] - c = 0: null

07-11-2024T16:34:57 - [TEST_STEP][PASSED] - if (missingList.size() > 0): null

07-11-2024T16:34:57 - [TEST_STEP][FAILED] - markFailed("Missing from QAMIG size -> " + hashMapM.size()): Missing from QAMIG size -> 0

07-11-2024T16:34:57 - [MESSAGE][FAILED] - Missing from QAMIG size -> 0

07-11-2024T16:34:57 - [TEST_STEP][FAILED] - markFailed("Missing from QAMIG -> " + hashMapM): Missing from QAMIG -> [:]

07-11-2024T16:34:57 - [MESSAGE][FAILED] - Missing from QAMIG -> [:]

07-11-2024T16:34:57 - [TEST_STEP][PASSED] - if (hashMapM.size() > 0): null

07-11-2024T16:34:57 - [TEST_STEP][PASSED] - unexpectedList = getTestCaseVariables().get("unexpectedList"): null

07-11-2024T16:34:57 - [TEST_STEP][FAILED] - markFailed("unexpectedList.size() " + unexpectedList.size()): unexpectedList.size() 0

07-11-2024T16:34:57 - [MESSAGE][FAILED] - unexpectedList.size() 0

07-11-2024T16:34:57 - [TEST_STEP][PASSED] - hashMapU = new java.util.HashMap(): null

07-11-2024T16:34:57 - [TEST_STEP][PASSED] - if (unexpectedList.size() > 0): null

07-11-2024T16:34:57 - [TEST_STEP][FAILED] - markFailed("Missing from QA size -> " + hashMapU.size()): Missing from QA size -> 0

07-11-2024T16:34:57 - [MESSAGE][FAILED] - Missing from QA size -> 0

07-11-2024T16:34:57 - [TEST_STEP][FAILED] - markFailed("Missing from QA -> " + hashMapU): Missing from QA -> [:]

07-11-2024T16:34:57 - [MESSAGE][FAILED] - Missing from QA -> [:]

07-11-2024T16:34:57 - [TEST_STEP][PASSED] - missing_IDs = getTestCaseVariables().get("missing_IDs"): null

07-11-2024T16:34:57 - [TEST_STEP][PASSED] - if (missing_IDs.size() > 0): reporting.ExtentReporting.logMissingData is PASSED

07-11-2024T16:34:57 - [TEST_STEP][PASSED] - reporting.ExtentReporting.logMissingData("Missing IDs", "" + missing_IDs): reporting.ExtentReporting.logMissingData is PASSED

07-11-2024T16:34:57 - [MESSAGE][PASSED] - reporting.ExtentReporting.logMissingData is PASSED

07-11-2024T16:34:57 - [TEST_STEP][PASSED] - reporting.ExtentReporting.testStatus("FAIL", testCaseContext.getMessage()): reporting.ExtentReporting.testStatus is PASSED

07-11-2024T16:34:57 - [MESSAGE][PASSED] - reporting.ExtentReporting.testStatus is PASSED

07-11-2024T16:34:57 - [TEST_STEP][PASSED] - if (extentFlag.equals("y")): Invoke 'com.kms.katalon.core.annotation.AfterTestCase' method: 'TestListener.afterTestCase(...)' completed.

07-11-2024T16:34:57 - [TEST_STEP][PASSED] - reporting.ExtentReporting.endTest(): Invoke 'com.kms.katalon.core.annotation.AfterTestCase' method: 'TestListener.afterTestCase(...)' completed.

07-11-2024T16:34:58 - [MESSAGE][PASSED] - reporting.ExtentReporting.endTest is PASSED

07-11-2024T16:34:58 - [MESSAGE][INFO] - Invoke 'com.kms.katalon.core.annotation.AfterTestCase' method: 'TestListener.afterTestCase(...)' completed.]]></system-out>
         <system-err><![CDATA[07-11-2024T16:34:56 - [TEST_CASE][FAILED] - Test Cases/TIP_Management/card-consents/FCA_15723_GET_TIP_Card_Consents: Test Cases/TIP_Management/card-consents/FCA_15723_GET_TIP_Card_Consents FAILED.
Reason:
com.kms.katalon.core.exception.StepFailedException: There are 45 RECORDS in QA and 12 RECORDS in QAMIG
	at com.kms.katalon.core.util.KeywordUtil.markFailed(KeywordUtil.java:19)
	at Script1728289361032$_run_closure1.doCall(Script1728289361032.groovy:120)
	at java.base/jdk.internal.reflect.NativeMethodAccessorImpl.invoke0(Native Method)
	at java.base/jdk.internal.reflect.NativeMethodAccessorImpl.invoke(NativeMethodAccessorImpl.java:77)
	at java.base/jdk.internal.reflect.DelegatingMethodAccessorImpl.invoke(DelegatingMethodAccessorImpl.java:43)
	at FCA-15725_GET_TIP_Card_Consent_by_Id.run(FCA-15725_GET_TIP_Card_Consent_by_Id:92)
	at com.kms.katalon.core.main.ScriptEngine.run(ScriptEngine.java:194)
	at com.kms.katalon.core.main.ScriptEngine.runScriptAsRawText(ScriptEngine.java:119)
	at com.kms.katalon.core.main.TestCaseExecutor.runScript(TestCaseExecutor.java:448)
	at com.kms.katalon.core.main.TestCaseExecutor.doExecute(TestCaseExecutor.java:439)
	at com.kms.katalon.core.main.TestCaseExecutor.processExecutionPhase(TestCaseExecutor.java:418)
	at com.kms.katalon.core.main.TestCaseExecutor.accessMainPhase(TestCaseExecutor.java:410)
	at com.kms.katalon.core.main.TestCaseExecutor.execute(TestCaseExecutor.java:285)
	at com.kms.katalon.core.common.CommonExecutor.accessTestCaseMainPhase(CommonExecutor.java:65)
	at com.kms.katalon.core.main.TestSuiteExecutor.accessTestSuiteMainPhase(TestSuiteExecutor.java:150)
	at com.kms.katalon.core.main.TestSuiteExecutor.execute(TestSuiteExecutor.java:106)
	at com.kms.katalon.core.main.TestCaseMain.startTestSuite(TestCaseMain.java:180)
	at TempTestSuite1730977477728.run(TempTestSuite1730977477728.groovy:35)
	at java.base/jdk.internal.reflect.NativeMethodAccessorImpl.invoke0(Native Method)
	at java.base/jdk.internal.reflect.NativeMethodAccessorImpl.invoke(NativeMethodAccessorImpl.java:77)
	at java.base/jdk.internal.reflect.DelegatingMethodAccessorImpl.invoke(DelegatingMethodAccessorImpl.java:43)]]></system-err>
      </testcase>
      <system-out><![CDATA[07-11-2024T16:34:44 - [TEST_SUITE][FAILED] - cardconsents: Test Cases/TIP_Management/card-consents/FCA_15723_GET_TIP_Card_Consents FAILED.
Reason:
com.kms.katalon.core.exception.StepFailedException: There are 45 RECORDS in QA and 12 RECORDS in QAMIG
	at com.kms.katalon.core.util.KeywordUtil.markFailed(KeywordUtil.java:19)
	at Script1728289361032$_run_closure1.doCall(Script1728289361032.groovy:120)
	at java.base/jdk.internal.reflect.NativeMethodAccessorImpl.invoke0(Native Method)
	at java.base/jdk.internal.reflect.NativeMethodAccessorImpl.invoke(NativeMethodAccessorImpl.java:77)
	at java.base/jdk.internal.reflect.DelegatingMethodAccessorImpl.invoke(DelegatingMethodAccessorImpl.java:43)
	at FCA-15725_GET_TIP_Card_Consent_by_Id.run(FCA-15725_GET_TIP_Card_Consent_by_Id:92)
	at com.kms.katalon.core.main.ScriptEngine.run(ScriptEngine.java:194)
	at com.kms.katalon.core.main.ScriptEngine.runScriptAsRawText(ScriptEngine.java:119)
	at com.kms.katalon.core.main.TestCaseExecutor.runScript(TestCaseExecutor.java:448)
	at com.kms.katalon.core.main.TestCaseExecutor.doExecute(TestCaseExecutor.java:439)
	at com.kms.katalon.core.main.TestCaseExecutor.processExecutionPhase(TestCaseExecutor.java:418)
	at com.kms.katalon.core.main.TestCaseExecutor.accessMainPhase(TestCaseExecutor.java:410)
	at com.kms.katalon.core.main.TestCaseExecutor.execute(TestCaseExecutor.java:285)
	at com.kms.katalon.core.common.CommonExecutor.accessTestCaseMainPhase(CommonExecutor.java:65)
	at com.kms.katalon.core.main.TestSuiteExecutor.accessTestSuiteMainPhase(TestSuiteExecutor.java:150)
	at com.kms.katalon.core.main.TestSuiteExecutor.execute(TestSuiteExecutor.java:106)
	at com.kms.katalon.core.main.TestCaseMain.startTestSuite(TestCaseMain.java:180)
	at TempTestSuite1730977477728.run(TempTestSuite1730977477728.groovy:35)
	at java.base/jdk.internal.reflect.NativeMethodAccessorImpl.invoke0(Native Method)
	at java.base/jdk.internal.reflect.NativeMethodAccessorImpl.invoke(NativeMethodAccessorImpl.java:77)
	at java.base/jdk.internal.reflect.DelegatingMethodAccessorImpl.invoke(DelegatingMethodAccessorImpl.java:43)]]></system-out>
      <system-err><![CDATA[07-11-2024T16:34:44 - [TEST_SUITE][FAILED] - cardconsents: Test Cases/TIP_Management/card-consents/FCA_15723_GET_TIP_Card_Consents FAILED.
Reason:
com.kms.katalon.core.exception.StepFailedException: There are 45 RECORDS in QA and 12 RECORDS in QAMIG
	at com.kms.katalon.core.util.KeywordUtil.markFailed(KeywordUtil.java:19)
	at Script1728289361032$_run_closure1.doCall(Script1728289361032.groovy:120)
	at java.base/jdk.internal.reflect.NativeMethodAccessorImpl.invoke0(Native Method)
	at java.base/jdk.internal.reflect.NativeMethodAccessorImpl.invoke(NativeMethodAccessorImpl.java:77)
	at java.base/jdk.internal.reflect.DelegatingMethodAccessorImpl.invoke(DelegatingMethodAccessorImpl.java:43)
	at FCA-15725_GET_TIP_Card_Consent_by_Id.run(FCA-15725_GET_TIP_Card_Consent_by_Id:92)
	at com.kms.katalon.core.main.ScriptEngine.run(ScriptEngine.java:194)
	at com.kms.katalon.core.main.ScriptEngine.runScriptAsRawText(ScriptEngine.java:119)
	at com.kms.katalon.core.main.TestCaseExecutor.runScript(TestCaseExecutor.java:448)
	at com.kms.katalon.core.main.TestCaseExecutor.doExecute(TestCaseExecutor.java:439)
	at com.kms.katalon.core.main.TestCaseExecutor.processExecutionPhase(TestCaseExecutor.java:418)
	at com.kms.katalon.core.main.TestCaseExecutor.accessMainPhase(TestCaseExecutor.java:410)
	at com.kms.katalon.core.main.TestCaseExecutor.execute(TestCaseExecutor.java:285)
	at com.kms.katalon.core.common.CommonExecutor.accessTestCaseMainPhase(CommonExecutor.java:65)
	at com.kms.katalon.core.main.TestSuiteExecutor.accessTestSuiteMainPhase(TestSuiteExecutor.java:150)
	at com.kms.katalon.core.main.TestSuiteExecutor.execute(TestSuiteExecutor.java:106)
	at com.kms.katalon.core.main.TestCaseMain.startTestSuite(TestCaseMain.java:180)
	at TempTestSuite1730977477728.run(TempTestSuite1730977477728.groovy:35)
	at java.base/jdk.internal.reflect.NativeMethodAccessorImpl.invoke0(Native Method)
	at java.base/jdk.internal.reflect.NativeMethodAccessorImpl.invoke(NativeMethodAccessorImpl.java:77)
	at java.base/jdk.internal.reflect.DelegatingMethodAccessorImpl.invoke(DelegatingMethodAccessorImpl.java:43)]]></system-err>
   </testsuite>
</testsuites>
