<?xml version="1.0" encoding="UTF-8"?>
<testsuites name="ta" time="19.419" tests="2" failures="0" errors="0">
   <testsuite name="ta" tests="2" failures="0" errors="0" time="19.419" skipped="0" timestamp="04-10-2024T15:57:09" hostname="Mayuresh.Sonar - CCE1019.accelya.local" id="Test Suites/Ticketing_Authority/ta">
      <properties>
         <property name="deviceName" value=""/>
         <property name="devicePlatform" value=""/>
         <property name="logFolder" value="C:\\Users\\mayuresh.sonar\\KatalonStudio\\DataMigration\\NFE-API-automationK\\Reports\\20241004_155703\\Ticketing_Authority\\ta\\20241004_155703"/>
         <property name="logFiles" value="C:\\Users\\mayuresh.sonar\\KatalonStudio\\DataMigration\\NFE-API-automationK\\Reports\\20241004_155703\\Ticketing_Authority\\ta\\20241004_155703\\execution0.log"/>
         <property name="attachments" value=""/>
         <property name="hostName" value="Mayuresh.Sonar - CCE1019.accelya.local"/>
         <property name="hostAddress" value="192.168.0.104"/>
         <property name="os" value="Windows 11 64bit"/>
         <property name="katalonVersion" value="9.4.4.212"/>
      </properties>
      <testcase name="Test Cases/Ticketing_Authority/ta/FCA-14223_QueryTicketingAuthorityFilter" time="17.188" classname="Test Cases/Ticketing_Authority/ta/FCA-14223_QueryTicketingAuthorityFilter" status="PASSED">
         <system-out><![CDATA[04-10-2024T15:57:10 - [TEST_CASE][PASSED] - Test Cases/Ticketing_Authority/ta/FCA-14223_QueryTicketingAuthorityFilter: Test Cases/Ticketing_Authority/ta/FCA-14223_QueryTicketingAuthorityFilter

04-10-2024T15:57:12 - [TEST_STEP][PASSED] - Start listener action : Before: Invoke 'com.kms.katalon.core.annotation.BeforeTestCase' method: 'TestListener.Before(...)' completed.

04-10-2024T15:57:12 - [MESSAGE][INFO] - Starting invoke 'com.kms.katalon.core.annotation.BeforeTestCase' method: 'TestListener.Before(...)'

04-10-2024T15:57:12 - [TEST_STEP][PASSED] - tc_description = testCaseContext.getMessage(): null

04-10-2024T15:57:12 - [TEST_STEP][PASSED] - tcName = testCaseId: null

04-10-2024T15:57:12 - [TEST_STEP][PASSED] - println(tcName): null

04-10-2024T15:57:12 - [TEST_STEP][PASSED] - reporting.ExtentReporting.startTest(reportPath, testSuiteName, tcName, tc_description, author, "Extent Test", reportFile): Invoke 'com.kms.katalon.core.annotation.BeforeTestCase' method: 'TestListener.Before(...)' completed.

04-10-2024T15:57:12 - [MESSAGE][INFO] - Checking test data id

04-10-2024T15:57:12 - [MESSAGE][INFO] - Finding test data with id 'Data Files/Common/Users'

04-10-2024T15:57:12 - [MESSAGE][INFO] - Test data is excel file, reading excel file

04-10-2024T15:57:12 - [MESSAGE][INFO] - Reading excel file with source file 'C:\Users\mayuresh.sonar\KatalonStudio\DataMigration\NFE-API-automationK\Data Files\TestData.xlsx' and sheet name 'users'

04-10-2024T15:57:12 - [MESSAGE][INFO] - Checking test data id

04-10-2024T15:57:12 - [MESSAGE][INFO] - Finding test data with id 'Data Files/Common/Users'

04-10-2024T15:57:12 - [MESSAGE][INFO] - Test data is excel file, reading excel file

04-10-2024T15:57:12 - [MESSAGE][INFO] - Reading excel file with source file 'C:\Users\mayuresh.sonar\KatalonStudio\DataMigration\NFE-API-automationK\Data Files\TestData.xlsx' and sheet name 'users'

04-10-2024T15:57:12 - [MESSAGE][INFO] - Checking test data id

04-10-2024T15:57:12 - [MESSAGE][INFO] - Finding test data with id 'Data Files/Common/Users'

04-10-2024T15:57:12 - [MESSAGE][INFO] - Test data is excel file, reading excel file

04-10-2024T15:57:12 - [MESSAGE][INFO] - Reading excel file with source file 'C:\Users\mayuresh.sonar\KatalonStudio\DataMigration\NFE-API-automationK\Data Files\TestData.xlsx' and sheet name 'users'

04-10-2024T15:57:12 - [MESSAGE][INFO] - Checking test data id

04-10-2024T15:57:12 - [MESSAGE][INFO] - Finding test data with id 'Data Files/Common/Users'

04-10-2024T15:57:12 - [MESSAGE][INFO] - Test data is excel file, reading excel file

04-10-2024T15:57:12 - [MESSAGE][INFO] - Reading excel file with source file 'C:\Users\mayuresh.sonar\KatalonStudio\DataMigration\NFE-API-automationK\Data Files\TestData.xlsx' and sheet name 'users'

04-10-2024T15:57:12 - [MESSAGE][INFO] - Checking test data id

04-10-2024T15:57:12 - [MESSAGE][INFO] - Finding test data with id 'Data Files/Common/Users'

04-10-2024T15:57:12 - [MESSAGE][INFO] - Test data is excel file, reading excel file

04-10-2024T15:57:12 - [MESSAGE][INFO] - Reading excel file with source file 'C:\Users\mayuresh.sonar\KatalonStudio\DataMigration\NFE-API-automationK\Data Files\TestData.xlsx' and sheet name 'users'

04-10-2024T15:57:12 - [MESSAGE][INFO] - Checking test data id

04-10-2024T15:57:12 - [MESSAGE][INFO] - Finding test data with id 'Data Files/Common/Users'

04-10-2024T15:57:12 - [MESSAGE][INFO] - Test data is excel file, reading excel file

04-10-2024T15:57:12 - [MESSAGE][INFO] - Reading excel file with source file 'C:\Users\mayuresh.sonar\KatalonStudio\DataMigration\NFE-API-automationK\Data Files\TestData.xlsx' and sheet name 'users'

04-10-2024T15:57:12 - [MESSAGE][INFO] - Checking test data id

04-10-2024T15:57:12 - [MESSAGE][INFO] - Finding test data with id 'Data Files/Common/Users'

04-10-2024T15:57:12 - [MESSAGE][INFO] - Test data is excel file, reading excel file

04-10-2024T15:57:12 - [MESSAGE][INFO] - Reading excel file with source file 'C:\Users\mayuresh.sonar\KatalonStudio\DataMigration\NFE-API-automationK\Data Files\TestData.xlsx' and sheet name 'users'

04-10-2024T15:57:12 - [MESSAGE][INFO] - Checking test data id

04-10-2024T15:57:12 - [MESSAGE][INFO] - Finding test data with id 'Data Files/Common/Users'

04-10-2024T15:57:12 - [MESSAGE][INFO] - Test data is excel file, reading excel file

04-10-2024T15:57:12 - [MESSAGE][INFO] - Reading excel file with source file 'C:\Users\mayuresh.sonar\KatalonStudio\DataMigration\NFE-API-automationK\Data Files\TestData.xlsx' and sheet name 'users'

04-10-2024T15:57:12 - [MESSAGE][INFO] - Checking test data id

04-10-2024T15:57:12 - [MESSAGE][INFO] - Finding test data with id 'Data Files/Common/Users'

04-10-2024T15:57:12 - [MESSAGE][INFO] - Test data is excel file, reading excel file

04-10-2024T15:57:12 - [MESSAGE][INFO] - Reading excel file with source file 'C:\Users\mayuresh.sonar\KatalonStudio\DataMigration\NFE-API-automationK\Data Files\TestData.xlsx' and sheet name 'users'

04-10-2024T15:57:12 - [MESSAGE][INFO] - Checking test data id

04-10-2024T15:57:12 - [MESSAGE][INFO] - Finding test data with id 'Data Files/Common/Users'

04-10-2024T15:57:12 - [MESSAGE][INFO] - Test data is excel file, reading excel file

04-10-2024T15:57:12 - [MESSAGE][INFO] - Reading excel file with source file 'C:\Users\mayuresh.sonar\KatalonStudio\DataMigration\NFE-API-automationK\Data Files\TestData.xlsx' and sheet name 'users'

04-10-2024T15:57:12 - [MESSAGE][INFO] - Checking test data id

04-10-2024T15:57:12 - [MESSAGE][INFO] - Finding test data with id 'Data Files/Common/Users'

04-10-2024T15:57:12 - [MESSAGE][INFO] - Test data is excel file, reading excel file

04-10-2024T15:57:12 - [MESSAGE][INFO] - Reading excel file with source file 'C:\Users\mayuresh.sonar\KatalonStudio\DataMigration\NFE-API-automationK\Data Files\TestData.xlsx' and sheet name 'users'

04-10-2024T15:57:12 - [MESSAGE][INFO] - Checking test data id

04-10-2024T15:57:12 - [MESSAGE][INFO] - Finding test data with id 'Data Files/Common/Users'

04-10-2024T15:57:12 - [MESSAGE][INFO] - Test data is excel file, reading excel file

04-10-2024T15:57:12 - [MESSAGE][INFO] - Reading excel file with source file 'C:\Users\mayuresh.sonar\KatalonStudio\DataMigration\NFE-API-automationK\Data Files\TestData.xlsx' and sheet name 'users'

04-10-2024T15:57:13 - [MESSAGE][INFO] - Checking test data id

04-10-2024T15:57:13 - [MESSAGE][INFO] - Finding test data with id 'Data Files/Common/Users'

04-10-2024T15:57:13 - [MESSAGE][INFO] - Test data is excel file, reading excel file

04-10-2024T15:57:13 - [MESSAGE][INFO] - Reading excel file with source file 'C:\Users\mayuresh.sonar\KatalonStudio\DataMigration\NFE-API-automationK\Data Files\TestData.xlsx' and sheet name 'users'

04-10-2024T15:57:13 - [MESSAGE][INFO] - Checking test data id

04-10-2024T15:57:13 - [MESSAGE][INFO] - Finding test data with id 'Data Files/Common/Users'

04-10-2024T15:57:13 - [MESSAGE][INFO] - Test data is excel file, reading excel file

04-10-2024T15:57:13 - [MESSAGE][INFO] - Reading excel file with source file 'C:\Users\mayuresh.sonar\KatalonStudio\DataMigration\NFE-API-automationK\Data Files\TestData.xlsx' and sheet name 'users'

04-10-2024T15:57:13 - [MESSAGE][INFO] - Checking test data id

04-10-2024T15:57:13 - [MESSAGE][INFO] - Finding test data with id 'Data Files/Common/Users'

04-10-2024T15:57:13 - [MESSAGE][INFO] - Test data is excel file, reading excel file

04-10-2024T15:57:13 - [MESSAGE][INFO] - Reading excel file with source file 'C:\Users\mayuresh.sonar\KatalonStudio\DataMigration\NFE-API-automationK\Data Files\TestData.xlsx' and sheet name 'users'

04-10-2024T15:57:13 - [MESSAGE][INFO] - Checking test data id

04-10-2024T15:57:13 - [MESSAGE][INFO] - Finding test data with id 'Data Files/Common/Users'

04-10-2024T15:57:13 - [MESSAGE][INFO] - Test data is excel file, reading excel file

04-10-2024T15:57:13 - [MESSAGE][INFO] - Reading excel file with source file 'C:\Users\mayuresh.sonar\KatalonStudio\DataMigration\NFE-API-automationK\Data Files\TestData.xlsx' and sheet name 'users'

04-10-2024T15:57:13 - [MESSAGE][INFO] - Checking test data id

04-10-2024T15:57:13 - [MESSAGE][INFO] - Finding test data with id 'Data Files/Common/Users'

04-10-2024T15:57:13 - [MESSAGE][INFO] - Test data is excel file, reading excel file

04-10-2024T15:57:13 - [MESSAGE][INFO] - Reading excel file with source file 'C:\Users\mayuresh.sonar\KatalonStudio\DataMigration\NFE-API-automationK\Data Files\TestData.xlsx' and sheet name 'users'

04-10-2024T15:57:13 - [MESSAGE][INFO] - Checking test data id

04-10-2024T15:57:13 - [MESSAGE][INFO] - Finding test data with id 'Data Files/Common/Users'

04-10-2024T15:57:13 - [MESSAGE][INFO] - Test data is excel file, reading excel file

04-10-2024T15:57:13 - [MESSAGE][INFO] - Reading excel file with source file 'C:\Users\mayuresh.sonar\KatalonStudio\DataMigration\NFE-API-automationK\Data Files\TestData.xlsx' and sheet name 'users'

04-10-2024T15:57:13 - [MESSAGE][INFO] - Checking test data id

04-10-2024T15:57:13 - [MESSAGE][INFO] - Finding test data with id 'Data Files/Common/Users'

04-10-2024T15:57:13 - [MESSAGE][INFO] - Test data is excel file, reading excel file

04-10-2024T15:57:13 - [MESSAGE][INFO] - Reading excel file with source file 'C:\Users\mayuresh.sonar\KatalonStudio\DataMigration\NFE-API-automationK\Data Files\TestData.xlsx' and sheet name 'users'

04-10-2024T15:57:13 - [MESSAGE][INFO] - Checking test data id

04-10-2024T15:57:13 - [MESSAGE][INFO] - Finding test data with id 'Data Files/Common/Users'

04-10-2024T15:57:13 - [MESSAGE][INFO] - Test data is excel file, reading excel file

04-10-2024T15:57:13 - [MESSAGE][INFO] - Reading excel file with source file 'C:\Users\mayuresh.sonar\KatalonStudio\DataMigration\NFE-API-automationK\Data Files\TestData.xlsx' and sheet name 'users'

04-10-2024T15:57:13 - [MESSAGE][INFO] - Checking test data id

04-10-2024T15:57:13 - [MESSAGE][INFO] - Finding test data with id 'Data Files/Common/Users'

04-10-2024T15:57:13 - [MESSAGE][INFO] - Test data is excel file, reading excel file

04-10-2024T15:57:13 - [MESSAGE][INFO] - Reading excel file with source file 'C:\Users\mayuresh.sonar\KatalonStudio\DataMigration\NFE-API-automationK\Data Files\TestData.xlsx' and sheet name 'users'

04-10-2024T15:57:13 - [MESSAGE][INFO] - Checking test data id

04-10-2024T15:57:13 - [MESSAGE][INFO] - Finding test data with id 'Data Files/Common/Users'

04-10-2024T15:57:13 - [MESSAGE][INFO] - Test data is excel file, reading excel file

04-10-2024T15:57:13 - [MESSAGE][INFO] - Reading excel file with source file 'C:\Users\mayuresh.sonar\KatalonStudio\DataMigration\NFE-API-automationK\Data Files\TestData.xlsx' and sheet name 'users'

04-10-2024T15:57:13 - [MESSAGE][INFO] - Checking test data id

04-10-2024T15:57:13 - [MESSAGE][INFO] - Finding test data with id 'Data Files/Common/Users'

04-10-2024T15:57:13 - [MESSAGE][INFO] - Test data is excel file, reading excel file

04-10-2024T15:57:13 - [MESSAGE][INFO] - Reading excel file with source file 'C:\Users\mayuresh.sonar\KatalonStudio\DataMigration\NFE-API-automationK\Data Files\TestData.xlsx' and sheet name 'users'

04-10-2024T15:57:13 - [MESSAGE][INFO] - Checking test data id

04-10-2024T15:57:13 - [MESSAGE][INFO] - Finding test data with id 'Data Files/Common/Users'

04-10-2024T15:57:13 - [MESSAGE][INFO] - Test data is excel file, reading excel file

04-10-2024T15:57:13 - [MESSAGE][INFO] - Reading excel file with source file 'C:\Users\mayuresh.sonar\KatalonStudio\DataMigration\NFE-API-automationK\Data Files\TestData.xlsx' and sheet name 'users'

04-10-2024T15:57:13 - [MESSAGE][INFO] - Checking test data id

04-10-2024T15:57:13 - [MESSAGE][INFO] - Finding test data with id 'Data Files/Common/Users'

04-10-2024T15:57:13 - [MESSAGE][INFO] - Test data is excel file, reading excel file

04-10-2024T15:57:13 - [MESSAGE][INFO] - Reading excel file with source file 'C:\Users\mayuresh.sonar\KatalonStudio\DataMigration\NFE-API-automationK\Data Files\TestData.xlsx' and sheet name 'users'

04-10-2024T15:57:13 - [MESSAGE][INFO] - Checking test data id

04-10-2024T15:57:13 - [MESSAGE][INFO] - Finding test data with id 'Data Files/Common/Users'

04-10-2024T15:57:13 - [MESSAGE][INFO] - Test data is excel file, reading excel file

04-10-2024T15:57:13 - [MESSAGE][INFO] - Reading excel file with source file 'C:\Users\mayuresh.sonar\KatalonStudio\DataMigration\NFE-API-automationK\Data Files\TestData.xlsx' and sheet name 'users'

04-10-2024T15:57:15 - [MESSAGE][PASSED] - reporting.ExtentReporting.startTest is PASSED

04-10-2024T15:57:15 - [MESSAGE][INFO] - Invoke 'com.kms.katalon.core.annotation.BeforeTestCase' method: 'TestListener.Before(...)' completed.

04-10-2024T15:57:16 - [TEST_STEP][PASSED] - if (flag == "Y"): null

04-10-2024T15:57:16 - [TEST_STEP][PASSED] - path = endPoint: null

04-10-2024T15:57:16 - [TEST_STEP][PASSED] - URL_QA = baseURL_QA + "/" + basePathAPI + "/" + path: null

04-10-2024T15:57:16 - [TEST_STEP][PASSED] - queryResponseQA = sendRequest(findTestObject("CommonRequest/GET_Method_QA", ["token":iataQA_CH, "endPoint":path])): Send request successfully

04-10-2024T15:57:16 - [MESSAGE][INFO] - Finding Test Object 'Object Repository/CommonRequest/GET_Method_QA'

04-10-2024T15:57:16 - [MESSAGE][INFO] - Checking request object

04-10-2024T15:57:21 - [MESSAGE][INFO] - HAR: C:\Users\mayuresh.sonar\KatalonStudio\DataMigration\NFE-API-automationK\Reports\20241004_155703\Ticketing_Authority\ta\20241004_155703\requests\main\0.har

04-10-2024T15:57:21 - [MESSAGE][PASSED] - Send request successfully

04-10-2024T15:57:21 - [TEST_STEP][PASSED] - verifyResponseStatusCode(queryResponseQA, 200): Verify response status code successfully

04-10-2024T15:57:21 - [MESSAGE][INFO] - Checking response object

04-10-2024T15:57:21 - [MESSAGE][PASSED] - Verify response status code successfully

04-10-2024T15:57:21 - [TEST_STEP][PASSED] - responseQA = queryResponseQA.getResponseBodyContent(): null

04-10-2024T15:57:21 - [TEST_STEP][PASSED] - URL_QAMIG = baseURL_QA_MIG + "/" + basePathAPI + "/" + path: null

04-10-2024T15:57:21 - [TEST_STEP][PASSED] - queryResponseQAMIG = sendRequest(findTestObject("CommonRequest/GET_Method_QA_MIG", ["token":iataQAMIG_CH, "endPoint":path])): Send request successfully

04-10-2024T15:57:21 - [MESSAGE][INFO] - Finding Test Object 'Object Repository/CommonRequest/GET_Method_QA_MIG'

04-10-2024T15:57:21 - [MESSAGE][INFO] - Checking request object

04-10-2024T15:57:25 - [MESSAGE][INFO] - HAR: C:\Users\mayuresh.sonar\KatalonStudio\DataMigration\NFE-API-automationK\Reports\20241004_155703\Ticketing_Authority\ta\20241004_155703\requests\main\1.har

04-10-2024T15:57:25 - [MESSAGE][PASSED] - Send request successfully

04-10-2024T15:57:25 - [TEST_STEP][PASSED] - verifyResponseStatusCode(queryResponseQAMIG, 200): Verify response status code successfully

04-10-2024T15:57:25 - [MESSAGE][INFO] - Checking response object

04-10-2024T15:57:25 - [MESSAGE][PASSED] - Verify response status code successfully

04-10-2024T15:57:25 - [TEST_STEP][PASSED] - responseQAMIG = queryResponseQAMIG.getResponseBodyContent(): null

04-10-2024T15:57:25 - [TEST_STEP][PASSED] - ignoreNodesList = Arrays.asList(ignoreNodes.split(",")): null

04-10-2024T15:57:25 - [TEST_STEP][PASSED] - jsonSlurper = new groovy.json.JsonSlurper(): null

04-10-2024T15:57:25 - [TEST_STEP][PASSED] - responseQAObject = jsonSlurper.parseText(responseQA): null

04-10-2024T15:57:25 - [TEST_STEP][PASSED] - jsonObjectQA = responseQAObject: null

04-10-2024T15:57:25 - [TEST_STEP][PASSED] - responseQAMIGObject = jsonSlurper.parseText(responseQAMIG): null

04-10-2024T15:57:25 - [TEST_STEP][PASSED] - jsonObjectQAMIG = responseQAMIGObject: null

04-10-2024T15:57:25 - [TEST_STEP][PASSED] - comparator = compare.CompareJsonResponse.getComparator(ignoreNodes): compare.CompareJsonResponse.getComparator is PASSED

04-10-2024T15:57:25 - [MESSAGE][PASSED] - compare.CompareJsonResponse.getComparator is PASSED

04-10-2024T15:57:25 - [TEST_STEP][PASSED] - compare.GetDifferences.clearSetValues(): compare.GetDifferences.clearSetValues is PASSED

04-10-2024T15:57:25 - [MESSAGE][PASSED] - compare.GetDifferences.clearSetValues is PASSED

04-10-2024T15:57:25 - [TEST_STEP][PASSED] - if (jsonObjectQA.has("records") || jsonObjectQAMIG.has("records")): compare.GetDifferences.setDifferencesFromResult is PASSED

04-10-2024T15:57:25 - [TEST_STEP][PASSED] - keySet().each({ java.lang.Object key -> ... }): compare.GetDifferences.setDifferencesFromResult is PASSED

04-10-2024T15:57:25 - [MESSAGE][PASSED] - compare.CompareJsonResponse.compareObjectValues is PASSED

04-10-2024T15:57:25 - [MESSAGE][INFO] - failedFieldsList -> []

04-10-2024T15:57:25 - [MESSAGE][PASSED] - compare.GetDifferences.setDifferencesFromResult is PASSED

04-10-2024T15:57:25 - [MESSAGE][PASSED] - compare.CompareJsonResponse.compareObjectValues is PASSED

04-10-2024T15:57:25 - [MESSAGE][INFO] - failedFieldsList -> []

04-10-2024T15:57:25 - [MESSAGE][PASSED] - compare.GetDifferences.setDifferencesFromResult is PASSED

04-10-2024T15:57:25 - [MESSAGE][PASSED] - common.Utility.getValueFromResponseJson is PASSED

04-10-2024T15:57:25 - [MESSAGE][PASSED] - common.Utility.getValueFromResponseJson is PASSED

04-10-2024T15:57:25 - [MESSAGE][PASSED] - compare.CompareJsonResponse.removeNode is PASSED

04-10-2024T15:57:25 - [MESSAGE][PASSED] - compare.CompareJsonResponse.removeNode is PASSED

04-10-2024T15:57:26 - [MESSAGE][PASSED] - compare.CompareJsonResponse.sortJSONArrayAsc is PASSED

04-10-2024T15:57:26 - [MESSAGE][PASSED] - compare.CompareJsonResponse.sortJSONArrayAsc is PASSED

04-10-2024T15:57:26 - [MESSAGE][INFO] - failedFieldsList -> []

04-10-2024T15:57:26 - [MESSAGE][PASSED] - compare.GetDifferences.setDifferencesFromResult is PASSED

04-10-2024T15:57:26 - [MESSAGE][PASSED] - compare.CompareJsonResponse.compareObjectValues is PASSED

04-10-2024T15:57:26 - [MESSAGE][INFO] - failedFieldsList -> []

04-10-2024T15:57:26 - [MESSAGE][PASSED] - compare.GetDifferences.setDifferencesFromResult is PASSED

04-10-2024T15:57:26 - [TEST_STEP][PASSED] - fieldsToBeIgnoredList = ignoreNodesList: null

04-10-2024T15:57:26 - [TEST_STEP][PASSED] - failedList = new java.util.ArrayList(CustomKeywords.compare.GetDifferences.getFailedFieldsList()): compare.GetDifferences.getFailedFieldsList is PASSED

04-10-2024T15:57:26 - [MESSAGE][INFO] - failedFieldsList size -> 0

04-10-2024T15:57:26 - [MESSAGE][PASSED] - compare.GetDifferences.getFailedFieldsList is PASSED

04-10-2024T15:57:26 - [TEST_STEP][PASSED] - missingList = new java.util.ArrayList(CustomKeywords.compare.GetDifferences.getMissingFieldsList()): compare.GetDifferences.getMissingFieldsList is PASSED

04-10-2024T15:57:26 - [MESSAGE][INFO] - missingFieldsList size -> 0

04-10-2024T15:57:26 - [MESSAGE][PASSED] - compare.GetDifferences.getMissingFieldsList is PASSED

04-10-2024T15:57:26 - [TEST_STEP][PASSED] - unexpectedList = new java.util.ArrayList(CustomKeywords.compare.GetDifferences.getUnexpectedFieldsList()): compare.GetDifferences.getUnexpectedFieldsList is PASSED

04-10-2024T15:57:26 - [MESSAGE][INFO] - unexpectedFieldsList size -> 0

04-10-2024T15:57:26 - [MESSAGE][PASSED] - compare.GetDifferences.getUnexpectedFieldsList is PASSED

04-10-2024T15:57:26 - [TEST_STEP][PASSED] - if (failedList.size() > 0): null

04-10-2024T15:57:26 - [TEST_STEP][PASSED] - Start listener action : afterTestCase: Invoke 'com.kms.katalon.core.annotation.AfterTestCase' method: 'TestListener.afterTestCase(...)' completed.

04-10-2024T15:57:26 - [MESSAGE][INFO] - Starting invoke 'com.kms.katalon.core.annotation.AfterTestCase' method: 'TestListener.afterTestCase(...)'

04-10-2024T15:57:26 - [TEST_STEP][PASSED] - logInfo(testCaseContext.getTestCaseId()): Test Cases/Ticketing_Authority/ta/FCA-14223_QueryTicketingAuthorityFilter

04-10-2024T15:57:26 - [MESSAGE][INFO] - Test Cases/Ticketing_Authority/ta/FCA-14223_QueryTicketingAuthorityFilter

04-10-2024T15:57:26 - [TEST_STEP][PASSED] - logInfo(testCaseContext.getTestCaseStatus()): PASSED

04-10-2024T15:57:26 - [MESSAGE][INFO] - PASSED

04-10-2024T15:57:26 - [TEST_STEP][PASSED] - responseQA = getTestCaseVariables().get("responseQA"): null

04-10-2024T15:57:26 - [TEST_STEP][PASSED] - responseQAMIG = getTestCaseVariables().get("responseQAMIG"): null

04-10-2024T15:57:26 - [TEST_STEP][PASSED] - sortedQA = getTestCaseVariables().get("sortedRecordsQA"): null

04-10-2024T15:57:26 - [TEST_STEP][PASSED] - sortedQAMIG = getTestCaseVariables().get("sortedRecordsQAMIG"): null

04-10-2024T15:57:26 - [TEST_STEP][PASSED] - reporting.ExtentReporting.logStringData("URL_QA", getTestCaseVariables().get("URL_QA")): reporting.ExtentReporting.logStringData is PASSED

04-10-2024T15:57:27 - [MESSAGE][PASSED] - reporting.ExtentReporting.logStringData is PASSED

04-10-2024T15:57:27 - [TEST_STEP][PASSED] - reporting.ExtentReporting.logStringData("URL_QAMIG", getTestCaseVariables().get("URL_QAMIG")): reporting.ExtentReporting.logStringData is PASSED

04-10-2024T15:57:27 - [MESSAGE][PASSED] - reporting.ExtentReporting.logStringData is PASSED

04-10-2024T15:57:27 - [TEST_STEP][PASSED] - reporting.ExtentReporting.logJSONData("QA Response", responseQA): reporting.ExtentReporting.logJSONData is PASSED

04-10-2024T15:57:27 - [MESSAGE][PASSED] - reporting.ExtentReporting.logJSONData is PASSED

04-10-2024T15:57:27 - [TEST_STEP][PASSED] - reporting.ExtentReporting.logJSONData("QAMIG Response", responseQAMIG): reporting.ExtentReporting.logJSONData is PASSED

04-10-2024T15:57:27 - [MESSAGE][PASSED] - reporting.ExtentReporting.logJSONData is PASSED

04-10-2024T15:57:27 - [TEST_STEP][PASSED] - if (getTestCaseStatus().equals("FAILED")): null

04-10-2024T15:57:27 - [TEST_STEP][PASSED] - else if (getTestCaseStatus().equals("ERROR")): null

04-10-2024T15:57:27 - [TEST_STEP][PASSED] - else: reporting.ExtentReporting.logListData is PASSED

04-10-2024T15:57:27 - [TEST_STEP][PASSED] - flag = getTestCaseVariables().get("flag"): null

04-10-2024T15:57:27 - [TEST_STEP][PASSED] - if (flag.equalsIgnoreCase("N")): null

04-10-2024T15:57:27 - [TEST_STEP][PASSED] - else: reporting.ExtentReporting.logListData is PASSED

04-10-2024T15:57:27 - [TEST_STEP][PASSED] - reporting.ExtentReporting.testStatus("PASS", testCaseContext.getTestCaseId() + " Passed"): reporting.ExtentReporting.testStatus is PASSED

04-10-2024T15:57:27 - [MESSAGE][PASSED] - reporting.ExtentReporting.testStatus is PASSED

04-10-2024T15:57:27 - [TEST_STEP][PASSED] - logInfo(getTestCaseVariables().get("URL_QA")): https://gateway-gateway.apps.qa.okd4.nfe.projects.nonprod.itd.farelogix.com/api/ta-management/tas?page=0&size=2000&ticketingAuthority=true&airlineCode=006

04-10-2024T15:57:27 - [MESSAGE][INFO] - https://gateway-gateway.apps.qa.okd4.nfe.projects.nonprod.itd.farelogix.com/api/ta-management/tas?page=0&size=2000&ticketingAuthority=true&airlineCode=006

04-10-2024T15:57:27 - [TEST_STEP][PASSED] - responseQAValue = getTestCaseVariables().get("responseQA"): null

04-10-2024T15:57:27 - [TEST_STEP][PASSED] - logInfo(sortedQA): [{"agent":{"iataCode":"2830001","address":"ADD","city":"ADD","name":"NAME","id":67722830001,"status":"Active"},"ticketingAuthority":true,"airline":{"iataCode":"006","abrev":"DL","name":"DelXX XXX XXXXX XXX.","id":6772484854},"bsp":{"isoCountryCode":"CH","name":"SWIT","id":6772}},{"agent":{"iataCode":"4620986","address":"LANXXXXXXXX","city":"Vaduz","name":"JOJX XXXXXX","id":67724620986,"status":"Active"},"ticketingAuthority":true,"airline":{"iataCode":"006","abrev":"DL","name":"DelXX XXX XXXXX XXX.","id":6772484854},"bsp":{"isoCountryCode":"CH","name":"SWIT","id":6772}},{"agent":{"iataCode":"7777772","address":"SDFSF","city":"SDDSF","name":"SDSAD","id":67727777772,"status":"Active"},"ticketingAuthority":true,"airline":{"iataCode":"006","abrev":"DL","name":"DelXX XXX XXXXX XXX.","id":6772484854},"bsp":{"isoCountryCode":"CH","name":"SWIT","id":6772}},{"agent":{"iataCode":"7777773","address":"SDSAD","city":"SDSD","name":"SASAD","id":67727777773,"status":"Active"},"ticketingAuthority":true,"airline":{"iataCode":"006","abrev":"DL","name":"DelXX XXX XXXXX XXX.","id":6772484854},"bsp":{"isoCountryCode":"CH","name":"SWIT","id":6772}},{"agent":{"iataCode":"7777774","address":"SDFSF","city":"SDFDSFS","name":"SDFDSFDSF","id":67727777774,"status":"Active"},"ticketingAuthority":true,"airline":{"iataCode":"006","abrev":"DL","name":"DelXX XXX XXXXX XXX.","id":6772484854},"bsp":{"isoCountryCode":"CH","name":"SWIT","id":6772}},{"agent":{"iataCode":"7777775","address":"SDFDS","city":"SDFDSF","name":"DSFDSFD","id":67727777775,"status":"Active"},"ticketingAuthority":true,"airline":{"iataCode":"006","abrev":"DL","name":"DelXX XXX XXXXX XXX.","id":6772484854},"bsp":{"isoCountryCode":"CH","name":"SWIT","id":6772}},{"agent":{"iataCode":"8120000","address":"","city":"GENEVA","name":"BSP XXXXXXXXXXX XXXX","id":67728120000,"status":"Non Active"},"ticketingAuthority":true,"airline":{"iataCode":"006","abrev":"DL","name":"DelXX XXX XXXXX XXX.","id":6772484854},"bsp":{"isoCountryCode":"CH","name":"SWIT","id":6772}},{"agent":{"iataCode":"8120002","address":"BleXXXXXXXX 99","city":"Zurich","name":"AGRXX XXXXXX","id":67728120002,"status":"Active"},"ticketingAuthority":true,"airline":{"iataCode":"006","abrev":"DL","name":"DelXX XXX XXXXX XXX.","id":6772484854},"bsp":{"isoCountryCode":"CH","name":"SWIT","id":6772}},{"agent":{"iataCode":"8120004","address":"TUNXXX 99","city":"Lausanne","name":"MICXXXXXXX","id":67728120004,"status":"Active"},"ticketingAuthority":true,"airline":{"iataCode":"006","abrev":"DL","name":"DelXX XXX XXXXX XXX.","id":6772484854},"bsp":{"isoCountryCode":"CH","name":"SWIT","id":6772}},{"agent":{"iataCode":"8120012","address":"VIA XX XXXXX 9","city":"LUGANO","name":"ATG XXXXXXXXXXX","id":67728120012,"status":"Active"},"ticketingAuthority":true,"airline":{"iataCode":"006","abrev":"DL","name":"DelXX XXX XXXXX XXX.","id":6772484854},"bsp":{"isoCountryCode":"CH","name":"SWIT","id":6772}},{"agent":{"iataCode":"8120013","address":"QUAX XX XXXXXX 99","city":"GENEVA","name":"DELXX XXXXXXX","id":67728120013,"status":"Active"},"ticketingAuthority":true,"airline":{"iataCode":"006","abrev":"DL","name":"DelXX XXX XXXXX XXX.","id":6772484854},"bsp":{"isoCountryCode":"CH","name":"SWIT","id":6772}},{"agent":{"iataCode":"8120017","address":"NEUX XXXX 9","city":"Zurich","name":"MICXXXXXXX","id":67728120017,"status":"Active"},"ticketingAuthority":true,"airline":{"iataCode":"006","abrev":"DL","name":"DelXX XXX XXXXX XXX.","id":6772484854},"bsp":{"isoCountryCode":"CH","name":"SWIT","id":6772}},{"agent":{"iataCode":"8120019","address":"NEUX XXXX 9","city":"Zurich","name":"KUOXX XXXXXX","id":67728120019,"status":"Active"},"ticketingAuthority":true,"airline":{"iataCode":"006","abrev":"DL","name":"DelXX XXX XXXXX XXX.","id":6772484854},"bsp":{"isoCountryCode":"CH","name":"SWIT","id":6772}},{"agent":{"iataCode":"8120022","address":"QUAXXXXXXXXXX 99","city":"Chur","name":"REIXXXXXXX XXXXXXXXX XX XXXX","id":67728120022,"status":"Active"},"ticketingAuthority":true,"airline":{"iataCode":"006","abrev":"DL","name":"DelXX XXX XXXXX XXX.","id":6772484854},"bsp":{"isoCountryCode":"CH","name":"SWIT","id":6772}},{"agent":{"iataCode":"8120023","address":"C/O XXXXX XXXXXXX 99, XXX XX","city":"GENEVA","name":"TUI XXXXXX XX XXXXXXX","id":67728120023,"status":"Active"},"ticketingAuthority":true,"airline":{"iataCode":"006","abrev":"DL","name":"DelXX XXX XXXXX XXX.","id":6772484854},"bsp":{"isoCountryCode":"CH","name":"SWIT","id":6772}},{"agent":{"iataCode":"8120024","address":"EUCXXXXXXXX XXXXXX XXXXX XX","city":"GENEVA","name":"RAPXXX XXX XXXXXX","id":67728120024,"status":"Active"},"ticketingAuthority":true,"airline":{"iataCode":"006","abrev":"DL","name":"DelXX XXX XXXXX XXX.","id":6772484854},"bsp":{"isoCountryCode":"CH","name":"SWIT","id":6772}},{"agent":{"iataCode":"8120025","address":"9 RXXXX XX XXXXX XXXXXX","city":"NYON","name":"CWT","id":67728120025,"status":"Active"},"ticketingAuthority":true,"airline":{"iataCode":"006","abrev":"DL","name":"DelXX XXX XXXXX XXX.","id":6772484854},"bsp":{"isoCountryCode":"CH","name":"SWIT","id":6772}},{"agent":{"iataCode":"8120028","address":"FaeXXXXXXXXXXX 9","city":"Zurich","name":"COSX XXXXXX XXX","id":67728120028,"status":"Active"},"ticketingAuthority":true,"airline":{"iataCode":"006","abrev":"DL","name":"DelXX XXX XXXXX XXX.","id":6772484854},"bsp":{"isoCountryCode":"CH","name":"SWIT","id":6772}},{"agent":{"iataCode":"8120030","address":"JOSXXXXXXXXX 999","city":"Zurich","name":"CWT - XXXXXXXXXXXXXXXXXX X.X.","id":67728120030,"status":"Active"},"ticketingAuthority":true,"airline":{"iataCode":"006","abrev":"DL","name":"DelXX XXX XXXXX XXX.","id":6772484854},"bsp":{"isoCountryCode":"CH","name":"SWIT","id":6772}},{"agent":{"iataCode":"8120033","address":"ST XXXXXXXXXXXXX 99","city":"Gossau","name":"HELXXXXX XXXXXX XX","id":67728120033,"status":"Active"},"ticketingAuthority":true,"airline":{"iataCode":"006","abrev":"DL","name":"DelXX XXX XXXXX XXX.","id":6772484854},"bsp":{"isoCountryCode":"CH","name":"SWIT","id":6772}},{"agent":{"iataCode":"8120034","address":"FRIXXXXXXXXXXXXXXX 99","city":"Zurich","name":"SPEXXXX XXXXX","id":67728120034,"status":"Active"},"ticketingAuthority":true,"airline":{"iataCode":"006","abrev":"DL","name":"DelXX XXX XXXXX XXX.","id":6772484854},"bsp":{"isoCountryCode":"CH","name":"SWIT","id":6772}},{"agent":{"iataCode":"8120036","address":"BaeXXXXXXX 99","city":"Zurich","name":"GBT XXX XX","id":67728120036,"status":"Active"},"ticketingAuthority":true,"airline":{"iataCode":"006","abrev":"DL","name":"DelXX XXX XXXXX XXX.","id":6772484854},"bsp":{"isoCountryCode":"CH","name":"SWIT","id":6772}},{"agent":{"iataCode":"8120042","address":"DORXXXXXXXX 99","city":"Langnau","name":"REIXXXXXXX XXXX XX","id":67728120042,"status":"Active"},"ticketingAuthority":true,"airline":{"iataCode":"006","abrev":"DL","name":"DelXX XXX XXXXX XXX.","id":6772484854},"bsp":{"isoCountryCode":"CH","name":"SWIT","id":6772}},{"agent":{"iataCode":"8120044","address":"CENXXXXXXXXXXX 9X","city":"Sursee","name":"KUOXX XXXXXX","id":67728120044,"status":"Active"},"ticketingAuthority":true,"airline":{"iataCode":"006","abrev":"DL","name":"DelXX XXX XXXXX XXX.","id":6772484854},"bsp":{"isoCountryCode":"CH","name":"SWIT","id":6772}},{"agent":{"iataCode":"8120046","address":"BADXXXXXXXXXXX 99/XXXXXXXX","city":"WEININGEN","name":"KAIXXX XXXXXX XX","id":67728120046,"status":"Active"},"ticketingAuthority":true,"airline":{"iataCode":"006","abrev":"DL","name":"DelXX XXX XXXXX XXX.","id":6772484854},"bsp":{"isoCountryCode":"CH","name":"SWIT","id":6772}},{"agent":{"iataCode":"8120047","address":"PLAXX XXXXXXXXX 99","city":"Lausanne","name":"VOYXXXX XXX XXXX","id":67728120047,"status":"Active"},"ticketingAuthority":true,"airline":{"iataCode":"006","abrev":"DL","name":"DelXX XXX XXXXX XXX.","id":6772484854},"bsp":{"isoCountryCode":"CH","name":"SWIT","id":6772}},{"agent":{"iataCode":"8120054","address":"GRAXXX XXXXX 9","city":"Vevey","name":"VOYXXXX XXX XXXX","id":67728120054,"status":"Active"},"ticketingAuthority":true,"airline":{"iataCode":"006","abrev":"DL","name":"DelXX XXX XXXXX XXX.","id":6772484854},"bsp":{"isoCountryCode":"CH","name":"SWIT","id":6772}},{"agent":{"iataCode":"8120060","address":"BAHXXXXXXXXXXX 99","city":"Dubendorf","name":"PASXXXX XXXXXX XX XXXXXXXXXX","id":67728120060,"status":"Active"},"ticketingAuthority":true,"airline":{"iataCode":"006","abrev":"DL","name":"DelXX XXX XXXXX XXX.","id":6772484854},"bsp":{"isoCountryCode":"CH","name":"SWIT","id":6772}},{"agent":{"iataCode":"8120065","address":"AVEXXX XX XX XXXX 9","city":"Sierre","name":"LATXXXX XXXXXXX XX XXXXXXXXXX","id":67728120065,"status":"Active"},"ticketingAuthority":true,"airline":{"iataCode":"006","abrev":"DL","name":"DelXX XXX XXXXX XXX.","id":6772484854},"bsp":{"isoCountryCode":"CH","name":"SWIT","id":6772}},{"agent":{"iataCode":"8120066","address":"SEEXXXXXXX 9","city":"Spiez","name":"REIXXXXXXX XXX XX","id":67728120066,"status":"Active"},"ticketingAuthority":true,"airline":{"iataCode":"006","abrev":"DL","name":"DelXX XXX XXXXX XXX.","id":6772484854},"bsp":{"isoCountryCode":"CH","name":"SWIT","id":6772}},{"agent":{"iataCode":"8120071","address":"BAEXXXXXXXXXXX 99","city":"Langenthal","name":"REIXXXXXXX XXXXXX XX","id":67728120071,"status":"Active"},"ticketingAuthority":true,"airline":{"iataCode":"006","abrev":"DL","name":"DelXX XXX XXXXX XXX.","id":6772484854},"bsp":{"isoCountryCode":"CH","name":"SWIT","id":6772}},{"agent":{"iataCode":"8120074","address":"22 XXXXXX XX. XXXXXXX","city":"GENEVA","name":"I.C.X. XXXXXXXXX & XXXXXXXXXX","id":67728120074,"status":"Active"},"ticketingAuthority":true,"airline":{"iataCode":"006","abrev":"DL","name":"DelXX XXX XXXXX XXX.","id":6772484854},"bsp":{"isoCountryCode":"CH","name":"SWIT","id":6772}},{"agent":{"iataCode":"8120075","address":"ZINXXXXXXXXXXXXXX 9","city":"Lucerne","name":"BAUXXXXX XXXXXX XX","id":67728120075,"status":"Active"},"ticketingAuthority":true,"airline":{"iataCode":"006","abrev":"DL","name":"DelXX XXX XXXXX XXX.","id":6772484854},"bsp":{"isoCountryCode":"CH","name":"SWIT","id":6772}},{"agent":{"iataCode":"8120087","address":"STAXXXXXXXXXXXXXXX 99","city":"Zurich","name":"STA XXXXXX XX","id":67728120087,"status":"Active"},"ticketingAuthority":true,"airline":{"iataCode":"006","abrev":"DL","name":"DelXX XXX XXXXX XXX.","id":6772484854},"bsp":{"isoCountryCode":"CH","name":"SWIT","id":6772}},{"agent":{"iataCode":"8120089","address":"HOHXXXXXXXX 999","city":"Zurich","name":"CryXXXX XXXXXX XX","id":67728120089,"status":"Active"},"ticketingAuthority":true,"airline":{"iataCode":"006","abrev":"DL","name":"DelXX XXX XXXXX XXX.","id":6772484854},"bsp":{"isoCountryCode":"CH","name":"SWIT","id":6772}},{"agent":{"iataCode":"8120091","address":"JOSXXXXXXXXX, 999","city":"Zurich","name":"CWT - XXXXXXXXXXXXXXXXXX X.X.","id":67728120091,"status":"Active"},"ticketingAuthority":true,"airline":{"iataCode":"006","abrev":"DL","name":"DelXX XXX XXXXX XXX.","id":6772484854},"bsp":{"isoCountryCode":"CH","name":"SWIT","id":6772}},{"agent":{"iataCode":"8120092","address":"STAXXXXXXXXX 99","city":"Winterthur","name":"KNEXXX XXXXXX XX","id":67728120092,"status":"Active"},"ticketingAuthority":true,"airline":{"iataCode":"006","abrev":"DL","name":"DelXX XXX XXXXX XXX.","id":6772484854},"bsp":{"isoCountryCode":"CH","name":"SWIT","id":6772}},{"agent":{"iataCode":"8120093","address":"NEUXXXXX 9","city":"Zug","name":"CWT - XXXXXXXXXXXXXXXXXX X.X.","id":67728120093,"status":"Active"},"ticketingAuthority":true,"airline":{"iataCode":"006","abrev":"DL","name":"DelXX XXX XXXXX XXX.","id":6772484854},"bsp":{"isoCountryCode":"CH","name":"SWIT","id":6772}},{"agent":{"iataCode":"8120095","address":"THUXXXXXXXXXXXXX 99","city":"Zurich","name":"BCD XXXXXX XXXXXX XX","id":67728120095,"status":"Active"},"ticketingAuthority":true,"airline":{"iataCode":"006","abrev":"DL","name":"DelXX XXX XXXXX XXX.","id":6772484854},"bsp":{"isoCountryCode":"CH","name":"SWIT","id":6772}},{"agent":{"iataCode":"8120096","address":"SEEXXXXXXX, 99","city":"Kilchberg","name":"REIXXXXXXX XXXXX XXXX XX","id":67728120096,"status":"Active"},"ticketingAuthority":true,"airline":{"iataCode":"006","abrev":"DL","name":"DelXX XXX XXXXX XXX.","id":6772484854},"bsp":{"isoCountryCode":"CH","name":"SWIT","id":6772}},{"agent":{"iataCode":"8120097","address":"SCHXXXXXXXXXXXXXXXX 999","city":"Kloten","name":"ROYXX XXXXXX","id":67728120097,"status":"Active"},"ticketingAuthority":true,"airline":{"iataCode":"006","abrev":"DL","name":"DelXX XXX XXXXX XXX.","id":6772484854},"bsp":{"isoCountryCode":"CH","name":"SWIT","id":6772}},{"agent":{"iataCode":"8120099","address":"BAHXXXXXXXXXXX 99","city":"Utzenstorf","name":"REIXXXXXXX XXXX","id":67728120099,"status":"Active"},"ticketingAuthority":true,"airline":{"iataCode":"006","abrev":"DL","name":"DelXX XXX XXXXX XXX.","id":6772484854},"bsp":{"isoCountryCode":"CH","name":"SWIT","id":6772}},{"agent":{"iataCode":"8120101","address":"UNTXXX XXXXXXXXXXXXXX 9","city":"Wil","name":"RewX XXXXXX","id":67728120101,"status":"Active"},"ticketingAuthority":true,"airline":{"iataCode":"006","abrev":"DL","name":"DelXX XXX XXXXX XXX.","id":6772484854},"bsp":{"isoCountryCode":"CH","name":"SWIT","id":6772}},{"agent":{"iataCode":"8120104","address":"RUE XX XX XXXX 9","city":"Lausanne","name":"L'AXXXXXX XX XXXXXX","id":67728120104,"status":"Active"},"ticketingAuthority":true,"airline":{"iataCode":"006","abrev":"DL","name":"DelXX XXX XXXXX XXX.","id":6772484854},"bsp":{"isoCountryCode":"CH","name":"SWIT","id":6772}},{"agent":{"iataCode":"8120109","address":"SCHXXXXXXXXXXXXXX 9","city":"WINDISCH","name":"KNEXXX XXXXXX XX","id":67728120109,"status":"Active"},"ticketingAuthority":true,"airline":{"iataCode":"006","abrev":"DL","name":"DelXX XXX XXXXX XXX.","id":6772484854},"bsp":{"isoCountryCode":"CH","name":"SWIT","id":6772}},{"agent":{"iataCode":"8120110","address":"HAUXXXXXXXXX 99","city":"Frick","name":"KNEXXX XXXXXX XX","id":67728120110,"status":"Active"},"ticketingAuthority":true,"airline":{"iataCode":"006","abrev":"DL","name":"DelXX XXX XXXXX XXX.","id":6772484854},"bsp":{"isoCountryCode":"CH","name":"SWIT","id":6772}},{"agent":{"iataCode":"8120115","address":"ZENXXXX XXXXX XXXXXXXXXXXXXX 9","city":"Wohlen","name":"KNEXXX XXXXXX XX","id":67728120115,"status":"Active"},"ticketingAuthority":true,"airline":{"iataCode":"006","abrev":"DL","name":"DelXX XXX XXXXX XXX.","id":6772484854},"bsp":{"isoCountryCode":"CH","name":"SWIT","id":6772}},{"agent":{"iataCode":"8120120","address":"MUEXX XXXXX XXXXXXXXXXXXXX 9","city":"Lenzburg","name":"KNEXXX XXXXXX XX","id":67728120120,"status":"Active"},"ticketingAuthority":true,"airline":{"iataCode":"006","abrev":"DL","name":"DelXX XXX XXXXX XXX.","id":6772484854},"bsp":{"isoCountryCode":"CH","name":"SWIT","id":6772}},{"agent":{"iataCode":"8120122","address":"KIRXXXXXXX 9","city":"Aarau","name":"NOVX XXXXX XX","id":67728120122,"status":"Active"},"ticketingAuthority":true,"airline":{"iataCode":"006","abrev":"DL","name":"DelXX XXX XXXXX XXX.","id":6772484854},"bsp":{"isoCountryCode":"CH","name":"SWIT","id":6772}},{"agent":{"iataCode":"8120123","address":"BAHXXXXXXXXXXX 99","city":"Mels","name":"ZENXXXX XXXXXX","id":67728120123,"status":"Active"},"ticketingAuthority":true,"airline":{"iataCode":"006","abrev":"DL","name":"DelXX XXX XXXXX XXX.","id":6772484854},"bsp":{"isoCountryCode":"CH","name":"SWIT","id":6772}},{"agent":{"iataCode":"8120124","address":"100, XXXXX XXX","city":"Montreux","name":"TUI XXXXXX XX XXXXXXX","id":67728120124,"status":"Active"},"ticketingAuthority":true,"airline":{"iataCode":"006","abrev":"DL","name":"DelXX XXX XXXXX XXX.","id":6772484854},"bsp":{"isoCountryCode":"CH","name":"SWIT","id":6772}},{"agent":{"iataCode":"8120126","address":"STAXXXX 99","city":"Solothurn","name":"KneXXX XXXXXX XXX XXXXXXXXXX X","id":67728120126,"status":"Active"},"ticketingAuthority":true,"airline":{"iataCode":"006","abrev":"DL","name":"DelXX XXX XXXXX XXX.","id":6772484854},"bsp":{"isoCountryCode":"CH","name":"SWIT","id":6772}},{"agent":{"iataCode":"8120132","address":"40, XX. X'XXXX","city":"GENEVA","name":"CLUX XXXXXXXXXXXX XXXXXX XX","id":67728120132,"status":"Active"},"ticketingAuthority":true,"airline":{"iataCode":"006","abrev":"DL","name":"DelXX XXX XXXXX XXX.","id":6772484854},"bsp":{"isoCountryCode":"CH","name":"SWIT","id":6772}},{"agent":{"iataCode":"8120135","address":"BADXXXXXXX 9","city":"Baden","name":"KUOXX XXXXXX","id":67728120135,"status":"Active"},"ticketingAuthority":true,"airline":{"iataCode":"006","abrev":"DL","name":"DelXX XXX XXXXX XXX.","id":6772484854},"bsp":{"isoCountryCode":"CH","name":"SWIT","id":6772}},{"agent":{"iataCode":"8120143","address":"SagXXXXXXXXXXX, 99","city":"Glattbrugg","name":"BTA XXXXX","id":67728120143,"status":"Active"},"ticketingAuthority":true,"airline":{"iataCode":"006","abrev":"DL","name":"DelXX XXX XXXXX XXX.","id":6772484854},"bsp":{"isoCountryCode":"CH","name":"SWIT","id":6772}},{"agent":{"iataCode":"8120146","address":"STEXXXXXXXXXX 99","city":"Basel","name":"NAYXX XXXXXX XX","id":67728120146,"status":"Active"},"ticketingAuthority":true,"airline":{"iataCode":"006","abrev":"DL","name":"DelXX XXX XXXXX XXX.","id":6772484854},"bsp":{"isoCountryCode":"CH","name":"SWIT","id":6772}},{"agent":{"iataCode":"8120147","address":"BAEXXXXXXXX 9-9","city":"Bern","name":"KUOXX XXXXXX","id":67728120147,"status":"Active"},"ticketingAuthority":true,"airline":{"iataCode":"006","abrev":"DL","name":"DelXX XXX XXXXX XXX.","id":6772484854},"bsp":{"isoCountryCode":"CH","name":"SWIT","id":6772}},{"agent":{"iataCode":"8120149","address":"RUE XX XX XXXXX 99","city":"Verbier","name":"VERXXXX XXXXX","id":67728120149,"status":"Active"},"ticketingAuthority":true,"airline":{"iataCode":"006","abrev":"DL","name":"DelXX XXX XXXXX XXX.","id":6772484854},"bsp":{"isoCountryCode":"CH","name":"SWIT","id":6772}},{"agent":{"iataCode":"8120151","address":"CONXXXXX XXX XXXXX, 99","city":"Agno","name":"GIRXXX XX","id":67728120151,"status":"Active"},"ticketingAuthority":true,"airline":{"iataCode":"006","abrev":"DL","name":"DelXX XXX XXXXX XXX.","id":6772484854},"bsp":{"isoCountryCode":"CH","name":"SWIT","id":6772}},{"agent":{"iataCode":"8120152","address":"RUE XXXXXXXXXX 9X","city":"Bulle","name":"AIR XXXXXXXX XX","id":67728120152,"status":"Active"},"ticketingAuthority":true,"airline":{"iataCode":"006","abrev":"DL","name":"DelXX XXX XXXXX XXX.","id":6772484854},"bsp":{"isoCountryCode":"CH","name":"SWIT","id":6772}},{"agent":{"iataCode":"8120155","address":"HIRXXXXXXXXXX 9","city":"Lyss","name":"REIXXXXXXX XXXXX XX","id":67728120155,"status":"Active"},"ticketingAuthority":true,"airline":{"iataCode":"006","abrev":"DL","name":"DelXX XXX XXXXX XXX.","id":6772484854},"bsp":{"isoCountryCode":"CH","name":"SWIT","id":6772}},{"agent":{"iataCode":"8120164","address":"BANXXXXXXXXXXXX 9","city":"Zurich","name":"REIXXXXXXX XXXXXXXX & XXXXXXX","id":67728120164,"status":"Active"},"ticketingAuthority":true,"airline":{"iataCode":"006","abrev":"DL","name":"DelXX XXX XXXXX XXX.","id":6772484854},"bsp":{"isoCountryCode":"CH","name":"SWIT","id":6772}},{"agent":{"iataCode":"8120169","address":"9 RXXXX XX XXXXX XXXXXX XX 999","city":"Nyon","name":"CWT - XXXXXXXXXXXXXXXXXX X.X.","id":67728120169,"status":"Active"},"ticketingAuthority":true,"airline":{"iataCode":"006","abrev":"DL","name":"DelXX XXX XXXXX XXX.","id":6772484854},"bsp":{"isoCountryCode":"CH","name":"SWIT","id":6772}},{"agent":{"iataCode":"8120171","address":"ALPXXXXXXXXX 99","city":"Lucerne","name":"BTA XXXXX","id":67728120171,"status":"Active"},"ticketingAuthority":true,"airline":{"iataCode":"006","abrev":"DL","name":"DelXX XXX XXXXX XXX.","id":6772484854},"bsp":{"isoCountryCode":"CH","name":"SWIT","id":6772}},{"agent":{"iataCode":"8120177","address":"KLEXXXXXXXXXXXXXXX 99 XX","city":"Hochdorf","name":"REIXXXXXXX XXXXXXX XX","id":67728120177,"status":"Active"},"ticketingAuthority":true,"airline":{"iataCode":"006","abrev":"DL","name":"DelXX XXX XXXXX XXX.","id":6772484854},"bsp":{"isoCountryCode":"CH","name":"SWIT","id":6772}},{"agent":{"iataCode":"8120180","address":"BAHXXXXXXXXXXX 99X XXXXXXXX","city":"Burgdorf","name":"NUSXXXXXXX XXXXXX XX","id":67728120180,"status":"Active"},"ticketingAuthority":true,"airline":{"iataCode":"006","abrev":"DL","name":"DelXX XXX XXXXX XXX.","id":6772484854},"bsp":{"isoCountryCode":"CH","name":"SWIT","id":6772}},{"agent":{"iataCode":"8120181","address":"CHEXXX XXXXX-XXXXXX 9","city":"Petit-Lancy","name":"AE XXXXXX XXXXXXXX XXXXXX","id":67728120181,"status":"Active"},"ticketingAuthority":true,"airline":{"iataCode":"006","abrev":"DL","name":"DelXX XXX XXXXX XXX.","id":6772484854},"bsp":{"isoCountryCode":"CH","name":"SWIT","id":6772}},{"agent":{"iataCode":"8120182","address":"OBEXXXXXXXXXXXX 99","city":"Herisau","name":"MUEXXXXXX XXXXXXXXX XX","id":67728120182,"status":"Active"},"ticketingAuthority":true,"airline":{"iataCode":"006","abrev":"DL","name":"DelXX XXX XXXXX XXX.","id":6772484854},"bsp":{"isoCountryCode":"CH","name":"SWIT","id":6772}},{"agent":{"iataCode":"8120184","address":"WILXXXXXXXXXX 9 XXXXXXX XX XXX","city":"Zurich","name":"REIXXXXXX XXXXXXXXXX XXXX","id":67728120184,"status":"Active"},"ticketingAuthority":true,"airline":{"iataCode":"006","abrev":"DL","name":"DelXX XXX XXXXX XXX.","id":6772484854},"bsp":{"isoCountryCode":"CH","name":"SWIT","id":6772}},{"agent":{"iataCode":"8120185","address":"SCHXXXXXXXXXXXXXX 9","city":"WINDISCH","name":"EURXXXX","id":67728120185,"status":"Active"},"ticketingAuthority":true,"airline":{"iataCode":"006","abrev":"DL","name":"DelXX XXX XXXXX XXX.","id":6772484854},"bsp":{"isoCountryCode":"CH","name":"SWIT","id":6772}},{"agent":{"iataCode":"8120188","address":"BAEXXXXXXX 99","city":"Zurich","name":"HRG XXXXXXXXXXX","id":67728120188,"status":"Active"},"ticketingAuthority":true,"airline":{"iataCode":"006","abrev":"DL","name":"DelXX XXX XXXXX XXX.","id":6772484854},"bsp":{"isoCountryCode":"CH","name":"SWIT","id":6772}},{"agent":{"iataCode":"8120194","address":"AVEXXX XXXXX-XXXXX 99","city":"GENEVA","name":"STOXXXX XXXXX - XXXXXXXX","id":67728120194,"status":"Active"},"ticketingAuthority":true,"airline":{"iataCode":"006","abrev":"DL","name":"DelXX XXX XXXXX XXX.","id":6772484854},"bsp":{"isoCountryCode":"CH","name":"SWIT","id":6772}},{"agent":{"iataCode":"8120195","address":"SENXXXXXXXXXXXX 99","city":"Steinhausen","name":"BTA XXXXX","id":67728120195,"status":"Active"},"ticketingAuthority":true,"airline":{"iataCode":"006","abrev":"DL","name":"DelXX XXX XXXXX XXX.","id":6772484854},"bsp":{"isoCountryCode":"CH","name":"SWIT","id":6772}},{"agent":{"iataCode":"8120196","address":"C/O XXX XXXX XXXXX XXXXXX XX","city":"Zurich","name":"HRG XXXXXXXXXXX","id":67728120196,"status":"Active"},"ticketingAuthority":true,"airline":{"iataCode":"006","abrev":"DL","name":"DelXX XXX XXXXX XXX.","id":6772484854},"bsp":{"isoCountryCode":"CH","name":"SWIT","id":6772}},{"agent":{"iataCode":"8120205","address":"NIKXXXX-XXXX-XXXXX/XXXXXXXXX 9","city":"Zofingen","name":"HAUXX XXXXXX XX","id":67728120205,"status":"Active"},"ticketingAuthority":true,"airline":{"iataCode":"006","abrev":"DL","name":"DelXX XXX XXXXX XXX.","id":6772484854},"bsp":{"isoCountryCode":"CH","name":"SWIT","id":6772}},{"agent":{"iataCode":"8120208","address":"BAHXXXXXXXXXXX 99","city":"Amriswil","name":"KNEXXX XXXXXX XX","id":67728120208,"status":"Active"},"ticketingAuthority":true,"airline":{"iataCode":"006","abrev":"DL","name":"DelXX XXX XXXXX XXX.","id":6772484854},"bsp":{"isoCountryCode":"CH","name":"SWIT","id":6772}},{"agent":{"iataCode":"8120209","address":"INDXXXXXXXXXXXXX XXXXXXXX 999","city":"Heerbrugg","name":"KUOXX XXXXXX","id":67728120209,"status":"Active"},"ticketingAuthority":true,"airline":{"iataCode":"006","abrev":"DL","name":"DelXX XXX XXXXX XXX.","id":6772484854},"bsp":{"isoCountryCode":"CH","name":"SWIT","id":6772}},{"agent":{"iataCode":"8120210","address":"17, XXXXX-XXX","city":"GENEVA","name":"ES XXXXXXX & XXXXXXXX XX","id":67728120210,"status":"Active"},"ticketingAuthority":true,"airline":{"iataCode":"006","abrev":"DL","name":"DelXX XXX XXXXX XXX.","id":6772484854},"bsp":{"isoCountryCode":"CH","name":"SWIT","id":6772}},{"agent":{"iataCode":"8120213","address":"C/O X XXXXXXXX-XX XXXXX XX","city":"Basel","name":"HRG XXXXXXXXXXX","id":67728120213,"status":"Active"},"ticketingAuthority":true,"airline":{"iataCode":"006","abrev":"DL","name":"DelXX XXX XXXXX XXX.","id":6772484854},"bsp":{"isoCountryCode":"CH","name":"SWIT","id":6772}},{"agent":{"iataCode":"8120218","address":"RUE XX XXXXX XXXXXXX XXXXX-XXX","city":"Sierre","name":"REYXXXX XXXXXXX","id":67728120218,"status":"Active"},"ticketingAuthority":true,"airline":{"iataCode":"006","abrev":"DL","name":"DelXX XXX XXXXX XXX.","id":6772484854},"bsp":{"isoCountryCode":"CH","name":"SWIT","id":6772}},{"agent":{"iataCode":"8120219","address":"FISXXXXXXX 99","city":"Liestal","name":"ROTXXXX XXXXXX XX","id":67728120219,"status":"Active"},"ticketingAuthority":true,"airline":{"iataCode":"006","abrev":"DL","name":"DelXX XXX XXXXX XXX.","id":6772484854},"bsp":{"isoCountryCode":"CH","name":"SWIT","id":6772}},{"agent":{"iataCode":"8120230","address":"GRAXX-XXX 99 X.X. 999","city":"Villeneuve","name":"INTXXXXXXXXX XXXXXXXXXX XX","id":67728120230,"status":"Active"},"ticketingAuthority":true,"airline":{"iataCode":"006","abrev":"DL","name":"DelXX XXX XXXXX XXX.","id":6772484854},"bsp":{"isoCountryCode":"CH","name":"SWIT","id":6772}},{"agent":{"iataCode":"8120233","address":"NEUXXXXX 99","city":"Bischofszell","name":"MAWX XXXXXX XX","id":67728120233,"status":"Active"},"ticketingAuthority":true,"airline":{"iataCode":"006","abrev":"DL","name":"DelXX XXX XXXXX XXX.","id":6772484854},"bsp":{"isoCountryCode":"CH","name":"SWIT","id":6772}},{"agent":{"iataCode":"8120247","address":"9 AXX XX XX-XXXXX","city":"Gland","name":"ZENXXX XXXXXXX XX","id":67728120247,"status":"Active"},"ticketingAuthority":true,"airline":{"iataCode":"006","abrev":"DL","name":"DelXX XXX XXXXX XXX.","id":6772484854},"bsp":{"isoCountryCode":"CH","name":"SWIT","id":6772}},{"agent":{"iataCode":"8120248","address":"GLAXXXXXXXXXX. 99","city":"Horgen","name":"INCXXXXXX XXXXXX XX","id":67728120248,"status":"Active"},"ticketingAuthority":true,"airline":{"iataCode":"006","abrev":"DL","name":"DelXX XXX XXXXX XXX.","id":6772484854},"bsp":{"isoCountryCode":"CH","name":"SWIT","id":6772}},{"agent":{"iataCode":"8120253","address":"LIMXXXXXXXXX. 999","city":"Zurich","name":"MB XXXXXX XX","id":67728120253,"status":"Active"},"ticketingAuthority":true,"airline":{"iataCode":"006","abrev":"DL","name":"DelXX XXX XXXXX XXX.","id":6772484854},"bsp":{"isoCountryCode":"CH","name":"SWIT","id":6772}},{"agent":{"iataCode":"8120254","address":"REGXXXXXXXXXXXX. 9","city":"Zurich","name":"POLX XXXXXX XX","id":67728120254,"status":"Active"},"ticketingAuthority":true,"airline":{"iataCode":"006","abrev":"DL","name":"DelXX XXX XXXXX XXX.","id":6772484854},"bsp":{"isoCountryCode":"CH","name":"SWIT","id":6772}},{"agent":{"iataCode":"8120257","address":"EURXXXXXXXX 99","city":"Zurich","name":"SW XXXXXXXXXX XX","id":67728120257,"status":"Active"},"ticketingAuthority":true,"airline":{"iataCode":"006","abrev":"DL","name":"DelXX XXX XXXXX XXX.","id":6772484854},"bsp":{"isoCountryCode":"CH","name":"SWIT","id":6772}},{"agent":{"iataCode":"8120260","address":"23 XXXXX-XXX","city":"GENEVA","name":"B.C. XXXXXXXX XXXXX XX","id":67728120260,"status":"Active"},"ticketingAuthority":true,"airline":{"iataCode":"006","abrev":"DL","name":"DelXX XXX XXXXX XXX.","id":6772484854},"bsp":{"isoCountryCode":"CH","name":"SWIT","id":6772}},{"agent":{"iataCode":"8120262","address":"WERXXXXXXXXXXXXXX 99","city":"Zurich","name":"TRAXXX XXXXXXXX XXXXXX XX","id":67728120262,"status":"Active"},"ticketingAuthority":true,"airline":{"iataCode":"006","abrev":"DL","name":"DelXX XXX XXXXX XXX.","id":6772484854},"bsp":{"isoCountryCode":"CH","name":"SWIT","id":6772}},{"agent":{"iataCode":"8120266","address":"SAEXXXXXXXXXXXX 99","city":"Glattbrugg","name":"M-TXXXXX XXXXXXXXXXX","id":67728120266,"status":"Active"},"ticketingAuthority":true,"airline":{"iataCode":"006","abrev":"DL","name":"DelXX XXX XXXXX XXX.","id":6772484854},"bsp":{"isoCountryCode":"CH","name":"SWIT","id":6772}},{"agent":{"iataCode":"8120271","address":"BAHXXXXXXXXXXX 99","city":"Baden","name":"KUOXX XXXXXX","id":67728120271,"status":"Active"},"ticketingAuthority":true,"airline":{"iataCode":"006","abrev":"DL","name":"DelXX XXX XXXXX XXX.","id":6772484854},"bsp":{"isoCountryCode":"CH","name":"SWIT","id":6772}},{"agent":{"iataCode":"8120288","address":"BAHXXXXXXXXXXX 99","city":"Buchs","name":"BTA XXXXX","id":67728120288,"status":"Active"},"ticketingAuthority":true,"airline":{"iataCode":"006","abrev":"DL","name":"DelXX XXX XXXXX XXX.","id":6772484854},"bsp":{"isoCountryCode":"CH","name":"SWIT","id":6772}},{"agent":{"iataCode":"8120289","address":"VORXXXX XXXXXXXX 99","city":"Aarau","name":"KNEXXX XXXXXX XX","id":67728120289,"status":"Active"},"ticketingAuthority":true,"airline":{"iataCode":"006","abrev":"DL","name":"DelXX XXX XXXXX XXX.","id":6772484854},"bsp":{"isoCountryCode":"CH","name":"SWIT","id":6772}},{"agent":{"iataCode":"8120293","address":"VORXXXXX 99","city":"Zug","name":"TUI XXXXXXXXXXX","id":67728120293,"status":"Active"},"ticketingAuthority":true,"airline":{"iataCode":"006","abrev":"DL","name":"DelXX XXX XXXXX XXX.","id":6772484854},"bsp":{"isoCountryCode":"CH","name":"SWIT","id":6772}},{"agent":{"iataCode":"8120295","address":"BAEXXXXXXX 99","city":"Zurich","name":"HRG XXXXXXXXXXX","id":67728120295,"status":"Active"},"ticketingAuthority":true,"airline":{"iataCode":"006","abrev":"DL","name":"DelXX XXX XXXXX XXX.","id":6772484854},"bsp":{"isoCountryCode":"CH","name":"SWIT","id":6772}},{"agent":{"iataCode":"8120303","address":"GUYXX-XXXXXX-XXXXXXX 99","city":"Wetzikon","name":"FINXXX XXXXXX XX","id":67728120303,"status":"Active"},"ticketingAuthority":true,"airline":{"iataCode":"006","abrev":"DL","name":"DelXX XXX XXXXX XXX.","id":6772484854},"bsp":{"isoCountryCode":"CH","name":"SWIT","id":6772}},{"agent":{"iataCode":"8120308","address":"BAEXXXXXXX 99, X.X. XXX 9999","city":"Zurich","name":"GLOXXX XXXXXXXX XXXXXX XXXXXXX","id":67728120308,"status":"Active"},"ticketingAuthority":true,"airline":{"iataCode":"006","abrev":"DL","name":"DelXX XXX XXXXX XXX.","id":6772484854},"bsp":{"isoCountryCode":"CH","name":"SWIT","id":6772}},{"agent":{"iataCode":"8120317","address":"FRIXXXXXXXXXXXXXXX 99","city":"Zurich","name":"TUI/XXXX XXXXXX XXXXXX XXX","id":67728120317,"status":"Active"},"ticketingAuthority":true,"airline":{"iataCode":"006","abrev":"DL","name":"DelXX XXX XXXXX XXX.","id":6772484854},"bsp":{"isoCountryCode":"CH","name":"SWIT","id":6772}},{"agent":{"iataCode":"8120319","address":"FREXXXXXXXXXXXX 9","city":"Zurich","name":"TRAXXXXXXXX","id":67728120319,"status":"Active"},"ticketingAuthority":true,"airline":{"iataCode":"006","abrev":"DL","name":"DelXX XXX XXXXX XXX.","id":6772484854},"bsp":{"isoCountryCode":"CH","name":"SWIT","id":6772}},{"agent":{"iataCode":"8120322","address":"VIA X. XXXXX 99 XXXXXXX XXXXXX","city":"Lugano","name":"I GXXXXXX XXXXXX XX","id":67728120322,"status":"Active"},"ticketingAuthority":true,"airline":{"iataCode":"006","abrev":"DL","name":"DelXX XXX XXXXX XXX.","id":6772484854},"bsp":{"isoCountryCode":"CH","name":"SWIT","id":6772}},{"agent":{"iataCode":"8120326","address":"DUFXXXXXXXXXX 999","city":"Zurich","name":"INFX-XXXXXX XXXXXXXXXXXXX XX","id":67728120326,"status":"Active"},"ticketingAuthority":true,"airline":{"iataCode":"006","abrev":"DL","name":"DelXX XXX XXXXX XXX.","id":6772484854},"bsp":{"isoCountryCode":"CH","name":"SWIT","id":6772}},{"agent":{"iataCode":"8120331","address":"RATXXXXXXXXX, 99","city":"Baden","name":"TWEXXXXXXX XXXXXX XX","id":67728120331,"status":"Active"},"ticketingAuthority":true,"airline":{"iataCode":"006","abrev":"DL","name":"DelXX XXX XXXXX XXX.","id":6772484854},"bsp":{"isoCountryCode":"CH","name":"SWIT","id":6772}},{"agent":{"iataCode":"8120332","address":"VORXXXXX 99","city":"Schaffhausen","name":"ROLX XXXXX XXXXXX","id":67728120332,"status":"Active"},"ticketingAuthority":true,"airline":{"iataCode":"006","abrev":"DL","name":"DelXX XXX XXXXX XXX.","id":6772484854},"bsp":{"isoCountryCode":"CH","name":"SWIT","id":6772}},{"agent":{"iataCode":"8120334","address":"SPAXXXXXXX 999 X.X. XXX","city":"Basel","name":"KNEXXX XXXXXX XX","id":67728120334,"status":"Active"},"ticketingAuthority":true,"airline":{"iataCode":"006","abrev":"DL","name":"DelXX XXX XXXXX XXX.","id":6772484854},"bsp":{"isoCountryCode":"CH","name":"SWIT","id":6772}},{"agent":{"iataCode":"8120343","address":"ALBXXXXXXXXXXX 999","city":"Zurich","name":"ALBXX XXXXXX XX","id":67728120343,"status":"Active"},"ticketingAuthority":true,"airline":{"iataCode":"006","abrev":"DL","name":"DelXX XXX XXXXX XXX.","id":6772484854},"bsp":{"isoCountryCode":"CH","name":"SWIT","id":6772}},{"agent":{"iataCode":"8120344","address":"ZIGXXXXXXXXXXXXX 9","city":"Lucerne","name":"BAUXXXXX XXXXXX XX","id":67728120344,"status":"Active"},"ticketingAuthority":true,"airline":{"iataCode":"006","abrev":"DL","name":"DelXX XXX XXXXX XXX.","id":6772484854},"bsp":{"isoCountryCode":"CH","name":"SWIT","id":6772}},{"agent":{"iataCode":"8120349","address":"HerXXXXXXXX 99","city":"Zurich","name":"KUOXX XXXXXX","id":67728120349,"status":"Active"},"ticketingAuthority":true,"airline":{"iataCode":"006","abrev":"DL","name":"DelXX XXX XXXXX XXX.","id":6772484854},"bsp":{"isoCountryCode":"CH","name":"SWIT","id":6772}},{"agent":{"iataCode":"8120351","address":"VIA XXXXXX 99","city":"Lugano","name":"FRAXXXXXXXX XX","id":67728120351,"status":"Active"},"ticketingAuthority":true,"airline":{"iataCode":"006","abrev":"DL","name":"DelXX XXX XXXXX XXX.","id":6772484854},"bsp":{"isoCountryCode":"CH","name":"SWIT","id":6772}},{"agent":{"iataCode":"8120353","address":"BERXXXXXXXX 999","city":"Zollikofen","name":"RAIXXXXX XXXXXX XX","id":67728120353,"status":"Active"},"ticketingAuthority":true,"airline":{"iataCode":"006","abrev":"DL","name":"DelXX XXX XXXXX XXX.","id":6772484854},"bsp":{"isoCountryCode":"CH","name":"SWIT","id":6772}},{"agent":{"iataCode":"8120354","address":"NEUXXXXXXXXXX 999","city":"Basel","name":"CAT XXXXXX XXXXXX XXXXXX XX","id":67728120354,"status":"Active"},"ticketingAuthority":true,"airline":{"iataCode":"006","abrev":"DL","name":"DelXX XXX XXXXX XXX.","id":6772484854},"bsp":{"isoCountryCode":"CH","name":"SWIT","id":6772}},{"agent":{"iataCode":"8120355","address":"BADXXXXXXX 99 XXXXXXXX 999","city":"Baden","name":"KNEXXX XXXXXX XX","id":67728120355,"status":"Active"},"ticketingAuthority":true,"airline":{"iataCode":"006","abrev":"DL","name":"DelXX XXX XXXXX XXX.","id":6772484854},"bsp":{"isoCountryCode":"CH","name":"SWIT","id":6772}},{"agent":{"iataCode":"8120361","address":"SATXXXXXXXX 9","city":"Basel","name":"FROXXXXX XXXXXX","id":67728120361,"status":"Active"},"ticketingAuthority":true,"airline":{"iataCode":"006","abrev":"DL","name":"DelXX XXX XXXXX XXX.","id":6772484854},"bsp":{"isoCountryCode":"CH","name":"SWIT","id":6772}},{"agent":{"iataCode":"8120364","address":"LEHXXXXXXXXXXXXXX 99","city":"ST GALLEN","name":"INTXXXXXX XXXXXX","id":67728120364,"status":"Active"},"ticketingAuthority":true,"airline":{"iataCode":"006","abrev":"DL","name":"DelXX XXX XXXXX XXX.","id":6772484854},"bsp":{"isoCountryCode":"CH","name":"SWIT","id":6772}},{"agent":{"iataCode":"8120365","address":"KIRXXXXXXX 99","city":"Meilen","name":"REIXX-XXXXX XXXXXX XX","id":67728120365,"status":"Active"},"ticketingAuthority":true,"airline":{"iataCode":"006","abrev":"DL","name":"DelXX XXX XXXXX XXX.","id":6772484854},"bsp":{"isoCountryCode":"CH","name":"SWIT","id":6772}},{"agent":{"iataCode":"8120367","address":"RUE XX XXXXXXXX 99","city":"Lausanne","name":"NOVX XXXXX XX","id":67728120367,"status":"Active"},"ticketingAuthority":true,"airline":{"iataCode":"006","abrev":"DL","name":"DelXX XXX XXXXX XXX.","id":6772484854},"bsp":{"isoCountryCode":"CH","name":"SWIT","id":6772}},{"agent":{"iataCode":"8120371","address":"AVEXXX XX XX XXXX 9","city":"Lausanne","name":"GEO-XXXXXXXXXX XX","id":67728120371,"status":"Active"},"ticketingAuthority":true,"airline":{"iataCode":"006","abrev":"DL","name":"DelXX XXX XXXXX XXX.","id":6772484854},"bsp":{"isoCountryCode":"CH","name":"SWIT","id":6772}},{"agent":{"iataCode":"8120383","address":"LANXXXXXX 99","city":"Gais","name":"PORXXXXX XXXX","id":67728120383,"status":"Active"},"ticketingAuthority":true,"airline":{"iataCode":"006","abrev":"DL","name":"DelXX XXX XXXXX XXX.","id":6772484854},"bsp":{"isoCountryCode":"CH","name":"SWIT","id":6772}},{"agent":{"iataCode":"8120386","address":"PLAXX XX XX XXXXX-XXXXXXX 9","city":"Epalinges","name":"VOYXXXX XXXXXXX XX","id":67728120386,"status":"Active"},"ticketingAuthority":true,"airline":{"iataCode":"006","abrev":"DL","name":"DelXX XXX XXXXX XXX.","id":6772484854},"bsp":{"isoCountryCode":"CH","name":"SWIT","id":6772}},{"agent":{"iataCode":"8120387","address":"RUE XX. XXXXXX 9","city":"Carouge","name":"VOYXXXX XXX XXXX","id":67728120387,"status":"Active"},"ticketingAuthority":true,"airline":{"iataCode":"006","abrev":"DL","name":"DelXX XXX XXXXX XXX.","id":6772484854},"bsp":{"isoCountryCode":"CH","name":"SWIT","id":6772}},{"agent":{"iataCode":"8120390","address":"VIA XXXX 9","city":"Lugano","name":"DA XXXXX XXXXX XX X/X XXXXX XX","id":67728120390,"status":"Active"},"ticketingAuthority":true,"airline":{"iataCode":"006","abrev":"DL","name":"DelXX XXX XXXXX XXX.","id":6772484854},"bsp":{"isoCountryCode":"CH","name":"SWIT","id":6772}},{"agent":{"iataCode":"8120394","address":"SAGXXXX 9","city":"WICHTRACH","name":"GURXXXX XXXXXX XX","id":67728120394,"status":"Active"},"ticketingAuthority":true,"airline":{"iataCode":"006","abrev":"DL","name":"DelXX XXX XXXXX XXX.","id":6772484854},"bsp":{"isoCountryCode":"CH","name":"SWIT","id":6772}},{"agent":{"iataCode":"8120399","address":"SCHXXXXXXXXXXXX 9","city":"Bern","name":"REIXXXXXXX XXXXXX X.X.","id":67728120399,"status":"Active"},"ticketingAuthority":true,"airline":{"iataCode":"006","abrev":"DL","name":"DelXX XXX XXXXX XXX.","id":6772484854},"bsp":{"isoCountryCode":"CH","name":"SWIT","id":6772}},{"agent":{"iataCode":"8120401","address":"TRAXXXXXXXX 99","city":"Zurich","name":"TOUXXXXXXXXXX","id":67728120401,"status":"Active"},"ticketingAuthority":true,"airline":{"iataCode":"006","abrev":"DL","name":"DelXX XXX XXXXX XXX.","id":6772484854},"bsp":{"isoCountryCode":"CH","name":"SWIT","id":6772}},{"agent":{"iataCode":"8120425","address":"C/O XXX/XXX XXX XX XXXXXXXX 99","city":"GENEVA","name":"CWT - XXXXXXXXXXXXXXXXXX X.X.","id":67728120425,"status":"Active"},"ticketingAuthority":true,"airline":{"iataCode":"006","abrev":"DL","name":"DelXX XXX XXXXX XXX.","id":6772484854},"bsp":{"isoCountryCode":"CH","name":"SWIT","id":6772}},{"agent":{"iataCode":"8120428","address":"SEEXXXXXXX, 99","city":"Zurich","name":"KUOXX XXXXXX","id":67728120428,"status":"Active"},"ticketingAuthority":true,"airline":{"iataCode":"006","abrev":"DL","name":"DelXX XXX XXXXX XXX.","id":6772484854},"bsp":{"isoCountryCode":"CH","name":"SWIT","id":6772}},{"agent":{"iataCode":"8120430","address":"LOEXXXXXXXXXX 99 XXXXXX XXXX","city":"Zurich","name":"M-TXXXXX XXXXXXXXXXX","id":67728120430,"status":"Active"},"ticketingAuthority":true,"airline":{"iataCode":"006","abrev":"DL","name":"DelXX XXX XXXXX XXX.","id":6772484854},"bsp":{"isoCountryCode":"CH","name":"SWIT","id":6772}},{"agent":{"iataCode":"8120436","address":"VIA XXXXXXXXX 9","city":"Lugano","name":"MICXXXXXXX","id":67728120436,"status":"Active"},"ticketingAuthority":true,"airline":{"iataCode":"006","abrev":"DL","name":"DelXX XXX XXXXX XXX.","id":6772484854},"bsp":{"isoCountryCode":"CH","name":"SWIT","id":6772}},{"agent":{"iataCode":"8120446","address":"AVEXXX XX XX XXXX 9-99","city":"GENEVA","name":"CWT - XXXXXXXXXXXXXXXXXX X.X.","id":67728120446,"status":"Active"},"ticketingAuthority":true,"airline":{"iataCode":"006","abrev":"DL","name":"DelXX XXX XXXXX XXX.","id":6772484854},"bsp":{"isoCountryCode":"CH","name":"SWIT","id":6772}},{"agent":{"iataCode":"8120466","address":"DORXXXXXX 9","city":"Zumikon","name":"TUI XXXXXXXXXXX","id":67728120466,"status":"Active"},"ticketingAuthority":true,"airline":{"iataCode":"006","abrev":"DL","name":"DelXX XXX XXXXX XXX.","id":6772484854},"bsp":{"isoCountryCode":"CH","name":"SWIT","id":6772}},{"agent":{"iataCode":"8120468","address":"C/O XXX XXXXXXXXXXXX 9","city":"Zurich","name":"GURXXXX XXXXXX XX","id":67728120468,"status":"Active"},"ticketingAuthority":true,"airline":{"iataCode":"006","abrev":"DL","name":"DelXX XXX XXXXX XXX.","id":6772484854},"bsp":{"isoCountryCode":"CH","name":"SWIT","id":6772}},{"agent":{"iataCode":"8120477","address":"C/O XXXXXX XXXXXXXXXXXXX","city":"Lausanne","name":"CWT - XXXXXXXXXXXXXXXXXX X.X.","id":67728120477,"status":"Active"},"ticketingAuthority":true,"airline":{"iataCode":"006","abrev":"DL","name":"DelXX XXX XXXXX XXX.","id":6772484854},"bsp":{"isoCountryCode":"CH","name":"SWIT","id":6772}},{"agent":{"iataCode":"8120483","address":"BRUXXX 99","city":"Kallnach","name":"GRUXXXXXXXXXXX","id":67728120483,"status":"Active"},"ticketingAuthority":true,"airline":{"iataCode":"006","abrev":"DL","name":"DelXX XXX XXXXX XXX.","id":6772484854},"bsp":{"isoCountryCode":"CH","name":"SWIT","id":6772}},{"agent":{"iataCode":"8120486","address":"HAUXXXXXXXXX 9","city":"Reinach","name":"KNEXXX XXXXXX XX","id":67728120486,"status":"Active"},"ticketingAuthority":true,"airline":{"iataCode":"006","abrev":"DL","name":"DelXX XXX XXXXX XXX.","id":6772484854},"bsp":{"isoCountryCode":"CH","name":"SWIT","id":6772}},{"agent":{"iataCode":"8120505","address":"AM XXXXXXXX XXXXXXXXXX 9","city":"Zurich","name":"KUOXX XXXXXX","id":67728120505,"status":"Active"},"ticketingAuthority":true,"airline":{"iataCode":"006","abrev":"DL","name":"DelXX XXX XXXXX XXX.","id":6772484854},"bsp":{"isoCountryCode":"CH","name":"SWIT","id":6772}},{"agent":{"iataCode":"8120508","address":"POB 999 XXXXXX XXXXXXX","city":"GENEVA","name":"DNAXX XXXXXXXXXXX XX","id":67728120508,"status":"Active"},"ticketingAuthority":true,"airline":{"iataCode":"006","abrev":"DL","name":"DelXX XXX XXXXX XXX.","id":6772484854},"bsp":{"isoCountryCode":"CH","name":"SWIT","id":6772}},{"agent":{"iataCode":"8120513","address":"C/O X.X.X.X. XXXXXXXXX XX","city":"Lucerne","name":"AE XXXXXX XXXXXXXX XXXXXX","id":67728120513,"status":"Active"},"ticketingAuthority":true,"airline":{"iataCode":"006","abrev":"DL","name":"DelXX XXX XXXXX XXX.","id":6772484854},"bsp":{"isoCountryCode":"CH","name":"SWIT","id":6772}},{"agent":{"iataCode":"8120514","address":"RUE XX XXXXXXX 99 X.X. 9999","city":"Lausanne","name":"RAIXXXXX XXXXXX XX","id":67728120514,"status":"Active"},"ticketingAuthority":true,"airline":{"iataCode":"006","abrev":"DL","name":"DelXX XXX XXXXX XXX.","id":6772484854},"bsp":{"isoCountryCode":"CH","name":"SWIT","id":6772}},{"agent":{"iataCode":"8120520","address":"ZENXXXXXXXXXXX 9","city":"Zurich","name":"RMR XXXXXX XXXXXXXXX","id":67728120520,"status":"Active"},"ticketingAuthority":true,"airline":{"iataCode":"006","abrev":"DL","name":"DelXX XXX XXXXX XXX.","id":6772484854},"bsp":{"isoCountryCode":"CH","name":"SWIT","id":6772}},{"agent":{"iataCode":"8120529","address":"C/O XXXXXXX XX XXX XXXXXXX 9","city":"Lugano","name":"KUOXX XXXXXX","id":67728120529,"status":"Active"},"ticketingAuthority":true,"airline":{"iataCode":"006","abrev":"DL","name":"DelXX XXX XXXXX XXX.","id":6772484854},"bsp":{"isoCountryCode":"CH","name":"SWIT","id":6772}},{"agent":{"iataCode":"8120537","address":"ZUGXXXXXXXXXXXXX 9","city":"UNTERAEGERI","name":"MUEXXXXXX XXXXXXXXX XX","id":67728120537,"status":"Active"},"ticketingAuthority":true,"airline":{"iataCode":"006","abrev":"DL","name":"DelXX XXX XXXXX XXX.","id":6772484854},"bsp":{"isoCountryCode":"CH","name":"SWIT","id":6772}},{"agent":{"iataCode":"8120540","address":"LOEXXXXXXXXXX 99","city":"Zurich","name":"RAIXXXXX XXXXXX XX","id":67728120540,"status":"Active"},"ticketingAuthority":true,"airline":{"iataCode":"006","abrev":"DL","name":"DelXX XXX XXXXX XXX.","id":6772484854},"bsp":{"isoCountryCode":"CH","name":"SWIT","id":6772}},{"agent":{"iataCode":"8120542","address":"C/O XXXXX XXXXXX 99 XXXXX XX","city":"GENEVA","name":"CWT - XXXXXXXXXXXXXXXXXX X.X.","id":67728120542,"status":"Active"},"ticketingAuthority":true,"airline":{"iataCode":"006","abrev":"DL","name":"DelXX XXX XXXXX XXX.","id":6772484854},"bsp":{"isoCountryCode":"CH","name":"SWIT","id":6772}},{"agent":{"iataCode":"8120547","address":"C/O XXXX XXXXXXXXXXXXXXXXXX","city":"Zurich","name":"BTA XXXXX","id":67728120547,"status":"Active"},"ticketingAuthority":true,"airline":{"iataCode":"006","abrev":"DL","name":"DelXX XXX XXXXX XXX.","id":6772484854},"bsp":{"isoCountryCode":"CH","name":"SWIT","id":6772}},{"agent":{"iataCode":"8120554","address":"C/O XXXXXX & XXX XXXXX XXX","city":"GENEVA","name":"FERX & XXX XXXXXXX XX","id":67728120554,"status":"Active"},"ticketingAuthority":true,"airline":{"iataCode":"006","abrev":"DL","name":"DelXX XXX XXXXX XXX.","id":6772484854},"bsp":{"isoCountryCode":"CH","name":"SWIT","id":6772}},{"agent":{"iataCode":"8120556","address":"RUE XXXXXX, 9","city":"GENEVA","name":"FERX XXXXXXXXX","id":67728120556,"status":"Active"},"ticketingAuthority":true,"airline":{"iataCode":"006","abrev":"DL","name":"DelXX XXX XXXXX XXX.","id":6772484854},"bsp":{"isoCountryCode":"CH","name":"SWIT","id":6772}},{"agent":{"iataCode":"8120566","address":"VIA XXXXXX","city":"Lugano","name":"KUOXX XXXXXX","id":67728120566,"status":"Active"},"ticketingAuthority":true,"airline":{"iataCode":"006","abrev":"DL","name":"DelXX XXX XXXXX XXX.","id":6772484854},"bsp":{"isoCountryCode":"CH","name":"SWIT","id":6772}},{"agent":{"iataCode":"8120572","address":"HARXXXXXXXX 999","city":"Zurich","name":"KUOXX XXXXXX","id":67728120572,"status":"Active"},"ticketingAuthority":true,"airline":{"iataCode":"006","abrev":"DL","name":"DelXX XXX XXXXX XXX.","id":6772484854},"bsp":{"isoCountryCode":"CH","name":"SWIT","id":6772}},{"agent":{"iataCode":"8120574","address":"C/O XXX XXXXX XXX XXXXXXXXX 9","city":"GENEVA","name":"CWT - XXXXXXXXXXXXXXXXXX X.X.","id":67728120574,"status":"Active"},"ticketingAuthority":true,"airline":{"iataCode":"006","abrev":"DL","name":"DelXX XXX XXXXX XXX.","id":6772484854},"bsp":{"isoCountryCode":"CH","name":"SWIT","id":6772}},{"agent":{"iataCode":"8120575","address":"C/O XXXX XXXXX XX XXXXXX 99","city":"Nyon","name":"CWT - XXXXXXXXXXXXXXXXXX X.X.","id":67728120575,"status":"Active"},"ticketingAuthority":true,"airline":{"iataCode":"006","abrev":"DL","name":"DelXX XXX XXXXX XXX.","id":6772484854},"bsp":{"isoCountryCode":"CH","name":"SWIT","id":6772}},{"agent":{"iataCode":"8120578","address":"C/O XXXX XXXXXX XX XXXXXXXXX 9","city":"GENEVA","name":"AE XXXXXX XXXXXXXX XXXXXX","id":67728120578,"status":"Active"},"ticketingAuthority":true,"airline":{"iataCode":"006","abrev":"DL","name":"DelXX XXX XXXXX XXX.","id":6772484854},"bsp":{"isoCountryCode":"CH","name":"SWIT","id":6772}},{"agent":{"iataCode":"8120600","address":"C/O XXXXXXX XXXXXXX XX","city":"ZURICH","name":"CARXXXX XXXXXXXX XXXXXX","id":67728120600,"status":"Non Active"},"ticketingAuthority":true,"airline":{"iataCode":"006","abrev":"DL","name":"DelXX XXX XXXXX XXX.","id":6772484854},"bsp":{"isoCountryCode":"CH","name":"SWIT","id":6772}},{"agent":{"iataCode":"8120607","address":"GUEXXXXXXXXXX 99","city":"Basel","name":"HRG XXXXXXXXXXX","id":67728120607,"status":"Active"},"ticketingAuthority":true,"airline":{"iataCode":"006","abrev":"DL","name":"DelXX XXX XXXXX XXX.","id":6772484854},"bsp":{"isoCountryCode":"CH","name":"SWIT","id":6772}},{"agent":{"iataCode":"8120608","address":"LEOXXXXXXXXXXXX 9","city":"Basel","name":"DANXXX","id":67728120608,"status":"Active"},"ticketingAuthority":true,"airline":{"iataCode":"006","abrev":"DL","name":"DelXX XXX XXXXX XXX.","id":6772484854},"bsp":{"isoCountryCode":"CH","name":"SWIT","id":6772}},{"agent":{"iataCode":"8120616","address":"HAUXXXXXXX","city":"Ruswil","name":"KNEXXX XXXXXX XX","id":67728120616,"status":"Active"},"ticketingAuthority":true,"airline":{"iataCode":"006","abrev":"DL","name":"DelXX XXX XXXXX XXX.","id":6772484854},"bsp":{"isoCountryCode":"CH","name":"SWIT","id":6772}},{"agent":{"iataCode":"8120624","address":"BAEXXXXXXX 99","city":"Zurich","name":"AMEXXXXX XXXXXXX XXX","id":67728120624,"status":"Active"},"ticketingAuthority":true,"airline":{"iataCode":"006","abrev":"DL","name":"DelXX XXX XXXXX XXX.","id":6772484854},"bsp":{"isoCountryCode":"CH","name":"SWIT","id":6772}},{"agent":{"iataCode":"8120629","address":"C/O XXXXXX XX XXXXX","city":"Lausanne","name":"CWT - XXXXXXXXXXXXXXXXXX X.X.","id":67728120629,"status":"Active"},"ticketingAuthority":true,"airline":{"iataCode":"006","abrev":"DL","name":"DelXX XXX XXXXX XXX.","id":6772484854},"bsp":{"isoCountryCode":"CH","name":"SWIT","id":6772}},{"agent":{"iataCode":"8120648","address":"DEPXXXXXX XXXX","city":"GENEVA","name":"AIRXXXX XXXXXXXX XXXXXX","id":67728120648,"status":"Active"},"ticketingAuthority":true,"airline":{"iataCode":"006","abrev":"DL","name":"DelXX XXX XXXXX XXX.","id":6772484854},"bsp":{"isoCountryCode":"CH","name":"SWIT","id":6772}},{"agent":{"iataCode":"8120650","address":"BAEXXXXXXX 99","city":"Zurich","name":"AE XXXXXX XXXXXXXX XXXXXX","id":67728120650,"status":"Active"},"ticketingAuthority":true,"airline":{"iataCode":"006","abrev":"DL","name":"DelXX XXX XXXXX XXX.","id":6772484854},"bsp":{"isoCountryCode":"CH","name":"SWIT","id":6772}},{"agent":{"iataCode":"8120665","address":"CHEXXX XX XXXXXX 9","city":"Ecublens","name":"VT XXXXXXXX XX","id":67728120665,"status":"Active"},"ticketingAuthority":true,"airline":{"iataCode":"006","abrev":"DL","name":"DelXX XXX XXXXX XXX.","id":6772484854},"bsp":{"isoCountryCode":"CH","name":"SWIT","id":6772}},{"agent":{"iataCode":"8120668","address":"CHEXXX XXXXX-XXXXXX 9","city":"Petit-Lancy","name":"AE XXXXXX XXXXXXXX XXXXXX","id":67728120668,"status":"Active"},"ticketingAuthority":true,"airline":{"iataCode":"006","abrev":"DL","name":"DelXX XXX XXXXX XXX.","id":6772484854},"bsp":{"isoCountryCode":"CH","name":"SWIT","id":6772}},{"agent":{"iataCode":"8120669","address":"FRIXXXXXXXXXXXXXXX 99","city":"Zurich","name":"FIRXX XXXXXXXX XXXXXX XXXXXX","id":67728120669,"status":"Active"},"ticketingAuthority":true,"airline":{"iataCode":"006","abrev":"DL","name":"DelXX XXX XXXXX XXX.","id":6772484854},"bsp":{"isoCountryCode":"CH","name":"SWIT","id":6772}},{"agent":{"iataCode":"8120670","address":"AVEXXX XX XXXXXXXXX 99 XXXX","city":"Lausanne","name":"CULXXXX XXX XXXXXX XX","id":67728120670,"status":"Active"},"ticketingAuthority":true,"airline":{"iataCode":"006","abrev":"DL","name":"DelXX XXX XXXXX XXX.","id":6772484854},"bsp":{"isoCountryCode":"CH","name":"SWIT","id":6772}},{"agent":{"iataCode":"8120677","address":"FRIXXXXXXXXXXXXXXX 99","city":"Zurich","name":"TUI XXXXXX XXX","id":67728120677,"status":"Active"},"ticketingAuthority":true,"airline":{"iataCode":"006","abrev":"DL","name":"DelXX XXX XXXXX XXX.","id":6772484854},"bsp":{"isoCountryCode":"CH","name":"SWIT","id":6772}},{"agent":{"iataCode":"8120678","address":"C/O XXXX 99, XXXXXX XX XX XXXX","city":"GENEVA","name":"HRG XXXXXXXXXXX","id":67728120678,"status":"Active"},"ticketingAuthority":true,"airline":{"iataCode":"006","abrev":"DL","name":"DelXX XXX XXXXX XXX.","id":6772484854},"bsp":{"isoCountryCode":"CH","name":"SWIT","id":6772}},{"agent":{"iataCode":"8120686","address":"THUXXXXXXXXXXXXX 99","city":"Zurich","name":"BCD XXXXXX","id":67728120686,"status":"Active"},"ticketingAuthority":true,"airline":{"iataCode":"006","abrev":"DL","name":"DelXX XXX XXXXX XXX.","id":6772484854},"bsp":{"isoCountryCode":"CH","name":"SWIT","id":6772}},{"agent":{"iataCode":"8120688","address":"MUEXXXXXXXXXXXXXXXXXXX, 99","city":"Basel","name":"CWT - XXXXXXXXXXXXXXXXXX X.X.","id":67728120688,"status":"Active"},"ticketingAuthority":true,"airline":{"iataCode":"006","abrev":"DL","name":"DelXX XXX XXXXX XXX.","id":6772484854},"bsp":{"isoCountryCode":"CH","name":"SWIT","id":6772}},{"agent":{"iataCode":"8120689","address":"C/O XXXXXX XXXXXX XXXXXXXXXXXX","city":"Lausanne","name":"AE XXXXXX XXXXXXXX XXXXXX","id":67728120689,"status":"Active"},"ticketingAuthority":true,"airline":{"iataCode":"006","abrev":"DL","name":"DelXX XXX XXXXX XXX.","id":6772484854},"bsp":{"isoCountryCode":"CH","name":"SWIT","id":6772}},{"agent":{"iataCode":"8120690","address":"CARXXXX XXXXXXXX XXXXXX XXXXXX","city":"Zurich","name":"CWT - XXXXXXXXXXXXXXXXXX X.X.","id":67728120690,"status":"Active"},"ticketingAuthority":true,"airline":{"iataCode":"006","abrev":"DL","name":"DelXX XXX XXXXX XXX.","id":6772484854},"bsp":{"isoCountryCode":"CH","name":"SWIT","id":6772}},{"agent":{"iataCode":"8120701","address":"ANEXXXXXXXXXXXX, 99","city":"Zurich","name":"AE XXXXXX XXXXXXXX XXXXXX","id":67728120701,"status":"Active"},"ticketingAuthority":true,"airline":{"iataCode":"006","abrev":"DL","name":"DelXX XXX XXXXX XXX.","id":6772484854},"bsp":{"isoCountryCode":"CH","name":"SWIT","id":6772}},{"agent":{"iataCode":"8120704","address":"C/O XXXX XX XX-XX XXX 999,","city":"Lausanne","name":"CWT - XXXXXXXXXXXXXXXXXX X.X.","id":67728120704,"status":"Active"},"ticketingAuthority":true,"airline":{"iataCode":"006","abrev":"DL","name":"DelXX XXX XXXXX XXX.","id":6772484854},"bsp":{"isoCountryCode":"CH","name":"SWIT","id":6772}},{"agent":{"iataCode":"8120705","address":"BAEXXXXXXX 99","city":"Zurich","name":"AE XXXXXX XXXXXXXX XXXXXX","id":67728120705,"status":"Active"},"ticketingAuthority":true,"airline":{"iataCode":"006","abrev":"DL","name":"DelXX XXX XXXXX XXX.","id":6772484854},"bsp":{"isoCountryCode":"CH","name":"SWIT","id":6772}},{"agent":{"iataCode":"8120707","address":"C/O XXX XXXXXX XXXX XXXXXX XX","city":"Vernier","name":"CWT - XXXXXXXXXXXXXXXXXX X.X.","id":67728120707,"status":"Active"},"ticketingAuthority":true,"airline":{"iataCode":"006","abrev":"DL","name":"DelXX XXX XXXXX XXX.","id":6772484854},"bsp":{"isoCountryCode":"CH","name":"SWIT","id":6772}},{"agent":{"iataCode":"8120708","address":"THUXXXXXXXXXXXXX 99","city":"Zurich","name":"BCD XXXXXXX","id":67728120708,"status":"Active"},"ticketingAuthority":true,"airline":{"iataCode":"006","abrev":"DL","name":"DelXX XXX XXXXX XXX.","id":6772484854},"bsp":{"isoCountryCode":"CH","name":"SWIT","id":6772}},{"agent":{"iataCode":"8120709","address":"THUXXXXXXXXXXXXX 99","city":"Zurich","name":"BCD XXXXXX","id":67728120709,"status":"Active"},"ticketingAuthority":true,"airline":{"iataCode":"006","abrev":"DL","name":"DelXX XXX XXXXX XXX.","id":6772484854},"bsp":{"isoCountryCode":"CH","name":"SWIT","id":6772}},{"agent":{"iataCode":"8120710","address":"BAEXXXXXXX 99","city":"Zurich","name":"HRG XXXXXXX XXXXXX XXXXXXXXXXX","id":67728120710,"status":"Active"},"ticketingAuthority":true,"airline":{"iataCode":"006","abrev":"DL","name":"DelXX XXX XXXXX XXX.","id":6772484854},"bsp":{"isoCountryCode":"CH","name":"SWIT","id":6772}},{"agent":{"iataCode":"8120713","address":"JOSXXXXXXXXX 999","city":"Zurich","name":"CWT - XXXXXXXXXXXXXXXXXX X.X.","id":67728120713,"status":"Active"},"ticketingAuthority":true,"airline":{"iataCode":"006","abrev":"DL","name":"DelXX XXX XXXXX XXX.","id":6772484854},"bsp":{"isoCountryCode":"CH","name":"SWIT","id":6772}},{"agent":{"iataCode":"8120716","address":"HOHXXXXXXXX 999","city":"Zurich","name":"BTA XXXXX","id":67728120716,"status":"Active"},"ticketingAuthority":true,"airline":{"iataCode":"006","abrev":"DL","name":"DelXX XXX XXXXX XXX.","id":6772484854},"bsp":{"isoCountryCode":"CH","name":"SWIT","id":6772}},{"agent":{"iataCode":"8120717","address":"C/O XXXXXX 9-9 XX. XX XX XXXX","city":"GENEVA","name":"AE XXXXXX XXXXXXXX XXXXXX","id":67728120717,"status":"Active"},"ticketingAuthority":true,"airline":{"iataCode":"006","abrev":"DL","name":"DelXX XXX XXXXX XXX.","id":6772484854},"bsp":{"isoCountryCode":"CH","name":"SWIT","id":6772}},{"agent":{"iataCode":"8120718","address":"C/O XXX XXX XXXXXXXX 9 XXX, XX","city":"GENEVA","name":"AE XXXXXX XXXXXXXX XXXXXX","id":67728120718,"status":"Active"},"ticketingAuthority":true,"airline":{"iataCode":"006","abrev":"DL","name":"DelXX XXX XXXXX XXX.","id":6772484854},"bsp":{"isoCountryCode":"CH","name":"SWIT","id":6772}},{"agent":{"iataCode":"8120719","address":"C/O XXX 99-99 XXX XX","city":"GENEVA","name":"AE XXXXXX XXXXXXXX XXXXXX","id":67728120719,"status":"Active"},"ticketingAuthority":true,"airline":{"iataCode":"006","abrev":"DL","name":"DelXX XXX XXXXX XXX.","id":6772484854},"bsp":{"isoCountryCode":"CH","name":"SWIT","id":6772}},{"agent":{"iataCode":"8120720","address":"C/O XXXX XXXXXXXX XXX, XXXXX 9","city":"GENEVA","name":"AE XXXXXX XXXXXXXX XXXXXX","id":67728120720,"status":"Active"},"ticketingAuthority":true,"airline":{"iataCode":"006","abrev":"DL","name":"DelXX XXX XXXXX XXX.","id":6772484854},"bsp":{"isoCountryCode":"CH","name":"SWIT","id":6772}},{"agent":{"iataCode":"8120721","address":"C/O XXX XXXXXX X-999 99, XX. X","city":"Chatelaine","name":"AE XXXXXX XXXXXXXX XXXXXX","id":67728120721,"status":"Active"},"ticketingAuthority":true,"airline":{"iataCode":"006","abrev":"DL","name":"DelXX XXX XXXXX XXX.","id":6772484854},"bsp":{"isoCountryCode":"CH","name":"SWIT","id":6772}},{"agent":{"iataCode":"8120722","address":"C/O XXXX XXXXXX XXX XXXXXXX","city":"GENEVA","name":"AE XXXXXX XXXXXXXX XXXXXX","id":67728120722,"status":"Active"},"ticketingAuthority":true,"airline":{"iataCode":"006","abrev":"DL","name":"DelXX XXX XXXXX XXX.","id":6772484854},"bsp":{"isoCountryCode":"CH","name":"SWIT","id":6772}},{"agent":{"iataCode":"8120723","address":"C/O XXX XXXXX XXX XXXXXXX","city":"GENEVA","name":"AE XXXXXX XXXXXXXX XXXXXX","id":67728120723,"status":"Active"},"ticketingAuthority":true,"airline":{"iataCode":"006","abrev":"DL","name":"DelXX XXX XXXXX XXX.","id":6772484854},"bsp":{"isoCountryCode":"CH","name":"SWIT","id":6772}},{"agent":{"iataCode":"8120724","address":"C/O XXX XXXXXXX & XXXXXXXXX XX","city":"GENEVA","name":"AE XXXXXX XXXXXXXX XXXXXX","id":67728120724,"status":"Active"},"ticketingAuthority":true,"airline":{"iataCode":"006","abrev":"DL","name":"DelXX XXX XXXXX XXX.","id":6772484854},"bsp":{"isoCountryCode":"CH","name":"SWIT","id":6772}},{"agent":{"iataCode":"8120725","address":"C/O XXXX 99, XXX XXX XXXXXX","city":"GENEVA","name":"AE XXXXXX XXXXXXXX XXXXXX","id":67728120725,"status":"Active"},"ticketingAuthority":true,"airline":{"iataCode":"006","abrev":"DL","name":"DelXX XXX XXXXX XXX.","id":6772484854},"bsp":{"isoCountryCode":"CH","name":"SWIT","id":6772}},{"agent":{"iataCode":"8120726","address":"C/O XXXXX XXXXXXXXXXXX XXXXX.","city":"GENEVA","name":"AE XXXXXX XXXXXXXX XXXXXX","id":67728120726,"status":"Active"},"ticketingAuthority":true,"airline":{"iataCode":"006","abrev":"DL","name":"DelXX XXX XXXXX XXX.","id":6772484854},"bsp":{"isoCountryCode":"CH","name":"SWIT","id":6772}},{"agent":{"iataCode":"8120727","address":"C/O XXXXXX XXXXXXX XXXXXX XXXX","city":"GENEVA","name":"AE XXXXXX XXXXXXXX XXXXXX","id":67728120727,"status":"Active"},"ticketingAuthority":true,"airline":{"iataCode":"006","abrev":"DL","name":"DelXX XXX XXXXX XXX.","id":6772484854},"bsp":{"isoCountryCode":"CH","name":"SWIT","id":6772}},{"agent":{"iataCode":"8120728","address":"C/O XXXXX XXXXXX XXXXXXXXXXXX","city":"GENEVA","name":"AE XXXXXX XXXXXXXX XXXXXX","id":67728120728,"status":"Active"},"ticketingAuthority":true,"airline":{"iataCode":"006","abrev":"DL","name":"DelXX XXX XXXXX XXX.","id":6772484854},"bsp":{"isoCountryCode":"CH","name":"SWIT","id":6772}},{"agent":{"iataCode":"8120730","address":"AVEXXX XXXXXXXXX 9","city":"Lausanne","name":"MAJXXXXX XXXXXXX","id":67728120730,"status":"Active"},"ticketingAuthority":true,"airline":{"iataCode":"006","abrev":"DL","name":"DelXX XXX XXXXX XXX.","id":6772484854},"bsp":{"isoCountryCode":"CH","name":"SWIT","id":6772}},{"agent":{"iataCode":"8120731","address":"SCHXXXXXXXXXXX 9","city":"Schaffhausen","name":"KUOXX XXXXXX","id":67728120731,"status":"Active"},"ticketingAuthority":true,"airline":{"iataCode":"006","abrev":"DL","name":"DelXX XXX XXXXX XXX.","id":6772484854},"bsp":{"isoCountryCode":"CH","name":"SWIT","id":6772}},{"agent":{"iataCode":"8120738","address":"POSXXXXX 999","city":"Zurich","name":"AE XXXXXX XXXXXXXX XXXXXX","id":67728120738,"status":"Active"},"ticketingAuthority":true,"airline":{"iataCode":"006","abrev":"DL","name":"DelXX XXX XXXXX XXX.","id":6772484854},"bsp":{"isoCountryCode":"CH","name":"SWIT","id":6772}},{"agent":{"iataCode":"8120739","address":"C/O XXXXXX XXXXXXXXXXXXX","city":"Lausanne","name":"CWT - XXXXXXXXXXXXXXXXXX X.X.","id":67728120739,"status":"Active"},"ticketingAuthority":true,"airline":{"iataCode":"006","abrev":"DL","name":"DelXX XXX XXXXX XXX.","id":6772484854},"bsp":{"isoCountryCode":"CH","name":"SWIT","id":6772}},{"agent":{"iataCode":"8120743","address":"BodXXXXXXXXXX, 9","city":"Zurich","name":"www.XXXXXXXXXXXX.XX","id":67728120743,"status":"Active"},"ticketingAuthority":true,"airline":{"iataCode":"006","abrev":"DL","name":"DelXX XXX XXXXX XXX.","id":6772484854},"bsp":{"isoCountryCode":"CH","name":"SWIT","id":6772}},{"agent":{"iataCode":"8120746","address":"THUXXXXXXXXXXXXX 99","city":"Zurich","name":"BCD XXXXXXX","id":67728120746,"status":"Active"},"ticketingAuthority":true,"airline":{"iataCode":"006","abrev":"DL","name":"DelXX XXX XXXXX XXX.","id":6772484854},"bsp":{"isoCountryCode":"CH","name":"SWIT","id":6772}},{"agent":{"iataCode":"8120747","address":"ROUXX XXX XXXXXXX 99","city":"Carouge","name":"CWT - XXXXXXXXXXXXXXXXXX X.X.","id":67728120747,"status":"Active"},"ticketingAuthority":true,"airline":{"iataCode":"006","abrev":"DL","name":"DelXX XXX XXXXX XXX.","id":6772484854},"bsp":{"isoCountryCode":"CH","name":"SWIT","id":6772}},{"agent":{"iataCode":"8120748","address":"THUXXXXXXXXXXXXX 99","city":"Zurich","name":"PFIXXX XXX","id":67728120748,"status":"Active"},"ticketingAuthority":true,"airline":{"iataCode":"006","abrev":"DL","name":"DelXX XXX XXXXX XXX.","id":6772484854},"bsp":{"isoCountryCode":"CH","name":"SWIT","id":6772}},{"agent":{"iataCode":"8120749","address":"BAEXXXXXXX 99","city":"Zurich","name":"AE XXXXXX XXXXXXXX XXXXXX","id":67728120749,"status":"Active"},"ticketingAuthority":true,"airline":{"iataCode":"006","abrev":"DL","name":"DelXX XXX XXXXX XXX.","id":6772484854},"bsp":{"isoCountryCode":"CH","name":"SWIT","id":6772}},{"agent":{"iataCode":"8120750","address":"THUXXXXXXXXXXXXX 99","city":"Zurich","name":"UBS XX","id":67728120750,"status":"Active"},"ticketingAuthority":true,"airline":{"iataCode":"006","abrev":"DL","name":"DelXX XXX XXXXX XXX.","id":6772484854},"bsp":{"isoCountryCode":"CH","name":"SWIT","id":6772}},{"agent":{"iataCode":"8120753","address":"RUE XX 99 XXXXXXXX 99-99& 99-9","city":"GENEVA","name":"WWW.XXXXXXX.XX","id":67728120753,"status":"Active"},"ticketingAuthority":true,"airline":{"iataCode":"006","abrev":"DL","name":"DelXX XXX XXXXX XXX.","id":6772484854},"bsp":{"isoCountryCode":"CH","name":"SWIT","id":6772}},{"agent":{"iataCode":"8120756","address":"ROUXX XX XXXXX XXXXXX, 9","city":"Nyon","name":"CWT - XXXXXXXXXXXXXXXXXX X.X.","id":67728120756,"status":"Active"},"ticketingAuthority":true,"airline":{"iataCode":"006","abrev":"DL","name":"DelXX XXX XXXXX XXX.","id":6772484854},"bsp":{"isoCountryCode":"CH","name":"SWIT","id":6772}},{"agent":{"iataCode":"8120757","address":"JOSXXXXXXXXX 999","city":"Zurich","name":"CWT - XXXXXXXXXXXXXXXXXX X.X.","id":67728120757,"status":"Active"},"ticketingAuthority":true,"airline":{"iataCode":"006","abrev":"DL","name":"DelXX XXX XXXXX XXX.","id":6772484854},"bsp":{"isoCountryCode":"CH","name":"SWIT","id":6772}},{"agent":{"iataCode":"8120758","address":"CHEXXX XX XXXXXXXXXX, 9","city":"GENEVA","name":"CWT - XXXXXXXXXXXXXXXXXX X.X.","id":67728120758,"status":"Active"},"ticketingAuthority":true,"airline":{"iataCode":"006","abrev":"DL","name":"DelXX XXX XXXXX XXX.","id":6772484854},"bsp":{"isoCountryCode":"CH","name":"SWIT","id":6772}},{"agent":{"iataCode":"8120759","address":"ANEXXXXXXXXXXXX 99","city":"Zurich","name":"AE XXXXXX XXXXXXXX XXXXXX","id":67728120759,"status":"Active"},"ticketingAuthority":true,"airline":{"iataCode":"006","abrev":"DL","name":"DelXX XXX XXXXX XXX.","id":6772484854},"bsp":{"isoCountryCode":"CH","name":"SWIT","id":6772}},{"agent":{"iataCode":"8120760","address":"93, XX. X'XXXX","city":"GENEVA","name":"ONG XXXXXXX","id":67728120760,"status":"Active"},"ticketingAuthority":true,"airline":{"iataCode":"006","abrev":"DL","name":"DelXX XXX XXXXX XXX.","id":6772484854},"bsp":{"isoCountryCode":"CH","name":"SWIT","id":6772}},{"agent":{"iataCode":"8120763","address":"JOSXXXXXXXXX, 999","city":"Zurich","name":"CWT - XXXXXXXXXXXXXXXXXX X.X.","id":67728120763,"status":"Active"},"ticketingAuthority":true,"airline":{"iataCode":"006","abrev":"DL","name":"DelXX XXX XXXXX XXX.","id":6772484854},"bsp":{"isoCountryCode":"CH","name":"SWIT","id":6772}},{"agent":{"iataCode":"8120765","address":"THUXXXXXXXXXXXXX 99","city":"Zurich","name":"BANXXX XX XXXXXXXXXX","id":67728120765,"status":"Active"},"ticketingAuthority":true,"airline":{"iataCode":"006","abrev":"DL","name":"DelXX XXX XXXXX XXX.","id":6772484854},"bsp":{"isoCountryCode":"CH","name":"SWIT","id":6772}},{"agent":{"iataCode":"8120766","address":"","city":"GENEVA","name":"WWW.XXXXXXX.XX","id":67728120766,"status":"Active"},"ticketingAuthority":true,"airline":{"iataCode":"006","abrev":"DL","name":"DelXX XXX XXXXX XXX.","id":6772484854},"bsp":{"isoCountryCode":"CH","name":"SWIT","id":6772}},{"agent":{"iataCode":"8120767","address":"RouXX XX XXXXX XXXXXX, 9","city":"Carouge","name":"3MUXXX","id":67728120767,"status":"Active"},"ticketingAuthority":true,"airline":{"iataCode":"006","abrev":"DL","name":"DelXX XXX XXXXX XXX.","id":6772484854},"bsp":{"isoCountryCode":"CH","name":"SWIT","id":6772}},{"agent":{"iataCode":"8120768","address":"THUXXXXXXXXXXXXX 99","city":"Zurich","name":"CARXXXX","id":67728120768,"status":"Active"},"ticketingAuthority":true,"airline":{"iataCode":"006","abrev":"DL","name":"DelXX XXX XXXXX XXX.","id":6772484854},"bsp":{"isoCountryCode":"CH","name":"SWIT","id":6772}},{"agent":{"iataCode":"8120769","address":"54-99, XXX XX XXXXXXXXXXXX","city":"GENEVA","name":"CWT - XXXXXXXXXXXXXXXXXX X.X.","id":67728120769,"status":"Active"},"ticketingAuthority":true,"airline":{"iataCode":"006","abrev":"DL","name":"DelXX XXX XXXXX XXX.","id":6772484854},"bsp":{"isoCountryCode":"CH","name":"SWIT","id":6772}},{"agent":{"iataCode":"8120771","address":"PLAXX XXX XXXXXXX","city":"GENEVA","name":"CWT - XXXXXXXXXXXXXXXXXX X.X.","id":67728120771,"status":"Active"},"ticketingAuthority":true,"airline":{"iataCode":"006","abrev":"DL","name":"DelXX XXX XXXXX XXX.","id":6772484854},"bsp":{"isoCountryCode":"CH","name":"SWIT","id":6772}},{"agent":{"iataCode":"8120772","address":"11-99, XXXXXX XXX XXXXXXXX","city":"Chatelaine","name":"CWT - XXXXXXXXXXXXXXXXXX X.X.","id":67728120772,"status":"Active"},"ticketingAuthority":true,"airline":{"iataCode":"006","abrev":"DL","name":"DelXX XXX XXXXX XXX.","id":6772484854},"bsp":{"isoCountryCode":"CH","name":"SWIT","id":6772}},{"agent":{"iataCode":"8120773","address":"AVEXXX XXXXX 99","city":"GENEVA","name":"CWT - XXXXXXXXXXXXXXXXXX X.X.","id":67728120773,"status":"Active"},"ticketingAuthority":true,"airline":{"iataCode":"006","abrev":"DL","name":"DelXX XXX XXXXX XXX.","id":6772484854},"bsp":{"isoCountryCode":"CH","name":"SWIT","id":6772}},{"agent":{"iataCode":"8120774","address":"AVEXXX XXXXX 99","city":"GENEVA","name":"CWT - XXXXXXXXXXXXXXXXXX X.X.","id":67728120774,"status":"Active"},"ticketingAuthority":true,"airline":{"iataCode":"006","abrev":"DL","name":"DelXX XXX XXXXX XXX.","id":6772484854},"bsp":{"isoCountryCode":"CH","name":"SWIT","id":6772}},{"agent":{"iataCode":"8120775","address":"AVEXXX XX XX XXXX 9XXX","city":"GENEVA","name":"CWT - XXXXXXXXXXXXXXXXXX X.X.","id":67728120775,"status":"Active"},"ticketingAuthority":true,"airline":{"iataCode":"006","abrev":"DL","name":"DelXX XXX XXXXX XXX.","id":6772484854},"bsp":{"isoCountryCode":"CH","name":"SWIT","id":6772}},{"agent":{"iataCode":"8120776","address":"94, XXX XX XXXXXXXXXXXX","city":"GENEVA","name":"CWT - XXXXXXXXXXXXXXXXXX X.X.","id":67728120776,"status":"Active"},"ticketingAuthority":true,"airline":{"iataCode":"006","abrev":"DL","name":"DelXX XXX XXXXX XXX.","id":6772484854},"bsp":{"isoCountryCode":"CH","name":"SWIT","id":6772}},{"agent":{"iataCode":"8120777","address":"CHEXXX XXX XXXXXXXXXXX 99","city":"GENEVA","name":"CWT - XXXXXXXXXXXXXXXXXX X.X.","id":67728120777,"status":"Active"},"ticketingAuthority":true,"airline":{"iataCode":"006","abrev":"DL","name":"DelXX XXX XXXXX XXX.","id":6772484854},"bsp":{"isoCountryCode":"CH","name":"SWIT","id":6772}},{"agent":{"iataCode":"8120780","address":"THUXXXXXXXXXXXXX 99","city":"Zurich","name":"BCD XXXXXX XXXXXX XX","id":67728120780,"status":"Active"},"ticketingAuthority":true,"airline":{"iataCode":"006","abrev":"DL","name":"DelXX XXX XXXXX XXX.","id":6772484854},"bsp":{"isoCountryCode":"CH","name":"SWIT","id":6772}},{"agent":{"iataCode":"8120782","address":"BRAXXXXXXXXX.99","city":"Dietlikon","name":"FTI XXXXXXXXXX XX","id":67728120782,"status":"Active"},"ticketingAuthority":true,"airline":{"iataCode":"006","abrev":"DL","name":"DelXX XXX XXXXX XXX.","id":6772484854},"bsp":{"isoCountryCode":"CH","name":"SWIT","id":6772}},{"agent":{"iataCode":"8120783","address":"","city":"GENEVA","name":"EBOXXXXX.XXX XX","id":67728120783,"status":"Active"},"ticketingAuthority":true,"airline":{"iataCode":"006","abrev":"DL","name":"DelXX XXX XXXXX XXX.","id":6772484854},"bsp":{"isoCountryCode":"CH","name":"SWIT","id":6772}},{"agent":{"iataCode":"8120784","address":"AVEXXX XX XX XXXX 9-9","city":"GENEVA","name":"CWT - XXXXXXXXXXXXXXXXXX X.X.","id":67728120784,"status":"Active"},"ticketingAuthority":true,"airline":{"iataCode":"006","abrev":"DL","name":"DelXX XXX XXXXX XXX.","id":6772484854},"bsp":{"isoCountryCode":"CH","name":"SWIT","id":6772}},{"agent":{"iataCode":"8120785","address":"GRAXXXXXXXXX.9","city":"Volketswil","name":"ITS XXXX XXXXXXX","id":67728120785,"status":"Active"},"ticketingAuthority":true,"airline":{"iataCode":"006","abrev":"DL","name":"DelXX XXX XXXXX XXX.","id":6772484854},"bsp":{"isoCountryCode":"CH","name":"SWIT","id":6772}},{"agent":{"iataCode":"8120786","address":"MAEXXXXXXXXXXXXXXXXXXX 99","city":"Basel","name":"CWT - XXXXXXXXXXXXXXXXXX X.X.","id":67728120786,"status":"Active"},"ticketingAuthority":true,"airline":{"iataCode":"006","abrev":"DL","name":"DelXX XXX XXXXX XXX.","id":6772484854},"bsp":{"isoCountryCode":"CH","name":"SWIT","id":6772}},{"agent":{"iataCode":"8120787","address":"THUXXXXXXXXXXXXX 99","city":"Zurich","name":"M&E","id":67728120787,"status":"Active"},"ticketingAuthority":true,"airline":{"iataCode":"006","abrev":"DL","name":"DelXX XXX XXXXX XXX.","id":6772484854},"bsp":{"isoCountryCode":"CH","name":"SWIT","id":6772}},{"agent":{"iataCode":"8120860","address":"LimXXXXXXXXXX 999","city":"Zurich","name":"TEN XXXXXXXXX XXXXXXXXXX XXXXX","id":67728120860,"status":"Active"},"ticketingAuthority":true,"airline":{"iataCode":"006","abrev":"DL","name":"DelXX XXX XXXXX XXX.","id":6772484854},"bsp":{"isoCountryCode":"CH","name":"SWIT","id":6772}},{"agent":{"iataCode":"8121006","address":"BAHXXXXXXXXXXX 99","city":"Root","name":"TAKX XX XXXXXX XX","id":67728121006,"status":"Active"},"ticketingAuthority":true,"airline":{"iataCode":"006","abrev":"DL","name":"DelXX XXX XXXXX XXX.","id":6772484854},"bsp":{"isoCountryCode":"CH","name":"SWIT","id":6772}},{"agent":{"iataCode":"8121008","address":"93, XX. X'XXXX","city":"GENEVA","name":"TRAXXXXXXX 9999 X.X.","id":67728121008,"status":"Active"},"ticketingAuthority":true,"airline":{"iataCode":"006","abrev":"DL","name":"DelXX XXX XXXXX XXX.","id":6772484854},"bsp":{"isoCountryCode":"CH","name":"SWIT","id":6772}},{"agent":{"iataCode":"8121017","address":"RUE XX X'XXXXXXX 9","city":"Neuchatel","name":"KUOXX XXXXXX","id":67728121017,"status":"Active"},"ticketingAuthority":true,"airline":{"iataCode":"006","abrev":"DL","name":"DelXX XXX XXXXX XXX.","id":6772484854},"bsp":{"isoCountryCode":"CH","name":"SWIT","id":6772}},{"agent":{"iataCode":"8121024","address":"MAN XXXXXXX XXXXXXXXXX 99","city":"Zurich","name":"HRG XXXXXXXXXXX","id":67728121024,"status":"Active"},"ticketingAuthority":true,"airline":{"iataCode":"006","abrev":"DL","name":"DelXX XXX XXXXX XXX.","id":6772484854},"bsp":{"isoCountryCode":"CH","name":"SWIT","id":6772}},{"agent":{"iataCode":"8121025","address":"BOUXXXXXX XXXXXXXXXX 99","city":"GENEVA","name":"AERXXXXX XXXXXXX XXXX","id":67728121025,"status":"Active"},"ticketingAuthority":true,"airline":{"iataCode":"006","abrev":"DL","name":"DelXX XXX XXXXX XXX.","id":6772484854},"bsp":{"isoCountryCode":"CH","name":"SWIT","id":6772}},{"agent":{"iataCode":"8121027","address":"P.O. XXX XXXXXXXXXXXXX 9 XXXXX","city":"Zurich","name":"DNAXX XXXXXXXXXXX XX","id":67728121027,"status":"Active"},"ticketingAuthority":true,"airline":{"iataCode":"006","abrev":"DL","name":"DelXX XXX XXXXX XXX.","id":6772484854},"bsp":{"isoCountryCode":"CH","name":"SWIT","id":6772}},{"agent":{"iataCode":"8121030","address":"LANXXXXXXXXXXXX 9X X.X. XXX 99","city":"Rotkreuz","name":"PARX XXXX XXXXXX XXX","id":67728121030,"status":"Active"},"ticketingAuthority":true,"airline":{"iataCode":"006","abrev":"DL","name":"DelXX XXX XXXXX XXX.","id":6772484854},"bsp":{"isoCountryCode":"CH","name":"SWIT","id":6772}},{"agent":{"iataCode":"8121033","address":"CHEXXX XX XXXXXXXXXXXX 9","city":"Gland","name":"DESXXXXXXXXX.XX XX","id":67728121033,"status":"Active"},"ticketingAuthority":true,"airline":{"iataCode":"006","abrev":"DL","name":"DelXX XXX XXXXX XXX.","id":6772484854},"bsp":{"isoCountryCode":"CH","name":"SWIT","id":6772}},{"agent":{"iataCode":"8121037","address":"BINXXXXXXXXXXXXXX 99","city":"Zurich","name":"ALP-XXXXX","id":67728121037,"status":"Active"},"ticketingAuthority":true,"airline":{"iataCode":"006","abrev":"DL","name":"DelXX XXX XXXXX XXX.","id":6772484854},"bsp":{"isoCountryCode":"CH","name":"SWIT","id":6772}},{"agent":{"iataCode":"8121039","address":"ALPXXXXXXXXX 9","city":"Lucerne","name":"KOMXXX XXXXXX XX","id":67728121039,"status":"Active"},"ticketingAuthority":true,"airline":{"iataCode":"006","abrev":"DL","name":"DelXX XXX XXXXX XXX.","id":6772484854},"bsp":{"isoCountryCode":"CH","name":"SWIT","id":6772}},{"agent":{"iataCode":"8121043","address":"LAVXXXXXXXXXXX 99","city":"Zurich","name":"BRAXX XXXXXX XX","id":67728121043,"status":"Active"},"ticketingAuthority":true,"airline":{"iataCode":"006","abrev":"DL","name":"DelXX XXX XXXXX XXX.","id":6772484854},"bsp":{"isoCountryCode":"CH","name":"SWIT","id":6772}},{"agent":{"iataCode":"8121046","address":"SIHXXXXXXXXXXXX 99","city":"Zurich","name":"VATXX XX","id":67728121046,"status":"Active"},"ticketingAuthority":true,"airline":{"iataCode":"006","abrev":"DL","name":"DelXX XXX XXXXX XXX.","id":6772484854},"bsp":{"isoCountryCode":"CH","name":"SWIT","id":6772}},{"agent":{"iataCode":"8121051","address":"FRIXXXXXXXXXXXXXXX 99","city":"Zurich","name":"TUI XXXXXX XXX","id":67728121051,"status":"Active"},"ticketingAuthority":true,"airline":{"iataCode":"006","abrev":"DL","name":"DelXX XXX XXXXX XXX.","id":6772484854},"bsp":{"isoCountryCode":"CH","name":"SWIT","id":6772}},{"agent":{"iataCode":"8121056","address":"RIVX XXXXXXXX 9","city":"Lugano","name":"DIAXXXX XXXXXX X.X.","id":67728121056,"status":"Active"},"ticketingAuthority":true,"airline":{"iataCode":"006","abrev":"DL","name":"DelXX XXX XXXXX XXX.","id":6772484854},"bsp":{"isoCountryCode":"CH","name":"SWIT","id":6772}},{"agent":{"iataCode":"8121059","address":"MALXXXXXXXX 99","city":"Zurich","name":"GUTXXXX XXXXXX X.X. XXXXXXX","id":67728121059,"status":"Active"},"ticketingAuthority":true,"airline":{"iataCode":"006","abrev":"DL","name":"DelXX XXX XXXXX XXX.","id":6772484854},"bsp":{"isoCountryCode":"CH","name":"SWIT","id":6772}},{"agent":{"iataCode":"8121061","address":"PIAXXX XXX XXXX","city":"Bellinzona","name":"MISXXX XXXXXX XXXXXX XXXXXXX","id":67728121061,"status":"Active"},"ticketingAuthority":true,"airline":{"iataCode":"006","abrev":"DL","name":"DelXX XXX XXXXX XXX.","id":6772484854},"bsp":{"isoCountryCode":"CH","name":"SWIT","id":6772}},{"agent":{"iataCode":"8121063","address":"AVEXXX XXXXXX XXXXXXX, 99","city":"GENEVA","name":"MSC XXXXXXX","id":67728121063,"status":"Active"},"ticketingAuthority":true,"airline":{"iataCode":"006","abrev":"DL","name":"DelXX XXX XXXXX XXX.","id":6772484854},"bsp":{"isoCountryCode":"CH","name":"SWIT","id":6772}},{"agent":{"iataCode":"8121065","address":"STRXXXXXXXX 99","city":"Zurich","name":"POLXXXXXX XXXXX & XXXXXX XX","id":67728121065,"status":"Active"},"ticketingAuthority":true,"airline":{"iataCode":"006","abrev":"DL","name":"DelXX XXX XXXXX XXX.","id":6772484854},"bsp":{"isoCountryCode":"CH","name":"SWIT","id":6772}},{"agent":{"iataCode":"8121068","address":"NEUX XXXX 9","city":"Zurich","name":"KUOXX XXXXXX","id":67728121068,"status":"Active"},"ticketingAuthority":true,"airline":{"iataCode":"006","abrev":"DL","name":"DelXX XXX XXXXX XXX.","id":6772484854},"bsp":{"isoCountryCode":"CH","name":"SWIT","id":6772}},{"agent":{"iataCode":"8121070","address":"38, XXX XXXX-XXXXXX","city":"Bassecourt","name":"VOYXXXX XXXXXXXX","id":67728121070,"status":"Active"},"ticketingAuthority":true,"airline":{"iataCode":"006","abrev":"DL","name":"DelXX XXX XXXXX XXX.","id":6772484854},"bsp":{"isoCountryCode":"CH","name":"SWIT","id":6772}},{"agent":{"iataCode":"8121072","address":"BAHXXXXXXXXXXXX 9","city":"Zug","name":"BTA XXXXX","id":67728121072,"status":"Active"},"ticketingAuthority":true,"airline":{"iataCode":"006","abrev":"DL","name":"DelXX XXX XXXXX XXX.","id":6772484854},"bsp":{"isoCountryCode":"CH","name":"SWIT","id":6772}},{"agent":{"iataCode":"8121079","address":"13, XXX XX XXXXXXXXXXXX","city":"GENEVA","name":"VL XXXXXXXX XX XXXXXXX X.X.","id":67728121079,"status":"Active"},"ticketingAuthority":true,"airline":{"iataCode":"006","abrev":"DL","name":"DelXX XXX XXXXX XXX.","id":6772484854},"bsp":{"isoCountryCode":"CH","name":"SWIT","id":6772}},{"agent":{"iataCode":"8121080","address":"CORXX XXXXXXXXXX 99","city":"Lugano","name":"VIAXXXXXX XX","id":67728121080,"status":"Active"},"ticketingAuthority":true,"airline":{"iataCode":"006","abrev":"DL","name":"DelXX XXX XXXXX XXX.","id":6772484854},"bsp":{"isoCountryCode":"CH","name":"SWIT","id":6772}},{"agent":{"iataCode":"8121091","address":"BAHXXXXXXXXXXX 9 (9.XX)","city":"Lyss","name":"CAMXXXXXXXX XXXXXX XX","id":67728121091,"status":"Active"},"ticketingAuthority":true,"airline":{"iataCode":"006","abrev":"DL","name":"DelXX XXX XXXXX XXX.","id":6772484854},"bsp":{"isoCountryCode":"CH","name":"SWIT","id":6772}},{"agent":{"iataCode":"8121094","address":"SEEXXXXXXX99 X.X. XXX 99","city":"Walenstadt","name":"ALPXX XXXXXX XXXX","id":67728121094,"status":"Active"},"ticketingAuthority":true,"airline":{"iataCode":"006","abrev":"DL","name":"DelXX XXX XXXXX XXX.","id":6772484854},"bsp":{"isoCountryCode":"CH","name":"SWIT","id":6772}},{"agent":{"iataCode":"8121095","address":"9, XXX XX XXXXX","city":"GENEVA","name":"LE XXXX XXX XXXXX XX","id":67728121095,"status":"Active"},"ticketingAuthority":true,"airline":{"iataCode":"006","abrev":"DL","name":"DelXX XXX XXXXX XXX.","id":6772484854},"bsp":{"isoCountryCode":"CH","name":"SWIT","id":6772}},{"agent":{"iataCode":"8121098","address":"ManXXXXXXXXXXX 999","city":"Zurich","name":"GLOXXX XXXXX XXXX","id":67728121098,"status":"Active"},"ticketingAuthority":true,"airline":{"iataCode":"006","abrev":"DL","name":"DelXX XXX XXXXX XXX.","id":6772484854},"bsp":{"isoCountryCode":"CH","name":"SWIT","id":6772}},{"agent":{"iataCode":"8121100","address":"BLUXXXXXXXXXX 9 XXXX XXXX","city":"Goldach","name":"SINXXX XXXXXX XXXX","id":67728121100,"status":"Active"},"ticketingAuthority":true,"airline":{"iataCode":"006","abrev":"DL","name":"DelXX XXX XXXXX XXX.","id":6772484854},"bsp":{"isoCountryCode":"CH","name":"SWIT","id":6772}},{"agent":{"iataCode":"8121104","address":"BREXXX 9","city":"Zurich","name":"REIXX-XXXXX XXXXXXX","id":67728121104,"status":"Active"},"ticketingAuthority":true,"airline":{"iataCode":"006","abrev":"DL","name":"DelXX XXX XXXXX XXX.","id":6772484854},"bsp":{"isoCountryCode":"CH","name":"SWIT","id":6772}},{"agent":{"iataCode":"8121105","address":"BRUXXXXXXXXX 99","city":"Lucerne","name":"JET XXXXXX XX","id":67728121105,"status":"Active"},"ticketingAuthority":true,"airline":{"iataCode":"006","abrev":"DL","name":"DelXX XXX XXXXX XXX.","id":6772484854},"bsp":{"isoCountryCode":"CH","name":"SWIT","id":6772}},{"agent":{"iataCode":"8121107","address":"AV. XX XX XXXX 99","city":"Lausanne","name":"PANXXXXX XXXXXXX","id":67728121107,"status":"Active"},"ticketingAuthority":true,"airline":{"iataCode":"006","abrev":"DL","name":"DelXX XXX XXXXX XXX.","id":6772484854},"bsp":{"isoCountryCode":"CH","name":"SWIT","id":6772}},{"agent":{"iataCode":"8121108","address":"AVEXXX XX XXXXXXXXXX 9","city":"Lausanne","name":"S.E.X. XXXXXXX XXXX","id":67728121108,"status":"Active"},"ticketingAuthority":true,"airline":{"iataCode":"006","abrev":"DL","name":"DelXX XXX XXXXX XXX.","id":6772484854},"bsp":{"isoCountryCode":"CH","name":"SWIT","id":6772}},{"agent":{"iataCode":"8121109","address":"CENXXXXXXXXXXXXX 99 XXXXXXXX","city":"Basel","name":"DITX","id":67728121109,"status":"Active"},"ticketingAuthority":true,"airline":{"iataCode":"006","abrev":"DL","name":"DelXX XXX XXXXX XXX.","id":6772484854},"bsp":{"isoCountryCode":"CH","name":"SWIT","id":6772}},{"agent":{"iataCode":"8121111","address":"2 RXX XX XX XXXXXXXXXX","city":"Carouge","name":"B TX X XXXXXX XX","id":67728121111,"status":"Active"},"ticketingAuthority":true,"airline":{"iataCode":"006","abrev":"DL","name":"DelXX XXX XXXXX XXX.","id":6772484854},"bsp":{"isoCountryCode":"CH","name":"SWIT","id":6772}},{"agent":{"iataCode":"8121114","address":"KAKXXXXXXXXXXXXX 99","city":"Zurich","name":"AGEXXXX X. XXXXX-XXXXXXX","id":67728121114,"status":"Active"},"ticketingAuthority":true,"airline":{"iataCode":"006","abrev":"DL","name":"DelXX XXX XXXXX XXX.","id":6772484854},"bsp":{"isoCountryCode":"CH","name":"SWIT","id":6772}},{"agent":{"iataCode":"8121115","address":"OBEXX XXXXXXXXXXXXXX 99","city":"Wil","name":"AYDXXXX XXXXXX XXXX","id":67728121115,"status":"Active"},"ticketingAuthority":true,"airline":{"iataCode":"006","abrev":"DL","name":"DelXX XXX XXXXX XXX.","id":6772484854},"bsp":{"isoCountryCode":"CH","name":"SWIT","id":6772}},{"agent":{"iataCode":"8121126","address":"RUE XXXXXXX 9","city":"GENEVA","name":"V.I.X. XXXXXXX X.X.","id":67728121126,"status":"Active"},"ticketingAuthority":true,"airline":{"iataCode":"006","abrev":"DL","name":"DelXX XXX XXXXX XXX.","id":6772484854},"bsp":{"isoCountryCode":"CH","name":"SWIT","id":6772}},{"agent":{"iataCode":"8121127","address":"SEIXXXXXXXXX 99","city":"Zurich","name":"PRIXX XXXXXX XXXXXX","id":67728121127,"status":"Active"},"ticketingAuthority":true,"airline":{"iataCode":"006","abrev":"DL","name":"DelXX XXX XXXXX XXX.","id":6772484854},"bsp":{"isoCountryCode":"CH","name":"SWIT","id":6772}},{"agent":{"iataCode":"8121128","address":"RUE XXXXXXX XXXXXX 99","city":"GENEVA","name":"CLUX XXXXXXXX","id":67728121128,"status":"Active"},"ticketingAuthority":true,"airline":{"iataCode":"006","abrev":"DL","name":"DelXX XXX XXXXX XXX.","id":6772484854},"bsp":{"isoCountryCode":"CH","name":"SWIT","id":6772}},{"agent":{"iataCode":"8121130","address":"TICXXX XXXXXX/XXXX XXXXXXXX","city":"Zurich","name":"TICXXX XXXXXX","id":67728121130,"status":"Active"},"ticketingAuthority":true,"airline":{"iataCode":"006","abrev":"DL","name":"DelXX XXX XXXXX XXX.","id":6772484854},"bsp":{"isoCountryCode":"CH","name":"SWIT","id":6772}},{"agent":{"iataCode":"8121131","address":"RATXXXXXXXXX 99","city":"LENZBURG 2","name":"ALTXXXXX XXXXXX XX","id":67728121131,"status":"Non Active"},"ticketingAuthority":true,"airline":{"iataCode":"006","abrev":"DL","name":"DelXX XXX XXXXX XXX.","id":6772484854},"bsp":{"isoCountryCode":"CH","name":"SWIT","id":6772}},{"agent":{"iataCode":"8121143","address":"IM XXXXXXXXXXXXX 9","city":"Zurich","name":"INSXXXX XXXXXX","id":67728121143,"status":"Active"},"ticketingAuthority":true,"airline":{"iataCode":"006","abrev":"DL","name":"DelXX XXX XXXXX XXX.","id":6772484854},"bsp":{"isoCountryCode":"CH","name":"SWIT","id":6772}},{"agent":{"iataCode":"8121144","address":"VIA XXXXX 99","city":"Chiasso","name":"UVEX XX XX","id":67728121144,"status":"Active"},"ticketingAuthority":true,"airline":{"iataCode":"006","abrev":"DL","name":"DelXX XXX XXXXX XXX.","id":6772484854},"bsp":{"isoCountryCode":"CH","name":"SWIT","id":6772}},{"agent":{"iataCode":"8121147","address":"RUE XX XXXXXXXX 99","city":"Fribourg","name":"INDXXX XXXXX XX","id":67728121147,"status":"Active"},"ticketingAuthority":true,"airline":{"iataCode":"006","abrev":"DL","name":"DelXX XXX XXXXX XXX.","id":6772484854},"bsp":{"isoCountryCode":"CH","name":"SWIT","id":6772}},{"agent":{"iataCode":"8121152","address":"AV. XXXXX XXXXX 99","city":"GENEVA","name":"EXEXXXXXX XXXXXX XXXXXXX XX","id":67728121152,"status":"Active"},"ticketingAuthority":true,"airline":{"iataCode":"006","abrev":"DL","name":"DelXX XXX XXXXX XXX.","id":6772484854},"bsp":{"isoCountryCode":"CH","name":"SWIT","id":6772}},{"agent":{"iataCode":"8121156","address":"31 XXX XXXXXXX","city":"Carouge","name":"HAVXX XXXXXXX","id":67728121156,"status":"Active"},"ticketingAuthority":true,"airline":{"iataCode":"006","abrev":"DL","name":"DelXX XXX XXXXX XXX.","id":6772484854},"bsp":{"isoCountryCode":"CH","name":"SWIT","id":6772}},{"agent":{"iataCode":"8121157","address":"FIFX-XXXXXXX 99","city":"Zurich","name":"FedXXXXXXX XXXXXXXXXXXXXX XX X","id":67728121157,"status":"Active"},"ticketingAuthority":true,"airline":{"iataCode":"006","abrev":"DL","name":"DelXX XXX XXXXX XXX.","id":6772484854},"bsp":{"isoCountryCode":"CH","name":"SWIT","id":6772}},{"agent":{"iataCode":"8121159","address":"HerXXXXXXXX 99","city":"Zurich","name":"KuoXX XXXXXX","id":67728121159,"status":"Active"},"ticketingAuthority":true,"airline":{"iataCode":"006","abrev":"DL","name":"DelXX XXX XXXXX XXX.","id":6772484854},"bsp":{"isoCountryCode":"CH","name":"SWIT","id":6772}},{"agent":{"iataCode":"8121163","address":"POSXXXXXXXX 99","city":"ST GALLEN","name":"BTA XXXXX","id":67728121163,"status":"Active"},"ticketingAuthority":true,"airline":{"iataCode":"006","abrev":"DL","name":"DelXX XXX XXXXX XXX.","id":6772484854},"bsp":{"isoCountryCode":"CH","name":"SWIT","id":6772}},{"agent":{"iataCode":"8121166","address":"UNTXXXXX 99","city":"Winterthur","name":"NET XXXX XXXXX","id":67728121166,"status":"Active"},"ticketingAuthority":true,"airline":{"iataCode":"006","abrev":"DL","name":"DelXX XXX XXXXX XXX.","id":6772484854},"bsp":{"isoCountryCode":"CH","name":"SWIT","id":6772}},{"agent":{"iataCode":"8121167","address":"RUE XX XX XXXXXXXX 99","city":"GENEVA","name":"MONXX XXXXXXX XXXX","id":67728121167,"status":"Active"},"ticketingAuthority":true,"airline":{"iataCode":"006","abrev":"DL","name":"DelXX XXX XXXXX XXX.","id":6772484854},"bsp":{"isoCountryCode":"CH","name":"SWIT","id":6772}},{"agent":{"iataCode":"8121169","address":"SCHXXXXXXXXXXX 99 XXX XXXXXXXX","city":"Biel","name":"SOL XXX XXXXXXX","id":67728121169,"status":"Active"},"ticketingAuthority":true,"airline":{"iataCode":"006","abrev":"DL","name":"DelXX XXX XXXXX XXX.","id":6772484854},"bsp":{"isoCountryCode":"CH","name":"SWIT","id":6772}},{"agent":{"iataCode":"8121175","address":"FRAXXXXXXXXXXXX 99","city":"Zurich","name":"GLOXXX XXXXXX XXXX","id":67728121175,"status":"Active"},"ticketingAuthority":true,"airline":{"iataCode":"006","abrev":"DL","name":"DelXX XXX XXXXX XXX.","id":6772484854},"bsp":{"isoCountryCode":"CH","name":"SWIT","id":6772}},{"agent":{"iataCode":"8121180","address":"ROUXX XX XXXXXXX 99","city":"Blonay","name":"LA XXX XXX XXXX XX","id":67728121180,"status":"Active"},"ticketingAuthority":true,"airline":{"iataCode":"006","abrev":"DL","name":"DelXX XXX XXXXX XXX.","id":6772484854},"bsp":{"isoCountryCode":"CH","name":"SWIT","id":6772}},{"agent":{"iataCode":"8121183","address":"BINXXXXXXXX 99","city":"Zurich","name":"STC XXXXXXXXXXX XXXXXX XXXXXX","id":67728121183,"status":"Active"},"ticketingAuthority":true,"airline":{"iataCode":"006","abrev":"DL","name":"DelXX XXX XXXXX XXX.","id":6772484854},"bsp":{"isoCountryCode":"CH","name":"SWIT","id":6772}},{"agent":{"iataCode":"8121187","address":"ROUXX XX X'XXXXXXXX 99","city":"GENEVA","name":"SWIXXXXXX XXXXXXXXXXXXX XX","id":67728121187,"status":"Active"},"ticketingAuthority":true,"airline":{"iataCode":"006","abrev":"DL","name":"DelXX XXX XXXXX XXX.","id":6772484854},"bsp":{"isoCountryCode":"CH","name":"SWIT","id":6772}},{"agent":{"iataCode":"8121188","address":"KANXXXXXXXXXXXXXX 99","city":"Basel","name":"PINX XXXXXX XX","id":67728121188,"status":"Active"},"ticketingAuthority":true,"airline":{"iataCode":"006","abrev":"DL","name":"DelXX XXX XXXXX XXX.","id":6772484854},"bsp":{"isoCountryCode":"CH","name":"SWIT","id":6772}},{"agent":{"iataCode":"8121189","address":"34, XX. XXXXXXXX-XXXXXXX XXXX","city":"Lausanne","name":"DEPXXX XXXXXXX XX","id":67728121189,"status":"Active"},"ticketingAuthority":true,"airline":{"iataCode":"006","abrev":"DL","name":"DelXX XXX XXXXX XXX.","id":6772484854},"bsp":{"isoCountryCode":"CH","name":"SWIT","id":6772}},{"agent":{"iataCode":"8121191","address":"VIA XXXXXXXX 99","city":"Locarno","name":"VOLX X XX XXXX","id":67728121191,"status":"Active"},"ticketingAuthority":true,"airline":{"iataCode":"006","abrev":"DL","name":"DelXX XXX XXXXX XXX.","id":6772484854},"bsp":{"isoCountryCode":"CH","name":"SWIT","id":6772}},{"agent":{"iataCode":"8121192","address":"RUE XXXXXXX XX XXXXX 99","city":"GENEVA","name":"DREXXXXXX XXXXXXX XX","id":67728121192,"status":"Active"},"ticketingAuthority":true,"airline":{"iataCode":"006","abrev":"DL","name":"DelXX XXX XXXXX XXX.","id":6772484854},"bsp":{"isoCountryCode":"CH","name":"SWIT","id":6772}},{"agent":{"iataCode":"8121193","address":"SELXXXXXXXXXX 99","city":"Zurich","name":"EF XXXXXX","id":67728121193,"status":"Active"},"ticketingAuthority":true,"airline":{"iataCode":"006","abrev":"DL","name":"DelXX XXX XXXXX XXX.","id":6772484854},"bsp":{"isoCountryCode":"CH","name":"SWIT","id":6772}},{"agent":{"iataCode":"8121194","address":"CHEXXX XXX XXXXXXXXX 99","city":"GENEVA","name":"BK XXXXXXXXXXXX XX","id":67728121194,"status":"Active"},"ticketingAuthority":true,"airline":{"iataCode":"006","abrev":"DL","name":"DelXX XXX XXXXX XXX.","id":6772484854},"bsp":{"isoCountryCode":"CH","name":"SWIT","id":6772}},{"agent":{"iataCode":"8121195","address":"PIAXXXXX XXXX XXXXX 9","city":"Mendrisio","name":"DAVXXXXXX XX","id":67728121195,"status":"Active"},"ticketingAuthority":true,"airline":{"iataCode":"006","abrev":"DL","name":"DelXX XXX XXXXX XXX.","id":6772484854},"bsp":{"isoCountryCode":"CH","name":"SWIT","id":6772}},{"agent":{"iataCode":"8121196","address":"INDXXXXXXXXXXXXX 99","city":"Wallisellen","name":"HENXX XXXXXX XX","id":67728121196,"status":"Active"},"ticketingAuthority":true,"airline":{"iataCode":"006","abrev":"DL","name":"DelXX XXX XXXXX XXX.","id":6772484854},"bsp":{"isoCountryCode":"CH","name":"SWIT","id":6772}},{"agent":{"iataCode":"8121206","address":"IN XXXXXXXXXX 9","city":"Dubendorf","name":"L'TXX XXXXXX XX","id":67728121206,"status":"Active"},"ticketingAuthority":true,"airline":{"iataCode":"006","abrev":"DL","name":"DelXX XXX XXXXX XXX.","id":6772484854},"bsp":{"isoCountryCode":"CH","name":"SWIT","id":6772}},{"agent":{"iataCode":"8121207","address":"TERXXXXX X","city":"Zurich","name":"CGS XXXXXXX XXXXXXXX","id":67728121207,"status":"Active"},"ticketingAuthority":true,"airline":{"iataCode":"006","abrev":"DL","name":"DelXX XXX XXXXX XXX.","id":6772484854},"bsp":{"isoCountryCode":"CH","name":"SWIT","id":6772}},{"agent":{"iataCode":"8121208","address":"TERXXXXX 9 - X9 - 999","city":"Zurich","name":"PUTXXX XXXX","id":67728121208,"status":"Active"},"ticketingAuthority":true,"airline":{"iataCode":"006","abrev":"DL","name":"DelXX XXX XXXXX XXX.","id":6772484854},"bsp":{"isoCountryCode":"CH","name":"SWIT","id":6772}},{"agent":{"iataCode":"8121209","address":"LAEXXXXXXXXXXXXX 99","city":"Bern","name":"SIVX XXXXXX&XXXXXXX XXXX","id":67728121209,"status":"Active"},"ticketingAuthority":true,"airline":{"iataCode":"006","abrev":"DL","name":"DelXX XXX XXXXX XXX.","id":6772484854},"bsp":{"isoCountryCode":"CH","name":"SWIT","id":6772}},{"agent":{"iataCode":"8121213","address":"BIMXXXXXXXXXXXXXXXX 99 XXXXXXX","city":"Kloten","name":"PREXXXX XXX XXX.","id":67728121213,"status":"Active"},"ticketingAuthority":true,"airline":{"iataCode":"006","abrev":"DL","name":"DelXX XXX XXXXX XXX.","id":6772484854},"bsp":{"isoCountryCode":"CH","name":"SWIT","id":6772}},{"agent":{"iataCode":"8121218","address":"42 XXX XX XXXXXXXX","city":"GENEVA","name":"AD XXXXXX XX","id":67728121218,"status":"Active"},"ticketingAuthority":true,"airline":{"iataCode":"006","abrev":"DL","name":"DelXX XXX XXXXX XXX.","id":6772484854},"bsp":{"isoCountryCode":"CH","name":"SWIT","id":6772}},{"agent":{"iataCode":"8121221","address":"STAXXXXXXXXXXXXXX 9","city":"Zurich","name":"ASIXXXX XXXXXXX- XXXXXXXXXXX X","id":67728121221,"status":"Active"},"ticketingAuthority":true,"airline":{"iataCode":"006","abrev":"DL","name":"DelXX XXX XXXXX XXX.","id":6772484854},"bsp":{"isoCountryCode":"CH","name":"SWIT","id":6772}},{"agent":{"iataCode":"8121222","address":"10 XXX XXXXXXXX XXXXXXXX","city":"GENEVA","name":"LARXXXXX XX","id":67728121222,"status":"Active"},"ticketingAuthority":true,"airline":{"iataCode":"006","abrev":"DL","name":"DelXX XXX XXXXX XXX.","id":6772484854},"bsp":{"isoCountryCode":"CH","name":"SWIT","id":6772}},{"agent":{"iataCode":"8121223","address":"PO XXX","city":"Basel","name":"SWIXXXXXX XXXXXXXXXXXXX XX","id":67728121223,"status":"Active"},"ticketingAuthority":true,"airline":{"iataCode":"006","abrev":"DL","name":"DelXX XXX XXXXX XXX.","id":6772484854},"bsp":{"isoCountryCode":"CH","name":"SWIT","id":6772}},{"agent":{"iataCode":"8121226","address":"AIRXXXX XXXX XXXX","city":"Belp","name":"AIR XXXXXX XXXXXX","id":67728121226,"status":"Active"},"ticketingAuthority":true,"airline":{"iataCode":"006","abrev":"DL","name":"DelXX XXX XXXXX XXX.","id":6772484854},"bsp":{"isoCountryCode":"CH","name":"SWIT","id":6772}},{"agent":{"iataCode":"8121232","address":"RUE XXX XXXXX 99","city":"GENEVA","name":"NEOX XXXXXXX","id":67728121232,"status":"Active"},"ticketingAuthority":true,"airline":{"iataCode":"006","abrev":"DL","name":"DelXX XXX XXXXX XXX.","id":6772484854},"bsp":{"isoCountryCode":"CH","name":"SWIT","id":6772}},{"agent":{"iataCode":"8121233","address":"BIEXXXXXXXX 999","city":"Solothurn","name":"BTA XXXXX","id":67728121233,"status":"Active"},"ticketingAuthority":true,"airline":{"iataCode":"006","abrev":"DL","name":"DelXX XXX XXXXX XXX.","id":6772484854},"bsp":{"isoCountryCode":"CH","name":"SWIT","id":6772}},{"agent":{"iataCode":"8121235","address":"KLYXXXXXXXXXXX 99","city":"Basel","name":"NET XXXXXX & XXXXXXX XXXX","id":67728121235,"status":"Active"},"ticketingAuthority":true,"airline":{"iataCode":"006","abrev":"DL","name":"DelXX XXX XXXXX XXX.","id":6772484854},"bsp":{"isoCountryCode":"CH","name":"SWIT","id":6772}},{"agent":{"iataCode":"8121243","address":"FABXXXXXXXXXX 99","city":"Uzwil","name":"TRAXXXXXXXXX XX","id":67728121243,"status":"Active"},"ticketingAuthority":true,"airline":{"iataCode":"006","abrev":"DL","name":"DelXX XXX XXXXX XXX.","id":6772484854},"bsp":{"isoCountryCode":"CH","name":"SWIT","id":6772}},{"agent":{"iataCode":"8121249","address":"OBEXXXXXXXXXXXX 99","city":"Weinfelden","name":"REIXXXXXXX XXXXXXXXXXXXX XXXXX","id":67728121249,"status":"Active"},"ticketingAuthority":true,"airline":{"iataCode":"006","abrev":"DL","name":"DelXX XXX XXXXX XXX.","id":6772484854},"bsp":{"isoCountryCode":"CH","name":"SWIT","id":6772}},{"agent":{"iataCode":"8121251","address":"5 RXX XXXXXXXXXXXX","city":"GENEVA","name":"TRAXX XXXXX XXXXXXX XX","id":67728121251,"status":"Active"},"ticketingAuthority":true,"airline":{"iataCode":"006","abrev":"DL","name":"DelXX XXX XXXXX XXX.","id":6772484854},"bsp":{"isoCountryCode":"CH","name":"SWIT","id":6772}},{"agent":{"iataCode":"8121258","address":"RUE XX XXXXXX 9","city":"Lausanne","name":"SUNXXXXXX XXXXX XX","id":67728121258,"status":"Active"},"ticketingAuthority":true,"airline":{"iataCode":"006","abrev":"DL","name":"DelXX XXX XXXXX XXX.","id":6772484854},"bsp":{"isoCountryCode":"CH","name":"SWIT","id":6772}},{"agent":{"iataCode":"8121261","address":"SCHXXXXXXXXXXXX. 999","city":"Zurich","name":"ALTXX XXXXXX XXXX","id":67728121261,"status":"Active"},"ticketingAuthority":true,"airline":{"iataCode":"006","abrev":"DL","name":"DelXX XXX XXXXX XXX.","id":6772484854},"bsp":{"isoCountryCode":"CH","name":"SWIT","id":6772}},{"agent":{"iataCode":"8121263","address":"TROXXXXXXXXXXXXXX 99","city":"Regensdorf","name":"WeDXXX","id":67728121263,"status":"Active"},"ticketingAuthority":true,"airline":{"iataCode":"006","abrev":"DL","name":"DelXX XXX XXXXX XXX.","id":6772484854},"bsp":{"isoCountryCode":"CH","name":"SWIT","id":6772}},{"agent":{"iataCode":"8121264","address":"ZURXXX XXXXXXXXXXXXX XXXXXXX","city":"Zurich","name":"EFLXXXXXXXXXX XX","id":67728121264,"status":"Active"},"ticketingAuthority":true,"airline":{"iataCode":"006","abrev":"DL","name":"DelXX XXX XXXXX XXX.","id":6772484854},"bsp":{"isoCountryCode":"CH","name":"SWIT","id":6772}},{"agent":{"iataCode":"8121266","address":"SOLXXXXXXXXXXXXXXX 99","city":"Basel","name":"MIRX XXXXXX","id":67728121266,"status":"Active"},"ticketingAuthority":true,"airline":{"iataCode":"006","abrev":"DL","name":"DelXX XXX XXXXX XXX.","id":6772484854},"bsp":{"isoCountryCode":"CH","name":"SWIT","id":6772}},{"agent":{"iataCode":"8121270","address":"GRAXXXXXXXXX.9","city":"Volketswil","name":"ITS XXXX XXXXXX","id":67728121270,"status":"Active"},"ticketingAuthority":true,"airline":{"iataCode":"006","abrev":"DL","name":"DelXX XXX XXXXX XXX.","id":6772484854},"bsp":{"isoCountryCode":"CH","name":"SWIT","id":6772}},{"agent":{"iataCode":"8121277","address":"RUE XXXXXXXXXX 99","city":"GENEVA","name":"TIAX-XXX XXXXXXX XX","id":67728121277,"status":"Active"},"ticketingAuthority":true,"airline":{"iataCode":"006","abrev":"DL","name":"DelXX XXX XXXXX XXX.","id":6772484854},"bsp":{"isoCountryCode":"CH","name":"SWIT","id":6772}},{"agent":{"iataCode":"8121278","address":"HABXXXXXXXXXXXXXX 99","city":"Lucerne","name":"ITM XXXXXX XX","id":67728121278,"status":"Active"},"ticketingAuthority":true,"airline":{"iataCode":"006","abrev":"DL","name":"DelXX XXX XXXXX XXX.","id":6772484854},"bsp":{"isoCountryCode":"CH","name":"SWIT","id":6772}},{"agent":{"iataCode":"8121279","address":"EFFXXXXXXXXXXXX 99X","city":"Bern","name":"ITAXXXXXX XX","id":67728121279,"status":"Active"},"ticketingAuthority":true,"airline":{"iataCode":"006","abrev":"DL","name":"DelXX XXX XXXXX XXX.","id":6772484854},"bsp":{"isoCountryCode":"CH","name":"SWIT","id":6772}},{"agent":{"iataCode":"8121282","address":"WriXXX-XXXXXXX 99 X","city":"Glattpark","name":"CROXXXXXX XXXX","id":67728121282,"status":"Active"},"ticketingAuthority":true,"airline":{"iataCode":"006","abrev":"DL","name":"DelXX XXX XXXXX XXX.","id":6772484854},"bsp":{"isoCountryCode":"CH","name":"SWIT","id":6772}},{"agent":{"iataCode":"8121284","address":"VIA XX XXXXX 9","city":"Lugano","name":"SCHXXXXX XXXXXX XXXXXX XX","id":67728121284,"status":"Active"},"ticketingAuthority":true,"airline":{"iataCode":"006","abrev":"DL","name":"DelXX XXX XXXXX XXX.","id":6772484854},"bsp":{"isoCountryCode":"CH","name":"SWIT","id":6772}},{"agent":{"iataCode":"8121294","address":"STEXXXXXXXXXXXX, 99","city":"Bassersdorf","name":"SCHXXXXX XXXXXX XX","id":67728121294,"status":"Active"},"ticketingAuthority":true,"airline":{"iataCode":"006","abrev":"DL","name":"DelXX XXX XXXXX XXX.","id":6772484854},"bsp":{"isoCountryCode":"CH","name":"SWIT","id":6772}},{"agent":{"iataCode":"8121297","address":"DORXXXXXXXX, 99","city":"Baar","name":"BTA XXXXX","id":67728121297,"status":"Active"},"ticketingAuthority":true,"airline":{"iataCode":"006","abrev":"DL","name":"DelXX XXX XXXXX XXX.","id":6772484854},"bsp":{"isoCountryCode":"CH","name":"SWIT","id":6772}},{"agent":{"iataCode":"8121299","address":"KLOXXXXXXXXXXXX, 99 XXXXXXXX","city":"Zurich","name":"LEGXXXX XXXXXX XXXX","id":67728121299,"status":"Active"},"ticketingAuthority":true,"airline":{"iataCode":"006","abrev":"DL","name":"DelXX XXX XXXXX XXX.","id":6772484854},"bsp":{"isoCountryCode":"CH","name":"SWIT","id":6772}},{"agent":{"iataCode":"8121301","address":"PFLXXXXXXXXXXXXXXX, 99","city":"Zurich","name":"SKY XXXXXXX XXXX","id":67728121301,"status":"Active"},"ticketingAuthority":true,"airline":{"iataCode":"006","abrev":"DL","name":"DelXX XXX XXXXX XXX.","id":6772484854},"bsp":{"isoCountryCode":"CH","name":"SWIT","id":6772}},{"agent":{"iataCode":"8121302","address":"BAHXXXX. 99","city":"Regensdorf","name":"SIG & XX XXXXXX XXXX","id":67728121302,"status":"Active"},"ticketingAuthority":true,"airline":{"iataCode":"006","abrev":"DL","name":"DelXX XXX XXXXX XXX.","id":6772484854},"bsp":{"isoCountryCode":"CH","name":"SWIT","id":6772}},{"agent":{"iataCode":"8121305","address":"RouXX XX XXXXX XXXXXX, 9","city":"Carouge","name":"3MUXXX","id":67728121305,"status":"Active"},"ticketingAuthority":true,"airline":{"iataCode":"006","abrev":"DL","name":"DelXX XXX XXXXX XXX.","id":6772484854},"bsp":{"isoCountryCode":"CH","name":"SWIT","id":6772}},{"agent":{"iataCode":"8121306","address":"GARXXXXXX, 9","city":"Zurich","name":"REIXXXXXX XXXX XXXXXX XX","id":67728121306,"status":"Active"},"ticketingAuthority":true,"airline":{"iataCode":"006","abrev":"DL","name":"DelXX XXX XXXXX XXX.","id":6772484854},"bsp":{"isoCountryCode":"CH","name":"SWIT","id":6772}},{"agent":{"iataCode":"8121316","address":"IN XXX XXXXXXXX, 99","city":"Urdorf","name":"REIXXXXXXXX XXXX XX","id":67728121316,"status":"Active"},"ticketingAuthority":true,"airline":{"iataCode":"006","abrev":"DL","name":"DelXX XXX XXXXX XXX.","id":6772484854},"bsp":{"isoCountryCode":"CH","name":"SWIT","id":6772}},{"agent":{"iataCode":"8121317","address":"RUE XX XXXXXX 99 XX XXX XX XX","city":"GENEVA","name":"VOYXXXXXX XX XXXXX XX","id":67728121317,"status":"Active"},"ticketingAuthority":true,"airline":{"iataCode":"006","abrev":"DL","name":"DelXX XXX XXXXX XXX.","id":6772484854},"bsp":{"isoCountryCode":"CH","name":"SWIT","id":6772}},{"agent":{"iataCode":"8121318","address":"BahXXXXXXXXXXX 999X","city":"Uzwil/SG","name":"IN XXXXXX XXXX XXXX","id":67728121318,"status":"Active"},"ticketingAuthority":true,"airline":{"iataCode":"006","abrev":"DL","name":"DelXX XXX XXXXX XXX.","id":6772484854},"bsp":{"isoCountryCode":"CH","name":"SWIT","id":6772}},{"agent":{"iataCode":"8121319","address":"ALLXXXXXXXXXXX 99","city":"Zug","name":"REIXXXXXXX XXXXXX XX","id":67728121319,"status":"Active"},"ticketingAuthority":true,"airline":{"iataCode":"006","abrev":"DL","name":"DelXX XXX XXXXX XXX.","id":6772484854},"bsp":{"isoCountryCode":"CH","name":"SWIT","id":6772}},{"agent":{"iataCode":"8121320","address":"RUE XX XXXXXXXX, 99","city":"GENEVA","name":"K TXXXXX XX","id":67728121320,"status":"Active"},"ticketingAuthority":true,"airline":{"iataCode":"006","abrev":"DL","name":"DelXX XXX XXXXX XXX.","id":6772484854},"bsp":{"isoCountryCode":"CH","name":"SWIT","id":6772}},{"agent":{"iataCode":"8121323","address":"13 XXX XXXXXXXXXXXX","city":"GENEVA","name":"AL XXXX XXXXXXX XXXX","id":67728121323,"status":"Non Active"},"ticketingAuthority":true,"airline":{"iataCode":"006","abrev":"DL","name":"DelXX XXX XXXXX XXX.","id":6772484854},"bsp":{"isoCountryCode":"CH","name":"SWIT","id":6772}},{"agent":{"iataCode":"8121324","address":"BRAXXXXXXXXX.99","city":"Dietlikon","name":"FTI XXXXXXXXXX XX","id":67728121324,"status":"Active"},"ticketingAuthority":true,"airline":{"iataCode":"006","abrev":"DL","name":"DelXX XXX XXXXX XXX.","id":6772484854},"bsp":{"isoCountryCode":"CH","name":"SWIT","id":6772}},{"agent":{"iataCode":"8121326","address":"BAHXXXXXXXXXXX, 9","city":"Baar","name":"CORXXXXXX XXXXXX XXXXXXXXXX (X","id":67728121326,"status":"Active"},"ticketingAuthority":true,"airline":{"iataCode":"006","abrev":"DL","name":"DelXX XXX XXXXX XXX.","id":6772484854},"bsp":{"isoCountryCode":"CH","name":"SWIT","id":6772}},{"agent":{"iataCode":"8121331","address":"LUZXXXXXXXXXXXX 99","city":"Root","name":"GOLX XXX XXXXXX","id":67728121331,"status":"Active"},"ticketingAuthority":true,"airline":{"iataCode":"006","abrev":"DL","name":"DelXX XXX XXXXX XXX.","id":6772484854},"bsp":{"isoCountryCode":"CH","name":"SWIT","id":6772}},{"agent":{"iataCode":"8121332","address":"38A XXXXX XX XXXXXXXX","city":"GENEVA","name":"LE-XXXXXX.XXX X.X.","id":67728121332,"status":"Active"},"ticketingAuthority":true,"airline":{"iataCode":"006","abrev":"DL","name":"DelXX XXX XXXXX XXX.","id":6772484854},"bsp":{"isoCountryCode":"CH","name":"SWIT","id":6772}},{"agent":{"iataCode":"8121335","address":"BADXXXXXXXXXXX 999","city":"Zurich","name":"WWW.XXXXXXX-XXXXXX.XX","id":67728121335,"status":"Active"},"ticketingAuthority":true,"airline":{"iataCode":"006","abrev":"DL","name":"DelXX XXX XXXXX XXX.","id":6772484854},"bsp":{"isoCountryCode":"CH","name":"SWIT","id":6772}},{"agent":{"iataCode":"8121337","address":"33A, XXXXXX XX XXXX XXXXX","city":"Gland","name":"GTM XXXX XXXXXX XXX XXXX XX","id":67728121337,"status":"Active"},"ticketingAuthority":true,"airline":{"iataCode":"006","abrev":"DL","name":"DelXX XXX XXXXX XXX.","id":6772484854},"bsp":{"isoCountryCode":"CH","name":"SWIT","id":6772}},{"agent":{"iataCode":"8121339","address":"BAHXXXXXXXXXXX 9","city":"Altdorf","name":"IDEX XXXXXX XXX XXXXXXX XX","id":67728121339,"status":"Active"},"ticketingAuthority":true,"airline":{"iataCode":"006","abrev":"DL","name":"DelXX XXX XXXXX XXX.","id":6772484854},"bsp":{"isoCountryCode":"CH","name":"SWIT","id":6772}},{"agent":{"iataCode":"8121340","address":"ZIEXXXXXXX. 99","city":"Bern","name":"ANIXXX XXXXXX XX","id":67728121340,"status":"Active"},"ticketingAuthority":true,"airline":{"iataCode":"006","abrev":"DL","name":"DelXX XXX XXXXX XXX.","id":6772484854},"bsp":{"isoCountryCode":"CH","name":"SWIT","id":6772}},{"agent":{"iataCode":"8121343","address":"ALLXXXXX 99","city":"Bern","name":"B.A.X.X.-XXXXXXXX XXX XXXXXXX","id":67728121343,"status":"Active"},"ticketingAuthority":true,"airline":{"iataCode":"006","abrev":"DL","name":"DelXX XXX XXXXX XXX.","id":6772484854},"bsp":{"isoCountryCode":"CH","name":"SWIT","id":6772}},{"agent":{"iataCode":"8121348","address":"IndXXXXXXXXX. 99","city":"St. Margrethen","name":"DERXXXX XXXXXX XXXXXXX","id":67728121348,"status":"Active"},"ticketingAuthority":true,"airline":{"iataCode":"006","abrev":"DL","name":"DelXX XXX XXXXX XXX.","id":6772484854},"bsp":{"isoCountryCode":"CH","name":"SWIT","id":6772}},{"agent":{"iataCode":"8121349","address":"ALTX XXXXXXXXXXXXX 9","city":"Teufen","name":"DELXXXXXXXXXX","id":67728121349,"status":"Active"},"ticketingAuthority":true,"airline":{"iataCode":"006","abrev":"DL","name":"DelXX XXX XXXXX XXX.","id":6772484854},"bsp":{"isoCountryCode":"CH","name":"SWIT","id":6772}},{"agent":{"iataCode":"8121350","address":"VIA XXX XXXXXX 9","city":"Lugano","name":"GATXXXX XXXXX XX","id":67728121350,"status":"Active"},"ticketingAuthority":true,"airline":{"iataCode":"006","abrev":"DL","name":"DelXX XXX XXXXX XXX.","id":6772484854},"bsp":{"isoCountryCode":"CH","name":"SWIT","id":6772}},{"agent":{"iataCode":"8121352","address":"BELXXXXXXXXXXXXX 99","city":"Zurich","name":"TEN XXXXXXXXX XXXXXXXXXX XXXXX","id":67728121352,"status":"Active"},"ticketingAuthority":true,"airline":{"iataCode":"006","abrev":"DL","name":"DelXX XXX XXXXX XXX.","id":6772484854},"bsp":{"isoCountryCode":"CH","name":"SWIT","id":6772}},{"agent":{"iataCode":"8121353","address":"RUE XX XX XXXXXXXX 99 XXXXXXX","city":"GENEVA","name":"OT XXXXX XXXX","id":67728121353,"status":"Active"},"ticketingAuthority":true,"airline":{"iataCode":"006","abrev":"DL","name":"DelXX XXX XXXXX XXX.","id":6772484854},"bsp":{"isoCountryCode":"CH","name":"SWIT","id":6772}},{"agent":{"iataCode":"8121354","address":"CHEXXX XX XXXXX 9","city":"Nyon","name":"CTM XXXXXX XX","id":67728121354,"status":"Active"},"ticketingAuthority":true,"airline":{"iataCode":"006","abrev":"DL","name":"DelXX XXX XXXXX XXX.","id":6772484854},"bsp":{"isoCountryCode":"CH","name":"SWIT","id":6772}},{"agent":{"iataCode":"8121401","address":"BAHXXXXXXX. 99","city":"Brig","name":"ZERXXXXX XXXXXXXXX XX","id":67728121401,"status":"Active"},"ticketingAuthority":true,"airline":{"iataCode":"006","abrev":"DL","name":"DelXX XXX XXXXX XXX.","id":6772484854},"bsp":{"isoCountryCode":"CH","name":"SWIT","id":6772}},{"agent":{"iataCode":"8121442","address":"RUE XX XXXX-XXXXX 99","city":"GENEVA","name":"ALSX","id":67728121442,"status":"Active"},"ticketingAuthority":true,"airline":{"iataCode":"006","abrev":"DL","name":"DelXX XXX XXXXX XXX.","id":6772484854},"bsp":{"isoCountryCode":"CH","name":"SWIT","id":6772}},{"agent":{"iataCode":"8121600","address":"MUMBAI","city":"MUMBAI","name":"RAVINDRA KADAM","id":67728121600,"status":"Active"},"ticketingAuthority":true,"airline":{"iataCode":"006","abrev":"DL","name":"DelXX XXX XXXXX XXX.","id":6772484854},"bsp":{"isoCountryCode":"CH","name":"SWIT","id":6772}},{"agent":{"iataCode":"8121725","address":"StaXXXXXXXXXXXXXXXX 999","city":"Zurich","name":"HOLXXXX XXXXX XXXXX XX","id":67728121725,"status":"Active"},"ticketingAuthority":true,"airline":{"iataCode":"006","abrev":"DL","name":"DelXX XXX XXXXX XXX.","id":6772484854},"bsp":{"isoCountryCode":"CH","name":"SWIT","id":6772}},{"agent":{"iataCode":"8121825","address":"BADXXXXXXX 99","city":"Baden","name":"RHZ XXXXXX XX","id":67728121825,"status":"Active"},"ticketingAuthority":true,"airline":{"iataCode":"006","abrev":"DL","name":"DelXX XXX XXXXX XXX.","id":6772484854},"bsp":{"isoCountryCode":"CH","name":"SWIT","id":6772}},{"agent":{"iataCode":"8121836","address":"RUE XXXXXX-XXXXXXXXXXX 99","city":"Le Locle","name":"NATXXXX XXXXXXX","id":67728121836,"status":"Active"},"ticketingAuthority":true,"airline":{"iataCode":"006","abrev":"DL","name":"DelXX XXX XXXXX XXX.","id":6772484854},"bsp":{"isoCountryCode":"CH","name":"SWIT","id":6772}},{"agent":{"iataCode":"8121843","address":"ZURXXXXXXXXXX 9","city":"Lucerne","name":"IMBXXX-XXXXXX XX","id":67728121843,"status":"Active"},"ticketingAuthority":true,"airline":{"iataCode":"006","abrev":"DL","name":"DelXX XXX XXXXX XXX.","id":6772484854},"bsp":{"isoCountryCode":"CH","name":"SWIT","id":6772}},{"agent":{"iataCode":"8121995","address":"OTTXXXXXXXXXXX 99","city":"Zurich","name":"PARXXX XXXXXX XX","id":67728121995,"status":"Active"},"ticketingAuthority":true,"airline":{"iataCode":"006","abrev":"DL","name":"DelXX XXX XXXXX XXX.","id":6772484854},"bsp":{"isoCountryCode":"CH","name":"SWIT","id":6772}},{"agent":{"iataCode":"8122244","address":"C/O XXX XXXXXX XXXX","city":"Horgen","name":"CWT - XXXXXXXXXXXXXXXXXX X.X.","id":67728122244,"status":"Active"},"ticketingAuthority":true,"airline":{"iataCode":"006","abrev":"DL","name":"DelXX XXX XXXXX XXX.","id":6772484854},"bsp":{"isoCountryCode":"CH","name":"SWIT","id":6772}},{"agent":{"iataCode":"8122450","address":"RUE XXX-XX-XXXXXX 9","city":"Lausanne","name":"ALSX","id":67728122450,"status":"Active"},"ticketingAuthority":true,"airline":{"iataCode":"006","abrev":"DL","name":"DelXX XXX XXXXX XXX.","id":6772484854},"bsp":{"isoCountryCode":"CH","name":"SWIT","id":6772}},{"agent":{"iataCode":"8122458","address":"RUEXXXXXXXXX 9","city":"Wald","name":"BETXXX XXXXXX XXXX","id":67728122458,"status":"Active"},"ticketingAuthority":true,"airline":{"iataCode":"006","abrev":"DL","name":"DelXX XXX XXXXX XXX.","id":6772484854},"bsp":{"isoCountryCode":"CH","name":"SWIT","id":6772}},{"agent":{"iataCode":"8122652","address":"RUE XXXXXXXX 99","city":"GENEVA","name":"VOYXXXX XXXXXXX XX","id":67728122652,"status":"Active"},"ticketingAuthority":true,"airline":{"iataCode":"006","abrev":"DL","name":"DelXX XXX XXXXX XXX.","id":6772484854},"bsp":{"isoCountryCode":"CH","name":"SWIT","id":6772}},{"agent":{"iataCode":"8122800","address":"NEUXXXXXXX 99","city":"Bern","name":"GLOXXXXXXXXX XXXXXX XXXXXXX XX","id":67728122800,"status":"Active"},"ticketingAuthority":true,"airline":{"iataCode":"006","abrev":"DL","name":"DelXX XXX XXXXX XXX.","id":6772484854},"bsp":{"isoCountryCode":"CH","name":"SWIT","id":6772}},{"agent":{"iataCode":"8123204","address":"AVEXXX XX XXXXXXX 99","city":"Monthey","name":"MONXXXX XXXXXXX","id":67728123204,"status":"Active"},"ticketingAuthority":true,"airline":{"iataCode":"006","abrev":"DL","name":"DelXX XXX XXXXX XXX.","id":6772484854},"bsp":{"isoCountryCode":"CH","name":"SWIT","id":6772}},{"agent":{"iataCode":"8123206","address":"ZENXXXXXXXXXXX 9","city":"Zurich","name":"ROLX XXXXX-XXXXXX","id":67728123206,"status":"Active"},"ticketingAuthority":true,"airline":{"iataCode":"006","abrev":"DL","name":"DelXX XXX XXXXX XXX.","id":6772484854},"bsp":{"isoCountryCode":"CH","name":"SWIT","id":6772}},{"agent":{"iataCode":"8123587","address":"MPAXX XX XXXXXXX XXXXXX XXXXXX","city":"Carouge","name":"DREXX XXXXXX","id":67728123587,"status":"Active"},"ticketingAuthority":true,"airline":{"iataCode":"006","abrev":"DL","name":"DelXX XXX XXXXX XXX.","id":6772484854},"bsp":{"isoCountryCode":"CH","name":"SWIT","id":6772}},{"agent":{"iataCode":"8123791","address":"BadXXXXXXX 99","city":"Baden","name":"KRW XX","id":67728123791,"status":"Active"},"ticketingAuthority":true,"airline":{"iataCode":"006","abrev":"DL","name":"DelXX XXX XXXXX XXX.","id":6772484854},"bsp":{"isoCountryCode":"CH","name":"SWIT","id":6772}},{"agent":{"iataCode":"8123795","address":"12-99, XXX XX XXXXXXXX","city":"GENEVA","name":"GEO-XXXXXXXXXX XX","id":67728123795,"status":"Active"},"ticketingAuthority":true,"airline":{"iataCode":"006","abrev":"DL","name":"DelXX XXX XXXXX XXX.","id":6772484854},"bsp":{"isoCountryCode":"CH","name":"SWIT","id":6772}},{"agent":{"iataCode":"8123799","address":"SAEXXXXXXXXXXXX 99","city":"Glattbrugg","name":"BTA XXXXX","id":67728123799,"status":"Active"},"ticketingAuthority":true,"airline":{"iataCode":"006","abrev":"DL","name":"DelXX XXX XXXXX XXX.","id":6772484854},"bsp":{"isoCountryCode":"CH","name":"SWIT","id":6772}},{"agent":{"iataCode":"8123802","address":"KuoXX XXXXXXXX XXXXXX,","city":"Zurich","name":"KUOXX XXXXXX","id":67728123802,"status":"Active"},"ticketingAuthority":true,"airline":{"iataCode":"006","abrev":"DL","name":"DelXX XXX XXXXX XXX.","id":6772484854},"bsp":{"isoCountryCode":"CH","name":"SWIT","id":6772}},{"agent":{"iataCode":"8123819","address":"KURXXXXXXXXX 99","city":"Daniken","name":"ACS-XXXXXX","id":67728123819,"status":"Active"},"ticketingAuthority":true,"airline":{"iataCode":"006","abrev":"DL","name":"DelXX XXX XXXXX XXX.","id":6772484854},"bsp":{"isoCountryCode":"CH","name":"SWIT","id":6772}},{"agent":{"iataCode":"8123821","address":"BAHXXXXXXXXXXX 99","city":"Aarau","name":"KUOXX XXXXXX","id":67728123821,"status":"Active"},"ticketingAuthority":true,"airline":{"iataCode":"006","abrev":"DL","name":"DelXX XXX XXXXX XXX.","id":6772484854},"bsp":{"isoCountryCode":"CH","name":"SWIT","id":6772}},{"agent":{"iataCode":"8123822","address":"'EGXXXX' XXXXXXXXXXXX, 9","city":"Altdorf","name":"rilXX XX","id":67728123822,"status":"Active"},"ticketingAuthority":true,"airline":{"iataCode":"006","abrev":"DL","name":"DelXX XXX XXXXX XXX.","id":6772484854},"bsp":{"isoCountryCode":"CH","name":"SWIT","id":6772}},{"agent":{"iataCode":"8123843","address":"FALXXXXXXXXXXX 9","city":"Basel","name":"BTA XXXXX","id":67728123843,"status":"Active"},"ticketingAuthority":true,"airline":{"iataCode":"006","abrev":"DL","name":"DelXX XXX XXXXX XXX.","id":6772484854},"bsp":{"isoCountryCode":"CH","name":"SWIT","id":6772}},{"agent":{"iataCode":"8123847","address":"GERXXXXXXXX 99","city":"Basel","name":"KUOXX XXXXXX","id":67728123847,"status":"Active"},"ticketingAuthority":true,"airline":{"iataCode":"006","abrev":"DL","name":"DelXX XXX XXXXX XXX.","id":6772484854},"bsp":{"isoCountryCode":"CH","name":"SWIT","id":6772}},{"agent":{"iataCode":"8123854","address":"AESXXXXXXXXXX 9","city":"Basel","name":"SWIXX XXXXXXX XXXXXXXXXX X.X.","id":67728123854,"status":"Active"},"ticketingAuthority":true,"airline":{"iataCode":"006","abrev":"DL","name":"DelXX XXX XXXXX XXX.","id":6772484854},"bsp":{"isoCountryCode":"CH","name":"SWIT","id":6772}},{"agent":{"iataCode":"8123855","address":"MUNXXXXXXXXXXXXXXXXXX 99 XX XX","city":"Basel","name":"CWT - XXXXXXXXXXXXXXXXXX X.X.","id":67728123855,"status":"Active"},"ticketingAuthority":true,"airline":{"iataCode":"006","abrev":"DL","name":"DelXX XXX XXXXX XXX.","id":6772484854},"bsp":{"isoCountryCode":"CH","name":"SWIT","id":6772}},{"agent":{"iataCode":"8123863","address":"VON XXXXX XXXXXXX 9","city":"Bern","name":"CARXXXX XXXXXXXX XXXXXX","id":67728123863,"status":"Active"},"ticketingAuthority":true,"airline":{"iataCode":"006","abrev":"DL","name":"DelXX XXX XXXXX XXX.","id":6772484854},"bsp":{"isoCountryCode":"CH","name":"SWIT","id":6772}},{"agent":{"iataCode":"8123868","address":"BAHXXXXXXX. 9","city":"Biel","name":"NATXXXX XXXXXX","id":67728123868,"status":"Active"},"ticketingAuthority":true,"airline":{"iataCode":"006","abrev":"DL","name":"DelXX XXX XXXXX XXX.","id":6772484854},"bsp":{"isoCountryCode":"CH","name":"SWIT","id":6772}},{"agent":{"iataCode":"8123895","address":"RUE XXXXXX 9 XXXXXX 9","city":"GENEVA","name":"FERX & XXX XXXXXXX XX","id":67728123895,"status":"Active"},"ticketingAuthority":true,"airline":{"iataCode":"006","abrev":"DL","name":"DelXX XXX XXXXX XXX.","id":6772484854},"bsp":{"isoCountryCode":"CH","name":"SWIT","id":6772}},{"agent":{"iataCode":"8123899","address":"17, XXX XX 99-XXXXXXXX","city":"GENEVA","name":"TOUXXXXX XX (XXXXXX)","id":67728123899,"status":"Active"},"ticketingAuthority":true,"airline":{"iataCode":"006","abrev":"DL","name":"DelXX XXX XXXXX XXX.","id":6772484854},"bsp":{"isoCountryCode":"CH","name":"SWIT","id":6772}},{"agent":{"iataCode":"8123904","address":"NEUX XXXX 9","city":"Zurich","name":"KUOXX XXXXXX XX","id":67728123904,"status":"Active"},"ticketingAuthority":true,"airline":{"iataCode":"006","abrev":"DL","name":"DelXX XXX XXXXX XXX.","id":6772484854},"bsp":{"isoCountryCode":"CH","name":"SWIT","id":6772}},{"agent":{"iataCode":"8123906","address":"CheXXX XXX XXXXXXXXXXX 99","city":"Vernier","name":"KUOXX XXXXXX","id":67728123906,"status":"Active"},"ticketingAuthority":true,"airline":{"iataCode":"006","abrev":"DL","name":"DelXX XXX XXXXX XXX.","id":6772484854},"bsp":{"isoCountryCode":"CH","name":"SWIT","id":6772}},{"agent":{"iataCode":"8123916","address":"Rue XXXXX 99","city":"La Chaux de Fonds","name":"CROXXXXXXX XXXXXXX XX","id":67728123916,"status":"Active"},"ticketingAuthority":true,"airline":{"iataCode":"006","abrev":"DL","name":"DelXX XXX XXXXX XXX.","id":6772484854},"bsp":{"isoCountryCode":"CH","name":"SWIT","id":6772}},{"agent":{"iataCode":"8123933","address":"VIA XXXXXXXX 9 XXXXXXX XXX","city":"GENEVA","name":"KUOXX XXXXXX","id":67728123933,"status":"Active"},"ticketingAuthority":true,"airline":{"iataCode":"006","abrev":"DL","name":"DelXX XXX XXXXX XXX.","id":6772484854},"bsp":{"isoCountryCode":"CH","name":"SWIT","id":6772}},{"agent":{"iataCode":"8123936","address":"PilXXXXXXXXXXX 99","city":"Dierikon","name":"BUCXXX XXXXXX XXX","id":67728123936,"status":"Active"},"ticketingAuthority":true,"airline":{"iataCode":"006","abrev":"DL","name":"DelXX XXX XXXXX XXX.","id":6772484854},"bsp":{"isoCountryCode":"CH","name":"SWIT","id":6772}},{"agent":{"iataCode":"8123939","address":"ALPXXXXXXXXX 9","city":"Lucerne","name":"KNEXXX XXXXXX XX","id":67728123939,"status":"Active"},"ticketingAuthority":true,"airline":{"iataCode":"006","abrev":"DL","name":"DelXX XXX XXXXX XXX.","id":6772484854},"bsp":{"isoCountryCode":"CH","name":"SWIT","id":6772}},{"agent":{"iataCode":"8123942","address":"VIA XXXXXXXXX 9 9XX XXXXX","city":"Lugano","name":"KUOXX XXXXXX","id":67728123942,"status":"Active"},"ticketingAuthority":true,"airline":{"iataCode":"006","abrev":"DL","name":"DelXX XXX XXXXX XXX.","id":6772484854},"bsp":{"isoCountryCode":"CH","name":"SWIT","id":6772}},{"agent":{"iataCode":"8123944","address":"VIA XXXX 9","city":"Lugano","name":"M-TXXXXX XXXXXXXXXXX","id":67728123944,"status":"Active"},"ticketingAuthority":true,"airline":{"iataCode":"006","abrev":"DL","name":"DelXX XXX XXXXX XXX.","id":6772484854},"bsp":{"isoCountryCode":"CH","name":"SWIT","id":6772}},{"agent":{"iataCode":"8123945","address":"STAXXXX XXXXX 9999","city":"Manno","name":"CWT - XXXXXXXXXXXXXXXXXX X.X.","id":67728123945,"status":"Active"},"ticketingAuthority":true,"airline":{"iataCode":"006","abrev":"DL","name":"DelXX XXX XXXXX XXX.","id":6772484854},"bsp":{"isoCountryCode":"CH","name":"SWIT","id":6772}},{"agent":{"iataCode":"8123946","address":"C/O XXXXXX XXXXXXXX XX","city":"GENEVA","name":"CWT - XXXXXXXXXXXXXXXXXX X.X.","id":67728123946,"status":"Active"},"ticketingAuthority":true,"airline":{"iataCode":"006","abrev":"DL","name":"DelXX XXX XXXXX XXX.","id":6772484854},"bsp":{"isoCountryCode":"CH","name":"SWIT","id":6772}},{"agent":{"iataCode":"8123949","address":"RUE XX XX XXXX 9","city":"Montreux","name":"CWT - XXXXXXXXXXXXXXXXXX X.X.","id":67728123949,"status":"Active"},"ticketingAuthority":true,"airline":{"iataCode":"006","abrev":"DL","name":"DelXX XXX XXXXX XXX.","id":6772484854},"bsp":{"isoCountryCode":"CH","name":"SWIT","id":6772}},{"agent":{"iataCode":"8123972","address":"VORXXXXX 99","city":"Schaffhausen","name":"LET'X XX XXXXX","id":67728123972,"status":"Active"},"ticketingAuthority":true,"airline":{"iataCode":"006","abrev":"DL","name":"DelXX XXX XXXXX XXX.","id":6772484854},"bsp":{"isoCountryCode":"CH","name":"SWIT","id":6772}},{"agent":{"iataCode":"8123978","address":"18, XXX XX XXXXXXX","city":"Vevey","name":"TUI XXXXXX XX XXXXXXX","id":67728123978,"status":"Active"},"ticketingAuthority":true,"airline":{"iataCode":"006","abrev":"DL","name":"DelXX XXX XXXXX XXX.","id":6772484854},"bsp":{"isoCountryCode":"CH","name":"SWIT","id":6772}},{"agent":{"iataCode":"8123982","address":"BAHXXXXXXXXXXX 99","city":"Zug","name":"KNEXXX XXXXXX XX","id":67728123982,"status":"Active"},"ticketingAuthority":true,"airline":{"iataCode":"006","abrev":"DL","name":"DelXX XXX XXXXX XXX.","id":6772484854},"bsp":{"isoCountryCode":"CH","name":"SWIT","id":6772}},{"agent":{"iataCode":"8123984","address":"HOFXXXXXXXXXXXXX 99","city":"Zurich","name":"ALPXX XXXXXX X.X.","id":67728123984,"status":"Active"},"ticketingAuthority":true,"airline":{"iataCode":"006","abrev":"DL","name":"DelXX XXX XXXXX XXX.","id":6772484854},"bsp":{"isoCountryCode":"CH","name":"SWIT","id":6772}},{"agent":{"iataCode":"8123998","address":"OHMXXXXXXX 9","city":"Zurich","name":"FRIXXXXX XXXXXX XX","id":67728123998,"status":"Active"},"ticketingAuthority":true,"airline":{"iataCode":"006","abrev":"DL","name":"DelXX XXX XXXXX XXX.","id":6772484854},"bsp":{"isoCountryCode":"CH","name":"SWIT","id":6772}},{"agent":{"iataCode":"8124199","address":"QUAX XXX XXXXXXX 99","city":"GENEVA","name":"BTA XXXXX","id":67728124199,"status":"Active"},"ticketingAuthority":true,"airline":{"iataCode":"006","abrev":"DL","name":"DelXX XXX XXXXX XXX.","id":6772484854},"bsp":{"isoCountryCode":"CH","name":"SWIT","id":6772}},{"agent":{"iataCode":"8124411","address":"RUE XX XXXXXX 9 XXXX XXXXXXX","city":"Neuchatel","name":"CROXXXXXXX XXXXXXX XX","id":67728124411,"status":"Active"},"ticketingAuthority":true,"airline":{"iataCode":"006","abrev":"DL","name":"DelXX XXX XXXXX XXX.","id":6772484854},"bsp":{"isoCountryCode":"CH","name":"SWIT","id":6772}},{"agent":{"iataCode":"8124651","address":"SCHXXXXXXXXXXXXXXXX 9","city":"Zurich","name":"AVRXXX XXXXXX XXXX","id":67728124651,"status":"Active"},"ticketingAuthority":true,"airline":{"iataCode":"006","abrev":"DL","name":"DelXX XXX XXXXX XXX.","id":6772484854},"bsp":{"isoCountryCode":"CH","name":"SWIT","id":6772}},{"agent":{"iataCode":"8124679","address":"EUCXXXXXXXX XXXXXX XXXXX XX","city":"GENEVA","name":"RAPXXX XX - XXXXXXXXXXXX XXXXX","id":67728124679,"status":"Active"},"ticketingAuthority":true,"airline":{"iataCode":"006","abrev":"DL","name":"DelXX XXX XXXXX XXX.","id":6772484854},"bsp":{"isoCountryCode":"CH","name":"SWIT","id":6772}},{"agent":{"iataCode":"8124747","address":"MURXXXXXXXX 99","city":"Bern","name":"TRAXXXXXXXX XXXX XX","id":67728124747,"status":"Active"},"ticketingAuthority":true,"airline":{"iataCode":"006","abrev":"DL","name":"DelXX XXX XXXXX XXX.","id":6772484854},"bsp":{"isoCountryCode":"CH","name":"SWIT","id":6772}},{"agent":{"iataCode":"8124822","address":"9, XXX XX XXXXXXX","city":"Carouge","name":"MIGXXXXX XXXXXXX X.X.","id":67728124822,"status":"Active"},"ticketingAuthority":true,"airline":{"iataCode":"006","abrev":"DL","name":"DelXX XXX XXXXX XXX.","id":6772484854},"bsp":{"isoCountryCode":"CH","name":"SWIT","id":6772}},{"agent":{"iataCode":"8124944","address":"RUE XX XXXXX 99","city":"Lausanne","name":"VOYXXXX XX XXXXXXX XX","id":67728124944,"status":"Active"},"ticketingAuthority":true,"airline":{"iataCode":"006","abrev":"DL","name":"DelXX XXX XXXXX XXX.","id":6772484854},"bsp":{"isoCountryCode":"CH","name":"SWIT","id":6772}},{"agent":{"iataCode":"8124981","address":"ZUGXXXXXXXXX 99","city":"Waedenswil","name":"KUOXX XXXXXX","id":67728124981,"status":"Active"},"ticketingAuthority":true,"airline":{"iataCode":"006","abrev":"DL","name":"DelXX XXX XXXXX XXX.","id":6772484854},"bsp":{"isoCountryCode":"CH","name":"SWIT","id":6772}},{"agent":{"iataCode":"8125170","address":".","city":"RORSCHACH","name":"KUOXX XXXXXX XX","id":67728125170,"status":"Non Active"},"ticketingAuthority":true,"airline":{"iataCode":"006","abrev":"DL","name":"DelXX XXX XXXXX XXX.","id":6772484854},"bsp":{"isoCountryCode":"CH","name":"SWIT","id":6772}},{"agent":{"iataCode":"8125175","address":"AVEXXX XXXXXXX XXXXXX 99","city":"Sierre","name":"VOYXXXX X'XXXXXX XXXX XXXXXXX","id":67728125175,"status":"Active"},"ticketingAuthority":true,"airline":{"iataCode":"006","abrev":"DL","name":"DelXX XXX XXXXX XXX.","id":6772484854},"bsp":{"isoCountryCode":"CH","name":"SWIT","id":6772}},{"agent":{"iataCode":"8125205","address":"SCHXXXXXXXXXXXXXX 9","city":"WINDISCH","name":"KNEXXX XXXXXX XX","id":67728125205,"status":"Active"},"ticketingAuthority":true,"airline":{"iataCode":"006","abrev":"DL","name":"DelXX XXX XXXXX XXX.","id":6772484854},"bsp":{"isoCountryCode":"CH","name":"SWIT","id":6772}},{"agent":{"iataCode":"8125251","address":"AM XXXXXXXXX XXXXXXXXXXXXXX 99","city":"Rapperswil","name":"KUSXXX XXXXXX XX","id":67728125251,"status":"Active"},"ticketingAuthority":true,"airline":{"iataCode":"006","abrev":"DL","name":"DelXX XXX XXXXX XXX.","id":6772484854},"bsp":{"isoCountryCode":"CH","name":"SWIT","id":6772}},{"agent":{"iataCode":"8125277","address":"BAHXXXXXXXXXXX 99","city":"Buchs","name":"REIXXXXXXX XXXXX XX","id":67728125277,"status":"Active"},"ticketingAuthority":true,"airline":{"iataCode":"006","abrev":"DL","name":"DelXX XXX XXXXX XXX.","id":6772484854},"bsp":{"isoCountryCode":"CH","name":"SWIT","id":6772}},{"agent":{"iataCode":"8125418","address":"3 RXX XX XXXXX","city":"GENEVA","name":"LETX XXXXXX XX","id":67728125418,"status":"Active"},"ticketingAuthority":true,"airline":{"iataCode":"006","abrev":"DL","name":"DelXX XXX XXXXX XXX.","id":6772484854},"bsp":{"isoCountryCode":"CH","name":"SWIT","id":6772}},{"agent":{"iataCode":"8125451","address":"ROUXX XXX XXXXXX 99","city":"GENEVA","name":"VILXXXX XXXXXXXXXX XX","id":67728125451,"status":"Active"},"ticketingAuthority":true,"airline":{"iataCode":"006","abrev":"DL","name":"DelXX XXX XXXXX XXX.","id":6772484854},"bsp":{"isoCountryCode":"CH","name":"SWIT","id":6772}},{"agent":{"iataCode":"8125459","address":"PETXXXXXXXXX, 99","city":"Basel","name":"MEDXX XXXXXXXXX XX","id":67728125459,"status":"Active"},"ticketingAuthority":true,"airline":{"iataCode":"006","abrev":"DL","name":"DelXX XXX XXXXX XXX.","id":6772484854},"bsp":{"isoCountryCode":"CH","name":"SWIT","id":6772}},{"agent":{"iataCode":"8125487","address":"BITXXXXXXXXXXXXXXX, 99","city":"Sarnen","name":"WIRX XXXXXX XX","id":67728125487,"status":"Active"},"ticketingAuthority":true,"airline":{"iataCode":"006","abrev":"DL","name":"DelXX XXX XXXXX XXX.","id":6772484854},"bsp":{"isoCountryCode":"CH","name":"SWIT","id":6772}},{"agent":{"iataCode":"8125514","address":"DUFXXXXXX. 99/ XXXXXXXXXXXX","city":"Basel","name":"BASXXXXX XXXXXXXXXX XX","id":67728125514,"status":"Active"},"ticketingAuthority":true,"airline":{"iataCode":"006","abrev":"DL","name":"DelXX XXX XXXXX XXX.","id":6772484854},"bsp":{"isoCountryCode":"CH","name":"SWIT","id":6772}},{"agent":{"iataCode":"8125737","address":"BAHXXXXXXX. 9","city":"Buchs","name":"TUI XXXXXXXXXXX","id":67728125737,"status":"Active"},"ticketingAuthority":true,"airline":{"iataCode":"006","abrev":"DL","name":"DelXX XXX XXXXX XXX.","id":6772484854},"bsp":{"isoCountryCode":"CH","name":"SWIT","id":6772}},{"agent":{"iataCode":"8125739","address":"CONXXXXX XX XXXXXXXX 9","city":"Lugano","name":"KUOXX XXXXXX","id":67728125739,"status":"Active"},"ticketingAuthority":true,"airline":{"iataCode":"006","abrev":"DL","name":"DelXX XXX XXXXX XXX.","id":6772484854},"bsp":{"isoCountryCode":"CH","name":"SWIT","id":6772}},{"agent":{"iataCode":"8125816","address":"UNTXXXXXXXXXXXXX 99","city":"Zurich","name":"ACAXX XX","id":67728125816,"status":"Active"},"ticketingAuthority":true,"airline":{"iataCode":"006","abrev":"DL","name":"DelXX XXX XXXXX XXX.","id":6772484854},"bsp":{"isoCountryCode":"CH","name":"SWIT","id":6772}},{"agent":{"iataCode":"8125961","address":"AV XX XXXXXXXX XXXXXXX 99","city":"Lausanne","name":"ALBXXXXXX XXXXXXX XX","id":67728125961,"status":"Active"},"ticketingAuthority":true,"airline":{"iataCode":"006","abrev":"DL","name":"DelXX XXX XXXXX XXX.","id":6772484854},"bsp":{"isoCountryCode":"CH","name":"SWIT","id":6772}},{"agent":{"iataCode":"8126166","address":"VIA XXXXX 99","city":"MENDRISIO","name":"VITX XXXXXX XXXXX XXXXX XX","id":67728126166,"status":"Non Active"},"ticketingAuthority":true,"airline":{"iataCode":"006","abrev":"DL","name":"DelXX XXX XXXXX XXX.","id":6772484854},"bsp":{"isoCountryCode":"CH","name":"SWIT","id":6772}},{"agent":{"iataCode":"8126304","address":"ZUEXXXXXXXX. 999/999","city":"Frauenfeld","name":"KUOXX XXXXXX","id":67728126304,"status":"Active"},"ticketingAuthority":true,"airline":{"iataCode":"006","abrev":"DL","name":"DelXX XXX XXXXX XXX.","id":6772484854},"bsp":{"isoCountryCode":"CH","name":"SWIT","id":6772}},{"agent":{"iataCode":"8126420","address":"LOEXXXXXXXXXX 9","city":"Zurich","name":"ATLXXXXX XXXXXX XX","id":67728126420,"status":"Active"},"ticketingAuthority":true,"airline":{"iataCode":"006","abrev":"DL","name":"DelXX XXX XXXXX XXX.","id":6772484854},"bsp":{"isoCountryCode":"CH","name":"SWIT","id":6772}},{"agent":{"iataCode":"8126432","address":"BAHXXXXXXXXXXX 99","city":"Kreuzlingen","name":"CITX XXXXXX XX XXXXXXXXXXXX XX","id":67728126432,"status":"Active"},"ticketingAuthority":true,"airline":{"iataCode":"006","abrev":"DL","name":"DelXX XXX XXXXX XXX.","id":6772484854},"bsp":{"isoCountryCode":"CH","name":"SWIT","id":6772}},{"agent":{"iataCode":"8126433","address":"AV. XXXXXXX-XXXXXX 99 XXXX","city":"GENEVA","name":"KUOXX XXXXXX","id":67728126433,"status":"Active"},"ticketingAuthority":true,"airline":{"iataCode":"006","abrev":"DL","name":"DelXX XXX XXXXX XXX.","id":6772484854},"bsp":{"isoCountryCode":"CH","name":"SWIT","id":6772}},{"agent":{"iataCode":"8126450","address":"19, XXXX XX XXXX-XXXXX XX 9999","city":"GENEVA","name":"WTA XXXXX XXXXXX XXXXXX X.X.","id":67728126450,"status":"Active"},"ticketingAuthority":true,"airline":{"iataCode":"006","abrev":"DL","name":"DelXX XXX XXXXX XXX.","id":6772484854},"bsp":{"isoCountryCode":"CH","name":"SWIT","id":6772}},{"agent":{"iataCode":"8126526","address":"WeiXXXXXXXXXXXXXX 99","city":"Zwillikon","name":"FINXXXXXX XXXXXX","id":67728126526,"status":"Active"},"ticketingAuthority":true,"airline":{"iataCode":"006","abrev":"DL","name":"DelXX XXX XXXXX XXX.","id":6772484854},"bsp":{"isoCountryCode":"CH","name":"SWIT","id":6772}},{"agent":{"iataCode":"8126695","address":"ROUXX XX XXXXXXXXXX 99","city":"GENEVA","name":"TRAXX XXXXXXXXXXX XX","id":67728126695,"status":"Active"},"ticketingAuthority":true,"airline":{"iataCode":"006","abrev":"DL","name":"DelXX XXX XXXXX XXX.","id":6772484854},"bsp":{"isoCountryCode":"CH","name":"SWIT","id":6772}},{"agent":{"iataCode":"8126698","address":"DORXXXXXXXX 99","city":"Schindellegi","name":"KUEXXX & XXXXX XXXXXXXXXX XX","id":67728126698,"status":"Active"},"ticketingAuthority":true,"airline":{"iataCode":"006","abrev":"DL","name":"DelXX XXX XXXXX XXX.","id":6772484854},"bsp":{"isoCountryCode":"CH","name":"SWIT","id":6772}},{"agent":{"iataCode":"8126919","address":"TurXXXXXXXX 99","city":"Steinhausen","name":"FarXXXXXXX XXXXXX XXXX","id":67728126919,"status":"Active"},"ticketingAuthority":true,"airline":{"iataCode":"006","abrev":"DL","name":"DelXX XXX XXXXX XXX.","id":6772484854},"bsp":{"isoCountryCode":"CH","name":"SWIT","id":6772}},{"agent":{"iataCode":"8126920","address":"BRAXXXXXXXXX.99","city":"Dietlikon","name":"TS XX","id":67728126920,"status":"Active"},"ticketingAuthority":true,"airline":{"iataCode":"006","abrev":"DL","name":"DelXX XXX XXXXX XXX.","id":6772484854},"bsp":{"isoCountryCode":"CH","name":"SWIT","id":6772}},{"agent":{"iataCode":"8126923","address":"rouXX XX X'XXXXXXXX 99 XX 999","city":"GENEVA","name":"SPI XXXXX XXXXXXX XXXXXXXXXXXX","id":67728126923,"status":"Active"},"ticketingAuthority":true,"airline":{"iataCode":"006","abrev":"DL","name":"DelXX XXX XXXXX XXX.","id":6772484854},"bsp":{"isoCountryCode":"CH","name":"SWIT","id":6772}},{"agent":{"iataCode":"8126924","address":"HohXXXXXXXX 999","city":"Zurich","name":"ReeX & XXXXXX","id":67728126924,"status":"Active"},"ticketingAuthority":true,"airline":{"iataCode":"006","abrev":"DL","name":"DelXX XXX XXXXX XXX.","id":6772484854},"bsp":{"isoCountryCode":"CH","name":"SWIT","id":6772}},{"agent":{"iataCode":"8126927","address":"NEUXXXXXXXXXX 99","city":"Brugg","name":"KNEXXX XXXXXX","id":67728126927,"status":"Active"},"ticketingAuthority":true,"airline":{"iataCode":"006","abrev":"DL","name":"DelXX XXX XXXXX XXX.","id":6772484854},"bsp":{"isoCountryCode":"CH","name":"SWIT","id":6772}},{"agent":{"iataCode":"8127124","address":"GRIXXXXXXXXXXX 9","city":"Wallisellen","name":"TOUXXXXX","id":67728127124,"status":"Active"},"ticketingAuthority":true,"airline":{"iataCode":"006","abrev":"DL","name":"DelXX XXX XXXXX XXX.","id":6772484854},"bsp":{"isoCountryCode":"CH","name":"SWIT","id":6772}},{"agent":{"iataCode":"8127196","address":"AVEXXX X'XXXXX 99","city":"Lausanne","name":"M-TXXXXX XXXXXXXXXXX","id":67728127196,"status":"Active"},"ticketingAuthority":true,"airline":{"iataCode":"006","abrev":"DL","name":"DelXX XXX XXXXX XXX.","id":6772484854},"bsp":{"isoCountryCode":"CH","name":"SWIT","id":6772}},{"agent":{"iataCode":"8127373","address":"ZWEXXXXXXXXXX 99 X.X. XXX","city":"Zurich","name":"BOOXXXXXX XXXXXX XXXXXXX XXXXX","id":67728127373,"status":"Active"},"ticketingAuthority":true,"airline":{"iataCode":"006","abrev":"DL","name":"DelXX XXX XXXXX XXX.","id":6772484854},"bsp":{"isoCountryCode":"CH","name":"SWIT","id":6772}},{"agent":{"iataCode":"8127391","address":"GRAXXX XXXXX 9","city":"Vevey","name":"LatXXXXXX XXXXXX XX XXXXXXX","id":67728127391,"status":"Active"},"ticketingAuthority":true,"airline":{"iataCode":"006","abrev":"DL","name":"DelXX XXX XXXXX XXX.","id":6772484854},"bsp":{"isoCountryCode":"CH","name":"SWIT","id":6772}},{"agent":{"iataCode":"8127783","address":"ZUEXXXXXXXXXXXX 99","city":"Uznach","name":"BACXXXXX & XXXXXXX XX","id":67728127783,"status":"Active"},"ticketingAuthority":true,"airline":{"iataCode":"006","abrev":"DL","name":"DelXX XXX XXXXX XXX.","id":6772484854},"bsp":{"isoCountryCode":"CH","name":"SWIT","id":6772}},{"agent":{"iataCode":"8127833","address":"17, XXXXX XX XXXXXXXXXXXX","city":"GENEVA","name":"CHAXXXX XX XXXXXXX","id":67728127833,"status":"Active"},"ticketingAuthority":true,"airline":{"iataCode":"006","abrev":"DL","name":"DelXX XXX XXXXX XXX.","id":6772484854},"bsp":{"isoCountryCode":"CH","name":"SWIT","id":6772}},{"agent":{"iataCode":"8127904","address":"GRAXX-XXX 99","city":"Montreux","name":"VOYXXXXXXX","id":67728127904,"status":"Active"},"ticketingAuthority":true,"airline":{"iataCode":"006","abrev":"DL","name":"DelXX XXX XXXXX XXX.","id":6772484854},"bsp":{"isoCountryCode":"CH","name":"SWIT","id":6772}},{"agent":{"iataCode":"8127905","address":"AUGXXXXXXXXXXXX 99","city":"Zurich","name":"TUI XXXXXXX XXXXXX","id":67728127905,"status":"Active"},"ticketingAuthority":true,"airline":{"iataCode":"006","abrev":"DL","name":"DelXX XXX XXXXX XXX.","id":6772484854},"bsp":{"isoCountryCode":"CH","name":"SWIT","id":6772}},{"agent":{"iataCode":"8127928","address":"HASXXXXXXXXX 99/9","city":"ST GALLEN","name":"INTXXXXXXX","id":67728127928,"status":"Active"},"ticketingAuthority":true,"airline":{"iataCode":"006","abrev":"DL","name":"DelXX XXX XXXXX XXX.","id":6772484854},"bsp":{"isoCountryCode":"CH","name":"SWIT","id":6772}},{"agent":{"iataCode":"8127979","address":"SCHXXXXXXXXXXXXXXXX 999","city":"Zurich","name":"LOTXX XXXXXX XX","id":67728127979,"status":"Active"},"ticketingAuthority":true,"airline":{"iataCode":"006","abrev":"DL","name":"DelXX XXX XXXXX XXX.","id":6772484854},"bsp":{"isoCountryCode":"CH","name":"SWIT","id":6772}},{"agent":{"iataCode":"8128125","address":"LOEXXXXXXXXX 99","city":"Lucerne","name":"ITO XXXXXX XX","id":67728128125,"status":"Active"},"ticketingAuthority":true,"airline":{"iataCode":"006","abrev":"DL","name":"DelXX XXX XXXXX XXX.","id":6772484854},"bsp":{"isoCountryCode":"CH","name":"SWIT","id":6772}},{"agent":{"iataCode":"8128594","address":"VIAXX XXXXXXXX 9 XXXXXXX","city":"Bellinzona","name":"KUOXX XXXXXX","id":67728128594,"status":"Active"},"ticketingAuthority":true,"airline":{"iataCode":"006","abrev":"DL","name":"DelXX XXX XXXXX XXX.","id":6772484854},"bsp":{"isoCountryCode":"CH","name":"SWIT","id":6772}},{"agent":{"iataCode":"8128596","address":"AVEXXX XX XX XXXXXX 9","city":"Lausanne","name":"M-TXXXXX XXXXXXXXXXX","id":67728128596,"status":"Active"},"ticketingAuthority":true,"airline":{"iataCode":"006","abrev":"DL","name":"DelXX XXX XXXXX XXX.","id":6772484854},"bsp":{"isoCountryCode":"CH","name":"SWIT","id":6772}},{"agent":{"iataCode":"8128598","address":"BAHXXXXXXXXXXX 9","city":"Widnau","name":"M-TXXXXX XXXXXXXXXXX","id":67728128598,"status":"Active"},"ticketingAuthority":true,"airline":{"iataCode":"006","abrev":"DL","name":"DelXX XXX XXXXX XXX.","id":6772484854},"bsp":{"isoCountryCode":"CH","name":"SWIT","id":6772}},{"agent":{"iataCode":"8128600","address":"KIRXXXXXXX 99","city":"Zofingen","name":"TUI XXXXXXXXXXX","id":67728128600,"status":"Active"},"ticketingAuthority":true,"airline":{"iataCode":"006","abrev":"DL","name":"DelXX XXX XXXXX XXX.","id":6772484854},"bsp":{"isoCountryCode":"CH","name":"SWIT","id":6772}},{"agent":{"iataCode":"8128947","address":"AVEXXX XX XXXXXXX 9X","city":"GENEVA","name":"CULXXXX XXX XXXXXX XX","id":67728128947,"status":"Active"},"ticketingAuthority":true,"airline":{"iataCode":"006","abrev":"DL","name":"DelXX XXX XXXXX XXX.","id":6772484854},"bsp":{"isoCountryCode":"CH","name":"SWIT","id":6772}},{"agent":{"iataCode":"8129022","address":"WTC XXXXXX XX XXXXXX-XXXXXX 9","city":"Lausanne","name":"BTA XXXXX","id":67728129022,"status":"Active"},"ticketingAuthority":true,"airline":{"iataCode":"006","abrev":"DL","name":"DelXX XXX XXXXX XXX.","id":6772484854},"bsp":{"isoCountryCode":"CH","name":"SWIT","id":6772}},{"agent":{"iataCode":"8129322","address":"GAEXXXXXXXXXXXXX 9","city":"Chur","name":"EngXX XXXXXX","id":67728129322,"status":"Active"},"ticketingAuthority":true,"airline":{"iataCode":"006","abrev":"DL","name":"DelXX XXX XXXXX XXX.","id":6772484854},"bsp":{"isoCountryCode":"CH","name":"SWIT","id":6772}},{"agent":{"iataCode":"8129324","address":"AVEXXX XX XX XXXX 9 XXXX XXXXX","city":"Sion","name":"LATXXXX XXXXXXX XX XXXXXXXXXX","id":67728129324,"status":"Active"},"ticketingAuthority":true,"airline":{"iataCode":"006","abrev":"DL","name":"DelXX XXX XXXXX XXX.","id":6772484854},"bsp":{"isoCountryCode":"CH","name":"SWIT","id":6772}},{"agent":{"iataCode":"8129520","address":"AV. XXX XXXXX 99","city":"Montreux","name":"MONXXXXX-XXXXXXX","id":67728129520,"status":"Active"},"ticketingAuthority":true,"airline":{"iataCode":"006","abrev":"DL","name":"DelXX XXX XXXXX XXX.","id":6772484854},"bsp":{"isoCountryCode":"CH","name":"SWIT","id":6772}},{"agent":{"iataCode":"8129522","address":"HerXXXXXXXX 99","city":"Zurich","name":"KUOXX XXXXXX","id":67728129522,"status":"Active"},"ticketingAuthority":true,"airline":{"iataCode":"006","abrev":"DL","name":"DelXX XXX XXXXX XXX.","id":6772484854},"bsp":{"isoCountryCode":"CH","name":"SWIT","id":6772}},{"agent":{"iataCode":"8129862","address":"BAHXXXXXXXXXXX 99","city":"Biel","name":"BTA XXXXX","id":67728129862,"status":"Active"},"ticketingAuthority":true,"airline":{"iataCode":"006","abrev":"DL","name":"DelXX XXX XXXXX XXX.","id":6772484854},"bsp":{"isoCountryCode":"CH","name":"SWIT","id":6772}},{"agent":{"iataCode":"8129903","address":"PETXX XXXXXX-XXXXXXX 99","city":"BASLE","name":"LAMXXXXXX XXXXXXXXX X.X.","id":67728129903,"status":"Non Active"},"ticketingAuthority":true,"airline":{"iataCode":"006","abrev":"DL","name":"DelXX XXX XXXXX XXX.","id":6772484854},"bsp":{"isoCountryCode":"CH","name":"SWIT","id":6772}},{"agent":{"iataCode":"8129914","address":"BaeXXXXXXX 99","city":"Zurich","name":"HRG XXXXXXXXXXX","id":67728129914,"status":"Active"},"ticketingAuthority":true,"airline":{"iataCode":"006","abrev":"DL","name":"DelXX XXX XXXXX XXX.","id":6772484854},"bsp":{"isoCountryCode":"CH","name":"SWIT","id":6772}},{"agent":{"iataCode":"8129921","address":"KASXXX XXX.99","city":"Aarau","name":"PUTXXX XXXX","id":67728129921,"status":"Active"},"ticketingAuthority":true,"airline":{"iataCode":"006","abrev":"DL","name":"DelXX XXX XXXXX XXX.","id":6772484854},"bsp":{"isoCountryCode":"CH","name":"SWIT","id":6772}},{"agent":{"iataCode":"8148000","address":"WeiXXXXXXXX 9","city":"Seuzach","name":"","id":67728148000,"status":"Active"},"ticketingAuthority":true,"airline":{"iataCode":"006","abrev":"DL","name":"DelXX XXX XXXXX XXX.","id":6772484854},"bsp":{"isoCountryCode":"CH","name":"SWIT","id":6772}},{"agent":{"iataCode":"8148001","address":"1-3 XXX XXXXXXXXXXXX","city":"Geneva","name":"AVIXXXXX","id":67728148001,"status":"Active"},"ticketingAuthority":true,"airline":{"iataCode":"006","abrev":"DL","name":"DelXX XXX XXXXX XXX.","id":6772484854},"bsp":{"isoCountryCode":"CH","name":"SWIT","id":6772}},{"agent":{"iataCode":"8148004","address":"PETXX XXXXXXXXX.9","city":"Basel","name":"AIRXXXXXX X.X.","id":67728148004,"status":"Active"},"ticketingAuthority":true,"airline":{"iataCode":"006","abrev":"DL","name":"DelXX XXX XXXXX XXX.","id":6772484854},"bsp":{"isoCountryCode":"CH","name":"SWIT","id":6772}},{"agent":{"iataCode":"8148006","address":"BERXXXXXXX. 99","city":"Zurich","name":"KALXX XXXXXXX XXXXXXXX XXXX","id":67728148006,"status":"Active"},"ticketingAuthority":true,"airline":{"iataCode":"006","abrev":"DL","name":"DelXX XXX XXXXX XXX.","id":6772484854},"bsp":{"isoCountryCode":"CH","name":"SWIT","id":6772}},{"agent":{"iataCode":"8148007","address":"AckXXXXXXXXX 99","city":"Zurich","name":"AsiXX XXXX XXXXXXX XXXX","id":67728148007,"status":"Active"},"ticketingAuthority":true,"airline":{"iataCode":"006","abrev":"DL","name":"DelXX XXX XXXXX XXX.","id":6772484854},"bsp":{"isoCountryCode":"CH","name":"SWIT","id":6772}},{"agent":{"iataCode":"8148008","address":"ROUXX XX X'XXXXXXXX 99","city":"Geneva","name":"AIRXXXX XXXXXXXX XXXXXXXXXXX X","id":67728148008,"status":"Active"},"ticketingAuthority":true,"airline":{"iataCode":"006","abrev":"DL","name":"DelXX XXX XXXXX XXX.","id":6772484854},"bsp":{"isoCountryCode":"CH","name":"SWIT","id":6772}},{"agent":{"iataCode":"8148010","address":"16, XXX XX XXXX-XXXXX","city":"Geneva","name":"PAUX XXXXX X.X.","id":67728148010,"status":"Active"},"ticketingAuthority":true,"airline":{"iataCode":"006","abrev":"DL","name":"DelXX XXX XXXXX XXX.","id":6772484854},"bsp":{"isoCountryCode":"CH","name":"SWIT","id":6772}},{"agent":{"iataCode":"8148020","address":"OFFXXX XXXX X9 X.X. XXX 999","city":"Zurich","name":"TRIXXXX XXXXXXXX XXX","id":67728148020,"status":"Active"},"ticketingAuthority":true,"airline":{"iataCode":"006","abrev":"DL","name":"DelXX XXX XXXXX XXX.","id":6772484854},"bsp":{"isoCountryCode":"CH","name":"SWIT","id":6772}},{"agent":{"iataCode":"8148023","address":"FLUXXXXXXXXXXX 99","city":"Glattbrugg","name":"AIRXXXX XXXXXXXX XXXXXXXXXXX X","id":67728148023,"status":"Active"},"ticketingAuthority":true,"airline":{"iataCode":"006","abrev":"DL","name":"DelXX XXX XXXXX XXX.","id":6772484854},"bsp":{"isoCountryCode":"CH","name":"SWIT","id":6772}},{"agent":{"iataCode":"8148030","address":"INDXXXXXX XXXX 9","city":"Merenschwand","name":"EURXX XX XXXXXXX","id":67728148030,"status":"Active"},"ticketingAuthority":true,"airline":{"iataCode":"006","abrev":"DL","name":"DelXX XXX XXXXX XXX.","id":6772484854},"bsp":{"isoCountryCode":"CH","name":"SWIT","id":6772}},{"agent":{"iataCode":"8148031","address":"P.O. XXX 999","city":"ZURICH","name":"AIRXXXXXX XXX","id":67728148031,"status":"Active"},"ticketingAuthority":true,"airline":{"iataCode":"006","abrev":"DL","name":"DelXX XXX XXXXX XXX.","id":6772484854},"bsp":{"isoCountryCode":"CH","name":"SWIT","id":6772}},{"agent":{"iataCode":"8148039","address":"CARXX XXXX 9/X99 X.X. XXX 9999","city":"Geneva","name":"SKY XXXX XXXXXXXX XXXXXXX XX","id":67728148039,"status":"Active"},"ticketingAuthority":true,"airline":{"iataCode":"006","abrev":"DL","name":"DelXX XXX XXXXX XXX.","id":6772484854},"bsp":{"isoCountryCode":"CH","name":"SWIT","id":6772}},{"agent":{"iataCode":"8148040","address":"BADXXXXXXXXXXX 99","city":"Zurich","name":"AVIXXXXX","id":67728148040,"status":"Active"},"ticketingAuthority":true,"airline":{"iataCode":"006","abrev":"DL","name":"DelXX XXX XXXXX XXX.","id":6772484854},"bsp":{"isoCountryCode":"CH","name":"SWIT","id":6772}},{"agent":{"iataCode":"8148043","address":"LOEXXXXXXXXXX 99","city":"Zurich","name":"KOVXX","id":67728148043,"status":"Active"},"ticketingAuthority":true,"airline":{"iataCode":"006","abrev":"DL","name":"DelXX XXX XXXXX XXX.","id":6772484854},"bsp":{"isoCountryCode":"CH","name":"SWIT","id":6772}},{"agent":{"iataCode":"8148048","address":"FRAXXX-XXXXXXXX 9/999","city":"Zurich","name":"IBEXXX, XXXXXX XXXXXX XX","id":67728148048,"status":"Active"},"ticketingAuthority":true,"airline":{"iataCode":"006","abrev":"DL","name":"DelXX XXX XXXXX XXX.","id":6772484854},"bsp":{"isoCountryCode":"CH","name":"SWIT","id":6772}},{"agent":{"iataCode":"8148049","address":"FLOXXXXXXXXX 99","city":"Zurich","name":"ARKXX XXXXXX XX","id":67728148049,"status":"Active"},"ticketingAuthority":true,"airline":{"iataCode":"006","abrev":"DL","name":"DelXX XXX XXXXX XXX.","id":6772484854},"bsp":{"isoCountryCode":"CH","name":"SWIT","id":6772}},{"agent":{"iataCode":"8148051","address":"23 XXX XX XXXXXXXXXXXX","city":"Geneva","name":"TOP XXX XXXXXX","id":67728148051,"status":"Active"},"ticketingAuthority":true,"airline":{"iataCode":"006","abrev":"DL","name":"DelXX XXX XXXXX XXX.","id":6772484854},"bsp":{"isoCountryCode":"CH","name":"SWIT","id":6772}},{"agent":{"iataCode":"8148053","address":"GENXXX XXXXXXXXXXXX XXXXXXX","city":"Geneva","name":"A.T.X. XXXXXXX XXX","id":67728148053,"status":"Active"},"ticketingAuthority":true,"airline":{"iataCode":"006","abrev":"DL","name":"DelXX XXX XXXXX XXX.","id":6772484854},"bsp":{"isoCountryCode":"CH","name":"SWIT","id":6772}},{"agent":{"iataCode":"8148054","address":"OFFXXX XXXXXXXX XXXXX X.X.XXX","city":"Zurich","name":"KALXX XXXXXXX XXXXXXXX","id":67728148054,"status":"Active"},"ticketingAuthority":true,"airline":{"iataCode":"006","abrev":"DL","name":"DelXX XXX XXXXX XXX.","id":6772484854},"bsp":{"isoCountryCode":"CH","name":"SWIT","id":6772}},{"agent":{"iataCode":"8148060","address":"12 XXX XX XXXXXXXXXXXX","city":"Geneva","name":"SYSXXX XXXXXX X.X.","id":67728148060,"status":"Active"},"ticketingAuthority":true,"airline":{"iataCode":"006","abrev":"DL","name":"DelXX XXX XXXXX XXX.","id":6772484854},"bsp":{"isoCountryCode":"CH","name":"SWIT","id":6772}},{"agent":{"iataCode":"8148061","address":"GENXXX XXXXXXXXXXXXX XXXXXXX","city":"Geneva","name":"ATI- XXXXXXX &","id":67728148061,"status":"Active"},"ticketingAuthority":true,"airline":{"iataCode":"006","abrev":"DL","name":"DelXX XXX XXXXX XXX.","id":6772484854},"bsp":{"isoCountryCode":"CH","name":"SWIT","id":6772}},{"agent":{"iataCode":"8148067","address":"NADXXXXXXXXXXX 99","city":"Zurich","name":"AVIXXXXX XXXXXXX","id":67728148067,"status":"Active"},"ticketingAuthority":true,"airline":{"iataCode":"006","abrev":"DL","name":"DelXX XXX XXXXX XXX.","id":6772484854},"bsp":{"isoCountryCode":"CH","name":"SWIT","id":6772}},{"agent":{"iataCode":"8148069","address":"BADXXXXXXXXXXX 99","city":"Zurich","name":"PW","id":67728148069,"status":"Active"},"ticketingAuthority":true,"airline":{"iataCode":"006","abrev":"DL","name":"DelXX XXX XXXXX XXX.","id":6772484854},"bsp":{"isoCountryCode":"CH","name":"SWIT","id":6772}},{"agent":{"iataCode":"8148071","address":"SCHXXXXXXXXXXXXXXXX 999","city":"Kloten","name":"APG XXXXXXXXXXX XXXX","id":67728148071,"status":"Active"},"ticketingAuthority":true,"airline":{"iataCode":"006","abrev":"DL","name":"DelXX XXX XXXXX XXX.","id":6772484854},"bsp":{"isoCountryCode":"CH","name":"SWIT","id":6772}},{"agent":{"iataCode":"8148072","address":"AERXXXXX 9XXX XXXX XXXXXXX 999","city":"Geneva","name":"SWIXXXXXX","id":67728148072,"status":"Active"},"ticketingAuthority":true,"airline":{"iataCode":"006","abrev":"DL","name":"DelXX XXX XXXXX XXX.","id":6772484854},"bsp":{"isoCountryCode":"CH","name":"SWIT","id":6772}},{"agent":{"iataCode":"8148074","address":"BADXXXXXXXXXXX 99","city":"Zurich","name":"AVIXXXXX XXXXXXXXXXX","id":67728148074,"status":"Active"},"ticketingAuthority":true,"airline":{"iataCode":"006","abrev":"DL","name":"DelXX XXX XXXXX XXX.","id":6772484854},"bsp":{"isoCountryCode":"CH","name":"SWIT","id":6772}},{"agent":{"iataCode":"8148075","address":"BREXXXXXXXXXXXXXX 99","city":"Merenschwand","name":"DISXXXXX XXX XXXXX XXXXXXXXX","id":67728148075,"status":"Active"},"ticketingAuthority":true,"airline":{"iataCode":"006","abrev":"DL","name":"DelXX XXX XXXXX XXX.","id":6772484854},"bsp":{"isoCountryCode":"CH","name":"SWIT","id":6772}},{"agent":{"iataCode":"8148077","address":"BADXXXXXXXXXXX 99","city":"Zurich","name":"AIRXXXXXXXXXX XXXXXXX XXXX XXX","id":67728148077,"status":"Active"},"ticketingAuthority":true,"airline":{"iataCode":"006","abrev":"DL","name":"DelXX XXX XXXXX XXX.","id":6772484854},"bsp":{"isoCountryCode":"CH","name":"SWIT","id":6772}},{"agent":{"iataCode":"8148078","address":"ZURXXX XXXXXXX","city":"Zurich","name":"CGS","id":67728148078,"status":"Active"},"ticketingAuthority":true,"airline":{"iataCode":"006","abrev":"DL","name":"DelXX XXX XXXXX XXX.","id":6772484854},"bsp":{"isoCountryCode":"CH","name":"SWIT","id":6772}},{"agent":{"iataCode":"8148133","address":"CENXXXXXXXXXXXXXXX 9","city":"Basel","name":"RECX-XXXXXXX XXXX XXX","id":67728148133,"status":"Active"},"ticketingAuthority":true,"airline":{"iataCode":"006","abrev":"DL","name":"DelXX XXX XXXXX XXX.","id":6772484854},"bsp":{"isoCountryCode":"CH","name":"SWIT","id":6772}},{"agent":{"iataCode":"8148236","address":"SeeXXXXXXX 99","city":"Kilchberg","name":"DisXXXXX XXX XXXXX XXXX","id":67728148236,"status":"Active"},"ticketingAuthority":true,"airline":{"iataCode":"006","abrev":"DL","name":"DelXX XXX XXXXX XXX.","id":6772484854},"bsp":{"isoCountryCode":"CH","name":"SWIT","id":6772}},{"agent":{"iataCode":"8148241","address":"FREXXXX XXXX X99 X.X.XXX 9999","city":"Geneva","name":"RTW XXX XXXXXXXX XX","id":67728148241,"status":"Active"},"ticketingAuthority":true,"airline":{"iataCode":"006","abrev":"DL","name":"DelXX XXX XXXXX XXX.","id":6772484854},"bsp":{"isoCountryCode":"CH","name":"SWIT","id":6772}},{"agent":{"iataCode":"8148345","address":"OBEXXXXXX 9","city":"Oberwil","name":"ATC XXXXXXXX XXXXXXXX XXX","id":67728148345,"status":"Active"},"ticketingAuthority":true,"airline":{"iataCode":"006","abrev":"DL","name":"DelXX XXX XXXXX XXX.","id":6772484854},"bsp":{"isoCountryCode":"CH","name":"SWIT","id":6772}},{"agent":{"iataCode":"8148840","address":"CARXX XXXXXXXX 9/XX9 X.X. XXX","city":"Geneva","name":"ATC XXXXXXXX XXXXXXXX XXX","id":67728148840,"status":"Active"},"ticketingAuthority":true,"airline":{"iataCode":"006","abrev":"DL","name":"DelXX XXX XXXXX XXX.","id":6772484854},"bsp":{"isoCountryCode":"CH","name":"SWIT","id":6772}},{"agent":{"iataCode":"8149077","address":"TERXXXXX 9 X.X.XXX XXXXXX","city":"Zurich","name":"SWIXXXXXX XXXXXX XX","id":67728149077,"status":"Active"},"ticketingAuthority":true,"airline":{"iataCode":"006","abrev":"DL","name":"DelXX XXX XXXXX XXX.","id":6772484854},"bsp":{"isoCountryCode":"CH","name":"SWIT","id":6772}},{"agent":{"iataCode":"8149079","address":"P.O.XXX","city":"Basel","name":"SWIXX XXXXX XXXXX","id":67728149079,"status":"Active"},"ticketingAuthority":true,"airline":{"iataCode":"006","abrev":"DL","name":"DelXX XXX XXXXX XXX.","id":6772484854},"bsp":{"isoCountryCode":"CH","name":"SWIT","id":6772}},{"agent":{"iataCode":"8149116","address":"INDXXXXXX XXXX 9","city":"Merenschwand","name":"DISXXXXX XXX XXXXX XXXXXXXXX","id":67728149116,"status":"Active"},"ticketingAuthority":true,"airline":{"iataCode":"006","abrev":"DL","name":"DelXX XXX XXXXX XXX.","id":6772484854},"bsp":{"isoCountryCode":"CH","name":"SWIT","id":6772}},{"agent":{"iataCode":"8149119","address":"GENXXX XXXXXXXXXXXXX XXXXXXX","city":"Geneva","name":"DNAXX XXXXXXXXXXX XX","id":67728149119,"status":"Active"},"ticketingAuthority":true,"airline":{"iataCode":"006","abrev":"DL","name":"DelXX XXX XXXXX XXX.","id":6772484854},"bsp":{"isoCountryCode":"CH","name":"SWIT","id":6772}},{"agent":{"iataCode":"8149120","address":"GROXXX XXXXXXXX XXXXX XXXXXX","city":"Zurich","name":"CUSXXXXX XXXXXX XXXXXXXX","id":67728149120,"status":"Active"},"ticketingAuthority":true,"airline":{"iataCode":"006","abrev":"DL","name":"DelXX XXX XXXXX XXX.","id":6772484854},"bsp":{"isoCountryCode":"CH","name":"SWIT","id":6772}},{"agent":{"iataCode":"8149122","address":"GENXXX XXXXXXX","city":"Geneva","name":"CGS","id":67728149122,"status":"Active"},"ticketingAuthority":true,"airline":{"iataCode":"006","abrev":"DL","name":"DelXX XXX XXXXX XXX.","id":6772484854},"bsp":{"isoCountryCode":"CH","name":"SWIT","id":6772}},{"agent":{"iataCode":"8149125","address":"CENXXXX XXXXXXXX X.X. XXX 999","city":"Kloten","name":"DNAXX XXXXXXXXXXX XXX","id":67728149125,"status":"Active"},"ticketingAuthority":true,"airline":{"iataCode":"006","abrev":"DL","name":"DelXX XXX XXXXX XXX.","id":6772484854},"bsp":{"isoCountryCode":"CH","name":"SWIT","id":6772}},{"agent":{"iataCode":"8149126","address":"FLUXXXXXXXXXXX 99","city":"Glattbrugg","name":"SWIXXXXXX XXXXXXXXXXXXX XXX","id":67728149126,"status":"Active"},"ticketingAuthority":true,"airline":{"iataCode":"006","abrev":"DL","name":"DelXX XXX XXXXX XXX.","id":6772484854},"bsp":{"isoCountryCode":"CH","name":"SWIT","id":6772}},{"agent":{"iataCode":"8149130","address":"ZURXXX XXXXXXX","city":"Zurich","name":"SWIXXXXXX XXXXXXXXXXXXX XXX","id":67728149130,"status":"Active"},"ticketingAuthority":true,"airline":{"iataCode":"006","abrev":"DL","name":"DelXX XXX XXXXX XXX.","id":6772484854},"bsp":{"isoCountryCode":"CH","name":"SWIT","id":6772}},{"agent":{"iataCode":"8149131","address":"ZURXXX-XXXXXXX XX XXX 99","city":"Zurich","name":"CGS XXXXXXXX XXXXXX XXXXXXX XX","id":67728149131,"status":"Active"},"ticketingAuthority":true,"airline":{"iataCode":"006","abrev":"DL","name":"DelXX XXX XXXXX XXX.","id":6772484854},"bsp":{"isoCountryCode":"CH","name":"SWIT","id":6772}},{"agent":{"iataCode":"8149462","address":"BOX 9999 XXXXXX XXXXXXX XXXX.","city":"Zurich","name":"JET XXXXXXXX XXXXXXXX XXX","id":67728149462,"status":"Active"},"ticketingAuthority":true,"airline":{"iataCode":"006","abrev":"DL","name":"DelXX XXX XXXXX XXX.","id":6772484854},"bsp":{"isoCountryCode":"CH","name":"SWIT","id":6772}},{"agent":{"iataCode":"8812077","address":"WWW.XXXXXXXXXXXXX.XXX","city":"BERN","name":"ALTXXXX XXXXXX XX.X.X.","id":67728812077,"status":"Non Active"},"ticketingAuthority":true,"airline":{"iataCode":"006","abrev":"DL","name":"DelXX XXX XXXXX XXX.","id":6772484854},"bsp":{"isoCountryCode":"CH","name":"SWIT","id":6772}}]

04-10-2024T15:57:27 - [MESSAGE][INFO] - [{"agent":{"iataCode":"2830001","address":"ADD","city":"ADD","name":"NAME","id":67722830001,"status":"Active"},"ticketingAuthority":true,"airline":{"iataCode":"006","abrev":"DL","name":"DelXX XXX XXXXX XXX.","id":6772484854},"bsp":{"isoCountryCode":"CH","name":"SWIT","id":6772}},{"agent":{"iataCode":"4620986","address":"LANXXXXXXXX","city":"Vaduz","name":"JOJX XXXXXX","id":67724620986,"status":"Active"},"ticketingAuthority":true,"airline":{"iataCode":"006","abrev":"DL","name":"DelXX XXX XXXXX XXX.","id":6772484854},"bsp":{"isoCountryCode":"CH","name":"SWIT","id":6772}},{"agent":{"iataCode":"7777772","address":"SDFSF","city":"SDDSF","name":"SDSAD","id":67727777772,"status":"Active"},"ticketingAuthority":true,"airline":{"iataCode":"006","abrev":"DL","name":"DelXX XXX XXXXX XXX.","id":6772484854},"bsp":{"isoCountryCode":"CH","name":"SWIT","id":6772}},{"agent":{"iataCode":"7777773","address":"SDSAD","city":"SDSD","name":"SASAD","id":67727777773,"status":"Active"},"ticketingAuthority":true,"airline":{"iataCode":"006","abrev":"DL","name":"DelXX XXX XXXXX XXX.","id":6772484854},"bsp":{"isoCountryCode":"CH","name":"SWIT","id":6772}},{"agent":{"iataCode":"7777774","address":"SDFSF","city":"SDFDSFS","name":"SDFDSFDSF","id":67727777774,"status":"Active"},"ticketingAuthority":true,"airline":{"iataCode":"006","abrev":"DL","name":"DelXX XXX XXXXX XXX.","id":6772484854},"bsp":{"isoCountryCode":"CH","name":"SWIT","id":6772}},{"agent":{"iataCode":"7777775","address":"SDFDS","city":"SDFDSF","name":"DSFDSFD","id":67727777775,"status":"Active"},"ticketingAuthority":true,"airline":{"iataCode":"006","abrev":"DL","name":"DelXX XXX XXXXX XXX.","id":6772484854},"bsp":{"isoCountryCode":"CH","name":"SWIT","id":6772}},{"agent":{"iataCode":"8120000","address":"","city":"GENEVA","name":"BSP XXXXXXXXXXX XXXX","id":67728120000,"status":"Non Active"},"ticketingAuthority":true,"airline":{"iataCode":"006","abrev":"DL","name":"DelXX XXX XXXXX XXX.","id":6772484854},"bsp":{"isoCountryCode":"CH","name":"SWIT","id":6772}},{"agent":{"iataCode":"8120002","address":"BleXXXXXXXX 99","city":"Zurich","name":"AGRXX XXXXXX","id":67728120002,"status":"Active"},"ticketingAuthority":true,"airline":{"iataCode":"006","abrev":"DL","name":"DelXX XXX XXXXX XXX.","id":6772484854},"bsp":{"isoCountryCode":"CH","name":"SWIT","id":6772}},{"agent":{"iataCode":"8120004","address":"TUNXXX 99","city":"Lausanne","name":"MICXXXXXXX","id":67728120004,"status":"Active"},"ticketingAuthority":true,"airline":{"iataCode":"006","abrev":"DL","name":"DelXX XXX XXXXX XXX.","id":6772484854},"bsp":{"isoCountryCode":"CH","name":"SWIT","id":6772}},{"agent":{"iataCode":"8120012","address":"VIA XX XXXXX 9","city":"LUGANO","name":"ATG XXXXXXXXXXX","id":67728120012,"status":"Active"},"ticketingAuthority":true,"airline":{"iataCode":"006","abrev":"DL","name":"DelXX XXX XXXXX XXX.","id":6772484854},"bsp":{"isoCountryCode":"CH","name":"SWIT","id":6772}},{"agent":{"iataCode":"8120013","address":"QUAX XX XXXXXX 99","city":"GENEVA","name":"DELXX XXXXXXX","id":67728120013,"status":"Active"},"ticketingAuthority":true,"airline":{"iataCode":"006","abrev":"DL","name":"DelXX XXX XXXXX XXX.","id":6772484854},"bsp":{"isoCountryCode":"CH","name":"SWIT","id":6772}},{"agent":{"iataCode":"8120017","address":"NEUX XXXX 9","city":"Zurich","name":"MICXXXXXXX","id":67728120017,"status":"Active"},"ticketingAuthority":true,"airline":{"iataCode":"006","abrev":"DL","name":"DelXX XXX XXXXX XXX.","id":6772484854},"bsp":{"isoCountryCode":"CH","name":"SWIT","id":6772}},{"agent":{"iataCode":"8120019","address":"NEUX XXXX 9","city":"Zurich","name":"KUOXX XXXXXX","id":67728120019,"status":"Active"},"ticketingAuthority":true,"airline":{"iataCode":"006","abrev":"DL","name":"DelXX XXX XXXXX XXX.","id":6772484854},"bsp":{"isoCountryCode":"CH","name":"SWIT","id":6772}},{"agent":{"iataCode":"8120022","address":"QUAXXXXXXXXXX 99","city":"Chur","name":"REIXXXXXXX XXXXXXXXX XX XXXX","id":67728120022,"status":"Active"},"ticketingAuthority":true,"airline":{"iataCode":"006","abrev":"DL","name":"DelXX XXX XXXXX XXX.","id":6772484854},"bsp":{"isoCountryCode":"CH","name":"SWIT","id":6772}},{"agent":{"iataCode":"8120023","address":"C/O XXXXX XXXXXXX 99, XXX XX","city":"GENEVA","name":"TUI XXXXXX XX XXXXXXX","id":67728120023,"status":"Active"},"ticketingAuthority":true,"airline":{"iataCode":"006","abrev":"DL","name":"DelXX XXX XXXXX XXX.","id":6772484854},"bsp":{"isoCountryCode":"CH","name":"SWIT","id":6772}},{"agent":{"iataCode":"8120024","address":"EUCXXXXXXXX XXXXXX XXXXX XX","city":"GENEVA","name":"RAPXXX XXX XXXXXX","id":67728120024,"status":"Active"},"ticketingAuthority":true,"airline":{"iataCode":"006","abrev":"DL","name":"DelXX XXX XXXXX XXX.","id":6772484854},"bsp":{"isoCountryCode":"CH","name":"SWIT","id":6772}},{"agent":{"iataCode":"8120025","address":"9 RXXXX XX XXXXX XXXXXX","city":"NYON","name":"CWT","id":67728120025,"status":"Active"},"ticketingAuthority":true,"airline":{"iataCode":"006","abrev":"DL","name":"DelXX XXX XXXXX XXX.","id":6772484854},"bsp":{"isoCountryCode":"CH","name":"SWIT","id":6772}},{"agent":{"iataCode":"8120028","address":"FaeXXXXXXXXXXX 9","city":"Zurich","name":"COSX XXXXXX XXX","id":67728120028,"status":"Active"},"ticketingAuthority":true,"airline":{"iataCode":"006","abrev":"DL","name":"DelXX XXX XXXXX XXX.","id":6772484854},"bsp":{"isoCountryCode":"CH","name":"SWIT","id":6772}},{"agent":{"iataCode":"8120030","address":"JOSXXXXXXXXX 999","city":"Zurich","name":"CWT - XXXXXXXXXXXXXXXXXX X.X.","id":67728120030,"status":"Active"},"ticketingAuthority":true,"airline":{"iataCode":"006","abrev":"DL","name":"DelXX XXX XXXXX XXX.","id":6772484854},"bsp":{"isoCountryCode":"CH","name":"SWIT","id":6772}},{"agent":{"iataCode":"8120033","address":"ST XXXXXXXXXXXXX 99","city":"Gossau","name":"HELXXXXX XXXXXX XX","id":67728120033,"status":"Active"},"ticketingAuthority":true,"airline":{"iataCode":"006","abrev":"DL","name":"DelXX XXX XXXXX XXX.","id":6772484854},"bsp":{"isoCountryCode":"CH","name":"SWIT","id":6772}},{"agent":{"iataCode":"8120034","address":"FRIXXXXXXXXXXXXXXX 99","city":"Zurich","name":"SPEXXXX XXXXX","id":67728120034,"status":"Active"},"ticketingAuthority":true,"airline":{"iataCode":"006","abrev":"DL","name":"DelXX XXX XXXXX XXX.","id":6772484854},"bsp":{"isoCountryCode":"CH","name":"SWIT","id":6772}},{"agent":{"iataCode":"8120036","address":"BaeXXXXXXX 99","city":"Zurich","name":"GBT XXX XX","id":67728120036,"status":"Active"},"ticketingAuthority":true,"airline":{"iataCode":"006","abrev":"DL","name":"DelXX XXX XXXXX XXX.","id":6772484854},"bsp":{"isoCountryCode":"CH","name":"SWIT","id":6772}},{"agent":{"iataCode":"8120042","address":"DORXXXXXXXX 99","city":"Langnau","name":"REIXXXXXXX XXXX XX","id":67728120042,"status":"Active"},"ticketingAuthority":true,"airline":{"iataCode":"006","abrev":"DL","name":"DelXX XXX XXXXX XXX.","id":6772484854},"bsp":{"isoCountryCode":"CH","name":"SWIT","id":6772}},{"agent":{"iataCode":"8120044","address":"CENXXXXXXXXXXX 9X","city":"Sursee","name":"KUOXX XXXXXX","id":67728120044,"status":"Active"},"ticketingAuthority":true,"airline":{"iataCode":"006","abrev":"DL","name":"DelXX XXX XXXXX XXX.","id":6772484854},"bsp":{"isoCountryCode":"CH","name":"SWIT","id":6772}},{"agent":{"iataCode":"8120046","address":"BADXXXXXXXXXXX 99/XXXXXXXX","city":"WEININGEN","name":"KAIXXX XXXXXX XX","id":67728120046,"status":"Active"},"ticketingAuthority":true,"airline":{"iataCode":"006","abrev":"DL","name":"DelXX XXX XXXXX XXX.","id":6772484854},"bsp":{"isoCountryCode":"CH","name":"SWIT","id":6772}},{"agent":{"iataCode":"8120047","address":"PLAXX XXXXXXXXX 99","city":"Lausanne","name":"VOYXXXX XXX XXXX","id":67728120047,"status":"Active"},"ticketingAuthority":true,"airline":{"iataCode":"006","abrev":"DL","name":"DelXX XXX XXXXX XXX.","id":6772484854},"bsp":{"isoCountryCode":"CH","name":"SWIT","id":6772}},{"agent":{"iataCode":"8120054","address":"GRAXXX XXXXX 9","city":"Vevey","name":"VOYXXXX XXX XXXX","id":67728120054,"status":"Active"},"ticketingAuthority":true,"airline":{"iataCode":"006","abrev":"DL","name":"DelXX XXX XXXXX XXX.","id":6772484854},"bsp":{"isoCountryCode":"CH","name":"SWIT","id":6772}},{"agent":{"iataCode":"8120060","address":"BAHXXXXXXXXXXX 99","city":"Dubendorf","name":"PASXXXX XXXXXX XX XXXXXXXXXX","id":67728120060,"status":"Active"},"ticketingAuthority":true,"airline":{"iataCode":"006","abrev":"DL","name":"DelXX XXX XXXXX XXX.","id":6772484854},"bsp":{"isoCountryCode":"CH","name":"SWIT","id":6772}},{"agent":{"iataCode":"8120065","address":"AVEXXX XX XX XXXX 9","city":"Sierre","name":"LATXXXX XXXXXXX XX XXXXXXXXXX","id":67728120065,"status":"Active"},"ticketingAuthority":true,"airline":{"iataCode":"006","abrev":"DL","name":"DelXX XXX XXXXX XXX.","id":6772484854},"bsp":{"isoCountryCode":"CH","name":"SWIT","id":6772}},{"agent":{"iataCode":"8120066","address":"SEEXXXXXXX 9","city":"Spiez","name":"REIXXXXXXX XXX XX","id":67728120066,"status":"Active"},"ticketingAuthority":true,"airline":{"iataCode":"006","abrev":"DL","name":"DelXX XXX XXXXX XXX.","id":6772484854},"bsp":{"isoCountryCode":"CH","name":"SWIT","id":6772}},{"agent":{"iataCode":"8120071","address":"BAEXXXXXXXXXXX 99","city":"Langenthal","name":"REIXXXXXXX XXXXXX XX","id":67728120071,"status":"Active"},"ticketingAuthority":true,"airline":{"iataCode":"006","abrev":"DL","name":"DelXX XXX XXXXX XXX.","id":6772484854},"bsp":{"isoCountryCode":"CH","name":"SWIT","id":6772}},{"agent":{"iataCode":"8120074","address":"22 XXXXXX XX. XXXXXXX","city":"GENEVA","name":"I.C.X. XXXXXXXXX & XXXXXXXXXX","id":67728120074,"status":"Active"},"ticketingAuthority":true,"airline":{"iataCode":"006","abrev":"DL","name":"DelXX XXX XXXXX XXX.","id":6772484854},"bsp":{"isoCountryCode":"CH","name":"SWIT","id":6772}},{"agent":{"iataCode":"8120075","address":"ZINXXXXXXXXXXXXXX 9","city":"Lucerne","name":"BAUXXXXX XXXXXX XX","id":67728120075,"status":"Active"},"ticketingAuthority":true,"airline":{"iataCode":"006","abrev":"DL","name":"DelXX XXX XXXXX XXX.","id":6772484854},"bsp":{"isoCountryCode":"CH","name":"SWIT","id":6772}},{"agent":{"iataCode":"8120087","address":"STAXXXXXXXXXXXXXXX 99","city":"Zurich","name":"STA XXXXXX XX","id":67728120087,"status":"Active"},"ticketingAuthority":true,"airline":{"iataCode":"006","abrev":"DL","name":"DelXX XXX XXXXX XXX.","id":6772484854},"bsp":{"isoCountryCode":"CH","name":"SWIT","id":6772}},{"agent":{"iataCode":"8120089","address":"HOHXXXXXXXX 999","city":"Zurich","name":"CryXXXX XXXXXX XX","id":67728120089,"status":"Active"},"ticketingAuthority":true,"airline":{"iataCode":"006","abrev":"DL","name":"DelXX XXX XXXXX XXX.","id":6772484854},"bsp":{"isoCountryCode":"CH","name":"SWIT","id":6772}},{"agent":{"iataCode":"8120091","address":"JOSXXXXXXXXX, 999","city":"Zurich","name":"CWT - XXXXXXXXXXXXXXXXXX X.X.","id":67728120091,"status":"Active"},"ticketingAuthority":true,"airline":{"iataCode":"006","abrev":"DL","name":"DelXX XXX XXXXX XXX.","id":6772484854},"bsp":{"isoCountryCode":"CH","name":"SWIT","id":6772}},{"agent":{"iataCode":"8120092","address":"STAXXXXXXXXX 99","city":"Winterthur","name":"KNEXXX XXXXXX XX","id":67728120092,"status":"Active"},"ticketingAuthority":true,"airline":{"iataCode":"006","abrev":"DL","name":"DelXX XXX XXXXX XXX.","id":6772484854},"bsp":{"isoCountryCode":"CH","name":"SWIT","id":6772}},{"agent":{"iataCode":"8120093","address":"NEUXXXXX 9","city":"Zug","name":"CWT - XXXXXXXXXXXXXXXXXX X.X.","id":67728120093,"status":"Active"},"ticketingAuthority":true,"airline":{"iataCode":"006","abrev":"DL","name":"DelXX XXX XXXXX XXX.","id":6772484854},"bsp":{"isoCountryCode":"CH","name":"SWIT","id":6772}},{"agent":{"iataCode":"8120095","address":"THUXXXXXXXXXXXXX 99","city":"Zurich","name":"BCD XXXXXX XXXXXX XX","id":67728120095,"status":"Active"},"ticketingAuthority":true,"airline":{"iataCode":"006","abrev":"DL","name":"DelXX XXX XXXXX XXX.","id":6772484854},"bsp":{"isoCountryCode":"CH","name":"SWIT","id":6772}},{"agent":{"iataCode":"8120096","address":"SEEXXXXXXX, 99","city":"Kilchberg","name":"REIXXXXXXX XXXXX XXXX XX","id":67728120096,"status":"Active"},"ticketingAuthority":true,"airline":{"iataCode":"006","abrev":"DL","name":"DelXX XXX XXXXX XXX.","id":6772484854},"bsp":{"isoCountryCode":"CH","name":"SWIT","id":6772}},{"agent":{"iataCode":"8120097","address":"SCHXXXXXXXXXXXXXXXX 999","city":"Kloten","name":"ROYXX XXXXXX","id":67728120097,"status":"Active"},"ticketingAuthority":true,"airline":{"iataCode":"006","abrev":"DL","name":"DelXX XXX XXXXX XXX.","id":6772484854},"bsp":{"isoCountryCode":"CH","name":"SWIT","id":6772}},{"agent":{"iataCode":"8120099","address":"BAHXXXXXXXXXXX 99","city":"Utzenstorf","name":"REIXXXXXXX XXXX","id":67728120099,"status":"Active"},"ticketingAuthority":true,"airline":{"iataCode":"006","abrev":"DL","name":"DelXX XXX XXXXX XXX.","id":6772484854},"bsp":{"isoCountryCode":"CH","name":"SWIT","id":6772}},{"agent":{"iataCode":"8120101","address":"UNTXXX XXXXXXXXXXXXXX 9","city":"Wil","name":"RewX XXXXXX","id":67728120101,"status":"Active"},"ticketingAuthority":true,"airline":{"iataCode":"006","abrev":"DL","name":"DelXX XXX XXXXX XXX.","id":6772484854},"bsp":{"isoCountryCode":"CH","name":"SWIT","id":6772}},{"agent":{"iataCode":"8120104","address":"RUE XX XX XXXX 9","city":"Lausanne","name":"L'AXXXXXX XX XXXXXX","id":67728120104,"status":"Active"},"ticketingAuthority":true,"airline":{"iataCode":"006","abrev":"DL","name":"DelXX XXX XXXXX XXX.","id":6772484854},"bsp":{"isoCountryCode":"CH","name":"SWIT","id":6772}},{"agent":{"iataCode":"8120109","address":"SCHXXXXXXXXXXXXXX 9","city":"WINDISCH","name":"KNEXXX XXXXXX XX","id":67728120109,"status":"Active"},"ticketingAuthority":true,"airline":{"iataCode":"006","abrev":"DL","name":"DelXX XXX XXXXX XXX.","id":6772484854},"bsp":{"isoCountryCode":"CH","name":"SWIT","id":6772}},{"agent":{"iataCode":"8120110","address":"HAUXXXXXXXXX 99","city":"Frick","name":"KNEXXX XXXXXX XX","id":67728120110,"status":"Active"},"ticketingAuthority":true,"airline":{"iataCode":"006","abrev":"DL","name":"DelXX XXX XXXXX XXX.","id":6772484854},"bsp":{"isoCountryCode":"CH","name":"SWIT","id":6772}},{"agent":{"iataCode":"8120115","address":"ZENXXXX XXXXX XXXXXXXXXXXXXX 9","city":"Wohlen","name":"KNEXXX XXXXXX XX","id":67728120115,"status":"Active"},"ticketingAuthority":true,"airline":{"iataCode":"006","abrev":"DL","name":"DelXX XXX XXXXX XXX.","id":6772484854},"bsp":{"isoCountryCode":"CH","name":"SWIT","id":6772}},{"agent":{"iataCode":"8120120","address":"MUEXX XXXXX XXXXXXXXXXXXXX 9","city":"Lenzburg","name":"KNEXXX XXXXXX XX","id":67728120120,"status":"Active"},"ticketingAuthority":true,"airline":{"iataCode":"006","abrev":"DL","name":"DelXX XXX XXXXX XXX.","id":6772484854},"bsp":{"isoCountryCode":"CH","name":"SWIT","id":6772}},{"agent":{"iataCode":"8120122","address":"KIRXXXXXXX 9","city":"Aarau","name":"NOVX XXXXX XX","id":67728120122,"status":"Active"},"ticketingAuthority":true,"airline":{"iataCode":"006","abrev":"DL","name":"DelXX XXX XXXXX XXX.","id":6772484854},"bsp":{"isoCountryCode":"CH","name":"SWIT","id":6772}},{"agent":{"iataCode":"8120123","address":"BAHXXXXXXXXXXX 99","city":"Mels","name":"ZENXXXX XXXXXX","id":67728120123,"status":"Active"},"ticketingAuthority":true,"airline":{"iataCode":"006","abrev":"DL","name":"DelXX XXX XXXXX XXX.","id":6772484854},"bsp":{"isoCountryCode":"CH","name":"SWIT","id":6772}},{"agent":{"iataCode":"8120124","address":"100, XXXXX XXX","city":"Montreux","name":"TUI XXXXXX XX XXXXXXX","id":67728120124,"status":"Active"},"ticketingAuthority":true,"airline":{"iataCode":"006","abrev":"DL","name":"DelXX XXX XXXXX XXX.","id":6772484854},"bsp":{"isoCountryCode":"CH","name":"SWIT","id":6772}},{"agent":{"iataCode":"8120126","address":"STAXXXX 99","city":"Solothurn","name":"KneXXX XXXXXX XXX XXXXXXXXXX X","id":67728120126,"status":"Active"},"ticketingAuthority":true,"airline":{"iataCode":"006","abrev":"DL","name":"DelXX XXX XXXXX XXX.","id":6772484854},"bsp":{"isoCountryCode":"CH","name":"SWIT","id":6772}},{"agent":{"iataCode":"8120132","address":"40, XX. X'XXXX","city":"GENEVA","name":"CLUX XXXXXXXXXXXX XXXXXX XX","id":67728120132,"status":"Active"},"ticketingAuthority":true,"airline":{"iataCode":"006","abrev":"DL","name":"DelXX XXX XXXXX XXX.","id":6772484854},"bsp":{"isoCountryCode":"CH","name":"SWIT","id":6772}},{"agent":{"iataCode":"8120135","address":"BADXXXXXXX 9","city":"Baden","name":"KUOXX XXXXXX","id":67728120135,"status":"Active"},"ticketingAuthority":true,"airline":{"iataCode":"006","abrev":"DL","name":"DelXX XXX XXXXX XXX.","id":6772484854},"bsp":{"isoCountryCode":"CH","name":"SWIT","id":6772}},{"agent":{"iataCode":"8120143","address":"SagXXXXXXXXXXX, 99","city":"Glattbrugg","name":"BTA XXXXX","id":67728120143,"status":"Active"},"ticketingAuthority":true,"airline":{"iataCode":"006","abrev":"DL","name":"DelXX XXX XXXXX XXX.","id":6772484854},"bsp":{"isoCountryCode":"CH","name":"SWIT","id":6772}},{"agent":{"iataCode":"8120146","address":"STEXXXXXXXXXX 99","city":"Basel","name":"NAYXX XXXXXX XX","id":67728120146,"status":"Active"},"ticketingAuthority":true,"airline":{"iataCode":"006","abrev":"DL","name":"DelXX XXX XXXXX XXX.","id":6772484854},"bsp":{"isoCountryCode":"CH","name":"SWIT","id":6772}},{"agent":{"iataCode":"8120147","address":"BAEXXXXXXXX 9-9","city":"Bern","name":"KUOXX XXXXXX","id":67728120147,"status":"Active"},"ticketingAuthority":true,"airline":{"iataCode":"006","abrev":"DL","name":"DelXX XXX XXXXX XXX.","id":6772484854},"bsp":{"isoCountryCode":"CH","name":"SWIT","id":6772}},{"agent":{"iataCode":"8120149","address":"RUE XX XX XXXXX 99","city":"Verbier","name":"VERXXXX XXXXX","id":67728120149,"status":"Active"},"ticketingAuthority":true,"airline":{"iataCode":"006","abrev":"DL","name":"DelXX XXX XXXXX XXX.","id":6772484854},"bsp":{"isoCountryCode":"CH","name":"SWIT","id":6772}},{"agent":{"iataCode":"8120151","address":"CONXXXXX XXX XXXXX, 99","city":"Agno","name":"GIRXXX XX","id":67728120151,"status":"Active"},"ticketingAuthority":true,"airline":{"iataCode":"006","abrev":"DL","name":"DelXX XXX XXXXX XXX.","id":6772484854},"bsp":{"isoCountryCode":"CH","name":"SWIT","id":6772}},{"agent":{"iataCode":"8120152","address":"RUE XXXXXXXXXX 9X","city":"Bulle","name":"AIR XXXXXXXX XX","id":67728120152,"status":"Active"},"ticketingAuthority":true,"airline":{"iataCode":"006","abrev":"DL","name":"DelXX XXX XXXXX XXX.","id":6772484854},"bsp":{"isoCountryCode":"CH","name":"SWIT","id":6772}},{"agent":{"iataCode":"8120155","address":"HIRXXXXXXXXXX 9","city":"Lyss","name":"REIXXXXXXX XXXXX XX","id":67728120155,"status":"Active"},"ticketingAuthority":true,"airline":{"iataCode":"006","abrev":"DL","name":"DelXX XXX XXXXX XXX.","id":6772484854},"bsp":{"isoCountryCode":"CH","name":"SWIT","id":6772}},{"agent":{"iataCode":"8120164","address":"BANXXXXXXXXXXXX 9","city":"Zurich","name":"REIXXXXXXX XXXXXXXX & XXXXXXX","id":67728120164,"status":"Active"},"ticketingAuthority":true,"airline":{"iataCode":"006","abrev":"DL","name":"DelXX XXX XXXXX XXX.","id":6772484854},"bsp":{"isoCountryCode":"CH","name":"SWIT","id":6772}},{"agent":{"iataCode":"8120169","address":"9 RXXXX XX XXXXX XXXXXX XX 999","city":"Nyon","name":"CWT - XXXXXXXXXXXXXXXXXX X.X.","id":67728120169,"status":"Active"},"ticketingAuthority":true,"airline":{"iataCode":"006","abrev":"DL","name":"DelXX XXX XXXXX XXX.","id":6772484854},"bsp":{"isoCountryCode":"CH","name":"SWIT","id":6772}},{"agent":{"iataCode":"8120171","address":"ALPXXXXXXXXX 99","city":"Lucerne","name":"BTA XXXXX","id":67728120171,"status":"Active"},"ticketingAuthority":true,"airline":{"iataCode":"006","abrev":"DL","name":"DelXX XXX XXXXX XXX.","id":6772484854},"bsp":{"isoCountryCode":"CH","name":"SWIT","id":6772}},{"agent":{"iataCode":"8120177","address":"KLEXXXXXXXXXXXXXXX 99 XX","city":"Hochdorf","name":"REIXXXXXXX XXXXXXX XX","id":67728120177,"status":"Active"},"ticketingAuthority":true,"airline":{"iataCode":"006","abrev":"DL","name":"DelXX XXX XXXXX XXX.","id":6772484854},"bsp":{"isoCountryCode":"CH","name":"SWIT","id":6772}},{"agent":{"iataCode":"8120180","address":"BAHXXXXXXXXXXX 99X XXXXXXXX","city":"Burgdorf","name":"NUSXXXXXXX XXXXXX XX","id":67728120180,"status":"Active"},"ticketingAuthority":true,"airline":{"iataCode":"006","abrev":"DL","name":"DelXX XXX XXXXX XXX.","id":6772484854},"bsp":{"isoCountryCode":"CH","name":"SWIT","id":6772}},{"agent":{"iataCode":"8120181","address":"CHEXXX XXXXX-XXXXXX 9","city":"Petit-Lancy","name":"AE XXXXXX XXXXXXXX XXXXXX","id":67728120181,"status":"Active"},"ticketingAuthority":true,"airline":{"iataCode":"006","abrev":"DL","name":"DelXX XXX XXXXX XXX.","id":6772484854},"bsp":{"isoCountryCode":"CH","name":"SWIT","id":6772}},{"agent":{"iataCode":"8120182","address":"OBEXXXXXXXXXXXX 99","city":"Herisau","name":"MUEXXXXXX XXXXXXXXX XX","id":67728120182,"status":"Active"},"ticketingAuthority":true,"airline":{"iataCode":"006","abrev":"DL","name":"DelXX XXX XXXXX XXX.","id":6772484854},"bsp":{"isoCountryCode":"CH","name":"SWIT","id":6772}},{"agent":{"iataCode":"8120184","address":"WILXXXXXXXXXX 9 XXXXXXX XX XXX","city":"Zurich","name":"REIXXXXXX XXXXXXXXXX XXXX","id":67728120184,"status":"Active"},"ticketingAuthority":true,"airline":{"iataCode":"006","abrev":"DL","name":"DelXX XXX XXXXX XXX.","id":6772484854},"bsp":{"isoCountryCode":"CH","name":"SWIT","id":6772}},{"agent":{"iataCode":"8120185","address":"SCHXXXXXXXXXXXXXX 9","city":"WINDISCH","name":"EURXXXX","id":67728120185,"status":"Active"},"ticketingAuthority":true,"airline":{"iataCode":"006","abrev":"DL","name":"DelXX XXX XXXXX XXX.","id":6772484854},"bsp":{"isoCountryCode":"CH","name":"SWIT","id":6772}},{"agent":{"iataCode":"8120188","address":"BAEXXXXXXX 99","city":"Zurich","name":"HRG XXXXXXXXXXX","id":67728120188,"status":"Active"},"ticketingAuthority":true,"airline":{"iataCode":"006","abrev":"DL","name":"DelXX XXX XXXXX XXX.","id":6772484854},"bsp":{"isoCountryCode":"CH","name":"SWIT","id":6772}},{"agent":{"iataCode":"8120194","address":"AVEXXX XXXXX-XXXXX 99","city":"GENEVA","name":"STOXXXX XXXXX - XXXXXXXX","id":67728120194,"status":"Active"},"ticketingAuthority":true,"airline":{"iataCode":"006","abrev":"DL","name":"DelXX XXX XXXXX XXX.","id":6772484854},"bsp":{"isoCountryCode":"CH","name":"SWIT","id":6772}},{"agent":{"iataCode":"8120195","address":"SENXXXXXXXXXXXX 99","city":"Steinhausen","name":"BTA XXXXX","id":67728120195,"status":"Active"},"ticketingAuthority":true,"airline":{"iataCode":"006","abrev":"DL","name":"DelXX XXX XXXXX XXX.","id":6772484854},"bsp":{"isoCountryCode":"CH","name":"SWIT","id":6772}},{"agent":{"iataCode":"8120196","address":"C/O XXX XXXX XXXXX XXXXXX XX","city":"Zurich","name":"HRG XXXXXXXXXXX","id":67728120196,"status":"Active"},"ticketingAuthority":true,"airline":{"iataCode":"006","abrev":"DL","name":"DelXX XXX XXXXX XXX.","id":6772484854},"bsp":{"isoCountryCode":"CH","name":"SWIT","id":6772}},{"agent":{"iataCode":"8120205","address":"NIKXXXX-XXXX-XXXXX/XXXXXXXXX 9","city":"Zofingen","name":"HAUXX XXXXXX XX","id":67728120205,"status":"Active"},"ticketingAuthority":true,"airline":{"iataCode":"006","abrev":"DL","name":"DelXX XXX XXXXX XXX.","id":6772484854},"bsp":{"isoCountryCode":"CH","name":"SWIT","id":6772}},{"agent":{"iataCode":"8120208","address":"BAHXXXXXXXXXXX 99","city":"Amriswil","name":"KNEXXX XXXXXX XX","id":67728120208,"status":"Active"},"ticketingAuthority":true,"airline":{"iataCode":"006","abrev":"DL","name":"DelXX XXX XXXXX XXX.","id":6772484854},"bsp":{"isoCountryCode":"CH","name":"SWIT","id":6772}},{"agent":{"iataCode":"8120209","address":"INDXXXXXXXXXXXXX XXXXXXXX 999","city":"Heerbrugg","name":"KUOXX XXXXXX","id":67728120209,"status":"Active"},"ticketingAuthority":true,"airline":{"iataCode":"006","abrev":"DL","name":"DelXX XXX XXXXX XXX.","id":6772484854},"bsp":{"isoCountryCode":"CH","name":"SWIT","id":6772}},{"agent":{"iataCode":"8120210","address":"17, XXXXX-XXX","city":"GENEVA","name":"ES XXXXXXX & XXXXXXXX XX","id":67728120210,"status":"Active"},"ticketingAuthority":true,"airline":{"iataCode":"006","abrev":"DL","name":"DelXX XXX XXXXX XXX.","id":6772484854},"bsp":{"isoCountryCode":"CH","name":"SWIT","id":6772}},{"agent":{"iataCode":"8120213","address":"C/O X XXXXXXXX-XX XXXXX XX","city":"Basel","name":"HRG XXXXXXXXXXX","id":67728120213,"status":"Active"},"ticketingAuthority":true,"airline":{"iataCode":"006","abrev":"DL","name":"DelXX XXX XXXXX XXX.","id":6772484854},"bsp":{"isoCountryCode":"CH","name":"SWIT","id":6772}},{"agent":{"iataCode":"8120218","address":"RUE XX XXXXX XXXXXXX XXXXX-XXX","city":"Sierre","name":"REYXXXX XXXXXXX","id":67728120218,"status":"Active"},"ticketingAuthority":true,"airline":{"iataCode":"006","abrev":"DL","name":"DelXX XXX XXXXX XXX.","id":6772484854},"bsp":{"isoCountryCode":"CH","name":"SWIT","id":6772}},{"agent":{"iataCode":"8120219","address":"FISXXXXXXX 99","city":"Liestal","name":"ROTXXXX XXXXXX XX","id":67728120219,"status":"Active"},"ticketingAuthority":true,"airline":{"iataCode":"006","abrev":"DL","name":"DelXX XXX XXXXX XXX.","id":6772484854},"bsp":{"isoCountryCode":"CH","name":"SWIT","id":6772}},{"agent":{"iataCode":"8120230","address":"GRAXX-XXX 99 X.X. 999","city":"Villeneuve","name":"INTXXXXXXXXX XXXXXXXXXX XX","id":67728120230,"status":"Active"},"ticketingAuthority":true,"airline":{"iataCode":"006","abrev":"DL","name":"DelXX XXX XXXXX XXX.","id":6772484854},"bsp":{"isoCountryCode":"CH","name":"SWIT","id":6772}},{"agent":{"iataCode":"8120233","address":"NEUXXXXX 99","city":"Bischofszell","name":"MAWX XXXXXX XX","id":67728120233,"status":"Active"},"ticketingAuthority":true,"airline":{"iataCode":"006","abrev":"DL","name":"DelXX XXX XXXXX XXX.","id":6772484854},"bsp":{"isoCountryCode":"CH","name":"SWIT","id":6772}},{"agent":{"iataCode":"8120247","address":"9 AXX XX XX-XXXXX","city":"Gland","name":"ZENXXX XXXXXXX XX","id":67728120247,"status":"Active"},"ticketingAuthority":true,"airline":{"iataCode":"006","abrev":"DL","name":"DelXX XXX XXXXX XXX.","id":6772484854},"bsp":{"isoCountryCode":"CH","name":"SWIT","id":6772}},{"agent":{"iataCode":"8120248","address":"GLAXXXXXXXXXX. 99","city":"Horgen","name":"INCXXXXXX XXXXXX XX","id":67728120248,"status":"Active"},"ticketingAuthority":true,"airline":{"iataCode":"006","abrev":"DL","name":"DelXX XXX XXXXX XXX.","id":6772484854},"bsp":{"isoCountryCode":"CH","name":"SWIT","id":6772}},{"agent":{"iataCode":"8120253","address":"LIMXXXXXXXXX. 999","city":"Zurich","name":"MB XXXXXX XX","id":67728120253,"status":"Active"},"ticketingAuthority":true,"airline":{"iataCode":"006","abrev":"DL","name":"DelXX XXX XXXXX XXX.","id":6772484854},"bsp":{"isoCountryCode":"CH","name":"SWIT","id":6772}},{"agent":{"iataCode":"8120254","address":"REGXXXXXXXXXXXX. 9","city":"Zurich","name":"POLX XXXXXX XX","id":67728120254,"status":"Active"},"ticketingAuthority":true,"airline":{"iataCode":"006","abrev":"DL","name":"DelXX XXX XXXXX XXX.","id":6772484854},"bsp":{"isoCountryCode":"CH","name":"SWIT","id":6772}},{"agent":{"iataCode":"8120257","address":"EURXXXXXXXX 99","city":"Zurich","name":"SW XXXXXXXXXX XX","id":67728120257,"status":"Active"},"ticketingAuthority":true,"airline":{"iataCode":"006","abrev":"DL","name":"DelXX XXX XXXXX XXX.","id":6772484854},"bsp":{"isoCountryCode":"CH","name":"SWIT","id":6772}},{"agent":{"iataCode":"8120260","address":"23 XXXXX-XXX","city":"GENEVA","name":"B.C. XXXXXXXX XXXXX XX","id":67728120260,"status":"Active"},"ticketingAuthority":true,"airline":{"iataCode":"006","abrev":"DL","name":"DelXX XXX XXXXX XXX.","id":6772484854},"bsp":{"isoCountryCode":"CH","name":"SWIT","id":6772}},{"agent":{"iataCode":"8120262","address":"WERXXXXXXXXXXXXXX 99","city":"Zurich","name":"TRAXXX XXXXXXXX XXXXXX XX","id":67728120262,"status":"Active"},"ticketingAuthority":true,"airline":{"iataCode":"006","abrev":"DL","name":"DelXX XXX XXXXX XXX.","id":6772484854},"bsp":{"isoCountryCode":"CH","name":"SWIT","id":6772}},{"agent":{"iataCode":"8120266","address":"SAEXXXXXXXXXXXX 99","city":"Glattbrugg","name":"M-TXXXXX XXXXXXXXXXX","id":67728120266,"status":"Active"},"ticketingAuthority":true,"airline":{"iataCode":"006","abrev":"DL","name":"DelXX XXX XXXXX XXX.","id":6772484854},"bsp":{"isoCountryCode":"CH","name":"SWIT","id":6772}},{"agent":{"iataCode":"8120271","address":"BAHXXXXXXXXXXX 99","city":"Baden","name":"KUOXX XXXXXX","id":67728120271,"status":"Active"},"ticketingAuthority":true,"airline":{"iataCode":"006","abrev":"DL","name":"DelXX XXX XXXXX XXX.","id":6772484854},"bsp":{"isoCountryCode":"CH","name":"SWIT","id":6772}},{"agent":{"iataCode":"8120288","address":"BAHXXXXXXXXXXX 99","city":"Buchs","name":"BTA XXXXX","id":67728120288,"status":"Active"},"ticketingAuthority":true,"airline":{"iataCode":"006","abrev":"DL","name":"DelXX XXX XXXXX XXX.","id":6772484854},"bsp":{"isoCountryCode":"CH","name":"SWIT","id":6772}},{"agent":{"iataCode":"8120289","address":"VORXXXX XXXXXXXX 99","city":"Aarau","name":"KNEXXX XXXXXX XX","id":67728120289,"status":"Active"},"ticketingAuthority":true,"airline":{"iataCode":"006","abrev":"DL","name":"DelXX XXX XXXXX XXX.","id":6772484854},"bsp":{"isoCountryCode":"CH","name":"SWIT","id":6772}},{"agent":{"iataCode":"8120293","address":"VORXXXXX 99","city":"Zug","name":"TUI XXXXXXXXXXX","id":67728120293,"status":"Active"},"ticketingAuthority":true,"airline":{"iataCode":"006","abrev":"DL","name":"DelXX XXX XXXXX XXX.","id":6772484854},"bsp":{"isoCountryCode":"CH","name":"SWIT","id":6772}},{"agent":{"iataCode":"8120295","address":"BAEXXXXXXX 99","city":"Zurich","name":"HRG XXXXXXXXXXX","id":67728120295,"status":"Active"},"ticketingAuthority":true,"airline":{"iataCode":"006","abrev":"DL","name":"DelXX XXX XXXXX XXX.","id":6772484854},"bsp":{"isoCountryCode":"CH","name":"SWIT","id":6772}},{"agent":{"iataCode":"8120303","address":"GUYXX-XXXXXX-XXXXXXX 99","city":"Wetzikon","name":"FINXXX XXXXXX XX","id":67728120303,"status":"Active"},"ticketingAuthority":true,"airline":{"iataCode":"006","abrev":"DL","name":"DelXX XXX XXXXX XXX.","id":6772484854},"bsp":{"isoCountryCode":"CH","name":"SWIT","id":6772}},{"agent":{"iataCode":"8120308","address":"BAEXXXXXXX 99, X.X. XXX 9999","city":"Zurich","name":"GLOXXX XXXXXXXX XXXXXX XXXXXXX","id":67728120308,"status":"Active"},"ticketingAuthority":true,"airline":{"iataCode":"006","abrev":"DL","name":"DelXX XXX XXXXX XXX.","id":6772484854},"bsp":{"isoCountryCode":"CH","name":"SWIT","id":6772}},{"agent":{"iataCode":"8120317","address":"FRIXXXXXXXXXXXXXXX 99","city":"Zurich","name":"TUI/XXXX XXXXXX XXXXXX XXX","id":67728120317,"status":"Active"},"ticketingAuthority":true,"airline":{"iataCode":"006","abrev":"DL","name":"DelXX XXX XXXXX XXX.","id":6772484854},"bsp":{"isoCountryCode":"CH","name":"SWIT","id":6772}},{"agent":{"iataCode":"8120319","address":"FREXXXXXXXXXXXX 9","city":"Zurich","name":"TRAXXXXXXXX","id":67728120319,"status":"Active"},"ticketingAuthority":true,"airline":{"iataCode":"006","abrev":"DL","name":"DelXX XXX XXXXX XXX.","id":6772484854},"bsp":{"isoCountryCode":"CH","name":"SWIT","id":6772}},{"agent":{"iataCode":"8120322","address":"VIA X. XXXXX 99 XXXXXXX XXXXXX","city":"Lugano","name":"I GXXXXXX XXXXXX XX","id":67728120322,"status":"Active"},"ticketingAuthority":true,"airline":{"iataCode":"006","abrev":"DL","name":"DelXX XXX XXXXX XXX.","id":6772484854},"bsp":{"isoCountryCode":"CH","name":"SWIT","id":6772}},{"agent":{"iataCode":"8120326","address":"DUFXXXXXXXXXX 999","city":"Zurich","name":"INFX-XXXXXX XXXXXXXXXXXXX XX","id":67728120326,"status":"Active"},"ticketingAuthority":true,"airline":{"iataCode":"006","abrev":"DL","name":"DelXX XXX XXXXX XXX.","id":6772484854},"bsp":{"isoCountryCode":"CH","name":"SWIT","id":6772}},{"agent":{"iataCode":"8120331","address":"RATXXXXXXXXX, 99","city":"Baden","name":"TWEXXXXXXX XXXXXX XX","id":67728120331,"status":"Active"},"ticketingAuthority":true,"airline":{"iataCode":"006","abrev":"DL","name":"DelXX XXX XXXXX XXX.","id":6772484854},"bsp":{"isoCountryCode":"CH","name":"SWIT","id":6772}},{"agent":{"iataCode":"8120332","address":"VORXXXXX 99","city":"Schaffhausen","name":"ROLX XXXXX XXXXXX","id":67728120332,"status":"Active"},"ticketingAuthority":true,"airline":{"iataCode":"006","abrev":"DL","name":"DelXX XXX XXXXX XXX.","id":6772484854},"bsp":{"isoCountryCode":"CH","name":"SWIT","id":6772}},{"agent":{"iataCode":"8120334","address":"SPAXXXXXXX 999 X.X. XXX","city":"Basel","name":"KNEXXX XXXXXX XX","id":67728120334,"status":"Active"},"ticketingAuthority":true,"airline":{"iataCode":"006","abrev":"DL","name":"DelXX XXX XXXXX XXX.","id":6772484854},"bsp":{"isoCountryCode":"CH","name":"SWIT","id":6772}},{"agent":{"iataCode":"8120343","address":"ALBXXXXXXXXXXX 999","city":"Zurich","name":"ALBXX XXXXXX XX","id":67728120343,"status":"Active"},"ticketingAuthority":true,"airline":{"iataCode":"006","abrev":"DL","name":"DelXX XXX XXXXX XXX.","id":6772484854},"bsp":{"isoCountryCode":"CH","name":"SWIT","id":6772}},{"agent":{"iataCode":"8120344","address":"ZIGXXXXXXXXXXXXX 9","city":"Lucerne","name":"BAUXXXXX XXXXXX XX","id":67728120344,"status":"Active"},"ticketingAuthority":true,"airline":{"iataCode":"006","abrev":"DL","name":"DelXX XXX XXXXX XXX.","id":6772484854},"bsp":{"isoCountryCode":"CH","name":"SWIT","id":6772}},{"agent":{"iataCode":"8120349","address":"HerXXXXXXXX 99","city":"Zurich","name":"KUOXX XXXXXX","id":67728120349,"status":"Active"},"ticketingAuthority":true,"airline":{"iataCode":"006","abrev":"DL","name":"DelXX XXX XXXXX XXX.","id":6772484854},"bsp":{"isoCountryCode":"CH","name":"SWIT","id":6772}},{"agent":{"iataCode":"8120351","address":"VIA XXXXXX 99","city":"Lugano","name":"FRAXXXXXXXX XX","id":67728120351,"status":"Active"},"ticketingAuthority":true,"airline":{"iataCode":"006","abrev":"DL","name":"DelXX XXX XXXXX XXX.","id":6772484854},"bsp":{"isoCountryCode":"CH","name":"SWIT","id":6772}},{"agent":{"iataCode":"8120353","address":"BERXXXXXXXX 999","city":"Zollikofen","name":"RAIXXXXX XXXXXX XX","id":67728120353,"status":"Active"},"ticketingAuthority":true,"airline":{"iataCode":"006","abrev":"DL","name":"DelXX XXX XXXXX XXX.","id":6772484854},"bsp":{"isoCountryCode":"CH","name":"SWIT","id":6772}},{"agent":{"iataCode":"8120354","address":"NEUXXXXXXXXXX 999","city":"Basel","name":"CAT XXXXXX XXXXXX XXXXXX XX","id":67728120354,"status":"Active"},"ticketingAuthority":true,"airline":{"iataCode":"006","abrev":"DL","name":"DelXX XXX XXXXX XXX.","id":6772484854},"bsp":{"isoCountryCode":"CH","name":"SWIT","id":6772}},{"agent":{"iataCode":"8120355","address":"BADXXXXXXX 99 XXXXXXXX 999","city":"Baden","name":"KNEXXX XXXXXX XX","id":67728120355,"status":"Active"},"ticketingAuthority":true,"airline":{"iataCode":"006","abrev":"DL","name":"DelXX XXX XXXXX XXX.","id":6772484854},"bsp":{"isoCountryCode":"CH","name":"SWIT","id":6772}},{"agent":{"iataCode":"8120361","address":"SATXXXXXXXX 9","city":"Basel","name":"FROXXXXX XXXXXX","id":67728120361,"status":"Active"},"ticketingAuthority":true,"airline":{"iataCode":"006","abrev":"DL","name":"DelXX XXX XXXXX XXX.","id":6772484854},"bsp":{"isoCountryCode":"CH","name":"SWIT","id":6772}},{"agent":{"iataCode":"8120364","address":"LEHXXXXXXXXXXXXXX 99","city":"ST GALLEN","name":"INTXXXXXX XXXXXX","id":67728120364,"status":"Active"},"ticketingAuthority":true,"airline":{"iataCode":"006","abrev":"DL","name":"DelXX XXX XXXXX XXX.","id":6772484854},"bsp":{"isoCountryCode":"CH","name":"SWIT","id":6772}},{"agent":{"iataCode":"8120365","address":"KIRXXXXXXX 99","city":"Meilen","name":"REIXX-XXXXX XXXXXX XX","id":67728120365,"status":"Active"},"ticketingAuthority":true,"airline":{"iataCode":"006","abrev":"DL","name":"DelXX XXX XXXXX XXX.","id":6772484854},"bsp":{"isoCountryCode":"CH","name":"SWIT","id":6772}},{"agent":{"iataCode":"8120367","address":"RUE XX XXXXXXXX 99","city":"Lausanne","name":"NOVX XXXXX XX","id":67728120367,"status":"Active"},"ticketingAuthority":true,"airline":{"iataCode":"006","abrev":"DL","name":"DelXX XXX XXXXX XXX.","id":6772484854},"bsp":{"isoCountryCode":"CH","name":"SWIT","id":6772}},{"agent":{"iataCode":"8120371","address":"AVEXXX XX XX XXXX 9","city":"Lausanne","name":"GEO-XXXXXXXXXX XX","id":67728120371,"status":"Active"},"ticketingAuthority":true,"airline":{"iataCode":"006","abrev":"DL","name":"DelXX XXX XXXXX XXX.","id":6772484854},"bsp":{"isoCountryCode":"CH","name":"SWIT","id":6772}},{"agent":{"iataCode":"8120383","address":"LANXXXXXX 99","city":"Gais","name":"PORXXXXX XXXX","id":67728120383,"status":"Active"},"ticketingAuthority":true,"airline":{"iataCode":"006","abrev":"DL","name":"DelXX XXX XXXXX XXX.","id":6772484854},"bsp":{"isoCountryCode":"CH","name":"SWIT","id":6772}},{"agent":{"iataCode":"8120386","address":"PLAXX XX XX XXXXX-XXXXXXX 9","city":"Epalinges","name":"VOYXXXX XXXXXXX XX","id":67728120386,"status":"Active"},"ticketingAuthority":true,"airline":{"iataCode":"006","abrev":"DL","name":"DelXX XXX XXXXX XXX.","id":6772484854},"bsp":{"isoCountryCode":"CH","name":"SWIT","id":6772}},{"agent":{"iataCode":"8120387","address":"RUE XX. XXXXXX 9","city":"Carouge","name":"VOYXXXX XXX XXXX","id":67728120387,"status":"Active"},"ticketingAuthority":true,"airline":{"iataCode":"006","abrev":"DL","name":"DelXX XXX XXXXX XXX.","id":6772484854},"bsp":{"isoCountryCode":"CH","name":"SWIT","id":6772}},{"agent":{"iataCode":"8120390","address":"VIA XXXX 9","city":"Lugano","name":"DA XXXXX XXXXX XX X/X XXXXX XX","id":67728120390,"status":"Active"},"ticketingAuthority":true,"airline":{"iataCode":"006","abrev":"DL","name":"DelXX XXX XXXXX XXX.","id":6772484854},"bsp":{"isoCountryCode":"CH","name":"SWIT","id":6772}},{"agent":{"iataCode":"8120394","address":"SAGXXXX 9","city":"WICHTRACH","name":"GURXXXX XXXXXX XX","id":67728120394,"status":"Active"},"ticketingAuthority":true,"airline":{"iataCode":"006","abrev":"DL","name":"DelXX XXX XXXXX XXX.","id":6772484854},"bsp":{"isoCountryCode":"CH","name":"SWIT","id":6772}},{"agent":{"iataCode":"8120399","address":"SCHXXXXXXXXXXXX 9","city":"Bern","name":"REIXXXXXXX XXXXXX X.X.","id":67728120399,"status":"Active"},"ticketingAuthority":true,"airline":{"iataCode":"006","abrev":"DL","name":"DelXX XXX XXXXX XXX.","id":6772484854},"bsp":{"isoCountryCode":"CH","name":"SWIT","id":6772}},{"agent":{"iataCode":"8120401","address":"TRAXXXXXXXX 99","city":"Zurich","name":"TOUXXXXXXXXXX","id":67728120401,"status":"Active"},"ticketingAuthority":true,"airline":{"iataCode":"006","abrev":"DL","name":"DelXX XXX XXXXX XXX.","id":6772484854},"bsp":{"isoCountryCode":"CH","name":"SWIT","id":6772}},{"agent":{"iataCode":"8120425","address":"C/O XXX/XXX XXX XX XXXXXXXX 99","city":"GENEVA","name":"CWT - XXXXXXXXXXXXXXXXXX X.X.","id":67728120425,"status":"Active"},"ticketingAuthority":true,"airline":{"iataCode":"006","abrev":"DL","name":"DelXX XXX XXXXX XXX.","id":6772484854},"bsp":{"isoCountryCode":"CH","name":"SWIT","id":6772}},{"agent":{"iataCode":"8120428","address":"SEEXXXXXXX, 99","city":"Zurich","name":"KUOXX XXXXXX","id":67728120428,"status":"Active"},"ticketingAuthority":true,"airline":{"iataCode":"006","abrev":"DL","name":"DelXX XXX XXXXX XXX.","id":6772484854},"bsp":{"isoCountryCode":"CH","name":"SWIT","id":6772}},{"agent":{"iataCode":"8120430","address":"LOEXXXXXXXXXX 99 XXXXXX XXXX","city":"Zurich","name":"M-TXXXXX XXXXXXXXXXX","id":67728120430,"status":"Active"},"ticketingAuthority":true,"airline":{"iataCode":"006","abrev":"DL","name":"DelXX XXX XXXXX XXX.","id":6772484854},"bsp":{"isoCountryCode":"CH","name":"SWIT","id":6772}},{"agent":{"iataCode":"8120436","address":"VIA XXXXXXXXX 9","city":"Lugano","name":"MICXXXXXXX","id":67728120436,"status":"Active"},"ticketingAuthority":true,"airline":{"iataCode":"006","abrev":"DL","name":"DelXX XXX XXXXX XXX.","id":6772484854},"bsp":{"isoCountryCode":"CH","name":"SWIT","id":6772}},{"agent":{"iataCode":"8120446","address":"AVEXXX XX XX XXXX 9-99","city":"GENEVA","name":"CWT - XXXXXXXXXXXXXXXXXX X.X.","id":67728120446,"status":"Active"},"ticketingAuthority":true,"airline":{"iataCode":"006","abrev":"DL","name":"DelXX XXX XXXXX XXX.","id":6772484854},"bsp":{"isoCountryCode":"CH","name":"SWIT","id":6772}},{"agent":{"iataCode":"8120466","address":"DORXXXXXX 9","city":"Zumikon","name":"TUI XXXXXXXXXXX","id":67728120466,"status":"Active"},"ticketingAuthority":true,"airline":{"iataCode":"006","abrev":"DL","name":"DelXX XXX XXXXX XXX.","id":6772484854},"bsp":{"isoCountryCode":"CH","name":"SWIT","id":6772}},{"agent":{"iataCode":"8120468","address":"C/O XXX XXXXXXXXXXXX 9","city":"Zurich","name":"GURXXXX XXXXXX XX","id":67728120468,"status":"Active"},"ticketingAuthority":true,"airline":{"iataCode":"006","abrev":"DL","name":"DelXX XXX XXXXX XXX.","id":6772484854},"bsp":{"isoCountryCode":"CH","name":"SWIT","id":6772}},{"agent":{"iataCode":"8120477","address":"C/O XXXXXX XXXXXXXXXXXXX","city":"Lausanne","name":"CWT - XXXXXXXXXXXXXXXXXX X.X.","id":67728120477,"status":"Active"},"ticketingAuthority":true,"airline":{"iataCode":"006","abrev":"DL","name":"DelXX XXX XXXXX XXX.","id":6772484854},"bsp":{"isoCountryCode":"CH","name":"SWIT","id":6772}},{"agent":{"iataCode":"8120483","address":"BRUXXX 99","city":"Kallnach","name":"GRUXXXXXXXXXXX","id":67728120483,"status":"Active"},"ticketingAuthority":true,"airline":{"iataCode":"006","abrev":"DL","name":"DelXX XXX XXXXX XXX.","id":6772484854},"bsp":{"isoCountryCode":"CH","name":"SWIT","id":6772}},{"agent":{"iataCode":"8120486","address":"HAUXXXXXXXXX 9","city":"Reinach","name":"KNEXXX XXXXXX XX","id":67728120486,"status":"Active"},"ticketingAuthority":true,"airline":{"iataCode":"006","abrev":"DL","name":"DelXX XXX XXXXX XXX.","id":6772484854},"bsp":{"isoCountryCode":"CH","name":"SWIT","id":6772}},{"agent":{"iataCode":"8120505","address":"AM XXXXXXXX XXXXXXXXXX 9","city":"Zurich","name":"KUOXX XXXXXX","id":67728120505,"status":"Active"},"ticketingAuthority":true,"airline":{"iataCode":"006","abrev":"DL","name":"DelXX XXX XXXXX XXX.","id":6772484854},"bsp":{"isoCountryCode":"CH","name":"SWIT","id":6772}},{"agent":{"iataCode":"8120508","address":"POB 999 XXXXXX XXXXXXX","city":"GENEVA","name":"DNAXX XXXXXXXXXXX XX","id":67728120508,"status":"Active"},"ticketingAuthority":true,"airline":{"iataCode":"006","abrev":"DL","name":"DelXX XXX XXXXX XXX.","id":6772484854},"bsp":{"isoCountryCode":"CH","name":"SWIT","id":6772}},{"agent":{"iataCode":"8120513","address":"C/O X.X.X.X. XXXXXXXXX XX","city":"Lucerne","name":"AE XXXXXX XXXXXXXX XXXXXX","id":67728120513,"status":"Active"},"ticketingAuthority":true,"airline":{"iataCode":"006","abrev":"DL","name":"DelXX XXX XXXXX XXX.","id":6772484854},"bsp":{"isoCountryCode":"CH","name":"SWIT","id":6772}},{"agent":{"iataCode":"8120514","address":"RUE XX XXXXXXX 99 X.X. 9999","city":"Lausanne","name":"RAIXXXXX XXXXXX XX","id":67728120514,"status":"Active"},"ticketingAuthority":true,"airline":{"iataCode":"006","abrev":"DL","name":"DelXX XXX XXXXX XXX.","id":6772484854},"bsp":{"isoCountryCode":"CH","name":"SWIT","id":6772}},{"agent":{"iataCode":"8120520","address":"ZENXXXXXXXXXXX 9","city":"Zurich","name":"RMR XXXXXX XXXXXXXXX","id":67728120520,"status":"Active"},"ticketingAuthority":true,"airline":{"iataCode":"006","abrev":"DL","name":"DelXX XXX XXXXX XXX.","id":6772484854},"bsp":{"isoCountryCode":"CH","name":"SWIT","id":6772}},{"agent":{"iataCode":"8120529","address":"C/O XXXXXXX XX XXX XXXXXXX 9","city":"Lugano","name":"KUOXX XXXXXX","id":67728120529,"status":"Active"},"ticketingAuthority":true,"airline":{"iataCode":"006","abrev":"DL","name":"DelXX XXX XXXXX XXX.","id":6772484854},"bsp":{"isoCountryCode":"CH","name":"SWIT","id":6772}},{"agent":{"iataCode":"8120537","address":"ZUGXXXXXXXXXXXXX 9","city":"UNTERAEGERI","name":"MUEXXXXXX XXXXXXXXX XX","id":67728120537,"status":"Active"},"ticketingAuthority":true,"airline":{"iataCode":"006","abrev":"DL","name":"DelXX XXX XXXXX XXX.","id":6772484854},"bsp":{"isoCountryCode":"CH","name":"SWIT","id":6772}},{"agent":{"iataCode":"8120540","address":"LOEXXXXXXXXXX 99","city":"Zurich","name":"RAIXXXXX XXXXXX XX","id":67728120540,"status":"Active"},"ticketingAuthority":true,"airline":{"iataCode":"006","abrev":"DL","name":"DelXX XXX XXXXX XXX.","id":6772484854},"bsp":{"isoCountryCode":"CH","name":"SWIT","id":6772}},{"agent":{"iataCode":"8120542","address":"C/O XXXXX XXXXXX 99 XXXXX XX","city":"GENEVA","name":"CWT - XXXXXXXXXXXXXXXXXX X.X.","id":67728120542,"status":"Active"},"ticketingAuthority":true,"airline":{"iataCode":"006","abrev":"DL","name":"DelXX XXX XXXXX XXX.","id":6772484854},"bsp":{"isoCountryCode":"CH","name":"SWIT","id":6772}},{"agent":{"iataCode":"8120547","address":"C/O XXXX XXXXXXXXXXXXXXXXXX","city":"Zurich","name":"BTA XXXXX","id":67728120547,"status":"Active"},"ticketingAuthority":true,"airline":{"iataCode":"006","abrev":"DL","name":"DelXX XXX XXXXX XXX.","id":6772484854},"bsp":{"isoCountryCode":"CH","name":"SWIT","id":6772}},{"agent":{"iataCode":"8120554","address":"C/O XXXXXX & XXX XXXXX XXX","city":"GENEVA","name":"FERX & XXX XXXXXXX XX","id":67728120554,"status":"Active"},"ticketingAuthority":true,"airline":{"iataCode":"006","abrev":"DL","name":"DelXX XXX XXXXX XXX.","id":6772484854},"bsp":{"isoCountryCode":"CH","name":"SWIT","id":6772}},{"agent":{"iataCode":"8120556","address":"RUE XXXXXX, 9","city":"GENEVA","name":"FERX XXXXXXXXX","id":67728120556,"status":"Active"},"ticketingAuthority":true,"airline":{"iataCode":"006","abrev":"DL","name":"DelXX XXX XXXXX XXX.","id":6772484854},"bsp":{"isoCountryCode":"CH","name":"SWIT","id":6772}},{"agent":{"iataCode":"8120566","address":"VIA XXXXXX","city":"Lugano","name":"KUOXX XXXXXX","id":67728120566,"status":"Active"},"ticketingAuthority":true,"airline":{"iataCode":"006","abrev":"DL","name":"DelXX XXX XXXXX XXX.","id":6772484854},"bsp":{"isoCountryCode":"CH","name":"SWIT","id":6772}},{"agent":{"iataCode":"8120572","address":"HARXXXXXXXX 999","city":"Zurich","name":"KUOXX XXXXXX","id":67728120572,"status":"Active"},"ticketingAuthority":true,"airline":{"iataCode":"006","abrev":"DL","name":"DelXX XXX XXXXX XXX.","id":6772484854},"bsp":{"isoCountryCode":"CH","name":"SWIT","id":6772}},{"agent":{"iataCode":"8120574","address":"C/O XXX XXXXX XXX XXXXXXXXX 9","city":"GENEVA","name":"CWT - XXXXXXXXXXXXXXXXXX X.X.","id":67728120574,"status":"Active"},"ticketingAuthority":true,"airline":{"iataCode":"006","abrev":"DL","name":"DelXX XXX XXXXX XXX.","id":6772484854},"bsp":{"isoCountryCode":"CH","name":"SWIT","id":6772}},{"agent":{"iataCode":"8120575","address":"C/O XXXX XXXXX XX XXXXXX 99","city":"Nyon","name":"CWT - XXXXXXXXXXXXXXXXXX X.X.","id":67728120575,"status":"Active"},"ticketingAuthority":true,"airline":{"iataCode":"006","abrev":"DL","name":"DelXX XXX XXXXX XXX.","id":6772484854},"bsp":{"isoCountryCode":"CH","name":"SWIT","id":6772}},{"agent":{"iataCode":"8120578","address":"C/O XXXX XXXXXX XX XXXXXXXXX 9","city":"GENEVA","name":"AE XXXXXX XXXXXXXX XXXXXX","id":67728120578,"status":"Active"},"ticketingAuthority":true,"airline":{"iataCode":"006","abrev":"DL","name":"DelXX XXX XXXXX XXX.","id":6772484854},"bsp":{"isoCountryCode":"CH","name":"SWIT","id":6772}},{"agent":{"iataCode":"8120600","address":"C/O XXXXXXX XXXXXXX XX","city":"ZURICH","name":"CARXXXX XXXXXXXX XXXXXX","id":67728120600,"status":"Non Active"},"ticketingAuthority":true,"airline":{"iataCode":"006","abrev":"DL","name":"DelXX XXX XXXXX XXX.","id":6772484854},"bsp":{"isoCountryCode":"CH","name":"SWIT","id":6772}},{"agent":{"iataCode":"8120607","address":"GUEXXXXXXXXXX 99","city":"Basel","name":"HRG XXXXXXXXXXX","id":67728120607,"status":"Active"},"ticketingAuthority":true,"airline":{"iataCode":"006","abrev":"DL","name":"DelXX XXX XXXXX XXX.","id":6772484854},"bsp":{"isoCountryCode":"CH","name":"SWIT","id":6772}},{"agent":{"iataCode":"8120608","address":"LEOXXXXXXXXXXXX 9","city":"Basel","name":"DANXXX","id":67728120608,"status":"Active"},"ticketingAuthority":true,"airline":{"iataCode":"006","abrev":"DL","name":"DelXX XXX XXXXX XXX.","id":6772484854},"bsp":{"isoCountryCode":"CH","name":"SWIT","id":6772}},{"agent":{"iataCode":"8120616","address":"HAUXXXXXXX","city":"Ruswil","name":"KNEXXX XXXXXX XX","id":67728120616,"status":"Active"},"ticketingAuthority":true,"airline":{"iataCode":"006","abrev":"DL","name":"DelXX XXX XXXXX XXX.","id":6772484854},"bsp":{"isoCountryCode":"CH","name":"SWIT","id":6772}},{"agent":{"iataCode":"8120624","address":"BAEXXXXXXX 99","city":"Zurich","name":"AMEXXXXX XXXXXXX XXX","id":67728120624,"status":"Active"},"ticketingAuthority":true,"airline":{"iataCode":"006","abrev":"DL","name":"DelXX XXX XXXXX XXX.","id":6772484854},"bsp":{"isoCountryCode":"CH","name":"SWIT","id":6772}},{"agent":{"iataCode":"8120629","address":"C/O XXXXXX XX XXXXX","city":"Lausanne","name":"CWT - XXXXXXXXXXXXXXXXXX X.X.","id":67728120629,"status":"Active"},"ticketingAuthority":true,"airline":{"iataCode":"006","abrev":"DL","name":"DelXX XXX XXXXX XXX.","id":6772484854},"bsp":{"isoCountryCode":"CH","name":"SWIT","id":6772}},{"agent":{"iataCode":"8120648","address":"DEPXXXXXX XXXX","city":"GENEVA","name":"AIRXXXX XXXXXXXX XXXXXX","id":67728120648,"status":"Active"},"ticketingAuthority":true,"airline":{"iataCode":"006","abrev":"DL","name":"DelXX XXX XXXXX XXX.","id":6772484854},"bsp":{"isoCountryCode":"CH","name":"SWIT","id":6772}},{"agent":{"iataCode":"8120650","address":"BAEXXXXXXX 99","city":"Zurich","name":"AE XXXXXX XXXXXXXX XXXXXX","id":67728120650,"status":"Active"},"ticketingAuthority":true,"airline":{"iataCode":"006","abrev":"DL","name":"DelXX XXX XXXXX XXX.","id":6772484854},"bsp":{"isoCountryCode":"CH","name":"SWIT","id":6772}},{"agent":{"iataCode":"8120665","address":"CHEXXX XX XXXXXX 9","city":"Ecublens","name":"VT XXXXXXXX XX","id":67728120665,"status":"Active"},"ticketingAuthority":true,"airline":{"iataCode":"006","abrev":"DL","name":"DelXX XXX XXXXX XXX.","id":6772484854},"bsp":{"isoCountryCode":"CH","name":"SWIT","id":6772}},{"agent":{"iataCode":"8120668","address":"CHEXXX XXXXX-XXXXXX 9","city":"Petit-Lancy","name":"AE XXXXXX XXXXXXXX XXXXXX","id":67728120668,"status":"Active"},"ticketingAuthority":true,"airline":{"iataCode":"006","abrev":"DL","name":"DelXX XXX XXXXX XXX.","id":6772484854},"bsp":{"isoCountryCode":"CH","name":"SWIT","id":6772}},{"agent":{"iataCode":"8120669","address":"FRIXXXXXXXXXXXXXXX 99","city":"Zurich","name":"FIRXX XXXXXXXX XXXXXX XXXXXX","id":67728120669,"status":"Active"},"ticketingAuthority":true,"airline":{"iataCode":"006","abrev":"DL","name":"DelXX XXX XXXXX XXX.","id":6772484854},"bsp":{"isoCountryCode":"CH","name":"SWIT","id":6772}},{"agent":{"iataCode":"8120670","address":"AVEXXX XX XXXXXXXXX 99 XXXX","city":"Lausanne","name":"CULXXXX XXX XXXXXX XX","id":67728120670,"status":"Active"},"ticketingAuthority":true,"airline":{"iataCode":"006","abrev":"DL","name":"DelXX XXX XXXXX XXX.","id":6772484854},"bsp":{"isoCountryCode":"CH","name":"SWIT","id":6772}},{"agent":{"iataCode":"8120677","address":"FRIXXXXXXXXXXXXXXX 99","city":"Zurich","name":"TUI XXXXXX XXX","id":67728120677,"status":"Active"},"ticketingAuthority":true,"airline":{"iataCode":"006","abrev":"DL","name":"DelXX XXX XXXXX XXX.","id":6772484854},"bsp":{"isoCountryCode":"CH","name":"SWIT","id":6772}},{"agent":{"iataCode":"8120678","address":"C/O XXXX 99, XXXXXX XX XX XXXX","city":"GENEVA","name":"HRG XXXXXXXXXXX","id":67728120678,"status":"Active"},"ticketingAuthority":true,"airline":{"iataCode":"006","abrev":"DL","name":"DelXX XXX XXXXX XXX.","id":6772484854},"bsp":{"isoCountryCode":"CH","name":"SWIT","id":6772}},{"agent":{"iataCode":"8120686","address":"THUXXXXXXXXXXXXX 99","city":"Zurich","name":"BCD XXXXXX","id":67728120686,"status":"Active"},"ticketingAuthority":true,"airline":{"iataCode":"006","abrev":"DL","name":"DelXX XXX XXXXX XXX.","id":6772484854},"bsp":{"isoCountryCode":"CH","name":"SWIT","id":6772}},{"agent":{"iataCode":"8120688","address":"MUEXXXXXXXXXXXXXXXXXXX, 99","city":"Basel","name":"CWT - XXXXXXXXXXXXXXXXXX X.X.","id":67728120688,"status":"Active"},"ticketingAuthority":true,"airline":{"iataCode":"006","abrev":"DL","name":"DelXX XXX XXXXX XXX.","id":6772484854},"bsp":{"isoCountryCode":"CH","name":"SWIT","id":6772}},{"agent":{"iataCode":"8120689","address":"C/O XXXXXX XXXXXX XXXXXXXXXXXX","city":"Lausanne","name":"AE XXXXXX XXXXXXXX XXXXXX","id":67728120689,"status":"Active"},"ticketingAuthority":true,"airline":{"iataCode":"006","abrev":"DL","name":"DelXX XXX XXXXX XXX.","id":6772484854},"bsp":{"isoCountryCode":"CH","name":"SWIT","id":6772}},{"agent":{"iataCode":"8120690","address":"CARXXXX XXXXXXXX XXXXXX XXXXXX","city":"Zurich","name":"CWT - XXXXXXXXXXXXXXXXXX X.X.","id":67728120690,"status":"Active"},"ticketingAuthority":true,"airline":{"iataCode":"006","abrev":"DL","name":"DelXX XXX XXXXX XXX.","id":6772484854},"bsp":{"isoCountryCode":"CH","name":"SWIT","id":6772}},{"agent":{"iataCode":"8120701","address":"ANEXXXXXXXXXXXX, 99","city":"Zurich","name":"AE XXXXXX XXXXXXXX XXXXXX","id":67728120701,"status":"Active"},"ticketingAuthority":true,"airline":{"iataCode":"006","abrev":"DL","name":"DelXX XXX XXXXX XXX.","id":6772484854},"bsp":{"isoCountryCode":"CH","name":"SWIT","id":6772}},{"agent":{"iataCode":"8120704","address":"C/O XXXX XX XX-XX XXX 999,","city":"Lausanne","name":"CWT - XXXXXXXXXXXXXXXXXX X.X.","id":67728120704,"status":"Active"},"ticketingAuthority":true,"airline":{"iataCode":"006","abrev":"DL","name":"DelXX XXX XXXXX XXX.","id":6772484854},"bsp":{"isoCountryCode":"CH","name":"SWIT","id":6772}},{"agent":{"iataCode":"8120705","address":"BAEXXXXXXX 99","city":"Zurich","name":"AE XXXXXX XXXXXXXX XXXXXX","id":67728120705,"status":"Active"},"ticketingAuthority":true,"airline":{"iataCode":"006","abrev":"DL","name":"DelXX XXX XXXXX XXX.","id":6772484854},"bsp":{"isoCountryCode":"CH","name":"SWIT","id":6772}},{"agent":{"iataCode":"8120707","address":"C/O XXX XXXXXX XXXX XXXXXX XX","city":"Vernier","name":"CWT - XXXXXXXXXXXXXXXXXX X.X.","id":67728120707,"status":"Active"},"ticketingAuthority":true,"airline":{"iataCode":"006","abrev":"DL","name":"DelXX XXX XXXXX XXX.","id":6772484854},"bsp":{"isoCountryCode":"CH","name":"SWIT","id":6772}},{"agent":{"iataCode":"8120708","address":"THUXXXXXXXXXXXXX 99","city":"Zurich","name":"BCD XXXXXXX","id":67728120708,"status":"Active"},"ticketingAuthority":true,"airline":{"iataCode":"006","abrev":"DL","name":"DelXX XXX XXXXX XXX.","id":6772484854},"bsp":{"isoCountryCode":"CH","name":"SWIT","id":6772}},{"agent":{"iataCode":"8120709","address":"THUXXXXXXXXXXXXX 99","city":"Zurich","name":"BCD XXXXXX","id":67728120709,"status":"Active"},"ticketingAuthority":true,"airline":{"iataCode":"006","abrev":"DL","name":"DelXX XXX XXXXX XXX.","id":6772484854},"bsp":{"isoCountryCode":"CH","name":"SWIT","id":6772}},{"agent":{"iataCode":"8120710","address":"BAEXXXXXXX 99","city":"Zurich","name":"HRG XXXXXXX XXXXXX XXXXXXXXXXX","id":67728120710,"status":"Active"},"ticketingAuthority":true,"airline":{"iataCode":"006","abrev":"DL","name":"DelXX XXX XXXXX XXX.","id":6772484854},"bsp":{"isoCountryCode":"CH","name":"SWIT","id":6772}},{"agent":{"iataCode":"8120713","address":"JOSXXXXXXXXX 999","city":"Zurich","name":"CWT - XXXXXXXXXXXXXXXXXX X.X.","id":67728120713,"status":"Active"},"ticketingAuthority":true,"airline":{"iataCode":"006","abrev":"DL","name":"DelXX XXX XXXXX XXX.","id":6772484854},"bsp":{"isoCountryCode":"CH","name":"SWIT","id":6772}},{"agent":{"iataCode":"8120716","address":"HOHXXXXXXXX 999","city":"Zurich","name":"BTA XXXXX","id":67728120716,"status":"Active"},"ticketingAuthority":true,"airline":{"iataCode":"006","abrev":"DL","name":"DelXX XXX XXXXX XXX.","id":6772484854},"bsp":{"isoCountryCode":"CH","name":"SWIT","id":6772}},{"agent":{"iataCode":"8120717","address":"C/O XXXXXX 9-9 XX. XX XX XXXX","city":"GENEVA","name":"AE XXXXXX XXXXXXXX XXXXXX","id":67728120717,"status":"Active"},"ticketingAuthority":true,"airline":{"iataCode":"006","abrev":"DL","name":"DelXX XXX XXXXX XXX.","id":6772484854},"bsp":{"isoCountryCode":"CH","name":"SWIT","id":6772}},{"agent":{"iataCode":"8120718","address":"C/O XXX XXX XXXXXXXX 9 XXX, XX","city":"GENEVA","name":"AE XXXXXX XXXXXXXX XXXXXX","id":67728120718,"status":"Active"},"ticketingAuthority":true,"airline":{"iataCode":"006","abrev":"DL","name":"DelXX XXX XXXXX XXX.","id":6772484854},"bsp":{"isoCountryCode":"CH","name":"SWIT","id":6772}},{"agent":{"iataCode":"8120719","address":"C/O XXX 99-99 XXX XX","city":"GENEVA","name":"AE XXXXXX XXXXXXXX XXXXXX","id":67728120719,"status":"Active"},"ticketingAuthority":true,"airline":{"iataCode":"006","abrev":"DL","name":"DelXX XXX XXXXX XXX.","id":6772484854},"bsp":{"isoCountryCode":"CH","name":"SWIT","id":6772}},{"agent":{"iataCode":"8120720","address":"C/O XXXX XXXXXXXX XXX, XXXXX 9","city":"GENEVA","name":"AE XXXXXX XXXXXXXX XXXXXX","id":67728120720,"status":"Active"},"ticketingAuthority":true,"airline":{"iataCode":"006","abrev":"DL","name":"DelXX XXX XXXXX XXX.","id":6772484854},"bsp":{"isoCountryCode":"CH","name":"SWIT","id":6772}},{"agent":{"iataCode":"8120721","address":"C/O XXX XXXXXX X-999 99, XX. X","city":"Chatelaine","name":"AE XXXXXX XXXXXXXX XXXXXX","id":67728120721,"status":"Active"},"ticketingAuthority":true,"airline":{"iataCode":"006","abrev":"DL","name":"DelXX XXX XXXXX XXX.","id":6772484854},"bsp":{"isoCountryCode":"CH","name":"SWIT","id":6772}},{"agent":{"iataCode":"8120722","address":"C/O XXXX XXXXXX XXX XXXXXXX","city":"GENEVA","name":"AE XXXXXX XXXXXXXX XXXXXX","id":67728120722,"status":"Active"},"ticketingAuthority":true,"airline":{"iataCode":"006","abrev":"DL","name":"DelXX XXX XXXXX XXX.","id":6772484854},"bsp":{"isoCountryCode":"CH","name":"SWIT","id":6772}},{"agent":{"iataCode":"8120723","address":"C/O XXX XXXXX XXX XXXXXXX","city":"GENEVA","name":"AE XXXXXX XXXXXXXX XXXXXX","id":67728120723,"status":"Active"},"ticketingAuthority":true,"airline":{"iataCode":"006","abrev":"DL","name":"DelXX XXX XXXXX XXX.","id":6772484854},"bsp":{"isoCountryCode":"CH","name":"SWIT","id":6772}},{"agent":{"iataCode":"8120724","address":"C/O XXX XXXXXXX & XXXXXXXXX XX","city":"GENEVA","name":"AE XXXXXX XXXXXXXX XXXXXX","id":67728120724,"status":"Active"},"ticketingAuthority":true,"airline":{"iataCode":"006","abrev":"DL","name":"DelXX XXX XXXXX XXX.","id":6772484854},"bsp":{"isoCountryCode":"CH","name":"SWIT","id":6772}},{"agent":{"iataCode":"8120725","address":"C/O XXXX 99, XXX XXX XXXXXX","city":"GENEVA","name":"AE XXXXXX XXXXXXXX XXXXXX","id":67728120725,"status":"Active"},"ticketingAuthority":true,"airline":{"iataCode":"006","abrev":"DL","name":"DelXX XXX XXXXX XXX.","id":6772484854},"bsp":{"isoCountryCode":"CH","name":"SWIT","id":6772}},{"agent":{"iataCode":"8120726","address":"C/O XXXXX XXXXXXXXXXXX XXXXX.","city":"GENEVA","name":"AE XXXXXX XXXXXXXX XXXXXX","id":67728120726,"status":"Active"},"ticketingAuthority":true,"airline":{"iataCode":"006","abrev":"DL","name":"DelXX XXX XXXXX XXX.","id":6772484854},"bsp":{"isoCountryCode":"CH","name":"SWIT","id":6772}},{"agent":{"iataCode":"8120727","address":"C/O XXXXXX XXXXXXX XXXXXX XXXX","city":"GENEVA","name":"AE XXXXXX XXXXXXXX XXXXXX","id":67728120727,"status":"Active"},"ticketingAuthority":true,"airline":{"iataCode":"006","abrev":"DL","name":"DelXX XXX XXXXX XXX.","id":6772484854},"bsp":{"isoCountryCode":"CH","name":"SWIT","id":6772}},{"agent":{"iataCode":"8120728","address":"C/O XXXXX XXXXXX XXXXXXXXXXXX","city":"GENEVA","name":"AE XXXXXX XXXXXXXX XXXXXX","id":67728120728,"status":"Active"},"ticketingAuthority":true,"airline":{"iataCode":"006","abrev":"DL","name":"DelXX XXX XXXXX XXX.","id":6772484854},"bsp":{"isoCountryCode":"CH","name":"SWIT","id":6772}},{"agent":{"iataCode":"8120730","address":"AVEXXX XXXXXXXXX 9","city":"Lausanne","name":"MAJXXXXX XXXXXXX","id":67728120730,"status":"Active"},"ticketingAuthority":true,"airline":{"iataCode":"006","abrev":"DL","name":"DelXX XXX XXXXX XXX.","id":6772484854},"bsp":{"isoCountryCode":"CH","name":"SWIT","id":6772}},{"agent":{"iataCode":"8120731","address":"SCHXXXXXXXXXXX 9","city":"Schaffhausen","name":"KUOXX XXXXXX","id":67728120731,"status":"Active"},"ticketingAuthority":true,"airline":{"iataCode":"006","abrev":"DL","name":"DelXX XXX XXXXX XXX.","id":6772484854},"bsp":{"isoCountryCode":"CH","name":"SWIT","id":6772}},{"agent":{"iataCode":"8120738","address":"POSXXXXX 999","city":"Zurich","name":"AE XXXXXX XXXXXXXX XXXXXX","id":67728120738,"status":"Active"},"ticketingAuthority":true,"airline":{"iataCode":"006","abrev":"DL","name":"DelXX XXX XXXXX XXX.","id":6772484854},"bsp":{"isoCountryCode":"CH","name":"SWIT","id":6772}},{"agent":{"iataCode":"8120739","address":"C/O XXXXXX XXXXXXXXXXXXX","city":"Lausanne","name":"CWT - XXXXXXXXXXXXXXXXXX X.X.","id":67728120739,"status":"Active"},"ticketingAuthority":true,"airline":{"iataCode":"006","abrev":"DL","name":"DelXX XXX XXXXX XXX.","id":6772484854},"bsp":{"isoCountryCode":"CH","name":"SWIT","id":6772}},{"agent":{"iataCode":"8120743","address":"BodXXXXXXXXXX, 9","city":"Zurich","name":"www.XXXXXXXXXXXX.XX","id":67728120743,"status":"Active"},"ticketingAuthority":true,"airline":{"iataCode":"006","abrev":"DL","name":"DelXX XXX XXXXX XXX.","id":6772484854},"bsp":{"isoCountryCode":"CH","name":"SWIT","id":6772}},{"agent":{"iataCode":"8120746","address":"THUXXXXXXXXXXXXX 99","city":"Zurich","name":"BCD XXXXXXX","id":67728120746,"status":"Active"},"ticketingAuthority":true,"airline":{"iataCode":"006","abrev":"DL","name":"DelXX XXX XXXXX XXX.","id":6772484854},"bsp":{"isoCountryCode":"CH","name":"SWIT","id":6772}},{"agent":{"iataCode":"8120747","address":"ROUXX XXX XXXXXXX 99","city":"Carouge","name":"CWT - XXXXXXXXXXXXXXXXXX X.X.","id":67728120747,"status":"Active"},"ticketingAuthority":true,"airline":{"iataCode":"006","abrev":"DL","name":"DelXX XXX XXXXX XXX.","id":6772484854},"bsp":{"isoCountryCode":"CH","name":"SWIT","id":6772}},{"agent":{"iataCode":"8120748","address":"THUXXXXXXXXXXXXX 99","city":"Zurich","name":"PFIXXX XXX","id":67728120748,"status":"Active"},"ticketingAuthority":true,"airline":{"iataCode":"006","abrev":"DL","name":"DelXX XXX XXXXX XXX.","id":6772484854},"bsp":{"isoCountryCode":"CH","name":"SWIT","id":6772}},{"agent":{"iataCode":"8120749","address":"BAEXXXXXXX 99","city":"Zurich","name":"AE XXXXXX XXXXXXXX XXXXXX","id":67728120749,"status":"Active"},"ticketingAuthority":true,"airline":{"iataCode":"006","abrev":"DL","name":"DelXX XXX XXXXX XXX.","id":6772484854},"bsp":{"isoCountryCode":"CH","name":"SWIT","id":6772}},{"agent":{"iataCode":"8120750","address":"THUXXXXXXXXXXXXX 99","city":"Zurich","name":"UBS XX","id":67728120750,"status":"Active"},"ticketingAuthority":true,"airline":{"iataCode":"006","abrev":"DL","name":"DelXX XXX XXXXX XXX.","id":6772484854},"bsp":{"isoCountryCode":"CH","name":"SWIT","id":6772}},{"agent":{"iataCode":"8120753","address":"RUE XX 99 XXXXXXXX 99-99& 99-9","city":"GENEVA","name":"WWW.XXXXXXX.XX","id":67728120753,"status":"Active"},"ticketingAuthority":true,"airline":{"iataCode":"006","abrev":"DL","name":"DelXX XXX XXXXX XXX.","id":6772484854},"bsp":{"isoCountryCode":"CH","name":"SWIT","id":6772}},{"agent":{"iataCode":"8120756","address":"ROUXX XX XXXXX XXXXXX, 9","city":"Nyon","name":"CWT - XXXXXXXXXXXXXXXXXX X.X.","id":67728120756,"status":"Active"},"ticketingAuthority":true,"airline":{"iataCode":"006","abrev":"DL","name":"DelXX XXX XXXXX XXX.","id":6772484854},"bsp":{"isoCountryCode":"CH","name":"SWIT","id":6772}},{"agent":{"iataCode":"8120757","address":"JOSXXXXXXXXX 999","city":"Zurich","name":"CWT - XXXXXXXXXXXXXXXXXX X.X.","id":67728120757,"status":"Active"},"ticketingAuthority":true,"airline":{"iataCode":"006","abrev":"DL","name":"DelXX XXX XXXXX XXX.","id":6772484854},"bsp":{"isoCountryCode":"CH","name":"SWIT","id":6772}},{"agent":{"iataCode":"8120758","address":"CHEXXX XX XXXXXXXXXX, 9","city":"GENEVA","name":"CWT - XXXXXXXXXXXXXXXXXX X.X.","id":67728120758,"status":"Active"},"ticketingAuthority":true,"airline":{"iataCode":"006","abrev":"DL","name":"DelXX XXX XXXXX XXX.","id":6772484854},"bsp":{"isoCountryCode":"CH","name":"SWIT","id":6772}},{"agent":{"iataCode":"8120759","address":"ANEXXXXXXXXXXXX 99","city":"Zurich","name":"AE XXXXXX XXXXXXXX XXXXXX","id":67728120759,"status":"Active"},"ticketingAuthority":true,"airline":{"iataCode":"006","abrev":"DL","name":"DelXX XXX XXXXX XXX.","id":6772484854},"bsp":{"isoCountryCode":"CH","name":"SWIT","id":6772}},{"agent":{"iataCode":"8120760","address":"93, XX. X'XXXX","city":"GENEVA","name":"ONG XXXXXXX","id":67728120760,"status":"Active"},"ticketingAuthority":true,"airline":{"iataCode":"006","abrev":"DL","name":"DelXX XXX XXXXX XXX.","id":6772484854},"bsp":{"isoCountryCode":"CH","name":"SWIT","id":6772}},{"agent":{"iataCode":"8120763","address":"JOSXXXXXXXXX, 999","city":"Zurich","name":"CWT - XXXXXXXXXXXXXXXXXX X.X.","id":67728120763,"status":"Active"},"ticketingAuthority":true,"airline":{"iataCode":"006","abrev":"DL","name":"DelXX XXX XXXXX XXX.","id":6772484854},"bsp":{"isoCountryCode":"CH","name":"SWIT","id":6772}},{"agent":{"iataCode":"8120765","address":"THUXXXXXXXXXXXXX 99","city":"Zurich","name":"BANXXX XX XXXXXXXXXX","id":67728120765,"status":"Active"},"ticketingAuthority":true,"airline":{"iataCode":"006","abrev":"DL","name":"DelXX XXX XXXXX XXX.","id":6772484854},"bsp":{"isoCountryCode":"CH","name":"SWIT","id":6772}},{"agent":{"iataCode":"8120766","address":"","city":"GENEVA","name":"WWW.XXXXXXX.XX","id":67728120766,"status":"Active"},"ticketingAuthority":true,"airline":{"iataCode":"006","abrev":"DL","name":"DelXX XXX XXXXX XXX.","id":6772484854},"bsp":{"isoCountryCode":"CH","name":"SWIT","id":6772}},{"agent":{"iataCode":"8120767","address":"RouXX XX XXXXX XXXXXX, 9","city":"Carouge","name":"3MUXXX","id":67728120767,"status":"Active"},"ticketingAuthority":true,"airline":{"iataCode":"006","abrev":"DL","name":"DelXX XXX XXXXX XXX.","id":6772484854},"bsp":{"isoCountryCode":"CH","name":"SWIT","id":6772}},{"agent":{"iataCode":"8120768","address":"THUXXXXXXXXXXXXX 99","city":"Zurich","name":"CARXXXX","id":67728120768,"status":"Active"},"ticketingAuthority":true,"airline":{"iataCode":"006","abrev":"DL","name":"DelXX XXX XXXXX XXX.","id":6772484854},"bsp":{"isoCountryCode":"CH","name":"SWIT","id":6772}},{"agent":{"iataCode":"8120769","address":"54-99, XXX XX XXXXXXXXXXXX","city":"GENEVA","name":"CWT - XXXXXXXXXXXXXXXXXX X.X.","id":67728120769,"status":"Active"},"ticketingAuthority":true,"airline":{"iataCode":"006","abrev":"DL","name":"DelXX XXX XXXXX XXX.","id":6772484854},"bsp":{"isoCountryCode":"CH","name":"SWIT","id":6772}},{"agent":{"iataCode":"8120771","address":"PLAXX XXX XXXXXXX","city":"GENEVA","name":"CWT - XXXXXXXXXXXXXXXXXX X.X.","id":67728120771,"status":"Active"},"ticketingAuthority":true,"airline":{"iataCode":"006","abrev":"DL","name":"DelXX XXX XXXXX XXX.","id":6772484854},"bsp":{"isoCountryCode":"CH","name":"SWIT","id":6772}},{"agent":{"iataCode":"8120772","address":"11-99, XXXXXX XXX XXXXXXXX","city":"Chatelaine","name":"CWT - XXXXXXXXXXXXXXXXXX X.X.","id":67728120772,"status":"Active"},"ticketingAuthority":true,"airline":{"iataCode":"006","abrev":"DL","name":"DelXX XXX XXXXX XXX.","id":6772484854},"bsp":{"isoCountryCode":"CH","name":"SWIT","id":6772}},{"agent":{"iataCode":"8120773","address":"AVEXXX XXXXX 99","city":"GENEVA","name":"CWT - XXXXXXXXXXXXXXXXXX X.X.","id":67728120773,"status":"Active"},"ticketingAuthority":true,"airline":{"iataCode":"006","abrev":"DL","name":"DelXX XXX XXXXX XXX.","id":6772484854},"bsp":{"isoCountryCode":"CH","name":"SWIT","id":6772}},{"agent":{"iataCode":"8120774","address":"AVEXXX XXXXX 99","city":"GENEVA","name":"CWT - XXXXXXXXXXXXXXXXXX X.X.","id":67728120774,"status":"Active"},"ticketingAuthority":true,"airline":{"iataCode":"006","abrev":"DL","name":"DelXX XXX XXXXX XXX.","id":6772484854},"bsp":{"isoCountryCode":"CH","name":"SWIT","id":6772}},{"agent":{"iataCode":"8120775","address":"AVEXXX XX XX XXXX 9XXX","city":"GENEVA","name":"CWT - XXXXXXXXXXXXXXXXXX X.X.","id":67728120775,"status":"Active"},"ticketingAuthority":true,"airline":{"iataCode":"006","abrev":"DL","name":"DelXX XXX XXXXX XXX.","id":6772484854},"bsp":{"isoCountryCode":"CH","name":"SWIT","id":6772}},{"agent":{"iataCode":"8120776","address":"94, XXX XX XXXXXXXXXXXX","city":"GENEVA","name":"CWT - XXXXXXXXXXXXXXXXXX X.X.","id":67728120776,"status":"Active"},"ticketingAuthority":true,"airline":{"iataCode":"006","abrev":"DL","name":"DelXX XXX XXXXX XXX.","id":6772484854},"bsp":{"isoCountryCode":"CH","name":"SWIT","id":6772}},{"agent":{"iataCode":"8120777","address":"CHEXXX XXX XXXXXXXXXXX 99","city":"GENEVA","name":"CWT - XXXXXXXXXXXXXXXXXX X.X.","id":67728120777,"status":"Active"},"ticketingAuthority":true,"airline":{"iataCode":"006","abrev":"DL","name":"DelXX XXX XXXXX XXX.","id":6772484854},"bsp":{"isoCountryCode":"CH","name":"SWIT","id":6772}},{"agent":{"iataCode":"8120780","address":"THUXXXXXXXXXXXXX 99","city":"Zurich","name":"BCD XXXXXX XXXXXX XX","id":67728120780,"status":"Active"},"ticketingAuthority":true,"airline":{"iataCode":"006","abrev":"DL","name":"DelXX XXX XXXXX XXX.","id":6772484854},"bsp":{"isoCountryCode":"CH","name":"SWIT","id":6772}},{"agent":{"iataCode":"8120782","address":"BRAXXXXXXXXX.99","city":"Dietlikon","name":"FTI XXXXXXXXXX XX","id":67728120782,"status":"Active"},"ticketingAuthority":true,"airline":{"iataCode":"006","abrev":"DL","name":"DelXX XXX XXXXX XXX.","id":6772484854},"bsp":{"isoCountryCode":"CH","name":"SWIT","id":6772}},{"agent":{"iataCode":"8120783","address":"","city":"GENEVA","name":"EBOXXXXX.XXX XX","id":67728120783,"status":"Active"},"ticketingAuthority":true,"airline":{"iataCode":"006","abrev":"DL","name":"DelXX XXX XXXXX XXX.","id":6772484854},"bsp":{"isoCountryCode":"CH","name":"SWIT","id":6772}},{"agent":{"iataCode":"8120784","address":"AVEXXX XX XX XXXX 9-9","city":"GENEVA","name":"CWT - XXXXXXXXXXXXXXXXXX X.X.","id":67728120784,"status":"Active"},"ticketingAuthority":true,"airline":{"iataCode":"006","abrev":"DL","name":"DelXX XXX XXXXX XXX.","id":6772484854},"bsp":{"isoCountryCode":"CH","name":"SWIT","id":6772}},{"agent":{"iataCode":"8120785","address":"GRAXXXXXXXXX.9","city":"Volketswil","name":"ITS XXXX XXXXXXX","id":67728120785,"status":"Active"},"ticketingAuthority":true,"airline":{"iataCode":"006","abrev":"DL","name":"DelXX XXX XXXXX XXX.","id":6772484854},"bsp":{"isoCountryCode":"CH","name":"SWIT","id":6772}},{"agent":{"iataCode":"8120786","address":"MAEXXXXXXXXXXXXXXXXXXX 99","city":"Basel","name":"CWT - XXXXXXXXXXXXXXXXXX X.X.","id":67728120786,"status":"Active"},"ticketingAuthority":true,"airline":{"iataCode":"006","abrev":"DL","name":"DelXX XXX XXXXX XXX.","id":6772484854},"bsp":{"isoCountryCode":"CH","name":"SWIT","id":6772}},{"agent":{"iataCode":"8120787","address":"THUXXXXXXXXXXXXX 99","city":"Zurich","name":"M&E","id":67728120787,"status":"Active"},"ticketingAuthority":true,"airline":{"iataCode":"006","abrev":"DL","name":"DelXX XXX XXXXX XXX.","id":6772484854},"bsp":{"isoCountryCode":"CH","name":"SWIT","id":6772}},{"agent":{"iataCode":"8120860","address":"LimXXXXXXXXXX 999","city":"Zurich","name":"TEN XXXXXXXXX XXXXXXXXXX XXXXX","id":67728120860,"status":"Active"},"ticketingAuthority":true,"airline":{"iataCode":"006","abrev":"DL","name":"DelXX XXX XXXXX XXX.","id":6772484854},"bsp":{"isoCountryCode":"CH","name":"SWIT","id":6772}},{"agent":{"iataCode":"8121006","address":"BAHXXXXXXXXXXX 99","city":"Root","name":"TAKX XX XXXXXX XX","id":67728121006,"status":"Active"},"ticketingAuthority":true,"airline":{"iataCode":"006","abrev":"DL","name":"DelXX XXX XXXXX XXX.","id":6772484854},"bsp":{"isoCountryCode":"CH","name":"SWIT","id":6772}},{"agent":{"iataCode":"8121008","address":"93, XX. X'XXXX","city":"GENEVA","name":"TRAXXXXXXX 9999 X.X.","id":67728121008,"status":"Active"},"ticketingAuthority":true,"airline":{"iataCode":"006","abrev":"DL","name":"DelXX XXX XXXXX XXX.","id":6772484854},"bsp":{"isoCountryCode":"CH","name":"SWIT","id":6772}},{"agent":{"iataCode":"8121017","address":"RUE XX X'XXXXXXX 9","city":"Neuchatel","name":"KUOXX XXXXXX","id":67728121017,"status":"Active"},"ticketingAuthority":true,"airline":{"iataCode":"006","abrev":"DL","name":"DelXX XXX XXXXX XXX.","id":6772484854},"bsp":{"isoCountryCode":"CH","name":"SWIT","id":6772}},{"agent":{"iataCode":"8121024","address":"MAN XXXXXXX XXXXXXXXXX 99","city":"Zurich","name":"HRG XXXXXXXXXXX","id":67728121024,"status":"Active"},"ticketingAuthority":true,"airline":{"iataCode":"006","abrev":"DL","name":"DelXX XXX XXXXX XXX.","id":6772484854},"bsp":{"isoCountryCode":"CH","name":"SWIT","id":6772}},{"agent":{"iataCode":"8121025","address":"BOUXXXXXX XXXXXXXXXX 99","city":"GENEVA","name":"AERXXXXX XXXXXXX XXXX","id":67728121025,"status":"Active"},"ticketingAuthority":true,"airline":{"iataCode":"006","abrev":"DL","name":"DelXX XXX XXXXX XXX.","id":6772484854},"bsp":{"isoCountryCode":"CH","name":"SWIT","id":6772}},{"agent":{"iataCode":"8121027","address":"P.O. XXX XXXXXXXXXXXXX 9 XXXXX","city":"Zurich","name":"DNAXX XXXXXXXXXXX XX","id":67728121027,"status":"Active"},"ticketingAuthority":true,"airline":{"iataCode":"006","abrev":"DL","name":"DelXX XXX XXXXX XXX.","id":6772484854},"bsp":{"isoCountryCode":"CH","name":"SWIT","id":6772}},{"agent":{"iataCode":"8121030","address":"LANXXXXXXXXXXXX 9X X.X. XXX 99","city":"Rotkreuz","name":"PARX XXXX XXXXXX XXX","id":67728121030,"status":"Active"},"ticketingAuthority":true,"airline":{"iataCode":"006","abrev":"DL","name":"DelXX XXX XXXXX XXX.","id":6772484854},"bsp":{"isoCountryCode":"CH","name":"SWIT","id":6772}},{"agent":{"iataCode":"8121033","address":"CHEXXX XX XXXXXXXXXXXX 9","city":"Gland","name":"DESXXXXXXXXX.XX XX","id":67728121033,"status":"Active"},"ticketingAuthority":true,"airline":{"iataCode":"006","abrev":"DL","name":"DelXX XXX XXXXX XXX.","id":6772484854},"bsp":{"isoCountryCode":"CH","name":"SWIT","id":6772}},{"agent":{"iataCode":"8121037","address":"BINXXXXXXXXXXXXXX 99","city":"Zurich","name":"ALP-XXXXX","id":67728121037,"status":"Active"},"ticketingAuthority":true,"airline":{"iataCode":"006","abrev":"DL","name":"DelXX XXX XXXXX XXX.","id":6772484854},"bsp":{"isoCountryCode":"CH","name":"SWIT","id":6772}},{"agent":{"iataCode":"8121039","address":"ALPXXXXXXXXX 9","city":"Lucerne","name":"KOMXXX XXXXXX XX","id":67728121039,"status":"Active"},"ticketingAuthority":true,"airline":{"iataCode":"006","abrev":"DL","name":"DelXX XXX XXXXX XXX.","id":6772484854},"bsp":{"isoCountryCode":"CH","name":"SWIT","id":6772}},{"agent":{"iataCode":"8121043","address":"LAVXXXXXXXXXXX 99","city":"Zurich","name":"BRAXX XXXXXX XX","id":67728121043,"status":"Active"},"ticketingAuthority":true,"airline":{"iataCode":"006","abrev":"DL","name":"DelXX XXX XXXXX XXX.","id":6772484854},"bsp":{"isoCountryCode":"CH","name":"SWIT","id":6772}},{"agent":{"iataCode":"8121046","address":"SIHXXXXXXXXXXXX 99","city":"Zurich","name":"VATXX XX","id":67728121046,"status":"Active"},"ticketingAuthority":true,"airline":{"iataCode":"006","abrev":"DL","name":"DelXX XXX XXXXX XXX.","id":6772484854},"bsp":{"isoCountryCode":"CH","name":"SWIT","id":6772}},{"agent":{"iataCode":"8121051","address":"FRIXXXXXXXXXXXXXXX 99","city":"Zurich","name":"TUI XXXXXX XXX","id":67728121051,"status":"Active"},"ticketingAuthority":true,"airline":{"iataCode":"006","abrev":"DL","name":"DelXX XXX XXXXX XXX.","id":6772484854},"bsp":{"isoCountryCode":"CH","name":"SWIT","id":6772}},{"agent":{"iataCode":"8121056","address":"RIVX XXXXXXXX 9","city":"Lugano","name":"DIAXXXX XXXXXX X.X.","id":67728121056,"status":"Active"},"ticketingAuthority":true,"airline":{"iataCode":"006","abrev":"DL","name":"DelXX XXX XXXXX XXX.","id":6772484854},"bsp":{"isoCountryCode":"CH","name":"SWIT","id":6772}},{"agent":{"iataCode":"8121059","address":"MALXXXXXXXX 99","city":"Zurich","name":"GUTXXXX XXXXXX X.X. XXXXXXX","id":67728121059,"status":"Active"},"ticketingAuthority":true,"airline":{"iataCode":"006","abrev":"DL","name":"DelXX XXX XXXXX XXX.","id":6772484854},"bsp":{"isoCountryCode":"CH","name":"SWIT","id":6772}},{"agent":{"iataCode":"8121061","address":"PIAXXX XXX XXXX","city":"Bellinzona","name":"MISXXX XXXXXX XXXXXX XXXXXXX","id":67728121061,"status":"Active"},"ticketingAuthority":true,"airline":{"iataCode":"006","abrev":"DL","name":"DelXX XXX XXXXX XXX.","id":6772484854},"bsp":{"isoCountryCode":"CH","name":"SWIT","id":6772}},{"agent":{"iataCode":"8121063","address":"AVEXXX XXXXXX XXXXXXX, 99","city":"GENEVA","name":"MSC XXXXXXX","id":67728121063,"status":"Active"},"ticketingAuthority":true,"airline":{"iataCode":"006","abrev":"DL","name":"DelXX XXX XXXXX XXX.","id":6772484854},"bsp":{"isoCountryCode":"CH","name":"SWIT","id":6772}},{"agent":{"iataCode":"8121065","address":"STRXXXXXXXX 99","city":"Zurich","name":"POLXXXXXX XXXXX & XXXXXX XX","id":67728121065,"status":"Active"},"ticketingAuthority":true,"airline":{"iataCode":"006","abrev":"DL","name":"DelXX XXX XXXXX XXX.","id":6772484854},"bsp":{"isoCountryCode":"CH","name":"SWIT","id":6772}},{"agent":{"iataCode":"8121068","address":"NEUX XXXX 9","city":"Zurich","name":"KUOXX XXXXXX","id":67728121068,"status":"Active"},"ticketingAuthority":true,"airline":{"iataCode":"006","abrev":"DL","name":"DelXX XXX XXXXX XXX.","id":6772484854},"bsp":{"isoCountryCode":"CH","name":"SWIT","id":6772}},{"agent":{"iataCode":"8121070","address":"38, XXX XXXX-XXXXXX","city":"Bassecourt","name":"VOYXXXX XXXXXXXX","id":67728121070,"status":"Active"},"ticketingAuthority":true,"airline":{"iataCode":"006","abrev":"DL","name":"DelXX XXX XXXXX XXX.","id":6772484854},"bsp":{"isoCountryCode":"CH","name":"SWIT","id":6772}},{"agent":{"iataCode":"8121072","address":"BAHXXXXXXXXXXXX 9","city":"Zug","name":"BTA XXXXX","id":67728121072,"status":"Active"},"ticketingAuthority":true,"airline":{"iataCode":"006","abrev":"DL","name":"DelXX XXX XXXXX XXX.","id":6772484854},"bsp":{"isoCountryCode":"CH","name":"SWIT","id":6772}},{"agent":{"iataCode":"8121079","address":"13, XXX XX XXXXXXXXXXXX","city":"GENEVA","name":"VL XXXXXXXX XX XXXXXXX X.X.","id":67728121079,"status":"Active"},"ticketingAuthority":true,"airline":{"iataCode":"006","abrev":"DL","name":"DelXX XXX XXXXX XXX.","id":6772484854},"bsp":{"isoCountryCode":"CH","name":"SWIT","id":6772}},{"agent":{"iataCode":"8121080","address":"CORXX XXXXXXXXXX 99","city":"Lugano","name":"VIAXXXXXX XX","id":67728121080,"status":"Active"},"ticketingAuthority":true,"airline":{"iataCode":"006","abrev":"DL","name":"DelXX XXX XXXXX XXX.","id":6772484854},"bsp":{"isoCountryCode":"CH","name":"SWIT","id":6772}},{"agent":{"iataCode":"8121091","address":"BAHXXXXXXXXXXX 9 (9.XX)","city":"Lyss","name":"CAMXXXXXXXX XXXXXX XX","id":67728121091,"status":"Active"},"ticketingAuthority":true,"airline":{"iataCode":"006","abrev":"DL","name":"DelXX XXX XXXXX XXX.","id":6772484854},"bsp":{"isoCountryCode":"CH","name":"SWIT","id":6772}},{"agent":{"iataCode":"8121094","address":"SEEXXXXXXX99 X.X. XXX 99","city":"Walenstadt","name":"ALPXX XXXXXX XXXX","id":67728121094,"status":"Active"},"ticketingAuthority":true,"airline":{"iataCode":"006","abrev":"DL","name":"DelXX XXX XXXXX XXX.","id":6772484854},"bsp":{"isoCountryCode":"CH","name":"SWIT","id":6772}},{"agent":{"iataCode":"8121095","address":"9, XXX XX XXXXX","city":"GENEVA","name":"LE XXXX XXX XXXXX XX","id":67728121095,"status":"Active"},"ticketingAuthority":true,"airline":{"iataCode":"006","abrev":"DL","name":"DelXX XXX XXXXX XXX.","id":6772484854},"bsp":{"isoCountryCode":"CH","name":"SWIT","id":6772}},{"agent":{"iataCode":"8121098","address":"ManXXXXXXXXXXX 999","city":"Zurich","name":"GLOXXX XXXXX XXXX","id":67728121098,"status":"Active"},"ticketingAuthority":true,"airline":{"iataCode":"006","abrev":"DL","name":"DelXX XXX XXXXX XXX.","id":6772484854},"bsp":{"isoCountryCode":"CH","name":"SWIT","id":6772}},{"agent":{"iataCode":"8121100","address":"BLUXXXXXXXXXX 9 XXXX XXXX","city":"Goldach","name":"SINXXX XXXXXX XXXX","id":67728121100,"status":"Active"},"ticketingAuthority":true,"airline":{"iataCode":"006","abrev":"DL","name":"DelXX XXX XXXXX XXX.","id":6772484854},"bsp":{"isoCountryCode":"CH","name":"SWIT","id":6772}},{"agent":{"iataCode":"8121104","address":"BREXXX 9","city":"Zurich","name":"REIXX-XXXXX XXXXXXX","id":67728121104,"status":"Active"},"ticketingAuthority":true,"airline":{"iataCode":"006","abrev":"DL","name":"DelXX XXX XXXXX XXX.","id":6772484854},"bsp":{"isoCountryCode":"CH","name":"SWIT","id":6772}},{"agent":{"iataCode":"8121105","address":"BRUXXXXXXXXX 99","city":"Lucerne","name":"JET XXXXXX XX","id":67728121105,"status":"Active"},"ticketingAuthority":true,"airline":{"iataCode":"006","abrev":"DL","name":"DelXX XXX XXXXX XXX.","id":6772484854},"bsp":{"isoCountryCode":"CH","name":"SWIT","id":6772}},{"agent":{"iataCode":"8121107","address":"AV. XX XX XXXX 99","city":"Lausanne","name":"PANXXXXX XXXXXXX","id":67728121107,"status":"Active"},"ticketingAuthority":true,"airline":{"iataCode":"006","abrev":"DL","name":"DelXX XXX XXXXX XXX.","id":6772484854},"bsp":{"isoCountryCode":"CH","name":"SWIT","id":6772}},{"agent":{"iataCode":"8121108","address":"AVEXXX XX XXXXXXXXXX 9","city":"Lausanne","name":"S.E.X. XXXXXXX XXXX","id":67728121108,"status":"Active"},"ticketingAuthority":true,"airline":{"iataCode":"006","abrev":"DL","name":"DelXX XXX XXXXX XXX.","id":6772484854},"bsp":{"isoCountryCode":"CH","name":"SWIT","id":6772}},{"agent":{"iataCode":"8121109","address":"CENXXXXXXXXXXXXX 99 XXXXXXXX","city":"Basel","name":"DITX","id":67728121109,"status":"Active"},"ticketingAuthority":true,"airline":{"iataCode":"006","abrev":"DL","name":"DelXX XXX XXXXX XXX.","id":6772484854},"bsp":{"isoCountryCode":"CH","name":"SWIT","id":6772}},{"agent":{"iataCode":"8121111","address":"2 RXX XX XX XXXXXXXXXX","city":"Carouge","name":"B TX X XXXXXX XX","id":67728121111,"status":"Active"},"ticketingAuthority":true,"airline":{"iataCode":"006","abrev":"DL","name":"DelXX XXX XXXXX XXX.","id":6772484854},"bsp":{"isoCountryCode":"CH","name":"SWIT","id":6772}},{"agent":{"iataCode":"8121114","address":"KAKXXXXXXXXXXXXX 99","city":"Zurich","name":"AGEXXXX X. XXXXX-XXXXXXX","id":67728121114,"status":"Active"},"ticketingAuthority":true,"airline":{"iataCode":"006","abrev":"DL","name":"DelXX XXX XXXXX XXX.","id":6772484854},"bsp":{"isoCountryCode":"CH","name":"SWIT","id":6772}},{"agent":{"iataCode":"8121115","address":"OBEXX XXXXXXXXXXXXXX 99","city":"Wil","name":"AYDXXXX XXXXXX XXXX","id":67728121115,"status":"Active"},"ticketingAuthority":true,"airline":{"iataCode":"006","abrev":"DL","name":"DelXX XXX XXXXX XXX.","id":6772484854},"bsp":{"isoCountryCode":"CH","name":"SWIT","id":6772}},{"agent":{"iataCode":"8121126","address":"RUE XXXXXXX 9","city":"GENEVA","name":"V.I.X. XXXXXXX X.X.","id":67728121126,"status":"Active"},"ticketingAuthority":true,"airline":{"iataCode":"006","abrev":"DL","name":"DelXX XXX XXXXX XXX.","id":6772484854},"bsp":{"isoCountryCode":"CH","name":"SWIT","id":6772}},{"agent":{"iataCode":"8121127","address":"SEIXXXXXXXXX 99","city":"Zurich","name":"PRIXX XXXXXX XXXXXX","id":67728121127,"status":"Active"},"ticketingAuthority":true,"airline":{"iataCode":"006","abrev":"DL","name":"DelXX XXX XXXXX XXX.","id":6772484854},"bsp":{"isoCountryCode":"CH","name":"SWIT","id":6772}},{"agent":{"iataCode":"8121128","address":"RUE XXXXXXX XXXXXX 99","city":"GENEVA","name":"CLUX XXXXXXXX","id":67728121128,"status":"Active"},"ticketingAuthority":true,"airline":{"iataCode":"006","abrev":"DL","name":"DelXX XXX XXXXX XXX.","id":6772484854},"bsp":{"isoCountryCode":"CH","name":"SWIT","id":6772}},{"agent":{"iataCode":"8121130","address":"TICXXX XXXXXX/XXXX XXXXXXXX","city":"Zurich","name":"TICXXX XXXXXX","id":67728121130,"status":"Active"},"ticketingAuthority":true,"airline":{"iataCode":"006","abrev":"DL","name":"DelXX XXX XXXXX XXX.","id":6772484854},"bsp":{"isoCountryCode":"CH","name":"SWIT","id":6772}},{"agent":{"iataCode":"8121131","address":"RATXXXXXXXXX 99","city":"LENZBURG 2","name":"ALTXXXXX XXXXXX XX","id":67728121131,"status":"Non Active"},"ticketingAuthority":true,"airline":{"iataCode":"006","abrev":"DL","name":"DelXX XXX XXXXX XXX.","id":6772484854},"bsp":{"isoCountryCode":"CH","name":"SWIT","id":6772}},{"agent":{"iataCode":"8121143","address":"IM XXXXXXXXXXXXX 9","city":"Zurich","name":"INSXXXX XXXXXX","id":67728121143,"status":"Active"},"ticketingAuthority":true,"airline":{"iataCode":"006","abrev":"DL","name":"DelXX XXX XXXXX XXX.","id":6772484854},"bsp":{"isoCountryCode":"CH","name":"SWIT","id":6772}},{"agent":{"iataCode":"8121144","address":"VIA XXXXX 99","city":"Chiasso","name":"UVEX XX XX","id":67728121144,"status":"Active"},"ticketingAuthority":true,"airline":{"iataCode":"006","abrev":"DL","name":"DelXX XXX XXXXX XXX.","id":6772484854},"bsp":{"isoCountryCode":"CH","name":"SWIT","id":6772}},{"agent":{"iataCode":"8121147","address":"RUE XX XXXXXXXX 99","city":"Fribourg","name":"INDXXX XXXXX XX","id":67728121147,"status":"Active"},"ticketingAuthority":true,"airline":{"iataCode":"006","abrev":"DL","name":"DelXX XXX XXXXX XXX.","id":6772484854},"bsp":{"isoCountryCode":"CH","name":"SWIT","id":6772}},{"agent":{"iataCode":"8121152","address":"AV. XXXXX XXXXX 99","city":"GENEVA","name":"EXEXXXXXX XXXXXX XXXXXXX XX","id":67728121152,"status":"Active"},"ticketingAuthority":true,"airline":{"iataCode":"006","abrev":"DL","name":"DelXX XXX XXXXX XXX.","id":6772484854},"bsp":{"isoCountryCode":"CH","name":"SWIT","id":6772}},{"agent":{"iataCode":"8121156","address":"31 XXX XXXXXXX","city":"Carouge","name":"HAVXX XXXXXXX","id":67728121156,"status":"Active"},"ticketingAuthority":true,"airline":{"iataCode":"006","abrev":"DL","name":"DelXX XXX XXXXX XXX.","id":6772484854},"bsp":{"isoCountryCode":"CH","name":"SWIT","id":6772}},{"agent":{"iataCode":"8121157","address":"FIFX-XXXXXXX 99","city":"Zurich","name":"FedXXXXXXX XXXXXXXXXXXXXX XX X","id":67728121157,"status":"Active"},"ticketingAuthority":true,"airline":{"iataCode":"006","abrev":"DL","name":"DelXX XXX XXXXX XXX.","id":6772484854},"bsp":{"isoCountryCode":"CH","name":"SWIT","id":6772}},{"agent":{"iataCode":"8121159","address":"HerXXXXXXXX 99","city":"Zurich","name":"KuoXX XXXXXX","id":67728121159,"status":"Active"},"ticketingAuthority":true,"airline":{"iataCode":"006","abrev":"DL","name":"DelXX XXX XXXXX XXX.","id":6772484854},"bsp":{"isoCountryCode":"CH","name":"SWIT","id":6772}},{"agent":{"iataCode":"8121163","address":"POSXXXXXXXX 99","city":"ST GALLEN","name":"BTA XXXXX","id":67728121163,"status":"Active"},"ticketingAuthority":true,"airline":{"iataCode":"006","abrev":"DL","name":"DelXX XXX XXXXX XXX.","id":6772484854},"bsp":{"isoCountryCode":"CH","name":"SWIT","id":6772}},{"agent":{"iataCode":"8121166","address":"UNTXXXXX 99","city":"Winterthur","name":"NET XXXX XXXXX","id":67728121166,"status":"Active"},"ticketingAuthority":true,"airline":{"iataCode":"006","abrev":"DL","name":"DelXX XXX XXXXX XXX.","id":6772484854},"bsp":{"isoCountryCode":"CH","name":"SWIT","id":6772}},{"agent":{"iataCode":"8121167","address":"RUE XX XX XXXXXXXX 99","city":"GENEVA","name":"MONXX XXXXXXX XXXX","id":67728121167,"status":"Active"},"ticketingAuthority":true,"airline":{"iataCode":"006","abrev":"DL","name":"DelXX XXX XXXXX XXX.","id":6772484854},"bsp":{"isoCountryCode":"CH","name":"SWIT","id":6772}},{"agent":{"iataCode":"8121169","address":"SCHXXXXXXXXXXX 99 XXX XXXXXXXX","city":"Biel","name":"SOL XXX XXXXXXX","id":67728121169,"status":"Active"},"ticketingAuthority":true,"airline":{"iataCode":"006","abrev":"DL","name":"DelXX XXX XXXXX XXX.","id":6772484854},"bsp":{"isoCountryCode":"CH","name":"SWIT","id":6772}},{"agent":{"iataCode":"8121175","address":"FRAXXXXXXXXXXXX 99","city":"Zurich","name":"GLOXXX XXXXXX XXXX","id":67728121175,"status":"Active"},"ticketingAuthority":true,"airline":{"iataCode":"006","abrev":"DL","name":"DelXX XXX XXXXX XXX.","id":6772484854},"bsp":{"isoCountryCode":"CH","name":"SWIT","id":6772}},{"agent":{"iataCode":"8121180","address":"ROUXX XX XXXXXXX 99","city":"Blonay","name":"LA XXX XXX XXXX XX","id":67728121180,"status":"Active"},"ticketingAuthority":true,"airline":{"iataCode":"006","abrev":"DL","name":"DelXX XXX XXXXX XXX.","id":6772484854},"bsp":{"isoCountryCode":"CH","name":"SWIT","id":6772}},{"agent":{"iataCode":"8121183","address":"BINXXXXXXXX 99","city":"Zurich","name":"STC XXXXXXXXXXX XXXXXX XXXXXX","id":67728121183,"status":"Active"},"ticketingAuthority":true,"airline":{"iataCode":"006","abrev":"DL","name":"DelXX XXX XXXXX XXX.","id":6772484854},"bsp":{"isoCountryCode":"CH","name":"SWIT","id":6772}},{"agent":{"iataCode":"8121187","address":"ROUXX XX X'XXXXXXXX 99","city":"GENEVA","name":"SWIXXXXXX XXXXXXXXXXXXX XX","id":67728121187,"status":"Active"},"ticketingAuthority":true,"airline":{"iataCode":"006","abrev":"DL","name":"DelXX XXX XXXXX XXX.","id":6772484854},"bsp":{"isoCountryCode":"CH","name":"SWIT","id":6772}},{"agent":{"iataCode":"8121188","address":"KANXXXXXXXXXXXXXX 99","city":"Basel","name":"PINX XXXXXX XX","id":67728121188,"status":"Active"},"ticketingAuthority":true,"airline":{"iataCode":"006","abrev":"DL","name":"DelXX XXX XXXXX XXX.","id":6772484854},"bsp":{"isoCountryCode":"CH","name":"SWIT","id":6772}},{"agent":{"iataCode":"8121189","address":"34, XX. XXXXXXXX-XXXXXXX XXXX","city":"Lausanne","name":"DEPXXX XXXXXXX XX","id":67728121189,"status":"Active"},"ticketingAuthority":true,"airline":{"iataCode":"006","abrev":"DL","name":"DelXX XXX XXXXX XXX.","id":6772484854},"bsp":{"isoCountryCode":"CH","name":"SWIT","id":6772}},{"agent":{"iataCode":"8121191","address":"VIA XXXXXXXX 99","city":"Locarno","name":"VOLX X XX XXXX","id":67728121191,"status":"Active"},"ticketingAuthority":true,"airline":{"iataCode":"006","abrev":"DL","name":"DelXX XXX XXXXX XXX.","id":6772484854},"bsp":{"isoCountryCode":"CH","name":"SWIT","id":6772}},{"agent":{"iataCode":"8121192","address":"RUE XXXXXXX XX XXXXX 99","city":"GENEVA","name":"DREXXXXXX XXXXXXX XX","id":67728121192,"status":"Active"},"ticketingAuthority":true,"airline":{"iataCode":"006","abrev":"DL","name":"DelXX XXX XXXXX XXX.","id":6772484854},"bsp":{"isoCountryCode":"CH","name":"SWIT","id":6772}},{"agent":{"iataCode":"8121193","address":"SELXXXXXXXXXX 99","city":"Zurich","name":"EF XXXXXX","id":67728121193,"status":"Active"},"ticketingAuthority":true,"airline":{"iataCode":"006","abrev":"DL","name":"DelXX XXX XXXXX XXX.","id":6772484854},"bsp":{"isoCountryCode":"CH","name":"SWIT","id":6772}},{"agent":{"iataCode":"8121194","address":"CHEXXX XXX XXXXXXXXX 99","city":"GENEVA","name":"BK XXXXXXXXXXXX XX","id":67728121194,"status":"Active"},"ticketingAuthority":true,"airline":{"iataCode":"006","abrev":"DL","name":"DelXX XXX XXXXX XXX.","id":6772484854},"bsp":{"isoCountryCode":"CH","name":"SWIT","id":6772}},{"agent":{"iataCode":"8121195","address":"PIAXXXXX XXXX XXXXX 9","city":"Mendrisio","name":"DAVXXXXXX XX","id":67728121195,"status":"Active"},"ticketingAuthority":true,"airline":{"iataCode":"006","abrev":"DL","name":"DelXX XXX XXXXX XXX.","id":6772484854},"bsp":{"isoCountryCode":"CH","name":"SWIT","id":6772}},{"agent":{"iataCode":"8121196","address":"INDXXXXXXXXXXXXX 99","city":"Wallisellen","name":"HENXX XXXXXX XX","id":67728121196,"status":"Active"},"ticketingAuthority":true,"airline":{"iataCode":"006","abrev":"DL","name":"DelXX XXX XXXXX XXX.","id":6772484854},"bsp":{"isoCountryCode":"CH","name":"SWIT","id":6772}},{"agent":{"iataCode":"8121206","address":"IN XXXXXXXXXX 9","city":"Dubendorf","name":"L'TXX XXXXXX XX","id":67728121206,"status":"Active"},"ticketingAuthority":true,"airline":{"iataCode":"006","abrev":"DL","name":"DelXX XXX XXXXX XXX.","id":6772484854},"bsp":{"isoCountryCode":"CH","name":"SWIT","id":6772}},{"agent":{"iataCode":"8121207","address":"TERXXXXX X","city":"Zurich","name":"CGS XXXXXXX XXXXXXXX","id":67728121207,"status":"Active"},"ticketingAuthority":true,"airline":{"iataCode":"006","abrev":"DL","name":"DelXX XXX XXXXX XXX.","id":6772484854},"bsp":{"isoCountryCode":"CH","name":"SWIT","id":6772}},{"agent":{"iataCode":"8121208","address":"TERXXXXX 9 - X9 - 999","city":"Zurich","name":"PUTXXX XXXX","id":67728121208,"status":"Active"},"ticketingAuthority":true,"airline":{"iataCode":"006","abrev":"DL","name":"DelXX XXX XXXXX XXX.","id":6772484854},"bsp":{"isoCountryCode":"CH","name":"SWIT","id":6772}},{"agent":{"iataCode":"8121209","address":"LAEXXXXXXXXXXXXX 99","city":"Bern","name":"SIVX XXXXXX&XXXXXXX XXXX","id":67728121209,"status":"Active"},"ticketingAuthority":true,"airline":{"iataCode":"006","abrev":"DL","name":"DelXX XXX XXXXX XXX.","id":6772484854},"bsp":{"isoCountryCode":"CH","name":"SWIT","id":6772}},{"agent":{"iataCode":"8121213","address":"BIMXXXXXXXXXXXXXXXX 99 XXXXXXX","city":"Kloten","name":"PREXXXX XXX XXX.","id":67728121213,"status":"Active"},"ticketingAuthority":true,"airline":{"iataCode":"006","abrev":"DL","name":"DelXX XXX XXXXX XXX.","id":6772484854},"bsp":{"isoCountryCode":"CH","name":"SWIT","id":6772}},{"agent":{"iataCode":"8121218","address":"42 XXX XX XXXXXXXX","city":"GENEVA","name":"AD XXXXXX XX","id":67728121218,"status":"Active"},"ticketingAuthority":true,"airline":{"iataCode":"006","abrev":"DL","name":"DelXX XXX XXXXX XXX.","id":6772484854},"bsp":{"isoCountryCode":"CH","name":"SWIT","id":6772}},{"agent":{"iataCode":"8121221","address":"STAXXXXXXXXXXXXXX 9","city":"Zurich","name":"ASIXXXX XXXXXXX- XXXXXXXXXXX X","id":67728121221,"status":"Active"},"ticketingAuthority":true,"airline":{"iataCode":"006","abrev":"DL","name":"DelXX XXX XXXXX XXX.","id":6772484854},"bsp":{"isoCountryCode":"CH","name":"SWIT","id":6772}},{"agent":{"iataCode":"8121222","address":"10 XXX XXXXXXXX XXXXXXXX","city":"GENEVA","name":"LARXXXXX XX","id":67728121222,"status":"Active"},"ticketingAuthority":true,"airline":{"iataCode":"006","abrev":"DL","name":"DelXX XXX XXXXX XXX.","id":6772484854},"bsp":{"isoCountryCode":"CH","name":"SWIT","id":6772}},{"agent":{"iataCode":"8121223","address":"PO XXX","city":"Basel","name":"SWIXXXXXX XXXXXXXXXXXXX XX","id":67728121223,"status":"Active"},"ticketingAuthority":true,"airline":{"iataCode":"006","abrev":"DL","name":"DelXX XXX XXXXX XXX.","id":6772484854},"bsp":{"isoCountryCode":"CH","name":"SWIT","id":6772}},{"agent":{"iataCode":"8121226","address":"AIRXXXX XXXX XXXX","city":"Belp","name":"AIR XXXXXX XXXXXX","id":67728121226,"status":"Active"},"ticketingAuthority":true,"airline":{"iataCode":"006","abrev":"DL","name":"DelXX XXX XXXXX XXX.","id":6772484854},"bsp":{"isoCountryCode":"CH","name":"SWIT","id":6772}},{"agent":{"iataCode":"8121232","address":"RUE XXX XXXXX 99","city":"GENEVA","name":"NEOX XXXXXXX","id":67728121232,"status":"Active"},"ticketingAuthority":true,"airline":{"iataCode":"006","abrev":"DL","name":"DelXX XXX XXXXX XXX.","id":6772484854},"bsp":{"isoCountryCode":"CH","name":"SWIT","id":6772}},{"agent":{"iataCode":"8121233","address":"BIEXXXXXXXX 999","city":"Solothurn","name":"BTA XXXXX","id":67728121233,"status":"Active"},"ticketingAuthority":true,"airline":{"iataCode":"006","abrev":"DL","name":"DelXX XXX XXXXX XXX.","id":6772484854},"bsp":{"isoCountryCode":"CH","name":"SWIT","id":6772}},{"agent":{"iataCode":"8121235","address":"KLYXXXXXXXXXXX 99","city":"Basel","name":"NET XXXXXX & XXXXXXX XXXX","id":67728121235,"status":"Active"},"ticketingAuthority":true,"airline":{"iataCode":"006","abrev":"DL","name":"DelXX XXX XXXXX XXX.","id":6772484854},"bsp":{"isoCountryCode":"CH","name":"SWIT","id":6772}},{"agent":{"iataCode":"8121243","address":"FABXXXXXXXXXX 99","city":"Uzwil","name":"TRAXXXXXXXXX XX","id":67728121243,"status":"Active"},"ticketingAuthority":true,"airline":{"iataCode":"006","abrev":"DL","name":"DelXX XXX XXXXX XXX.","id":6772484854},"bsp":{"isoCountryCode":"CH","name":"SWIT","id":6772}},{"agent":{"iataCode":"8121249","address":"OBEXXXXXXXXXXXX 99","city":"Weinfelden","name":"REIXXXXXXX XXXXXXXXXXXXX XXXXX","id":67728121249,"status":"Active"},"ticketingAuthority":true,"airline":{"iataCode":"006","abrev":"DL","name":"DelXX XXX XXXXX XXX.","id":6772484854},"bsp":{"isoCountryCode":"CH","name":"SWIT","id":6772}},{"agent":{"iataCode":"8121251","address":"5 RXX XXXXXXXXXXXX","city":"GENEVA","name":"TRAXX XXXXX XXXXXXX XX","id":67728121251,"status":"Active"},"ticketingAuthority":true,"airline":{"iataCode":"006","abrev":"DL","name":"DelXX XXX XXXXX XXX.","id":6772484854},"bsp":{"isoCountryCode":"CH","name":"SWIT","id":6772}},{"agent":{"iataCode":"8121258","address":"RUE XX XXXXXX 9","city":"Lausanne","name":"SUNXXXXXX XXXXX XX","id":67728121258,"status":"Active"},"ticketingAuthority":true,"airline":{"iataCode":"006","abrev":"DL","name":"DelXX XXX XXXXX XXX.","id":6772484854},"bsp":{"isoCountryCode":"CH","name":"SWIT","id":6772}},{"agent":{"iataCode":"8121261","address":"SCHXXXXXXXXXXXX. 999","city":"Zurich","name":"ALTXX XXXXXX XXXX","id":67728121261,"status":"Active"},"ticketingAuthority":true,"airline":{"iataCode":"006","abrev":"DL","name":"DelXX XXX XXXXX XXX.","id":6772484854},"bsp":{"isoCountryCode":"CH","name":"SWIT","id":6772}},{"agent":{"iataCode":"8121263","address":"TROXXXXXXXXXXXXXX 99","city":"Regensdorf","name":"WeDXXX","id":67728121263,"status":"Active"},"ticketingAuthority":true,"airline":{"iataCode":"006","abrev":"DL","name":"DelXX XXX XXXXX XXX.","id":6772484854},"bsp":{"isoCountryCode":"CH","name":"SWIT","id":6772}},{"agent":{"iataCode":"8121264","address":"ZURXXX XXXXXXXXXXXXX XXXXXXX","city":"Zurich","name":"EFLXXXXXXXXXX XX","id":67728121264,"status":"Active"},"ticketingAuthority":true,"airline":{"iataCode":"006","abrev":"DL","name":"DelXX XXX XXXXX XXX.","id":6772484854},"bsp":{"isoCountryCode":"CH","name":"SWIT","id":6772}},{"agent":{"iataCode":"8121266","address":"SOLXXXXXXXXXXXXXXX 99","city":"Basel","name":"MIRX XXXXXX","id":67728121266,"status":"Active"},"ticketingAuthority":true,"airline":{"iataCode":"006","abrev":"DL","name":"DelXX XXX XXXXX XXX.","id":6772484854},"bsp":{"isoCountryCode":"CH","name":"SWIT","id":6772}},{"agent":{"iataCode":"8121270","address":"GRAXXXXXXXXX.9","city":"Volketswil","name":"ITS XXXX XXXXXX","id":67728121270,"status":"Active"},"ticketingAuthority":true,"airline":{"iataCode":"006","abrev":"DL","name":"DelXX XXX XXXXX XXX.","id":6772484854},"bsp":{"isoCountryCode":"CH","name":"SWIT","id":6772}},{"agent":{"iataCode":"8121277","address":"RUE XXXXXXXXXX 99","city":"GENEVA","name":"TIAX-XXX XXXXXXX XX","id":67728121277,"status":"Active"},"ticketingAuthority":true,"airline":{"iataCode":"006","abrev":"DL","name":"DelXX XXX XXXXX XXX.","id":6772484854},"bsp":{"isoCountryCode":"CH","name":"SWIT","id":6772}},{"agent":{"iataCode":"8121278","address":"HABXXXXXXXXXXXXXX 99","city":"Lucerne","name":"ITM XXXXXX XX","id":67728121278,"status":"Active"},"ticketingAuthority":true,"airline":{"iataCode":"006","abrev":"DL","name":"DelXX XXX XXXXX XXX.","id":6772484854},"bsp":{"isoCountryCode":"CH","name":"SWIT","id":6772}},{"agent":{"iataCode":"8121279","address":"EFFXXXXXXXXXXXX 99X","city":"Bern","name":"ITAXXXXXX XX","id":67728121279,"status":"Active"},"ticketingAuthority":true,"airline":{"iataCode":"006","abrev":"DL","name":"DelXX XXX XXXXX XXX.","id":6772484854},"bsp":{"isoCountryCode":"CH","name":"SWIT","id":6772}},{"agent":{"iataCode":"8121282","address":"WriXXX-XXXXXXX 99 X","city":"Glattpark","name":"CROXXXXXX XXXX","id":67728121282,"status":"Active"},"ticketingAuthority":true,"airline":{"iataCode":"006","abrev":"DL","name":"DelXX XXX XXXXX XXX.","id":6772484854},"bsp":{"isoCountryCode":"CH","name":"SWIT","id":6772}},{"agent":{"iataCode":"8121284","address":"VIA XX XXXXX 9","city":"Lugano","name":"SCHXXXXX XXXXXX XXXXXX XX","id":67728121284,"status":"Active"},"ticketingAuthority":true,"airline":{"iataCode":"006","abrev":"DL","name":"DelXX XXX XXXXX XXX.","id":6772484854},"bsp":{"isoCountryCode":"CH","name":"SWIT","id":6772}},{"agent":{"iataCode":"8121294","address":"STEXXXXXXXXXXXX, 99","city":"Bassersdorf","name":"SCHXXXXX XXXXXX XX","id":67728121294,"status":"Active"},"ticketingAuthority":true,"airline":{"iataCode":"006","abrev":"DL","name":"DelXX XXX XXXXX XXX.","id":6772484854},"bsp":{"isoCountryCode":"CH","name":"SWIT","id":6772}},{"agent":{"iataCode":"8121297","address":"DORXXXXXXXX, 99","city":"Baar","name":"BTA XXXXX","id":67728121297,"status":"Active"},"ticketingAuthority":true,"airline":{"iataCode":"006","abrev":"DL","name":"DelXX XXX XXXXX XXX.","id":6772484854},"bsp":{"isoCountryCode":"CH","name":"SWIT","id":6772}},{"agent":{"iataCode":"8121299","address":"KLOXXXXXXXXXXXX, 99 XXXXXXXX","city":"Zurich","name":"LEGXXXX XXXXXX XXXX","id":67728121299,"status":"Active"},"ticketingAuthority":true,"airline":{"iataCode":"006","abrev":"DL","name":"DelXX XXX XXXXX XXX.","id":6772484854},"bsp":{"isoCountryCode":"CH","name":"SWIT","id":6772}},{"agent":{"iataCode":"8121301","address":"PFLXXXXXXXXXXXXXXX, 99","city":"Zurich","name":"SKY XXXXXXX XXXX","id":67728121301,"status":"Active"},"ticketingAuthority":true,"airline":{"iataCode":"006","abrev":"DL","name":"DelXX XXX XXXXX XXX.","id":6772484854},"bsp":{"isoCountryCode":"CH","name":"SWIT","id":6772}},{"agent":{"iataCode":"8121302","address":"BAHXXXX. 99","city":"Regensdorf","name":"SIG & XX XXXXXX XXXX","id":67728121302,"status":"Active"},"ticketingAuthority":true,"airline":{"iataCode":"006","abrev":"DL","name":"DelXX XXX XXXXX XXX.","id":6772484854},"bsp":{"isoCountryCode":"CH","name":"SWIT","id":6772}},{"agent":{"iataCode":"8121305","address":"RouXX XX XXXXX XXXXXX, 9","city":"Carouge","name":"3MUXXX","id":67728121305,"status":"Active"},"ticketingAuthority":true,"airline":{"iataCode":"006","abrev":"DL","name":"DelXX XXX XXXXX XXX.","id":6772484854},"bsp":{"isoCountryCode":"CH","name":"SWIT","id":6772}},{"agent":{"iataCode":"8121306","address":"GARXXXXXX, 9","city":"Zurich","name":"REIXXXXXX XXXX XXXXXX XX","id":67728121306,"status":"Active"},"ticketingAuthority":true,"airline":{"iataCode":"006","abrev":"DL","name":"DelXX XXX XXXXX XXX.","id":6772484854},"bsp":{"isoCountryCode":"CH","name":"SWIT","id":6772}},{"agent":{"iataCode":"8121316","address":"IN XXX XXXXXXXX, 99","city":"Urdorf","name":"REIXXXXXXXX XXXX XX","id":67728121316,"status":"Active"},"ticketingAuthority":true,"airline":{"iataCode":"006","abrev":"DL","name":"DelXX XXX XXXXX XXX.","id":6772484854},"bsp":{"isoCountryCode":"CH","name":"SWIT","id":6772}},{"agent":{"iataCode":"8121317","address":"RUE XX XXXXXX 99 XX XXX XX XX","city":"GENEVA","name":"VOYXXXXXX XX XXXXX XX","id":67728121317,"status":"Active"},"ticketingAuthority":true,"airline":{"iataCode":"006","abrev":"DL","name":"DelXX XXX XXXXX XXX.","id":6772484854},"bsp":{"isoCountryCode":"CH","name":"SWIT","id":6772}},{"agent":{"iataCode":"8121318","address":"BahXXXXXXXXXXX 999X","city":"Uzwil/SG","name":"IN XXXXXX XXXX XXXX","id":67728121318,"status":"Active"},"ticketingAuthority":true,"airline":{"iataCode":"006","abrev":"DL","name":"DelXX XXX XXXXX XXX.","id":6772484854},"bsp":{"isoCountryCode":"CH","name":"SWIT","id":6772}},{"agent":{"iataCode":"8121319","address":"ALLXXXXXXXXXXX 99","city":"Zug","name":"REIXXXXXXX XXXXXX XX","id":67728121319,"status":"Active"},"ticketingAuthority":true,"airline":{"iataCode":"006","abrev":"DL","name":"DelXX XXX XXXXX XXX.","id":6772484854},"bsp":{"isoCountryCode":"CH","name":"SWIT","id":6772}},{"agent":{"iataCode":"8121320","address":"RUE XX XXXXXXXX, 99","city":"GENEVA","name":"K TXXXXX XX","id":67728121320,"status":"Active"},"ticketingAuthority":true,"airline":{"iataCode":"006","abrev":"DL","name":"DelXX XXX XXXXX XXX.","id":6772484854},"bsp":{"isoCountryCode":"CH","name":"SWIT","id":6772}},{"agent":{"iataCode":"8121323","address":"13 XXX XXXXXXXXXXXX","city":"GENEVA","name":"AL XXXX XXXXXXX XXXX","id":67728121323,"status":"Non Active"},"ticketingAuthority":true,"airline":{"iataCode":"006","abrev":"DL","name":"DelXX XXX XXXXX XXX.","id":6772484854},"bsp":{"isoCountryCode":"CH","name":"SWIT","id":6772}},{"agent":{"iataCode":"8121324","address":"BRAXXXXXXXXX.99","city":"Dietlikon","name":"FTI XXXXXXXXXX XX","id":67728121324,"status":"Active"},"ticketingAuthority":true,"airline":{"iataCode":"006","abrev":"DL","name":"DelXX XXX XXXXX XXX.","id":6772484854},"bsp":{"isoCountryCode":"CH","name":"SWIT","id":6772}},{"agent":{"iataCode":"8121326","address":"BAHXXXXXXXXXXX, 9","city":"Baar","name":"CORXXXXXX XXXXXX XXXXXXXXXX (X","id":67728121326,"status":"Active"},"ticketingAuthority":true,"airline":{"iataCode":"006","abrev":"DL","name":"DelXX XXX XXXXX XXX.","id":6772484854},"bsp":{"isoCountryCode":"CH","name":"SWIT","id":6772}},{"agent":{"iataCode":"8121331","address":"LUZXXXXXXXXXXXX 99","city":"Root","name":"GOLX XXX XXXXXX","id":67728121331,"status":"Active"},"ticketingAuthority":true,"airline":{"iataCode":"006","abrev":"DL","name":"DelXX XXX XXXXX XXX.","id":6772484854},"bsp":{"isoCountryCode":"CH","name":"SWIT","id":6772}},{"agent":{"iataCode":"8121332","address":"38A XXXXX XX XXXXXXXX","city":"GENEVA","name":"LE-XXXXXX.XXX X.X.","id":67728121332,"status":"Active"},"ticketingAuthority":true,"airline":{"iataCode":"006","abrev":"DL","name":"DelXX XXX XXXXX XXX.","id":6772484854},"bsp":{"isoCountryCode":"CH","name":"SWIT","id":6772}},{"agent":{"iataCode":"8121335","address":"BADXXXXXXXXXXX 999","city":"Zurich","name":"WWW.XXXXXXX-XXXXXX.XX","id":67728121335,"status":"Active"},"ticketingAuthority":true,"airline":{"iataCode":"006","abrev":"DL","name":"DelXX XXX XXXXX XXX.","id":6772484854},"bsp":{"isoCountryCode":"CH","name":"SWIT","id":6772}},{"agent":{"iataCode":"8121337","address":"33A, XXXXXX XX XXXX XXXXX","city":"Gland","name":"GTM XXXX XXXXXX XXX XXXX XX","id":67728121337,"status":"Active"},"ticketingAuthority":true,"airline":{"iataCode":"006","abrev":"DL","name":"DelXX XXX XXXXX XXX.","id":6772484854},"bsp":{"isoCountryCode":"CH","name":"SWIT","id":6772}},{"agent":{"iataCode":"8121339","address":"BAHXXXXXXXXXXX 9","city":"Altdorf","name":"IDEX XXXXXX XXX XXXXXXX XX","id":67728121339,"status":"Active"},"ticketingAuthority":true,"airline":{"iataCode":"006","abrev":"DL","name":"DelXX XXX XXXXX XXX.","id":6772484854},"bsp":{"isoCountryCode":"CH","name":"SWIT","id":6772}},{"agent":{"iataCode":"8121340","address":"ZIEXXXXXXX. 99","city":"Bern","name":"ANIXXX XXXXXX XX","id":67728121340,"status":"Active"},"ticketingAuthority":true,"airline":{"iataCode":"006","abrev":"DL","name":"DelXX XXX XXXXX XXX.","id":6772484854},"bsp":{"isoCountryCode":"CH","name":"SWIT","id":6772}},{"agent":{"iataCode":"8121343","address":"ALLXXXXX 99","city":"Bern","name":"B.A.X.X.-XXXXXXXX XXX XXXXXXX","id":67728121343,"status":"Active"},"ticketingAuthority":true,"airline":{"iataCode":"006","abrev":"DL","name":"DelXX XXX XXXXX XXX.","id":6772484854},"bsp":{"isoCountryCode":"CH","name":"SWIT","id":6772}},{"agent":{"iataCode":"8121348","address":"IndXXXXXXXXX. 99","city":"St. Margrethen","name":"DERXXXX XXXXXX XXXXXXX","id":67728121348,"status":"Active"},"ticketingAuthority":true,"airline":{"iataCode":"006","abrev":"DL","name":"DelXX XXX XXXXX XXX.","id":6772484854},"bsp":{"isoCountryCode":"CH","name":"SWIT","id":6772}},{"agent":{"iataCode":"8121349","address":"ALTX XXXXXXXXXXXXX 9","city":"Teufen","name":"DELXXXXXXXXXX","id":67728121349,"status":"Active"},"ticketingAuthority":true,"airline":{"iataCode":"006","abrev":"DL","name":"DelXX XXX XXXXX XXX.","id":6772484854},"bsp":{"isoCountryCode":"CH","name":"SWIT","id":6772}},{"agent":{"iataCode":"8121350","address":"VIA XXX XXXXXX 9","city":"Lugano","name":"GATXXXX XXXXX XX","id":67728121350,"status":"Active"},"ticketingAuthority":true,"airline":{"iataCode":"006","abrev":"DL","name":"DelXX XXX XXXXX XXX.","id":6772484854},"bsp":{"isoCountryCode":"CH","name":"SWIT","id":6772}},{"agent":{"iataCode":"8121352","address":"BELXXXXXXXXXXXXX 99","city":"Zurich","name":"TEN XXXXXXXXX XXXXXXXXXX XXXXX","id":67728121352,"status":"Active"},"ticketingAuthority":true,"airline":{"iataCode":"006","abrev":"DL","name":"DelXX XXX XXXXX XXX.","id":6772484854},"bsp":{"isoCountryCode":"CH","name":"SWIT","id":6772}},{"agent":{"iataCode":"8121353","address":"RUE XX XX XXXXXXXX 99 XXXXXXX","city":"GENEVA","name":"OT XXXXX XXXX","id":67728121353,"status":"Active"},"ticketingAuthority":true,"airline":{"iataCode":"006","abrev":"DL","name":"DelXX XXX XXXXX XXX.","id":6772484854},"bsp":{"isoCountryCode":"CH","name":"SWIT","id":6772}},{"agent":{"iataCode":"8121354","address":"CHEXXX XX XXXXX 9","city":"Nyon","name":"CTM XXXXXX XX","id":67728121354,"status":"Active"},"ticketingAuthority":true,"airline":{"iataCode":"006","abrev":"DL","name":"DelXX XXX XXXXX XXX.","id":6772484854},"bsp":{"isoCountryCode":"CH","name":"SWIT","id":6772}},{"agent":{"iataCode":"8121401","address":"BAHXXXXXXX. 99","city":"Brig","name":"ZERXXXXX XXXXXXXXX XX","id":67728121401,"status":"Active"},"ticketingAuthority":true,"airline":{"iataCode":"006","abrev":"DL","name":"DelXX XXX XXXXX XXX.","id":6772484854},"bsp":{"isoCountryCode":"CH","name":"SWIT","id":6772}},{"agent":{"iataCode":"8121442","address":"RUE XX XXXX-XXXXX 99","city":"GENEVA","name":"ALSX","id":67728121442,"status":"Active"},"ticketingAuthority":true,"airline":{"iataCode":"006","abrev":"DL","name":"DelXX XXX XXXXX XXX.","id":6772484854},"bsp":{"isoCountryCode":"CH","name":"SWIT","id":6772}},{"agent":{"iataCode":"8121600","address":"MUMBAI","city":"MUMBAI","name":"RAVINDRA KADAM","id":67728121600,"status":"Active"},"ticketingAuthority":true,"airline":{"iataCode":"006","abrev":"DL","name":"DelXX XXX XXXXX XXX.","id":6772484854},"bsp":{"isoCountryCode":"CH","name":"SWIT","id":6772}},{"agent":{"iataCode":"8121725","address":"StaXXXXXXXXXXXXXXXX 999","city":"Zurich","name":"HOLXXXX XXXXX XXXXX XX","id":67728121725,"status":"Active"},"ticketingAuthority":true,"airline":{"iataCode":"006","abrev":"DL","name":"DelXX XXX XXXXX XXX.","id":6772484854},"bsp":{"isoCountryCode":"CH","name":"SWIT","id":6772}},{"agent":{"iataCode":"8121825","address":"BADXXXXXXX 99","city":"Baden","name":"RHZ XXXXXX XX","id":67728121825,"status":"Active"},"ticketingAuthority":true,"airline":{"iataCode":"006","abrev":"DL","name":"DelXX XXX XXXXX XXX.","id":6772484854},"bsp":{"isoCountryCode":"CH","name":"SWIT","id":6772}},{"agent":{"iataCode":"8121836","address":"RUE XXXXXX-XXXXXXXXXXX 99","city":"Le Locle","name":"NATXXXX XXXXXXX","id":67728121836,"status":"Active"},"ticketingAuthority":true,"airline":{"iataCode":"006","abrev":"DL","name":"DelXX XXX XXXXX XXX.","id":6772484854},"bsp":{"isoCountryCode":"CH","name":"SWIT","id":6772}},{"agent":{"iataCode":"8121843","address":"ZURXXXXXXXXXX 9","city":"Lucerne","name":"IMBXXX-XXXXXX XX","id":67728121843,"status":"Active"},"ticketingAuthority":true,"airline":{"iataCode":"006","abrev":"DL","name":"DelXX XXX XXXXX XXX.","id":6772484854},"bsp":{"isoCountryCode":"CH","name":"SWIT","id":6772}},{"agent":{"iataCode":"8121995","address":"OTTXXXXXXXXXXX 99","city":"Zurich","name":"PARXXX XXXXXX XX","id":67728121995,"status":"Active"},"ticketingAuthority":true,"airline":{"iataCode":"006","abrev":"DL","name":"DelXX XXX XXXXX XXX.","id":6772484854},"bsp":{"isoCountryCode":"CH","name":"SWIT","id":6772}},{"agent":{"iataCode":"8122244","address":"C/O XXX XXXXXX XXXX","city":"Horgen","name":"CWT - XXXXXXXXXXXXXXXXXX X.X.","id":67728122244,"status":"Active"},"ticketingAuthority":true,"airline":{"iataCode":"006","abrev":"DL","name":"DelXX XXX XXXXX XXX.","id":6772484854},"bsp":{"isoCountryCode":"CH","name":"SWIT","id":6772}},{"agent":{"iataCode":"8122450","address":"RUE XXX-XX-XXXXXX 9","city":"Lausanne","name":"ALSX","id":67728122450,"status":"Active"},"ticketingAuthority":true,"airline":{"iataCode":"006","abrev":"DL","name":"DelXX XXX XXXXX XXX.","id":6772484854},"bsp":{"isoCountryCode":"CH","name":"SWIT","id":6772}},{"agent":{"iataCode":"8122458","address":"RUEXXXXXXXXX 9","city":"Wald","name":"BETXXX XXXXXX XXXX","id":67728122458,"status":"Active"},"ticketingAuthority":true,"airline":{"iataCode":"006","abrev":"DL","name":"DelXX XXX XXXXX XXX.","id":6772484854},"bsp":{"isoCountryCode":"CH","name":"SWIT","id":6772}},{"agent":{"iataCode":"8122652","address":"RUE XXXXXXXX 99","city":"GENEVA","name":"VOYXXXX XXXXXXX XX","id":67728122652,"status":"Active"},"ticketingAuthority":true,"airline":{"iataCode":"006","abrev":"DL","name":"DelXX XXX XXXXX XXX.","id":6772484854},"bsp":{"isoCountryCode":"CH","name":"SWIT","id":6772}},{"agent":{"iataCode":"8122800","address":"NEUXXXXXXX 99","city":"Bern","name":"GLOXXXXXXXXX XXXXXX XXXXXXX XX","id":67728122800,"status":"Active"},"ticketingAuthority":true,"airline":{"iataCode":"006","abrev":"DL","name":"DelXX XXX XXXXX XXX.","id":6772484854},"bsp":{"isoCountryCode":"CH","name":"SWIT","id":6772}},{"agent":{"iataCode":"8123204","address":"AVEXXX XX XXXXXXX 99","city":"Monthey","name":"MONXXXX XXXXXXX","id":67728123204,"status":"Active"},"ticketingAuthority":true,"airline":{"iataCode":"006","abrev":"DL","name":"DelXX XXX XXXXX XXX.","id":6772484854},"bsp":{"isoCountryCode":"CH","name":"SWIT","id":6772}},{"agent":{"iataCode":"8123206","address":"ZENXXXXXXXXXXX 9","city":"Zurich","name":"ROLX XXXXX-XXXXXX","id":67728123206,"status":"Active"},"ticketingAuthority":true,"airline":{"iataCode":"006","abrev":"DL","name":"DelXX XXX XXXXX XXX.","id":6772484854},"bsp":{"isoCountryCode":"CH","name":"SWIT","id":6772}},{"agent":{"iataCode":"8123587","address":"MPAXX XX XXXXXXX XXXXXX XXXXXX","city":"Carouge","name":"DREXX XXXXXX","id":67728123587,"status":"Active"},"ticketingAuthority":true,"airline":{"iataCode":"006","abrev":"DL","name":"DelXX XXX XXXXX XXX.","id":6772484854},"bsp":{"isoCountryCode":"CH","name":"SWIT","id":6772}},{"agent":{"iataCode":"8123791","address":"BadXXXXXXX 99","city":"Baden","name":"KRW XX","id":67728123791,"status":"Active"},"ticketingAuthority":true,"airline":{"iataCode":"006","abrev":"DL","name":"DelXX XXX XXXXX XXX.","id":6772484854},"bsp":{"isoCountryCode":"CH","name":"SWIT","id":6772}},{"agent":{"iataCode":"8123795","address":"12-99, XXX XX XXXXXXXX","city":"GENEVA","name":"GEO-XXXXXXXXXX XX","id":67728123795,"status":"Active"},"ticketingAuthority":true,"airline":{"iataCode":"006","abrev":"DL","name":"DelXX XXX XXXXX XXX.","id":6772484854},"bsp":{"isoCountryCode":"CH","name":"SWIT","id":6772}},{"agent":{"iataCode":"8123799","address":"SAEXXXXXXXXXXXX 99","city":"Glattbrugg","name":"BTA XXXXX","id":67728123799,"status":"Active"},"ticketingAuthority":true,"airline":{"iataCode":"006","abrev":"DL","name":"DelXX XXX XXXXX XXX.","id":6772484854},"bsp":{"isoCountryCode":"CH","name":"SWIT","id":6772}},{"agent":{"iataCode":"8123802","address":"KuoXX XXXXXXXX XXXXXX,","city":"Zurich","name":"KUOXX XXXXXX","id":67728123802,"status":"Active"},"ticketingAuthority":true,"airline":{"iataCode":"006","abrev":"DL","name":"DelXX XXX XXXXX XXX.","id":6772484854},"bsp":{"isoCountryCode":"CH","name":"SWIT","id":6772}},{"agent":{"iataCode":"8123819","address":"KURXXXXXXXXX 99","city":"Daniken","name":"ACS-XXXXXX","id":67728123819,"status":"Active"},"ticketingAuthority":true,"airline":{"iataCode":"006","abrev":"DL","name":"DelXX XXX XXXXX XXX.","id":6772484854},"bsp":{"isoCountryCode":"CH","name":"SWIT","id":6772}},{"agent":{"iataCode":"8123821","address":"BAHXXXXXXXXXXX 99","city":"Aarau","name":"KUOXX XXXXXX","id":67728123821,"status":"Active"},"ticketingAuthority":true,"airline":{"iataCode":"006","abrev":"DL","name":"DelXX XXX XXXXX XXX.","id":6772484854},"bsp":{"isoCountryCode":"CH","name":"SWIT","id":6772}},{"agent":{"iataCode":"8123822","address":"'EGXXXX' XXXXXXXXXXXX, 9","city":"Altdorf","name":"rilXX XX","id":67728123822,"status":"Active"},"ticketingAuthority":true,"airline":{"iataCode":"006","abrev":"DL","name":"DelXX XXX XXXXX XXX.","id":6772484854},"bsp":{"isoCountryCode":"CH","name":"SWIT","id":6772}},{"agent":{"iataCode":"8123843","address":"FALXXXXXXXXXXX 9","city":"Basel","name":"BTA XXXXX","id":67728123843,"status":"Active"},"ticketingAuthority":true,"airline":{"iataCode":"006","abrev":"DL","name":"DelXX XXX XXXXX XXX.","id":6772484854},"bsp":{"isoCountryCode":"CH","name":"SWIT","id":6772}},{"agent":{"iataCode":"8123847","address":"GERXXXXXXXX 99","city":"Basel","name":"KUOXX XXXXXX","id":67728123847,"status":"Active"},"ticketingAuthority":true,"airline":{"iataCode":"006","abrev":"DL","name":"DelXX XXX XXXXX XXX.","id":6772484854},"bsp":{"isoCountryCode":"CH","name":"SWIT","id":6772}},{"agent":{"iataCode":"8123854","address":"AESXXXXXXXXXX 9","city":"Basel","name":"SWIXX XXXXXXX XXXXXXXXXX X.X.","id":67728123854,"status":"Active"},"ticketingAuthority":true,"airline":{"iataCode":"006","abrev":"DL","name":"DelXX XXX XXXXX XXX.","id":6772484854},"bsp":{"isoCountryCode":"CH","name":"SWIT","id":6772}},{"agent":{"iataCode":"8123855","address":"MUNXXXXXXXXXXXXXXXXXX 99 XX XX","city":"Basel","name":"CWT - XXXXXXXXXXXXXXXXXX X.X.","id":67728123855,"status":"Active"},"ticketingAuthority":true,"airline":{"iataCode":"006","abrev":"DL","name":"DelXX XXX XXXXX XXX.","id":6772484854},"bsp":{"isoCountryCode":"CH","name":"SWIT","id":6772}},{"agent":{"iataCode":"8123863","address":"VON XXXXX XXXXXXX 9","city":"Bern","name":"CARXXXX XXXXXXXX XXXXXX","id":67728123863,"status":"Active"},"ticketingAuthority":true,"airline":{"iataCode":"006","abrev":"DL","name":"DelXX XXX XXXXX XXX.","id":6772484854},"bsp":{"isoCountryCode":"CH","name":"SWIT","id":6772}},{"agent":{"iataCode":"8123868","address":"BAHXXXXXXX. 9","city":"Biel","name":"NATXXXX XXXXXX","id":67728123868,"status":"Active"},"ticketingAuthority":true,"airline":{"iataCode":"006","abrev":"DL","name":"DelXX XXX XXXXX XXX.","id":6772484854},"bsp":{"isoCountryCode":"CH","name":"SWIT","id":6772}},{"agent":{"iataCode":"8123895","address":"RUE XXXXXX 9 XXXXXX 9","city":"GENEVA","name":"FERX & XXX XXXXXXX XX","id":67728123895,"status":"Active"},"ticketingAuthority":true,"airline":{"iataCode":"006","abrev":"DL","name":"DelXX XXX XXXXX XXX.","id":6772484854},"bsp":{"isoCountryCode":"CH","name":"SWIT","id":6772}},{"agent":{"iataCode":"8123899","address":"17, XXX XX 99-XXXXXXXX","city":"GENEVA","name":"TOUXXXXX XX (XXXXXX)","id":67728123899,"status":"Active"},"ticketingAuthority":true,"airline":{"iataCode":"006","abrev":"DL","name":"DelXX XXX XXXXX XXX.","id":6772484854},"bsp":{"isoCountryCode":"CH","name":"SWIT","id":6772}},{"agent":{"iataCode":"8123904","address":"NEUX XXXX 9","city":"Zurich","name":"KUOXX XXXXXX XX","id":67728123904,"status":"Active"},"ticketingAuthority":true,"airline":{"iataCode":"006","abrev":"DL","name":"DelXX XXX XXXXX XXX.","id":6772484854},"bsp":{"isoCountryCode":"CH","name":"SWIT","id":6772}},{"agent":{"iataCode":"8123906","address":"CheXXX XXX XXXXXXXXXXX 99","city":"Vernier","name":"KUOXX XXXXXX","id":67728123906,"status":"Active"},"ticketingAuthority":true,"airline":{"iataCode":"006","abrev":"DL","name":"DelXX XXX XXXXX XXX.","id":6772484854},"bsp":{"isoCountryCode":"CH","name":"SWIT","id":6772}},{"agent":{"iataCode":"8123916","address":"Rue XXXXX 99","city":"La Chaux de Fonds","name":"CROXXXXXXX XXXXXXX XX","id":67728123916,"status":"Active"},"ticketingAuthority":true,"airline":{"iataCode":"006","abrev":"DL","name":"DelXX XXX XXXXX XXX.","id":6772484854},"bsp":{"isoCountryCode":"CH","name":"SWIT","id":6772}},{"agent":{"iataCode":"8123933","address":"VIA XXXXXXXX 9 XXXXXXX XXX","city":"GENEVA","name":"KUOXX XXXXXX","id":67728123933,"status":"Active"},"ticketingAuthority":true,"airline":{"iataCode":"006","abrev":"DL","name":"DelXX XXX XXXXX XXX.","id":6772484854},"bsp":{"isoCountryCode":"CH","name":"SWIT","id":6772}},{"agent":{"iataCode":"8123936","address":"PilXXXXXXXXXXX 99","city":"Dierikon","name":"BUCXXX XXXXXX XXX","id":67728123936,"status":"Active"},"ticketingAuthority":true,"airline":{"iataCode":"006","abrev":"DL","name":"DelXX XXX XXXXX XXX.","id":6772484854},"bsp":{"isoCountryCode":"CH","name":"SWIT","id":6772}},{"agent":{"iataCode":"8123939","address":"ALPXXXXXXXXX 9","city":"Lucerne","name":"KNEXXX XXXXXX XX","id":67728123939,"status":"Active"},"ticketingAuthority":true,"airline":{"iataCode":"006","abrev":"DL","name":"DelXX XXX XXXXX XXX.","id":6772484854},"bsp":{"isoCountryCode":"CH","name":"SWIT","id":6772}},{"agent":{"iataCode":"8123942","address":"VIA XXXXXXXXX 9 9XX XXXXX","city":"Lugano","name":"KUOXX XXXXXX","id":67728123942,"status":"Active"},"ticketingAuthority":true,"airline":{"iataCode":"006","abrev":"DL","name":"DelXX XXX XXXXX XXX.","id":6772484854},"bsp":{"isoCountryCode":"CH","name":"SWIT","id":6772}},{"agent":{"iataCode":"8123944","address":"VIA XXXX 9","city":"Lugano","name":"M-TXXXXX XXXXXXXXXXX","id":67728123944,"status":"Active"},"ticketingAuthority":true,"airline":{"iataCode":"006","abrev":"DL","name":"DelXX XXX XXXXX XXX.","id":6772484854},"bsp":{"isoCountryCode":"CH","name":"SWIT","id":6772}},{"agent":{"iataCode":"8123945","address":"STAXXXX XXXXX 9999","city":"Manno","name":"CWT - XXXXXXXXXXXXXXXXXX X.X.","id":67728123945,"status":"Active"},"ticketingAuthority":true,"airline":{"iataCode":"006","abrev":"DL","name":"DelXX XXX XXXXX XXX.","id":6772484854},"bsp":{"isoCountryCode":"CH","name":"SWIT","id":6772}},{"agent":{"iataCode":"8123946","address":"C/O XXXXXX XXXXXXXX XX","city":"GENEVA","name":"CWT - XXXXXXXXXXXXXXXXXX X.X.","id":67728123946,"status":"Active"},"ticketingAuthority":true,"airline":{"iataCode":"006","abrev":"DL","name":"DelXX XXX XXXXX XXX.","id":6772484854},"bsp":{"isoCountryCode":"CH","name":"SWIT","id":6772}},{"agent":{"iataCode":"8123949","address":"RUE XX XX XXXX 9","city":"Montreux","name":"CWT - XXXXXXXXXXXXXXXXXX X.X.","id":67728123949,"status":"Active"},"ticketingAuthority":true,"airline":{"iataCode":"006","abrev":"DL","name":"DelXX XXX XXXXX XXX.","id":6772484854},"bsp":{"isoCountryCode":"CH","name":"SWIT","id":6772}},{"agent":{"iataCode":"8123972","address":"VORXXXXX 99","city":"Schaffhausen","name":"LET'X XX XXXXX","id":67728123972,"status":"Active"},"ticketingAuthority":true,"airline":{"iataCode":"006","abrev":"DL","name":"DelXX XXX XXXXX XXX.","id":6772484854},"bsp":{"isoCountryCode":"CH","name":"SWIT","id":6772}},{"agent":{"iataCode":"8123978","address":"18, XXX XX XXXXXXX","city":"Vevey","name":"TUI XXXXXX XX XXXXXXX","id":67728123978,"status":"Active"},"ticketingAuthority":true,"airline":{"iataCode":"006","abrev":"DL","name":"DelXX XXX XXXXX XXX.","id":6772484854},"bsp":{"isoCountryCode":"CH","name":"SWIT","id":6772}},{"agent":{"iataCode":"8123982","address":"BAHXXXXXXXXXXX 99","city":"Zug","name":"KNEXXX XXXXXX XX","id":67728123982,"status":"Active"},"ticketingAuthority":true,"airline":{"iataCode":"006","abrev":"DL","name":"DelXX XXX XXXXX XXX.","id":6772484854},"bsp":{"isoCountryCode":"CH","name":"SWIT","id":6772}},{"agent":{"iataCode":"8123984","address":"HOFXXXXXXXXXXXXX 99","city":"Zurich","name":"ALPXX XXXXXX X.X.","id":67728123984,"status":"Active"},"ticketingAuthority":true,"airline":{"iataCode":"006","abrev":"DL","name":"DelXX XXX XXXXX XXX.","id":6772484854},"bsp":{"isoCountryCode":"CH","name":"SWIT","id":6772}},{"agent":{"iataCode":"8123998","address":"OHMXXXXXXX 9","city":"Zurich","name":"FRIXXXXX XXXXXX XX","id":67728123998,"status":"Active"},"ticketingAuthority":true,"airline":{"iataCode":"006","abrev":"DL","name":"DelXX XXX XXXXX XXX.","id":6772484854},"bsp":{"isoCountryCode":"CH","name":"SWIT","id":6772}},{"agent":{"iataCode":"8124199","address":"QUAX XXX XXXXXXX 99","city":"GENEVA","name":"BTA XXXXX","id":67728124199,"status":"Active"},"ticketingAuthority":true,"airline":{"iataCode":"006","abrev":"DL","name":"DelXX XXX XXXXX XXX.","id":6772484854},"bsp":{"isoCountryCode":"CH","name":"SWIT","id":6772}},{"agent":{"iataCode":"8124411","address":"RUE XX XXXXXX 9 XXXX XXXXXXX","city":"Neuchatel","name":"CROXXXXXXX XXXXXXX XX","id":67728124411,"status":"Active"},"ticketingAuthority":true,"airline":{"iataCode":"006","abrev":"DL","name":"DelXX XXX XXXXX XXX.","id":6772484854},"bsp":{"isoCountryCode":"CH","name":"SWIT","id":6772}},{"agent":{"iataCode":"8124651","address":"SCHXXXXXXXXXXXXXXXX 9","city":"Zurich","name":"AVRXXX XXXXXX XXXX","id":67728124651,"status":"Active"},"ticketingAuthority":true,"airline":{"iataCode":"006","abrev":"DL","name":"DelXX XXX XXXXX XXX.","id":6772484854},"bsp":{"isoCountryCode":"CH","name":"SWIT","id":6772}},{"agent":{"iataCode":"8124679","address":"EUCXXXXXXXX XXXXXX XXXXX XX","city":"GENEVA","name":"RAPXXX XX - XXXXXXXXXXXX XXXXX","id":67728124679,"status":"Active"},"ticketingAuthority":true,"airline":{"iataCode":"006","abrev":"DL","name":"DelXX XXX XXXXX XXX.","id":6772484854},"bsp":{"isoCountryCode":"CH","name":"SWIT","id":6772}},{"agent":{"iataCode":"8124747","address":"MURXXXXXXXX 99","city":"Bern","name":"TRAXXXXXXXX XXXX XX","id":67728124747,"status":"Active"},"ticketingAuthority":true,"airline":{"iataCode":"006","abrev":"DL","name":"DelXX XXX XXXXX XXX.","id":6772484854},"bsp":{"isoCountryCode":"CH","name":"SWIT","id":6772}},{"agent":{"iataCode":"8124822","address":"9, XXX XX XXXXXXX","city":"Carouge","name":"MIGXXXXX XXXXXXX X.X.","id":67728124822,"status":"Active"},"ticketingAuthority":true,"airline":{"iataCode":"006","abrev":"DL","name":"DelXX XXX XXXXX XXX.","id":6772484854},"bsp":{"isoCountryCode":"CH","name":"SWIT","id":6772}},{"agent":{"iataCode":"8124944","address":"RUE XX XXXXX 99","city":"Lausanne","name":"VOYXXXX XX XXXXXXX XX","id":67728124944,"status":"Active"},"ticketingAuthority":true,"airline":{"iataCode":"006","abrev":"DL","name":"DelXX XXX XXXXX XXX.","id":6772484854},"bsp":{"isoCountryCode":"CH","name":"SWIT","id":6772}},{"agent":{"iataCode":"8124981","address":"ZUGXXXXXXXXX 99","city":"Waedenswil","name":"KUOXX XXXXXX","id":67728124981,"status":"Active"},"ticketingAuthority":true,"airline":{"iataCode":"006","abrev":"DL","name":"DelXX XXX XXXXX XXX.","id":6772484854},"bsp":{"isoCountryCode":"CH","name":"SWIT","id":6772}},{"agent":{"iataCode":"8125170","address":".","city":"RORSCHACH","name":"KUOXX XXXXXX XX","id":67728125170,"status":"Non Active"},"ticketingAuthority":true,"airline":{"iataCode":"006","abrev":"DL","name":"DelXX XXX XXXXX XXX.","id":6772484854},"bsp":{"isoCountryCode":"CH","name":"SWIT","id":6772}},{"agent":{"iataCode":"8125175","address":"AVEXXX XXXXXXX XXXXXX 99","city":"Sierre","name":"VOYXXXX X'XXXXXX XXXX XXXXXXX","id":67728125175,"status":"Active"},"ticketingAuthority":true,"airline":{"iataCode":"006","abrev":"DL","name":"DelXX XXX XXXXX XXX.","id":6772484854},"bsp":{"isoCountryCode":"CH","name":"SWIT","id":6772}},{"agent":{"iataCode":"8125205","address":"SCHXXXXXXXXXXXXXX 9","city":"WINDISCH","name":"KNEXXX XXXXXX XX","id":67728125205,"status":"Active"},"ticketingAuthority":true,"airline":{"iataCode":"006","abrev":"DL","name":"DelXX XXX XXXXX XXX.","id":6772484854},"bsp":{"isoCountryCode":"CH","name":"SWIT","id":6772}},{"agent":{"iataCode":"8125251","address":"AM XXXXXXXXX XXXXXXXXXXXXXX 99","city":"Rapperswil","name":"KUSXXX XXXXXX XX","id":67728125251,"status":"Active"},"ticketingAuthority":true,"airline":{"iataCode":"006","abrev":"DL","name":"DelXX XXX XXXXX XXX.","id":6772484854},"bsp":{"isoCountryCode":"CH","name":"SWIT","id":6772}},{"agent":{"iataCode":"8125277","address":"BAHXXXXXXXXXXX 99","city":"Buchs","name":"REIXXXXXXX XXXXX XX","id":67728125277,"status":"Active"},"ticketingAuthority":true,"airline":{"iataCode":"006","abrev":"DL","name":"DelXX XXX XXXXX XXX.","id":6772484854},"bsp":{"isoCountryCode":"CH","name":"SWIT","id":6772}},{"agent":{"iataCode":"8125418","address":"3 RXX XX XXXXX","city":"GENEVA","name":"LETX XXXXXX XX","id":67728125418,"status":"Active"},"ticketingAuthority":true,"airline":{"iataCode":"006","abrev":"DL","name":"DelXX XXX XXXXX XXX.","id":6772484854},"bsp":{"isoCountryCode":"CH","name":"SWIT","id":6772}},{"agent":{"iataCode":"8125451","address":"ROUXX XXX XXXXXX 99","city":"GENEVA","name":"VILXXXX XXXXXXXXXX XX","id":67728125451,"status":"Active"},"ticketingAuthority":true,"airline":{"iataCode":"006","abrev":"DL","name":"DelXX XXX XXXXX XXX.","id":6772484854},"bsp":{"isoCountryCode":"CH","name":"SWIT","id":6772}},{"agent":{"iataCode":"8125459","address":"PETXXXXXXXXX, 99","city":"Basel","name":"MEDXX XXXXXXXXX XX","id":67728125459,"status":"Active"},"ticketingAuthority":true,"airline":{"iataCode":"006","abrev":"DL","name":"DelXX XXX XXXXX XXX.","id":6772484854},"bsp":{"isoCountryCode":"CH","name":"SWIT","id":6772}},{"agent":{"iataCode":"8125487","address":"BITXXXXXXXXXXXXXXX, 99","city":"Sarnen","name":"WIRX XXXXXX XX","id":67728125487,"status":"Active"},"ticketingAuthority":true,"airline":{"iataCode":"006","abrev":"DL","name":"DelXX XXX XXXXX XXX.","id":6772484854},"bsp":{"isoCountryCode":"CH","name":"SWIT","id":6772}},{"agent":{"iataCode":"8125514","address":"DUFXXXXXX. 99/ XXXXXXXXXXXX","city":"Basel","name":"BASXXXXX XXXXXXXXXX XX","id":67728125514,"status":"Active"},"ticketingAuthority":true,"airline":{"iataCode":"006","abrev":"DL","name":"DelXX XXX XXXXX XXX.","id":6772484854},"bsp":{"isoCountryCode":"CH","name":"SWIT","id":6772}},{"agent":{"iataCode":"8125737","address":"BAHXXXXXXX. 9","city":"Buchs","name":"TUI XXXXXXXXXXX","id":67728125737,"status":"Active"},"ticketingAuthority":true,"airline":{"iataCode":"006","abrev":"DL","name":"DelXX XXX XXXXX XXX.","id":6772484854},"bsp":{"isoCountryCode":"CH","name":"SWIT","id":6772}},{"agent":{"iataCode":"8125739","address":"CONXXXXX XX XXXXXXXX 9","city":"Lugano","name":"KUOXX XXXXXX","id":67728125739,"status":"Active"},"ticketingAuthority":true,"airline":{"iataCode":"006","abrev":"DL","name":"DelXX XXX XXXXX XXX.","id":6772484854},"bsp":{"isoCountryCode":"CH","name":"SWIT","id":6772}},{"agent":{"iataCode":"8125816","address":"UNTXXXXXXXXXXXXX 99","city":"Zurich","name":"ACAXX XX","id":67728125816,"status":"Active"},"ticketingAuthority":true,"airline":{"iataCode":"006","abrev":"DL","name":"DelXX XXX XXXXX XXX.","id":6772484854},"bsp":{"isoCountryCode":"CH","name":"SWIT","id":6772}},{"agent":{"iataCode":"8125961","address":"AV XX XXXXXXXX XXXXXXX 99","city":"Lausanne","name":"ALBXXXXXX XXXXXXX XX","id":67728125961,"status":"Active"},"ticketingAuthority":true,"airline":{"iataCode":"006","abrev":"DL","name":"DelXX XXX XXXXX XXX.","id":6772484854},"bsp":{"isoCountryCode":"CH","name":"SWIT","id":6772}},{"agent":{"iataCode":"8126166","address":"VIA XXXXX 99","city":"MENDRISIO","name":"VITX XXXXXX XXXXX XXXXX XX","id":67728126166,"status":"Non Active"},"ticketingAuthority":true,"airline":{"iataCode":"006","abrev":"DL","name":"DelXX XXX XXXXX XXX.","id":6772484854},"bsp":{"isoCountryCode":"CH","name":"SWIT","id":6772}},{"agent":{"iataCode":"8126304","address":"ZUEXXXXXXXX. 999/999","city":"Frauenfeld","name":"KUOXX XXXXXX","id":67728126304,"status":"Active"},"ticketingAuthority":true,"airline":{"iataCode":"006","abrev":"DL","name":"DelXX XXX XXXXX XXX.","id":6772484854},"bsp":{"isoCountryCode":"CH","name":"SWIT","id":6772}},{"agent":{"iataCode":"8126420","address":"LOEXXXXXXXXXX 9","city":"Zurich","name":"ATLXXXXX XXXXXX XX","id":67728126420,"status":"Active"},"ticketingAuthority":true,"airline":{"iataCode":"006","abrev":"DL","name":"DelXX XXX XXXXX XXX.","id":6772484854},"bsp":{"isoCountryCode":"CH","name":"SWIT","id":6772}},{"agent":{"iataCode":"8126432","address":"BAHXXXXXXXXXXX 99","city":"Kreuzlingen","name":"CITX XXXXXX XX XXXXXXXXXXXX XX","id":67728126432,"status":"Active"},"ticketingAuthority":true,"airline":{"iataCode":"006","abrev":"DL","name":"DelXX XXX XXXXX XXX.","id":6772484854},"bsp":{"isoCountryCode":"CH","name":"SWIT","id":6772}},{"agent":{"iataCode":"8126433","address":"AV. XXXXXXX-XXXXXX 99 XXXX","city":"GENEVA","name":"KUOXX XXXXXX","id":67728126433,"status":"Active"},"ticketingAuthority":true,"airline":{"iataCode":"006","abrev":"DL","name":"DelXX XXX XXXXX XXX.","id":6772484854},"bsp":{"isoCountryCode":"CH","name":"SWIT","id":6772}},{"agent":{"iataCode":"8126450","address":"19, XXXX XX XXXX-XXXXX XX 9999","city":"GENEVA","name":"WTA XXXXX XXXXXX XXXXXX X.X.","id":67728126450,"status":"Active"},"ticketingAuthority":true,"airline":{"iataCode":"006","abrev":"DL","name":"DelXX XXX XXXXX XXX.","id":6772484854},"bsp":{"isoCountryCode":"CH","name":"SWIT","id":6772}},{"agent":{"iataCode":"8126526","address":"WeiXXXXXXXXXXXXXX 99","city":"Zwillikon","name":"FINXXXXXX XXXXXX","id":67728126526,"status":"Active"},"ticketingAuthority":true,"airline":{"iataCode":"006","abrev":"DL","name":"DelXX XXX XXXXX XXX.","id":6772484854},"bsp":{"isoCountryCode":"CH","name":"SWIT","id":6772}},{"agent":{"iataCode":"8126695","address":"ROUXX XX XXXXXXXXXX 99","city":"GENEVA","name":"TRAXX XXXXXXXXXXX XX","id":67728126695,"status":"Active"},"ticketingAuthority":true,"airline":{"iataCode":"006","abrev":"DL","name":"DelXX XXX XXXXX XXX.","id":6772484854},"bsp":{"isoCountryCode":"CH","name":"SWIT","id":6772}},{"agent":{"iataCode":"8126698","address":"DORXXXXXXXX 99","city":"Schindellegi","name":"KUEXXX & XXXXX XXXXXXXXXX XX","id":67728126698,"status":"Active"},"ticketingAuthority":true,"airline":{"iataCode":"006","abrev":"DL","name":"DelXX XXX XXXXX XXX.","id":6772484854},"bsp":{"isoCountryCode":"CH","name":"SWIT","id":6772}},{"agent":{"iataCode":"8126919","address":"TurXXXXXXXX 99","city":"Steinhausen","name":"FarXXXXXXX XXXXXX XXXX","id":67728126919,"status":"Active"},"ticketingAuthority":true,"airline":{"iataCode":"006","abrev":"DL","name":"DelXX XXX XXXXX XXX.","id":6772484854},"bsp":{"isoCountryCode":"CH","name":"SWIT","id":6772}},{"agent":{"iataCode":"8126920","address":"BRAXXXXXXXXX.99","city":"Dietlikon","name":"TS XX","id":67728126920,"status":"Active"},"ticketingAuthority":true,"airline":{"iataCode":"006","abrev":"DL","name":"DelXX XXX XXXXX XXX.","id":6772484854},"bsp":{"isoCountryCode":"CH","name":"SWIT","id":6772}},{"agent":{"iataCode":"8126923","address":"rouXX XX X'XXXXXXXX 99 XX 999","city":"GENEVA","name":"SPI XXXXX XXXXXXX XXXXXXXXXXXX","id":67728126923,"status":"Active"},"ticketingAuthority":true,"airline":{"iataCode":"006","abrev":"DL","name":"DelXX XXX XXXXX XXX.","id":6772484854},"bsp":{"isoCountryCode":"CH","name":"SWIT","id":6772}},{"agent":{"iataCode":"8126924","address":"HohXXXXXXXX 999","city":"Zurich","name":"ReeX & XXXXXX","id":67728126924,"status":"Active"},"ticketingAuthority":true,"airline":{"iataCode":"006","abrev":"DL","name":"DelXX XXX XXXXX XXX.","id":6772484854},"bsp":{"isoCountryCode":"CH","name":"SWIT","id":6772}},{"agent":{"iataCode":"8126927","address":"NEUXXXXXXXXXX 99","city":"Brugg","name":"KNEXXX XXXXXX","id":67728126927,"status":"Active"},"ticketingAuthority":true,"airline":{"iataCode":"006","abrev":"DL","name":"DelXX XXX XXXXX XXX.","id":6772484854},"bsp":{"isoCountryCode":"CH","name":"SWIT","id":6772}},{"agent":{"iataCode":"8127124","address":"GRIXXXXXXXXXXX 9","city":"Wallisellen","name":"TOUXXXXX","id":67728127124,"status":"Active"},"ticketingAuthority":true,"airline":{"iataCode":"006","abrev":"DL","name":"DelXX XXX XXXXX XXX.","id":6772484854},"bsp":{"isoCountryCode":"CH","name":"SWIT","id":6772}},{"agent":{"iataCode":"8127196","address":"AVEXXX X'XXXXX 99","city":"Lausanne","name":"M-TXXXXX XXXXXXXXXXX","id":67728127196,"status":"Active"},"ticketingAuthority":true,"airline":{"iataCode":"006","abrev":"DL","name":"DelXX XXX XXXXX XXX.","id":6772484854},"bsp":{"isoCountryCode":"CH","name":"SWIT","id":6772}},{"agent":{"iataCode":"8127373","address":"ZWEXXXXXXXXXX 99 X.X. XXX","city":"Zurich","name":"BOOXXXXXX XXXXXX XXXXXXX XXXXX","id":67728127373,"status":"Active"},"ticketingAuthority":true,"airline":{"iataCode":"006","abrev":"DL","name":"DelXX XXX XXXXX XXX.","id":6772484854},"bsp":{"isoCountryCode":"CH","name":"SWIT","id":6772}},{"agent":{"iataCode":"8127391","address":"GRAXXX XXXXX 9","city":"Vevey","name":"LatXXXXXX XXXXXX XX XXXXXXX","id":67728127391,"status":"Active"},"ticketingAuthority":true,"airline":{"iataCode":"006","abrev":"DL","name":"DelXX XXX XXXXX XXX.","id":6772484854},"bsp":{"isoCountryCode":"CH","name":"SWIT","id":6772}},{"agent":{"iataCode":"8127783","address":"ZUEXXXXXXXXXXXX 99","city":"Uznach","name":"BACXXXXX & XXXXXXX XX","id":67728127783,"status":"Active"},"ticketingAuthority":true,"airline":{"iataCode":"006","abrev":"DL","name":"DelXX XXX XXXXX XXX.","id":6772484854},"bsp":{"isoCountryCode":"CH","name":"SWIT","id":6772}},{"agent":{"iataCode":"8127833","address":"17, XXXXX XX XXXXXXXXXXXX","city":"GENEVA","name":"CHAXXXX XX XXXXXXX","id":67728127833,"status":"Active"},"ticketingAuthority":true,"airline":{"iataCode":"006","abrev":"DL","name":"DelXX XXX XXXXX XXX.","id":6772484854},"bsp":{"isoCountryCode":"CH","name":"SWIT","id":6772}},{"agent":{"iataCode":"8127904","address":"GRAXX-XXX 99","city":"Montreux","name":"VOYXXXXXXX","id":67728127904,"status":"Active"},"ticketingAuthority":true,"airline":{"iataCode":"006","abrev":"DL","name":"DelXX XXX XXXXX XXX.","id":6772484854},"bsp":{"isoCountryCode":"CH","name":"SWIT","id":6772}},{"agent":{"iataCode":"8127905","address":"AUGXXXXXXXXXXXX 99","city":"Zurich","name":"TUI XXXXXXX XXXXXX","id":67728127905,"status":"Active"},"ticketingAuthority":true,"airline":{"iataCode":"006","abrev":"DL","name":"DelXX XXX XXXXX XXX.","id":6772484854},"bsp":{"isoCountryCode":"CH","name":"SWIT","id":6772}},{"agent":{"iataCode":"8127928","address":"HASXXXXXXXXX 99/9","city":"ST GALLEN","name":"INTXXXXXXX","id":67728127928,"status":"Active"},"ticketingAuthority":true,"airline":{"iataCode":"006","abrev":"DL","name":"DelXX XXX XXXXX XXX.","id":6772484854},"bsp":{"isoCountryCode":"CH","name":"SWIT","id":6772}},{"agent":{"iataCode":"8127979","address":"SCHXXXXXXXXXXXXXXXX 999","city":"Zurich","name":"LOTXX XXXXXX XX","id":67728127979,"status":"Active"},"ticketingAuthority":true,"airline":{"iataCode":"006","abrev":"DL","name":"DelXX XXX XXXXX XXX.","id":6772484854},"bsp":{"isoCountryCode":"CH","name":"SWIT","id":6772}},{"agent":{"iataCode":"8128125","address":"LOEXXXXXXXXX 99","city":"Lucerne","name":"ITO XXXXXX XX","id":67728128125,"status":"Active"},"ticketingAuthority":true,"airline":{"iataCode":"006","abrev":"DL","name":"DelXX XXX XXXXX XXX.","id":6772484854},"bsp":{"isoCountryCode":"CH","name":"SWIT","id":6772}},{"agent":{"iataCode":"8128594","address":"VIAXX XXXXXXXX 9 XXXXXXX","city":"Bellinzona","name":"KUOXX XXXXXX","id":67728128594,"status":"Active"},"ticketingAuthority":true,"airline":{"iataCode":"006","abrev":"DL","name":"DelXX XXX XXXXX XXX.","id":6772484854},"bsp":{"isoCountryCode":"CH","name":"SWIT","id":6772}},{"agent":{"iataCode":"8128596","address":"AVEXXX XX XX XXXXXX 9","city":"Lausanne","name":"M-TXXXXX XXXXXXXXXXX","id":67728128596,"status":"Active"},"ticketingAuthority":true,"airline":{"iataCode":"006","abrev":"DL","name":"DelXX XXX XXXXX XXX.","id":6772484854},"bsp":{"isoCountryCode":"CH","name":"SWIT","id":6772}},{"agent":{"iataCode":"8128598","address":"BAHXXXXXXXXXXX 9","city":"Widnau","name":"M-TXXXXX XXXXXXXXXXX","id":67728128598,"status":"Active"},"ticketingAuthority":true,"airline":{"iataCode":"006","abrev":"DL","name":"DelXX XXX XXXXX XXX.","id":6772484854},"bsp":{"isoCountryCode":"CH","name":"SWIT","id":6772}},{"agent":{"iataCode":"8128600","address":"KIRXXXXXXX 99","city":"Zofingen","name":"TUI XXXXXXXXXXX","id":67728128600,"status":"Active"},"ticketingAuthority":true,"airline":{"iataCode":"006","abrev":"DL","name":"DelXX XXX XXXXX XXX.","id":6772484854},"bsp":{"isoCountryCode":"CH","name":"SWIT","id":6772}},{"agent":{"iataCode":"8128947","address":"AVEXXX XX XXXXXXX 9X","city":"GENEVA","name":"CULXXXX XXX XXXXXX XX","id":67728128947,"status":"Active"},"ticketingAuthority":true,"airline":{"iataCode":"006","abrev":"DL","name":"DelXX XXX XXXXX XXX.","id":6772484854},"bsp":{"isoCountryCode":"CH","name":"SWIT","id":6772}},{"agent":{"iataCode":"8129022","address":"WTC XXXXXX XX XXXXXX-XXXXXX 9","city":"Lausanne","name":"BTA XXXXX","id":67728129022,"status":"Active"},"ticketingAuthority":true,"airline":{"iataCode":"006","abrev":"DL","name":"DelXX XXX XXXXX XXX.","id":6772484854},"bsp":{"isoCountryCode":"CH","name":"SWIT","id":6772}},{"agent":{"iataCode":"8129322","address":"GAEXXXXXXXXXXXXX 9","city":"Chur","name":"EngXX XXXXXX","id":67728129322,"status":"Active"},"ticketingAuthority":true,"airline":{"iataCode":"006","abrev":"DL","name":"DelXX XXX XXXXX XXX.","id":6772484854},"bsp":{"isoCountryCode":"CH","name":"SWIT","id":6772}},{"agent":{"iataCode":"8129324","address":"AVEXXX XX XX XXXX 9 XXXX XXXXX","city":"Sion","name":"LATXXXX XXXXXXX XX XXXXXXXXXX","id":67728129324,"status":"Active"},"ticketingAuthority":true,"airline":{"iataCode":"006","abrev":"DL","name":"DelXX XXX XXXXX XXX.","id":6772484854},"bsp":{"isoCountryCode":"CH","name":"SWIT","id":6772}},{"agent":{"iataCode":"8129520","address":"AV. XXX XXXXX 99","city":"Montreux","name":"MONXXXXX-XXXXXXX","id":67728129520,"status":"Active"},"ticketingAuthority":true,"airline":{"iataCode":"006","abrev":"DL","name":"DelXX XXX XXXXX XXX.","id":6772484854},"bsp":{"isoCountryCode":"CH","name":"SWIT","id":6772}},{"agent":{"iataCode":"8129522","address":"HerXXXXXXXX 99","city":"Zurich","name":"KUOXX XXXXXX","id":67728129522,"status":"Active"},"ticketingAuthority":true,"airline":{"iataCode":"006","abrev":"DL","name":"DelXX XXX XXXXX XXX.","id":6772484854},"bsp":{"isoCountryCode":"CH","name":"SWIT","id":6772}},{"agent":{"iataCode":"8129862","address":"BAHXXXXXXXXXXX 99","city":"Biel","name":"BTA XXXXX","id":67728129862,"status":"Active"},"ticketingAuthority":true,"airline":{"iataCode":"006","abrev":"DL","name":"DelXX XXX XXXXX XXX.","id":6772484854},"bsp":{"isoCountryCode":"CH","name":"SWIT","id":6772}},{"agent":{"iataCode":"8129903","address":"PETXX XXXXXX-XXXXXXX 99","city":"BASLE","name":"LAMXXXXXX XXXXXXXXX X.X.","id":67728129903,"status":"Non Active"},"ticketingAuthority":true,"airline":{"iataCode":"006","abrev":"DL","name":"DelXX XXX XXXXX XXX.","id":6772484854},"bsp":{"isoCountryCode":"CH","name":"SWIT","id":6772}},{"agent":{"iataCode":"8129914","address":"BaeXXXXXXX 99","city":"Zurich","name":"HRG XXXXXXXXXXX","id":67728129914,"status":"Active"},"ticketingAuthority":true,"airline":{"iataCode":"006","abrev":"DL","name":"DelXX XXX XXXXX XXX.","id":6772484854},"bsp":{"isoCountryCode":"CH","name":"SWIT","id":6772}},{"agent":{"iataCode":"8129921","address":"KASXXX XXX.99","city":"Aarau","name":"PUTXXX XXXX","id":67728129921,"status":"Active"},"ticketingAuthority":true,"airline":{"iataCode":"006","abrev":"DL","name":"DelXX XXX XXXXX XXX.","id":6772484854},"bsp":{"isoCountryCode":"CH","name":"SWIT","id":6772}},{"agent":{"iataCode":"8148000","address":"WeiXXXXXXXX 9","city":"Seuzach","name":"","id":67728148000,"status":"Active"},"ticketingAuthority":true,"airline":{"iataCode":"006","abrev":"DL","name":"DelXX XXX XXXXX XXX.","id":6772484854},"bsp":{"isoCountryCode":"CH","name":"SWIT","id":6772}},{"agent":{"iataCode":"8148001","address":"1-3 XXX XXXXXXXXXXXX","city":"Geneva","name":"AVIXXXXX","id":67728148001,"status":"Active"},"ticketingAuthority":true,"airline":{"iataCode":"006","abrev":"DL","name":"DelXX XXX XXXXX XXX.","id":6772484854},"bsp":{"isoCountryCode":"CH","name":"SWIT","id":6772}},{"agent":{"iataCode":"8148004","address":"PETXX XXXXXXXXX.9","city":"Basel","name":"AIRXXXXXX X.X.","id":67728148004,"status":"Active"},"ticketingAuthority":true,"airline":{"iataCode":"006","abrev":"DL","name":"DelXX XXX XXXXX XXX.","id":6772484854},"bsp":{"isoCountryCode":"CH","name":"SWIT","id":6772}},{"agent":{"iataCode":"8148006","address":"BERXXXXXXX. 99","city":"Zurich","name":"KALXX XXXXXXX XXXXXXXX XXXX","id":67728148006,"status":"Active"},"ticketingAuthority":true,"airline":{"iataCode":"006","abrev":"DL","name":"DelXX XXX XXXXX XXX.","id":6772484854},"bsp":{"isoCountryCode":"CH","name":"SWIT","id":6772}},{"agent":{"iataCode":"8148007","address":"AckXXXXXXXXX 99","city":"Zurich","name":"AsiXX XXXX XXXXXXX XXXX","id":67728148007,"status":"Active"},"ticketingAuthority":true,"airline":{"iataCode":"006","abrev":"DL","name":"DelXX XXX XXXXX XXX.","id":6772484854},"bsp":{"isoCountryCode":"CH","name":"SWIT","id":6772}},{"agent":{"iataCode":"8148008","address":"ROUXX XX X'XXXXXXXX 99","city":"Geneva","name":"AIRXXXX XXXXXXXX XXXXXXXXXXX X","id":67728148008,"status":"Active"},"ticketingAuthority":true,"airline":{"iataCode":"006","abrev":"DL","name":"DelXX XXX XXXXX XXX.","id":6772484854},"bsp":{"isoCountryCode":"CH","name":"SWIT","id":6772}},{"agent":{"iataCode":"8148010","address":"16, XXX XX XXXX-XXXXX","city":"Geneva","name":"PAUX XXXXX X.X.","id":67728148010,"status":"Active"},"ticketingAuthority":true,"airline":{"iataCode":"006","abrev":"DL","name":"DelXX XXX XXXXX XXX.","id":6772484854},"bsp":{"isoCountryCode":"CH","name":"SWIT","id":6772}},{"agent":{"iataCode":"8148020","address":"OFFXXX XXXX X9 X.X. XXX 999","city":"Zurich","name":"TRIXXXX XXXXXXXX XXX","id":67728148020,"status":"Active"},"ticketingAuthority":true,"airline":{"iataCode":"006","abrev":"DL","name":"DelXX XXX XXXXX XXX.","id":6772484854},"bsp":{"isoCountryCode":"CH","name":"SWIT","id":6772}},{"agent":{"iataCode":"8148023","address":"FLUXXXXXXXXXXX 99","city":"Glattbrugg","name":"AIRXXXX XXXXXXXX XXXXXXXXXXX X","id":67728148023,"status":"Active"},"ticketingAuthority":true,"airline":{"iataCode":"006","abrev":"DL","name":"DelXX XXX XXXXX XXX.","id":6772484854},"bsp":{"isoCountryCode":"CH","name":"SWIT","id":6772}},{"agent":{"iataCode":"8148030","address":"INDXXXXXX XXXX 9","city":"Merenschwand","name":"EURXX XX XXXXXXX","id":67728148030,"status":"Active"},"ticketingAuthority":true,"airline":{"iataCode":"006","abrev":"DL","name":"DelXX XXX XXXXX XXX.","id":6772484854},"bsp":{"isoCountryCode":"CH","name":"SWIT","id":6772}},{"agent":{"iataCode":"8148031","address":"P.O. XXX 999","city":"ZURICH","name":"AIRXXXXXX XXX","id":67728148031,"status":"Active"},"ticketingAuthority":true,"airline":{"iataCode":"006","abrev":"DL","name":"DelXX XXX XXXXX XXX.","id":6772484854},"bsp":{"isoCountryCode":"CH","name":"SWIT","id":6772}},{"agent":{"iataCode":"8148039","address":"CARXX XXXX 9/X99 X.X. XXX 9999","city":"Geneva","name":"SKY XXXX XXXXXXXX XXXXXXX XX","id":67728148039,"status":"Active"},"ticketingAuthority":true,"airline":{"iataCode":"006","abrev":"DL","name":"DelXX XXX XXXXX XXX.","id":6772484854},"bsp":{"isoCountryCode":"CH","name":"SWIT","id":6772}},{"agent":{"iataCode":"8148040","address":"BADXXXXXXXXXXX 99","city":"Zurich","name":"AVIXXXXX","id":67728148040,"status":"Active"},"ticketingAuthority":true,"airline":{"iataCode":"006","abrev":"DL","name":"DelXX XXX XXXXX XXX.","id":6772484854},"bsp":{"isoCountryCode":"CH","name":"SWIT","id":6772}},{"agent":{"iataCode":"8148043","address":"LOEXXXXXXXXXX 99","city":"Zurich","name":"KOVXX","id":67728148043,"status":"Active"},"ticketingAuthority":true,"airline":{"iataCode":"006","abrev":"DL","name":"DelXX XXX XXXXX XXX.","id":6772484854},"bsp":{"isoCountryCode":"CH","name":"SWIT","id":6772}},{"agent":{"iataCode":"8148048","address":"FRAXXX-XXXXXXXX 9/999","city":"Zurich","name":"IBEXXX, XXXXXX XXXXXX XX","id":67728148048,"status":"Active"},"ticketingAuthority":true,"airline":{"iataCode":"006","abrev":"DL","name":"DelXX XXX XXXXX XXX.","id":6772484854},"bsp":{"isoCountryCode":"CH","name":"SWIT","id":6772}},{"agent":{"iataCode":"8148049","address":"FLOXXXXXXXXX 99","city":"Zurich","name":"ARKXX XXXXXX XX","id":67728148049,"status":"Active"},"ticketingAuthority":true,"airline":{"iataCode":"006","abrev":"DL","name":"DelXX XXX XXXXX XXX.","id":6772484854},"bsp":{"isoCountryCode":"CH","name":"SWIT","id":6772}},{"agent":{"iataCode":"8148051","address":"23 XXX XX XXXXXXXXXXXX","city":"Geneva","name":"TOP XXX XXXXXX","id":67728148051,"status":"Active"},"ticketingAuthority":true,"airline":{"iataCode":"006","abrev":"DL","name":"DelXX XXX XXXXX XXX.","id":6772484854},"bsp":{"isoCountryCode":"CH","name":"SWIT","id":6772}},{"agent":{"iataCode":"8148053","address":"GENXXX XXXXXXXXXXXX XXXXXXX","city":"Geneva","name":"A.T.X. XXXXXXX XXX","id":67728148053,"status":"Active"},"ticketingAuthority":true,"airline":{"iataCode":"006","abrev":"DL","name":"DelXX XXX XXXXX XXX.","id":6772484854},"bsp":{"isoCountryCode":"CH","name":"SWIT","id":6772}},{"agent":{"iataCode":"8148054","address":"OFFXXX XXXXXXXX XXXXX X.X.XXX","city":"Zurich","name":"KALXX XXXXXXX XXXXXXXX","id":67728148054,"status":"Active"},"ticketingAuthority":true,"airline":{"iataCode":"006","abrev":"DL","name":"DelXX XXX XXXXX XXX.","id":6772484854},"bsp":{"isoCountryCode":"CH","name":"SWIT","id":6772}},{"agent":{"iataCode":"8148060","address":"12 XXX XX XXXXXXXXXXXX","city":"Geneva","name":"SYSXXX XXXXXX X.X.","id":67728148060,"status":"Active"},"ticketingAuthority":true,"airline":{"iataCode":"006","abrev":"DL","name":"DelXX XXX XXXXX XXX.","id":6772484854},"bsp":{"isoCountryCode":"CH","name":"SWIT","id":6772}},{"agent":{"iataCode":"8148061","address":"GENXXX XXXXXXXXXXXXX XXXXXXX","city":"Geneva","name":"ATI- XXXXXXX &","id":67728148061,"status":"Active"},"ticketingAuthority":true,"airline":{"iataCode":"006","abrev":"DL","name":"DelXX XXX XXXXX XXX.","id":6772484854},"bsp":{"isoCountryCode":"CH","name":"SWIT","id":6772}},{"agent":{"iataCode":"8148067","address":"NADXXXXXXXXXXX 99","city":"Zurich","name":"AVIXXXXX XXXXXXX","id":67728148067,"status":"Active"},"ticketingAuthority":true,"airline":{"iataCode":"006","abrev":"DL","name":"DelXX XXX XXXXX XXX.","id":6772484854},"bsp":{"isoCountryCode":"CH","name":"SWIT","id":6772}},{"agent":{"iataCode":"8148069","address":"BADXXXXXXXXXXX 99","city":"Zurich","name":"PW","id":67728148069,"status":"Active"},"ticketingAuthority":true,"airline":{"iataCode":"006","abrev":"DL","name":"DelXX XXX XXXXX XXX.","id":6772484854},"bsp":{"isoCountryCode":"CH","name":"SWIT","id":6772}},{"agent":{"iataCode":"8148071","address":"SCHXXXXXXXXXXXXXXXX 999","city":"Kloten","name":"APG XXXXXXXXXXX XXXX","id":67728148071,"status":"Active"},"ticketingAuthority":true,"airline":{"iataCode":"006","abrev":"DL","name":"DelXX XXX XXXXX XXX.","id":6772484854},"bsp":{"isoCountryCode":"CH","name":"SWIT","id":6772}},{"agent":{"iataCode":"8148072","address":"AERXXXXX 9XXX XXXX XXXXXXX 999","city":"Geneva","name":"SWIXXXXXX","id":67728148072,"status":"Active"},"ticketingAuthority":true,"airline":{"iataCode":"006","abrev":"DL","name":"DelXX XXX XXXXX XXX.","id":6772484854},"bsp":{"isoCountryCode":"CH","name":"SWIT","id":6772}},{"agent":{"iataCode":"8148074","address":"BADXXXXXXXXXXX 99","city":"Zurich","name":"AVIXXXXX XXXXXXXXXXX","id":67728148074,"status":"Active"},"ticketingAuthority":true,"airline":{"iataCode":"006","abrev":"DL","name":"DelXX XXX XXXXX XXX.","id":6772484854},"bsp":{"isoCountryCode":"CH","name":"SWIT","id":6772}},{"agent":{"iataCode":"8148075","address":"BREXXXXXXXXXXXXXX 99","city":"Merenschwand","name":"DISXXXXX XXX XXXXX XXXXXXXXX","id":67728148075,"status":"Active"},"ticketingAuthority":true,"airline":{"iataCode":"006","abrev":"DL","name":"DelXX XXX XXXXX XXX.","id":6772484854},"bsp":{"isoCountryCode":"CH","name":"SWIT","id":6772}},{"agent":{"iataCode":"8148077","address":"BADXXXXXXXXXXX 99","city":"Zurich","name":"AIRXXXXXXXXXX XXXXXXX XXXX XXX","id":67728148077,"status":"Active"},"ticketingAuthority":true,"airline":{"iataCode":"006","abrev":"DL","name":"DelXX XXX XXXXX XXX.","id":6772484854},"bsp":{"isoCountryCode":"CH","name":"SWIT","id":6772}},{"agent":{"iataCode":"8148078","address":"ZURXXX XXXXXXX","city":"Zurich","name":"CGS","id":67728148078,"status":"Active"},"ticketingAuthority":true,"airline":{"iataCode":"006","abrev":"DL","name":"DelXX XXX XXXXX XXX.","id":6772484854},"bsp":{"isoCountryCode":"CH","name":"SWIT","id":6772}},{"agent":{"iataCode":"8148133","address":"CENXXXXXXXXXXXXXXX 9","city":"Basel","name":"RECX-XXXXXXX XXXX XXX","id":67728148133,"status":"Active"},"ticketingAuthority":true,"airline":{"iataCode":"006","abrev":"DL","name":"DelXX XXX XXXXX XXX.","id":6772484854},"bsp":{"isoCountryCode":"CH","name":"SWIT","id":6772}},{"agent":{"iataCode":"8148236","address":"SeeXXXXXXX 99","city":"Kilchberg","name":"DisXXXXX XXX XXXXX XXXX","id":67728148236,"status":"Active"},"ticketingAuthority":true,"airline":{"iataCode":"006","abrev":"DL","name":"DelXX XXX XXXXX XXX.","id":6772484854},"bsp":{"isoCountryCode":"CH","name":"SWIT","id":6772}},{"agent":{"iataCode":"8148241","address":"FREXXXX XXXX X99 X.X.XXX 9999","city":"Geneva","name":"RTW XXX XXXXXXXX XX","id":67728148241,"status":"Active"},"ticketingAuthority":true,"airline":{"iataCode":"006","abrev":"DL","name":"DelXX XXX XXXXX XXX.","id":6772484854},"bsp":{"isoCountryCode":"CH","name":"SWIT","id":6772}},{"agent":{"iataCode":"8148345","address":"OBEXXXXXX 9","city":"Oberwil","name":"ATC XXXXXXXX XXXXXXXX XXX","id":67728148345,"status":"Active"},"ticketingAuthority":true,"airline":{"iataCode":"006","abrev":"DL","name":"DelXX XXX XXXXX XXX.","id":6772484854},"bsp":{"isoCountryCode":"CH","name":"SWIT","id":6772}},{"agent":{"iataCode":"8148840","address":"CARXX XXXXXXXX 9/XX9 X.X. XXX","city":"Geneva","name":"ATC XXXXXXXX XXXXXXXX XXX","id":67728148840,"status":"Active"},"ticketingAuthority":true,"airline":{"iataCode":"006","abrev":"DL","name":"DelXX XXX XXXXX XXX.","id":6772484854},"bsp":{"isoCountryCode":"CH","name":"SWIT","id":6772}},{"agent":{"iataCode":"8149077","address":"TERXXXXX 9 X.X.XXX XXXXXX","city":"Zurich","name":"SWIXXXXXX XXXXXX XX","id":67728149077,"status":"Active"},"ticketingAuthority":true,"airline":{"iataCode":"006","abrev":"DL","name":"DelXX XXX XXXXX XXX.","id":6772484854},"bsp":{"isoCountryCode":"CH","name":"SWIT","id":6772}},{"agent":{"iataCode":"8149079","address":"P.O.XXX","city":"Basel","name":"SWIXX XXXXX XXXXX","id":67728149079,"status":"Active"},"ticketingAuthority":true,"airline":{"iataCode":"006","abrev":"DL","name":"DelXX XXX XXXXX XXX.","id":6772484854},"bsp":{"isoCountryCode":"CH","name":"SWIT","id":6772}},{"agent":{"iataCode":"8149116","address":"INDXXXXXX XXXX 9","city":"Merenschwand","name":"DISXXXXX XXX XXXXX XXXXXXXXX","id":67728149116,"status":"Active"},"ticketingAuthority":true,"airline":{"iataCode":"006","abrev":"DL","name":"DelXX XXX XXXXX XXX.","id":6772484854},"bsp":{"isoCountryCode":"CH","name":"SWIT","id":6772}},{"agent":{"iataCode":"8149119","address":"GENXXX XXXXXXXXXXXXX XXXXXXX","city":"Geneva","name":"DNAXX XXXXXXXXXXX XX","id":67728149119,"status":"Active"},"ticketingAuthority":true,"airline":{"iataCode":"006","abrev":"DL","name":"DelXX XXX XXXXX XXX.","id":6772484854},"bsp":{"isoCountryCode":"CH","name":"SWIT","id":6772}},{"agent":{"iataCode":"8149120","address":"GROXXX XXXXXXXX XXXXX XXXXXX","city":"Zurich","name":"CUSXXXXX XXXXXX XXXXXXXX","id":67728149120,"status":"Active"},"ticketingAuthority":true,"airline":{"iataCode":"006","abrev":"DL","name":"DelXX XXX XXXXX XXX.","id":6772484854},"bsp":{"isoCountryCode":"CH","name":"SWIT","id":6772}},{"agent":{"iataCode":"8149122","address":"GENXXX XXXXXXX","city":"Geneva","name":"CGS","id":67728149122,"status":"Active"},"ticketingAuthority":true,"airline":{"iataCode":"006","abrev":"DL","name":"DelXX XXX XXXXX XXX.","id":6772484854},"bsp":{"isoCountryCode":"CH","name":"SWIT","id":6772}},{"agent":{"iataCode":"8149125","address":"CENXXXX XXXXXXXX X.X. XXX 999","city":"Kloten","name":"DNAXX XXXXXXXXXXX XXX","id":67728149125,"status":"Active"},"ticketingAuthority":true,"airline":{"iataCode":"006","abrev":"DL","name":"DelXX XXX XXXXX XXX.","id":6772484854},"bsp":{"isoCountryCode":"CH","name":"SWIT","id":6772}},{"agent":{"iataCode":"8149126","address":"FLUXXXXXXXXXXX 99","city":"Glattbrugg","name":"SWIXXXXXX XXXXXXXXXXXXX XXX","id":67728149126,"status":"Active"},"ticketingAuthority":true,"airline":{"iataCode":"006","abrev":"DL","name":"DelXX XXX XXXXX XXX.","id":6772484854},"bsp":{"isoCountryCode":"CH","name":"SWIT","id":6772}},{"agent":{"iataCode":"8149130","address":"ZURXXX XXXXXXX","city":"Zurich","name":"SWIXXXXXX XXXXXXXXXXXXX XXX","id":67728149130,"status":"Active"},"ticketingAuthority":true,"airline":{"iataCode":"006","abrev":"DL","name":"DelXX XXX XXXXX XXX.","id":6772484854},"bsp":{"isoCountryCode":"CH","name":"SWIT","id":6772}},{"agent":{"iataCode":"8149131","address":"ZURXXX-XXXXXXX XX XXX 99","city":"Zurich","name":"CGS XXXXXXXX XXXXXX XXXXXXX XX","id":67728149131,"status":"Active"},"ticketingAuthority":true,"airline":{"iataCode":"006","abrev":"DL","name":"DelXX XXX XXXXX XXX.","id":6772484854},"bsp":{"isoCountryCode":"CH","name":"SWIT","id":6772}},{"agent":{"iataCode":"8149462","address":"BOX 9999 XXXXXX XXXXXXX XXXX.","city":"Zurich","name":"JET XXXXXXXX XXXXXXXX XXX","id":67728149462,"status":"Active"},"ticketingAuthority":true,"airline":{"iataCode":"006","abrev":"DL","name":"DelXX XXX XXXXX XXX.","id":6772484854},"bsp":{"isoCountryCode":"CH","name":"SWIT","id":6772}},{"agent":{"iataCode":"8812077","address":"WWW.XXXXXXXXXXXXX.XXX","city":"BERN","name":"ALTXXXX XXXXXX XX.X.X.","id":67728812077,"status":"Non Active"},"ticketingAuthority":true,"airline":{"iataCode":"006","abrev":"DL","name":"DelXX XXX XXXXX XXX.","id":6772484854},"bsp":{"isoCountryCode":"CH","name":"SWIT","id":6772}}]

04-10-2024T15:57:27 - [TEST_STEP][PASSED] - logInfo(getTestCaseVariables().get("URL_QAMIG")): https://gateway-gateway.apps.qa-mig.okd4.nfe.projects.nonprod.itd.farelogix.com/api/ta-management/tas?page=0&size=2000&ticketingAuthority=true&airlineCode=006

04-10-2024T15:57:27 - [MESSAGE][INFO] - https://gateway-gateway.apps.qa-mig.okd4.nfe.projects.nonprod.itd.farelogix.com/api/ta-management/tas?page=0&size=2000&ticketingAuthority=true&airlineCode=006

04-10-2024T15:57:27 - [TEST_STEP][PASSED] - responseQAMIGValue = getTestCaseVariables().get("responseQAMIG"): null

04-10-2024T15:57:27 - [TEST_STEP][PASSED] - logInfo(sortedQAMIG): [{"agent":{"iataCode":"2830001","address":"ADD","city":"ADD","name":"NAME","id":67722830001,"status":"Active"},"ticketingAuthority":true,"airline":{"iataCode":"006","abrev":"DL","name":"DelXX XXX XXXXX XXX.","id":6772484854},"bsp":{"isoCountryCode":"CH","name":"SWIT","id":6772}},{"agent":{"iataCode":"4620986","address":"LANXXXXXXXX","city":"Vaduz","name":"JOJX XXXXXX","id":67724620986,"status":"Active"},"ticketingAuthority":true,"airline":{"iataCode":"006","abrev":"DL","name":"DelXX XXX XXXXX XXX.","id":6772484854},"bsp":{"isoCountryCode":"CH","name":"SWIT","id":6772}},{"agent":{"iataCode":"7777772","address":"SDFSF","city":"SDDSF","name":"SDSAD","id":67727777772,"status":"Active"},"ticketingAuthority":true,"airline":{"iataCode":"006","abrev":"DL","name":"DelXX XXX XXXXX XXX.","id":6772484854},"bsp":{"isoCountryCode":"CH","name":"SWIT","id":6772}},{"agent":{"iataCode":"7777773","address":"SDSAD","city":"SDSD","name":"SASAD","id":67727777773,"status":"Active"},"ticketingAuthority":true,"airline":{"iataCode":"006","abrev":"DL","name":"DelXX XXX XXXXX XXX.","id":6772484854},"bsp":{"isoCountryCode":"CH","name":"SWIT","id":6772}},{"agent":{"iataCode":"7777774","address":"SDFSF","city":"SDFDSFS","name":"SDFDSFDSF","id":67727777774,"status":"Active"},"ticketingAuthority":true,"airline":{"iataCode":"006","abrev":"DL","name":"DelXX XXX XXXXX XXX.","id":6772484854},"bsp":{"isoCountryCode":"CH","name":"SWIT","id":6772}},{"agent":{"iataCode":"7777775","address":"SDFDS","city":"SDFDSF","name":"DSFDSFD","id":67727777775,"status":"Active"},"ticketingAuthority":true,"airline":{"iataCode":"006","abrev":"DL","name":"DelXX XXX XXXXX XXX.","id":6772484854},"bsp":{"isoCountryCode":"CH","name":"SWIT","id":6772}},{"agent":{"iataCode":"8120000","address":"","city":"GENEVA","name":"BSP XXXXXXXXXXX XXXX","id":67728120000,"status":"Non Active"},"ticketingAuthority":true,"airline":{"iataCode":"006","abrev":"DL","name":"DelXX XXX XXXXX XXX.","id":6772484854},"bsp":{"isoCountryCode":"CH","name":"SWIT","id":6772}},{"agent":{"iataCode":"8120002","address":"BleXXXXXXXX 99","city":"Zurich","name":"AGRXX XXXXXX","id":67728120002,"status":"Active"},"ticketingAuthority":true,"airline":{"iataCode":"006","abrev":"DL","name":"DelXX XXX XXXXX XXX.","id":6772484854},"bsp":{"isoCountryCode":"CH","name":"SWIT","id":6772}},{"agent":{"iataCode":"8120004","address":"TUNXXX 99","city":"Lausanne","name":"MICXXXXXXX","id":67728120004,"status":"Active"},"ticketingAuthority":true,"airline":{"iataCode":"006","abrev":"DL","name":"DelXX XXX XXXXX XXX.","id":6772484854},"bsp":{"isoCountryCode":"CH","name":"SWIT","id":6772}},{"agent":{"iataCode":"8120012","address":"VIA XX XXXXX 9","city":"LUGANO","name":"ATG XXXXXXXXXXX","id":67728120012,"status":"Active"},"ticketingAuthority":true,"airline":{"iataCode":"006","abrev":"DL","name":"DelXX XXX XXXXX XXX.","id":6772484854},"bsp":{"isoCountryCode":"CH","name":"SWIT","id":6772}},{"agent":{"iataCode":"8120013","address":"QUAX XX XXXXXX 99","city":"GENEVA","name":"DELXX XXXXXXX","id":67728120013,"status":"Active"},"ticketingAuthority":true,"airline":{"iataCode":"006","abrev":"DL","name":"DelXX XXX XXXXX XXX.","id":6772484854},"bsp":{"isoCountryCode":"CH","name":"SWIT","id":6772}},{"agent":{"iataCode":"8120017","address":"NEUX XXXX 9","city":"Zurich","name":"MICXXXXXXX","id":67728120017,"status":"Active"},"ticketingAuthority":true,"airline":{"iataCode":"006","abrev":"DL","name":"DelXX XXX XXXXX XXX.","id":6772484854},"bsp":{"isoCountryCode":"CH","name":"SWIT","id":6772}},{"agent":{"iataCode":"8120019","address":"NEUX XXXX 9","city":"Zurich","name":"KUOXX XXXXXX","id":67728120019,"status":"Active"},"ticketingAuthority":true,"airline":{"iataCode":"006","abrev":"DL","name":"DelXX XXX XXXXX XXX.","id":6772484854},"bsp":{"isoCountryCode":"CH","name":"SWIT","id":6772}},{"agent":{"iataCode":"8120022","address":"QUAXXXXXXXXXX 99","city":"Chur","name":"REIXXXXXXX XXXXXXXXX XX XXXX","id":67728120022,"status":"Active"},"ticketingAuthority":true,"airline":{"iataCode":"006","abrev":"DL","name":"DelXX XXX XXXXX XXX.","id":6772484854},"bsp":{"isoCountryCode":"CH","name":"SWIT","id":6772}},{"agent":{"iataCode":"8120023","address":"C/O XXXXX XXXXXXX 99, XXX XX","city":"GENEVA","name":"TUI XXXXXX XX XXXXXXX","id":67728120023,"status":"Active"},"ticketingAuthority":true,"airline":{"iataCode":"006","abrev":"DL","name":"DelXX XXX XXXXX XXX.","id":6772484854},"bsp":{"isoCountryCode":"CH","name":"SWIT","id":6772}},{"agent":{"iataCode":"8120024","address":"EUCXXXXXXXX XXXXXX XXXXX XX","city":"GENEVA","name":"RAPXXX XXX XXXXXX","id":67728120024,"status":"Active"},"ticketingAuthority":true,"airline":{"iataCode":"006","abrev":"DL","name":"DelXX XXX XXXXX XXX.","id":6772484854},"bsp":{"isoCountryCode":"CH","name":"SWIT","id":6772}},{"agent":{"iataCode":"8120025","address":"9 RXXXX XX XXXXX XXXXXX","city":"NYON","name":"CWT","id":67728120025,"status":"Active"},"ticketingAuthority":true,"airline":{"iataCode":"006","abrev":"DL","name":"DelXX XXX XXXXX XXX.","id":6772484854},"bsp":{"isoCountryCode":"CH","name":"SWIT","id":6772}},{"agent":{"iataCode":"8120028","address":"FaeXXXXXXXXXXX 9","city":"Zurich","name":"COSX XXXXXX XXX","id":67728120028,"status":"Active"},"ticketingAuthority":true,"airline":{"iataCode":"006","abrev":"DL","name":"DelXX XXX XXXXX XXX.","id":6772484854},"bsp":{"isoCountryCode":"CH","name":"SWIT","id":6772}},{"agent":{"iataCode":"8120030","address":"JOSXXXXXXXXX 999","city":"Zurich","name":"CWT - XXXXXXXXXXXXXXXXXX X.X.","id":67728120030,"status":"Active"},"ticketingAuthority":true,"airline":{"iataCode":"006","abrev":"DL","name":"DelXX XXX XXXXX XXX.","id":6772484854},"bsp":{"isoCountryCode":"CH","name":"SWIT","id":6772}},{"agent":{"iataCode":"8120033","address":"ST XXXXXXXXXXXXX 99","city":"Gossau","name":"HELXXXXX XXXXXX XX","id":67728120033,"status":"Active"},"ticketingAuthority":true,"airline":{"iataCode":"006","abrev":"DL","name":"DelXX XXX XXXXX XXX.","id":6772484854},"bsp":{"isoCountryCode":"CH","name":"SWIT","id":6772}},{"agent":{"iataCode":"8120034","address":"FRIXXXXXXXXXXXXXXX 99","city":"Zurich","name":"SPEXXXX XXXXX","id":67728120034,"status":"Active"},"ticketingAuthority":true,"airline":{"iataCode":"006","abrev":"DL","name":"DelXX XXX XXXXX XXX.","id":6772484854},"bsp":{"isoCountryCode":"CH","name":"SWIT","id":6772}},{"agent":{"iataCode":"8120036","address":"BaeXXXXXXX 99","city":"Zurich","name":"GBT XXX XX","id":67728120036,"status":"Active"},"ticketingAuthority":true,"airline":{"iataCode":"006","abrev":"DL","name":"DelXX XXX XXXXX XXX.","id":6772484854},"bsp":{"isoCountryCode":"CH","name":"SWIT","id":6772}},{"agent":{"iataCode":"8120042","address":"DORXXXXXXXX 99","city":"Langnau","name":"REIXXXXXXX XXXX XX","id":67728120042,"status":"Active"},"ticketingAuthority":true,"airline":{"iataCode":"006","abrev":"DL","name":"DelXX XXX XXXXX XXX.","id":6772484854},"bsp":{"isoCountryCode":"CH","name":"SWIT","id":6772}},{"agent":{"iataCode":"8120044","address":"CENXXXXXXXXXXX 9X","city":"Sursee","name":"KUOXX XXXXXX","id":67728120044,"status":"Active"},"ticketingAuthority":true,"airline":{"iataCode":"006","abrev":"DL","name":"DelXX XXX XXXXX XXX.","id":6772484854},"bsp":{"isoCountryCode":"CH","name":"SWIT","id":6772}},{"agent":{"iataCode":"8120046","address":"BADXXXXXXXXXXX 99/XXXXXXXX","city":"WEININGEN","name":"KAIXXX XXXXXX XX","id":67728120046,"status":"Active"},"ticketingAuthority":true,"airline":{"iataCode":"006","abrev":"DL","name":"DelXX XXX XXXXX XXX.","id":6772484854},"bsp":{"isoCountryCode":"CH","name":"SWIT","id":6772}},{"agent":{"iataCode":"8120047","address":"PLAXX XXXXXXXXX 99","city":"Lausanne","name":"VOYXXXX XXX XXXX","id":67728120047,"status":"Active"},"ticketingAuthority":true,"airline":{"iataCode":"006","abrev":"DL","name":"DelXX XXX XXXXX XXX.","id":6772484854},"bsp":{"isoCountryCode":"CH","name":"SWIT","id":6772}},{"agent":{"iataCode":"8120054","address":"GRAXXX XXXXX 9","city":"Vevey","name":"VOYXXXX XXX XXXX","id":67728120054,"status":"Active"},"ticketingAuthority":true,"airline":{"iataCode":"006","abrev":"DL","name":"DelXX XXX XXXXX XXX.","id":6772484854},"bsp":{"isoCountryCode":"CH","name":"SWIT","id":6772}},{"agent":{"iataCode":"8120060","address":"BAHXXXXXXXXXXX 99","city":"Dubendorf","name":"PASXXXX XXXXXX XX XXXXXXXXXX","id":67728120060,"status":"Active"},"ticketingAuthority":true,"airline":{"iataCode":"006","abrev":"DL","name":"DelXX XXX XXXXX XXX.","id":6772484854},"bsp":{"isoCountryCode":"CH","name":"SWIT","id":6772}},{"agent":{"iataCode":"8120065","address":"AVEXXX XX XX XXXX 9","city":"Sierre","name":"LATXXXX XXXXXXX XX XXXXXXXXXX","id":67728120065,"status":"Active"},"ticketingAuthority":true,"airline":{"iataCode":"006","abrev":"DL","name":"DelXX XXX XXXXX XXX.","id":6772484854},"bsp":{"isoCountryCode":"CH","name":"SWIT","id":6772}},{"agent":{"iataCode":"8120066","address":"SEEXXXXXXX 9","city":"Spiez","name":"REIXXXXXXX XXX XX","id":67728120066,"status":"Active"},"ticketingAuthority":true,"airline":{"iataCode":"006","abrev":"DL","name":"DelXX XXX XXXXX XXX.","id":6772484854},"bsp":{"isoCountryCode":"CH","name":"SWIT","id":6772}},{"agent":{"iataCode":"8120071","address":"BAEXXXXXXXXXXX 99","city":"Langenthal","name":"REIXXXXXXX XXXXXX XX","id":67728120071,"status":"Active"},"ticketingAuthority":true,"airline":{"iataCode":"006","abrev":"DL","name":"DelXX XXX XXXXX XXX.","id":6772484854},"bsp":{"isoCountryCode":"CH","name":"SWIT","id":6772}},{"agent":{"iataCode":"8120074","address":"22 XXXXXX XX. XXXXXXX","city":"GENEVA","name":"I.C.X. XXXXXXXXX & XXXXXXXXXX","id":67728120074,"status":"Active"},"ticketingAuthority":true,"airline":{"iataCode":"006","abrev":"DL","name":"DelXX XXX XXXXX XXX.","id":6772484854},"bsp":{"isoCountryCode":"CH","name":"SWIT","id":6772}},{"agent":{"iataCode":"8120075","address":"ZINXXXXXXXXXXXXXX 9","city":"Lucerne","name":"BAUXXXXX XXXXXX XX","id":67728120075,"status":"Active"},"ticketingAuthority":true,"airline":{"iataCode":"006","abrev":"DL","name":"DelXX XXX XXXXX XXX.","id":6772484854},"bsp":{"isoCountryCode":"CH","name":"SWIT","id":6772}},{"agent":{"iataCode":"8120087","address":"STAXXXXXXXXXXXXXXX 99","city":"Zurich","name":"STA XXXXXX XX","id":67728120087,"status":"Active"},"ticketingAuthority":true,"airline":{"iataCode":"006","abrev":"DL","name":"DelXX XXX XXXXX XXX.","id":6772484854},"bsp":{"isoCountryCode":"CH","name":"SWIT","id":6772}},{"agent":{"iataCode":"8120089","address":"HOHXXXXXXXX 999","city":"Zurich","name":"CryXXXX XXXXXX XX","id":67728120089,"status":"Active"},"ticketingAuthority":true,"airline":{"iataCode":"006","abrev":"DL","name":"DelXX XXX XXXXX XXX.","id":6772484854},"bsp":{"isoCountryCode":"CH","name":"SWIT","id":6772}},{"agent":{"iataCode":"8120091","address":"JOSXXXXXXXXX, 999","city":"Zurich","name":"CWT - XXXXXXXXXXXXXXXXXX X.X.","id":67728120091,"status":"Active"},"ticketingAuthority":true,"airline":{"iataCode":"006","abrev":"DL","name":"DelXX XXX XXXXX XXX.","id":6772484854},"bsp":{"isoCountryCode":"CH","name":"SWIT","id":6772}},{"agent":{"iataCode":"8120092","address":"STAXXXXXXXXX 99","city":"Winterthur","name":"KNEXXX XXXXXX XX","id":67728120092,"status":"Active"},"ticketingAuthority":true,"airline":{"iataCode":"006","abrev":"DL","name":"DelXX XXX XXXXX XXX.","id":6772484854},"bsp":{"isoCountryCode":"CH","name":"SWIT","id":6772}},{"agent":{"iataCode":"8120093","address":"NEUXXXXX 9","city":"Zug","name":"CWT - XXXXXXXXXXXXXXXXXX X.X.","id":67728120093,"status":"Active"},"ticketingAuthority":true,"airline":{"iataCode":"006","abrev":"DL","name":"DelXX XXX XXXXX XXX.","id":6772484854},"bsp":{"isoCountryCode":"CH","name":"SWIT","id":6772}},{"agent":{"iataCode":"8120095","address":"THUXXXXXXXXXXXXX 99","city":"Zurich","name":"BCD XXXXXX XXXXXX XX","id":67728120095,"status":"Active"},"ticketingAuthority":true,"airline":{"iataCode":"006","abrev":"DL","name":"DelXX XXX XXXXX XXX.","id":6772484854},"bsp":{"isoCountryCode":"CH","name":"SWIT","id":6772}},{"agent":{"iataCode":"8120096","address":"SEEXXXXXXX, 99","city":"Kilchberg","name":"REIXXXXXXX XXXXX XXXX XX","id":67728120096,"status":"Active"},"ticketingAuthority":true,"airline":{"iataCode":"006","abrev":"DL","name":"DelXX XXX XXXXX XXX.","id":6772484854},"bsp":{"isoCountryCode":"CH","name":"SWIT","id":6772}},{"agent":{"iataCode":"8120097","address":"SCHXXXXXXXXXXXXXXXX 999","city":"Kloten","name":"ROYXX XXXXXX","id":67728120097,"status":"Active"},"ticketingAuthority":true,"airline":{"iataCode":"006","abrev":"DL","name":"DelXX XXX XXXXX XXX.","id":6772484854},"bsp":{"isoCountryCode":"CH","name":"SWIT","id":6772}},{"agent":{"iataCode":"8120099","address":"BAHXXXXXXXXXXX 99","city":"Utzenstorf","name":"REIXXXXXXX XXXX","id":67728120099,"status":"Active"},"ticketingAuthority":true,"airline":{"iataCode":"006","abrev":"DL","name":"DelXX XXX XXXXX XXX.","id":6772484854},"bsp":{"isoCountryCode":"CH","name":"SWIT","id":6772}},{"agent":{"iataCode":"8120101","address":"UNTXXX XXXXXXXXXXXXXX 9","city":"Wil","name":"RewX XXXXXX","id":67728120101,"status":"Active"},"ticketingAuthority":true,"airline":{"iataCode":"006","abrev":"DL","name":"DelXX XXX XXXXX XXX.","id":6772484854},"bsp":{"isoCountryCode":"CH","name":"SWIT","id":6772}},{"agent":{"iataCode":"8120104","address":"RUE XX XX XXXX 9","city":"Lausanne","name":"L'AXXXXXX XX XXXXXX","id":67728120104,"status":"Active"},"ticketingAuthority":true,"airline":{"iataCode":"006","abrev":"DL","name":"DelXX XXX XXXXX XXX.","id":6772484854},"bsp":{"isoCountryCode":"CH","name":"SWIT","id":6772}},{"agent":{"iataCode":"8120109","address":"SCHXXXXXXXXXXXXXX 9","city":"WINDISCH","name":"KNEXXX XXXXXX XX","id":67728120109,"status":"Active"},"ticketingAuthority":true,"airline":{"iataCode":"006","abrev":"DL","name":"DelXX XXX XXXXX XXX.","id":6772484854},"bsp":{"isoCountryCode":"CH","name":"SWIT","id":6772}},{"agent":{"iataCode":"8120110","address":"HAUXXXXXXXXX 99","city":"Frick","name":"KNEXXX XXXXXX XX","id":67728120110,"status":"Active"},"ticketingAuthority":true,"airline":{"iataCode":"006","abrev":"DL","name":"DelXX XXX XXXXX XXX.","id":6772484854},"bsp":{"isoCountryCode":"CH","name":"SWIT","id":6772}},{"agent":{"iataCode":"8120115","address":"ZENXXXX XXXXX XXXXXXXXXXXXXX 9","city":"Wohlen","name":"KNEXXX XXXXXX XX","id":67728120115,"status":"Active"},"ticketingAuthority":true,"airline":{"iataCode":"006","abrev":"DL","name":"DelXX XXX XXXXX XXX.","id":6772484854},"bsp":{"isoCountryCode":"CH","name":"SWIT","id":6772}},{"agent":{"iataCode":"8120120","address":"MUEXX XXXXX XXXXXXXXXXXXXX 9","city":"Lenzburg","name":"KNEXXX XXXXXX XX","id":67728120120,"status":"Active"},"ticketingAuthority":true,"airline":{"iataCode":"006","abrev":"DL","name":"DelXX XXX XXXXX XXX.","id":6772484854},"bsp":{"isoCountryCode":"CH","name":"SWIT","id":6772}},{"agent":{"iataCode":"8120122","address":"KIRXXXXXXX 9","city":"Aarau","name":"NOVX XXXXX XX","id":67728120122,"status":"Active"},"ticketingAuthority":true,"airline":{"iataCode":"006","abrev":"DL","name":"DelXX XXX XXXXX XXX.","id":6772484854},"bsp":{"isoCountryCode":"CH","name":"SWIT","id":6772}},{"agent":{"iataCode":"8120123","address":"BAHXXXXXXXXXXX 99","city":"Mels","name":"ZENXXXX XXXXXX","id":67728120123,"status":"Active"},"ticketingAuthority":true,"airline":{"iataCode":"006","abrev":"DL","name":"DelXX XXX XXXXX XXX.","id":6772484854},"bsp":{"isoCountryCode":"CH","name":"SWIT","id":6772}},{"agent":{"iataCode":"8120124","address":"100, XXXXX XXX","city":"Montreux","name":"TUI XXXXXX XX XXXXXXX","id":67728120124,"status":"Active"},"ticketingAuthority":true,"airline":{"iataCode":"006","abrev":"DL","name":"DelXX XXX XXXXX XXX.","id":6772484854},"bsp":{"isoCountryCode":"CH","name":"SWIT","id":6772}},{"agent":{"iataCode":"8120126","address":"STAXXXX 99","city":"Solothurn","name":"KneXXX XXXXXX XXX XXXXXXXXXX X","id":67728120126,"status":"Active"},"ticketingAuthority":true,"airline":{"iataCode":"006","abrev":"DL","name":"DelXX XXX XXXXX XXX.","id":6772484854},"bsp":{"isoCountryCode":"CH","name":"SWIT","id":6772}},{"agent":{"iataCode":"8120132","address":"40, XX. X'XXXX","city":"GENEVA","name":"CLUX XXXXXXXXXXXX XXXXXX XX","id":67728120132,"status":"Active"},"ticketingAuthority":true,"airline":{"iataCode":"006","abrev":"DL","name":"DelXX XXX XXXXX XXX.","id":6772484854},"bsp":{"isoCountryCode":"CH","name":"SWIT","id":6772}},{"agent":{"iataCode":"8120135","address":"BADXXXXXXX 9","city":"Baden","name":"KUOXX XXXXXX","id":67728120135,"status":"Active"},"ticketingAuthority":true,"airline":{"iataCode":"006","abrev":"DL","name":"DelXX XXX XXXXX XXX.","id":6772484854},"bsp":{"isoCountryCode":"CH","name":"SWIT","id":6772}},{"agent":{"iataCode":"8120143","address":"SagXXXXXXXXXXX, 99","city":"Glattbrugg","name":"BTA XXXXX","id":67728120143,"status":"Active"},"ticketingAuthority":true,"airline":{"iataCode":"006","abrev":"DL","name":"DelXX XXX XXXXX XXX.","id":6772484854},"bsp":{"isoCountryCode":"CH","name":"SWIT","id":6772}},{"agent":{"iataCode":"8120146","address":"STEXXXXXXXXXX 99","city":"Basel","name":"NAYXX XXXXXX XX","id":67728120146,"status":"Active"},"ticketingAuthority":true,"airline":{"iataCode":"006","abrev":"DL","name":"DelXX XXX XXXXX XXX.","id":6772484854},"bsp":{"isoCountryCode":"CH","name":"SWIT","id":6772}},{"agent":{"iataCode":"8120147","address":"BAEXXXXXXXX 9-9","city":"Bern","name":"KUOXX XXXXXX","id":67728120147,"status":"Active"},"ticketingAuthority":true,"airline":{"iataCode":"006","abrev":"DL","name":"DelXX XXX XXXXX XXX.","id":6772484854},"bsp":{"isoCountryCode":"CH","name":"SWIT","id":6772}},{"agent":{"iataCode":"8120149","address":"RUE XX XX XXXXX 99","city":"Verbier","name":"VERXXXX XXXXX","id":67728120149,"status":"Active"},"ticketingAuthority":true,"airline":{"iataCode":"006","abrev":"DL","name":"DelXX XXX XXXXX XXX.","id":6772484854},"bsp":{"isoCountryCode":"CH","name":"SWIT","id":6772}},{"agent":{"iataCode":"8120151","address":"CONXXXXX XXX XXXXX, 99","city":"Agno","name":"GIRXXX XX","id":67728120151,"status":"Active"},"ticketingAuthority":true,"airline":{"iataCode":"006","abrev":"DL","name":"DelXX XXX XXXXX XXX.","id":6772484854},"bsp":{"isoCountryCode":"CH","name":"SWIT","id":6772}},{"agent":{"iataCode":"8120152","address":"RUE XXXXXXXXXX 9X","city":"Bulle","name":"AIR XXXXXXXX XX","id":67728120152,"status":"Active"},"ticketingAuthority":true,"airline":{"iataCode":"006","abrev":"DL","name":"DelXX XXX XXXXX XXX.","id":6772484854},"bsp":{"isoCountryCode":"CH","name":"SWIT","id":6772}},{"agent":{"iataCode":"8120155","address":"HIRXXXXXXXXXX 9","city":"Lyss","name":"REIXXXXXXX XXXXX XX","id":67728120155,"status":"Active"},"ticketingAuthority":true,"airline":{"iataCode":"006","abrev":"DL","name":"DelXX XXX XXXXX XXX.","id":6772484854},"bsp":{"isoCountryCode":"CH","name":"SWIT","id":6772}},{"agent":{"iataCode":"8120164","address":"BANXXXXXXXXXXXX 9","city":"Zurich","name":"REIXXXXXXX XXXXXXXX & XXXXXXX","id":67728120164,"status":"Active"},"ticketingAuthority":true,"airline":{"iataCode":"006","abrev":"DL","name":"DelXX XXX XXXXX XXX.","id":6772484854},"bsp":{"isoCountryCode":"CH","name":"SWIT","id":6772}},{"agent":{"iataCode":"8120169","address":"9 RXXXX XX XXXXX XXXXXX XX 999","city":"Nyon","name":"CWT - XXXXXXXXXXXXXXXXXX X.X.","id":67728120169,"status":"Active"},"ticketingAuthority":true,"airline":{"iataCode":"006","abrev":"DL","name":"DelXX XXX XXXXX XXX.","id":6772484854},"bsp":{"isoCountryCode":"CH","name":"SWIT","id":6772}},{"agent":{"iataCode":"8120171","address":"ALPXXXXXXXXX 99","city":"Lucerne","name":"BTA XXXXX","id":67728120171,"status":"Active"},"ticketingAuthority":true,"airline":{"iataCode":"006","abrev":"DL","name":"DelXX XXX XXXXX XXX.","id":6772484854},"bsp":{"isoCountryCode":"CH","name":"SWIT","id":6772}},{"agent":{"iataCode":"8120177","address":"KLEXXXXXXXXXXXXXXX 99 XX","city":"Hochdorf","name":"REIXXXXXXX XXXXXXX XX","id":67728120177,"status":"Active"},"ticketingAuthority":true,"airline":{"iataCode":"006","abrev":"DL","name":"DelXX XXX XXXXX XXX.","id":6772484854},"bsp":{"isoCountryCode":"CH","name":"SWIT","id":6772}},{"agent":{"iataCode":"8120180","address":"BAHXXXXXXXXXXX 99X XXXXXXXX","city":"Burgdorf","name":"NUSXXXXXXX XXXXXX XX","id":67728120180,"status":"Active"},"ticketingAuthority":true,"airline":{"iataCode":"006","abrev":"DL","name":"DelXX XXX XXXXX XXX.","id":6772484854},"bsp":{"isoCountryCode":"CH","name":"SWIT","id":6772}},{"agent":{"iataCode":"8120181","address":"CHEXXX XXXXX-XXXXXX 9","city":"Petit-Lancy","name":"AE XXXXXX XXXXXXXX XXXXXX","id":67728120181,"status":"Active"},"ticketingAuthority":true,"airline":{"iataCode":"006","abrev":"DL","name":"DelXX XXX XXXXX XXX.","id":6772484854},"bsp":{"isoCountryCode":"CH","name":"SWIT","id":6772}},{"agent":{"iataCode":"8120182","address":"OBEXXXXXXXXXXXX 99","city":"Herisau","name":"MUEXXXXXX XXXXXXXXX XX","id":67728120182,"status":"Active"},"ticketingAuthority":true,"airline":{"iataCode":"006","abrev":"DL","name":"DelXX XXX XXXXX XXX.","id":6772484854},"bsp":{"isoCountryCode":"CH","name":"SWIT","id":6772}},{"agent":{"iataCode":"8120184","address":"WILXXXXXXXXXX 9 XXXXXXX XX XXX","city":"Zurich","name":"REIXXXXXX XXXXXXXXXX XXXX","id":67728120184,"status":"Active"},"ticketingAuthority":true,"airline":{"iataCode":"006","abrev":"DL","name":"DelXX XXX XXXXX XXX.","id":6772484854},"bsp":{"isoCountryCode":"CH","name":"SWIT","id":6772}},{"agent":{"iataCode":"8120185","address":"SCHXXXXXXXXXXXXXX 9","city":"WINDISCH","name":"EURXXXX","id":67728120185,"status":"Active"},"ticketingAuthority":true,"airline":{"iataCode":"006","abrev":"DL","name":"DelXX XXX XXXXX XXX.","id":6772484854},"bsp":{"isoCountryCode":"CH","name":"SWIT","id":6772}},{"agent":{"iataCode":"8120188","address":"BAEXXXXXXX 99","city":"Zurich","name":"HRG XXXXXXXXXXX","id":67728120188,"status":"Active"},"ticketingAuthority":true,"airline":{"iataCode":"006","abrev":"DL","name":"DelXX XXX XXXXX XXX.","id":6772484854},"bsp":{"isoCountryCode":"CH","name":"SWIT","id":6772}},{"agent":{"iataCode":"8120194","address":"AVEXXX XXXXX-XXXXX 99","city":"GENEVA","name":"STOXXXX XXXXX - XXXXXXXX","id":67728120194,"status":"Active"},"ticketingAuthority":true,"airline":{"iataCode":"006","abrev":"DL","name":"DelXX XXX XXXXX XXX.","id":6772484854},"bsp":{"isoCountryCode":"CH","name":"SWIT","id":6772}},{"agent":{"iataCode":"8120195","address":"SENXXXXXXXXXXXX 99","city":"Steinhausen","name":"BTA XXXXX","id":67728120195,"status":"Active"},"ticketingAuthority":true,"airline":{"iataCode":"006","abrev":"DL","name":"DelXX XXX XXXXX XXX.","id":6772484854},"bsp":{"isoCountryCode":"CH","name":"SWIT","id":6772}},{"agent":{"iataCode":"8120196","address":"C/O XXX XXXX XXXXX XXXXXX XX","city":"Zurich","name":"HRG XXXXXXXXXXX","id":67728120196,"status":"Active"},"ticketingAuthority":true,"airline":{"iataCode":"006","abrev":"DL","name":"DelXX XXX XXXXX XXX.","id":6772484854},"bsp":{"isoCountryCode":"CH","name":"SWIT","id":6772}},{"agent":{"iataCode":"8120205","address":"NIKXXXX-XXXX-XXXXX/XXXXXXXXX 9","city":"Zofingen","name":"HAUXX XXXXXX XX","id":67728120205,"status":"Active"},"ticketingAuthority":true,"airline":{"iataCode":"006","abrev":"DL","name":"DelXX XXX XXXXX XXX.","id":6772484854},"bsp":{"isoCountryCode":"CH","name":"SWIT","id":6772}},{"agent":{"iataCode":"8120208","address":"BAHXXXXXXXXXXX 99","city":"Amriswil","name":"KNEXXX XXXXXX XX","id":67728120208,"status":"Active"},"ticketingAuthority":true,"airline":{"iataCode":"006","abrev":"DL","name":"DelXX XXX XXXXX XXX.","id":6772484854},"bsp":{"isoCountryCode":"CH","name":"SWIT","id":6772}},{"agent":{"iataCode":"8120209","address":"INDXXXXXXXXXXXXX XXXXXXXX 999","city":"Heerbrugg","name":"KUOXX XXXXXX","id":67728120209,"status":"Active"},"ticketingAuthority":true,"airline":{"iataCode":"006","abrev":"DL","name":"DelXX XXX XXXXX XXX.","id":6772484854},"bsp":{"isoCountryCode":"CH","name":"SWIT","id":6772}},{"agent":{"iataCode":"8120210","address":"17, XXXXX-XXX","city":"GENEVA","name":"ES XXXXXXX & XXXXXXXX XX","id":67728120210,"status":"Active"},"ticketingAuthority":true,"airline":{"iataCode":"006","abrev":"DL","name":"DelXX XXX XXXXX XXX.","id":6772484854},"bsp":{"isoCountryCode":"CH","name":"SWIT","id":6772}},{"agent":{"iataCode":"8120213","address":"C/O X XXXXXXXX-XX XXXXX XX","city":"Basel","name":"HRG XXXXXXXXXXX","id":67728120213,"status":"Active"},"ticketingAuthority":true,"airline":{"iataCode":"006","abrev":"DL","name":"DelXX XXX XXXXX XXX.","id":6772484854},"bsp":{"isoCountryCode":"CH","name":"SWIT","id":6772}},{"agent":{"iataCode":"8120218","address":"RUE XX XXXXX XXXXXXX XXXXX-XXX","city":"Sierre","name":"REYXXXX XXXXXXX","id":67728120218,"status":"Active"},"ticketingAuthority":true,"airline":{"iataCode":"006","abrev":"DL","name":"DelXX XXX XXXXX XXX.","id":6772484854},"bsp":{"isoCountryCode":"CH","name":"SWIT","id":6772}},{"agent":{"iataCode":"8120219","address":"FISXXXXXXX 99","city":"Liestal","name":"ROTXXXX XXXXXX XX","id":67728120219,"status":"Active"},"ticketingAuthority":true,"airline":{"iataCode":"006","abrev":"DL","name":"DelXX XXX XXXXX XXX.","id":6772484854},"bsp":{"isoCountryCode":"CH","name":"SWIT","id":6772}},{"agent":{"iataCode":"8120230","address":"GRAXX-XXX 99 X.X. 999","city":"Villeneuve","name":"INTXXXXXXXXX XXXXXXXXXX XX","id":67728120230,"status":"Active"},"ticketingAuthority":true,"airline":{"iataCode":"006","abrev":"DL","name":"DelXX XXX XXXXX XXX.","id":6772484854},"bsp":{"isoCountryCode":"CH","name":"SWIT","id":6772}},{"agent":{"iataCode":"8120233","address":"NEUXXXXX 99","city":"Bischofszell","name":"MAWX XXXXXX XX","id":67728120233,"status":"Active"},"ticketingAuthority":true,"airline":{"iataCode":"006","abrev":"DL","name":"DelXX XXX XXXXX XXX.","id":6772484854},"bsp":{"isoCountryCode":"CH","name":"SWIT","id":6772}},{"agent":{"iataCode":"8120247","address":"9 AXX XX XX-XXXXX","city":"Gland","name":"ZENXXX XXXXXXX XX","id":67728120247,"status":"Active"},"ticketingAuthority":true,"airline":{"iataCode":"006","abrev":"DL","name":"DelXX XXX XXXXX XXX.","id":6772484854},"bsp":{"isoCountryCode":"CH","name":"SWIT","id":6772}},{"agent":{"iataCode":"8120248","address":"GLAXXXXXXXXXX. 99","city":"Horgen","name":"INCXXXXXX XXXXXX XX","id":67728120248,"status":"Active"},"ticketingAuthority":true,"airline":{"iataCode":"006","abrev":"DL","name":"DelXX XXX XXXXX XXX.","id":6772484854},"bsp":{"isoCountryCode":"CH","name":"SWIT","id":6772}},{"agent":{"iataCode":"8120253","address":"LIMXXXXXXXXX. 999","city":"Zurich","name":"MB XXXXXX XX","id":67728120253,"status":"Active"},"ticketingAuthority":true,"airline":{"iataCode":"006","abrev":"DL","name":"DelXX XXX XXXXX XXX.","id":6772484854},"bsp":{"isoCountryCode":"CH","name":"SWIT","id":6772}},{"agent":{"iataCode":"8120254","address":"REGXXXXXXXXXXXX. 9","city":"Zurich","name":"POLX XXXXXX XX","id":67728120254,"status":"Active"},"ticketingAuthority":true,"airline":{"iataCode":"006","abrev":"DL","name":"DelXX XXX XXXXX XXX.","id":6772484854},"bsp":{"isoCountryCode":"CH","name":"SWIT","id":6772}},{"agent":{"iataCode":"8120257","address":"EURXXXXXXXX 99","city":"Zurich","name":"SW XXXXXXXXXX XX","id":67728120257,"status":"Active"},"ticketingAuthority":true,"airline":{"iataCode":"006","abrev":"DL","name":"DelXX XXX XXXXX XXX.","id":6772484854},"bsp":{"isoCountryCode":"CH","name":"SWIT","id":6772}},{"agent":{"iataCode":"8120260","address":"23 XXXXX-XXX","city":"GENEVA","name":"B.C. XXXXXXXX XXXXX XX","id":67728120260,"status":"Active"},"ticketingAuthority":true,"airline":{"iataCode":"006","abrev":"DL","name":"DelXX XXX XXXXX XXX.","id":6772484854},"bsp":{"isoCountryCode":"CH","name":"SWIT","id":6772}},{"agent":{"iataCode":"8120262","address":"WERXXXXXXXXXXXXXX 99","city":"Zurich","name":"TRAXXX XXXXXXXX XXXXXX XX","id":67728120262,"status":"Active"},"ticketingAuthority":true,"airline":{"iataCode":"006","abrev":"DL","name":"DelXX XXX XXXXX XXX.","id":6772484854},"bsp":{"isoCountryCode":"CH","name":"SWIT","id":6772}},{"agent":{"iataCode":"8120266","address":"SAEXXXXXXXXXXXX 99","city":"Glattbrugg","name":"M-TXXXXX XXXXXXXXXXX","id":67728120266,"status":"Active"},"ticketingAuthority":true,"airline":{"iataCode":"006","abrev":"DL","name":"DelXX XXX XXXXX XXX.","id":6772484854},"bsp":{"isoCountryCode":"CH","name":"SWIT","id":6772}},{"agent":{"iataCode":"8120271","address":"BAHXXXXXXXXXXX 99","city":"Baden","name":"KUOXX XXXXXX","id":67728120271,"status":"Active"},"ticketingAuthority":true,"airline":{"iataCode":"006","abrev":"DL","name":"DelXX XXX XXXXX XXX.","id":6772484854},"bsp":{"isoCountryCode":"CH","name":"SWIT","id":6772}},{"agent":{"iataCode":"8120288","address":"BAHXXXXXXXXXXX 99","city":"Buchs","name":"BTA XXXXX","id":67728120288,"status":"Active"},"ticketingAuthority":true,"airline":{"iataCode":"006","abrev":"DL","name":"DelXX XXX XXXXX XXX.","id":6772484854},"bsp":{"isoCountryCode":"CH","name":"SWIT","id":6772}},{"agent":{"iataCode":"8120289","address":"VORXXXX XXXXXXXX 99","city":"Aarau","name":"KNEXXX XXXXXX XX","id":67728120289,"status":"Active"},"ticketingAuthority":true,"airline":{"iataCode":"006","abrev":"DL","name":"DelXX XXX XXXXX XXX.","id":6772484854},"bsp":{"isoCountryCode":"CH","name":"SWIT","id":6772}},{"agent":{"iataCode":"8120293","address":"VORXXXXX 99","city":"Zug","name":"TUI XXXXXXXXXXX","id":67728120293,"status":"Active"},"ticketingAuthority":true,"airline":{"iataCode":"006","abrev":"DL","name":"DelXX XXX XXXXX XXX.","id":6772484854},"bsp":{"isoCountryCode":"CH","name":"SWIT","id":6772}},{"agent":{"iataCode":"8120295","address":"BAEXXXXXXX 99","city":"Zurich","name":"HRG XXXXXXXXXXX","id":67728120295,"status":"Active"},"ticketingAuthority":true,"airline":{"iataCode":"006","abrev":"DL","name":"DelXX XXX XXXXX XXX.","id":6772484854},"bsp":{"isoCountryCode":"CH","name":"SWIT","id":6772}},{"agent":{"iataCode":"8120303","address":"GUYXX-XXXXXX-XXXXXXX 99","city":"Wetzikon","name":"FINXXX XXXXXX XX","id":67728120303,"status":"Active"},"ticketingAuthority":true,"airline":{"iataCode":"006","abrev":"DL","name":"DelXX XXX XXXXX XXX.","id":6772484854},"bsp":{"isoCountryCode":"CH","name":"SWIT","id":6772}},{"agent":{"iataCode":"8120308","address":"BAEXXXXXXX 99, X.X. XXX 9999","city":"Zurich","name":"GLOXXX XXXXXXXX XXXXXX XXXXXXX","id":67728120308,"status":"Active"},"ticketingAuthority":true,"airline":{"iataCode":"006","abrev":"DL","name":"DelXX XXX XXXXX XXX.","id":6772484854},"bsp":{"isoCountryCode":"CH","name":"SWIT","id":6772}},{"agent":{"iataCode":"8120317","address":"FRIXXXXXXXXXXXXXXX 99","city":"Zurich","name":"TUI/XXXX XXXXXX XXXXXX XXX","id":67728120317,"status":"Active"},"ticketingAuthority":true,"airline":{"iataCode":"006","abrev":"DL","name":"DelXX XXX XXXXX XXX.","id":6772484854},"bsp":{"isoCountryCode":"CH","name":"SWIT","id":6772}},{"agent":{"iataCode":"8120319","address":"FREXXXXXXXXXXXX 9","city":"Zurich","name":"TRAXXXXXXXX","id":67728120319,"status":"Active"},"ticketingAuthority":true,"airline":{"iataCode":"006","abrev":"DL","name":"DelXX XXX XXXXX XXX.","id":6772484854},"bsp":{"isoCountryCode":"CH","name":"SWIT","id":6772}},{"agent":{"iataCode":"8120322","address":"VIA X. XXXXX 99 XXXXXXX XXXXXX","city":"Lugano","name":"I GXXXXXX XXXXXX XX","id":67728120322,"status":"Active"},"ticketingAuthority":true,"airline":{"iataCode":"006","abrev":"DL","name":"DelXX XXX XXXXX XXX.","id":6772484854},"bsp":{"isoCountryCode":"CH","name":"SWIT","id":6772}},{"agent":{"iataCode":"8120326","address":"DUFXXXXXXXXXX 999","city":"Zurich","name":"INFX-XXXXXX XXXXXXXXXXXXX XX","id":67728120326,"status":"Active"},"ticketingAuthority":true,"airline":{"iataCode":"006","abrev":"DL","name":"DelXX XXX XXXXX XXX.","id":6772484854},"bsp":{"isoCountryCode":"CH","name":"SWIT","id":6772}},{"agent":{"iataCode":"8120331","address":"RATXXXXXXXXX, 99","city":"Baden","name":"TWEXXXXXXX XXXXXX XX","id":67728120331,"status":"Active"},"ticketingAuthority":true,"airline":{"iataCode":"006","abrev":"DL","name":"DelXX XXX XXXXX XXX.","id":6772484854},"bsp":{"isoCountryCode":"CH","name":"SWIT","id":6772}},{"agent":{"iataCode":"8120332","address":"VORXXXXX 99","city":"Schaffhausen","name":"ROLX XXXXX XXXXXX","id":67728120332,"status":"Active"},"ticketingAuthority":true,"airline":{"iataCode":"006","abrev":"DL","name":"DelXX XXX XXXXX XXX.","id":6772484854},"bsp":{"isoCountryCode":"CH","name":"SWIT","id":6772}},{"agent":{"iataCode":"8120334","address":"SPAXXXXXXX 999 X.X. XXX","city":"Basel","name":"KNEXXX XXXXXX XX","id":67728120334,"status":"Active"},"ticketingAuthority":true,"airline":{"iataCode":"006","abrev":"DL","name":"DelXX XXX XXXXX XXX.","id":6772484854},"bsp":{"isoCountryCode":"CH","name":"SWIT","id":6772}},{"agent":{"iataCode":"8120343","address":"ALBXXXXXXXXXXX 999","city":"Zurich","name":"ALBXX XXXXXX XX","id":67728120343,"status":"Active"},"ticketingAuthority":true,"airline":{"iataCode":"006","abrev":"DL","name":"DelXX XXX XXXXX XXX.","id":6772484854},"bsp":{"isoCountryCode":"CH","name":"SWIT","id":6772}},{"agent":{"iataCode":"8120344","address":"ZIGXXXXXXXXXXXXX 9","city":"Lucerne","name":"BAUXXXXX XXXXXX XX","id":67728120344,"status":"Active"},"ticketingAuthority":true,"airline":{"iataCode":"006","abrev":"DL","name":"DelXX XXX XXXXX XXX.","id":6772484854},"bsp":{"isoCountryCode":"CH","name":"SWIT","id":6772}},{"agent":{"iataCode":"8120349","address":"HerXXXXXXXX 99","city":"Zurich","name":"KUOXX XXXXXX","id":67728120349,"status":"Active"},"ticketingAuthority":true,"airline":{"iataCode":"006","abrev":"DL","name":"DelXX XXX XXXXX XXX.","id":6772484854},"bsp":{"isoCountryCode":"CH","name":"SWIT","id":6772}},{"agent":{"iataCode":"8120351","address":"VIA XXXXXX 99","city":"Lugano","name":"FRAXXXXXXXX XX","id":67728120351,"status":"Active"},"ticketingAuthority":true,"airline":{"iataCode":"006","abrev":"DL","name":"DelXX XXX XXXXX XXX.","id":6772484854},"bsp":{"isoCountryCode":"CH","name":"SWIT","id":6772}},{"agent":{"iataCode":"8120353","address":"BERXXXXXXXX 999","city":"Zollikofen","name":"RAIXXXXX XXXXXX XX","id":67728120353,"status":"Active"},"ticketingAuthority":true,"airline":{"iataCode":"006","abrev":"DL","name":"DelXX XXX XXXXX XXX.","id":6772484854},"bsp":{"isoCountryCode":"CH","name":"SWIT","id":6772}},{"agent":{"iataCode":"8120354","address":"NEUXXXXXXXXXX 999","city":"Basel","name":"CAT XXXXXX XXXXXX XXXXXX XX","id":67728120354,"status":"Active"},"ticketingAuthority":true,"airline":{"iataCode":"006","abrev":"DL","name":"DelXX XXX XXXXX XXX.","id":6772484854},"bsp":{"isoCountryCode":"CH","name":"SWIT","id":6772}},{"agent":{"iataCode":"8120355","address":"BADXXXXXXX 99 XXXXXXXX 999","city":"Baden","name":"KNEXXX XXXXXX XX","id":67728120355,"status":"Active"},"ticketingAuthority":true,"airline":{"iataCode":"006","abrev":"DL","name":"DelXX XXX XXXXX XXX.","id":6772484854},"bsp":{"isoCountryCode":"CH","name":"SWIT","id":6772}},{"agent":{"iataCode":"8120361","address":"SATXXXXXXXX 9","city":"Basel","name":"FROXXXXX XXXXXX","id":67728120361,"status":"Active"},"ticketingAuthority":true,"airline":{"iataCode":"006","abrev":"DL","name":"DelXX XXX XXXXX XXX.","id":6772484854},"bsp":{"isoCountryCode":"CH","name":"SWIT","id":6772}},{"agent":{"iataCode":"8120364","address":"LEHXXXXXXXXXXXXXX 99","city":"ST GALLEN","name":"INTXXXXXX XXXXXX","id":67728120364,"status":"Active"},"ticketingAuthority":true,"airline":{"iataCode":"006","abrev":"DL","name":"DelXX XXX XXXXX XXX.","id":6772484854},"bsp":{"isoCountryCode":"CH","name":"SWIT","id":6772}},{"agent":{"iataCode":"8120365","address":"KIRXXXXXXX 99","city":"Meilen","name":"REIXX-XXXXX XXXXXX XX","id":67728120365,"status":"Active"},"ticketingAuthority":true,"airline":{"iataCode":"006","abrev":"DL","name":"DelXX XXX XXXXX XXX.","id":6772484854},"bsp":{"isoCountryCode":"CH","name":"SWIT","id":6772}},{"agent":{"iataCode":"8120367","address":"RUE XX XXXXXXXX 99","city":"Lausanne","name":"NOVX XXXXX XX","id":67728120367,"status":"Active"},"ticketingAuthority":true,"airline":{"iataCode":"006","abrev":"DL","name":"DelXX XXX XXXXX XXX.","id":6772484854},"bsp":{"isoCountryCode":"CH","name":"SWIT","id":6772}},{"agent":{"iataCode":"8120371","address":"AVEXXX XX XX XXXX 9","city":"Lausanne","name":"GEO-XXXXXXXXXX XX","id":67728120371,"status":"Active"},"ticketingAuthority":true,"airline":{"iataCode":"006","abrev":"DL","name":"DelXX XXX XXXXX XXX.","id":6772484854},"bsp":{"isoCountryCode":"CH","name":"SWIT","id":6772}},{"agent":{"iataCode":"8120383","address":"LANXXXXXX 99","city":"Gais","name":"PORXXXXX XXXX","id":67728120383,"status":"Active"},"ticketingAuthority":true,"airline":{"iataCode":"006","abrev":"DL","name":"DelXX XXX XXXXX XXX.","id":6772484854},"bsp":{"isoCountryCode":"CH","name":"SWIT","id":6772}},{"agent":{"iataCode":"8120386","address":"PLAXX XX XX XXXXX-XXXXXXX 9","city":"Epalinges","name":"VOYXXXX XXXXXXX XX","id":67728120386,"status":"Active"},"ticketingAuthority":true,"airline":{"iataCode":"006","abrev":"DL","name":"DelXX XXX XXXXX XXX.","id":6772484854},"bsp":{"isoCountryCode":"CH","name":"SWIT","id":6772}},{"agent":{"iataCode":"8120387","address":"RUE XX. XXXXXX 9","city":"Carouge","name":"VOYXXXX XXX XXXX","id":67728120387,"status":"Active"},"ticketingAuthority":true,"airline":{"iataCode":"006","abrev":"DL","name":"DelXX XXX XXXXX XXX.","id":6772484854},"bsp":{"isoCountryCode":"CH","name":"SWIT","id":6772}},{"agent":{"iataCode":"8120390","address":"VIA XXXX 9","city":"Lugano","name":"DA XXXXX XXXXX XX X/X XXXXX XX","id":67728120390,"status":"Active"},"ticketingAuthority":true,"airline":{"iataCode":"006","abrev":"DL","name":"DelXX XXX XXXXX XXX.","id":6772484854},"bsp":{"isoCountryCode":"CH","name":"SWIT","id":6772}},{"agent":{"iataCode":"8120394","address":"SAGXXXX 9","city":"WICHTRACH","name":"GURXXXX XXXXXX XX","id":67728120394,"status":"Active"},"ticketingAuthority":true,"airline":{"iataCode":"006","abrev":"DL","name":"DelXX XXX XXXXX XXX.","id":6772484854},"bsp":{"isoCountryCode":"CH","name":"SWIT","id":6772}},{"agent":{"iataCode":"8120399","address":"SCHXXXXXXXXXXXX 9","city":"Bern","name":"REIXXXXXXX XXXXXX X.X.","id":67728120399,"status":"Active"},"ticketingAuthority":true,"airline":{"iataCode":"006","abrev":"DL","name":"DelXX XXX XXXXX XXX.","id":6772484854},"bsp":{"isoCountryCode":"CH","name":"SWIT","id":6772}},{"agent":{"iataCode":"8120401","address":"TRAXXXXXXXX 99","city":"Zurich","name":"TOUXXXXXXXXXX","id":67728120401,"status":"Active"},"ticketingAuthority":true,"airline":{"iataCode":"006","abrev":"DL","name":"DelXX XXX XXXXX XXX.","id":6772484854},"bsp":{"isoCountryCode":"CH","name":"SWIT","id":6772}},{"agent":{"iataCode":"8120425","address":"C/O XXX/XXX XXX XX XXXXXXXX 99","city":"GENEVA","name":"CWT - XXXXXXXXXXXXXXXXXX X.X.","id":67728120425,"status":"Active"},"ticketingAuthority":true,"airline":{"iataCode":"006","abrev":"DL","name":"DelXX XXX XXXXX XXX.","id":6772484854},"bsp":{"isoCountryCode":"CH","name":"SWIT","id":6772}},{"agent":{"iataCode":"8120428","address":"SEEXXXXXXX, 99","city":"Zurich","name":"KUOXX XXXXXX","id":67728120428,"status":"Active"},"ticketingAuthority":true,"airline":{"iataCode":"006","abrev":"DL","name":"DelXX XXX XXXXX XXX.","id":6772484854},"bsp":{"isoCountryCode":"CH","name":"SWIT","id":6772}},{"agent":{"iataCode":"8120430","address":"LOEXXXXXXXXXX 99 XXXXXX XXXX","city":"Zurich","name":"M-TXXXXX XXXXXXXXXXX","id":67728120430,"status":"Active"},"ticketingAuthority":true,"airline":{"iataCode":"006","abrev":"DL","name":"DelXX XXX XXXXX XXX.","id":6772484854},"bsp":{"isoCountryCode":"CH","name":"SWIT","id":6772}},{"agent":{"iataCode":"8120436","address":"VIA XXXXXXXXX 9","city":"Lugano","name":"MICXXXXXXX","id":67728120436,"status":"Active"},"ticketingAuthority":true,"airline":{"iataCode":"006","abrev":"DL","name":"DelXX XXX XXXXX XXX.","id":6772484854},"bsp":{"isoCountryCode":"CH","name":"SWIT","id":6772}},{"agent":{"iataCode":"8120446","address":"AVEXXX XX XX XXXX 9-99","city":"GENEVA","name":"CWT - XXXXXXXXXXXXXXXXXX X.X.","id":67728120446,"status":"Active"},"ticketingAuthority":true,"airline":{"iataCode":"006","abrev":"DL","name":"DelXX XXX XXXXX XXX.","id":6772484854},"bsp":{"isoCountryCode":"CH","name":"SWIT","id":6772}},{"agent":{"iataCode":"8120466","address":"DORXXXXXX 9","city":"Zumikon","name":"TUI XXXXXXXXXXX","id":67728120466,"status":"Active"},"ticketingAuthority":true,"airline":{"iataCode":"006","abrev":"DL","name":"DelXX XXX XXXXX XXX.","id":6772484854},"bsp":{"isoCountryCode":"CH","name":"SWIT","id":6772}},{"agent":{"iataCode":"8120468","address":"C/O XXX XXXXXXXXXXXX 9","city":"Zurich","name":"GURXXXX XXXXXX XX","id":67728120468,"status":"Active"},"ticketingAuthority":true,"airline":{"iataCode":"006","abrev":"DL","name":"DelXX XXX XXXXX XXX.","id":6772484854},"bsp":{"isoCountryCode":"CH","name":"SWIT","id":6772}},{"agent":{"iataCode":"8120477","address":"C/O XXXXXX XXXXXXXXXXXXX","city":"Lausanne","name":"CWT - XXXXXXXXXXXXXXXXXX X.X.","id":67728120477,"status":"Active"},"ticketingAuthority":true,"airline":{"iataCode":"006","abrev":"DL","name":"DelXX XXX XXXXX XXX.","id":6772484854},"bsp":{"isoCountryCode":"CH","name":"SWIT","id":6772}},{"agent":{"iataCode":"8120483","address":"BRUXXX 99","city":"Kallnach","name":"GRUXXXXXXXXXXX","id":67728120483,"status":"Active"},"ticketingAuthority":true,"airline":{"iataCode":"006","abrev":"DL","name":"DelXX XXX XXXXX XXX.","id":6772484854},"bsp":{"isoCountryCode":"CH","name":"SWIT","id":6772}},{"agent":{"iataCode":"8120486","address":"HAUXXXXXXXXX 9","city":"Reinach","name":"KNEXXX XXXXXX XX","id":67728120486,"status":"Active"},"ticketingAuthority":true,"airline":{"iataCode":"006","abrev":"DL","name":"DelXX XXX XXXXX XXX.","id":6772484854},"bsp":{"isoCountryCode":"CH","name":"SWIT","id":6772}},{"agent":{"iataCode":"8120505","address":"AM XXXXXXXX XXXXXXXXXX 9","city":"Zurich","name":"KUOXX XXXXXX","id":67728120505,"status":"Active"},"ticketingAuthority":true,"airline":{"iataCode":"006","abrev":"DL","name":"DelXX XXX XXXXX XXX.","id":6772484854},"bsp":{"isoCountryCode":"CH","name":"SWIT","id":6772}},{"agent":{"iataCode":"8120508","address":"POB 999 XXXXXX XXXXXXX","city":"GENEVA","name":"DNAXX XXXXXXXXXXX XX","id":67728120508,"status":"Active"},"ticketingAuthority":true,"airline":{"iataCode":"006","abrev":"DL","name":"DelXX XXX XXXXX XXX.","id":6772484854},"bsp":{"isoCountryCode":"CH","name":"SWIT","id":6772}},{"agent":{"iataCode":"8120513","address":"C/O X.X.X.X. XXXXXXXXX XX","city":"Lucerne","name":"AE XXXXXX XXXXXXXX XXXXXX","id":67728120513,"status":"Active"},"ticketingAuthority":true,"airline":{"iataCode":"006","abrev":"DL","name":"DelXX XXX XXXXX XXX.","id":6772484854},"bsp":{"isoCountryCode":"CH","name":"SWIT","id":6772}},{"agent":{"iataCode":"8120514","address":"RUE XX XXXXXXX 99 X.X. 9999","city":"Lausanne","name":"RAIXXXXX XXXXXX XX","id":67728120514,"status":"Active"},"ticketingAuthority":true,"airline":{"iataCode":"006","abrev":"DL","name":"DelXX XXX XXXXX XXX.","id":6772484854},"bsp":{"isoCountryCode":"CH","name":"SWIT","id":6772}},{"agent":{"iataCode":"8120520","address":"ZENXXXXXXXXXXX 9","city":"Zurich","name":"RMR XXXXXX XXXXXXXXX","id":67728120520,"status":"Active"},"ticketingAuthority":true,"airline":{"iataCode":"006","abrev":"DL","name":"DelXX XXX XXXXX XXX.","id":6772484854},"bsp":{"isoCountryCode":"CH","name":"SWIT","id":6772}},{"agent":{"iataCode":"8120529","address":"C/O XXXXXXX XX XXX XXXXXXX 9","city":"Lugano","name":"KUOXX XXXXXX","id":67728120529,"status":"Active"},"ticketingAuthority":true,"airline":{"iataCode":"006","abrev":"DL","name":"DelXX XXX XXXXX XXX.","id":6772484854},"bsp":{"isoCountryCode":"CH","name":"SWIT","id":6772}},{"agent":{"iataCode":"8120537","address":"ZUGXXXXXXXXXXXXX 9","city":"UNTERAEGERI","name":"MUEXXXXXX XXXXXXXXX XX","id":67728120537,"status":"Active"},"ticketingAuthority":true,"airline":{"iataCode":"006","abrev":"DL","name":"DelXX XXX XXXXX XXX.","id":6772484854},"bsp":{"isoCountryCode":"CH","name":"SWIT","id":6772}},{"agent":{"iataCode":"8120540","address":"LOEXXXXXXXXXX 99","city":"Zurich","name":"RAIXXXXX XXXXXX XX","id":67728120540,"status":"Active"},"ticketingAuthority":true,"airline":{"iataCode":"006","abrev":"DL","name":"DelXX XXX XXXXX XXX.","id":6772484854},"bsp":{"isoCountryCode":"CH","name":"SWIT","id":6772}},{"agent":{"iataCode":"8120542","address":"C/O XXXXX XXXXXX 99 XXXXX XX","city":"GENEVA","name":"CWT - XXXXXXXXXXXXXXXXXX X.X.","id":67728120542,"status":"Active"},"ticketingAuthority":true,"airline":{"iataCode":"006","abrev":"DL","name":"DelXX XXX XXXXX XXX.","id":6772484854},"bsp":{"isoCountryCode":"CH","name":"SWIT","id":6772}},{"agent":{"iataCode":"8120547","address":"C/O XXXX XXXXXXXXXXXXXXXXXX","city":"Zurich","name":"BTA XXXXX","id":67728120547,"status":"Active"},"ticketingAuthority":true,"airline":{"iataCode":"006","abrev":"DL","name":"DelXX XXX XXXXX XXX.","id":6772484854},"bsp":{"isoCountryCode":"CH","name":"SWIT","id":6772}},{"agent":{"iataCode":"8120554","address":"C/O XXXXXX & XXX XXXXX XXX","city":"GENEVA","name":"FERX & XXX XXXXXXX XX","id":67728120554,"status":"Active"},"ticketingAuthority":true,"airline":{"iataCode":"006","abrev":"DL","name":"DelXX XXX XXXXX XXX.","id":6772484854},"bsp":{"isoCountryCode":"CH","name":"SWIT","id":6772}},{"agent":{"iataCode":"8120556","address":"RUE XXXXXX, 9","city":"GENEVA","name":"FERX XXXXXXXXX","id":67728120556,"status":"Active"},"ticketingAuthority":true,"airline":{"iataCode":"006","abrev":"DL","name":"DelXX XXX XXXXX XXX.","id":6772484854},"bsp":{"isoCountryCode":"CH","name":"SWIT","id":6772}},{"agent":{"iataCode":"8120566","address":"VIA XXXXXX","city":"Lugano","name":"KUOXX XXXXXX","id":67728120566,"status":"Active"},"ticketingAuthority":true,"airline":{"iataCode":"006","abrev":"DL","name":"DelXX XXX XXXXX XXX.","id":6772484854},"bsp":{"isoCountryCode":"CH","name":"SWIT","id":6772}},{"agent":{"iataCode":"8120572","address":"HARXXXXXXXX 999","city":"Zurich","name":"KUOXX XXXXXX","id":67728120572,"status":"Active"},"ticketingAuthority":true,"airline":{"iataCode":"006","abrev":"DL","name":"DelXX XXX XXXXX XXX.","id":6772484854},"bsp":{"isoCountryCode":"CH","name":"SWIT","id":6772}},{"agent":{"iataCode":"8120574","address":"C/O XXX XXXXX XXX XXXXXXXXX 9","city":"GENEVA","name":"CWT - XXXXXXXXXXXXXXXXXX X.X.","id":67728120574,"status":"Active"},"ticketingAuthority":true,"airline":{"iataCode":"006","abrev":"DL","name":"DelXX XXX XXXXX XXX.","id":6772484854},"bsp":{"isoCountryCode":"CH","name":"SWIT","id":6772}},{"agent":{"iataCode":"8120575","address":"C/O XXXX XXXXX XX XXXXXX 99","city":"Nyon","name":"CWT - XXXXXXXXXXXXXXXXXX X.X.","id":67728120575,"status":"Active"},"ticketingAuthority":true,"airline":{"iataCode":"006","abrev":"DL","name":"DelXX XXX XXXXX XXX.","id":6772484854},"bsp":{"isoCountryCode":"CH","name":"SWIT","id":6772}},{"agent":{"iataCode":"8120578","address":"C/O XXXX XXXXXX XX XXXXXXXXX 9","city":"GENEVA","name":"AE XXXXXX XXXXXXXX XXXXXX","id":67728120578,"status":"Active"},"ticketingAuthority":true,"airline":{"iataCode":"006","abrev":"DL","name":"DelXX XXX XXXXX XXX.","id":6772484854},"bsp":{"isoCountryCode":"CH","name":"SWIT","id":6772}},{"agent":{"iataCode":"8120600","address":"C/O XXXXXXX XXXXXXX XX","city":"ZURICH","name":"CARXXXX XXXXXXXX XXXXXX","id":67728120600,"status":"Non Active"},"ticketingAuthority":true,"airline":{"iataCode":"006","abrev":"DL","name":"DelXX XXX XXXXX XXX.","id":6772484854},"bsp":{"isoCountryCode":"CH","name":"SWIT","id":6772}},{"agent":{"iataCode":"8120607","address":"GUEXXXXXXXXXX 99","city":"Basel","name":"HRG XXXXXXXXXXX","id":67728120607,"status":"Active"},"ticketingAuthority":true,"airline":{"iataCode":"006","abrev":"DL","name":"DelXX XXX XXXXX XXX.","id":6772484854},"bsp":{"isoCountryCode":"CH","name":"SWIT","id":6772}},{"agent":{"iataCode":"8120608","address":"LEOXXXXXXXXXXXX 9","city":"Basel","name":"DANXXX","id":67728120608,"status":"Active"},"ticketingAuthority":true,"airline":{"iataCode":"006","abrev":"DL","name":"DelXX XXX XXXXX XXX.","id":6772484854},"bsp":{"isoCountryCode":"CH","name":"SWIT","id":6772}},{"agent":{"iataCode":"8120616","address":"HAUXXXXXXX","city":"Ruswil","name":"KNEXXX XXXXXX XX","id":67728120616,"status":"Active"},"ticketingAuthority":true,"airline":{"iataCode":"006","abrev":"DL","name":"DelXX XXX XXXXX XXX.","id":6772484854},"bsp":{"isoCountryCode":"CH","name":"SWIT","id":6772}},{"agent":{"iataCode":"8120624","address":"BAEXXXXXXX 99","city":"Zurich","name":"AMEXXXXX XXXXXXX XXX","id":67728120624,"status":"Active"},"ticketingAuthority":true,"airline":{"iataCode":"006","abrev":"DL","name":"DelXX XXX XXXXX XXX.","id":6772484854},"bsp":{"isoCountryCode":"CH","name":"SWIT","id":6772}},{"agent":{"iataCode":"8120629","address":"C/O XXXXXX XX XXXXX","city":"Lausanne","name":"CWT - XXXXXXXXXXXXXXXXXX X.X.","id":67728120629,"status":"Active"},"ticketingAuthority":true,"airline":{"iataCode":"006","abrev":"DL","name":"DelXX XXX XXXXX XXX.","id":6772484854},"bsp":{"isoCountryCode":"CH","name":"SWIT","id":6772}},{"agent":{"iataCode":"8120648","address":"DEPXXXXXX XXXX","city":"GENEVA","name":"AIRXXXX XXXXXXXX XXXXXX","id":67728120648,"status":"Active"},"ticketingAuthority":true,"airline":{"iataCode":"006","abrev":"DL","name":"DelXX XXX XXXXX XXX.","id":6772484854},"bsp":{"isoCountryCode":"CH","name":"SWIT","id":6772}},{"agent":{"iataCode":"8120650","address":"BAEXXXXXXX 99","city":"Zurich","name":"AE XXXXXX XXXXXXXX XXXXXX","id":67728120650,"status":"Active"},"ticketingAuthority":true,"airline":{"iataCode":"006","abrev":"DL","name":"DelXX XXX XXXXX XXX.","id":6772484854},"bsp":{"isoCountryCode":"CH","name":"SWIT","id":6772}},{"agent":{"iataCode":"8120665","address":"CHEXXX XX XXXXXX 9","city":"Ecublens","name":"VT XXXXXXXX XX","id":67728120665,"status":"Active"},"ticketingAuthority":true,"airline":{"iataCode":"006","abrev":"DL","name":"DelXX XXX XXXXX XXX.","id":6772484854},"bsp":{"isoCountryCode":"CH","name":"SWIT","id":6772}},{"agent":{"iataCode":"8120668","address":"CHEXXX XXXXX-XXXXXX 9","city":"Petit-Lancy","name":"AE XXXXXX XXXXXXXX XXXXXX","id":67728120668,"status":"Active"},"ticketingAuthority":true,"airline":{"iataCode":"006","abrev":"DL","name":"DelXX XXX XXXXX XXX.","id":6772484854},"bsp":{"isoCountryCode":"CH","name":"SWIT","id":6772}},{"agent":{"iataCode":"8120669","address":"FRIXXXXXXXXXXXXXXX 99","city":"Zurich","name":"FIRXX XXXXXXXX XXXXXX XXXXXX","id":67728120669,"status":"Active"},"ticketingAuthority":true,"airline":{"iataCode":"006","abrev":"DL","name":"DelXX XXX XXXXX XXX.","id":6772484854},"bsp":{"isoCountryCode":"CH","name":"SWIT","id":6772}},{"agent":{"iataCode":"8120670","address":"AVEXXX XX XXXXXXXXX 99 XXXX","city":"Lausanne","name":"CULXXXX XXX XXXXXX XX","id":67728120670,"status":"Active"},"ticketingAuthority":true,"airline":{"iataCode":"006","abrev":"DL","name":"DelXX XXX XXXXX XXX.","id":6772484854},"bsp":{"isoCountryCode":"CH","name":"SWIT","id":6772}},{"agent":{"iataCode":"8120677","address":"FRIXXXXXXXXXXXXXXX 99","city":"Zurich","name":"TUI XXXXXX XXX","id":67728120677,"status":"Active"},"ticketingAuthority":true,"airline":{"iataCode":"006","abrev":"DL","name":"DelXX XXX XXXXX XXX.","id":6772484854},"bsp":{"isoCountryCode":"CH","name":"SWIT","id":6772}},{"agent":{"iataCode":"8120678","address":"C/O XXXX 99, XXXXXX XX XX XXXX","city":"GENEVA","name":"HRG XXXXXXXXXXX","id":67728120678,"status":"Active"},"ticketingAuthority":true,"airline":{"iataCode":"006","abrev":"DL","name":"DelXX XXX XXXXX XXX.","id":6772484854},"bsp":{"isoCountryCode":"CH","name":"SWIT","id":6772}},{"agent":{"iataCode":"8120686","address":"THUXXXXXXXXXXXXX 99","city":"Zurich","name":"BCD XXXXXX","id":67728120686,"status":"Active"},"ticketingAuthority":true,"airline":{"iataCode":"006","abrev":"DL","name":"DelXX XXX XXXXX XXX.","id":6772484854},"bsp":{"isoCountryCode":"CH","name":"SWIT","id":6772}},{"agent":{"iataCode":"8120688","address":"MUEXXXXXXXXXXXXXXXXXXX, 99","city":"Basel","name":"CWT - XXXXXXXXXXXXXXXXXX X.X.","id":67728120688,"status":"Active"},"ticketingAuthority":true,"airline":{"iataCode":"006","abrev":"DL","name":"DelXX XXX XXXXX XXX.","id":6772484854},"bsp":{"isoCountryCode":"CH","name":"SWIT","id":6772}},{"agent":{"iataCode":"8120689","address":"C/O XXXXXX XXXXXX XXXXXXXXXXXX","city":"Lausanne","name":"AE XXXXXX XXXXXXXX XXXXXX","id":67728120689,"status":"Active"},"ticketingAuthority":true,"airline":{"iataCode":"006","abrev":"DL","name":"DelXX XXX XXXXX XXX.","id":6772484854},"bsp":{"isoCountryCode":"CH","name":"SWIT","id":6772}},{"agent":{"iataCode":"8120690","address":"CARXXXX XXXXXXXX XXXXXX XXXXXX","city":"Zurich","name":"CWT - XXXXXXXXXXXXXXXXXX X.X.","id":67728120690,"status":"Active"},"ticketingAuthority":true,"airline":{"iataCode":"006","abrev":"DL","name":"DelXX XXX XXXXX XXX.","id":6772484854},"bsp":{"isoCountryCode":"CH","name":"SWIT","id":6772}},{"agent":{"iataCode":"8120701","address":"ANEXXXXXXXXXXXX, 99","city":"Zurich","name":"AE XXXXXX XXXXXXXX XXXXXX","id":67728120701,"status":"Active"},"ticketingAuthority":true,"airline":{"iataCode":"006","abrev":"DL","name":"DelXX XXX XXXXX XXX.","id":6772484854},"bsp":{"isoCountryCode":"CH","name":"SWIT","id":6772}},{"agent":{"iataCode":"8120704","address":"C/O XXXX XX XX-XX XXX 999,","city":"Lausanne","name":"CWT - XXXXXXXXXXXXXXXXXX X.X.","id":67728120704,"status":"Active"},"ticketingAuthority":true,"airline":{"iataCode":"006","abrev":"DL","name":"DelXX XXX XXXXX XXX.","id":6772484854},"bsp":{"isoCountryCode":"CH","name":"SWIT","id":6772}},{"agent":{"iataCode":"8120705","address":"BAEXXXXXXX 99","city":"Zurich","name":"AE XXXXXX XXXXXXXX XXXXXX","id":67728120705,"status":"Active"},"ticketingAuthority":true,"airline":{"iataCode":"006","abrev":"DL","name":"DelXX XXX XXXXX XXX.","id":6772484854},"bsp":{"isoCountryCode":"CH","name":"SWIT","id":6772}},{"agent":{"iataCode":"8120707","address":"C/O XXX XXXXXX XXXX XXXXXX XX","city":"Vernier","name":"CWT - XXXXXXXXXXXXXXXXXX X.X.","id":67728120707,"status":"Active"},"ticketingAuthority":true,"airline":{"iataCode":"006","abrev":"DL","name":"DelXX XXX XXXXX XXX.","id":6772484854},"bsp":{"isoCountryCode":"CH","name":"SWIT","id":6772}},{"agent":{"iataCode":"8120708","address":"THUXXXXXXXXXXXXX 99","city":"Zurich","name":"BCD XXXXXXX","id":67728120708,"status":"Active"},"ticketingAuthority":true,"airline":{"iataCode":"006","abrev":"DL","name":"DelXX XXX XXXXX XXX.","id":6772484854},"bsp":{"isoCountryCode":"CH","name":"SWIT","id":6772}},{"agent":{"iataCode":"8120709","address":"THUXXXXXXXXXXXXX 99","city":"Zurich","name":"BCD XXXXXX","id":67728120709,"status":"Active"},"ticketingAuthority":true,"airline":{"iataCode":"006","abrev":"DL","name":"DelXX XXX XXXXX XXX.","id":6772484854},"bsp":{"isoCountryCode":"CH","name":"SWIT","id":6772}},{"agent":{"iataCode":"8120710","address":"BAEXXXXXXX 99","city":"Zurich","name":"HRG XXXXXXX XXXXXX XXXXXXXXXXX","id":67728120710,"status":"Active"},"ticketingAuthority":true,"airline":{"iataCode":"006","abrev":"DL","name":"DelXX XXX XXXXX XXX.","id":6772484854},"bsp":{"isoCountryCode":"CH","name":"SWIT","id":6772}},{"agent":{"iataCode":"8120713","address":"JOSXXXXXXXXX 999","city":"Zurich","name":"CWT - XXXXXXXXXXXXXXXXXX X.X.","id":67728120713,"status":"Active"},"ticketingAuthority":true,"airline":{"iataCode":"006","abrev":"DL","name":"DelXX XXX XXXXX XXX.","id":6772484854},"bsp":{"isoCountryCode":"CH","name":"SWIT","id":6772}},{"agent":{"iataCode":"8120716","address":"HOHXXXXXXXX 999","city":"Zurich","name":"BTA XXXXX","id":67728120716,"status":"Active"},"ticketingAuthority":true,"airline":{"iataCode":"006","abrev":"DL","name":"DelXX XXX XXXXX XXX.","id":6772484854},"bsp":{"isoCountryCode":"CH","name":"SWIT","id":6772}},{"agent":{"iataCode":"8120717","address":"C/O XXXXXX 9-9 XX. XX XX XXXX","city":"GENEVA","name":"AE XXXXXX XXXXXXXX XXXXXX","id":67728120717,"status":"Active"},"ticketingAuthority":true,"airline":{"iataCode":"006","abrev":"DL","name":"DelXX XXX XXXXX XXX.","id":6772484854},"bsp":{"isoCountryCode":"CH","name":"SWIT","id":6772}},{"agent":{"iataCode":"8120718","address":"C/O XXX XXX XXXXXXXX 9 XXX, XX","city":"GENEVA","name":"AE XXXXXX XXXXXXXX XXXXXX","id":67728120718,"status":"Active"},"ticketingAuthority":true,"airline":{"iataCode":"006","abrev":"DL","name":"DelXX XXX XXXXX XXX.","id":6772484854},"bsp":{"isoCountryCode":"CH","name":"SWIT","id":6772}},{"agent":{"iataCode":"8120719","address":"C/O XXX 99-99 XXX XX","city":"GENEVA","name":"AE XXXXXX XXXXXXXX XXXXXX","id":67728120719,"status":"Active"},"ticketingAuthority":true,"airline":{"iataCode":"006","abrev":"DL","name":"DelXX XXX XXXXX XXX.","id":6772484854},"bsp":{"isoCountryCode":"CH","name":"SWIT","id":6772}},{"agent":{"iataCode":"8120720","address":"C/O XXXX XXXXXXXX XXX, XXXXX 9","city":"GENEVA","name":"AE XXXXXX XXXXXXXX XXXXXX","id":67728120720,"status":"Active"},"ticketingAuthority":true,"airline":{"iataCode":"006","abrev":"DL","name":"DelXX XXX XXXXX XXX.","id":6772484854},"bsp":{"isoCountryCode":"CH","name":"SWIT","id":6772}},{"agent":{"iataCode":"8120721","address":"C/O XXX XXXXXX X-999 99, XX. X","city":"Chatelaine","name":"AE XXXXXX XXXXXXXX XXXXXX","id":67728120721,"status":"Active"},"ticketingAuthority":true,"airline":{"iataCode":"006","abrev":"DL","name":"DelXX XXX XXXXX XXX.","id":6772484854},"bsp":{"isoCountryCode":"CH","name":"SWIT","id":6772}},{"agent":{"iataCode":"8120722","address":"C/O XXXX XXXXXX XXX XXXXXXX","city":"GENEVA","name":"AE XXXXXX XXXXXXXX XXXXXX","id":67728120722,"status":"Active"},"ticketingAuthority":true,"airline":{"iataCode":"006","abrev":"DL","name":"DelXX XXX XXXXX XXX.","id":6772484854},"bsp":{"isoCountryCode":"CH","name":"SWIT","id":6772}},{"agent":{"iataCode":"8120723","address":"C/O XXX XXXXX XXX XXXXXXX","city":"GENEVA","name":"AE XXXXXX XXXXXXXX XXXXXX","id":67728120723,"status":"Active"},"ticketingAuthority":true,"airline":{"iataCode":"006","abrev":"DL","name":"DelXX XXX XXXXX XXX.","id":6772484854},"bsp":{"isoCountryCode":"CH","name":"SWIT","id":6772}},{"agent":{"iataCode":"8120724","address":"C/O XXX XXXXXXX & XXXXXXXXX XX","city":"GENEVA","name":"AE XXXXXX XXXXXXXX XXXXXX","id":67728120724,"status":"Active"},"ticketingAuthority":true,"airline":{"iataCode":"006","abrev":"DL","name":"DelXX XXX XXXXX XXX.","id":6772484854},"bsp":{"isoCountryCode":"CH","name":"SWIT","id":6772}},{"agent":{"iataCode":"8120725","address":"C/O XXXX 99, XXX XXX XXXXXX","city":"GENEVA","name":"AE XXXXXX XXXXXXXX XXXXXX","id":67728120725,"status":"Active"},"ticketingAuthority":true,"airline":{"iataCode":"006","abrev":"DL","name":"DelXX XXX XXXXX XXX.","id":6772484854},"bsp":{"isoCountryCode":"CH","name":"SWIT","id":6772}},{"agent":{"iataCode":"8120726","address":"C/O XXXXX XXXXXXXXXXXX XXXXX.","city":"GENEVA","name":"AE XXXXXX XXXXXXXX XXXXXX","id":67728120726,"status":"Active"},"ticketingAuthority":true,"airline":{"iataCode":"006","abrev":"DL","name":"DelXX XXX XXXXX XXX.","id":6772484854},"bsp":{"isoCountryCode":"CH","name":"SWIT","id":6772}},{"agent":{"iataCode":"8120727","address":"C/O XXXXXX XXXXXXX XXXXXX XXXX","city":"GENEVA","name":"AE XXXXXX XXXXXXXX XXXXXX","id":67728120727,"status":"Active"},"ticketingAuthority":true,"airline":{"iataCode":"006","abrev":"DL","name":"DelXX XXX XXXXX XXX.","id":6772484854},"bsp":{"isoCountryCode":"CH","name":"SWIT","id":6772}},{"agent":{"iataCode":"8120728","address":"C/O XXXXX XXXXXX XXXXXXXXXXXX","city":"GENEVA","name":"AE XXXXXX XXXXXXXX XXXXXX","id":67728120728,"status":"Active"},"ticketingAuthority":true,"airline":{"iataCode":"006","abrev":"DL","name":"DelXX XXX XXXXX XXX.","id":6772484854},"bsp":{"isoCountryCode":"CH","name":"SWIT","id":6772}},{"agent":{"iataCode":"8120730","address":"AVEXXX XXXXXXXXX 9","city":"Lausanne","name":"MAJXXXXX XXXXXXX","id":67728120730,"status":"Active"},"ticketingAuthority":true,"airline":{"iataCode":"006","abrev":"DL","name":"DelXX XXX XXXXX XXX.","id":6772484854},"bsp":{"isoCountryCode":"CH","name":"SWIT","id":6772}},{"agent":{"iataCode":"8120731","address":"SCHXXXXXXXXXXX 9","city":"Schaffhausen","name":"KUOXX XXXXXX","id":67728120731,"status":"Active"},"ticketingAuthority":true,"airline":{"iataCode":"006","abrev":"DL","name":"DelXX XXX XXXXX XXX.","id":6772484854},"bsp":{"isoCountryCode":"CH","name":"SWIT","id":6772}},{"agent":{"iataCode":"8120738","address":"POSXXXXX 999","city":"Zurich","name":"AE XXXXXX XXXXXXXX XXXXXX","id":67728120738,"status":"Active"},"ticketingAuthority":true,"airline":{"iataCode":"006","abrev":"DL","name":"DelXX XXX XXXXX XXX.","id":6772484854},"bsp":{"isoCountryCode":"CH","name":"SWIT","id":6772}},{"agent":{"iataCode":"8120739","address":"C/O XXXXXX XXXXXXXXXXXXX","city":"Lausanne","name":"CWT - XXXXXXXXXXXXXXXXXX X.X.","id":67728120739,"status":"Active"},"ticketingAuthority":true,"airline":{"iataCode":"006","abrev":"DL","name":"DelXX XXX XXXXX XXX.","id":6772484854},"bsp":{"isoCountryCode":"CH","name":"SWIT","id":6772}},{"agent":{"iataCode":"8120743","address":"BodXXXXXXXXXX, 9","city":"Zurich","name":"www.XXXXXXXXXXXX.XX","id":67728120743,"status":"Active"},"ticketingAuthority":true,"airline":{"iataCode":"006","abrev":"DL","name":"DelXX XXX XXXXX XXX.","id":6772484854},"bsp":{"isoCountryCode":"CH","name":"SWIT","id":6772}},{"agent":{"iataCode":"8120746","address":"THUXXXXXXXXXXXXX 99","city":"Zurich","name":"BCD XXXXXXX","id":67728120746,"status":"Active"},"ticketingAuthority":true,"airline":{"iataCode":"006","abrev":"DL","name":"DelXX XXX XXXXX XXX.","id":6772484854},"bsp":{"isoCountryCode":"CH","name":"SWIT","id":6772}},{"agent":{"iataCode":"8120747","address":"ROUXX XXX XXXXXXX 99","city":"Carouge","name":"CWT - XXXXXXXXXXXXXXXXXX X.X.","id":67728120747,"status":"Active"},"ticketingAuthority":true,"airline":{"iataCode":"006","abrev":"DL","name":"DelXX XXX XXXXX XXX.","id":6772484854},"bsp":{"isoCountryCode":"CH","name":"SWIT","id":6772}},{"agent":{"iataCode":"8120748","address":"THUXXXXXXXXXXXXX 99","city":"Zurich","name":"PFIXXX XXX","id":67728120748,"status":"Active"},"ticketingAuthority":true,"airline":{"iataCode":"006","abrev":"DL","name":"DelXX XXX XXXXX XXX.","id":6772484854},"bsp":{"isoCountryCode":"CH","name":"SWIT","id":6772}},{"agent":{"iataCode":"8120749","address":"BAEXXXXXXX 99","city":"Zurich","name":"AE XXXXXX XXXXXXXX XXXXXX","id":67728120749,"status":"Active"},"ticketingAuthority":true,"airline":{"iataCode":"006","abrev":"DL","name":"DelXX XXX XXXXX XXX.","id":6772484854},"bsp":{"isoCountryCode":"CH","name":"SWIT","id":6772}},{"agent":{"iataCode":"8120750","address":"THUXXXXXXXXXXXXX 99","city":"Zurich","name":"UBS XX","id":67728120750,"status":"Active"},"ticketingAuthority":true,"airline":{"iataCode":"006","abrev":"DL","name":"DelXX XXX XXXXX XXX.","id":6772484854},"bsp":{"isoCountryCode":"CH","name":"SWIT","id":6772}},{"agent":{"iataCode":"8120753","address":"RUE XX 99 XXXXXXXX 99-99& 99-9","city":"GENEVA","name":"WWW.XXXXXXX.XX","id":67728120753,"status":"Active"},"ticketingAuthority":true,"airline":{"iataCode":"006","abrev":"DL","name":"DelXX XXX XXXXX XXX.","id":6772484854},"bsp":{"isoCountryCode":"CH","name":"SWIT","id":6772}},{"agent":{"iataCode":"8120756","address":"ROUXX XX XXXXX XXXXXX, 9","city":"Nyon","name":"CWT - XXXXXXXXXXXXXXXXXX X.X.","id":67728120756,"status":"Active"},"ticketingAuthority":true,"airline":{"iataCode":"006","abrev":"DL","name":"DelXX XXX XXXXX XXX.","id":6772484854},"bsp":{"isoCountryCode":"CH","name":"SWIT","id":6772}},{"agent":{"iataCode":"8120757","address":"JOSXXXXXXXXX 999","city":"Zurich","name":"CWT - XXXXXXXXXXXXXXXXXX X.X.","id":67728120757,"status":"Active"},"ticketingAuthority":true,"airline":{"iataCode":"006","abrev":"DL","name":"DelXX XXX XXXXX XXX.","id":6772484854},"bsp":{"isoCountryCode":"CH","name":"SWIT","id":6772}},{"agent":{"iataCode":"8120758","address":"CHEXXX XX XXXXXXXXXX, 9","city":"GENEVA","name":"CWT - XXXXXXXXXXXXXXXXXX X.X.","id":67728120758,"status":"Active"},"ticketingAuthority":true,"airline":{"iataCode":"006","abrev":"DL","name":"DelXX XXX XXXXX XXX.","id":6772484854},"bsp":{"isoCountryCode":"CH","name":"SWIT","id":6772}},{"agent":{"iataCode":"8120759","address":"ANEXXXXXXXXXXXX 99","city":"Zurich","name":"AE XXXXXX XXXXXXXX XXXXXX","id":67728120759,"status":"Active"},"ticketingAuthority":true,"airline":{"iataCode":"006","abrev":"DL","name":"DelXX XXX XXXXX XXX.","id":6772484854},"bsp":{"isoCountryCode":"CH","name":"SWIT","id":6772}},{"agent":{"iataCode":"8120760","address":"93, XX. X'XXXX","city":"GENEVA","name":"ONG XXXXXXX","id":67728120760,"status":"Active"},"ticketingAuthority":true,"airline":{"iataCode":"006","abrev":"DL","name":"DelXX XXX XXXXX XXX.","id":6772484854},"bsp":{"isoCountryCode":"CH","name":"SWIT","id":6772}},{"agent":{"iataCode":"8120763","address":"JOSXXXXXXXXX, 999","city":"Zurich","name":"CWT - XXXXXXXXXXXXXXXXXX X.X.","id":67728120763,"status":"Active"},"ticketingAuthority":true,"airline":{"iataCode":"006","abrev":"DL","name":"DelXX XXX XXXXX XXX.","id":6772484854},"bsp":{"isoCountryCode":"CH","name":"SWIT","id":6772}},{"agent":{"iataCode":"8120765","address":"THUXXXXXXXXXXXXX 99","city":"Zurich","name":"BANXXX XX XXXXXXXXXX","id":67728120765,"status":"Active"},"ticketingAuthority":true,"airline":{"iataCode":"006","abrev":"DL","name":"DelXX XXX XXXXX XXX.","id":6772484854},"bsp":{"isoCountryCode":"CH","name":"SWIT","id":6772}},{"agent":{"iataCode":"8120766","address":"","city":"GENEVA","name":"WWW.XXXXXXX.XX","id":67728120766,"status":"Active"},"ticketingAuthority":true,"airline":{"iataCode":"006","abrev":"DL","name":"DelXX XXX XXXXX XXX.","id":6772484854},"bsp":{"isoCountryCode":"CH","name":"SWIT","id":6772}},{"agent":{"iataCode":"8120767","address":"RouXX XX XXXXX XXXXXX, 9","city":"Carouge","name":"3MUXXX","id":67728120767,"status":"Active"},"ticketingAuthority":true,"airline":{"iataCode":"006","abrev":"DL","name":"DelXX XXX XXXXX XXX.","id":6772484854},"bsp":{"isoCountryCode":"CH","name":"SWIT","id":6772}},{"agent":{"iataCode":"8120768","address":"THUXXXXXXXXXXXXX 99","city":"Zurich","name":"CARXXXX","id":67728120768,"status":"Active"},"ticketingAuthority":true,"airline":{"iataCode":"006","abrev":"DL","name":"DelXX XXX XXXXX XXX.","id":6772484854},"bsp":{"isoCountryCode":"CH","name":"SWIT","id":6772}},{"agent":{"iataCode":"8120769","address":"54-99, XXX XX XXXXXXXXXXXX","city":"GENEVA","name":"CWT - XXXXXXXXXXXXXXXXXX X.X.","id":67728120769,"status":"Active"},"ticketingAuthority":true,"airline":{"iataCode":"006","abrev":"DL","name":"DelXX XXX XXXXX XXX.","id":6772484854},"bsp":{"isoCountryCode":"CH","name":"SWIT","id":6772}},{"agent":{"iataCode":"8120771","address":"PLAXX XXX XXXXXXX","city":"GENEVA","name":"CWT - XXXXXXXXXXXXXXXXXX X.X.","id":67728120771,"status":"Active"},"ticketingAuthority":true,"airline":{"iataCode":"006","abrev":"DL","name":"DelXX XXX XXXXX XXX.","id":6772484854},"bsp":{"isoCountryCode":"CH","name":"SWIT","id":6772}},{"agent":{"iataCode":"8120772","address":"11-99, XXXXXX XXX XXXXXXXX","city":"Chatelaine","name":"CWT - XXXXXXXXXXXXXXXXXX X.X.","id":67728120772,"status":"Active"},"ticketingAuthority":true,"airline":{"iataCode":"006","abrev":"DL","name":"DelXX XXX XXXXX XXX.","id":6772484854},"bsp":{"isoCountryCode":"CH","name":"SWIT","id":6772}},{"agent":{"iataCode":"8120773","address":"AVEXXX XXXXX 99","city":"GENEVA","name":"CWT - XXXXXXXXXXXXXXXXXX X.X.","id":67728120773,"status":"Active"},"ticketingAuthority":true,"airline":{"iataCode":"006","abrev":"DL","name":"DelXX XXX XXXXX XXX.","id":6772484854},"bsp":{"isoCountryCode":"CH","name":"SWIT","id":6772}},{"agent":{"iataCode":"8120774","address":"AVEXXX XXXXX 99","city":"GENEVA","name":"CWT - XXXXXXXXXXXXXXXXXX X.X.","id":67728120774,"status":"Active"},"ticketingAuthority":true,"airline":{"iataCode":"006","abrev":"DL","name":"DelXX XXX XXXXX XXX.","id":6772484854},"bsp":{"isoCountryCode":"CH","name":"SWIT","id":6772}},{"agent":{"iataCode":"8120775","address":"AVEXXX XX XX XXXX 9XXX","city":"GENEVA","name":"CWT - XXXXXXXXXXXXXXXXXX X.X.","id":67728120775,"status":"Active"},"ticketingAuthority":true,"airline":{"iataCode":"006","abrev":"DL","name":"DelXX XXX XXXXX XXX.","id":6772484854},"bsp":{"isoCountryCode":"CH","name":"SWIT","id":6772}},{"agent":{"iataCode":"8120776","address":"94, XXX XX XXXXXXXXXXXX","city":"GENEVA","name":"CWT - XXXXXXXXXXXXXXXXXX X.X.","id":67728120776,"status":"Active"},"ticketingAuthority":true,"airline":{"iataCode":"006","abrev":"DL","name":"DelXX XXX XXXXX XXX.","id":6772484854},"bsp":{"isoCountryCode":"CH","name":"SWIT","id":6772}},{"agent":{"iataCode":"8120777","address":"CHEXXX XXX XXXXXXXXXXX 99","city":"GENEVA","name":"CWT - XXXXXXXXXXXXXXXXXX X.X.","id":67728120777,"status":"Active"},"ticketingAuthority":true,"airline":{"iataCode":"006","abrev":"DL","name":"DelXX XXX XXXXX XXX.","id":6772484854},"bsp":{"isoCountryCode":"CH","name":"SWIT","id":6772}},{"agent":{"iataCode":"8120780","address":"THUXXXXXXXXXXXXX 99","city":"Zurich","name":"BCD XXXXXX XXXXXX XX","id":67728120780,"status":"Active"},"ticketingAuthority":true,"airline":{"iataCode":"006","abrev":"DL","name":"DelXX XXX XXXXX XXX.","id":6772484854},"bsp":{"isoCountryCode":"CH","name":"SWIT","id":6772}},{"agent":{"iataCode":"8120782","address":"BRAXXXXXXXXX.99","city":"Dietlikon","name":"FTI XXXXXXXXXX XX","id":67728120782,"status":"Active"},"ticketingAuthority":true,"airline":{"iataCode":"006","abrev":"DL","name":"DelXX XXX XXXXX XXX.","id":6772484854},"bsp":{"isoCountryCode":"CH","name":"SWIT","id":6772}},{"agent":{"iataCode":"8120783","address":"","city":"GENEVA","name":"EBOXXXXX.XXX XX","id":67728120783,"status":"Active"},"ticketingAuthority":true,"airline":{"iataCode":"006","abrev":"DL","name":"DelXX XXX XXXXX XXX.","id":6772484854},"bsp":{"isoCountryCode":"CH","name":"SWIT","id":6772}},{"agent":{"iataCode":"8120784","address":"AVEXXX XX XX XXXX 9-9","city":"GENEVA","name":"CWT - XXXXXXXXXXXXXXXXXX X.X.","id":67728120784,"status":"Active"},"ticketingAuthority":true,"airline":{"iataCode":"006","abrev":"DL","name":"DelXX XXX XXXXX XXX.","id":6772484854},"bsp":{"isoCountryCode":"CH","name":"SWIT","id":6772}},{"agent":{"iataCode":"8120785","address":"GRAXXXXXXXXX.9","city":"Volketswil","name":"ITS XXXX XXXXXXX","id":67728120785,"status":"Active"},"ticketingAuthority":true,"airline":{"iataCode":"006","abrev":"DL","name":"DelXX XXX XXXXX XXX.","id":6772484854},"bsp":{"isoCountryCode":"CH","name":"SWIT","id":6772}},{"agent":{"iataCode":"8120786","address":"MAEXXXXXXXXXXXXXXXXXXX 99","city":"Basel","name":"CWT - XXXXXXXXXXXXXXXXXX X.X.","id":67728120786,"status":"Active"},"ticketingAuthority":true,"airline":{"iataCode":"006","abrev":"DL","name":"DelXX XXX XXXXX XXX.","id":6772484854},"bsp":{"isoCountryCode":"CH","name":"SWIT","id":6772}},{"agent":{"iataCode":"8120787","address":"THUXXXXXXXXXXXXX 99","city":"Zurich","name":"M&E","id":67728120787,"status":"Active"},"ticketingAuthority":true,"airline":{"iataCode":"006","abrev":"DL","name":"DelXX XXX XXXXX XXX.","id":6772484854},"bsp":{"isoCountryCode":"CH","name":"SWIT","id":6772}},{"agent":{"iataCode":"8120860","address":"LimXXXXXXXXXX 999","city":"Zurich","name":"TEN XXXXXXXXX XXXXXXXXXX XXXXX","id":67728120860,"status":"Active"},"ticketingAuthority":true,"airline":{"iataCode":"006","abrev":"DL","name":"DelXX XXX XXXXX XXX.","id":6772484854},"bsp":{"isoCountryCode":"CH","name":"SWIT","id":6772}},{"agent":{"iataCode":"8121006","address":"BAHXXXXXXXXXXX 99","city":"Root","name":"TAKX XX XXXXXX XX","id":67728121006,"status":"Active"},"ticketingAuthority":true,"airline":{"iataCode":"006","abrev":"DL","name":"DelXX XXX XXXXX XXX.","id":6772484854},"bsp":{"isoCountryCode":"CH","name":"SWIT","id":6772}},{"agent":{"iataCode":"8121008","address":"93, XX. X'XXXX","city":"GENEVA","name":"TRAXXXXXXX 9999 X.X.","id":67728121008,"status":"Active"},"ticketingAuthority":true,"airline":{"iataCode":"006","abrev":"DL","name":"DelXX XXX XXXXX XXX.","id":6772484854},"bsp":{"isoCountryCode":"CH","name":"SWIT","id":6772}},{"agent":{"iataCode":"8121017","address":"RUE XX X'XXXXXXX 9","city":"Neuchatel","name":"KUOXX XXXXXX","id":67728121017,"status":"Active"},"ticketingAuthority":true,"airline":{"iataCode":"006","abrev":"DL","name":"DelXX XXX XXXXX XXX.","id":6772484854},"bsp":{"isoCountryCode":"CH","name":"SWIT","id":6772}},{"agent":{"iataCode":"8121024","address":"MAN XXXXXXX XXXXXXXXXX 99","city":"Zurich","name":"HRG XXXXXXXXXXX","id":67728121024,"status":"Active"},"ticketingAuthority":true,"airline":{"iataCode":"006","abrev":"DL","name":"DelXX XXX XXXXX XXX.","id":6772484854},"bsp":{"isoCountryCode":"CH","name":"SWIT","id":6772}},{"agent":{"iataCode":"8121025","address":"BOUXXXXXX XXXXXXXXXX 99","city":"GENEVA","name":"AERXXXXX XXXXXXX XXXX","id":67728121025,"status":"Active"},"ticketingAuthority":true,"airline":{"iataCode":"006","abrev":"DL","name":"DelXX XXX XXXXX XXX.","id":6772484854},"bsp":{"isoCountryCode":"CH","name":"SWIT","id":6772}},{"agent":{"iataCode":"8121027","address":"P.O. XXX XXXXXXXXXXXXX 9 XXXXX","city":"Zurich","name":"DNAXX XXXXXXXXXXX XX","id":67728121027,"status":"Active"},"ticketingAuthority":true,"airline":{"iataCode":"006","abrev":"DL","name":"DelXX XXX XXXXX XXX.","id":6772484854},"bsp":{"isoCountryCode":"CH","name":"SWIT","id":6772}},{"agent":{"iataCode":"8121030","address":"LANXXXXXXXXXXXX 9X X.X. XXX 99","city":"Rotkreuz","name":"PARX XXXX XXXXXX XXX","id":67728121030,"status":"Active"},"ticketingAuthority":true,"airline":{"iataCode":"006","abrev":"DL","name":"DelXX XXX XXXXX XXX.","id":6772484854},"bsp":{"isoCountryCode":"CH","name":"SWIT","id":6772}},{"agent":{"iataCode":"8121033","address":"CHEXXX XX XXXXXXXXXXXX 9","city":"Gland","name":"DESXXXXXXXXX.XX XX","id":67728121033,"status":"Active"},"ticketingAuthority":true,"airline":{"iataCode":"006","abrev":"DL","name":"DelXX XXX XXXXX XXX.","id":6772484854},"bsp":{"isoCountryCode":"CH","name":"SWIT","id":6772}},{"agent":{"iataCode":"8121037","address":"BINXXXXXXXXXXXXXX 99","city":"Zurich","name":"ALP-XXXXX","id":67728121037,"status":"Active"},"ticketingAuthority":true,"airline":{"iataCode":"006","abrev":"DL","name":"DelXX XXX XXXXX XXX.","id":6772484854},"bsp":{"isoCountryCode":"CH","name":"SWIT","id":6772}},{"agent":{"iataCode":"8121039","address":"ALPXXXXXXXXX 9","city":"Lucerne","name":"KOMXXX XXXXXX XX","id":67728121039,"status":"Active"},"ticketingAuthority":true,"airline":{"iataCode":"006","abrev":"DL","name":"DelXX XXX XXXXX XXX.","id":6772484854},"bsp":{"isoCountryCode":"CH","name":"SWIT","id":6772}},{"agent":{"iataCode":"8121043","address":"LAVXXXXXXXXXXX 99","city":"Zurich","name":"BRAXX XXXXXX XX","id":67728121043,"status":"Active"},"ticketingAuthority":true,"airline":{"iataCode":"006","abrev":"DL","name":"DelXX XXX XXXXX XXX.","id":6772484854},"bsp":{"isoCountryCode":"CH","name":"SWIT","id":6772}},{"agent":{"iataCode":"8121046","address":"SIHXXXXXXXXXXXX 99","city":"Zurich","name":"VATXX XX","id":67728121046,"status":"Active"},"ticketingAuthority":true,"airline":{"iataCode":"006","abrev":"DL","name":"DelXX XXX XXXXX XXX.","id":6772484854},"bsp":{"isoCountryCode":"CH","name":"SWIT","id":6772}},{"agent":{"iataCode":"8121051","address":"FRIXXXXXXXXXXXXXXX 99","city":"Zurich","name":"TUI XXXXXX XXX","id":67728121051,"status":"Active"},"ticketingAuthority":true,"airline":{"iataCode":"006","abrev":"DL","name":"DelXX XXX XXXXX XXX.","id":6772484854},"bsp":{"isoCountryCode":"CH","name":"SWIT","id":6772}},{"agent":{"iataCode":"8121056","address":"RIVX XXXXXXXX 9","city":"Lugano","name":"DIAXXXX XXXXXX X.X.","id":67728121056,"status":"Active"},"ticketingAuthority":true,"airline":{"iataCode":"006","abrev":"DL","name":"DelXX XXX XXXXX XXX.","id":6772484854},"bsp":{"isoCountryCode":"CH","name":"SWIT","id":6772}},{"agent":{"iataCode":"8121059","address":"MALXXXXXXXX 99","city":"Zurich","name":"GUTXXXX XXXXXX X.X. XXXXXXX","id":67728121059,"status":"Active"},"ticketingAuthority":true,"airline":{"iataCode":"006","abrev":"DL","name":"DelXX XXX XXXXX XXX.","id":6772484854},"bsp":{"isoCountryCode":"CH","name":"SWIT","id":6772}},{"agent":{"iataCode":"8121061","address":"PIAXXX XXX XXXX","city":"Bellinzona","name":"MISXXX XXXXXX XXXXXX XXXXXXX","id":67728121061,"status":"Active"},"ticketingAuthority":true,"airline":{"iataCode":"006","abrev":"DL","name":"DelXX XXX XXXXX XXX.","id":6772484854},"bsp":{"isoCountryCode":"CH","name":"SWIT","id":6772}},{"agent":{"iataCode":"8121063","address":"AVEXXX XXXXXX XXXXXXX, 99","city":"GENEVA","name":"MSC XXXXXXX","id":67728121063,"status":"Active"},"ticketingAuthority":true,"airline":{"iataCode":"006","abrev":"DL","name":"DelXX XXX XXXXX XXX.","id":6772484854},"bsp":{"isoCountryCode":"CH","name":"SWIT","id":6772}},{"agent":{"iataCode":"8121065","address":"STRXXXXXXXX 99","city":"Zurich","name":"POLXXXXXX XXXXX & XXXXXX XX","id":67728121065,"status":"Active"},"ticketingAuthority":true,"airline":{"iataCode":"006","abrev":"DL","name":"DelXX XXX XXXXX XXX.","id":6772484854},"bsp":{"isoCountryCode":"CH","name":"SWIT","id":6772}},{"agent":{"iataCode":"8121068","address":"NEUX XXXX 9","city":"Zurich","name":"KUOXX XXXXXX","id":67728121068,"status":"Active"},"ticketingAuthority":true,"airline":{"iataCode":"006","abrev":"DL","name":"DelXX XXX XXXXX XXX.","id":6772484854},"bsp":{"isoCountryCode":"CH","name":"SWIT","id":6772}},{"agent":{"iataCode":"8121070","address":"38, XXX XXXX-XXXXXX","city":"Bassecourt","name":"VOYXXXX XXXXXXXX","id":67728121070,"status":"Active"},"ticketingAuthority":true,"airline":{"iataCode":"006","abrev":"DL","name":"DelXX XXX XXXXX XXX.","id":6772484854},"bsp":{"isoCountryCode":"CH","name":"SWIT","id":6772}},{"agent":{"iataCode":"8121072","address":"BAHXXXXXXXXXXXX 9","city":"Zug","name":"BTA XXXXX","id":67728121072,"status":"Active"},"ticketingAuthority":true,"airline":{"iataCode":"006","abrev":"DL","name":"DelXX XXX XXXXX XXX.","id":6772484854},"bsp":{"isoCountryCode":"CH","name":"SWIT","id":6772}},{"agent":{"iataCode":"8121079","address":"13, XXX XX XXXXXXXXXXXX","city":"GENEVA","name":"VL XXXXXXXX XX XXXXXXX X.X.","id":67728121079,"status":"Active"},"ticketingAuthority":true,"airline":{"iataCode":"006","abrev":"DL","name":"DelXX XXX XXXXX XXX.","id":6772484854},"bsp":{"isoCountryCode":"CH","name":"SWIT","id":6772}},{"agent":{"iataCode":"8121080","address":"CORXX XXXXXXXXXX 99","city":"Lugano","name":"VIAXXXXXX XX","id":67728121080,"status":"Active"},"ticketingAuthority":true,"airline":{"iataCode":"006","abrev":"DL","name":"DelXX XXX XXXXX XXX.","id":6772484854},"bsp":{"isoCountryCode":"CH","name":"SWIT","id":6772}},{"agent":{"iataCode":"8121091","address":"BAHXXXXXXXXXXX 9 (9.XX)","city":"Lyss","name":"CAMXXXXXXXX XXXXXX XX","id":67728121091,"status":"Active"},"ticketingAuthority":true,"airline":{"iataCode":"006","abrev":"DL","name":"DelXX XXX XXXXX XXX.","id":6772484854},"bsp":{"isoCountryCode":"CH","name":"SWIT","id":6772}},{"agent":{"iataCode":"8121094","address":"SEEXXXXXXX99 X.X. XXX 99","city":"Walenstadt","name":"ALPXX XXXXXX XXXX","id":67728121094,"status":"Active"},"ticketingAuthority":true,"airline":{"iataCode":"006","abrev":"DL","name":"DelXX XXX XXXXX XXX.","id":6772484854},"bsp":{"isoCountryCode":"CH","name":"SWIT","id":6772}},{"agent":{"iataCode":"8121095","address":"9, XXX XX XXXXX","city":"GENEVA","name":"LE XXXX XXX XXXXX XX","id":67728121095,"status":"Active"},"ticketingAuthority":true,"airline":{"iataCode":"006","abrev":"DL","name":"DelXX XXX XXXXX XXX.","id":6772484854},"bsp":{"isoCountryCode":"CH","name":"SWIT","id":6772}},{"agent":{"iataCode":"8121098","address":"ManXXXXXXXXXXX 999","city":"Zurich","name":"GLOXXX XXXXX XXXX","id":67728121098,"status":"Active"},"ticketingAuthority":true,"airline":{"iataCode":"006","abrev":"DL","name":"DelXX XXX XXXXX XXX.","id":6772484854},"bsp":{"isoCountryCode":"CH","name":"SWIT","id":6772}},{"agent":{"iataCode":"8121100","address":"BLUXXXXXXXXXX 9 XXXX XXXX","city":"Goldach","name":"SINXXX XXXXXX XXXX","id":67728121100,"status":"Active"},"ticketingAuthority":true,"airline":{"iataCode":"006","abrev":"DL","name":"DelXX XXX XXXXX XXX.","id":6772484854},"bsp":{"isoCountryCode":"CH","name":"SWIT","id":6772}},{"agent":{"iataCode":"8121104","address":"BREXXX 9","city":"Zurich","name":"REIXX-XXXXX XXXXXXX","id":67728121104,"status":"Active"},"ticketingAuthority":true,"airline":{"iataCode":"006","abrev":"DL","name":"DelXX XXX XXXXX XXX.","id":6772484854},"bsp":{"isoCountryCode":"CH","name":"SWIT","id":6772}},{"agent":{"iataCode":"8121105","address":"BRUXXXXXXXXX 99","city":"Lucerne","name":"JET XXXXXX XX","id":67728121105,"status":"Active"},"ticketingAuthority":true,"airline":{"iataCode":"006","abrev":"DL","name":"DelXX XXX XXXXX XXX.","id":6772484854},"bsp":{"isoCountryCode":"CH","name":"SWIT","id":6772}},{"agent":{"iataCode":"8121107","address":"AV. XX XX XXXX 99","city":"Lausanne","name":"PANXXXXX XXXXXXX","id":67728121107,"status":"Active"},"ticketingAuthority":true,"airline":{"iataCode":"006","abrev":"DL","name":"DelXX XXX XXXXX XXX.","id":6772484854},"bsp":{"isoCountryCode":"CH","name":"SWIT","id":6772}},{"agent":{"iataCode":"8121108","address":"AVEXXX XX XXXXXXXXXX 9","city":"Lausanne","name":"S.E.X. XXXXXXX XXXX","id":67728121108,"status":"Active"},"ticketingAuthority":true,"airline":{"iataCode":"006","abrev":"DL","name":"DelXX XXX XXXXX XXX.","id":6772484854},"bsp":{"isoCountryCode":"CH","name":"SWIT","id":6772}},{"agent":{"iataCode":"8121109","address":"CENXXXXXXXXXXXXX 99 XXXXXXXX","city":"Basel","name":"DITX","id":67728121109,"status":"Active"},"ticketingAuthority":true,"airline":{"iataCode":"006","abrev":"DL","name":"DelXX XXX XXXXX XXX.","id":6772484854},"bsp":{"isoCountryCode":"CH","name":"SWIT","id":6772}},{"agent":{"iataCode":"8121111","address":"2 RXX XX XX XXXXXXXXXX","city":"Carouge","name":"B TX X XXXXXX XX","id":67728121111,"status":"Active"},"ticketingAuthority":true,"airline":{"iataCode":"006","abrev":"DL","name":"DelXX XXX XXXXX XXX.","id":6772484854},"bsp":{"isoCountryCode":"CH","name":"SWIT","id":6772}},{"agent":{"iataCode":"8121114","address":"KAKXXXXXXXXXXXXX 99","city":"Zurich","name":"AGEXXXX X. XXXXX-XXXXXXX","id":67728121114,"status":"Active"},"ticketingAuthority":true,"airline":{"iataCode":"006","abrev":"DL","name":"DelXX XXX XXXXX XXX.","id":6772484854},"bsp":{"isoCountryCode":"CH","name":"SWIT","id":6772}},{"agent":{"iataCode":"8121115","address":"OBEXX XXXXXXXXXXXXXX 99","city":"Wil","name":"AYDXXXX XXXXXX XXXX","id":67728121115,"status":"Active"},"ticketingAuthority":true,"airline":{"iataCode":"006","abrev":"DL","name":"DelXX XXX XXXXX XXX.","id":6772484854},"bsp":{"isoCountryCode":"CH","name":"SWIT","id":6772}},{"agent":{"iataCode":"8121126","address":"RUE XXXXXXX 9","city":"GENEVA","name":"V.I.X. XXXXXXX X.X.","id":67728121126,"status":"Active"},"ticketingAuthority":true,"airline":{"iataCode":"006","abrev":"DL","name":"DelXX XXX XXXXX XXX.","id":6772484854},"bsp":{"isoCountryCode":"CH","name":"SWIT","id":6772}},{"agent":{"iataCode":"8121127","address":"SEIXXXXXXXXX 99","city":"Zurich","name":"PRIXX XXXXXX XXXXXX","id":67728121127,"status":"Active"},"ticketingAuthority":true,"airline":{"iataCode":"006","abrev":"DL","name":"DelXX XXX XXXXX XXX.","id":6772484854},"bsp":{"isoCountryCode":"CH","name":"SWIT","id":6772}},{"agent":{"iataCode":"8121128","address":"RUE XXXXXXX XXXXXX 99","city":"GENEVA","name":"CLUX XXXXXXXX","id":67728121128,"status":"Active"},"ticketingAuthority":true,"airline":{"iataCode":"006","abrev":"DL","name":"DelXX XXX XXXXX XXX.","id":6772484854},"bsp":{"isoCountryCode":"CH","name":"SWIT","id":6772}},{"agent":{"iataCode":"8121130","address":"TICXXX XXXXXX/XXXX XXXXXXXX","city":"Zurich","name":"TICXXX XXXXXX","id":67728121130,"status":"Active"},"ticketingAuthority":true,"airline":{"iataCode":"006","abrev":"DL","name":"DelXX XXX XXXXX XXX.","id":6772484854},"bsp":{"isoCountryCode":"CH","name":"SWIT","id":6772}},{"agent":{"iataCode":"8121131","address":"RATXXXXXXXXX 99","city":"LENZBURG 2","name":"ALTXXXXX XXXXXX XX","id":67728121131,"status":"Non Active"},"ticketingAuthority":true,"airline":{"iataCode":"006","abrev":"DL","name":"DelXX XXX XXXXX XXX.","id":6772484854},"bsp":{"isoCountryCode":"CH","name":"SWIT","id":6772}},{"agent":{"iataCode":"8121143","address":"IM XXXXXXXXXXXXX 9","city":"Zurich","name":"INSXXXX XXXXXX","id":67728121143,"status":"Active"},"ticketingAuthority":true,"airline":{"iataCode":"006","abrev":"DL","name":"DelXX XXX XXXXX XXX.","id":6772484854},"bsp":{"isoCountryCode":"CH","name":"SWIT","id":6772}},{"agent":{"iataCode":"8121144","address":"VIA XXXXX 99","city":"Chiasso","name":"UVEX XX XX","id":67728121144,"status":"Active"},"ticketingAuthority":true,"airline":{"iataCode":"006","abrev":"DL","name":"DelXX XXX XXXXX XXX.","id":6772484854},"bsp":{"isoCountryCode":"CH","name":"SWIT","id":6772}},{"agent":{"iataCode":"8121147","address":"RUE XX XXXXXXXX 99","city":"Fribourg","name":"INDXXX XXXXX XX","id":67728121147,"status":"Active"},"ticketingAuthority":true,"airline":{"iataCode":"006","abrev":"DL","name":"DelXX XXX XXXXX XXX.","id":6772484854},"bsp":{"isoCountryCode":"CH","name":"SWIT","id":6772}},{"agent":{"iataCode":"8121152","address":"AV. XXXXX XXXXX 99","city":"GENEVA","name":"EXEXXXXXX XXXXXX XXXXXXX XX","id":67728121152,"status":"Active"},"ticketingAuthority":true,"airline":{"iataCode":"006","abrev":"DL","name":"DelXX XXX XXXXX XXX.","id":6772484854},"bsp":{"isoCountryCode":"CH","name":"SWIT","id":6772}},{"agent":{"iataCode":"8121156","address":"31 XXX XXXXXXX","city":"Carouge","name":"HAVXX XXXXXXX","id":67728121156,"status":"Active"},"ticketingAuthority":true,"airline":{"iataCode":"006","abrev":"DL","name":"DelXX XXX XXXXX XXX.","id":6772484854},"bsp":{"isoCountryCode":"CH","name":"SWIT","id":6772}},{"agent":{"iataCode":"8121157","address":"FIFX-XXXXXXX 99","city":"Zurich","name":"FedXXXXXXX XXXXXXXXXXXXXX XX X","id":67728121157,"status":"Active"},"ticketingAuthority":true,"airline":{"iataCode":"006","abrev":"DL","name":"DelXX XXX XXXXX XXX.","id":6772484854},"bsp":{"isoCountryCode":"CH","name":"SWIT","id":6772}},{"agent":{"iataCode":"8121159","address":"HerXXXXXXXX 99","city":"Zurich","name":"KuoXX XXXXXX","id":67728121159,"status":"Active"},"ticketingAuthority":true,"airline":{"iataCode":"006","abrev":"DL","name":"DelXX XXX XXXXX XXX.","id":6772484854},"bsp":{"isoCountryCode":"CH","name":"SWIT","id":6772}},{"agent":{"iataCode":"8121163","address":"POSXXXXXXXX 99","city":"ST GALLEN","name":"BTA XXXXX","id":67728121163,"status":"Active"},"ticketingAuthority":true,"airline":{"iataCode":"006","abrev":"DL","name":"DelXX XXX XXXXX XXX.","id":6772484854},"bsp":{"isoCountryCode":"CH","name":"SWIT","id":6772}},{"agent":{"iataCode":"8121166","address":"UNTXXXXX 99","city":"Winterthur","name":"NET XXXX XXXXX","id":67728121166,"status":"Active"},"ticketingAuthority":true,"airline":{"iataCode":"006","abrev":"DL","name":"DelXX XXX XXXXX XXX.","id":6772484854},"bsp":{"isoCountryCode":"CH","name":"SWIT","id":6772}},{"agent":{"iataCode":"8121167","address":"RUE XX XX XXXXXXXX 99","city":"GENEVA","name":"MONXX XXXXXXX XXXX","id":67728121167,"status":"Active"},"ticketingAuthority":true,"airline":{"iataCode":"006","abrev":"DL","name":"DelXX XXX XXXXX XXX.","id":6772484854},"bsp":{"isoCountryCode":"CH","name":"SWIT","id":6772}},{"agent":{"iataCode":"8121169","address":"SCHXXXXXXXXXXX 99 XXX XXXXXXXX","city":"Biel","name":"SOL XXX XXXXXXX","id":67728121169,"status":"Active"},"ticketingAuthority":true,"airline":{"iataCode":"006","abrev":"DL","name":"DelXX XXX XXXXX XXX.","id":6772484854},"bsp":{"isoCountryCode":"CH","name":"SWIT","id":6772}},{"agent":{"iataCode":"8121175","address":"FRAXXXXXXXXXXXX 99","city":"Zurich","name":"GLOXXX XXXXXX XXXX","id":67728121175,"status":"Active"},"ticketingAuthority":true,"airline":{"iataCode":"006","abrev":"DL","name":"DelXX XXX XXXXX XXX.","id":6772484854},"bsp":{"isoCountryCode":"CH","name":"SWIT","id":6772}},{"agent":{"iataCode":"8121180","address":"ROUXX XX XXXXXXX 99","city":"Blonay","name":"LA XXX XXX XXXX XX","id":67728121180,"status":"Active"},"ticketingAuthority":true,"airline":{"iataCode":"006","abrev":"DL","name":"DelXX XXX XXXXX XXX.","id":6772484854},"bsp":{"isoCountryCode":"CH","name":"SWIT","id":6772}},{"agent":{"iataCode":"8121183","address":"BINXXXXXXXX 99","city":"Zurich","name":"STC XXXXXXXXXXX XXXXXX XXXXXX","id":67728121183,"status":"Active"},"ticketingAuthority":true,"airline":{"iataCode":"006","abrev":"DL","name":"DelXX XXX XXXXX XXX.","id":6772484854},"bsp":{"isoCountryCode":"CH","name":"SWIT","id":6772}},{"agent":{"iataCode":"8121187","address":"ROUXX XX X'XXXXXXXX 99","city":"GENEVA","name":"SWIXXXXXX XXXXXXXXXXXXX XX","id":67728121187,"status":"Active"},"ticketingAuthority":true,"airline":{"iataCode":"006","abrev":"DL","name":"DelXX XXX XXXXX XXX.","id":6772484854},"bsp":{"isoCountryCode":"CH","name":"SWIT","id":6772}},{"agent":{"iataCode":"8121188","address":"KANXXXXXXXXXXXXXX 99","city":"Basel","name":"PINX XXXXXX XX","id":67728121188,"status":"Active"},"ticketingAuthority":true,"airline":{"iataCode":"006","abrev":"DL","name":"DelXX XXX XXXXX XXX.","id":6772484854},"bsp":{"isoCountryCode":"CH","name":"SWIT","id":6772}},{"agent":{"iataCode":"8121189","address":"34, XX. XXXXXXXX-XXXXXXX XXXX","city":"Lausanne","name":"DEPXXX XXXXXXX XX","id":67728121189,"status":"Active"},"ticketingAuthority":true,"airline":{"iataCode":"006","abrev":"DL","name":"DelXX XXX XXXXX XXX.","id":6772484854},"bsp":{"isoCountryCode":"CH","name":"SWIT","id":6772}},{"agent":{"iataCode":"8121191","address":"VIA XXXXXXXX 99","city":"Locarno","name":"VOLX X XX XXXX","id":67728121191,"status":"Active"},"ticketingAuthority":true,"airline":{"iataCode":"006","abrev":"DL","name":"DelXX XXX XXXXX XXX.","id":6772484854},"bsp":{"isoCountryCode":"CH","name":"SWIT","id":6772}},{"agent":{"iataCode":"8121192","address":"RUE XXXXXXX XX XXXXX 99","city":"GENEVA","name":"DREXXXXXX XXXXXXX XX","id":67728121192,"status":"Active"},"ticketingAuthority":true,"airline":{"iataCode":"006","abrev":"DL","name":"DelXX XXX XXXXX XXX.","id":6772484854},"bsp":{"isoCountryCode":"CH","name":"SWIT","id":6772}},{"agent":{"iataCode":"8121193","address":"SELXXXXXXXXXX 99","city":"Zurich","name":"EF XXXXXX","id":67728121193,"status":"Active"},"ticketingAuthority":true,"airline":{"iataCode":"006","abrev":"DL","name":"DelXX XXX XXXXX XXX.","id":6772484854},"bsp":{"isoCountryCode":"CH","name":"SWIT","id":6772}},{"agent":{"iataCode":"8121194","address":"CHEXXX XXX XXXXXXXXX 99","city":"GENEVA","name":"BK XXXXXXXXXXXX XX","id":67728121194,"status":"Active"},"ticketingAuthority":true,"airline":{"iataCode":"006","abrev":"DL","name":"DelXX XXX XXXXX XXX.","id":6772484854},"bsp":{"isoCountryCode":"CH","name":"SWIT","id":6772}},{"agent":{"iataCode":"8121195","address":"PIAXXXXX XXXX XXXXX 9","city":"Mendrisio","name":"DAVXXXXXX XX","id":67728121195,"status":"Active"},"ticketingAuthority":true,"airline":{"iataCode":"006","abrev":"DL","name":"DelXX XXX XXXXX XXX.","id":6772484854},"bsp":{"isoCountryCode":"CH","name":"SWIT","id":6772}},{"agent":{"iataCode":"8121196","address":"INDXXXXXXXXXXXXX 99","city":"Wallisellen","name":"HENXX XXXXXX XX","id":67728121196,"status":"Active"},"ticketingAuthority":true,"airline":{"iataCode":"006","abrev":"DL","name":"DelXX XXX XXXXX XXX.","id":6772484854},"bsp":{"isoCountryCode":"CH","name":"SWIT","id":6772}},{"agent":{"iataCode":"8121206","address":"IN XXXXXXXXXX 9","city":"Dubendorf","name":"L'TXX XXXXXX XX","id":67728121206,"status":"Active"},"ticketingAuthority":true,"airline":{"iataCode":"006","abrev":"DL","name":"DelXX XXX XXXXX XXX.","id":6772484854},"bsp":{"isoCountryCode":"CH","name":"SWIT","id":6772}},{"agent":{"iataCode":"8121207","address":"TERXXXXX X","city":"Zurich","name":"CGS XXXXXXX XXXXXXXX","id":67728121207,"status":"Active"},"ticketingAuthority":true,"airline":{"iataCode":"006","abrev":"DL","name":"DelXX XXX XXXXX XXX.","id":6772484854},"bsp":{"isoCountryCode":"CH","name":"SWIT","id":6772}},{"agent":{"iataCode":"8121208","address":"TERXXXXX 9 - X9 - 999","city":"Zurich","name":"PUTXXX XXXX","id":67728121208,"status":"Active"},"ticketingAuthority":true,"airline":{"iataCode":"006","abrev":"DL","name":"DelXX XXX XXXXX XXX.","id":6772484854},"bsp":{"isoCountryCode":"CH","name":"SWIT","id":6772}},{"agent":{"iataCode":"8121209","address":"LAEXXXXXXXXXXXXX 99","city":"Bern","name":"SIVX XXXXXX&XXXXXXX XXXX","id":67728121209,"status":"Active"},"ticketingAuthority":true,"airline":{"iataCode":"006","abrev":"DL","name":"DelXX XXX XXXXX XXX.","id":6772484854},"bsp":{"isoCountryCode":"CH","name":"SWIT","id":6772}},{"agent":{"iataCode":"8121213","address":"BIMXXXXXXXXXXXXXXXX 99 XXXXXXX","city":"Kloten","name":"PREXXXX XXX XXX.","id":67728121213,"status":"Active"},"ticketingAuthority":true,"airline":{"iataCode":"006","abrev":"DL","name":"DelXX XXX XXXXX XXX.","id":6772484854},"bsp":{"isoCountryCode":"CH","name":"SWIT","id":6772}},{"agent":{"iataCode":"8121218","address":"42 XXX XX XXXXXXXX","city":"GENEVA","name":"AD XXXXXX XX","id":67728121218,"status":"Active"},"ticketingAuthority":true,"airline":{"iataCode":"006","abrev":"DL","name":"DelXX XXX XXXXX XXX.","id":6772484854},"bsp":{"isoCountryCode":"CH","name":"SWIT","id":6772}},{"agent":{"iataCode":"8121221","address":"STAXXXXXXXXXXXXXX 9","city":"Zurich","name":"ASIXXXX XXXXXXX- XXXXXXXXXXX X","id":67728121221,"status":"Active"},"ticketingAuthority":true,"airline":{"iataCode":"006","abrev":"DL","name":"DelXX XXX XXXXX XXX.","id":6772484854},"bsp":{"isoCountryCode":"CH","name":"SWIT","id":6772}},{"agent":{"iataCode":"8121222","address":"10 XXX XXXXXXXX XXXXXXXX","city":"GENEVA","name":"LARXXXXX XX","id":67728121222,"status":"Active"},"ticketingAuthority":true,"airline":{"iataCode":"006","abrev":"DL","name":"DelXX XXX XXXXX XXX.","id":6772484854},"bsp":{"isoCountryCode":"CH","name":"SWIT","id":6772}},{"agent":{"iataCode":"8121223","address":"PO XXX","city":"Basel","name":"SWIXXXXXX XXXXXXXXXXXXX XX","id":67728121223,"status":"Active"},"ticketingAuthority":true,"airline":{"iataCode":"006","abrev":"DL","name":"DelXX XXX XXXXX XXX.","id":6772484854},"bsp":{"isoCountryCode":"CH","name":"SWIT","id":6772}},{"agent":{"iataCode":"8121226","address":"AIRXXXX XXXX XXXX","city":"Belp","name":"AIR XXXXXX XXXXXX","id":67728121226,"status":"Active"},"ticketingAuthority":true,"airline":{"iataCode":"006","abrev":"DL","name":"DelXX XXX XXXXX XXX.","id":6772484854},"bsp":{"isoCountryCode":"CH","name":"SWIT","id":6772}},{"agent":{"iataCode":"8121232","address":"RUE XXX XXXXX 99","city":"GENEVA","name":"NEOX XXXXXXX","id":67728121232,"status":"Active"},"ticketingAuthority":true,"airline":{"iataCode":"006","abrev":"DL","name":"DelXX XXX XXXXX XXX.","id":6772484854},"bsp":{"isoCountryCode":"CH","name":"SWIT","id":6772}},{"agent":{"iataCode":"8121233","address":"BIEXXXXXXXX 999","city":"Solothurn","name":"BTA XXXXX","id":67728121233,"status":"Active"},"ticketingAuthority":true,"airline":{"iataCode":"006","abrev":"DL","name":"DelXX XXX XXXXX XXX.","id":6772484854},"bsp":{"isoCountryCode":"CH","name":"SWIT","id":6772}},{"agent":{"iataCode":"8121235","address":"KLYXXXXXXXXXXX 99","city":"Basel","name":"NET XXXXXX & XXXXXXX XXXX","id":67728121235,"status":"Active"},"ticketingAuthority":true,"airline":{"iataCode":"006","abrev":"DL","name":"DelXX XXX XXXXX XXX.","id":6772484854},"bsp":{"isoCountryCode":"CH","name":"SWIT","id":6772}},{"agent":{"iataCode":"8121243","address":"FABXXXXXXXXXX 99","city":"Uzwil","name":"TRAXXXXXXXXX XX","id":67728121243,"status":"Active"},"ticketingAuthority":true,"airline":{"iataCode":"006","abrev":"DL","name":"DelXX XXX XXXXX XXX.","id":6772484854},"bsp":{"isoCountryCode":"CH","name":"SWIT","id":6772}},{"agent":{"iataCode":"8121249","address":"OBEXXXXXXXXXXXX 99","city":"Weinfelden","name":"REIXXXXXXX XXXXXXXXXXXXX XXXXX","id":67728121249,"status":"Active"},"ticketingAuthority":true,"airline":{"iataCode":"006","abrev":"DL","name":"DelXX XXX XXXXX XXX.","id":6772484854},"bsp":{"isoCountryCode":"CH","name":"SWIT","id":6772}},{"agent":{"iataCode":"8121251","address":"5 RXX XXXXXXXXXXXX","city":"GENEVA","name":"TRAXX XXXXX XXXXXXX XX","id":67728121251,"status":"Active"},"ticketingAuthority":true,"airline":{"iataCode":"006","abrev":"DL","name":"DelXX XXX XXXXX XXX.","id":6772484854},"bsp":{"isoCountryCode":"CH","name":"SWIT","id":6772}},{"agent":{"iataCode":"8121258","address":"RUE XX XXXXXX 9","city":"Lausanne","name":"SUNXXXXXX XXXXX XX","id":67728121258,"status":"Active"},"ticketingAuthority":true,"airline":{"iataCode":"006","abrev":"DL","name":"DelXX XXX XXXXX XXX.","id":6772484854},"bsp":{"isoCountryCode":"CH","name":"SWIT","id":6772}},{"agent":{"iataCode":"8121261","address":"SCHXXXXXXXXXXXX. 999","city":"Zurich","name":"ALTXX XXXXXX XXXX","id":67728121261,"status":"Active"},"ticketingAuthority":true,"airline":{"iataCode":"006","abrev":"DL","name":"DelXX XXX XXXXX XXX.","id":6772484854},"bsp":{"isoCountryCode":"CH","name":"SWIT","id":6772}},{"agent":{"iataCode":"8121263","address":"TROXXXXXXXXXXXXXX 99","city":"Regensdorf","name":"WeDXXX","id":67728121263,"status":"Active"},"ticketingAuthority":true,"airline":{"iataCode":"006","abrev":"DL","name":"DelXX XXX XXXXX XXX.","id":6772484854},"bsp":{"isoCountryCode":"CH","name":"SWIT","id":6772}},{"agent":{"iataCode":"8121264","address":"ZURXXX XXXXXXXXXXXXX XXXXXXX","city":"Zurich","name":"EFLXXXXXXXXXX XX","id":67728121264,"status":"Active"},"ticketingAuthority":true,"airline":{"iataCode":"006","abrev":"DL","name":"DelXX XXX XXXXX XXX.","id":6772484854},"bsp":{"isoCountryCode":"CH","name":"SWIT","id":6772}},{"agent":{"iataCode":"8121266","address":"SOLXXXXXXXXXXXXXXX 99","city":"Basel","name":"MIRX XXXXXX","id":67728121266,"status":"Active"},"ticketingAuthority":true,"airline":{"iataCode":"006","abrev":"DL","name":"DelXX XXX XXXXX XXX.","id":6772484854},"bsp":{"isoCountryCode":"CH","name":"SWIT","id":6772}},{"agent":{"iataCode":"8121270","address":"GRAXXXXXXXXX.9","city":"Volketswil","name":"ITS XXXX XXXXXX","id":67728121270,"status":"Active"},"ticketingAuthority":true,"airline":{"iataCode":"006","abrev":"DL","name":"DelXX XXX XXXXX XXX.","id":6772484854},"bsp":{"isoCountryCode":"CH","name":"SWIT","id":6772}},{"agent":{"iataCode":"8121277","address":"RUE XXXXXXXXXX 99","city":"GENEVA","name":"TIAX-XXX XXXXXXX XX","id":67728121277,"status":"Active"},"ticketingAuthority":true,"airline":{"iataCode":"006","abrev":"DL","name":"DelXX XXX XXXXX XXX.","id":6772484854},"bsp":{"isoCountryCode":"CH","name":"SWIT","id":6772}},{"agent":{"iataCode":"8121278","address":"HABXXXXXXXXXXXXXX 99","city":"Lucerne","name":"ITM XXXXXX XX","id":67728121278,"status":"Active"},"ticketingAuthority":true,"airline":{"iataCode":"006","abrev":"DL","name":"DelXX XXX XXXXX XXX.","id":6772484854},"bsp":{"isoCountryCode":"CH","name":"SWIT","id":6772}},{"agent":{"iataCode":"8121279","address":"EFFXXXXXXXXXXXX 99X","city":"Bern","name":"ITAXXXXXX XX","id":67728121279,"status":"Active"},"ticketingAuthority":true,"airline":{"iataCode":"006","abrev":"DL","name":"DelXX XXX XXXXX XXX.","id":6772484854},"bsp":{"isoCountryCode":"CH","name":"SWIT","id":6772}},{"agent":{"iataCode":"8121282","address":"WriXXX-XXXXXXX 99 X","city":"Glattpark","name":"CROXXXXXX XXXX","id":67728121282,"status":"Active"},"ticketingAuthority":true,"airline":{"iataCode":"006","abrev":"DL","name":"DelXX XXX XXXXX XXX.","id":6772484854},"bsp":{"isoCountryCode":"CH","name":"SWIT","id":6772}},{"agent":{"iataCode":"8121284","address":"VIA XX XXXXX 9","city":"Lugano","name":"SCHXXXXX XXXXXX XXXXXX XX","id":67728121284,"status":"Active"},"ticketingAuthority":true,"airline":{"iataCode":"006","abrev":"DL","name":"DelXX XXX XXXXX XXX.","id":6772484854},"bsp":{"isoCountryCode":"CH","name":"SWIT","id":6772}},{"agent":{"iataCode":"8121294","address":"STEXXXXXXXXXXXX, 99","city":"Bassersdorf","name":"SCHXXXXX XXXXXX XX","id":67728121294,"status":"Active"},"ticketingAuthority":true,"airline":{"iataCode":"006","abrev":"DL","name":"DelXX XXX XXXXX XXX.","id":6772484854},"bsp":{"isoCountryCode":"CH","name":"SWIT","id":6772}},{"agent":{"iataCode":"8121297","address":"DORXXXXXXXX, 99","city":"Baar","name":"BTA XXXXX","id":67728121297,"status":"Active"},"ticketingAuthority":true,"airline":{"iataCode":"006","abrev":"DL","name":"DelXX XXX XXXXX XXX.","id":6772484854},"bsp":{"isoCountryCode":"CH","name":"SWIT","id":6772}},{"agent":{"iataCode":"8121299","address":"KLOXXXXXXXXXXXX, 99 XXXXXXXX","city":"Zurich","name":"LEGXXXX XXXXXX XXXX","id":67728121299,"status":"Active"},"ticketingAuthority":true,"airline":{"iataCode":"006","abrev":"DL","name":"DelXX XXX XXXXX XXX.","id":6772484854},"bsp":{"isoCountryCode":"CH","name":"SWIT","id":6772}},{"agent":{"iataCode":"8121301","address":"PFLXXXXXXXXXXXXXXX, 99","city":"Zurich","name":"SKY XXXXXXX XXXX","id":67728121301,"status":"Active"},"ticketingAuthority":true,"airline":{"iataCode":"006","abrev":"DL","name":"DelXX XXX XXXXX XXX.","id":6772484854},"bsp":{"isoCountryCode":"CH","name":"SWIT","id":6772}},{"agent":{"iataCode":"8121302","address":"BAHXXXX. 99","city":"Regensdorf","name":"SIG & XX XXXXXX XXXX","id":67728121302,"status":"Active"},"ticketingAuthority":true,"airline":{"iataCode":"006","abrev":"DL","name":"DelXX XXX XXXXX XXX.","id":6772484854},"bsp":{"isoCountryCode":"CH","name":"SWIT","id":6772}},{"agent":{"iataCode":"8121305","address":"RouXX XX XXXXX XXXXXX, 9","city":"Carouge","name":"3MUXXX","id":67728121305,"status":"Active"},"ticketingAuthority":true,"airline":{"iataCode":"006","abrev":"DL","name":"DelXX XXX XXXXX XXX.","id":6772484854},"bsp":{"isoCountryCode":"CH","name":"SWIT","id":6772}},{"agent":{"iataCode":"8121306","address":"GARXXXXXX, 9","city":"Zurich","name":"REIXXXXXX XXXX XXXXXX XX","id":67728121306,"status":"Active"},"ticketingAuthority":true,"airline":{"iataCode":"006","abrev":"DL","name":"DelXX XXX XXXXX XXX.","id":6772484854},"bsp":{"isoCountryCode":"CH","name":"SWIT","id":6772}},{"agent":{"iataCode":"8121316","address":"IN XXX XXXXXXXX, 99","city":"Urdorf","name":"REIXXXXXXXX XXXX XX","id":67728121316,"status":"Active"},"ticketingAuthority":true,"airline":{"iataCode":"006","abrev":"DL","name":"DelXX XXX XXXXX XXX.","id":6772484854},"bsp":{"isoCountryCode":"CH","name":"SWIT","id":6772}},{"agent":{"iataCode":"8121317","address":"RUE XX XXXXXX 99 XX XXX XX XX","city":"GENEVA","name":"VOYXXXXXX XX XXXXX XX","id":67728121317,"status":"Active"},"ticketingAuthority":true,"airline":{"iataCode":"006","abrev":"DL","name":"DelXX XXX XXXXX XXX.","id":6772484854},"bsp":{"isoCountryCode":"CH","name":"SWIT","id":6772}},{"agent":{"iataCode":"8121318","address":"BahXXXXXXXXXXX 999X","city":"Uzwil/SG","name":"IN XXXXXX XXXX XXXX","id":67728121318,"status":"Active"},"ticketingAuthority":true,"airline":{"iataCode":"006","abrev":"DL","name":"DelXX XXX XXXXX XXX.","id":6772484854},"bsp":{"isoCountryCode":"CH","name":"SWIT","id":6772}},{"agent":{"iataCode":"8121319","address":"ALLXXXXXXXXXXX 99","city":"Zug","name":"REIXXXXXXX XXXXXX XX","id":67728121319,"status":"Active"},"ticketingAuthority":true,"airline":{"iataCode":"006","abrev":"DL","name":"DelXX XXX XXXXX XXX.","id":6772484854},"bsp":{"isoCountryCode":"CH","name":"SWIT","id":6772}},{"agent":{"iataCode":"8121320","address":"RUE XX XXXXXXXX, 99","city":"GENEVA","name":"K TXXXXX XX","id":67728121320,"status":"Active"},"ticketingAuthority":true,"airline":{"iataCode":"006","abrev":"DL","name":"DelXX XXX XXXXX XXX.","id":6772484854},"bsp":{"isoCountryCode":"CH","name":"SWIT","id":6772}},{"agent":{"iataCode":"8121323","address":"13 XXX XXXXXXXXXXXX","city":"GENEVA","name":"AL XXXX XXXXXXX XXXX","id":67728121323,"status":"Non Active"},"ticketingAuthority":true,"airline":{"iataCode":"006","abrev":"DL","name":"DelXX XXX XXXXX XXX.","id":6772484854},"bsp":{"isoCountryCode":"CH","name":"SWIT","id":6772}},{"agent":{"iataCode":"8121324","address":"BRAXXXXXXXXX.99","city":"Dietlikon","name":"FTI XXXXXXXXXX XX","id":67728121324,"status":"Active"},"ticketingAuthority":true,"airline":{"iataCode":"006","abrev":"DL","name":"DelXX XXX XXXXX XXX.","id":6772484854},"bsp":{"isoCountryCode":"CH","name":"SWIT","id":6772}},{"agent":{"iataCode":"8121326","address":"BAHXXXXXXXXXXX, 9","city":"Baar","name":"CORXXXXXX XXXXXX XXXXXXXXXX (X","id":67728121326,"status":"Active"},"ticketingAuthority":true,"airline":{"iataCode":"006","abrev":"DL","name":"DelXX XXX XXXXX XXX.","id":6772484854},"bsp":{"isoCountryCode":"CH","name":"SWIT","id":6772}},{"agent":{"iataCode":"8121331","address":"LUZXXXXXXXXXXXX 99","city":"Root","name":"GOLX XXX XXXXXX","id":67728121331,"status":"Active"},"ticketingAuthority":true,"airline":{"iataCode":"006","abrev":"DL","name":"DelXX XXX XXXXX XXX.","id":6772484854},"bsp":{"isoCountryCode":"CH","name":"SWIT","id":6772}},{"agent":{"iataCode":"8121332","address":"38A XXXXX XX XXXXXXXX","city":"GENEVA","name":"LE-XXXXXX.XXX X.X.","id":67728121332,"status":"Active"},"ticketingAuthority":true,"airline":{"iataCode":"006","abrev":"DL","name":"DelXX XXX XXXXX XXX.","id":6772484854},"bsp":{"isoCountryCode":"CH","name":"SWIT","id":6772}},{"agent":{"iataCode":"8121335","address":"BADXXXXXXXXXXX 999","city":"Zurich","name":"WWW.XXXXXXX-XXXXXX.XX","id":67728121335,"status":"Active"},"ticketingAuthority":true,"airline":{"iataCode":"006","abrev":"DL","name":"DelXX XXX XXXXX XXX.","id":6772484854},"bsp":{"isoCountryCode":"CH","name":"SWIT","id":6772}},{"agent":{"iataCode":"8121337","address":"33A, XXXXXX XX XXXX XXXXX","city":"Gland","name":"GTM XXXX XXXXXX XXX XXXX XX","id":67728121337,"status":"Active"},"ticketingAuthority":true,"airline":{"iataCode":"006","abrev":"DL","name":"DelXX XXX XXXXX XXX.","id":6772484854},"bsp":{"isoCountryCode":"CH","name":"SWIT","id":6772}},{"agent":{"iataCode":"8121339","address":"BAHXXXXXXXXXXX 9","city":"Altdorf","name":"IDEX XXXXXX XXX XXXXXXX XX","id":67728121339,"status":"Active"},"ticketingAuthority":true,"airline":{"iataCode":"006","abrev":"DL","name":"DelXX XXX XXXXX XXX.","id":6772484854},"bsp":{"isoCountryCode":"CH","name":"SWIT","id":6772}},{"agent":{"iataCode":"8121340","address":"ZIEXXXXXXX. 99","city":"Bern","name":"ANIXXX XXXXXX XX","id":67728121340,"status":"Active"},"ticketingAuthority":true,"airline":{"iataCode":"006","abrev":"DL","name":"DelXX XXX XXXXX XXX.","id":6772484854},"bsp":{"isoCountryCode":"CH","name":"SWIT","id":6772}},{"agent":{"iataCode":"8121343","address":"ALLXXXXX 99","city":"Bern","name":"B.A.X.X.-XXXXXXXX XXX XXXXXXX","id":67728121343,"status":"Active"},"ticketingAuthority":true,"airline":{"iataCode":"006","abrev":"DL","name":"DelXX XXX XXXXX XXX.","id":6772484854},"bsp":{"isoCountryCode":"CH","name":"SWIT","id":6772}},{"agent":{"iataCode":"8121348","address":"IndXXXXXXXXX. 99","city":"St. Margrethen","name":"DERXXXX XXXXXX XXXXXXX","id":67728121348,"status":"Active"},"ticketingAuthority":true,"airline":{"iataCode":"006","abrev":"DL","name":"DelXX XXX XXXXX XXX.","id":6772484854},"bsp":{"isoCountryCode":"CH","name":"SWIT","id":6772}},{"agent":{"iataCode":"8121349","address":"ALTX XXXXXXXXXXXXX 9","city":"Teufen","name":"DELXXXXXXXXXX","id":67728121349,"status":"Active"},"ticketingAuthority":true,"airline":{"iataCode":"006","abrev":"DL","name":"DelXX XXX XXXXX XXX.","id":6772484854},"bsp":{"isoCountryCode":"CH","name":"SWIT","id":6772}},{"agent":{"iataCode":"8121350","address":"VIA XXX XXXXXX 9","city":"Lugano","name":"GATXXXX XXXXX XX","id":67728121350,"status":"Active"},"ticketingAuthority":true,"airline":{"iataCode":"006","abrev":"DL","name":"DelXX XXX XXXXX XXX.","id":6772484854},"bsp":{"isoCountryCode":"CH","name":"SWIT","id":6772}},{"agent":{"iataCode":"8121352","address":"BELXXXXXXXXXXXXX 99","city":"Zurich","name":"TEN XXXXXXXXX XXXXXXXXXX XXXXX","id":67728121352,"status":"Active"},"ticketingAuthority":true,"airline":{"iataCode":"006","abrev":"DL","name":"DelXX XXX XXXXX XXX.","id":6772484854},"bsp":{"isoCountryCode":"CH","name":"SWIT","id":6772}},{"agent":{"iataCode":"8121353","address":"RUE XX XX XXXXXXXX 99 XXXXXXX","city":"GENEVA","name":"OT XXXXX XXXX","id":67728121353,"status":"Active"},"ticketingAuthority":true,"airline":{"iataCode":"006","abrev":"DL","name":"DelXX XXX XXXXX XXX.","id":6772484854},"bsp":{"isoCountryCode":"CH","name":"SWIT","id":6772}},{"agent":{"iataCode":"8121354","address":"CHEXXX XX XXXXX 9","city":"Nyon","name":"CTM XXXXXX XX","id":67728121354,"status":"Active"},"ticketingAuthority":true,"airline":{"iataCode":"006","abrev":"DL","name":"DelXX XXX XXXXX XXX.","id":6772484854},"bsp":{"isoCountryCode":"CH","name":"SWIT","id":6772}},{"agent":{"iataCode":"8121401","address":"BAHXXXXXXX. 99","city":"Brig","name":"ZERXXXXX XXXXXXXXX XX","id":67728121401,"status":"Active"},"ticketingAuthority":true,"airline":{"iataCode":"006","abrev":"DL","name":"DelXX XXX XXXXX XXX.","id":6772484854},"bsp":{"isoCountryCode":"CH","name":"SWIT","id":6772}},{"agent":{"iataCode":"8121442","address":"RUE XX XXXX-XXXXX 99","city":"GENEVA","name":"ALSX","id":67728121442,"status":"Active"},"ticketingAuthority":true,"airline":{"iataCode":"006","abrev":"DL","name":"DelXX XXX XXXXX XXX.","id":6772484854},"bsp":{"isoCountryCode":"CH","name":"SWIT","id":6772}},{"agent":{"iataCode":"8121600","address":"MUMBAI","city":"MUMBAI","name":"RAVINDRA KADAM","id":67728121600,"status":"Active"},"ticketingAuthority":true,"airline":{"iataCode":"006","abrev":"DL","name":"DelXX XXX XXXXX XXX.","id":6772484854},"bsp":{"isoCountryCode":"CH","name":"SWIT","id":6772}},{"agent":{"iataCode":"8121725","address":"StaXXXXXXXXXXXXXXXX 999","city":"Zurich","name":"HOLXXXX XXXXX XXXXX XX","id":67728121725,"status":"Active"},"ticketingAuthority":true,"airline":{"iataCode":"006","abrev":"DL","name":"DelXX XXX XXXXX XXX.","id":6772484854},"bsp":{"isoCountryCode":"CH","name":"SWIT","id":6772}},{"agent":{"iataCode":"8121825","address":"BADXXXXXXX 99","city":"Baden","name":"RHZ XXXXXX XX","id":67728121825,"status":"Active"},"ticketingAuthority":true,"airline":{"iataCode":"006","abrev":"DL","name":"DelXX XXX XXXXX XXX.","id":6772484854},"bsp":{"isoCountryCode":"CH","name":"SWIT","id":6772}},{"agent":{"iataCode":"8121836","address":"RUE XXXXXX-XXXXXXXXXXX 99","city":"Le Locle","name":"NATXXXX XXXXXXX","id":67728121836,"status":"Active"},"ticketingAuthority":true,"airline":{"iataCode":"006","abrev":"DL","name":"DelXX XXX XXXXX XXX.","id":6772484854},"bsp":{"isoCountryCode":"CH","name":"SWIT","id":6772}},{"agent":{"iataCode":"8121843","address":"ZURXXXXXXXXXX 9","city":"Lucerne","name":"IMBXXX-XXXXXX XX","id":67728121843,"status":"Active"},"ticketingAuthority":true,"airline":{"iataCode":"006","abrev":"DL","name":"DelXX XXX XXXXX XXX.","id":6772484854},"bsp":{"isoCountryCode":"CH","name":"SWIT","id":6772}},{"agent":{"iataCode":"8121995","address":"OTTXXXXXXXXXXX 99","city":"Zurich","name":"PARXXX XXXXXX XX","id":67728121995,"status":"Active"},"ticketingAuthority":true,"airline":{"iataCode":"006","abrev":"DL","name":"DelXX XXX XXXXX XXX.","id":6772484854},"bsp":{"isoCountryCode":"CH","name":"SWIT","id":6772}},{"agent":{"iataCode":"8122244","address":"C/O XXX XXXXXX XXXX","city":"Horgen","name":"CWT - XXXXXXXXXXXXXXXXXX X.X.","id":67728122244,"status":"Active"},"ticketingAuthority":true,"airline":{"iataCode":"006","abrev":"DL","name":"DelXX XXX XXXXX XXX.","id":6772484854},"bsp":{"isoCountryCode":"CH","name":"SWIT","id":6772}},{"agent":{"iataCode":"8122450","address":"RUE XXX-XX-XXXXXX 9","city":"Lausanne","name":"ALSX","id":67728122450,"status":"Active"},"ticketingAuthority":true,"airline":{"iataCode":"006","abrev":"DL","name":"DelXX XXX XXXXX XXX.","id":6772484854},"bsp":{"isoCountryCode":"CH","name":"SWIT","id":6772}},{"agent":{"iataCode":"8122458","address":"RUEXXXXXXXXX 9","city":"Wald","name":"BETXXX XXXXXX XXXX","id":67728122458,"status":"Active"},"ticketingAuthority":true,"airline":{"iataCode":"006","abrev":"DL","name":"DelXX XXX XXXXX XXX.","id":6772484854},"bsp":{"isoCountryCode":"CH","name":"SWIT","id":6772}},{"agent":{"iataCode":"8122652","address":"RUE XXXXXXXX 99","city":"GENEVA","name":"VOYXXXX XXXXXXX XX","id":67728122652,"status":"Active"},"ticketingAuthority":true,"airline":{"iataCode":"006","abrev":"DL","name":"DelXX XXX XXXXX XXX.","id":6772484854},"bsp":{"isoCountryCode":"CH","name":"SWIT","id":6772}},{"agent":{"iataCode":"8122800","address":"NEUXXXXXXX 99","city":"Bern","name":"GLOXXXXXXXXX XXXXXX XXXXXXX XX","id":67728122800,"status":"Active"},"ticketingAuthority":true,"airline":{"iataCode":"006","abrev":"DL","name":"DelXX XXX XXXXX XXX.","id":6772484854},"bsp":{"isoCountryCode":"CH","name":"SWIT","id":6772}},{"agent":{"iataCode":"8123204","address":"AVEXXX XX XXXXXXX 99","city":"Monthey","name":"MONXXXX XXXXXXX","id":67728123204,"status":"Active"},"ticketingAuthority":true,"airline":{"iataCode":"006","abrev":"DL","name":"DelXX XXX XXXXX XXX.","id":6772484854},"bsp":{"isoCountryCode":"CH","name":"SWIT","id":6772}},{"agent":{"iataCode":"8123206","address":"ZENXXXXXXXXXXX 9","city":"Zurich","name":"ROLX XXXXX-XXXXXX","id":67728123206,"status":"Active"},"ticketingAuthority":true,"airline":{"iataCode":"006","abrev":"DL","name":"DelXX XXX XXXXX XXX.","id":6772484854},"bsp":{"isoCountryCode":"CH","name":"SWIT","id":6772}},{"agent":{"iataCode":"8123587","address":"MPAXX XX XXXXXXX XXXXXX XXXXXX","city":"Carouge","name":"DREXX XXXXXX","id":67728123587,"status":"Active"},"ticketingAuthority":true,"airline":{"iataCode":"006","abrev":"DL","name":"DelXX XXX XXXXX XXX.","id":6772484854},"bsp":{"isoCountryCode":"CH","name":"SWIT","id":6772}},{"agent":{"iataCode":"8123791","address":"BadXXXXXXX 99","city":"Baden","name":"KRW XX","id":67728123791,"status":"Active"},"ticketingAuthority":true,"airline":{"iataCode":"006","abrev":"DL","name":"DelXX XXX XXXXX XXX.","id":6772484854},"bsp":{"isoCountryCode":"CH","name":"SWIT","id":6772}},{"agent":{"iataCode":"8123795","address":"12-99, XXX XX XXXXXXXX","city":"GENEVA","name":"GEO-XXXXXXXXXX XX","id":67728123795,"status":"Active"},"ticketingAuthority":true,"airline":{"iataCode":"006","abrev":"DL","name":"DelXX XXX XXXXX XXX.","id":6772484854},"bsp":{"isoCountryCode":"CH","name":"SWIT","id":6772}},{"agent":{"iataCode":"8123799","address":"SAEXXXXXXXXXXXX 99","city":"Glattbrugg","name":"BTA XXXXX","id":67728123799,"status":"Active"},"ticketingAuthority":true,"airline":{"iataCode":"006","abrev":"DL","name":"DelXX XXX XXXXX XXX.","id":6772484854},"bsp":{"isoCountryCode":"CH","name":"SWIT","id":6772}},{"agent":{"iataCode":"8123802","address":"KuoXX XXXXXXXX XXXXXX,","city":"Zurich","name":"KUOXX XXXXXX","id":67728123802,"status":"Active"},"ticketingAuthority":true,"airline":{"iataCode":"006","abrev":"DL","name":"DelXX XXX XXXXX XXX.","id":6772484854},"bsp":{"isoCountryCode":"CH","name":"SWIT","id":6772}},{"agent":{"iataCode":"8123819","address":"KURXXXXXXXXX 99","city":"Daniken","name":"ACS-XXXXXX","id":67728123819,"status":"Active"},"ticketingAuthority":true,"airline":{"iataCode":"006","abrev":"DL","name":"DelXX XXX XXXXX XXX.","id":6772484854},"bsp":{"isoCountryCode":"CH","name":"SWIT","id":6772}},{"agent":{"iataCode":"8123821","address":"BAHXXXXXXXXXXX 99","city":"Aarau","name":"KUOXX XXXXXX","id":67728123821,"status":"Active"},"ticketingAuthority":true,"airline":{"iataCode":"006","abrev":"DL","name":"DelXX XXX XXXXX XXX.","id":6772484854},"bsp":{"isoCountryCode":"CH","name":"SWIT","id":6772}},{"agent":{"iataCode":"8123822","address":"'EGXXXX' XXXXXXXXXXXX, 9","city":"Altdorf","name":"rilXX XX","id":67728123822,"status":"Active"},"ticketingAuthority":true,"airline":{"iataCode":"006","abrev":"DL","name":"DelXX XXX XXXXX XXX.","id":6772484854},"bsp":{"isoCountryCode":"CH","name":"SWIT","id":6772}},{"agent":{"iataCode":"8123843","address":"FALXXXXXXXXXXX 9","city":"Basel","name":"BTA XXXXX","id":67728123843,"status":"Active"},"ticketingAuthority":true,"airline":{"iataCode":"006","abrev":"DL","name":"DelXX XXX XXXXX XXX.","id":6772484854},"bsp":{"isoCountryCode":"CH","name":"SWIT","id":6772}},{"agent":{"iataCode":"8123847","address":"GERXXXXXXXX 99","city":"Basel","name":"KUOXX XXXXXX","id":67728123847,"status":"Active"},"ticketingAuthority":true,"airline":{"iataCode":"006","abrev":"DL","name":"DelXX XXX XXXXX XXX.","id":6772484854},"bsp":{"isoCountryCode":"CH","name":"SWIT","id":6772}},{"agent":{"iataCode":"8123854","address":"AESXXXXXXXXXX 9","city":"Basel","name":"SWIXX XXXXXXX XXXXXXXXXX X.X.","id":67728123854,"status":"Active"},"ticketingAuthority":true,"airline":{"iataCode":"006","abrev":"DL","name":"DelXX XXX XXXXX XXX.","id":6772484854},"bsp":{"isoCountryCode":"CH","name":"SWIT","id":6772}},{"agent":{"iataCode":"8123855","address":"MUNXXXXXXXXXXXXXXXXXX 99 XX XX","city":"Basel","name":"CWT - XXXXXXXXXXXXXXXXXX X.X.","id":67728123855,"status":"Active"},"ticketingAuthority":true,"airline":{"iataCode":"006","abrev":"DL","name":"DelXX XXX XXXXX XXX.","id":6772484854},"bsp":{"isoCountryCode":"CH","name":"SWIT","id":6772}},{"agent":{"iataCode":"8123863","address":"VON XXXXX XXXXXXX 9","city":"Bern","name":"CARXXXX XXXXXXXX XXXXXX","id":67728123863,"status":"Active"},"ticketingAuthority":true,"airline":{"iataCode":"006","abrev":"DL","name":"DelXX XXX XXXXX XXX.","id":6772484854},"bsp":{"isoCountryCode":"CH","name":"SWIT","id":6772}},{"agent":{"iataCode":"8123868","address":"BAHXXXXXXX. 9","city":"Biel","name":"NATXXXX XXXXXX","id":67728123868,"status":"Active"},"ticketingAuthority":true,"airline":{"iataCode":"006","abrev":"DL","name":"DelXX XXX XXXXX XXX.","id":6772484854},"bsp":{"isoCountryCode":"CH","name":"SWIT","id":6772}},{"agent":{"iataCode":"8123895","address":"RUE XXXXXX 9 XXXXXX 9","city":"GENEVA","name":"FERX & XXX XXXXXXX XX","id":67728123895,"status":"Active"},"ticketingAuthority":true,"airline":{"iataCode":"006","abrev":"DL","name":"DelXX XXX XXXXX XXX.","id":6772484854},"bsp":{"isoCountryCode":"CH","name":"SWIT","id":6772}},{"agent":{"iataCode":"8123899","address":"17, XXX XX 99-XXXXXXXX","city":"GENEVA","name":"TOUXXXXX XX (XXXXXX)","id":67728123899,"status":"Active"},"ticketingAuthority":true,"airline":{"iataCode":"006","abrev":"DL","name":"DelXX XXX XXXXX XXX.","id":6772484854},"bsp":{"isoCountryCode":"CH","name":"SWIT","id":6772}},{"agent":{"iataCode":"8123904","address":"NEUX XXXX 9","city":"Zurich","name":"KUOXX XXXXXX XX","id":67728123904,"status":"Active"},"ticketingAuthority":true,"airline":{"iataCode":"006","abrev":"DL","name":"DelXX XXX XXXXX XXX.","id":6772484854},"bsp":{"isoCountryCode":"CH","name":"SWIT","id":6772}},{"agent":{"iataCode":"8123906","address":"CheXXX XXX XXXXXXXXXXX 99","city":"Vernier","name":"KUOXX XXXXXX","id":67728123906,"status":"Active"},"ticketingAuthority":true,"airline":{"iataCode":"006","abrev":"DL","name":"DelXX XXX XXXXX XXX.","id":6772484854},"bsp":{"isoCountryCode":"CH","name":"SWIT","id":6772}},{"agent":{"iataCode":"8123916","address":"Rue XXXXX 99","city":"La Chaux de Fonds","name":"CROXXXXXXX XXXXXXX XX","id":67728123916,"status":"Active"},"ticketingAuthority":true,"airline":{"iataCode":"006","abrev":"DL","name":"DelXX XXX XXXXX XXX.","id":6772484854},"bsp":{"isoCountryCode":"CH","name":"SWIT","id":6772}},{"agent":{"iataCode":"8123933","address":"VIA XXXXXXXX 9 XXXXXXX XXX","city":"GENEVA","name":"KUOXX XXXXXX","id":67728123933,"status":"Active"},"ticketingAuthority":true,"airline":{"iataCode":"006","abrev":"DL","name":"DelXX XXX XXXXX XXX.","id":6772484854},"bsp":{"isoCountryCode":"CH","name":"SWIT","id":6772}},{"agent":{"iataCode":"8123936","address":"PilXXXXXXXXXXX 99","city":"Dierikon","name":"BUCXXX XXXXXX XXX","id":67728123936,"status":"Active"},"ticketingAuthority":true,"airline":{"iataCode":"006","abrev":"DL","name":"DelXX XXX XXXXX XXX.","id":6772484854},"bsp":{"isoCountryCode":"CH","name":"SWIT","id":6772}},{"agent":{"iataCode":"8123939","address":"ALPXXXXXXXXX 9","city":"Lucerne","name":"KNEXXX XXXXXX XX","id":67728123939,"status":"Active"},"ticketingAuthority":true,"airline":{"iataCode":"006","abrev":"DL","name":"DelXX XXX XXXXX XXX.","id":6772484854},"bsp":{"isoCountryCode":"CH","name":"SWIT","id":6772}},{"agent":{"iataCode":"8123942","address":"VIA XXXXXXXXX 9 9XX XXXXX","city":"Lugano","name":"KUOXX XXXXXX","id":67728123942,"status":"Active"},"ticketingAuthority":true,"airline":{"iataCode":"006","abrev":"DL","name":"DelXX XXX XXXXX XXX.","id":6772484854},"bsp":{"isoCountryCode":"CH","name":"SWIT","id":6772}},{"agent":{"iataCode":"8123944","address":"VIA XXXX 9","city":"Lugano","name":"M-TXXXXX XXXXXXXXXXX","id":67728123944,"status":"Active"},"ticketingAuthority":true,"airline":{"iataCode":"006","abrev":"DL","name":"DelXX XXX XXXXX XXX.","id":6772484854},"bsp":{"isoCountryCode":"CH","name":"SWIT","id":6772}},{"agent":{"iataCode":"8123945","address":"STAXXXX XXXXX 9999","city":"Manno","name":"CWT - XXXXXXXXXXXXXXXXXX X.X.","id":67728123945,"status":"Active"},"ticketingAuthority":true,"airline":{"iataCode":"006","abrev":"DL","name":"DelXX XXX XXXXX XXX.","id":6772484854},"bsp":{"isoCountryCode":"CH","name":"SWIT","id":6772}},{"agent":{"iataCode":"8123946","address":"C/O XXXXXX XXXXXXXX XX","city":"GENEVA","name":"CWT - XXXXXXXXXXXXXXXXXX X.X.","id":67728123946,"status":"Active"},"ticketingAuthority":true,"airline":{"iataCode":"006","abrev":"DL","name":"DelXX XXX XXXXX XXX.","id":6772484854},"bsp":{"isoCountryCode":"CH","name":"SWIT","id":6772}},{"agent":{"iataCode":"8123949","address":"RUE XX XX XXXX 9","city":"Montreux","name":"CWT - XXXXXXXXXXXXXXXXXX X.X.","id":67728123949,"status":"Active"},"ticketingAuthority":true,"airline":{"iataCode":"006","abrev":"DL","name":"DelXX XXX XXXXX XXX.","id":6772484854},"bsp":{"isoCountryCode":"CH","name":"SWIT","id":6772}},{"agent":{"iataCode":"8123972","address":"VORXXXXX 99","city":"Schaffhausen","name":"LET'X XX XXXXX","id":67728123972,"status":"Active"},"ticketingAuthority":true,"airline":{"iataCode":"006","abrev":"DL","name":"DelXX XXX XXXXX XXX.","id":6772484854},"bsp":{"isoCountryCode":"CH","name":"SWIT","id":6772}},{"agent":{"iataCode":"8123978","address":"18, XXX XX XXXXXXX","city":"Vevey","name":"TUI XXXXXX XX XXXXXXX","id":67728123978,"status":"Active"},"ticketingAuthority":true,"airline":{"iataCode":"006","abrev":"DL","name":"DelXX XXX XXXXX XXX.","id":6772484854},"bsp":{"isoCountryCode":"CH","name":"SWIT","id":6772}},{"agent":{"iataCode":"8123982","address":"BAHXXXXXXXXXXX 99","city":"Zug","name":"KNEXXX XXXXXX XX","id":67728123982,"status":"Active"},"ticketingAuthority":true,"airline":{"iataCode":"006","abrev":"DL","name":"DelXX XXX XXXXX XXX.","id":6772484854},"bsp":{"isoCountryCode":"CH","name":"SWIT","id":6772}},{"agent":{"iataCode":"8123984","address":"HOFXXXXXXXXXXXXX 99","city":"Zurich","name":"ALPXX XXXXXX X.X.","id":67728123984,"status":"Active"},"ticketingAuthority":true,"airline":{"iataCode":"006","abrev":"DL","name":"DelXX XXX XXXXX XXX.","id":6772484854},"bsp":{"isoCountryCode":"CH","name":"SWIT","id":6772}},{"agent":{"iataCode":"8123998","address":"OHMXXXXXXX 9","city":"Zurich","name":"FRIXXXXX XXXXXX XX","id":67728123998,"status":"Active"},"ticketingAuthority":true,"airline":{"iataCode":"006","abrev":"DL","name":"DelXX XXX XXXXX XXX.","id":6772484854},"bsp":{"isoCountryCode":"CH","name":"SWIT","id":6772}},{"agent":{"iataCode":"8124199","address":"QUAX XXX XXXXXXX 99","city":"GENEVA","name":"BTA XXXXX","id":67728124199,"status":"Active"},"ticketingAuthority":true,"airline":{"iataCode":"006","abrev":"DL","name":"DelXX XXX XXXXX XXX.","id":6772484854},"bsp":{"isoCountryCode":"CH","name":"SWIT","id":6772}},{"agent":{"iataCode":"8124411","address":"RUE XX XXXXXX 9 XXXX XXXXXXX","city":"Neuchatel","name":"CROXXXXXXX XXXXXXX XX","id":67728124411,"status":"Active"},"ticketingAuthority":true,"airline":{"iataCode":"006","abrev":"DL","name":"DelXX XXX XXXXX XXX.","id":6772484854},"bsp":{"isoCountryCode":"CH","name":"SWIT","id":6772}},{"agent":{"iataCode":"8124651","address":"SCHXXXXXXXXXXXXXXXX 9","city":"Zurich","name":"AVRXXX XXXXXX XXXX","id":67728124651,"status":"Active"},"ticketingAuthority":true,"airline":{"iataCode":"006","abrev":"DL","name":"DelXX XXX XXXXX XXX.","id":6772484854},"bsp":{"isoCountryCode":"CH","name":"SWIT","id":6772}},{"agent":{"iataCode":"8124679","address":"EUCXXXXXXXX XXXXXX XXXXX XX","city":"GENEVA","name":"RAPXXX XX - XXXXXXXXXXXX XXXXX","id":67728124679,"status":"Active"},"ticketingAuthority":true,"airline":{"iataCode":"006","abrev":"DL","name":"DelXX XXX XXXXX XXX.","id":6772484854},"bsp":{"isoCountryCode":"CH","name":"SWIT","id":6772}},{"agent":{"iataCode":"8124747","address":"MURXXXXXXXX 99","city":"Bern","name":"TRAXXXXXXXX XXXX XX","id":67728124747,"status":"Active"},"ticketingAuthority":true,"airline":{"iataCode":"006","abrev":"DL","name":"DelXX XXX XXXXX XXX.","id":6772484854},"bsp":{"isoCountryCode":"CH","name":"SWIT","id":6772}},{"agent":{"iataCode":"8124822","address":"9, XXX XX XXXXXXX","city":"Carouge","name":"MIGXXXXX XXXXXXX X.X.","id":67728124822,"status":"Active"},"ticketingAuthority":true,"airline":{"iataCode":"006","abrev":"DL","name":"DelXX XXX XXXXX XXX.","id":6772484854},"bsp":{"isoCountryCode":"CH","name":"SWIT","id":6772}},{"agent":{"iataCode":"8124944","address":"RUE XX XXXXX 99","city":"Lausanne","name":"VOYXXXX XX XXXXXXX XX","id":67728124944,"status":"Active"},"ticketingAuthority":true,"airline":{"iataCode":"006","abrev":"DL","name":"DelXX XXX XXXXX XXX.","id":6772484854},"bsp":{"isoCountryCode":"CH","name":"SWIT","id":6772}},{"agent":{"iataCode":"8124981","address":"ZUGXXXXXXXXX 99","city":"Waedenswil","name":"KUOXX XXXXXX","id":67728124981,"status":"Active"},"ticketingAuthority":true,"airline":{"iataCode":"006","abrev":"DL","name":"DelXX XXX XXXXX XXX.","id":6772484854},"bsp":{"isoCountryCode":"CH","name":"SWIT","id":6772}},{"agent":{"iataCode":"8125170","address":".","city":"RORSCHACH","name":"KUOXX XXXXXX XX","id":67728125170,"status":"Non Active"},"ticketingAuthority":true,"airline":{"iataCode":"006","abrev":"DL","name":"DelXX XXX XXXXX XXX.","id":6772484854},"bsp":{"isoCountryCode":"CH","name":"SWIT","id":6772}},{"agent":{"iataCode":"8125175","address":"AVEXXX XXXXXXX XXXXXX 99","city":"Sierre","name":"VOYXXXX X'XXXXXX XXXX XXXXXXX","id":67728125175,"status":"Active"},"ticketingAuthority":true,"airline":{"iataCode":"006","abrev":"DL","name":"DelXX XXX XXXXX XXX.","id":6772484854},"bsp":{"isoCountryCode":"CH","name":"SWIT","id":6772}},{"agent":{"iataCode":"8125205","address":"SCHXXXXXXXXXXXXXX 9","city":"WINDISCH","name":"KNEXXX XXXXXX XX","id":67728125205,"status":"Active"},"ticketingAuthority":true,"airline":{"iataCode":"006","abrev":"DL","name":"DelXX XXX XXXXX XXX.","id":6772484854},"bsp":{"isoCountryCode":"CH","name":"SWIT","id":6772}},{"agent":{"iataCode":"8125251","address":"AM XXXXXXXXX XXXXXXXXXXXXXX 99","city":"Rapperswil","name":"KUSXXX XXXXXX XX","id":67728125251,"status":"Active"},"ticketingAuthority":true,"airline":{"iataCode":"006","abrev":"DL","name":"DelXX XXX XXXXX XXX.","id":6772484854},"bsp":{"isoCountryCode":"CH","name":"SWIT","id":6772}},{"agent":{"iataCode":"8125277","address":"BAHXXXXXXXXXXX 99","city":"Buchs","name":"REIXXXXXXX XXXXX XX","id":67728125277,"status":"Active"},"ticketingAuthority":true,"airline":{"iataCode":"006","abrev":"DL","name":"DelXX XXX XXXXX XXX.","id":6772484854},"bsp":{"isoCountryCode":"CH","name":"SWIT","id":6772}},{"agent":{"iataCode":"8125418","address":"3 RXX XX XXXXX","city":"GENEVA","name":"LETX XXXXXX XX","id":67728125418,"status":"Active"},"ticketingAuthority":true,"airline":{"iataCode":"006","abrev":"DL","name":"DelXX XXX XXXXX XXX.","id":6772484854},"bsp":{"isoCountryCode":"CH","name":"SWIT","id":6772}},{"agent":{"iataCode":"8125451","address":"ROUXX XXX XXXXXX 99","city":"GENEVA","name":"VILXXXX XXXXXXXXXX XX","id":67728125451,"status":"Active"},"ticketingAuthority":true,"airline":{"iataCode":"006","abrev":"DL","name":"DelXX XXX XXXXX XXX.","id":6772484854},"bsp":{"isoCountryCode":"CH","name":"SWIT","id":6772}},{"agent":{"iataCode":"8125459","address":"PETXXXXXXXXX, 99","city":"Basel","name":"MEDXX XXXXXXXXX XX","id":67728125459,"status":"Active"},"ticketingAuthority":true,"airline":{"iataCode":"006","abrev":"DL","name":"DelXX XXX XXXXX XXX.","id":6772484854},"bsp":{"isoCountryCode":"CH","name":"SWIT","id":6772}},{"agent":{"iataCode":"8125487","address":"BITXXXXXXXXXXXXXXX, 99","city":"Sarnen","name":"WIRX XXXXXX XX","id":67728125487,"status":"Active"},"ticketingAuthority":true,"airline":{"iataCode":"006","abrev":"DL","name":"DelXX XXX XXXXX XXX.","id":6772484854},"bsp":{"isoCountryCode":"CH","name":"SWIT","id":6772}},{"agent":{"iataCode":"8125514","address":"DUFXXXXXX. 99/ XXXXXXXXXXXX","city":"Basel","name":"BASXXXXX XXXXXXXXXX XX","id":67728125514,"status":"Active"},"ticketingAuthority":true,"airline":{"iataCode":"006","abrev":"DL","name":"DelXX XXX XXXXX XXX.","id":6772484854},"bsp":{"isoCountryCode":"CH","name":"SWIT","id":6772}},{"agent":{"iataCode":"8125737","address":"BAHXXXXXXX. 9","city":"Buchs","name":"TUI XXXXXXXXXXX","id":67728125737,"status":"Active"},"ticketingAuthority":true,"airline":{"iataCode":"006","abrev":"DL","name":"DelXX XXX XXXXX XXX.","id":6772484854},"bsp":{"isoCountryCode":"CH","name":"SWIT","id":6772}},{"agent":{"iataCode":"8125739","address":"CONXXXXX XX XXXXXXXX 9","city":"Lugano","name":"KUOXX XXXXXX","id":67728125739,"status":"Active"},"ticketingAuthority":true,"airline":{"iataCode":"006","abrev":"DL","name":"DelXX XXX XXXXX XXX.","id":6772484854},"bsp":{"isoCountryCode":"CH","name":"SWIT","id":6772}},{"agent":{"iataCode":"8125816","address":"UNTXXXXXXXXXXXXX 99","city":"Zurich","name":"ACAXX XX","id":67728125816,"status":"Active"},"ticketingAuthority":true,"airline":{"iataCode":"006","abrev":"DL","name":"DelXX XXX XXXXX XXX.","id":6772484854},"bsp":{"isoCountryCode":"CH","name":"SWIT","id":6772}},{"agent":{"iataCode":"8125961","address":"AV XX XXXXXXXX XXXXXXX 99","city":"Lausanne","name":"ALBXXXXXX XXXXXXX XX","id":67728125961,"status":"Active"},"ticketingAuthority":true,"airline":{"iataCode":"006","abrev":"DL","name":"DelXX XXX XXXXX XXX.","id":6772484854},"bsp":{"isoCountryCode":"CH","name":"SWIT","id":6772}},{"agent":{"iataCode":"8126166","address":"VIA XXXXX 99","city":"MENDRISIO","name":"VITX XXXXXX XXXXX XXXXX XX","id":67728126166,"status":"Non Active"},"ticketingAuthority":true,"airline":{"iataCode":"006","abrev":"DL","name":"DelXX XXX XXXXX XXX.","id":6772484854},"bsp":{"isoCountryCode":"CH","name":"SWIT","id":6772}},{"agent":{"iataCode":"8126304","address":"ZUEXXXXXXXX. 999/999","city":"Frauenfeld","name":"KUOXX XXXXXX","id":67728126304,"status":"Active"},"ticketingAuthority":true,"airline":{"iataCode":"006","abrev":"DL","name":"DelXX XXX XXXXX XXX.","id":6772484854},"bsp":{"isoCountryCode":"CH","name":"SWIT","id":6772}},{"agent":{"iataCode":"8126420","address":"LOEXXXXXXXXXX 9","city":"Zurich","name":"ATLXXXXX XXXXXX XX","id":67728126420,"status":"Active"},"ticketingAuthority":true,"airline":{"iataCode":"006","abrev":"DL","name":"DelXX XXX XXXXX XXX.","id":6772484854},"bsp":{"isoCountryCode":"CH","name":"SWIT","id":6772}},{"agent":{"iataCode":"8126432","address":"BAHXXXXXXXXXXX 99","city":"Kreuzlingen","name":"CITX XXXXXX XX XXXXXXXXXXXX XX","id":67728126432,"status":"Active"},"ticketingAuthority":true,"airline":{"iataCode":"006","abrev":"DL","name":"DelXX XXX XXXXX XXX.","id":6772484854},"bsp":{"isoCountryCode":"CH","name":"SWIT","id":6772}},{"agent":{"iataCode":"8126433","address":"AV. XXXXXXX-XXXXXX 99 XXXX","city":"GENEVA","name":"KUOXX XXXXXX","id":67728126433,"status":"Active"},"ticketingAuthority":true,"airline":{"iataCode":"006","abrev":"DL","name":"DelXX XXX XXXXX XXX.","id":6772484854},"bsp":{"isoCountryCode":"CH","name":"SWIT","id":6772}},{"agent":{"iataCode":"8126450","address":"19, XXXX XX XXXX-XXXXX XX 9999","city":"GENEVA","name":"WTA XXXXX XXXXXX XXXXXX X.X.","id":67728126450,"status":"Active"},"ticketingAuthority":true,"airline":{"iataCode":"006","abrev":"DL","name":"DelXX XXX XXXXX XXX.","id":6772484854},"bsp":{"isoCountryCode":"CH","name":"SWIT","id":6772}},{"agent":{"iataCode":"8126526","address":"WeiXXXXXXXXXXXXXX 99","city":"Zwillikon","name":"FINXXXXXX XXXXXX","id":67728126526,"status":"Active"},"ticketingAuthority":true,"airline":{"iataCode":"006","abrev":"DL","name":"DelXX XXX XXXXX XXX.","id":6772484854},"bsp":{"isoCountryCode":"CH","name":"SWIT","id":6772}},{"agent":{"iataCode":"8126695","address":"ROUXX XX XXXXXXXXXX 99","city":"GENEVA","name":"TRAXX XXXXXXXXXXX XX","id":67728126695,"status":"Active"},"ticketingAuthority":true,"airline":{"iataCode":"006","abrev":"DL","name":"DelXX XXX XXXXX XXX.","id":6772484854},"bsp":{"isoCountryCode":"CH","name":"SWIT","id":6772}},{"agent":{"iataCode":"8126698","address":"DORXXXXXXXX 99","city":"Schindellegi","name":"KUEXXX & XXXXX XXXXXXXXXX XX","id":67728126698,"status":"Active"},"ticketingAuthority":true,"airline":{"iataCode":"006","abrev":"DL","name":"DelXX XXX XXXXX XXX.","id":6772484854},"bsp":{"isoCountryCode":"CH","name":"SWIT","id":6772}},{"agent":{"iataCode":"8126919","address":"TurXXXXXXXX 99","city":"Steinhausen","name":"FarXXXXXXX XXXXXX XXXX","id":67728126919,"status":"Active"},"ticketingAuthority":true,"airline":{"iataCode":"006","abrev":"DL","name":"DelXX XXX XXXXX XXX.","id":6772484854},"bsp":{"isoCountryCode":"CH","name":"SWIT","id":6772}},{"agent":{"iataCode":"8126920","address":"BRAXXXXXXXXX.99","city":"Dietlikon","name":"TS XX","id":67728126920,"status":"Active"},"ticketingAuthority":true,"airline":{"iataCode":"006","abrev":"DL","name":"DelXX XXX XXXXX XXX.","id":6772484854},"bsp":{"isoCountryCode":"CH","name":"SWIT","id":6772}},{"agent":{"iataCode":"8126923","address":"rouXX XX X'XXXXXXXX 99 XX 999","city":"GENEVA","name":"SPI XXXXX XXXXXXX XXXXXXXXXXXX","id":67728126923,"status":"Active"},"ticketingAuthority":true,"airline":{"iataCode":"006","abrev":"DL","name":"DelXX XXX XXXXX XXX.","id":6772484854},"bsp":{"isoCountryCode":"CH","name":"SWIT","id":6772}},{"agent":{"iataCode":"8126924","address":"HohXXXXXXXX 999","city":"Zurich","name":"ReeX & XXXXXX","id":67728126924,"status":"Active"},"ticketingAuthority":true,"airline":{"iataCode":"006","abrev":"DL","name":"DelXX XXX XXXXX XXX.","id":6772484854},"bsp":{"isoCountryCode":"CH","name":"SWIT","id":6772}},{"agent":{"iataCode":"8126927","address":"NEUXXXXXXXXXX 99","city":"Brugg","name":"KNEXXX XXXXXX","id":67728126927,"status":"Active"},"ticketingAuthority":true,"airline":{"iataCode":"006","abrev":"DL","name":"DelXX XXX XXXXX XXX.","id":6772484854},"bsp":{"isoCountryCode":"CH","name":"SWIT","id":6772}},{"agent":{"iataCode":"8127124","address":"GRIXXXXXXXXXXX 9","city":"Wallisellen","name":"TOUXXXXX","id":67728127124,"status":"Active"},"ticketingAuthority":true,"airline":{"iataCode":"006","abrev":"DL","name":"DelXX XXX XXXXX XXX.","id":6772484854},"bsp":{"isoCountryCode":"CH","name":"SWIT","id":6772}},{"agent":{"iataCode":"8127196","address":"AVEXXX X'XXXXX 99","city":"Lausanne","name":"M-TXXXXX XXXXXXXXXXX","id":67728127196,"status":"Active"},"ticketingAuthority":true,"airline":{"iataCode":"006","abrev":"DL","name":"DelXX XXX XXXXX XXX.","id":6772484854},"bsp":{"isoCountryCode":"CH","name":"SWIT","id":6772}},{"agent":{"iataCode":"8127373","address":"ZWEXXXXXXXXXX 99 X.X. XXX","city":"Zurich","name":"BOOXXXXXX XXXXXX XXXXXXX XXXXX","id":67728127373,"status":"Active"},"ticketingAuthority":true,"airline":{"iataCode":"006","abrev":"DL","name":"DelXX XXX XXXXX XXX.","id":6772484854},"bsp":{"isoCountryCode":"CH","name":"SWIT","id":6772}},{"agent":{"iataCode":"8127391","address":"GRAXXX XXXXX 9","city":"Vevey","name":"LatXXXXXX XXXXXX XX XXXXXXX","id":67728127391,"status":"Active"},"ticketingAuthority":true,"airline":{"iataCode":"006","abrev":"DL","name":"DelXX XXX XXXXX XXX.","id":6772484854},"bsp":{"isoCountryCode":"CH","name":"SWIT","id":6772}},{"agent":{"iataCode":"8127783","address":"ZUEXXXXXXXXXXXX 99","city":"Uznach","name":"BACXXXXX & XXXXXXX XX","id":67728127783,"status":"Active"},"ticketingAuthority":true,"airline":{"iataCode":"006","abrev":"DL","name":"DelXX XXX XXXXX XXX.","id":6772484854},"bsp":{"isoCountryCode":"CH","name":"SWIT","id":6772}},{"agent":{"iataCode":"8127833","address":"17, XXXXX XX XXXXXXXXXXXX","city":"GENEVA","name":"CHAXXXX XX XXXXXXX","id":67728127833,"status":"Active"},"ticketingAuthority":true,"airline":{"iataCode":"006","abrev":"DL","name":"DelXX XXX XXXXX XXX.","id":6772484854},"bsp":{"isoCountryCode":"CH","name":"SWIT","id":6772}},{"agent":{"iataCode":"8127904","address":"GRAXX-XXX 99","city":"Montreux","name":"VOYXXXXXXX","id":67728127904,"status":"Active"},"ticketingAuthority":true,"airline":{"iataCode":"006","abrev":"DL","name":"DelXX XXX XXXXX XXX.","id":6772484854},"bsp":{"isoCountryCode":"CH","name":"SWIT","id":6772}},{"agent":{"iataCode":"8127905","address":"AUGXXXXXXXXXXXX 99","city":"Zurich","name":"TUI XXXXXXX XXXXXX","id":67728127905,"status":"Active"},"ticketingAuthority":true,"airline":{"iataCode":"006","abrev":"DL","name":"DelXX XXX XXXXX XXX.","id":6772484854},"bsp":{"isoCountryCode":"CH","name":"SWIT","id":6772}},{"agent":{"iataCode":"8127928","address":"HASXXXXXXXXX 99/9","city":"ST GALLEN","name":"INTXXXXXXX","id":67728127928,"status":"Active"},"ticketingAuthority":true,"airline":{"iataCode":"006","abrev":"DL","name":"DelXX XXX XXXXX XXX.","id":6772484854},"bsp":{"isoCountryCode":"CH","name":"SWIT","id":6772}},{"agent":{"iataCode":"8127979","address":"SCHXXXXXXXXXXXXXXXX 999","city":"Zurich","name":"LOTXX XXXXXX XX","id":67728127979,"status":"Active"},"ticketingAuthority":true,"airline":{"iataCode":"006","abrev":"DL","name":"DelXX XXX XXXXX XXX.","id":6772484854},"bsp":{"isoCountryCode":"CH","name":"SWIT","id":6772}},{"agent":{"iataCode":"8128125","address":"LOEXXXXXXXXX 99","city":"Lucerne","name":"ITO XXXXXX XX","id":67728128125,"status":"Active"},"ticketingAuthority":true,"airline":{"iataCode":"006","abrev":"DL","name":"DelXX XXX XXXXX XXX.","id":6772484854},"bsp":{"isoCountryCode":"CH","name":"SWIT","id":6772}},{"agent":{"iataCode":"8128594","address":"VIAXX XXXXXXXX 9 XXXXXXX","city":"Bellinzona","name":"KUOXX XXXXXX","id":67728128594,"status":"Active"},"ticketingAuthority":true,"airline":{"iataCode":"006","abrev":"DL","name":"DelXX XXX XXXXX XXX.","id":6772484854},"bsp":{"isoCountryCode":"CH","name":"SWIT","id":6772}},{"agent":{"iataCode":"8128596","address":"AVEXXX XX XX XXXXXX 9","city":"Lausanne","name":"M-TXXXXX XXXXXXXXXXX","id":67728128596,"status":"Active"},"ticketingAuthority":true,"airline":{"iataCode":"006","abrev":"DL","name":"DelXX XXX XXXXX XXX.","id":6772484854},"bsp":{"isoCountryCode":"CH","name":"SWIT","id":6772}},{"agent":{"iataCode":"8128598","address":"BAHXXXXXXXXXXX 9","city":"Widnau","name":"M-TXXXXX XXXXXXXXXXX","id":67728128598,"status":"Active"},"ticketingAuthority":true,"airline":{"iataCode":"006","abrev":"DL","name":"DelXX XXX XXXXX XXX.","id":6772484854},"bsp":{"isoCountryCode":"CH","name":"SWIT","id":6772}},{"agent":{"iataCode":"8128600","address":"KIRXXXXXXX 99","city":"Zofingen","name":"TUI XXXXXXXXXXX","id":67728128600,"status":"Active"},"ticketingAuthority":true,"airline":{"iataCode":"006","abrev":"DL","name":"DelXX XXX XXXXX XXX.","id":6772484854},"bsp":{"isoCountryCode":"CH","name":"SWIT","id":6772}},{"agent":{"iataCode":"8128947","address":"AVEXXX XX XXXXXXX 9X","city":"GENEVA","name":"CULXXXX XXX XXXXXX XX","id":67728128947,"status":"Active"},"ticketingAuthority":true,"airline":{"iataCode":"006","abrev":"DL","name":"DelXX XXX XXXXX XXX.","id":6772484854},"bsp":{"isoCountryCode":"CH","name":"SWIT","id":6772}},{"agent":{"iataCode":"8129022","address":"WTC XXXXXX XX XXXXXX-XXXXXX 9","city":"Lausanne","name":"BTA XXXXX","id":67728129022,"status":"Active"},"ticketingAuthority":true,"airline":{"iataCode":"006","abrev":"DL","name":"DelXX XXX XXXXX XXX.","id":6772484854},"bsp":{"isoCountryCode":"CH","name":"SWIT","id":6772}},{"agent":{"iataCode":"8129322","address":"GAEXXXXXXXXXXXXX 9","city":"Chur","name":"EngXX XXXXXX","id":67728129322,"status":"Active"},"ticketingAuthority":true,"airline":{"iataCode":"006","abrev":"DL","name":"DelXX XXX XXXXX XXX.","id":6772484854},"bsp":{"isoCountryCode":"CH","name":"SWIT","id":6772}},{"agent":{"iataCode":"8129324","address":"AVEXXX XX XX XXXX 9 XXXX XXXXX","city":"Sion","name":"LATXXXX XXXXXXX XX XXXXXXXXXX","id":67728129324,"status":"Active"},"ticketingAuthority":true,"airline":{"iataCode":"006","abrev":"DL","name":"DelXX XXX XXXXX XXX.","id":6772484854},"bsp":{"isoCountryCode":"CH","name":"SWIT","id":6772}},{"agent":{"iataCode":"8129520","address":"AV. XXX XXXXX 99","city":"Montreux","name":"MONXXXXX-XXXXXXX","id":67728129520,"status":"Active"},"ticketingAuthority":true,"airline":{"iataCode":"006","abrev":"DL","name":"DelXX XXX XXXXX XXX.","id":6772484854},"bsp":{"isoCountryCode":"CH","name":"SWIT","id":6772}},{"agent":{"iataCode":"8129522","address":"HerXXXXXXXX 99","city":"Zurich","name":"KUOXX XXXXXX","id":67728129522,"status":"Active"},"ticketingAuthority":true,"airline":{"iataCode":"006","abrev":"DL","name":"DelXX XXX XXXXX XXX.","id":6772484854},"bsp":{"isoCountryCode":"CH","name":"SWIT","id":6772}},{"agent":{"iataCode":"8129862","address":"BAHXXXXXXXXXXX 99","city":"Biel","name":"BTA XXXXX","id":67728129862,"status":"Active"},"ticketingAuthority":true,"airline":{"iataCode":"006","abrev":"DL","name":"DelXX XXX XXXXX XXX.","id":6772484854},"bsp":{"isoCountryCode":"CH","name":"SWIT","id":6772}},{"agent":{"iataCode":"8129903","address":"PETXX XXXXXX-XXXXXXX 99","city":"BASLE","name":"LAMXXXXXX XXXXXXXXX X.X.","id":67728129903,"status":"Non Active"},"ticketingAuthority":true,"airline":{"iataCode":"006","abrev":"DL","name":"DelXX XXX XXXXX XXX.","id":6772484854},"bsp":{"isoCountryCode":"CH","name":"SWIT","id":6772}},{"agent":{"iataCode":"8129914","address":"BaeXXXXXXX 99","city":"Zurich","name":"HRG XXXXXXXXXXX","id":67728129914,"status":"Active"},"ticketingAuthority":true,"airline":{"iataCode":"006","abrev":"DL","name":"DelXX XXX XXXXX XXX.","id":6772484854},"bsp":{"isoCountryCode":"CH","name":"SWIT","id":6772}},{"agent":{"iataCode":"8129921","address":"KASXXX XXX.99","city":"Aarau","name":"PUTXXX XXXX","id":67728129921,"status":"Active"},"ticketingAuthority":true,"airline":{"iataCode":"006","abrev":"DL","name":"DelXX XXX XXXXX XXX.","id":6772484854},"bsp":{"isoCountryCode":"CH","name":"SWIT","id":6772}},{"agent":{"iataCode":"8148000","address":"WeiXXXXXXXX 9","city":"Seuzach","name":"","id":67728148000,"status":"Active"},"ticketingAuthority":true,"airline":{"iataCode":"006","abrev":"DL","name":"DelXX XXX XXXXX XXX.","id":6772484854},"bsp":{"isoCountryCode":"CH","name":"SWIT","id":6772}},{"agent":{"iataCode":"8148001","address":"1-3 XXX XXXXXXXXXXXX","city":"Geneva","name":"AVIXXXXX","id":67728148001,"status":"Active"},"ticketingAuthority":true,"airline":{"iataCode":"006","abrev":"DL","name":"DelXX XXX XXXXX XXX.","id":6772484854},"bsp":{"isoCountryCode":"CH","name":"SWIT","id":6772}},{"agent":{"iataCode":"8148004","address":"PETXX XXXXXXXXX.9","city":"Basel","name":"AIRXXXXXX X.X.","id":67728148004,"status":"Active"},"ticketingAuthority":true,"airline":{"iataCode":"006","abrev":"DL","name":"DelXX XXX XXXXX XXX.","id":6772484854},"bsp":{"isoCountryCode":"CH","name":"SWIT","id":6772}},{"agent":{"iataCode":"8148006","address":"BERXXXXXXX. 99","city":"Zurich","name":"KALXX XXXXXXX XXXXXXXX XXXX","id":67728148006,"status":"Active"},"ticketingAuthority":true,"airline":{"iataCode":"006","abrev":"DL","name":"DelXX XXX XXXXX XXX.","id":6772484854},"bsp":{"isoCountryCode":"CH","name":"SWIT","id":6772}},{"agent":{"iataCode":"8148007","address":"AckXXXXXXXXX 99","city":"Zurich","name":"AsiXX XXXX XXXXXXX XXXX","id":67728148007,"status":"Active"},"ticketingAuthority":true,"airline":{"iataCode":"006","abrev":"DL","name":"DelXX XXX XXXXX XXX.","id":6772484854},"bsp":{"isoCountryCode":"CH","name":"SWIT","id":6772}},{"agent":{"iataCode":"8148008","address":"ROUXX XX X'XXXXXXXX 99","city":"Geneva","name":"AIRXXXX XXXXXXXX XXXXXXXXXXX X","id":67728148008,"status":"Active"},"ticketingAuthority":true,"airline":{"iataCode":"006","abrev":"DL","name":"DelXX XXX XXXXX XXX.","id":6772484854},"bsp":{"isoCountryCode":"CH","name":"SWIT","id":6772}},{"agent":{"iataCode":"8148010","address":"16, XXX XX XXXX-XXXXX","city":"Geneva","name":"PAUX XXXXX X.X.","id":67728148010,"status":"Active"},"ticketingAuthority":true,"airline":{"iataCode":"006","abrev":"DL","name":"DelXX XXX XXXXX XXX.","id":6772484854},"bsp":{"isoCountryCode":"CH","name":"SWIT","id":6772}},{"agent":{"iataCode":"8148020","address":"OFFXXX XXXX X9 X.X. XXX 999","city":"Zurich","name":"TRIXXXX XXXXXXXX XXX","id":67728148020,"status":"Active"},"ticketingAuthority":true,"airline":{"iataCode":"006","abrev":"DL","name":"DelXX XXX XXXXX XXX.","id":6772484854},"bsp":{"isoCountryCode":"CH","name":"SWIT","id":6772}},{"agent":{"iataCode":"8148023","address":"FLUXXXXXXXXXXX 99","city":"Glattbrugg","name":"AIRXXXX XXXXXXXX XXXXXXXXXXX X","id":67728148023,"status":"Active"},"ticketingAuthority":true,"airline":{"iataCode":"006","abrev":"DL","name":"DelXX XXX XXXXX XXX.","id":6772484854},"bsp":{"isoCountryCode":"CH","name":"SWIT","id":6772}},{"agent":{"iataCode":"8148030","address":"INDXXXXXX XXXX 9","city":"Merenschwand","name":"EURXX XX XXXXXXX","id":67728148030,"status":"Active"},"ticketingAuthority":true,"airline":{"iataCode":"006","abrev":"DL","name":"DelXX XXX XXXXX XXX.","id":6772484854},"bsp":{"isoCountryCode":"CH","name":"SWIT","id":6772}},{"agent":{"iataCode":"8148031","address":"P.O. XXX 999","city":"ZURICH","name":"AIRXXXXXX XXX","id":67728148031,"status":"Active"},"ticketingAuthority":true,"airline":{"iataCode":"006","abrev":"DL","name":"DelXX XXX XXXXX XXX.","id":6772484854},"bsp":{"isoCountryCode":"CH","name":"SWIT","id":6772}},{"agent":{"iataCode":"8148039","address":"CARXX XXXX 9/X99 X.X. XXX 9999","city":"Geneva","name":"SKY XXXX XXXXXXXX XXXXXXX XX","id":67728148039,"status":"Active"},"ticketingAuthority":true,"airline":{"iataCode":"006","abrev":"DL","name":"DelXX XXX XXXXX XXX.","id":6772484854},"bsp":{"isoCountryCode":"CH","name":"SWIT","id":6772}},{"agent":{"iataCode":"8148040","address":"BADXXXXXXXXXXX 99","city":"Zurich","name":"AVIXXXXX","id":67728148040,"status":"Active"},"ticketingAuthority":true,"airline":{"iataCode":"006","abrev":"DL","name":"DelXX XXX XXXXX XXX.","id":6772484854},"bsp":{"isoCountryCode":"CH","name":"SWIT","id":6772}},{"agent":{"iataCode":"8148043","address":"LOEXXXXXXXXXX 99","city":"Zurich","name":"KOVXX","id":67728148043,"status":"Active"},"ticketingAuthority":true,"airline":{"iataCode":"006","abrev":"DL","name":"DelXX XXX XXXXX XXX.","id":6772484854},"bsp":{"isoCountryCode":"CH","name":"SWIT","id":6772}},{"agent":{"iataCode":"8148048","address":"FRAXXX-XXXXXXXX 9/999","city":"Zurich","name":"IBEXXX, XXXXXX XXXXXX XX","id":67728148048,"status":"Active"},"ticketingAuthority":true,"airline":{"iataCode":"006","abrev":"DL","name":"DelXX XXX XXXXX XXX.","id":6772484854},"bsp":{"isoCountryCode":"CH","name":"SWIT","id":6772}},{"agent":{"iataCode":"8148049","address":"FLOXXXXXXXXX 99","city":"Zurich","name":"ARKXX XXXXXX XX","id":67728148049,"status":"Active"},"ticketingAuthority":true,"airline":{"iataCode":"006","abrev":"DL","name":"DelXX XXX XXXXX XXX.","id":6772484854},"bsp":{"isoCountryCode":"CH","name":"SWIT","id":6772}},{"agent":{"iataCode":"8148051","address":"23 XXX XX XXXXXXXXXXXX","city":"Geneva","name":"TOP XXX XXXXXX","id":67728148051,"status":"Active"},"ticketingAuthority":true,"airline":{"iataCode":"006","abrev":"DL","name":"DelXX XXX XXXXX XXX.","id":6772484854},"bsp":{"isoCountryCode":"CH","name":"SWIT","id":6772}},{"agent":{"iataCode":"8148053","address":"GENXXX XXXXXXXXXXXX XXXXXXX","city":"Geneva","name":"A.T.X. XXXXXXX XXX","id":67728148053,"status":"Active"},"ticketingAuthority":true,"airline":{"iataCode":"006","abrev":"DL","name":"DelXX XXX XXXXX XXX.","id":6772484854},"bsp":{"isoCountryCode":"CH","name":"SWIT","id":6772}},{"agent":{"iataCode":"8148054","address":"OFFXXX XXXXXXXX XXXXX X.X.XXX","city":"Zurich","name":"KALXX XXXXXXX XXXXXXXX","id":67728148054,"status":"Active"},"ticketingAuthority":true,"airline":{"iataCode":"006","abrev":"DL","name":"DelXX XXX XXXXX XXX.","id":6772484854},"bsp":{"isoCountryCode":"CH","name":"SWIT","id":6772}},{"agent":{"iataCode":"8148060","address":"12 XXX XX XXXXXXXXXXXX","city":"Geneva","name":"SYSXXX XXXXXX X.X.","id":67728148060,"status":"Active"},"ticketingAuthority":true,"airline":{"iataCode":"006","abrev":"DL","name":"DelXX XXX XXXXX XXX.","id":6772484854},"bsp":{"isoCountryCode":"CH","name":"SWIT","id":6772}},{"agent":{"iataCode":"8148061","address":"GENXXX XXXXXXXXXXXXX XXXXXXX","city":"Geneva","name":"ATI- XXXXXXX &","id":67728148061,"status":"Active"},"ticketingAuthority":true,"airline":{"iataCode":"006","abrev":"DL","name":"DelXX XXX XXXXX XXX.","id":6772484854},"bsp":{"isoCountryCode":"CH","name":"SWIT","id":6772}},{"agent":{"iataCode":"8148067","address":"NADXXXXXXXXXXX 99","city":"Zurich","name":"AVIXXXXX XXXXXXX","id":67728148067,"status":"Active"},"ticketingAuthority":true,"airline":{"iataCode":"006","abrev":"DL","name":"DelXX XXX XXXXX XXX.","id":6772484854},"bsp":{"isoCountryCode":"CH","name":"SWIT","id":6772}},{"agent":{"iataCode":"8148069","address":"BADXXXXXXXXXXX 99","city":"Zurich","name":"PW","id":67728148069,"status":"Active"},"ticketingAuthority":true,"airline":{"iataCode":"006","abrev":"DL","name":"DelXX XXX XXXXX XXX.","id":6772484854},"bsp":{"isoCountryCode":"CH","name":"SWIT","id":6772}},{"agent":{"iataCode":"8148071","address":"SCHXXXXXXXXXXXXXXXX 999","city":"Kloten","name":"APG XXXXXXXXXXX XXXX","id":67728148071,"status":"Active"},"ticketingAuthority":true,"airline":{"iataCode":"006","abrev":"DL","name":"DelXX XXX XXXXX XXX.","id":6772484854},"bsp":{"isoCountryCode":"CH","name":"SWIT","id":6772}},{"agent":{"iataCode":"8148072","address":"AERXXXXX 9XXX XXXX XXXXXXX 999","city":"Geneva","name":"SWIXXXXXX","id":67728148072,"status":"Active"},"ticketingAuthority":true,"airline":{"iataCode":"006","abrev":"DL","name":"DelXX XXX XXXXX XXX.","id":6772484854},"bsp":{"isoCountryCode":"CH","name":"SWIT","id":6772}},{"agent":{"iataCode":"8148074","address":"BADXXXXXXXXXXX 99","city":"Zurich","name":"AVIXXXXX XXXXXXXXXXX","id":67728148074,"status":"Active"},"ticketingAuthority":true,"airline":{"iataCode":"006","abrev":"DL","name":"DelXX XXX XXXXX XXX.","id":6772484854},"bsp":{"isoCountryCode":"CH","name":"SWIT","id":6772}},{"agent":{"iataCode":"8148075","address":"BREXXXXXXXXXXXXXX 99","city":"Merenschwand","name":"DISXXXXX XXX XXXXX XXXXXXXXX","id":67728148075,"status":"Active"},"ticketingAuthority":true,"airline":{"iataCode":"006","abrev":"DL","name":"DelXX XXX XXXXX XXX.","id":6772484854},"bsp":{"isoCountryCode":"CH","name":"SWIT","id":6772}},{"agent":{"iataCode":"8148077","address":"BADXXXXXXXXXXX 99","city":"Zurich","name":"AIRXXXXXXXXXX XXXXXXX XXXX XXX","id":67728148077,"status":"Active"},"ticketingAuthority":true,"airline":{"iataCode":"006","abrev":"DL","name":"DelXX XXX XXXXX XXX.","id":6772484854},"bsp":{"isoCountryCode":"CH","name":"SWIT","id":6772}},{"agent":{"iataCode":"8148078","address":"ZURXXX XXXXXXX","city":"Zurich","name":"CGS","id":67728148078,"status":"Active"},"ticketingAuthority":true,"airline":{"iataCode":"006","abrev":"DL","name":"DelXX XXX XXXXX XXX.","id":6772484854},"bsp":{"isoCountryCode":"CH","name":"SWIT","id":6772}},{"agent":{"iataCode":"8148133","address":"CENXXXXXXXXXXXXXXX 9","city":"Basel","name":"RECX-XXXXXXX XXXX XXX","id":67728148133,"status":"Active"},"ticketingAuthority":true,"airline":{"iataCode":"006","abrev":"DL","name":"DelXX XXX XXXXX XXX.","id":6772484854},"bsp":{"isoCountryCode":"CH","name":"SWIT","id":6772}},{"agent":{"iataCode":"8148236","address":"SeeXXXXXXX 99","city":"Kilchberg","name":"DisXXXXX XXX XXXXX XXXX","id":67728148236,"status":"Active"},"ticketingAuthority":true,"airline":{"iataCode":"006","abrev":"DL","name":"DelXX XXX XXXXX XXX.","id":6772484854},"bsp":{"isoCountryCode":"CH","name":"SWIT","id":6772}},{"agent":{"iataCode":"8148241","address":"FREXXXX XXXX X99 X.X.XXX 9999","city":"Geneva","name":"RTW XXX XXXXXXXX XX","id":67728148241,"status":"Active"},"ticketingAuthority":true,"airline":{"iataCode":"006","abrev":"DL","name":"DelXX XXX XXXXX XXX.","id":6772484854},"bsp":{"isoCountryCode":"CH","name":"SWIT","id":6772}},{"agent":{"iataCode":"8148345","address":"OBEXXXXXX 9","city":"Oberwil","name":"ATC XXXXXXXX XXXXXXXX XXX","id":67728148345,"status":"Active"},"ticketingAuthority":true,"airline":{"iataCode":"006","abrev":"DL","name":"DelXX XXX XXXXX XXX.","id":6772484854},"bsp":{"isoCountryCode":"CH","name":"SWIT","id":6772}},{"agent":{"iataCode":"8148840","address":"CARXX XXXXXXXX 9/XX9 X.X. XXX","city":"Geneva","name":"ATC XXXXXXXX XXXXXXXX XXX","id":67728148840,"status":"Active"},"ticketingAuthority":true,"airline":{"iataCode":"006","abrev":"DL","name":"DelXX XXX XXXXX XXX.","id":6772484854},"bsp":{"isoCountryCode":"CH","name":"SWIT","id":6772}},{"agent":{"iataCode":"8149077","address":"TERXXXXX 9 X.X.XXX XXXXXX","city":"Zurich","name":"SWIXXXXXX XXXXXX XX","id":67728149077,"status":"Active"},"ticketingAuthority":true,"airline":{"iataCode":"006","abrev":"DL","name":"DelXX XXX XXXXX XXX.","id":6772484854},"bsp":{"isoCountryCode":"CH","name":"SWIT","id":6772}},{"agent":{"iataCode":"8149079","address":"P.O.XXX","city":"Basel","name":"SWIXX XXXXX XXXXX","id":67728149079,"status":"Active"},"ticketingAuthority":true,"airline":{"iataCode":"006","abrev":"DL","name":"DelXX XXX XXXXX XXX.","id":6772484854},"bsp":{"isoCountryCode":"CH","name":"SWIT","id":6772}},{"agent":{"iataCode":"8149116","address":"INDXXXXXX XXXX 9","city":"Merenschwand","name":"DISXXXXX XXX XXXXX XXXXXXXXX","id":67728149116,"status":"Active"},"ticketingAuthority":true,"airline":{"iataCode":"006","abrev":"DL","name":"DelXX XXX XXXXX XXX.","id":6772484854},"bsp":{"isoCountryCode":"CH","name":"SWIT","id":6772}},{"agent":{"iataCode":"8149119","address":"GENXXX XXXXXXXXXXXXX XXXXXXX","city":"Geneva","name":"DNAXX XXXXXXXXXXX XX","id":67728149119,"status":"Active"},"ticketingAuthority":true,"airline":{"iataCode":"006","abrev":"DL","name":"DelXX XXX XXXXX XXX.","id":6772484854},"bsp":{"isoCountryCode":"CH","name":"SWIT","id":6772}},{"agent":{"iataCode":"8149120","address":"GROXXX XXXXXXXX XXXXX XXXXXX","city":"Zurich","name":"CUSXXXXX XXXXXX XXXXXXXX","id":67728149120,"status":"Active"},"ticketingAuthority":true,"airline":{"iataCode":"006","abrev":"DL","name":"DelXX XXX XXXXX XXX.","id":6772484854},"bsp":{"isoCountryCode":"CH","name":"SWIT","id":6772}},{"agent":{"iataCode":"8149122","address":"GENXXX XXXXXXX","city":"Geneva","name":"CGS","id":67728149122,"status":"Active"},"ticketingAuthority":true,"airline":{"iataCode":"006","abrev":"DL","name":"DelXX XXX XXXXX XXX.","id":6772484854},"bsp":{"isoCountryCode":"CH","name":"SWIT","id":6772}},{"agent":{"iataCode":"8149125","address":"CENXXXX XXXXXXXX X.X. XXX 999","city":"Kloten","name":"DNAXX XXXXXXXXXXX XXX","id":67728149125,"status":"Active"},"ticketingAuthority":true,"airline":{"iataCode":"006","abrev":"DL","name":"DelXX XXX XXXXX XXX.","id":6772484854},"bsp":{"isoCountryCode":"CH","name":"SWIT","id":6772}},{"agent":{"iataCode":"8149126","address":"FLUXXXXXXXXXXX 99","city":"Glattbrugg","name":"SWIXXXXXX XXXXXXXXXXXXX XXX","id":67728149126,"status":"Active"},"ticketingAuthority":true,"airline":{"iataCode":"006","abrev":"DL","name":"DelXX XXX XXXXX XXX.","id":6772484854},"bsp":{"isoCountryCode":"CH","name":"SWIT","id":6772}},{"agent":{"iataCode":"8149130","address":"ZURXXX XXXXXXX","city":"Zurich","name":"SWIXXXXXX XXXXXXXXXXXXX XXX","id":67728149130,"status":"Active"},"ticketingAuthority":true,"airline":{"iataCode":"006","abrev":"DL","name":"DelXX XXX XXXXX XXX.","id":6772484854},"bsp":{"isoCountryCode":"CH","name":"SWIT","id":6772}},{"agent":{"iataCode":"8149131","address":"ZURXXX-XXXXXXX XX XXX 99","city":"Zurich","name":"CGS XXXXXXXX XXXXXX XXXXXXX XX","id":67728149131,"status":"Active"},"ticketingAuthority":true,"airline":{"iataCode":"006","abrev":"DL","name":"DelXX XXX XXXXX XXX.","id":6772484854},"bsp":{"isoCountryCode":"CH","name":"SWIT","id":6772}},{"agent":{"iataCode":"8149462","address":"BOX 9999 XXXXXX XXXXXXX XXXX.","city":"Zurich","name":"JET XXXXXXXX XXXXXXXX XXX","id":67728149462,"status":"Active"},"ticketingAuthority":true,"airline":{"iataCode":"006","abrev":"DL","name":"DelXX XXX XXXXX XXX.","id":6772484854},"bsp":{"isoCountryCode":"CH","name":"SWIT","id":6772}},{"agent":{"iataCode":"8812077","address":"WWW.XXXXXXXXXXXXX.XXX","city":"BERN","name":"ALTXXXX XXXXXX XX.X.X.","id":67728812077,"status":"Non Active"},"ticketingAuthority":true,"airline":{"iataCode":"006","abrev":"DL","name":"DelXX XXX XXXXX XXX.","id":6772484854},"bsp":{"isoCountryCode":"CH","name":"SWIT","id":6772}}]

04-10-2024T15:57:27 - [MESSAGE][INFO] - [{"agent":{"iataCode":"2830001","address":"ADD","city":"ADD","name":"NAME","id":67722830001,"status":"Active"},"ticketingAuthority":true,"airline":{"iataCode":"006","abrev":"DL","name":"DelXX XXX XXXXX XXX.","id":6772484854},"bsp":{"isoCountryCode":"CH","name":"SWIT","id":6772}},{"agent":{"iataCode":"4620986","address":"LANXXXXXXXX","city":"Vaduz","name":"JOJX XXXXXX","id":67724620986,"status":"Active"},"ticketingAuthority":true,"airline":{"iataCode":"006","abrev":"DL","name":"DelXX XXX XXXXX XXX.","id":6772484854},"bsp":{"isoCountryCode":"CH","name":"SWIT","id":6772}},{"agent":{"iataCode":"7777772","address":"SDFSF","city":"SDDSF","name":"SDSAD","id":67727777772,"status":"Active"},"ticketingAuthority":true,"airline":{"iataCode":"006","abrev":"DL","name":"DelXX XXX XXXXX XXX.","id":6772484854},"bsp":{"isoCountryCode":"CH","name":"SWIT","id":6772}},{"agent":{"iataCode":"7777773","address":"SDSAD","city":"SDSD","name":"SASAD","id":67727777773,"status":"Active"},"ticketingAuthority":true,"airline":{"iataCode":"006","abrev":"DL","name":"DelXX XXX XXXXX XXX.","id":6772484854},"bsp":{"isoCountryCode":"CH","name":"SWIT","id":6772}},{"agent":{"iataCode":"7777774","address":"SDFSF","city":"SDFDSFS","name":"SDFDSFDSF","id":67727777774,"status":"Active"},"ticketingAuthority":true,"airline":{"iataCode":"006","abrev":"DL","name":"DelXX XXX XXXXX XXX.","id":6772484854},"bsp":{"isoCountryCode":"CH","name":"SWIT","id":6772}},{"agent":{"iataCode":"7777775","address":"SDFDS","city":"SDFDSF","name":"DSFDSFD","id":67727777775,"status":"Active"},"ticketingAuthority":true,"airline":{"iataCode":"006","abrev":"DL","name":"DelXX XXX XXXXX XXX.","id":6772484854},"bsp":{"isoCountryCode":"CH","name":"SWIT","id":6772}},{"agent":{"iataCode":"8120000","address":"","city":"GENEVA","name":"BSP XXXXXXXXXXX XXXX","id":67728120000,"status":"Non Active"},"ticketingAuthority":true,"airline":{"iataCode":"006","abrev":"DL","name":"DelXX XXX XXXXX XXX.","id":6772484854},"bsp":{"isoCountryCode":"CH","name":"SWIT","id":6772}},{"agent":{"iataCode":"8120002","address":"BleXXXXXXXX 99","city":"Zurich","name":"AGRXX XXXXXX","id":67728120002,"status":"Active"},"ticketingAuthority":true,"airline":{"iataCode":"006","abrev":"DL","name":"DelXX XXX XXXXX XXX.","id":6772484854},"bsp":{"isoCountryCode":"CH","name":"SWIT","id":6772}},{"agent":{"iataCode":"8120004","address":"TUNXXX 99","city":"Lausanne","name":"MICXXXXXXX","id":67728120004,"status":"Active"},"ticketingAuthority":true,"airline":{"iataCode":"006","abrev":"DL","name":"DelXX XXX XXXXX XXX.","id":6772484854},"bsp":{"isoCountryCode":"CH","name":"SWIT","id":6772}},{"agent":{"iataCode":"8120012","address":"VIA XX XXXXX 9","city":"LUGANO","name":"ATG XXXXXXXXXXX","id":67728120012,"status":"Active"},"ticketingAuthority":true,"airline":{"iataCode":"006","abrev":"DL","name":"DelXX XXX XXXXX XXX.","id":6772484854},"bsp":{"isoCountryCode":"CH","name":"SWIT","id":6772}},{"agent":{"iataCode":"8120013","address":"QUAX XX XXXXXX 99","city":"GENEVA","name":"DELXX XXXXXXX","id":67728120013,"status":"Active"},"ticketingAuthority":true,"airline":{"iataCode":"006","abrev":"DL","name":"DelXX XXX XXXXX XXX.","id":6772484854},"bsp":{"isoCountryCode":"CH","name":"SWIT","id":6772}},{"agent":{"iataCode":"8120017","address":"NEUX XXXX 9","city":"Zurich","name":"MICXXXXXXX","id":67728120017,"status":"Active"},"ticketingAuthority":true,"airline":{"iataCode":"006","abrev":"DL","name":"DelXX XXX XXXXX XXX.","id":6772484854},"bsp":{"isoCountryCode":"CH","name":"SWIT","id":6772}},{"agent":{"iataCode":"8120019","address":"NEUX XXXX 9","city":"Zurich","name":"KUOXX XXXXXX","id":67728120019,"status":"Active"},"ticketingAuthority":true,"airline":{"iataCode":"006","abrev":"DL","name":"DelXX XXX XXXXX XXX.","id":6772484854},"bsp":{"isoCountryCode":"CH","name":"SWIT","id":6772}},{"agent":{"iataCode":"8120022","address":"QUAXXXXXXXXXX 99","city":"Chur","name":"REIXXXXXXX XXXXXXXXX XX XXXX","id":67728120022,"status":"Active"},"ticketingAuthority":true,"airline":{"iataCode":"006","abrev":"DL","name":"DelXX XXX XXXXX XXX.","id":6772484854},"bsp":{"isoCountryCode":"CH","name":"SWIT","id":6772}},{"agent":{"iataCode":"8120023","address":"C/O XXXXX XXXXXXX 99, XXX XX","city":"GENEVA","name":"TUI XXXXXX XX XXXXXXX","id":67728120023,"status":"Active"},"ticketingAuthority":true,"airline":{"iataCode":"006","abrev":"DL","name":"DelXX XXX XXXXX XXX.","id":6772484854},"bsp":{"isoCountryCode":"CH","name":"SWIT","id":6772}},{"agent":{"iataCode":"8120024","address":"EUCXXXXXXXX XXXXXX XXXXX XX","city":"GENEVA","name":"RAPXXX XXX XXXXXX","id":67728120024,"status":"Active"},"ticketingAuthority":true,"airline":{"iataCode":"006","abrev":"DL","name":"DelXX XXX XXXXX XXX.","id":6772484854},"bsp":{"isoCountryCode":"CH","name":"SWIT","id":6772}},{"agent":{"iataCode":"8120025","address":"9 RXXXX XX XXXXX XXXXXX","city":"NYON","name":"CWT","id":67728120025,"status":"Active"},"ticketingAuthority":true,"airline":{"iataCode":"006","abrev":"DL","name":"DelXX XXX XXXXX XXX.","id":6772484854},"bsp":{"isoCountryCode":"CH","name":"SWIT","id":6772}},{"agent":{"iataCode":"8120028","address":"FaeXXXXXXXXXXX 9","city":"Zurich","name":"COSX XXXXXX XXX","id":67728120028,"status":"Active"},"ticketingAuthority":true,"airline":{"iataCode":"006","abrev":"DL","name":"DelXX XXX XXXXX XXX.","id":6772484854},"bsp":{"isoCountryCode":"CH","name":"SWIT","id":6772}},{"agent":{"iataCode":"8120030","address":"JOSXXXXXXXXX 999","city":"Zurich","name":"CWT - XXXXXXXXXXXXXXXXXX X.X.","id":67728120030,"status":"Active"},"ticketingAuthority":true,"airline":{"iataCode":"006","abrev":"DL","name":"DelXX XXX XXXXX XXX.","id":6772484854},"bsp":{"isoCountryCode":"CH","name":"SWIT","id":6772}},{"agent":{"iataCode":"8120033","address":"ST XXXXXXXXXXXXX 99","city":"Gossau","name":"HELXXXXX XXXXXX XX","id":67728120033,"status":"Active"},"ticketingAuthority":true,"airline":{"iataCode":"006","abrev":"DL","name":"DelXX XXX XXXXX XXX.","id":6772484854},"bsp":{"isoCountryCode":"CH","name":"SWIT","id":6772}},{"agent":{"iataCode":"8120034","address":"FRIXXXXXXXXXXXXXXX 99","city":"Zurich","name":"SPEXXXX XXXXX","id":67728120034,"status":"Active"},"ticketingAuthority":true,"airline":{"iataCode":"006","abrev":"DL","name":"DelXX XXX XXXXX XXX.","id":6772484854},"bsp":{"isoCountryCode":"CH","name":"SWIT","id":6772}},{"agent":{"iataCode":"8120036","address":"BaeXXXXXXX 99","city":"Zurich","name":"GBT XXX XX","id":67728120036,"status":"Active"},"ticketingAuthority":true,"airline":{"iataCode":"006","abrev":"DL","name":"DelXX XXX XXXXX XXX.","id":6772484854},"bsp":{"isoCountryCode":"CH","name":"SWIT","id":6772}},{"agent":{"iataCode":"8120042","address":"DORXXXXXXXX 99","city":"Langnau","name":"REIXXXXXXX XXXX XX","id":67728120042,"status":"Active"},"ticketingAuthority":true,"airline":{"iataCode":"006","abrev":"DL","name":"DelXX XXX XXXXX XXX.","id":6772484854},"bsp":{"isoCountryCode":"CH","name":"SWIT","id":6772}},{"agent":{"iataCode":"8120044","address":"CENXXXXXXXXXXX 9X","city":"Sursee","name":"KUOXX XXXXXX","id":67728120044,"status":"Active"},"ticketingAuthority":true,"airline":{"iataCode":"006","abrev":"DL","name":"DelXX XXX XXXXX XXX.","id":6772484854},"bsp":{"isoCountryCode":"CH","name":"SWIT","id":6772}},{"agent":{"iataCode":"8120046","address":"BADXXXXXXXXXXX 99/XXXXXXXX","city":"WEININGEN","name":"KAIXXX XXXXXX XX","id":67728120046,"status":"Active"},"ticketingAuthority":true,"airline":{"iataCode":"006","abrev":"DL","name":"DelXX XXX XXXXX XXX.","id":6772484854},"bsp":{"isoCountryCode":"CH","name":"SWIT","id":6772}},{"agent":{"iataCode":"8120047","address":"PLAXX XXXXXXXXX 99","city":"Lausanne","name":"VOYXXXX XXX XXXX","id":67728120047,"status":"Active"},"ticketingAuthority":true,"airline":{"iataCode":"006","abrev":"DL","name":"DelXX XXX XXXXX XXX.","id":6772484854},"bsp":{"isoCountryCode":"CH","name":"SWIT","id":6772}},{"agent":{"iataCode":"8120054","address":"GRAXXX XXXXX 9","city":"Vevey","name":"VOYXXXX XXX XXXX","id":67728120054,"status":"Active"},"ticketingAuthority":true,"airline":{"iataCode":"006","abrev":"DL","name":"DelXX XXX XXXXX XXX.","id":6772484854},"bsp":{"isoCountryCode":"CH","name":"SWIT","id":6772}},{"agent":{"iataCode":"8120060","address":"BAHXXXXXXXXXXX 99","city":"Dubendorf","name":"PASXXXX XXXXXX XX XXXXXXXXXX","id":67728120060,"status":"Active"},"ticketingAuthority":true,"airline":{"iataCode":"006","abrev":"DL","name":"DelXX XXX XXXXX XXX.","id":6772484854},"bsp":{"isoCountryCode":"CH","name":"SWIT","id":6772}},{"agent":{"iataCode":"8120065","address":"AVEXXX XX XX XXXX 9","city":"Sierre","name":"LATXXXX XXXXXXX XX XXXXXXXXXX","id":67728120065,"status":"Active"},"ticketingAuthority":true,"airline":{"iataCode":"006","abrev":"DL","name":"DelXX XXX XXXXX XXX.","id":6772484854},"bsp":{"isoCountryCode":"CH","name":"SWIT","id":6772}},{"agent":{"iataCode":"8120066","address":"SEEXXXXXXX 9","city":"Spiez","name":"REIXXXXXXX XXX XX","id":67728120066,"status":"Active"},"ticketingAuthority":true,"airline":{"iataCode":"006","abrev":"DL","name":"DelXX XXX XXXXX XXX.","id":6772484854},"bsp":{"isoCountryCode":"CH","name":"SWIT","id":6772}},{"agent":{"iataCode":"8120071","address":"BAEXXXXXXXXXXX 99","city":"Langenthal","name":"REIXXXXXXX XXXXXX XX","id":67728120071,"status":"Active"},"ticketingAuthority":true,"airline":{"iataCode":"006","abrev":"DL","name":"DelXX XXX XXXXX XXX.","id":6772484854},"bsp":{"isoCountryCode":"CH","name":"SWIT","id":6772}},{"agent":{"iataCode":"8120074","address":"22 XXXXXX XX. XXXXXXX","city":"GENEVA","name":"I.C.X. XXXXXXXXX & XXXXXXXXXX","id":67728120074,"status":"Active"},"ticketingAuthority":true,"airline":{"iataCode":"006","abrev":"DL","name":"DelXX XXX XXXXX XXX.","id":6772484854},"bsp":{"isoCountryCode":"CH","name":"SWIT","id":6772}},{"agent":{"iataCode":"8120075","address":"ZINXXXXXXXXXXXXXX 9","city":"Lucerne","name":"BAUXXXXX XXXXXX XX","id":67728120075,"status":"Active"},"ticketingAuthority":true,"airline":{"iataCode":"006","abrev":"DL","name":"DelXX XXX XXXXX XXX.","id":6772484854},"bsp":{"isoCountryCode":"CH","name":"SWIT","id":6772}},{"agent":{"iataCode":"8120087","address":"STAXXXXXXXXXXXXXXX 99","city":"Zurich","name":"STA XXXXXX XX","id":67728120087,"status":"Active"},"ticketingAuthority":true,"airline":{"iataCode":"006","abrev":"DL","name":"DelXX XXX XXXXX XXX.","id":6772484854},"bsp":{"isoCountryCode":"CH","name":"SWIT","id":6772}},{"agent":{"iataCode":"8120089","address":"HOHXXXXXXXX 999","city":"Zurich","name":"CryXXXX XXXXXX XX","id":67728120089,"status":"Active"},"ticketingAuthority":true,"airline":{"iataCode":"006","abrev":"DL","name":"DelXX XXX XXXXX XXX.","id":6772484854},"bsp":{"isoCountryCode":"CH","name":"SWIT","id":6772}},{"agent":{"iataCode":"8120091","address":"JOSXXXXXXXXX, 999","city":"Zurich","name":"CWT - XXXXXXXXXXXXXXXXXX X.X.","id":67728120091,"status":"Active"},"ticketingAuthority":true,"airline":{"iataCode":"006","abrev":"DL","name":"DelXX XXX XXXXX XXX.","id":6772484854},"bsp":{"isoCountryCode":"CH","name":"SWIT","id":6772}},{"agent":{"iataCode":"8120092","address":"STAXXXXXXXXX 99","city":"Winterthur","name":"KNEXXX XXXXXX XX","id":67728120092,"status":"Active"},"ticketingAuthority":true,"airline":{"iataCode":"006","abrev":"DL","name":"DelXX XXX XXXXX XXX.","id":6772484854},"bsp":{"isoCountryCode":"CH","name":"SWIT","id":6772}},{"agent":{"iataCode":"8120093","address":"NEUXXXXX 9","city":"Zug","name":"CWT - XXXXXXXXXXXXXXXXXX X.X.","id":67728120093,"status":"Active"},"ticketingAuthority":true,"airline":{"iataCode":"006","abrev":"DL","name":"DelXX XXX XXXXX XXX.","id":6772484854},"bsp":{"isoCountryCode":"CH","name":"SWIT","id":6772}},{"agent":{"iataCode":"8120095","address":"THUXXXXXXXXXXXXX 99","city":"Zurich","name":"BCD XXXXXX XXXXXX XX","id":67728120095,"status":"Active"},"ticketingAuthority":true,"airline":{"iataCode":"006","abrev":"DL","name":"DelXX XXX XXXXX XXX.","id":6772484854},"bsp":{"isoCountryCode":"CH","name":"SWIT","id":6772}},{"agent":{"iataCode":"8120096","address":"SEEXXXXXXX, 99","city":"Kilchberg","name":"REIXXXXXXX XXXXX XXXX XX","id":67728120096,"status":"Active"},"ticketingAuthority":true,"airline":{"iataCode":"006","abrev":"DL","name":"DelXX XXX XXXXX XXX.","id":6772484854},"bsp":{"isoCountryCode":"CH","name":"SWIT","id":6772}},{"agent":{"iataCode":"8120097","address":"SCHXXXXXXXXXXXXXXXX 999","city":"Kloten","name":"ROYXX XXXXXX","id":67728120097,"status":"Active"},"ticketingAuthority":true,"airline":{"iataCode":"006","abrev":"DL","name":"DelXX XXX XXXXX XXX.","id":6772484854},"bsp":{"isoCountryCode":"CH","name":"SWIT","id":6772}},{"agent":{"iataCode":"8120099","address":"BAHXXXXXXXXXXX 99","city":"Utzenstorf","name":"REIXXXXXXX XXXX","id":67728120099,"status":"Active"},"ticketingAuthority":true,"airline":{"iataCode":"006","abrev":"DL","name":"DelXX XXX XXXXX XXX.","id":6772484854},"bsp":{"isoCountryCode":"CH","name":"SWIT","id":6772}},{"agent":{"iataCode":"8120101","address":"UNTXXX XXXXXXXXXXXXXX 9","city":"Wil","name":"RewX XXXXXX","id":67728120101,"status":"Active"},"ticketingAuthority":true,"airline":{"iataCode":"006","abrev":"DL","name":"DelXX XXX XXXXX XXX.","id":6772484854},"bsp":{"isoCountryCode":"CH","name":"SWIT","id":6772}},{"agent":{"iataCode":"8120104","address":"RUE XX XX XXXX 9","city":"Lausanne","name":"L'AXXXXXX XX XXXXXX","id":67728120104,"status":"Active"},"ticketingAuthority":true,"airline":{"iataCode":"006","abrev":"DL","name":"DelXX XXX XXXXX XXX.","id":6772484854},"bsp":{"isoCountryCode":"CH","name":"SWIT","id":6772}},{"agent":{"iataCode":"8120109","address":"SCHXXXXXXXXXXXXXX 9","city":"WINDISCH","name":"KNEXXX XXXXXX XX","id":67728120109,"status":"Active"},"ticketingAuthority":true,"airline":{"iataCode":"006","abrev":"DL","name":"DelXX XXX XXXXX XXX.","id":6772484854},"bsp":{"isoCountryCode":"CH","name":"SWIT","id":6772}},{"agent":{"iataCode":"8120110","address":"HAUXXXXXXXXX 99","city":"Frick","name":"KNEXXX XXXXXX XX","id":67728120110,"status":"Active"},"ticketingAuthority":true,"airline":{"iataCode":"006","abrev":"DL","name":"DelXX XXX XXXXX XXX.","id":6772484854},"bsp":{"isoCountryCode":"CH","name":"SWIT","id":6772}},{"agent":{"iataCode":"8120115","address":"ZENXXXX XXXXX XXXXXXXXXXXXXX 9","city":"Wohlen","name":"KNEXXX XXXXXX XX","id":67728120115,"status":"Active"},"ticketingAuthority":true,"airline":{"iataCode":"006","abrev":"DL","name":"DelXX XXX XXXXX XXX.","id":6772484854},"bsp":{"isoCountryCode":"CH","name":"SWIT","id":6772}},{"agent":{"iataCode":"8120120","address":"MUEXX XXXXX XXXXXXXXXXXXXX 9","city":"Lenzburg","name":"KNEXXX XXXXXX XX","id":67728120120,"status":"Active"},"ticketingAuthority":true,"airline":{"iataCode":"006","abrev":"DL","name":"DelXX XXX XXXXX XXX.","id":6772484854},"bsp":{"isoCountryCode":"CH","name":"SWIT","id":6772}},{"agent":{"iataCode":"8120122","address":"KIRXXXXXXX 9","city":"Aarau","name":"NOVX XXXXX XX","id":67728120122,"status":"Active"},"ticketingAuthority":true,"airline":{"iataCode":"006","abrev":"DL","name":"DelXX XXX XXXXX XXX.","id":6772484854},"bsp":{"isoCountryCode":"CH","name":"SWIT","id":6772}},{"agent":{"iataCode":"8120123","address":"BAHXXXXXXXXXXX 99","city":"Mels","name":"ZENXXXX XXXXXX","id":67728120123,"status":"Active"},"ticketingAuthority":true,"airline":{"iataCode":"006","abrev":"DL","name":"DelXX XXX XXXXX XXX.","id":6772484854},"bsp":{"isoCountryCode":"CH","name":"SWIT","id":6772}},{"agent":{"iataCode":"8120124","address":"100, XXXXX XXX","city":"Montreux","name":"TUI XXXXXX XX XXXXXXX","id":67728120124,"status":"Active"},"ticketingAuthority":true,"airline":{"iataCode":"006","abrev":"DL","name":"DelXX XXX XXXXX XXX.","id":6772484854},"bsp":{"isoCountryCode":"CH","name":"SWIT","id":6772}},{"agent":{"iataCode":"8120126","address":"STAXXXX 99","city":"Solothurn","name":"KneXXX XXXXXX XXX XXXXXXXXXX X","id":67728120126,"status":"Active"},"ticketingAuthority":true,"airline":{"iataCode":"006","abrev":"DL","name":"DelXX XXX XXXXX XXX.","id":6772484854},"bsp":{"isoCountryCode":"CH","name":"SWIT","id":6772}},{"agent":{"iataCode":"8120132","address":"40, XX. X'XXXX","city":"GENEVA","name":"CLUX XXXXXXXXXXXX XXXXXX XX","id":67728120132,"status":"Active"},"ticketingAuthority":true,"airline":{"iataCode":"006","abrev":"DL","name":"DelXX XXX XXXXX XXX.","id":6772484854},"bsp":{"isoCountryCode":"CH","name":"SWIT","id":6772}},{"agent":{"iataCode":"8120135","address":"BADXXXXXXX 9","city":"Baden","name":"KUOXX XXXXXX","id":67728120135,"status":"Active"},"ticketingAuthority":true,"airline":{"iataCode":"006","abrev":"DL","name":"DelXX XXX XXXXX XXX.","id":6772484854},"bsp":{"isoCountryCode":"CH","name":"SWIT","id":6772}},{"agent":{"iataCode":"8120143","address":"SagXXXXXXXXXXX, 99","city":"Glattbrugg","name":"BTA XXXXX","id":67728120143,"status":"Active"},"ticketingAuthority":true,"airline":{"iataCode":"006","abrev":"DL","name":"DelXX XXX XXXXX XXX.","id":6772484854},"bsp":{"isoCountryCode":"CH","name":"SWIT","id":6772}},{"agent":{"iataCode":"8120146","address":"STEXXXXXXXXXX 99","city":"Basel","name":"NAYXX XXXXXX XX","id":67728120146,"status":"Active"},"ticketingAuthority":true,"airline":{"iataCode":"006","abrev":"DL","name":"DelXX XXX XXXXX XXX.","id":6772484854},"bsp":{"isoCountryCode":"CH","name":"SWIT","id":6772}},{"agent":{"iataCode":"8120147","address":"BAEXXXXXXXX 9-9","city":"Bern","name":"KUOXX XXXXXX","id":67728120147,"status":"Active"},"ticketingAuthority":true,"airline":{"iataCode":"006","abrev":"DL","name":"DelXX XXX XXXXX XXX.","id":6772484854},"bsp":{"isoCountryCode":"CH","name":"SWIT","id":6772}},{"agent":{"iataCode":"8120149","address":"RUE XX XX XXXXX 99","city":"Verbier","name":"VERXXXX XXXXX","id":67728120149,"status":"Active"},"ticketingAuthority":true,"airline":{"iataCode":"006","abrev":"DL","name":"DelXX XXX XXXXX XXX.","id":6772484854},"bsp":{"isoCountryCode":"CH","name":"SWIT","id":6772}},{"agent":{"iataCode":"8120151","address":"CONXXXXX XXX XXXXX, 99","city":"Agno","name":"GIRXXX XX","id":67728120151,"status":"Active"},"ticketingAuthority":true,"airline":{"iataCode":"006","abrev":"DL","name":"DelXX XXX XXXXX XXX.","id":6772484854},"bsp":{"isoCountryCode":"CH","name":"SWIT","id":6772}},{"agent":{"iataCode":"8120152","address":"RUE XXXXXXXXXX 9X","city":"Bulle","name":"AIR XXXXXXXX XX","id":67728120152,"status":"Active"},"ticketingAuthority":true,"airline":{"iataCode":"006","abrev":"DL","name":"DelXX XXX XXXXX XXX.","id":6772484854},"bsp":{"isoCountryCode":"CH","name":"SWIT","id":6772}},{"agent":{"iataCode":"8120155","address":"HIRXXXXXXXXXX 9","city":"Lyss","name":"REIXXXXXXX XXXXX XX","id":67728120155,"status":"Active"},"ticketingAuthority":true,"airline":{"iataCode":"006","abrev":"DL","name":"DelXX XXX XXXXX XXX.","id":6772484854},"bsp":{"isoCountryCode":"CH","name":"SWIT","id":6772}},{"agent":{"iataCode":"8120164","address":"BANXXXXXXXXXXXX 9","city":"Zurich","name":"REIXXXXXXX XXXXXXXX & XXXXXXX","id":67728120164,"status":"Active"},"ticketingAuthority":true,"airline":{"iataCode":"006","abrev":"DL","name":"DelXX XXX XXXXX XXX.","id":6772484854},"bsp":{"isoCountryCode":"CH","name":"SWIT","id":6772}},{"agent":{"iataCode":"8120169","address":"9 RXXXX XX XXXXX XXXXXX XX 999","city":"Nyon","name":"CWT - XXXXXXXXXXXXXXXXXX X.X.","id":67728120169,"status":"Active"},"ticketingAuthority":true,"airline":{"iataCode":"006","abrev":"DL","name":"DelXX XXX XXXXX XXX.","id":6772484854},"bsp":{"isoCountryCode":"CH","name":"SWIT","id":6772}},{"agent":{"iataCode":"8120171","address":"ALPXXXXXXXXX 99","city":"Lucerne","name":"BTA XXXXX","id":67728120171,"status":"Active"},"ticketingAuthority":true,"airline":{"iataCode":"006","abrev":"DL","name":"DelXX XXX XXXXX XXX.","id":6772484854},"bsp":{"isoCountryCode":"CH","name":"SWIT","id":6772}},{"agent":{"iataCode":"8120177","address":"KLEXXXXXXXXXXXXXXX 99 XX","city":"Hochdorf","name":"REIXXXXXXX XXXXXXX XX","id":67728120177,"status":"Active"},"ticketingAuthority":true,"airline":{"iataCode":"006","abrev":"DL","name":"DelXX XXX XXXXX XXX.","id":6772484854},"bsp":{"isoCountryCode":"CH","name":"SWIT","id":6772}},{"agent":{"iataCode":"8120180","address":"BAHXXXXXXXXXXX 99X XXXXXXXX","city":"Burgdorf","name":"NUSXXXXXXX XXXXXX XX","id":67728120180,"status":"Active"},"ticketingAuthority":true,"airline":{"iataCode":"006","abrev":"DL","name":"DelXX XXX XXXXX XXX.","id":6772484854},"bsp":{"isoCountryCode":"CH","name":"SWIT","id":6772}},{"agent":{"iataCode":"8120181","address":"CHEXXX XXXXX-XXXXXX 9","city":"Petit-Lancy","name":"AE XXXXXX XXXXXXXX XXXXXX","id":67728120181,"status":"Active"},"ticketingAuthority":true,"airline":{"iataCode":"006","abrev":"DL","name":"DelXX XXX XXXXX XXX.","id":6772484854},"bsp":{"isoCountryCode":"CH","name":"SWIT","id":6772}},{"agent":{"iataCode":"8120182","address":"OBEXXXXXXXXXXXX 99","city":"Herisau","name":"MUEXXXXXX XXXXXXXXX XX","id":67728120182,"status":"Active"},"ticketingAuthority":true,"airline":{"iataCode":"006","abrev":"DL","name":"DelXX XXX XXXXX XXX.","id":6772484854},"bsp":{"isoCountryCode":"CH","name":"SWIT","id":6772}},{"agent":{"iataCode":"8120184","address":"WILXXXXXXXXXX 9 XXXXXXX XX XXX","city":"Zurich","name":"REIXXXXXX XXXXXXXXXX XXXX","id":67728120184,"status":"Active"},"ticketingAuthority":true,"airline":{"iataCode":"006","abrev":"DL","name":"DelXX XXX XXXXX XXX.","id":6772484854},"bsp":{"isoCountryCode":"CH","name":"SWIT","id":6772}},{"agent":{"iataCode":"8120185","address":"SCHXXXXXXXXXXXXXX 9","city":"WINDISCH","name":"EURXXXX","id":67728120185,"status":"Active"},"ticketingAuthority":true,"airline":{"iataCode":"006","abrev":"DL","name":"DelXX XXX XXXXX XXX.","id":6772484854},"bsp":{"isoCountryCode":"CH","name":"SWIT","id":6772}},{"agent":{"iataCode":"8120188","address":"BAEXXXXXXX 99","city":"Zurich","name":"HRG XXXXXXXXXXX","id":67728120188,"status":"Active"},"ticketingAuthority":true,"airline":{"iataCode":"006","abrev":"DL","name":"DelXX XXX XXXXX XXX.","id":6772484854},"bsp":{"isoCountryCode":"CH","name":"SWIT","id":6772}},{"agent":{"iataCode":"8120194","address":"AVEXXX XXXXX-XXXXX 99","city":"GENEVA","name":"STOXXXX XXXXX - XXXXXXXX","id":67728120194,"status":"Active"},"ticketingAuthority":true,"airline":{"iataCode":"006","abrev":"DL","name":"DelXX XXX XXXXX XXX.","id":6772484854},"bsp":{"isoCountryCode":"CH","name":"SWIT","id":6772}},{"agent":{"iataCode":"8120195","address":"SENXXXXXXXXXXXX 99","city":"Steinhausen","name":"BTA XXXXX","id":67728120195,"status":"Active"},"ticketingAuthority":true,"airline":{"iataCode":"006","abrev":"DL","name":"DelXX XXX XXXXX XXX.","id":6772484854},"bsp":{"isoCountryCode":"CH","name":"SWIT","id":6772}},{"agent":{"iataCode":"8120196","address":"C/O XXX XXXX XXXXX XXXXXX XX","city":"Zurich","name":"HRG XXXXXXXXXXX","id":67728120196,"status":"Active"},"ticketingAuthority":true,"airline":{"iataCode":"006","abrev":"DL","name":"DelXX XXX XXXXX XXX.","id":6772484854},"bsp":{"isoCountryCode":"CH","name":"SWIT","id":6772}},{"agent":{"iataCode":"8120205","address":"NIKXXXX-XXXX-XXXXX/XXXXXXXXX 9","city":"Zofingen","name":"HAUXX XXXXXX XX","id":67728120205,"status":"Active"},"ticketingAuthority":true,"airline":{"iataCode":"006","abrev":"DL","name":"DelXX XXX XXXXX XXX.","id":6772484854},"bsp":{"isoCountryCode":"CH","name":"SWIT","id":6772}},{"agent":{"iataCode":"8120208","address":"BAHXXXXXXXXXXX 99","city":"Amriswil","name":"KNEXXX XXXXXX XX","id":67728120208,"status":"Active"},"ticketingAuthority":true,"airline":{"iataCode":"006","abrev":"DL","name":"DelXX XXX XXXXX XXX.","id":6772484854},"bsp":{"isoCountryCode":"CH","name":"SWIT","id":6772}},{"agent":{"iataCode":"8120209","address":"INDXXXXXXXXXXXXX XXXXXXXX 999","city":"Heerbrugg","name":"KUOXX XXXXXX","id":67728120209,"status":"Active"},"ticketingAuthority":true,"airline":{"iataCode":"006","abrev":"DL","name":"DelXX XXX XXXXX XXX.","id":6772484854},"bsp":{"isoCountryCode":"CH","name":"SWIT","id":6772}},{"agent":{"iataCode":"8120210","address":"17, XXXXX-XXX","city":"GENEVA","name":"ES XXXXXXX & XXXXXXXX XX","id":67728120210,"status":"Active"},"ticketingAuthority":true,"airline":{"iataCode":"006","abrev":"DL","name":"DelXX XXX XXXXX XXX.","id":6772484854},"bsp":{"isoCountryCode":"CH","name":"SWIT","id":6772}},{"agent":{"iataCode":"8120213","address":"C/O X XXXXXXXX-XX XXXXX XX","city":"Basel","name":"HRG XXXXXXXXXXX","id":67728120213,"status":"Active"},"ticketingAuthority":true,"airline":{"iataCode":"006","abrev":"DL","name":"DelXX XXX XXXXX XXX.","id":6772484854},"bsp":{"isoCountryCode":"CH","name":"SWIT","id":6772}},{"agent":{"iataCode":"8120218","address":"RUE XX XXXXX XXXXXXX XXXXX-XXX","city":"Sierre","name":"REYXXXX XXXXXXX","id":67728120218,"status":"Active"},"ticketingAuthority":true,"airline":{"iataCode":"006","abrev":"DL","name":"DelXX XXX XXXXX XXX.","id":6772484854},"bsp":{"isoCountryCode":"CH","name":"SWIT","id":6772}},{"agent":{"iataCode":"8120219","address":"FISXXXXXXX 99","city":"Liestal","name":"ROTXXXX XXXXXX XX","id":67728120219,"status":"Active"},"ticketingAuthority":true,"airline":{"iataCode":"006","abrev":"DL","name":"DelXX XXX XXXXX XXX.","id":6772484854},"bsp":{"isoCountryCode":"CH","name":"SWIT","id":6772}},{"agent":{"iataCode":"8120230","address":"GRAXX-XXX 99 X.X. 999","city":"Villeneuve","name":"INTXXXXXXXXX XXXXXXXXXX XX","id":67728120230,"status":"Active"},"ticketingAuthority":true,"airline":{"iataCode":"006","abrev":"DL","name":"DelXX XXX XXXXX XXX.","id":6772484854},"bsp":{"isoCountryCode":"CH","name":"SWIT","id":6772}},{"agent":{"iataCode":"8120233","address":"NEUXXXXX 99","city":"Bischofszell","name":"MAWX XXXXXX XX","id":67728120233,"status":"Active"},"ticketingAuthority":true,"airline":{"iataCode":"006","abrev":"DL","name":"DelXX XXX XXXXX XXX.","id":6772484854},"bsp":{"isoCountryCode":"CH","name":"SWIT","id":6772}},{"agent":{"iataCode":"8120247","address":"9 AXX XX XX-XXXXX","city":"Gland","name":"ZENXXX XXXXXXX XX","id":67728120247,"status":"Active"},"ticketingAuthority":true,"airline":{"iataCode":"006","abrev":"DL","name":"DelXX XXX XXXXX XXX.","id":6772484854},"bsp":{"isoCountryCode":"CH","name":"SWIT","id":6772}},{"agent":{"iataCode":"8120248","address":"GLAXXXXXXXXXX. 99","city":"Horgen","name":"INCXXXXXX XXXXXX XX","id":67728120248,"status":"Active"},"ticketingAuthority":true,"airline":{"iataCode":"006","abrev":"DL","name":"DelXX XXX XXXXX XXX.","id":6772484854},"bsp":{"isoCountryCode":"CH","name":"SWIT","id":6772}},{"agent":{"iataCode":"8120253","address":"LIMXXXXXXXXX. 999","city":"Zurich","name":"MB XXXXXX XX","id":67728120253,"status":"Active"},"ticketingAuthority":true,"airline":{"iataCode":"006","abrev":"DL","name":"DelXX XXX XXXXX XXX.","id":6772484854},"bsp":{"isoCountryCode":"CH","name":"SWIT","id":6772}},{"agent":{"iataCode":"8120254","address":"REGXXXXXXXXXXXX. 9","city":"Zurich","name":"POLX XXXXXX XX","id":67728120254,"status":"Active"},"ticketingAuthority":true,"airline":{"iataCode":"006","abrev":"DL","name":"DelXX XXX XXXXX XXX.","id":6772484854},"bsp":{"isoCountryCode":"CH","name":"SWIT","id":6772}},{"agent":{"iataCode":"8120257","address":"EURXXXXXXXX 99","city":"Zurich","name":"SW XXXXXXXXXX XX","id":67728120257,"status":"Active"},"ticketingAuthority":true,"airline":{"iataCode":"006","abrev":"DL","name":"DelXX XXX XXXXX XXX.","id":6772484854},"bsp":{"isoCountryCode":"CH","name":"SWIT","id":6772}},{"agent":{"iataCode":"8120260","address":"23 XXXXX-XXX","city":"GENEVA","name":"B.C. XXXXXXXX XXXXX XX","id":67728120260,"status":"Active"},"ticketingAuthority":true,"airline":{"iataCode":"006","abrev":"DL","name":"DelXX XXX XXXXX XXX.","id":6772484854},"bsp":{"isoCountryCode":"CH","name":"SWIT","id":6772}},{"agent":{"iataCode":"8120262","address":"WERXXXXXXXXXXXXXX 99","city":"Zurich","name":"TRAXXX XXXXXXXX XXXXXX XX","id":67728120262,"status":"Active"},"ticketingAuthority":true,"airline":{"iataCode":"006","abrev":"DL","name":"DelXX XXX XXXXX XXX.","id":6772484854},"bsp":{"isoCountryCode":"CH","name":"SWIT","id":6772}},{"agent":{"iataCode":"8120266","address":"SAEXXXXXXXXXXXX 99","city":"Glattbrugg","name":"M-TXXXXX XXXXXXXXXXX","id":67728120266,"status":"Active"},"ticketingAuthority":true,"airline":{"iataCode":"006","abrev":"DL","name":"DelXX XXX XXXXX XXX.","id":6772484854},"bsp":{"isoCountryCode":"CH","name":"SWIT","id":6772}},{"agent":{"iataCode":"8120271","address":"BAHXXXXXXXXXXX 99","city":"Baden","name":"KUOXX XXXXXX","id":67728120271,"status":"Active"},"ticketingAuthority":true,"airline":{"iataCode":"006","abrev":"DL","name":"DelXX XXX XXXXX XXX.","id":6772484854},"bsp":{"isoCountryCode":"CH","name":"SWIT","id":6772}},{"agent":{"iataCode":"8120288","address":"BAHXXXXXXXXXXX 99","city":"Buchs","name":"BTA XXXXX","id":67728120288,"status":"Active"},"ticketingAuthority":true,"airline":{"iataCode":"006","abrev":"DL","name":"DelXX XXX XXXXX XXX.","id":6772484854},"bsp":{"isoCountryCode":"CH","name":"SWIT","id":6772}},{"agent":{"iataCode":"8120289","address":"VORXXXX XXXXXXXX 99","city":"Aarau","name":"KNEXXX XXXXXX XX","id":67728120289,"status":"Active"},"ticketingAuthority":true,"airline":{"iataCode":"006","abrev":"DL","name":"DelXX XXX XXXXX XXX.","id":6772484854},"bsp":{"isoCountryCode":"CH","name":"SWIT","id":6772}},{"agent":{"iataCode":"8120293","address":"VORXXXXX 99","city":"Zug","name":"TUI XXXXXXXXXXX","id":67728120293,"status":"Active"},"ticketingAuthority":true,"airline":{"iataCode":"006","abrev":"DL","name":"DelXX XXX XXXXX XXX.","id":6772484854},"bsp":{"isoCountryCode":"CH","name":"SWIT","id":6772}},{"agent":{"iataCode":"8120295","address":"BAEXXXXXXX 99","city":"Zurich","name":"HRG XXXXXXXXXXX","id":67728120295,"status":"Active"},"ticketingAuthority":true,"airline":{"iataCode":"006","abrev":"DL","name":"DelXX XXX XXXXX XXX.","id":6772484854},"bsp":{"isoCountryCode":"CH","name":"SWIT","id":6772}},{"agent":{"iataCode":"8120303","address":"GUYXX-XXXXXX-XXXXXXX 99","city":"Wetzikon","name":"FINXXX XXXXXX XX","id":67728120303,"status":"Active"},"ticketingAuthority":true,"airline":{"iataCode":"006","abrev":"DL","name":"DelXX XXX XXXXX XXX.","id":6772484854},"bsp":{"isoCountryCode":"CH","name":"SWIT","id":6772}},{"agent":{"iataCode":"8120308","address":"BAEXXXXXXX 99, X.X. XXX 9999","city":"Zurich","name":"GLOXXX XXXXXXXX XXXXXX XXXXXXX","id":67728120308,"status":"Active"},"ticketingAuthority":true,"airline":{"iataCode":"006","abrev":"DL","name":"DelXX XXX XXXXX XXX.","id":6772484854},"bsp":{"isoCountryCode":"CH","name":"SWIT","id":6772}},{"agent":{"iataCode":"8120317","address":"FRIXXXXXXXXXXXXXXX 99","city":"Zurich","name":"TUI/XXXX XXXXXX XXXXXX XXX","id":67728120317,"status":"Active"},"ticketingAuthority":true,"airline":{"iataCode":"006","abrev":"DL","name":"DelXX XXX XXXXX XXX.","id":6772484854},"bsp":{"isoCountryCode":"CH","name":"SWIT","id":6772}},{"agent":{"iataCode":"8120319","address":"FREXXXXXXXXXXXX 9","city":"Zurich","name":"TRAXXXXXXXX","id":67728120319,"status":"Active"},"ticketingAuthority":true,"airline":{"iataCode":"006","abrev":"DL","name":"DelXX XXX XXXXX XXX.","id":6772484854},"bsp":{"isoCountryCode":"CH","name":"SWIT","id":6772}},{"agent":{"iataCode":"8120322","address":"VIA X. XXXXX 99 XXXXXXX XXXXXX","city":"Lugano","name":"I GXXXXXX XXXXXX XX","id":67728120322,"status":"Active"},"ticketingAuthority":true,"airline":{"iataCode":"006","abrev":"DL","name":"DelXX XXX XXXXX XXX.","id":6772484854},"bsp":{"isoCountryCode":"CH","name":"SWIT","id":6772}},{"agent":{"iataCode":"8120326","address":"DUFXXXXXXXXXX 999","city":"Zurich","name":"INFX-XXXXXX XXXXXXXXXXXXX XX","id":67728120326,"status":"Active"},"ticketingAuthority":true,"airline":{"iataCode":"006","abrev":"DL","name":"DelXX XXX XXXXX XXX.","id":6772484854},"bsp":{"isoCountryCode":"CH","name":"SWIT","id":6772}},{"agent":{"iataCode":"8120331","address":"RATXXXXXXXXX, 99","city":"Baden","name":"TWEXXXXXXX XXXXXX XX","id":67728120331,"status":"Active"},"ticketingAuthority":true,"airline":{"iataCode":"006","abrev":"DL","name":"DelXX XXX XXXXX XXX.","id":6772484854},"bsp":{"isoCountryCode":"CH","name":"SWIT","id":6772}},{"agent":{"iataCode":"8120332","address":"VORXXXXX 99","city":"Schaffhausen","name":"ROLX XXXXX XXXXXX","id":67728120332,"status":"Active"},"ticketingAuthority":true,"airline":{"iataCode":"006","abrev":"DL","name":"DelXX XXX XXXXX XXX.","id":6772484854},"bsp":{"isoCountryCode":"CH","name":"SWIT","id":6772}},{"agent":{"iataCode":"8120334","address":"SPAXXXXXXX 999 X.X. XXX","city":"Basel","name":"KNEXXX XXXXXX XX","id":67728120334,"status":"Active"},"ticketingAuthority":true,"airline":{"iataCode":"006","abrev":"DL","name":"DelXX XXX XXXXX XXX.","id":6772484854},"bsp":{"isoCountryCode":"CH","name":"SWIT","id":6772}},{"agent":{"iataCode":"8120343","address":"ALBXXXXXXXXXXX 999","city":"Zurich","name":"ALBXX XXXXXX XX","id":67728120343,"status":"Active"},"ticketingAuthority":true,"airline":{"iataCode":"006","abrev":"DL","name":"DelXX XXX XXXXX XXX.","id":6772484854},"bsp":{"isoCountryCode":"CH","name":"SWIT","id":6772}},{"agent":{"iataCode":"8120344","address":"ZIGXXXXXXXXXXXXX 9","city":"Lucerne","name":"BAUXXXXX XXXXXX XX","id":67728120344,"status":"Active"},"ticketingAuthority":true,"airline":{"iataCode":"006","abrev":"DL","name":"DelXX XXX XXXXX XXX.","id":6772484854},"bsp":{"isoCountryCode":"CH","name":"SWIT","id":6772}},{"agent":{"iataCode":"8120349","address":"HerXXXXXXXX 99","city":"Zurich","name":"KUOXX XXXXXX","id":67728120349,"status":"Active"},"ticketingAuthority":true,"airline":{"iataCode":"006","abrev":"DL","name":"DelXX XXX XXXXX XXX.","id":6772484854},"bsp":{"isoCountryCode":"CH","name":"SWIT","id":6772}},{"agent":{"iataCode":"8120351","address":"VIA XXXXXX 99","city":"Lugano","name":"FRAXXXXXXXX XX","id":67728120351,"status":"Active"},"ticketingAuthority":true,"airline":{"iataCode":"006","abrev":"DL","name":"DelXX XXX XXXXX XXX.","id":6772484854},"bsp":{"isoCountryCode":"CH","name":"SWIT","id":6772}},{"agent":{"iataCode":"8120353","address":"BERXXXXXXXX 999","city":"Zollikofen","name":"RAIXXXXX XXXXXX XX","id":67728120353,"status":"Active"},"ticketingAuthority":true,"airline":{"iataCode":"006","abrev":"DL","name":"DelXX XXX XXXXX XXX.","id":6772484854},"bsp":{"isoCountryCode":"CH","name":"SWIT","id":6772}},{"agent":{"iataCode":"8120354","address":"NEUXXXXXXXXXX 999","city":"Basel","name":"CAT XXXXXX XXXXXX XXXXXX XX","id":67728120354,"status":"Active"},"ticketingAuthority":true,"airline":{"iataCode":"006","abrev":"DL","name":"DelXX XXX XXXXX XXX.","id":6772484854},"bsp":{"isoCountryCode":"CH","name":"SWIT","id":6772}},{"agent":{"iataCode":"8120355","address":"BADXXXXXXX 99 XXXXXXXX 999","city":"Baden","name":"KNEXXX XXXXXX XX","id":67728120355,"status":"Active"},"ticketingAuthority":true,"airline":{"iataCode":"006","abrev":"DL","name":"DelXX XXX XXXXX XXX.","id":6772484854},"bsp":{"isoCountryCode":"CH","name":"SWIT","id":6772}},{"agent":{"iataCode":"8120361","address":"SATXXXXXXXX 9","city":"Basel","name":"FROXXXXX XXXXXX","id":67728120361,"status":"Active"},"ticketingAuthority":true,"airline":{"iataCode":"006","abrev":"DL","name":"DelXX XXX XXXXX XXX.","id":6772484854},"bsp":{"isoCountryCode":"CH","name":"SWIT","id":6772}},{"agent":{"iataCode":"8120364","address":"LEHXXXXXXXXXXXXXX 99","city":"ST GALLEN","name":"INTXXXXXX XXXXXX","id":67728120364,"status":"Active"},"ticketingAuthority":true,"airline":{"iataCode":"006","abrev":"DL","name":"DelXX XXX XXXXX XXX.","id":6772484854},"bsp":{"isoCountryCode":"CH","name":"SWIT","id":6772}},{"agent":{"iataCode":"8120365","address":"KIRXXXXXXX 99","city":"Meilen","name":"REIXX-XXXXX XXXXXX XX","id":67728120365,"status":"Active"},"ticketingAuthority":true,"airline":{"iataCode":"006","abrev":"DL","name":"DelXX XXX XXXXX XXX.","id":6772484854},"bsp":{"isoCountryCode":"CH","name":"SWIT","id":6772}},{"agent":{"iataCode":"8120367","address":"RUE XX XXXXXXXX 99","city":"Lausanne","name":"NOVX XXXXX XX","id":67728120367,"status":"Active"},"ticketingAuthority":true,"airline":{"iataCode":"006","abrev":"DL","name":"DelXX XXX XXXXX XXX.","id":6772484854},"bsp":{"isoCountryCode":"CH","name":"SWIT","id":6772}},{"agent":{"iataCode":"8120371","address":"AVEXXX XX XX XXXX 9","city":"Lausanne","name":"GEO-XXXXXXXXXX XX","id":67728120371,"status":"Active"},"ticketingAuthority":true,"airline":{"iataCode":"006","abrev":"DL","name":"DelXX XXX XXXXX XXX.","id":6772484854},"bsp":{"isoCountryCode":"CH","name":"SWIT","id":6772}},{"agent":{"iataCode":"8120383","address":"LANXXXXXX 99","city":"Gais","name":"PORXXXXX XXXX","id":67728120383,"status":"Active"},"ticketingAuthority":true,"airline":{"iataCode":"006","abrev":"DL","name":"DelXX XXX XXXXX XXX.","id":6772484854},"bsp":{"isoCountryCode":"CH","name":"SWIT","id":6772}},{"agent":{"iataCode":"8120386","address":"PLAXX XX XX XXXXX-XXXXXXX 9","city":"Epalinges","name":"VOYXXXX XXXXXXX XX","id":67728120386,"status":"Active"},"ticketingAuthority":true,"airline":{"iataCode":"006","abrev":"DL","name":"DelXX XXX XXXXX XXX.","id":6772484854},"bsp":{"isoCountryCode":"CH","name":"SWIT","id":6772}},{"agent":{"iataCode":"8120387","address":"RUE XX. XXXXXX 9","city":"Carouge","name":"VOYXXXX XXX XXXX","id":67728120387,"status":"Active"},"ticketingAuthority":true,"airline":{"iataCode":"006","abrev":"DL","name":"DelXX XXX XXXXX XXX.","id":6772484854},"bsp":{"isoCountryCode":"CH","name":"SWIT","id":6772}},{"agent":{"iataCode":"8120390","address":"VIA XXXX 9","city":"Lugano","name":"DA XXXXX XXXXX XX X/X XXXXX XX","id":67728120390,"status":"Active"},"ticketingAuthority":true,"airline":{"iataCode":"006","abrev":"DL","name":"DelXX XXX XXXXX XXX.","id":6772484854},"bsp":{"isoCountryCode":"CH","name":"SWIT","id":6772}},{"agent":{"iataCode":"8120394","address":"SAGXXXX 9","city":"WICHTRACH","name":"GURXXXX XXXXXX XX","id":67728120394,"status":"Active"},"ticketingAuthority":true,"airline":{"iataCode":"006","abrev":"DL","name":"DelXX XXX XXXXX XXX.","id":6772484854},"bsp":{"isoCountryCode":"CH","name":"SWIT","id":6772}},{"agent":{"iataCode":"8120399","address":"SCHXXXXXXXXXXXX 9","city":"Bern","name":"REIXXXXXXX XXXXXX X.X.","id":67728120399,"status":"Active"},"ticketingAuthority":true,"airline":{"iataCode":"006","abrev":"DL","name":"DelXX XXX XXXXX XXX.","id":6772484854},"bsp":{"isoCountryCode":"CH","name":"SWIT","id":6772}},{"agent":{"iataCode":"8120401","address":"TRAXXXXXXXX 99","city":"Zurich","name":"TOUXXXXXXXXXX","id":67728120401,"status":"Active"},"ticketingAuthority":true,"airline":{"iataCode":"006","abrev":"DL","name":"DelXX XXX XXXXX XXX.","id":6772484854},"bsp":{"isoCountryCode":"CH","name":"SWIT","id":6772}},{"agent":{"iataCode":"8120425","address":"C/O XXX/XXX XXX XX XXXXXXXX 99","city":"GENEVA","name":"CWT - XXXXXXXXXXXXXXXXXX X.X.","id":67728120425,"status":"Active"},"ticketingAuthority":true,"airline":{"iataCode":"006","abrev":"DL","name":"DelXX XXX XXXXX XXX.","id":6772484854},"bsp":{"isoCountryCode":"CH","name":"SWIT","id":6772}},{"agent":{"iataCode":"8120428","address":"SEEXXXXXXX, 99","city":"Zurich","name":"KUOXX XXXXXX","id":67728120428,"status":"Active"},"ticketingAuthority":true,"airline":{"iataCode":"006","abrev":"DL","name":"DelXX XXX XXXXX XXX.","id":6772484854},"bsp":{"isoCountryCode":"CH","name":"SWIT","id":6772}},{"agent":{"iataCode":"8120430","address":"LOEXXXXXXXXXX 99 XXXXXX XXXX","city":"Zurich","name":"M-TXXXXX XXXXXXXXXXX","id":67728120430,"status":"Active"},"ticketingAuthority":true,"airline":{"iataCode":"006","abrev":"DL","name":"DelXX XXX XXXXX XXX.","id":6772484854},"bsp":{"isoCountryCode":"CH","name":"SWIT","id":6772}},{"agent":{"iataCode":"8120436","address":"VIA XXXXXXXXX 9","city":"Lugano","name":"MICXXXXXXX","id":67728120436,"status":"Active"},"ticketingAuthority":true,"airline":{"iataCode":"006","abrev":"DL","name":"DelXX XXX XXXXX XXX.","id":6772484854},"bsp":{"isoCountryCode":"CH","name":"SWIT","id":6772}},{"agent":{"iataCode":"8120446","address":"AVEXXX XX XX XXXX 9-99","city":"GENEVA","name":"CWT - XXXXXXXXXXXXXXXXXX X.X.","id":67728120446,"status":"Active"},"ticketingAuthority":true,"airline":{"iataCode":"006","abrev":"DL","name":"DelXX XXX XXXXX XXX.","id":6772484854},"bsp":{"isoCountryCode":"CH","name":"SWIT","id":6772}},{"agent":{"iataCode":"8120466","address":"DORXXXXXX 9","city":"Zumikon","name":"TUI XXXXXXXXXXX","id":67728120466,"status":"Active"},"ticketingAuthority":true,"airline":{"iataCode":"006","abrev":"DL","name":"DelXX XXX XXXXX XXX.","id":6772484854},"bsp":{"isoCountryCode":"CH","name":"SWIT","id":6772}},{"agent":{"iataCode":"8120468","address":"C/O XXX XXXXXXXXXXXX 9","city":"Zurich","name":"GURXXXX XXXXXX XX","id":67728120468,"status":"Active"},"ticketingAuthority":true,"airline":{"iataCode":"006","abrev":"DL","name":"DelXX XXX XXXXX XXX.","id":6772484854},"bsp":{"isoCountryCode":"CH","name":"SWIT","id":6772}},{"agent":{"iataCode":"8120477","address":"C/O XXXXXX XXXXXXXXXXXXX","city":"Lausanne","name":"CWT - XXXXXXXXXXXXXXXXXX X.X.","id":67728120477,"status":"Active"},"ticketingAuthority":true,"airline":{"iataCode":"006","abrev":"DL","name":"DelXX XXX XXXXX XXX.","id":6772484854},"bsp":{"isoCountryCode":"CH","name":"SWIT","id":6772}},{"agent":{"iataCode":"8120483","address":"BRUXXX 99","city":"Kallnach","name":"GRUXXXXXXXXXXX","id":67728120483,"status":"Active"},"ticketingAuthority":true,"airline":{"iataCode":"006","abrev":"DL","name":"DelXX XXX XXXXX XXX.","id":6772484854},"bsp":{"isoCountryCode":"CH","name":"SWIT","id":6772}},{"agent":{"iataCode":"8120486","address":"HAUXXXXXXXXX 9","city":"Reinach","name":"KNEXXX XXXXXX XX","id":67728120486,"status":"Active"},"ticketingAuthority":true,"airline":{"iataCode":"006","abrev":"DL","name":"DelXX XXX XXXXX XXX.","id":6772484854},"bsp":{"isoCountryCode":"CH","name":"SWIT","id":6772}},{"agent":{"iataCode":"8120505","address":"AM XXXXXXXX XXXXXXXXXX 9","city":"Zurich","name":"KUOXX XXXXXX","id":67728120505,"status":"Active"},"ticketingAuthority":true,"airline":{"iataCode":"006","abrev":"DL","name":"DelXX XXX XXXXX XXX.","id":6772484854},"bsp":{"isoCountryCode":"CH","name":"SWIT","id":6772}},{"agent":{"iataCode":"8120508","address":"POB 999 XXXXXX XXXXXXX","city":"GENEVA","name":"DNAXX XXXXXXXXXXX XX","id":67728120508,"status":"Active"},"ticketingAuthority":true,"airline":{"iataCode":"006","abrev":"DL","name":"DelXX XXX XXXXX XXX.","id":6772484854},"bsp":{"isoCountryCode":"CH","name":"SWIT","id":6772}},{"agent":{"iataCode":"8120513","address":"C/O X.X.X.X. XXXXXXXXX XX","city":"Lucerne","name":"AE XXXXXX XXXXXXXX XXXXXX","id":67728120513,"status":"Active"},"ticketingAuthority":true,"airline":{"iataCode":"006","abrev":"DL","name":"DelXX XXX XXXXX XXX.","id":6772484854},"bsp":{"isoCountryCode":"CH","name":"SWIT","id":6772}},{"agent":{"iataCode":"8120514","address":"RUE XX XXXXXXX 99 X.X. 9999","city":"Lausanne","name":"RAIXXXXX XXXXXX XX","id":67728120514,"status":"Active"},"ticketingAuthority":true,"airline":{"iataCode":"006","abrev":"DL","name":"DelXX XXX XXXXX XXX.","id":6772484854},"bsp":{"isoCountryCode":"CH","name":"SWIT","id":6772}},{"agent":{"iataCode":"8120520","address":"ZENXXXXXXXXXXX 9","city":"Zurich","name":"RMR XXXXXX XXXXXXXXX","id":67728120520,"status":"Active"},"ticketingAuthority":true,"airline":{"iataCode":"006","abrev":"DL","name":"DelXX XXX XXXXX XXX.","id":6772484854},"bsp":{"isoCountryCode":"CH","name":"SWIT","id":6772}},{"agent":{"iataCode":"8120529","address":"C/O XXXXXXX XX XXX XXXXXXX 9","city":"Lugano","name":"KUOXX XXXXXX","id":67728120529,"status":"Active"},"ticketingAuthority":true,"airline":{"iataCode":"006","abrev":"DL","name":"DelXX XXX XXXXX XXX.","id":6772484854},"bsp":{"isoCountryCode":"CH","name":"SWIT","id":6772}},{"agent":{"iataCode":"8120537","address":"ZUGXXXXXXXXXXXXX 9","city":"UNTERAEGERI","name":"MUEXXXXXX XXXXXXXXX XX","id":67728120537,"status":"Active"},"ticketingAuthority":true,"airline":{"iataCode":"006","abrev":"DL","name":"DelXX XXX XXXXX XXX.","id":6772484854},"bsp":{"isoCountryCode":"CH","name":"SWIT","id":6772}},{"agent":{"iataCode":"8120540","address":"LOEXXXXXXXXXX 99","city":"Zurich","name":"RAIXXXXX XXXXXX XX","id":67728120540,"status":"Active"},"ticketingAuthority":true,"airline":{"iataCode":"006","abrev":"DL","name":"DelXX XXX XXXXX XXX.","id":6772484854},"bsp":{"isoCountryCode":"CH","name":"SWIT","id":6772}},{"agent":{"iataCode":"8120542","address":"C/O XXXXX XXXXXX 99 XXXXX XX","city":"GENEVA","name":"CWT - XXXXXXXXXXXXXXXXXX X.X.","id":67728120542,"status":"Active"},"ticketingAuthority":true,"airline":{"iataCode":"006","abrev":"DL","name":"DelXX XXX XXXXX XXX.","id":6772484854},"bsp":{"isoCountryCode":"CH","name":"SWIT","id":6772}},{"agent":{"iataCode":"8120547","address":"C/O XXXX XXXXXXXXXXXXXXXXXX","city":"Zurich","name":"BTA XXXXX","id":67728120547,"status":"Active"},"ticketingAuthority":true,"airline":{"iataCode":"006","abrev":"DL","name":"DelXX XXX XXXXX XXX.","id":6772484854},"bsp":{"isoCountryCode":"CH","name":"SWIT","id":6772}},{"agent":{"iataCode":"8120554","address":"C/O XXXXXX & XXX XXXXX XXX","city":"GENEVA","name":"FERX & XXX XXXXXXX XX","id":67728120554,"status":"Active"},"ticketingAuthority":true,"airline":{"iataCode":"006","abrev":"DL","name":"DelXX XXX XXXXX XXX.","id":6772484854},"bsp":{"isoCountryCode":"CH","name":"SWIT","id":6772}},{"agent":{"iataCode":"8120556","address":"RUE XXXXXX, 9","city":"GENEVA","name":"FERX XXXXXXXXX","id":67728120556,"status":"Active"},"ticketingAuthority":true,"airline":{"iataCode":"006","abrev":"DL","name":"DelXX XXX XXXXX XXX.","id":6772484854},"bsp":{"isoCountryCode":"CH","name":"SWIT","id":6772}},{"agent":{"iataCode":"8120566","address":"VIA XXXXXX","city":"Lugano","name":"KUOXX XXXXXX","id":67728120566,"status":"Active"},"ticketingAuthority":true,"airline":{"iataCode":"006","abrev":"DL","name":"DelXX XXX XXXXX XXX.","id":6772484854},"bsp":{"isoCountryCode":"CH","name":"SWIT","id":6772}},{"agent":{"iataCode":"8120572","address":"HARXXXXXXXX 999","city":"Zurich","name":"KUOXX XXXXXX","id":67728120572,"status":"Active"},"ticketingAuthority":true,"airline":{"iataCode":"006","abrev":"DL","name":"DelXX XXX XXXXX XXX.","id":6772484854},"bsp":{"isoCountryCode":"CH","name":"SWIT","id":6772}},{"agent":{"iataCode":"8120574","address":"C/O XXX XXXXX XXX XXXXXXXXX 9","city":"GENEVA","name":"CWT - XXXXXXXXXXXXXXXXXX X.X.","id":67728120574,"status":"Active"},"ticketingAuthority":true,"airline":{"iataCode":"006","abrev":"DL","name":"DelXX XXX XXXXX XXX.","id":6772484854},"bsp":{"isoCountryCode":"CH","name":"SWIT","id":6772}},{"agent":{"iataCode":"8120575","address":"C/O XXXX XXXXX XX XXXXXX 99","city":"Nyon","name":"CWT - XXXXXXXXXXXXXXXXXX X.X.","id":67728120575,"status":"Active"},"ticketingAuthority":true,"airline":{"iataCode":"006","abrev":"DL","name":"DelXX XXX XXXXX XXX.","id":6772484854},"bsp":{"isoCountryCode":"CH","name":"SWIT","id":6772}},{"agent":{"iataCode":"8120578","address":"C/O XXXX XXXXXX XX XXXXXXXXX 9","city":"GENEVA","name":"AE XXXXXX XXXXXXXX XXXXXX","id":67728120578,"status":"Active"},"ticketingAuthority":true,"airline":{"iataCode":"006","abrev":"DL","name":"DelXX XXX XXXXX XXX.","id":6772484854},"bsp":{"isoCountryCode":"CH","name":"SWIT","id":6772}},{"agent":{"iataCode":"8120600","address":"C/O XXXXXXX XXXXXXX XX","city":"ZURICH","name":"CARXXXX XXXXXXXX XXXXXX","id":67728120600,"status":"Non Active"},"ticketingAuthority":true,"airline":{"iataCode":"006","abrev":"DL","name":"DelXX XXX XXXXX XXX.","id":6772484854},"bsp":{"isoCountryCode":"CH","name":"SWIT","id":6772}},{"agent":{"iataCode":"8120607","address":"GUEXXXXXXXXXX 99","city":"Basel","name":"HRG XXXXXXXXXXX","id":67728120607,"status":"Active"},"ticketingAuthority":true,"airline":{"iataCode":"006","abrev":"DL","name":"DelXX XXX XXXXX XXX.","id":6772484854},"bsp":{"isoCountryCode":"CH","name":"SWIT","id":6772}},{"agent":{"iataCode":"8120608","address":"LEOXXXXXXXXXXXX 9","city":"Basel","name":"DANXXX","id":67728120608,"status":"Active"},"ticketingAuthority":true,"airline":{"iataCode":"006","abrev":"DL","name":"DelXX XXX XXXXX XXX.","id":6772484854},"bsp":{"isoCountryCode":"CH","name":"SWIT","id":6772}},{"agent":{"iataCode":"8120616","address":"HAUXXXXXXX","city":"Ruswil","name":"KNEXXX XXXXXX XX","id":67728120616,"status":"Active"},"ticketingAuthority":true,"airline":{"iataCode":"006","abrev":"DL","name":"DelXX XXX XXXXX XXX.","id":6772484854},"bsp":{"isoCountryCode":"CH","name":"SWIT","id":6772}},{"agent":{"iataCode":"8120624","address":"BAEXXXXXXX 99","city":"Zurich","name":"AMEXXXXX XXXXXXX XXX","id":67728120624,"status":"Active"},"ticketingAuthority":true,"airline":{"iataCode":"006","abrev":"DL","name":"DelXX XXX XXXXX XXX.","id":6772484854},"bsp":{"isoCountryCode":"CH","name":"SWIT","id":6772}},{"agent":{"iataCode":"8120629","address":"C/O XXXXXX XX XXXXX","city":"Lausanne","name":"CWT - XXXXXXXXXXXXXXXXXX X.X.","id":67728120629,"status":"Active"},"ticketingAuthority":true,"airline":{"iataCode":"006","abrev":"DL","name":"DelXX XXX XXXXX XXX.","id":6772484854},"bsp":{"isoCountryCode":"CH","name":"SWIT","id":6772}},{"agent":{"iataCode":"8120648","address":"DEPXXXXXX XXXX","city":"GENEVA","name":"AIRXXXX XXXXXXXX XXXXXX","id":67728120648,"status":"Active"},"ticketingAuthority":true,"airline":{"iataCode":"006","abrev":"DL","name":"DelXX XXX XXXXX XXX.","id":6772484854},"bsp":{"isoCountryCode":"CH","name":"SWIT","id":6772}},{"agent":{"iataCode":"8120650","address":"BAEXXXXXXX 99","city":"Zurich","name":"AE XXXXXX XXXXXXXX XXXXXX","id":67728120650,"status":"Active"},"ticketingAuthority":true,"airline":{"iataCode":"006","abrev":"DL","name":"DelXX XXX XXXXX XXX.","id":6772484854},"bsp":{"isoCountryCode":"CH","name":"SWIT","id":6772}},{"agent":{"iataCode":"8120665","address":"CHEXXX XX XXXXXX 9","city":"Ecublens","name":"VT XXXXXXXX XX","id":67728120665,"status":"Active"},"ticketingAuthority":true,"airline":{"iataCode":"006","abrev":"DL","name":"DelXX XXX XXXXX XXX.","id":6772484854},"bsp":{"isoCountryCode":"CH","name":"SWIT","id":6772}},{"agent":{"iataCode":"8120668","address":"CHEXXX XXXXX-XXXXXX 9","city":"Petit-Lancy","name":"AE XXXXXX XXXXXXXX XXXXXX","id":67728120668,"status":"Active"},"ticketingAuthority":true,"airline":{"iataCode":"006","abrev":"DL","name":"DelXX XXX XXXXX XXX.","id":6772484854},"bsp":{"isoCountryCode":"CH","name":"SWIT","id":6772}},{"agent":{"iataCode":"8120669","address":"FRIXXXXXXXXXXXXXXX 99","city":"Zurich","name":"FIRXX XXXXXXXX XXXXXX XXXXXX","id":67728120669,"status":"Active"},"ticketingAuthority":true,"airline":{"iataCode":"006","abrev":"DL","name":"DelXX XXX XXXXX XXX.","id":6772484854},"bsp":{"isoCountryCode":"CH","name":"SWIT","id":6772}},{"agent":{"iataCode":"8120670","address":"AVEXXX XX XXXXXXXXX 99 XXXX","city":"Lausanne","name":"CULXXXX XXX XXXXXX XX","id":67728120670,"status":"Active"},"ticketingAuthority":true,"airline":{"iataCode":"006","abrev":"DL","name":"DelXX XXX XXXXX XXX.","id":6772484854},"bsp":{"isoCountryCode":"CH","name":"SWIT","id":6772}},{"agent":{"iataCode":"8120677","address":"FRIXXXXXXXXXXXXXXX 99","city":"Zurich","name":"TUI XXXXXX XXX","id":67728120677,"status":"Active"},"ticketingAuthority":true,"airline":{"iataCode":"006","abrev":"DL","name":"DelXX XXX XXXXX XXX.","id":6772484854},"bsp":{"isoCountryCode":"CH","name":"SWIT","id":6772}},{"agent":{"iataCode":"8120678","address":"C/O XXXX 99, XXXXXX XX XX XXXX","city":"GENEVA","name":"HRG XXXXXXXXXXX","id":67728120678,"status":"Active"},"ticketingAuthority":true,"airline":{"iataCode":"006","abrev":"DL","name":"DelXX XXX XXXXX XXX.","id":6772484854},"bsp":{"isoCountryCode":"CH","name":"SWIT","id":6772}},{"agent":{"iataCode":"8120686","address":"THUXXXXXXXXXXXXX 99","city":"Zurich","name":"BCD XXXXXX","id":67728120686,"status":"Active"},"ticketingAuthority":true,"airline":{"iataCode":"006","abrev":"DL","name":"DelXX XXX XXXXX XXX.","id":6772484854},"bsp":{"isoCountryCode":"CH","name":"SWIT","id":6772}},{"agent":{"iataCode":"8120688","address":"MUEXXXXXXXXXXXXXXXXXXX, 99","city":"Basel","name":"CWT - XXXXXXXXXXXXXXXXXX X.X.","id":67728120688,"status":"Active"},"ticketingAuthority":true,"airline":{"iataCode":"006","abrev":"DL","name":"DelXX XXX XXXXX XXX.","id":6772484854},"bsp":{"isoCountryCode":"CH","name":"SWIT","id":6772}},{"agent":{"iataCode":"8120689","address":"C/O XXXXXX XXXXXX XXXXXXXXXXXX","city":"Lausanne","name":"AE XXXXXX XXXXXXXX XXXXXX","id":67728120689,"status":"Active"},"ticketingAuthority":true,"airline":{"iataCode":"006","abrev":"DL","name":"DelXX XXX XXXXX XXX.","id":6772484854},"bsp":{"isoCountryCode":"CH","name":"SWIT","id":6772}},{"agent":{"iataCode":"8120690","address":"CARXXXX XXXXXXXX XXXXXX XXXXXX","city":"Zurich","name":"CWT - XXXXXXXXXXXXXXXXXX X.X.","id":67728120690,"status":"Active"},"ticketingAuthority":true,"airline":{"iataCode":"006","abrev":"DL","name":"DelXX XXX XXXXX XXX.","id":6772484854},"bsp":{"isoCountryCode":"CH","name":"SWIT","id":6772}},{"agent":{"iataCode":"8120701","address":"ANEXXXXXXXXXXXX, 99","city":"Zurich","name":"AE XXXXXX XXXXXXXX XXXXXX","id":67728120701,"status":"Active"},"ticketingAuthority":true,"airline":{"iataCode":"006","abrev":"DL","name":"DelXX XXX XXXXX XXX.","id":6772484854},"bsp":{"isoCountryCode":"CH","name":"SWIT","id":6772}},{"agent":{"iataCode":"8120704","address":"C/O XXXX XX XX-XX XXX 999,","city":"Lausanne","name":"CWT - XXXXXXXXXXXXXXXXXX X.X.","id":67728120704,"status":"Active"},"ticketingAuthority":true,"airline":{"iataCode":"006","abrev":"DL","name":"DelXX XXX XXXXX XXX.","id":6772484854},"bsp":{"isoCountryCode":"CH","name":"SWIT","id":6772}},{"agent":{"iataCode":"8120705","address":"BAEXXXXXXX 99","city":"Zurich","name":"AE XXXXXX XXXXXXXX XXXXXX","id":67728120705,"status":"Active"},"ticketingAuthority":true,"airline":{"iataCode":"006","abrev":"DL","name":"DelXX XXX XXXXX XXX.","id":6772484854},"bsp":{"isoCountryCode":"CH","name":"SWIT","id":6772}},{"agent":{"iataCode":"8120707","address":"C/O XXX XXXXXX XXXX XXXXXX XX","city":"Vernier","name":"CWT - XXXXXXXXXXXXXXXXXX X.X.","id":67728120707,"status":"Active"},"ticketingAuthority":true,"airline":{"iataCode":"006","abrev":"DL","name":"DelXX XXX XXXXX XXX.","id":6772484854},"bsp":{"isoCountryCode":"CH","name":"SWIT","id":6772}},{"agent":{"iataCode":"8120708","address":"THUXXXXXXXXXXXXX 99","city":"Zurich","name":"BCD XXXXXXX","id":67728120708,"status":"Active"},"ticketingAuthority":true,"airline":{"iataCode":"006","abrev":"DL","name":"DelXX XXX XXXXX XXX.","id":6772484854},"bsp":{"isoCountryCode":"CH","name":"SWIT","id":6772}},{"agent":{"iataCode":"8120709","address":"THUXXXXXXXXXXXXX 99","city":"Zurich","name":"BCD XXXXXX","id":67728120709,"status":"Active"},"ticketingAuthority":true,"airline":{"iataCode":"006","abrev":"DL","name":"DelXX XXX XXXXX XXX.","id":6772484854},"bsp":{"isoCountryCode":"CH","name":"SWIT","id":6772}},{"agent":{"iataCode":"8120710","address":"BAEXXXXXXX 99","city":"Zurich","name":"HRG XXXXXXX XXXXXX XXXXXXXXXXX","id":67728120710,"status":"Active"},"ticketingAuthority":true,"airline":{"iataCode":"006","abrev":"DL","name":"DelXX XXX XXXXX XXX.","id":6772484854},"bsp":{"isoCountryCode":"CH","name":"SWIT","id":6772}},{"agent":{"iataCode":"8120713","address":"JOSXXXXXXXXX 999","city":"Zurich","name":"CWT - XXXXXXXXXXXXXXXXXX X.X.","id":67728120713,"status":"Active"},"ticketingAuthority":true,"airline":{"iataCode":"006","abrev":"DL","name":"DelXX XXX XXXXX XXX.","id":6772484854},"bsp":{"isoCountryCode":"CH","name":"SWIT","id":6772}},{"agent":{"iataCode":"8120716","address":"HOHXXXXXXXX 999","city":"Zurich","name":"BTA XXXXX","id":67728120716,"status":"Active"},"ticketingAuthority":true,"airline":{"iataCode":"006","abrev":"DL","name":"DelXX XXX XXXXX XXX.","id":6772484854},"bsp":{"isoCountryCode":"CH","name":"SWIT","id":6772}},{"agent":{"iataCode":"8120717","address":"C/O XXXXXX 9-9 XX. XX XX XXXX","city":"GENEVA","name":"AE XXXXXX XXXXXXXX XXXXXX","id":67728120717,"status":"Active"},"ticketingAuthority":true,"airline":{"iataCode":"006","abrev":"DL","name":"DelXX XXX XXXXX XXX.","id":6772484854},"bsp":{"isoCountryCode":"CH","name":"SWIT","id":6772}},{"agent":{"iataCode":"8120718","address":"C/O XXX XXX XXXXXXXX 9 XXX, XX","city":"GENEVA","name":"AE XXXXXX XXXXXXXX XXXXXX","id":67728120718,"status":"Active"},"ticketingAuthority":true,"airline":{"iataCode":"006","abrev":"DL","name":"DelXX XXX XXXXX XXX.","id":6772484854},"bsp":{"isoCountryCode":"CH","name":"SWIT","id":6772}},{"agent":{"iataCode":"8120719","address":"C/O XXX 99-99 XXX XX","city":"GENEVA","name":"AE XXXXXX XXXXXXXX XXXXXX","id":67728120719,"status":"Active"},"ticketingAuthority":true,"airline":{"iataCode":"006","abrev":"DL","name":"DelXX XXX XXXXX XXX.","id":6772484854},"bsp":{"isoCountryCode":"CH","name":"SWIT","id":6772}},{"agent":{"iataCode":"8120720","address":"C/O XXXX XXXXXXXX XXX, XXXXX 9","city":"GENEVA","name":"AE XXXXXX XXXXXXXX XXXXXX","id":67728120720,"status":"Active"},"ticketingAuthority":true,"airline":{"iataCode":"006","abrev":"DL","name":"DelXX XXX XXXXX XXX.","id":6772484854},"bsp":{"isoCountryCode":"CH","name":"SWIT","id":6772}},{"agent":{"iataCode":"8120721","address":"C/O XXX XXXXXX X-999 99, XX. X","city":"Chatelaine","name":"AE XXXXXX XXXXXXXX XXXXXX","id":67728120721,"status":"Active"},"ticketingAuthority":true,"airline":{"iataCode":"006","abrev":"DL","name":"DelXX XXX XXXXX XXX.","id":6772484854},"bsp":{"isoCountryCode":"CH","name":"SWIT","id":6772}},{"agent":{"iataCode":"8120722","address":"C/O XXXX XXXXXX XXX XXXXXXX","city":"GENEVA","name":"AE XXXXXX XXXXXXXX XXXXXX","id":67728120722,"status":"Active"},"ticketingAuthority":true,"airline":{"iataCode":"006","abrev":"DL","name":"DelXX XXX XXXXX XXX.","id":6772484854},"bsp":{"isoCountryCode":"CH","name":"SWIT","id":6772}},{"agent":{"iataCode":"8120723","address":"C/O XXX XXXXX XXX XXXXXXX","city":"GENEVA","name":"AE XXXXXX XXXXXXXX XXXXXX","id":67728120723,"status":"Active"},"ticketingAuthority":true,"airline":{"iataCode":"006","abrev":"DL","name":"DelXX XXX XXXXX XXX.","id":6772484854},"bsp":{"isoCountryCode":"CH","name":"SWIT","id":6772}},{"agent":{"iataCode":"8120724","address":"C/O XXX XXXXXXX & XXXXXXXXX XX","city":"GENEVA","name":"AE XXXXXX XXXXXXXX XXXXXX","id":67728120724,"status":"Active"},"ticketingAuthority":true,"airline":{"iataCode":"006","abrev":"DL","name":"DelXX XXX XXXXX XXX.","id":6772484854},"bsp":{"isoCountryCode":"CH","name":"SWIT","id":6772}},{"agent":{"iataCode":"8120725","address":"C/O XXXX 99, XXX XXX XXXXXX","city":"GENEVA","name":"AE XXXXXX XXXXXXXX XXXXXX","id":67728120725,"status":"Active"},"ticketingAuthority":true,"airline":{"iataCode":"006","abrev":"DL","name":"DelXX XXX XXXXX XXX.","id":6772484854},"bsp":{"isoCountryCode":"CH","name":"SWIT","id":6772}},{"agent":{"iataCode":"8120726","address":"C/O XXXXX XXXXXXXXXXXX XXXXX.","city":"GENEVA","name":"AE XXXXXX XXXXXXXX XXXXXX","id":67728120726,"status":"Active"},"ticketingAuthority":true,"airline":{"iataCode":"006","abrev":"DL","name":"DelXX XXX XXXXX XXX.","id":6772484854},"bsp":{"isoCountryCode":"CH","name":"SWIT","id":6772}},{"agent":{"iataCode":"8120727","address":"C/O XXXXXX XXXXXXX XXXXXX XXXX","city":"GENEVA","name":"AE XXXXXX XXXXXXXX XXXXXX","id":67728120727,"status":"Active"},"ticketingAuthority":true,"airline":{"iataCode":"006","abrev":"DL","name":"DelXX XXX XXXXX XXX.","id":6772484854},"bsp":{"isoCountryCode":"CH","name":"SWIT","id":6772}},{"agent":{"iataCode":"8120728","address":"C/O XXXXX XXXXXX XXXXXXXXXXXX","city":"GENEVA","name":"AE XXXXXX XXXXXXXX XXXXXX","id":67728120728,"status":"Active"},"ticketingAuthority":true,"airline":{"iataCode":"006","abrev":"DL","name":"DelXX XXX XXXXX XXX.","id":6772484854},"bsp":{"isoCountryCode":"CH","name":"SWIT","id":6772}},{"agent":{"iataCode":"8120730","address":"AVEXXX XXXXXXXXX 9","city":"Lausanne","name":"MAJXXXXX XXXXXXX","id":67728120730,"status":"Active"},"ticketingAuthority":true,"airline":{"iataCode":"006","abrev":"DL","name":"DelXX XXX XXXXX XXX.","id":6772484854},"bsp":{"isoCountryCode":"CH","name":"SWIT","id":6772}},{"agent":{"iataCode":"8120731","address":"SCHXXXXXXXXXXX 9","city":"Schaffhausen","name":"KUOXX XXXXXX","id":67728120731,"status":"Active"},"ticketingAuthority":true,"airline":{"iataCode":"006","abrev":"DL","name":"DelXX XXX XXXXX XXX.","id":6772484854},"bsp":{"isoCountryCode":"CH","name":"SWIT","id":6772}},{"agent":{"iataCode":"8120738","address":"POSXXXXX 999","city":"Zurich","name":"AE XXXXXX XXXXXXXX XXXXXX","id":67728120738,"status":"Active"},"ticketingAuthority":true,"airline":{"iataCode":"006","abrev":"DL","name":"DelXX XXX XXXXX XXX.","id":6772484854},"bsp":{"isoCountryCode":"CH","name":"SWIT","id":6772}},{"agent":{"iataCode":"8120739","address":"C/O XXXXXX XXXXXXXXXXXXX","city":"Lausanne","name":"CWT - XXXXXXXXXXXXXXXXXX X.X.","id":67728120739,"status":"Active"},"ticketingAuthority":true,"airline":{"iataCode":"006","abrev":"DL","name":"DelXX XXX XXXXX XXX.","id":6772484854},"bsp":{"isoCountryCode":"CH","name":"SWIT","id":6772}},{"agent":{"iataCode":"8120743","address":"BodXXXXXXXXXX, 9","city":"Zurich","name":"www.XXXXXXXXXXXX.XX","id":67728120743,"status":"Active"},"ticketingAuthority":true,"airline":{"iataCode":"006","abrev":"DL","name":"DelXX XXX XXXXX XXX.","id":6772484854},"bsp":{"isoCountryCode":"CH","name":"SWIT","id":6772}},{"agent":{"iataCode":"8120746","address":"THUXXXXXXXXXXXXX 99","city":"Zurich","name":"BCD XXXXXXX","id":67728120746,"status":"Active"},"ticketingAuthority":true,"airline":{"iataCode":"006","abrev":"DL","name":"DelXX XXX XXXXX XXX.","id":6772484854},"bsp":{"isoCountryCode":"CH","name":"SWIT","id":6772}},{"agent":{"iataCode":"8120747","address":"ROUXX XXX XXXXXXX 99","city":"Carouge","name":"CWT - XXXXXXXXXXXXXXXXXX X.X.","id":67728120747,"status":"Active"},"ticketingAuthority":true,"airline":{"iataCode":"006","abrev":"DL","name":"DelXX XXX XXXXX XXX.","id":6772484854},"bsp":{"isoCountryCode":"CH","name":"SWIT","id":6772}},{"agent":{"iataCode":"8120748","address":"THUXXXXXXXXXXXXX 99","city":"Zurich","name":"PFIXXX XXX","id":67728120748,"status":"Active"},"ticketingAuthority":true,"airline":{"iataCode":"006","abrev":"DL","name":"DelXX XXX XXXXX XXX.","id":6772484854},"bsp":{"isoCountryCode":"CH","name":"SWIT","id":6772}},{"agent":{"iataCode":"8120749","address":"BAEXXXXXXX 99","city":"Zurich","name":"AE XXXXXX XXXXXXXX XXXXXX","id":67728120749,"status":"Active"},"ticketingAuthority":true,"airline":{"iataCode":"006","abrev":"DL","name":"DelXX XXX XXXXX XXX.","id":6772484854},"bsp":{"isoCountryCode":"CH","name":"SWIT","id":6772}},{"agent":{"iataCode":"8120750","address":"THUXXXXXXXXXXXXX 99","city":"Zurich","name":"UBS XX","id":67728120750,"status":"Active"},"ticketingAuthority":true,"airline":{"iataCode":"006","abrev":"DL","name":"DelXX XXX XXXXX XXX.","id":6772484854},"bsp":{"isoCountryCode":"CH","name":"SWIT","id":6772}},{"agent":{"iataCode":"8120753","address":"RUE XX 99 XXXXXXXX 99-99& 99-9","city":"GENEVA","name":"WWW.XXXXXXX.XX","id":67728120753,"status":"Active"},"ticketingAuthority":true,"airline":{"iataCode":"006","abrev":"DL","name":"DelXX XXX XXXXX XXX.","id":6772484854},"bsp":{"isoCountryCode":"CH","name":"SWIT","id":6772}},{"agent":{"iataCode":"8120756","address":"ROUXX XX XXXXX XXXXXX, 9","city":"Nyon","name":"CWT - XXXXXXXXXXXXXXXXXX X.X.","id":67728120756,"status":"Active"},"ticketingAuthority":true,"airline":{"iataCode":"006","abrev":"DL","name":"DelXX XXX XXXXX XXX.","id":6772484854},"bsp":{"isoCountryCode":"CH","name":"SWIT","id":6772}},{"agent":{"iataCode":"8120757","address":"JOSXXXXXXXXX 999","city":"Zurich","name":"CWT - XXXXXXXXXXXXXXXXXX X.X.","id":67728120757,"status":"Active"},"ticketingAuthority":true,"airline":{"iataCode":"006","abrev":"DL","name":"DelXX XXX XXXXX XXX.","id":6772484854},"bsp":{"isoCountryCode":"CH","name":"SWIT","id":6772}},{"agent":{"iataCode":"8120758","address":"CHEXXX XX XXXXXXXXXX, 9","city":"GENEVA","name":"CWT - XXXXXXXXXXXXXXXXXX X.X.","id":67728120758,"status":"Active"},"ticketingAuthority":true,"airline":{"iataCode":"006","abrev":"DL","name":"DelXX XXX XXXXX XXX.","id":6772484854},"bsp":{"isoCountryCode":"CH","name":"SWIT","id":6772}},{"agent":{"iataCode":"8120759","address":"ANEXXXXXXXXXXXX 99","city":"Zurich","name":"AE XXXXXX XXXXXXXX XXXXXX","id":67728120759,"status":"Active"},"ticketingAuthority":true,"airline":{"iataCode":"006","abrev":"DL","name":"DelXX XXX XXXXX XXX.","id":6772484854},"bsp":{"isoCountryCode":"CH","name":"SWIT","id":6772}},{"agent":{"iataCode":"8120760","address":"93, XX. X'XXXX","city":"GENEVA","name":"ONG XXXXXXX","id":67728120760,"status":"Active"},"ticketingAuthority":true,"airline":{"iataCode":"006","abrev":"DL","name":"DelXX XXX XXXXX XXX.","id":6772484854},"bsp":{"isoCountryCode":"CH","name":"SWIT","id":6772}},{"agent":{"iataCode":"8120763","address":"JOSXXXXXXXXX, 999","city":"Zurich","name":"CWT - XXXXXXXXXXXXXXXXXX X.X.","id":67728120763,"status":"Active"},"ticketingAuthority":true,"airline":{"iataCode":"006","abrev":"DL","name":"DelXX XXX XXXXX XXX.","id":6772484854},"bsp":{"isoCountryCode":"CH","name":"SWIT","id":6772}},{"agent":{"iataCode":"8120765","address":"THUXXXXXXXXXXXXX 99","city":"Zurich","name":"BANXXX XX XXXXXXXXXX","id":67728120765,"status":"Active"},"ticketingAuthority":true,"airline":{"iataCode":"006","abrev":"DL","name":"DelXX XXX XXXXX XXX.","id":6772484854},"bsp":{"isoCountryCode":"CH","name":"SWIT","id":6772}},{"agent":{"iataCode":"8120766","address":"","city":"GENEVA","name":"WWW.XXXXXXX.XX","id":67728120766,"status":"Active"},"ticketingAuthority":true,"airline":{"iataCode":"006","abrev":"DL","name":"DelXX XXX XXXXX XXX.","id":6772484854},"bsp":{"isoCountryCode":"CH","name":"SWIT","id":6772}},{"agent":{"iataCode":"8120767","address":"RouXX XX XXXXX XXXXXX, 9","city":"Carouge","name":"3MUXXX","id":67728120767,"status":"Active"},"ticketingAuthority":true,"airline":{"iataCode":"006","abrev":"DL","name":"DelXX XXX XXXXX XXX.","id":6772484854},"bsp":{"isoCountryCode":"CH","name":"SWIT","id":6772}},{"agent":{"iataCode":"8120768","address":"THUXXXXXXXXXXXXX 99","city":"Zurich","name":"CARXXXX","id":67728120768,"status":"Active"},"ticketingAuthority":true,"airline":{"iataCode":"006","abrev":"DL","name":"DelXX XXX XXXXX XXX.","id":6772484854},"bsp":{"isoCountryCode":"CH","name":"SWIT","id":6772}},{"agent":{"iataCode":"8120769","address":"54-99, XXX XX XXXXXXXXXXXX","city":"GENEVA","name":"CWT - XXXXXXXXXXXXXXXXXX X.X.","id":67728120769,"status":"Active"},"ticketingAuthority":true,"airline":{"iataCode":"006","abrev":"DL","name":"DelXX XXX XXXXX XXX.","id":6772484854},"bsp":{"isoCountryCode":"CH","name":"SWIT","id":6772}},{"agent":{"iataCode":"8120771","address":"PLAXX XXX XXXXXXX","city":"GENEVA","name":"CWT - XXXXXXXXXXXXXXXXXX X.X.","id":67728120771,"status":"Active"},"ticketingAuthority":true,"airline":{"iataCode":"006","abrev":"DL","name":"DelXX XXX XXXXX XXX.","id":6772484854},"bsp":{"isoCountryCode":"CH","name":"SWIT","id":6772}},{"agent":{"iataCode":"8120772","address":"11-99, XXXXXX XXX XXXXXXXX","city":"Chatelaine","name":"CWT - XXXXXXXXXXXXXXXXXX X.X.","id":67728120772,"status":"Active"},"ticketingAuthority":true,"airline":{"iataCode":"006","abrev":"DL","name":"DelXX XXX XXXXX XXX.","id":6772484854},"bsp":{"isoCountryCode":"CH","name":"SWIT","id":6772}},{"agent":{"iataCode":"8120773","address":"AVEXXX XXXXX 99","city":"GENEVA","name":"CWT - XXXXXXXXXXXXXXXXXX X.X.","id":67728120773,"status":"Active"},"ticketingAuthority":true,"airline":{"iataCode":"006","abrev":"DL","name":"DelXX XXX XXXXX XXX.","id":6772484854},"bsp":{"isoCountryCode":"CH","name":"SWIT","id":6772}},{"agent":{"iataCode":"8120774","address":"AVEXXX XXXXX 99","city":"GENEVA","name":"CWT - XXXXXXXXXXXXXXXXXX X.X.","id":67728120774,"status":"Active"},"ticketingAuthority":true,"airline":{"iataCode":"006","abrev":"DL","name":"DelXX XXX XXXXX XXX.","id":6772484854},"bsp":{"isoCountryCode":"CH","name":"SWIT","id":6772}},{"agent":{"iataCode":"8120775","address":"AVEXXX XX XX XXXX 9XXX","city":"GENEVA","name":"CWT - XXXXXXXXXXXXXXXXXX X.X.","id":67728120775,"status":"Active"},"ticketingAuthority":true,"airline":{"iataCode":"006","abrev":"DL","name":"DelXX XXX XXXXX XXX.","id":6772484854},"bsp":{"isoCountryCode":"CH","name":"SWIT","id":6772}},{"agent":{"iataCode":"8120776","address":"94, XXX XX XXXXXXXXXXXX","city":"GENEVA","name":"CWT - XXXXXXXXXXXXXXXXXX X.X.","id":67728120776,"status":"Active"},"ticketingAuthority":true,"airline":{"iataCode":"006","abrev":"DL","name":"DelXX XXX XXXXX XXX.","id":6772484854},"bsp":{"isoCountryCode":"CH","name":"SWIT","id":6772}},{"agent":{"iataCode":"8120777","address":"CHEXXX XXX XXXXXXXXXXX 99","city":"GENEVA","name":"CWT - XXXXXXXXXXXXXXXXXX X.X.","id":67728120777,"status":"Active"},"ticketingAuthority":true,"airline":{"iataCode":"006","abrev":"DL","name":"DelXX XXX XXXXX XXX.","id":6772484854},"bsp":{"isoCountryCode":"CH","name":"SWIT","id":6772}},{"agent":{"iataCode":"8120780","address":"THUXXXXXXXXXXXXX 99","city":"Zurich","name":"BCD XXXXXX XXXXXX XX","id":67728120780,"status":"Active"},"ticketingAuthority":true,"airline":{"iataCode":"006","abrev":"DL","name":"DelXX XXX XXXXX XXX.","id":6772484854},"bsp":{"isoCountryCode":"CH","name":"SWIT","id":6772}},{"agent":{"iataCode":"8120782","address":"BRAXXXXXXXXX.99","city":"Dietlikon","name":"FTI XXXXXXXXXX XX","id":67728120782,"status":"Active"},"ticketingAuthority":true,"airline":{"iataCode":"006","abrev":"DL","name":"DelXX XXX XXXXX XXX.","id":6772484854},"bsp":{"isoCountryCode":"CH","name":"SWIT","id":6772}},{"agent":{"iataCode":"8120783","address":"","city":"GENEVA","name":"EBOXXXXX.XXX XX","id":67728120783,"status":"Active"},"ticketingAuthority":true,"airline":{"iataCode":"006","abrev":"DL","name":"DelXX XXX XXXXX XXX.","id":6772484854},"bsp":{"isoCountryCode":"CH","name":"SWIT","id":6772}},{"agent":{"iataCode":"8120784","address":"AVEXXX XX XX XXXX 9-9","city":"GENEVA","name":"CWT - XXXXXXXXXXXXXXXXXX X.X.","id":67728120784,"status":"Active"},"ticketingAuthority":true,"airline":{"iataCode":"006","abrev":"DL","name":"DelXX XXX XXXXX XXX.","id":6772484854},"bsp":{"isoCountryCode":"CH","name":"SWIT","id":6772}},{"agent":{"iataCode":"8120785","address":"GRAXXXXXXXXX.9","city":"Volketswil","name":"ITS XXXX XXXXXXX","id":67728120785,"status":"Active"},"ticketingAuthority":true,"airline":{"iataCode":"006","abrev":"DL","name":"DelXX XXX XXXXX XXX.","id":6772484854},"bsp":{"isoCountryCode":"CH","name":"SWIT","id":6772}},{"agent":{"iataCode":"8120786","address":"MAEXXXXXXXXXXXXXXXXXXX 99","city":"Basel","name":"CWT - XXXXXXXXXXXXXXXXXX X.X.","id":67728120786,"status":"Active"},"ticketingAuthority":true,"airline":{"iataCode":"006","abrev":"DL","name":"DelXX XXX XXXXX XXX.","id":6772484854},"bsp":{"isoCountryCode":"CH","name":"SWIT","id":6772}},{"agent":{"iataCode":"8120787","address":"THUXXXXXXXXXXXXX 99","city":"Zurich","name":"M&E","id":67728120787,"status":"Active"},"ticketingAuthority":true,"airline":{"iataCode":"006","abrev":"DL","name":"DelXX XXX XXXXX XXX.","id":6772484854},"bsp":{"isoCountryCode":"CH","name":"SWIT","id":6772}},{"agent":{"iataCode":"8120860","address":"LimXXXXXXXXXX 999","city":"Zurich","name":"TEN XXXXXXXXX XXXXXXXXXX XXXXX","id":67728120860,"status":"Active"},"ticketingAuthority":true,"airline":{"iataCode":"006","abrev":"DL","name":"DelXX XXX XXXXX XXX.","id":6772484854},"bsp":{"isoCountryCode":"CH","name":"SWIT","id":6772}},{"agent":{"iataCode":"8121006","address":"BAHXXXXXXXXXXX 99","city":"Root","name":"TAKX XX XXXXXX XX","id":67728121006,"status":"Active"},"ticketingAuthority":true,"airline":{"iataCode":"006","abrev":"DL","name":"DelXX XXX XXXXX XXX.","id":6772484854},"bsp":{"isoCountryCode":"CH","name":"SWIT","id":6772}},{"agent":{"iataCode":"8121008","address":"93, XX. X'XXXX","city":"GENEVA","name":"TRAXXXXXXX 9999 X.X.","id":67728121008,"status":"Active"},"ticketingAuthority":true,"airline":{"iataCode":"006","abrev":"DL","name":"DelXX XXX XXXXX XXX.","id":6772484854},"bsp":{"isoCountryCode":"CH","name":"SWIT","id":6772}},{"agent":{"iataCode":"8121017","address":"RUE XX X'XXXXXXX 9","city":"Neuchatel","name":"KUOXX XXXXXX","id":67728121017,"status":"Active"},"ticketingAuthority":true,"airline":{"iataCode":"006","abrev":"DL","name":"DelXX XXX XXXXX XXX.","id":6772484854},"bsp":{"isoCountryCode":"CH","name":"SWIT","id":6772}},{"agent":{"iataCode":"8121024","address":"MAN XXXXXXX XXXXXXXXXX 99","city":"Zurich","name":"HRG XXXXXXXXXXX","id":67728121024,"status":"Active"},"ticketingAuthority":true,"airline":{"iataCode":"006","abrev":"DL","name":"DelXX XXX XXXXX XXX.","id":6772484854},"bsp":{"isoCountryCode":"CH","name":"SWIT","id":6772}},{"agent":{"iataCode":"8121025","address":"BOUXXXXXX XXXXXXXXXX 99","city":"GENEVA","name":"AERXXXXX XXXXXXX XXXX","id":67728121025,"status":"Active"},"ticketingAuthority":true,"airline":{"iataCode":"006","abrev":"DL","name":"DelXX XXX XXXXX XXX.","id":6772484854},"bsp":{"isoCountryCode":"CH","name":"SWIT","id":6772}},{"agent":{"iataCode":"8121027","address":"P.O. XXX XXXXXXXXXXXXX 9 XXXXX","city":"Zurich","name":"DNAXX XXXXXXXXXXX XX","id":67728121027,"status":"Active"},"ticketingAuthority":true,"airline":{"iataCode":"006","abrev":"DL","name":"DelXX XXX XXXXX XXX.","id":6772484854},"bsp":{"isoCountryCode":"CH","name":"SWIT","id":6772}},{"agent":{"iataCode":"8121030","address":"LANXXXXXXXXXXXX 9X X.X. XXX 99","city":"Rotkreuz","name":"PARX XXXX XXXXXX XXX","id":67728121030,"status":"Active"},"ticketingAuthority":true,"airline":{"iataCode":"006","abrev":"DL","name":"DelXX XXX XXXXX XXX.","id":6772484854},"bsp":{"isoCountryCode":"CH","name":"SWIT","id":6772}},{"agent":{"iataCode":"8121033","address":"CHEXXX XX XXXXXXXXXXXX 9","city":"Gland","name":"DESXXXXXXXXX.XX XX","id":67728121033,"status":"Active"},"ticketingAuthority":true,"airline":{"iataCode":"006","abrev":"DL","name":"DelXX XXX XXXXX XXX.","id":6772484854},"bsp":{"isoCountryCode":"CH","name":"SWIT","id":6772}},{"agent":{"iataCode":"8121037","address":"BINXXXXXXXXXXXXXX 99","city":"Zurich","name":"ALP-XXXXX","id":67728121037,"status":"Active"},"ticketingAuthority":true,"airline":{"iataCode":"006","abrev":"DL","name":"DelXX XXX XXXXX XXX.","id":6772484854},"bsp":{"isoCountryCode":"CH","name":"SWIT","id":6772}},{"agent":{"iataCode":"8121039","address":"ALPXXXXXXXXX 9","city":"Lucerne","name":"KOMXXX XXXXXX XX","id":67728121039,"status":"Active"},"ticketingAuthority":true,"airline":{"iataCode":"006","abrev":"DL","name":"DelXX XXX XXXXX XXX.","id":6772484854},"bsp":{"isoCountryCode":"CH","name":"SWIT","id":6772}},{"agent":{"iataCode":"8121043","address":"LAVXXXXXXXXXXX 99","city":"Zurich","name":"BRAXX XXXXXX XX","id":67728121043,"status":"Active"},"ticketingAuthority":true,"airline":{"iataCode":"006","abrev":"DL","name":"DelXX XXX XXXXX XXX.","id":6772484854},"bsp":{"isoCountryCode":"CH","name":"SWIT","id":6772}},{"agent":{"iataCode":"8121046","address":"SIHXXXXXXXXXXXX 99","city":"Zurich","name":"VATXX XX","id":67728121046,"status":"Active"},"ticketingAuthority":true,"airline":{"iataCode":"006","abrev":"DL","name":"DelXX XXX XXXXX XXX.","id":6772484854},"bsp":{"isoCountryCode":"CH","name":"SWIT","id":6772}},{"agent":{"iataCode":"8121051","address":"FRIXXXXXXXXXXXXXXX 99","city":"Zurich","name":"TUI XXXXXX XXX","id":67728121051,"status":"Active"},"ticketingAuthority":true,"airline":{"iataCode":"006","abrev":"DL","name":"DelXX XXX XXXXX XXX.","id":6772484854},"bsp":{"isoCountryCode":"CH","name":"SWIT","id":6772}},{"agent":{"iataCode":"8121056","address":"RIVX XXXXXXXX 9","city":"Lugano","name":"DIAXXXX XXXXXX X.X.","id":67728121056,"status":"Active"},"ticketingAuthority":true,"airline":{"iataCode":"006","abrev":"DL","name":"DelXX XXX XXXXX XXX.","id":6772484854},"bsp":{"isoCountryCode":"CH","name":"SWIT","id":6772}},{"agent":{"iataCode":"8121059","address":"MALXXXXXXXX 99","city":"Zurich","name":"GUTXXXX XXXXXX X.X. XXXXXXX","id":67728121059,"status":"Active"},"ticketingAuthority":true,"airline":{"iataCode":"006","abrev":"DL","name":"DelXX XXX XXXXX XXX.","id":6772484854},"bsp":{"isoCountryCode":"CH","name":"SWIT","id":6772}},{"agent":{"iataCode":"8121061","address":"PIAXXX XXX XXXX","city":"Bellinzona","name":"MISXXX XXXXXX XXXXXX XXXXXXX","id":67728121061,"status":"Active"},"ticketingAuthority":true,"airline":{"iataCode":"006","abrev":"DL","name":"DelXX XXX XXXXX XXX.","id":6772484854},"bsp":{"isoCountryCode":"CH","name":"SWIT","id":6772}},{"agent":{"iataCode":"8121063","address":"AVEXXX XXXXXX XXXXXXX, 99","city":"GENEVA","name":"MSC XXXXXXX","id":67728121063,"status":"Active"},"ticketingAuthority":true,"airline":{"iataCode":"006","abrev":"DL","name":"DelXX XXX XXXXX XXX.","id":6772484854},"bsp":{"isoCountryCode":"CH","name":"SWIT","id":6772}},{"agent":{"iataCode":"8121065","address":"STRXXXXXXXX 99","city":"Zurich","name":"POLXXXXXX XXXXX & XXXXXX XX","id":67728121065,"status":"Active"},"ticketingAuthority":true,"airline":{"iataCode":"006","abrev":"DL","name":"DelXX XXX XXXXX XXX.","id":6772484854},"bsp":{"isoCountryCode":"CH","name":"SWIT","id":6772}},{"agent":{"iataCode":"8121068","address":"NEUX XXXX 9","city":"Zurich","name":"KUOXX XXXXXX","id":67728121068,"status":"Active"},"ticketingAuthority":true,"airline":{"iataCode":"006","abrev":"DL","name":"DelXX XXX XXXXX XXX.","id":6772484854},"bsp":{"isoCountryCode":"CH","name":"SWIT","id":6772}},{"agent":{"iataCode":"8121070","address":"38, XXX XXXX-XXXXXX","city":"Bassecourt","name":"VOYXXXX XXXXXXXX","id":67728121070,"status":"Active"},"ticketingAuthority":true,"airline":{"iataCode":"006","abrev":"DL","name":"DelXX XXX XXXXX XXX.","id":6772484854},"bsp":{"isoCountryCode":"CH","name":"SWIT","id":6772}},{"agent":{"iataCode":"8121072","address":"BAHXXXXXXXXXXXX 9","city":"Zug","name":"BTA XXXXX","id":67728121072,"status":"Active"},"ticketingAuthority":true,"airline":{"iataCode":"006","abrev":"DL","name":"DelXX XXX XXXXX XXX.","id":6772484854},"bsp":{"isoCountryCode":"CH","name":"SWIT","id":6772}},{"agent":{"iataCode":"8121079","address":"13, XXX XX XXXXXXXXXXXX","city":"GENEVA","name":"VL XXXXXXXX XX XXXXXXX X.X.","id":67728121079,"status":"Active"},"ticketingAuthority":true,"airline":{"iataCode":"006","abrev":"DL","name":"DelXX XXX XXXXX XXX.","id":6772484854},"bsp":{"isoCountryCode":"CH","name":"SWIT","id":6772}},{"agent":{"iataCode":"8121080","address":"CORXX XXXXXXXXXX 99","city":"Lugano","name":"VIAXXXXXX XX","id":67728121080,"status":"Active"},"ticketingAuthority":true,"airline":{"iataCode":"006","abrev":"DL","name":"DelXX XXX XXXXX XXX.","id":6772484854},"bsp":{"isoCountryCode":"CH","name":"SWIT","id":6772}},{"agent":{"iataCode":"8121091","address":"BAHXXXXXXXXXXX 9 (9.XX)","city":"Lyss","name":"CAMXXXXXXXX XXXXXX XX","id":67728121091,"status":"Active"},"ticketingAuthority":true,"airline":{"iataCode":"006","abrev":"DL","name":"DelXX XXX XXXXX XXX.","id":6772484854},"bsp":{"isoCountryCode":"CH","name":"SWIT","id":6772}},{"agent":{"iataCode":"8121094","address":"SEEXXXXXXX99 X.X. XXX 99","city":"Walenstadt","name":"ALPXX XXXXXX XXXX","id":67728121094,"status":"Active"},"ticketingAuthority":true,"airline":{"iataCode":"006","abrev":"DL","name":"DelXX XXX XXXXX XXX.","id":6772484854},"bsp":{"isoCountryCode":"CH","name":"SWIT","id":6772}},{"agent":{"iataCode":"8121095","address":"9, XXX XX XXXXX","city":"GENEVA","name":"LE XXXX XXX XXXXX XX","id":67728121095,"status":"Active"},"ticketingAuthority":true,"airline":{"iataCode":"006","abrev":"DL","name":"DelXX XXX XXXXX XXX.","id":6772484854},"bsp":{"isoCountryCode":"CH","name":"SWIT","id":6772}},{"agent":{"iataCode":"8121098","address":"ManXXXXXXXXXXX 999","city":"Zurich","name":"GLOXXX XXXXX XXXX","id":67728121098,"status":"Active"},"ticketingAuthority":true,"airline":{"iataCode":"006","abrev":"DL","name":"DelXX XXX XXXXX XXX.","id":6772484854},"bsp":{"isoCountryCode":"CH","name":"SWIT","id":6772}},{"agent":{"iataCode":"8121100","address":"BLUXXXXXXXXXX 9 XXXX XXXX","city":"Goldach","name":"SINXXX XXXXXX XXXX","id":67728121100,"status":"Active"},"ticketingAuthority":true,"airline":{"iataCode":"006","abrev":"DL","name":"DelXX XXX XXXXX XXX.","id":6772484854},"bsp":{"isoCountryCode":"CH","name":"SWIT","id":6772}},{"agent":{"iataCode":"8121104","address":"BREXXX 9","city":"Zurich","name":"REIXX-XXXXX XXXXXXX","id":67728121104,"status":"Active"},"ticketingAuthority":true,"airline":{"iataCode":"006","abrev":"DL","name":"DelXX XXX XXXXX XXX.","id":6772484854},"bsp":{"isoCountryCode":"CH","name":"SWIT","id":6772}},{"agent":{"iataCode":"8121105","address":"BRUXXXXXXXXX 99","city":"Lucerne","name":"JET XXXXXX XX","id":67728121105,"status":"Active"},"ticketingAuthority":true,"airline":{"iataCode":"006","abrev":"DL","name":"DelXX XXX XXXXX XXX.","id":6772484854},"bsp":{"isoCountryCode":"CH","name":"SWIT","id":6772}},{"agent":{"iataCode":"8121107","address":"AV. XX XX XXXX 99","city":"Lausanne","name":"PANXXXXX XXXXXXX","id":67728121107,"status":"Active"},"ticketingAuthority":true,"airline":{"iataCode":"006","abrev":"DL","name":"DelXX XXX XXXXX XXX.","id":6772484854},"bsp":{"isoCountryCode":"CH","name":"SWIT","id":6772}},{"agent":{"iataCode":"8121108","address":"AVEXXX XX XXXXXXXXXX 9","city":"Lausanne","name":"S.E.X. XXXXXXX XXXX","id":67728121108,"status":"Active"},"ticketingAuthority":true,"airline":{"iataCode":"006","abrev":"DL","name":"DelXX XXX XXXXX XXX.","id":6772484854},"bsp":{"isoCountryCode":"CH","name":"SWIT","id":6772}},{"agent":{"iataCode":"8121109","address":"CENXXXXXXXXXXXXX 99 XXXXXXXX","city":"Basel","name":"DITX","id":67728121109,"status":"Active"},"ticketingAuthority":true,"airline":{"iataCode":"006","abrev":"DL","name":"DelXX XXX XXXXX XXX.","id":6772484854},"bsp":{"isoCountryCode":"CH","name":"SWIT","id":6772}},{"agent":{"iataCode":"8121111","address":"2 RXX XX XX XXXXXXXXXX","city":"Carouge","name":"B TX X XXXXXX XX","id":67728121111,"status":"Active"},"ticketingAuthority":true,"airline":{"iataCode":"006","abrev":"DL","name":"DelXX XXX XXXXX XXX.","id":6772484854},"bsp":{"isoCountryCode":"CH","name":"SWIT","id":6772}},{"agent":{"iataCode":"8121114","address":"KAKXXXXXXXXXXXXX 99","city":"Zurich","name":"AGEXXXX X. XXXXX-XXXXXXX","id":67728121114,"status":"Active"},"ticketingAuthority":true,"airline":{"iataCode":"006","abrev":"DL","name":"DelXX XXX XXXXX XXX.","id":6772484854},"bsp":{"isoCountryCode":"CH","name":"SWIT","id":6772}},{"agent":{"iataCode":"8121115","address":"OBEXX XXXXXXXXXXXXXX 99","city":"Wil","name":"AYDXXXX XXXXXX XXXX","id":67728121115,"status":"Active"},"ticketingAuthority":true,"airline":{"iataCode":"006","abrev":"DL","name":"DelXX XXX XXXXX XXX.","id":6772484854},"bsp":{"isoCountryCode":"CH","name":"SWIT","id":6772}},{"agent":{"iataCode":"8121126","address":"RUE XXXXXXX 9","city":"GENEVA","name":"V.I.X. XXXXXXX X.X.","id":67728121126,"status":"Active"},"ticketingAuthority":true,"airline":{"iataCode":"006","abrev":"DL","name":"DelXX XXX XXXXX XXX.","id":6772484854},"bsp":{"isoCountryCode":"CH","name":"SWIT","id":6772}},{"agent":{"iataCode":"8121127","address":"SEIXXXXXXXXX 99","city":"Zurich","name":"PRIXX XXXXXX XXXXXX","id":67728121127,"status":"Active"},"ticketingAuthority":true,"airline":{"iataCode":"006","abrev":"DL","name":"DelXX XXX XXXXX XXX.","id":6772484854},"bsp":{"isoCountryCode":"CH","name":"SWIT","id":6772}},{"agent":{"iataCode":"8121128","address":"RUE XXXXXXX XXXXXX 99","city":"GENEVA","name":"CLUX XXXXXXXX","id":67728121128,"status":"Active"},"ticketingAuthority":true,"airline":{"iataCode":"006","abrev":"DL","name":"DelXX XXX XXXXX XXX.","id":6772484854},"bsp":{"isoCountryCode":"CH","name":"SWIT","id":6772}},{"agent":{"iataCode":"8121130","address":"TICXXX XXXXXX/XXXX XXXXXXXX","city":"Zurich","name":"TICXXX XXXXXX","id":67728121130,"status":"Active"},"ticketingAuthority":true,"airline":{"iataCode":"006","abrev":"DL","name":"DelXX XXX XXXXX XXX.","id":6772484854},"bsp":{"isoCountryCode":"CH","name":"SWIT","id":6772}},{"agent":{"iataCode":"8121131","address":"RATXXXXXXXXX 99","city":"LENZBURG 2","name":"ALTXXXXX XXXXXX XX","id":67728121131,"status":"Non Active"},"ticketingAuthority":true,"airline":{"iataCode":"006","abrev":"DL","name":"DelXX XXX XXXXX XXX.","id":6772484854},"bsp":{"isoCountryCode":"CH","name":"SWIT","id":6772}},{"agent":{"iataCode":"8121143","address":"IM XXXXXXXXXXXXX 9","city":"Zurich","name":"INSXXXX XXXXXX","id":67728121143,"status":"Active"},"ticketingAuthority":true,"airline":{"iataCode":"006","abrev":"DL","name":"DelXX XXX XXXXX XXX.","id":6772484854},"bsp":{"isoCountryCode":"CH","name":"SWIT","id":6772}},{"agent":{"iataCode":"8121144","address":"VIA XXXXX 99","city":"Chiasso","name":"UVEX XX XX","id":67728121144,"status":"Active"},"ticketingAuthority":true,"airline":{"iataCode":"006","abrev":"DL","name":"DelXX XXX XXXXX XXX.","id":6772484854},"bsp":{"isoCountryCode":"CH","name":"SWIT","id":6772}},{"agent":{"iataCode":"8121147","address":"RUE XX XXXXXXXX 99","city":"Fribourg","name":"INDXXX XXXXX XX","id":67728121147,"status":"Active"},"ticketingAuthority":true,"airline":{"iataCode":"006","abrev":"DL","name":"DelXX XXX XXXXX XXX.","id":6772484854},"bsp":{"isoCountryCode":"CH","name":"SWIT","id":6772}},{"agent":{"iataCode":"8121152","address":"AV. XXXXX XXXXX 99","city":"GENEVA","name":"EXEXXXXXX XXXXXX XXXXXXX XX","id":67728121152,"status":"Active"},"ticketingAuthority":true,"airline":{"iataCode":"006","abrev":"DL","name":"DelXX XXX XXXXX XXX.","id":6772484854},"bsp":{"isoCountryCode":"CH","name":"SWIT","id":6772}},{"agent":{"iataCode":"8121156","address":"31 XXX XXXXXXX","city":"Carouge","name":"HAVXX XXXXXXX","id":67728121156,"status":"Active"},"ticketingAuthority":true,"airline":{"iataCode":"006","abrev":"DL","name":"DelXX XXX XXXXX XXX.","id":6772484854},"bsp":{"isoCountryCode":"CH","name":"SWIT","id":6772}},{"agent":{"iataCode":"8121157","address":"FIFX-XXXXXXX 99","city":"Zurich","name":"FedXXXXXXX XXXXXXXXXXXXXX XX X","id":67728121157,"status":"Active"},"ticketingAuthority":true,"airline":{"iataCode":"006","abrev":"DL","name":"DelXX XXX XXXXX XXX.","id":6772484854},"bsp":{"isoCountryCode":"CH","name":"SWIT","id":6772}},{"agent":{"iataCode":"8121159","address":"HerXXXXXXXX 99","city":"Zurich","name":"KuoXX XXXXXX","id":67728121159,"status":"Active"},"ticketingAuthority":true,"airline":{"iataCode":"006","abrev":"DL","name":"DelXX XXX XXXXX XXX.","id":6772484854},"bsp":{"isoCountryCode":"CH","name":"SWIT","id":6772}},{"agent":{"iataCode":"8121163","address":"POSXXXXXXXX 99","city":"ST GALLEN","name":"BTA XXXXX","id":67728121163,"status":"Active"},"ticketingAuthority":true,"airline":{"iataCode":"006","abrev":"DL","name":"DelXX XXX XXXXX XXX.","id":6772484854},"bsp":{"isoCountryCode":"CH","name":"SWIT","id":6772}},{"agent":{"iataCode":"8121166","address":"UNTXXXXX 99","city":"Winterthur","name":"NET XXXX XXXXX","id":67728121166,"status":"Active"},"ticketingAuthority":true,"airline":{"iataCode":"006","abrev":"DL","name":"DelXX XXX XXXXX XXX.","id":6772484854},"bsp":{"isoCountryCode":"CH","name":"SWIT","id":6772}},{"agent":{"iataCode":"8121167","address":"RUE XX XX XXXXXXXX 99","city":"GENEVA","name":"MONXX XXXXXXX XXXX","id":67728121167,"status":"Active"},"ticketingAuthority":true,"airline":{"iataCode":"006","abrev":"DL","name":"DelXX XXX XXXXX XXX.","id":6772484854},"bsp":{"isoCountryCode":"CH","name":"SWIT","id":6772}},{"agent":{"iataCode":"8121169","address":"SCHXXXXXXXXXXX 99 XXX XXXXXXXX","city":"Biel","name":"SOL XXX XXXXXXX","id":67728121169,"status":"Active"},"ticketingAuthority":true,"airline":{"iataCode":"006","abrev":"DL","name":"DelXX XXX XXXXX XXX.","id":6772484854},"bsp":{"isoCountryCode":"CH","name":"SWIT","id":6772}},{"agent":{"iataCode":"8121175","address":"FRAXXXXXXXXXXXX 99","city":"Zurich","name":"GLOXXX XXXXXX XXXX","id":67728121175,"status":"Active"},"ticketingAuthority":true,"airline":{"iataCode":"006","abrev":"DL","name":"DelXX XXX XXXXX XXX.","id":6772484854},"bsp":{"isoCountryCode":"CH","name":"SWIT","id":6772}},{"agent":{"iataCode":"8121180","address":"ROUXX XX XXXXXXX 99","city":"Blonay","name":"LA XXX XXX XXXX XX","id":67728121180,"status":"Active"},"ticketingAuthority":true,"airline":{"iataCode":"006","abrev":"DL","name":"DelXX XXX XXXXX XXX.","id":6772484854},"bsp":{"isoCountryCode":"CH","name":"SWIT","id":6772}},{"agent":{"iataCode":"8121183","address":"BINXXXXXXXX 99","city":"Zurich","name":"STC XXXXXXXXXXX XXXXXX XXXXXX","id":67728121183,"status":"Active"},"ticketingAuthority":true,"airline":{"iataCode":"006","abrev":"DL","name":"DelXX XXX XXXXX XXX.","id":6772484854},"bsp":{"isoCountryCode":"CH","name":"SWIT","id":6772}},{"agent":{"iataCode":"8121187","address":"ROUXX XX X'XXXXXXXX 99","city":"GENEVA","name":"SWIXXXXXX XXXXXXXXXXXXX XX","id":67728121187,"status":"Active"},"ticketingAuthority":true,"airline":{"iataCode":"006","abrev":"DL","name":"DelXX XXX XXXXX XXX.","id":6772484854},"bsp":{"isoCountryCode":"CH","name":"SWIT","id":6772}},{"agent":{"iataCode":"8121188","address":"KANXXXXXXXXXXXXXX 99","city":"Basel","name":"PINX XXXXXX XX","id":67728121188,"status":"Active"},"ticketingAuthority":true,"airline":{"iataCode":"006","abrev":"DL","name":"DelXX XXX XXXXX XXX.","id":6772484854},"bsp":{"isoCountryCode":"CH","name":"SWIT","id":6772}},{"agent":{"iataCode":"8121189","address":"34, XX. XXXXXXXX-XXXXXXX XXXX","city":"Lausanne","name":"DEPXXX XXXXXXX XX","id":67728121189,"status":"Active"},"ticketingAuthority":true,"airline":{"iataCode":"006","abrev":"DL","name":"DelXX XXX XXXXX XXX.","id":6772484854},"bsp":{"isoCountryCode":"CH","name":"SWIT","id":6772}},{"agent":{"iataCode":"8121191","address":"VIA XXXXXXXX 99","city":"Locarno","name":"VOLX X XX XXXX","id":67728121191,"status":"Active"},"ticketingAuthority":true,"airline":{"iataCode":"006","abrev":"DL","name":"DelXX XXX XXXXX XXX.","id":6772484854},"bsp":{"isoCountryCode":"CH","name":"SWIT","id":6772}},{"agent":{"iataCode":"8121192","address":"RUE XXXXXXX XX XXXXX 99","city":"GENEVA","name":"DREXXXXXX XXXXXXX XX","id":67728121192,"status":"Active"},"ticketingAuthority":true,"airline":{"iataCode":"006","abrev":"DL","name":"DelXX XXX XXXXX XXX.","id":6772484854},"bsp":{"isoCountryCode":"CH","name":"SWIT","id":6772}},{"agent":{"iataCode":"8121193","address":"SELXXXXXXXXXX 99","city":"Zurich","name":"EF XXXXXX","id":67728121193,"status":"Active"},"ticketingAuthority":true,"airline":{"iataCode":"006","abrev":"DL","name":"DelXX XXX XXXXX XXX.","id":6772484854},"bsp":{"isoCountryCode":"CH","name":"SWIT","id":6772}},{"agent":{"iataCode":"8121194","address":"CHEXXX XXX XXXXXXXXX 99","city":"GENEVA","name":"BK XXXXXXXXXXXX XX","id":67728121194,"status":"Active"},"ticketingAuthority":true,"airline":{"iataCode":"006","abrev":"DL","name":"DelXX XXX XXXXX XXX.","id":6772484854},"bsp":{"isoCountryCode":"CH","name":"SWIT","id":6772}},{"agent":{"iataCode":"8121195","address":"PIAXXXXX XXXX XXXXX 9","city":"Mendrisio","name":"DAVXXXXXX XX","id":67728121195,"status":"Active"},"ticketingAuthority":true,"airline":{"iataCode":"006","abrev":"DL","name":"DelXX XXX XXXXX XXX.","id":6772484854},"bsp":{"isoCountryCode":"CH","name":"SWIT","id":6772}},{"agent":{"iataCode":"8121196","address":"INDXXXXXXXXXXXXX 99","city":"Wallisellen","name":"HENXX XXXXXX XX","id":67728121196,"status":"Active"},"ticketingAuthority":true,"airline":{"iataCode":"006","abrev":"DL","name":"DelXX XXX XXXXX XXX.","id":6772484854},"bsp":{"isoCountryCode":"CH","name":"SWIT","id":6772}},{"agent":{"iataCode":"8121206","address":"IN XXXXXXXXXX 9","city":"Dubendorf","name":"L'TXX XXXXXX XX","id":67728121206,"status":"Active"},"ticketingAuthority":true,"airline":{"iataCode":"006","abrev":"DL","name":"DelXX XXX XXXXX XXX.","id":6772484854},"bsp":{"isoCountryCode":"CH","name":"SWIT","id":6772}},{"agent":{"iataCode":"8121207","address":"TERXXXXX X","city":"Zurich","name":"CGS XXXXXXX XXXXXXXX","id":67728121207,"status":"Active"},"ticketingAuthority":true,"airline":{"iataCode":"006","abrev":"DL","name":"DelXX XXX XXXXX XXX.","id":6772484854},"bsp":{"isoCountryCode":"CH","name":"SWIT","id":6772}},{"agent":{"iataCode":"8121208","address":"TERXXXXX 9 - X9 - 999","city":"Zurich","name":"PUTXXX XXXX","id":67728121208,"status":"Active"},"ticketingAuthority":true,"airline":{"iataCode":"006","abrev":"DL","name":"DelXX XXX XXXXX XXX.","id":6772484854},"bsp":{"isoCountryCode":"CH","name":"SWIT","id":6772}},{"agent":{"iataCode":"8121209","address":"LAEXXXXXXXXXXXXX 99","city":"Bern","name":"SIVX XXXXXX&XXXXXXX XXXX","id":67728121209,"status":"Active"},"ticketingAuthority":true,"airline":{"iataCode":"006","abrev":"DL","name":"DelXX XXX XXXXX XXX.","id":6772484854},"bsp":{"isoCountryCode":"CH","name":"SWIT","id":6772}},{"agent":{"iataCode":"8121213","address":"BIMXXXXXXXXXXXXXXXX 99 XXXXXXX","city":"Kloten","name":"PREXXXX XXX XXX.","id":67728121213,"status":"Active"},"ticketingAuthority":true,"airline":{"iataCode":"006","abrev":"DL","name":"DelXX XXX XXXXX XXX.","id":6772484854},"bsp":{"isoCountryCode":"CH","name":"SWIT","id":6772}},{"agent":{"iataCode":"8121218","address":"42 XXX XX XXXXXXXX","city":"GENEVA","name":"AD XXXXXX XX","id":67728121218,"status":"Active"},"ticketingAuthority":true,"airline":{"iataCode":"006","abrev":"DL","name":"DelXX XXX XXXXX XXX.","id":6772484854},"bsp":{"isoCountryCode":"CH","name":"SWIT","id":6772}},{"agent":{"iataCode":"8121221","address":"STAXXXXXXXXXXXXXX 9","city":"Zurich","name":"ASIXXXX XXXXXXX- XXXXXXXXXXX X","id":67728121221,"status":"Active"},"ticketingAuthority":true,"airline":{"iataCode":"006","abrev":"DL","name":"DelXX XXX XXXXX XXX.","id":6772484854},"bsp":{"isoCountryCode":"CH","name":"SWIT","id":6772}},{"agent":{"iataCode":"8121222","address":"10 XXX XXXXXXXX XXXXXXXX","city":"GENEVA","name":"LARXXXXX XX","id":67728121222,"status":"Active"},"ticketingAuthority":true,"airline":{"iataCode":"006","abrev":"DL","name":"DelXX XXX XXXXX XXX.","id":6772484854},"bsp":{"isoCountryCode":"CH","name":"SWIT","id":6772}},{"agent":{"iataCode":"8121223","address":"PO XXX","city":"Basel","name":"SWIXXXXXX XXXXXXXXXXXXX XX","id":67728121223,"status":"Active"},"ticketingAuthority":true,"airline":{"iataCode":"006","abrev":"DL","name":"DelXX XXX XXXXX XXX.","id":6772484854},"bsp":{"isoCountryCode":"CH","name":"SWIT","id":6772}},{"agent":{"iataCode":"8121226","address":"AIRXXXX XXXX XXXX","city":"Belp","name":"AIR XXXXXX XXXXXX","id":67728121226,"status":"Active"},"ticketingAuthority":true,"airline":{"iataCode":"006","abrev":"DL","name":"DelXX XXX XXXXX XXX.","id":6772484854},"bsp":{"isoCountryCode":"CH","name":"SWIT","id":6772}},{"agent":{"iataCode":"8121232","address":"RUE XXX XXXXX 99","city":"GENEVA","name":"NEOX XXXXXXX","id":67728121232,"status":"Active"},"ticketingAuthority":true,"airline":{"iataCode":"006","abrev":"DL","name":"DelXX XXX XXXXX XXX.","id":6772484854},"bsp":{"isoCountryCode":"CH","name":"SWIT","id":6772}},{"agent":{"iataCode":"8121233","address":"BIEXXXXXXXX 999","city":"Solothurn","name":"BTA XXXXX","id":67728121233,"status":"Active"},"ticketingAuthority":true,"airline":{"iataCode":"006","abrev":"DL","name":"DelXX XXX XXXXX XXX.","id":6772484854},"bsp":{"isoCountryCode":"CH","name":"SWIT","id":6772}},{"agent":{"iataCode":"8121235","address":"KLYXXXXXXXXXXX 99","city":"Basel","name":"NET XXXXXX & XXXXXXX XXXX","id":67728121235,"status":"Active"},"ticketingAuthority":true,"airline":{"iataCode":"006","abrev":"DL","name":"DelXX XXX XXXXX XXX.","id":6772484854},"bsp":{"isoCountryCode":"CH","name":"SWIT","id":6772}},{"agent":{"iataCode":"8121243","address":"FABXXXXXXXXXX 99","city":"Uzwil","name":"TRAXXXXXXXXX XX","id":67728121243,"status":"Active"},"ticketingAuthority":true,"airline":{"iataCode":"006","abrev":"DL","name":"DelXX XXX XXXXX XXX.","id":6772484854},"bsp":{"isoCountryCode":"CH","name":"SWIT","id":6772}},{"agent":{"iataCode":"8121249","address":"OBEXXXXXXXXXXXX 99","city":"Weinfelden","name":"REIXXXXXXX XXXXXXXXXXXXX XXXXX","id":67728121249,"status":"Active"},"ticketingAuthority":true,"airline":{"iataCode":"006","abrev":"DL","name":"DelXX XXX XXXXX XXX.","id":6772484854},"bsp":{"isoCountryCode":"CH","name":"SWIT","id":6772}},{"agent":{"iataCode":"8121251","address":"5 RXX XXXXXXXXXXXX","city":"GENEVA","name":"TRAXX XXXXX XXXXXXX XX","id":67728121251,"status":"Active"},"ticketingAuthority":true,"airline":{"iataCode":"006","abrev":"DL","name":"DelXX XXX XXXXX XXX.","id":6772484854},"bsp":{"isoCountryCode":"CH","name":"SWIT","id":6772}},{"agent":{"iataCode":"8121258","address":"RUE XX XXXXXX 9","city":"Lausanne","name":"SUNXXXXXX XXXXX XX","id":67728121258,"status":"Active"},"ticketingAuthority":true,"airline":{"iataCode":"006","abrev":"DL","name":"DelXX XXX XXXXX XXX.","id":6772484854},"bsp":{"isoCountryCode":"CH","name":"SWIT","id":6772}},{"agent":{"iataCode":"8121261","address":"SCHXXXXXXXXXXXX. 999","city":"Zurich","name":"ALTXX XXXXXX XXXX","id":67728121261,"status":"Active"},"ticketingAuthority":true,"airline":{"iataCode":"006","abrev":"DL","name":"DelXX XXX XXXXX XXX.","id":6772484854},"bsp":{"isoCountryCode":"CH","name":"SWIT","id":6772}},{"agent":{"iataCode":"8121263","address":"TROXXXXXXXXXXXXXX 99","city":"Regensdorf","name":"WeDXXX","id":67728121263,"status":"Active"},"ticketingAuthority":true,"airline":{"iataCode":"006","abrev":"DL","name":"DelXX XXX XXXXX XXX.","id":6772484854},"bsp":{"isoCountryCode":"CH","name":"SWIT","id":6772}},{"agent":{"iataCode":"8121264","address":"ZURXXX XXXXXXXXXXXXX XXXXXXX","city":"Zurich","name":"EFLXXXXXXXXXX XX","id":67728121264,"status":"Active"},"ticketingAuthority":true,"airline":{"iataCode":"006","abrev":"DL","name":"DelXX XXX XXXXX XXX.","id":6772484854},"bsp":{"isoCountryCode":"CH","name":"SWIT","id":6772}},{"agent":{"iataCode":"8121266","address":"SOLXXXXXXXXXXXXXXX 99","city":"Basel","name":"MIRX XXXXXX","id":67728121266,"status":"Active"},"ticketingAuthority":true,"airline":{"iataCode":"006","abrev":"DL","name":"DelXX XXX XXXXX XXX.","id":6772484854},"bsp":{"isoCountryCode":"CH","name":"SWIT","id":6772}},{"agent":{"iataCode":"8121270","address":"GRAXXXXXXXXX.9","city":"Volketswil","name":"ITS XXXX XXXXXX","id":67728121270,"status":"Active"},"ticketingAuthority":true,"airline":{"iataCode":"006","abrev":"DL","name":"DelXX XXX XXXXX XXX.","id":6772484854},"bsp":{"isoCountryCode":"CH","name":"SWIT","id":6772}},{"agent":{"iataCode":"8121277","address":"RUE XXXXXXXXXX 99","city":"GENEVA","name":"TIAX-XXX XXXXXXX XX","id":67728121277,"status":"Active"},"ticketingAuthority":true,"airline":{"iataCode":"006","abrev":"DL","name":"DelXX XXX XXXXX XXX.","id":6772484854},"bsp":{"isoCountryCode":"CH","name":"SWIT","id":6772}},{"agent":{"iataCode":"8121278","address":"HABXXXXXXXXXXXXXX 99","city":"Lucerne","name":"ITM XXXXXX XX","id":67728121278,"status":"Active"},"ticketingAuthority":true,"airline":{"iataCode":"006","abrev":"DL","name":"DelXX XXX XXXXX XXX.","id":6772484854},"bsp":{"isoCountryCode":"CH","name":"SWIT","id":6772}},{"agent":{"iataCode":"8121279","address":"EFFXXXXXXXXXXXX 99X","city":"Bern","name":"ITAXXXXXX XX","id":67728121279,"status":"Active"},"ticketingAuthority":true,"airline":{"iataCode":"006","abrev":"DL","name":"DelXX XXX XXXXX XXX.","id":6772484854},"bsp":{"isoCountryCode":"CH","name":"SWIT","id":6772}},{"agent":{"iataCode":"8121282","address":"WriXXX-XXXXXXX 99 X","city":"Glattpark","name":"CROXXXXXX XXXX","id":67728121282,"status":"Active"},"ticketingAuthority":true,"airline":{"iataCode":"006","abrev":"DL","name":"DelXX XXX XXXXX XXX.","id":6772484854},"bsp":{"isoCountryCode":"CH","name":"SWIT","id":6772}},{"agent":{"iataCode":"8121284","address":"VIA XX XXXXX 9","city":"Lugano","name":"SCHXXXXX XXXXXX XXXXXX XX","id":67728121284,"status":"Active"},"ticketingAuthority":true,"airline":{"iataCode":"006","abrev":"DL","name":"DelXX XXX XXXXX XXX.","id":6772484854},"bsp":{"isoCountryCode":"CH","name":"SWIT","id":6772}},{"agent":{"iataCode":"8121294","address":"STEXXXXXXXXXXXX, 99","city":"Bassersdorf","name":"SCHXXXXX XXXXXX XX","id":67728121294,"status":"Active"},"ticketingAuthority":true,"airline":{"iataCode":"006","abrev":"DL","name":"DelXX XXX XXXXX XXX.","id":6772484854},"bsp":{"isoCountryCode":"CH","name":"SWIT","id":6772}},{"agent":{"iataCode":"8121297","address":"DORXXXXXXXX, 99","city":"Baar","name":"BTA XXXXX","id":67728121297,"status":"Active"},"ticketingAuthority":true,"airline":{"iataCode":"006","abrev":"DL","name":"DelXX XXX XXXXX XXX.","id":6772484854},"bsp":{"isoCountryCode":"CH","name":"SWIT","id":6772}},{"agent":{"iataCode":"8121299","address":"KLOXXXXXXXXXXXX, 99 XXXXXXXX","city":"Zurich","name":"LEGXXXX XXXXXX XXXX","id":67728121299,"status":"Active"},"ticketingAuthority":true,"airline":{"iataCode":"006","abrev":"DL","name":"DelXX XXX XXXXX XXX.","id":6772484854},"bsp":{"isoCountryCode":"CH","name":"SWIT","id":6772}},{"agent":{"iataCode":"8121301","address":"PFLXXXXXXXXXXXXXXX, 99","city":"Zurich","name":"SKY XXXXXXX XXXX","id":67728121301,"status":"Active"},"ticketingAuthority":true,"airline":{"iataCode":"006","abrev":"DL","name":"DelXX XXX XXXXX XXX.","id":6772484854},"bsp":{"isoCountryCode":"CH","name":"SWIT","id":6772}},{"agent":{"iataCode":"8121302","address":"BAHXXXX. 99","city":"Regensdorf","name":"SIG & XX XXXXXX XXXX","id":67728121302,"status":"Active"},"ticketingAuthority":true,"airline":{"iataCode":"006","abrev":"DL","name":"DelXX XXX XXXXX XXX.","id":6772484854},"bsp":{"isoCountryCode":"CH","name":"SWIT","id":6772}},{"agent":{"iataCode":"8121305","address":"RouXX XX XXXXX XXXXXX, 9","city":"Carouge","name":"3MUXXX","id":67728121305,"status":"Active"},"ticketingAuthority":true,"airline":{"iataCode":"006","abrev":"DL","name":"DelXX XXX XXXXX XXX.","id":6772484854},"bsp":{"isoCountryCode":"CH","name":"SWIT","id":6772}},{"agent":{"iataCode":"8121306","address":"GARXXXXXX, 9","city":"Zurich","name":"REIXXXXXX XXXX XXXXXX XX","id":67728121306,"status":"Active"},"ticketingAuthority":true,"airline":{"iataCode":"006","abrev":"DL","name":"DelXX XXX XXXXX XXX.","id":6772484854},"bsp":{"isoCountryCode":"CH","name":"SWIT","id":6772}},{"agent":{"iataCode":"8121316","address":"IN XXX XXXXXXXX, 99","city":"Urdorf","name":"REIXXXXXXXX XXXX XX","id":67728121316,"status":"Active"},"ticketingAuthority":true,"airline":{"iataCode":"006","abrev":"DL","name":"DelXX XXX XXXXX XXX.","id":6772484854},"bsp":{"isoCountryCode":"CH","name":"SWIT","id":6772}},{"agent":{"iataCode":"8121317","address":"RUE XX XXXXXX 99 XX XXX XX XX","city":"GENEVA","name":"VOYXXXXXX XX XXXXX XX","id":67728121317,"status":"Active"},"ticketingAuthority":true,"airline":{"iataCode":"006","abrev":"DL","name":"DelXX XXX XXXXX XXX.","id":6772484854},"bsp":{"isoCountryCode":"CH","name":"SWIT","id":6772}},{"agent":{"iataCode":"8121318","address":"BahXXXXXXXXXXX 999X","city":"Uzwil/SG","name":"IN XXXXXX XXXX XXXX","id":67728121318,"status":"Active"},"ticketingAuthority":true,"airline":{"iataCode":"006","abrev":"DL","name":"DelXX XXX XXXXX XXX.","id":6772484854},"bsp":{"isoCountryCode":"CH","name":"SWIT","id":6772}},{"agent":{"iataCode":"8121319","address":"ALLXXXXXXXXXXX 99","city":"Zug","name":"REIXXXXXXX XXXXXX XX","id":67728121319,"status":"Active"},"ticketingAuthority":true,"airline":{"iataCode":"006","abrev":"DL","name":"DelXX XXX XXXXX XXX.","id":6772484854},"bsp":{"isoCountryCode":"CH","name":"SWIT","id":6772}},{"agent":{"iataCode":"8121320","address":"RUE XX XXXXXXXX, 99","city":"GENEVA","name":"K TXXXXX XX","id":67728121320,"status":"Active"},"ticketingAuthority":true,"airline":{"iataCode":"006","abrev":"DL","name":"DelXX XXX XXXXX XXX.","id":6772484854},"bsp":{"isoCountryCode":"CH","name":"SWIT","id":6772}},{"agent":{"iataCode":"8121323","address":"13 XXX XXXXXXXXXXXX","city":"GENEVA","name":"AL XXXX XXXXXXX XXXX","id":67728121323,"status":"Non Active"},"ticketingAuthority":true,"airline":{"iataCode":"006","abrev":"DL","name":"DelXX XXX XXXXX XXX.","id":6772484854},"bsp":{"isoCountryCode":"CH","name":"SWIT","id":6772}},{"agent":{"iataCode":"8121324","address":"BRAXXXXXXXXX.99","city":"Dietlikon","name":"FTI XXXXXXXXXX XX","id":67728121324,"status":"Active"},"ticketingAuthority":true,"airline":{"iataCode":"006","abrev":"DL","name":"DelXX XXX XXXXX XXX.","id":6772484854},"bsp":{"isoCountryCode":"CH","name":"SWIT","id":6772}},{"agent":{"iataCode":"8121326","address":"BAHXXXXXXXXXXX, 9","city":"Baar","name":"CORXXXXXX XXXXXX XXXXXXXXXX (X","id":67728121326,"status":"Active"},"ticketingAuthority":true,"airline":{"iataCode":"006","abrev":"DL","name":"DelXX XXX XXXXX XXX.","id":6772484854},"bsp":{"isoCountryCode":"CH","name":"SWIT","id":6772}},{"agent":{"iataCode":"8121331","address":"LUZXXXXXXXXXXXX 99","city":"Root","name":"GOLX XXX XXXXXX","id":67728121331,"status":"Active"},"ticketingAuthority":true,"airline":{"iataCode":"006","abrev":"DL","name":"DelXX XXX XXXXX XXX.","id":6772484854},"bsp":{"isoCountryCode":"CH","name":"SWIT","id":6772}},{"agent":{"iataCode":"8121332","address":"38A XXXXX XX XXXXXXXX","city":"GENEVA","name":"LE-XXXXXX.XXX X.X.","id":67728121332,"status":"Active"},"ticketingAuthority":true,"airline":{"iataCode":"006","abrev":"DL","name":"DelXX XXX XXXXX XXX.","id":6772484854},"bsp":{"isoCountryCode":"CH","name":"SWIT","id":6772}},{"agent":{"iataCode":"8121335","address":"BADXXXXXXXXXXX 999","city":"Zurich","name":"WWW.XXXXXXX-XXXXXX.XX","id":67728121335,"status":"Active"},"ticketingAuthority":true,"airline":{"iataCode":"006","abrev":"DL","name":"DelXX XXX XXXXX XXX.","id":6772484854},"bsp":{"isoCountryCode":"CH","name":"SWIT","id":6772}},{"agent":{"iataCode":"8121337","address":"33A, XXXXXX XX XXXX XXXXX","city":"Gland","name":"GTM XXXX XXXXXX XXX XXXX XX","id":67728121337,"status":"Active"},"ticketingAuthority":true,"airline":{"iataCode":"006","abrev":"DL","name":"DelXX XXX XXXXX XXX.","id":6772484854},"bsp":{"isoCountryCode":"CH","name":"SWIT","id":6772}},{"agent":{"iataCode":"8121339","address":"BAHXXXXXXXXXXX 9","city":"Altdorf","name":"IDEX XXXXXX XXX XXXXXXX XX","id":67728121339,"status":"Active"},"ticketingAuthority":true,"airline":{"iataCode":"006","abrev":"DL","name":"DelXX XXX XXXXX XXX.","id":6772484854},"bsp":{"isoCountryCode":"CH","name":"SWIT","id":6772}},{"agent":{"iataCode":"8121340","address":"ZIEXXXXXXX. 99","city":"Bern","name":"ANIXXX XXXXXX XX","id":67728121340,"status":"Active"},"ticketingAuthority":true,"airline":{"iataCode":"006","abrev":"DL","name":"DelXX XXX XXXXX XXX.","id":6772484854},"bsp":{"isoCountryCode":"CH","name":"SWIT","id":6772}},{"agent":{"iataCode":"8121343","address":"ALLXXXXX 99","city":"Bern","name":"B.A.X.X.-XXXXXXXX XXX XXXXXXX","id":67728121343,"status":"Active"},"ticketingAuthority":true,"airline":{"iataCode":"006","abrev":"DL","name":"DelXX XXX XXXXX XXX.","id":6772484854},"bsp":{"isoCountryCode":"CH","name":"SWIT","id":6772}},{"agent":{"iataCode":"8121348","address":"IndXXXXXXXXX. 99","city":"St. Margrethen","name":"DERXXXX XXXXXX XXXXXXX","id":67728121348,"status":"Active"},"ticketingAuthority":true,"airline":{"iataCode":"006","abrev":"DL","name":"DelXX XXX XXXXX XXX.","id":6772484854},"bsp":{"isoCountryCode":"CH","name":"SWIT","id":6772}},{"agent":{"iataCode":"8121349","address":"ALTX XXXXXXXXXXXXX 9","city":"Teufen","name":"DELXXXXXXXXXX","id":67728121349,"status":"Active"},"ticketingAuthority":true,"airline":{"iataCode":"006","abrev":"DL","name":"DelXX XXX XXXXX XXX.","id":6772484854},"bsp":{"isoCountryCode":"CH","name":"SWIT","id":6772}},{"agent":{"iataCode":"8121350","address":"VIA XXX XXXXXX 9","city":"Lugano","name":"GATXXXX XXXXX XX","id":67728121350,"status":"Active"},"ticketingAuthority":true,"airline":{"iataCode":"006","abrev":"DL","name":"DelXX XXX XXXXX XXX.","id":6772484854},"bsp":{"isoCountryCode":"CH","name":"SWIT","id":6772}},{"agent":{"iataCode":"8121352","address":"BELXXXXXXXXXXXXX 99","city":"Zurich","name":"TEN XXXXXXXXX XXXXXXXXXX XXXXX","id":67728121352,"status":"Active"},"ticketingAuthority":true,"airline":{"iataCode":"006","abrev":"DL","name":"DelXX XXX XXXXX XXX.","id":6772484854},"bsp":{"isoCountryCode":"CH","name":"SWIT","id":6772}},{"agent":{"iataCode":"8121353","address":"RUE XX XX XXXXXXXX 99 XXXXXXX","city":"GENEVA","name":"OT XXXXX XXXX","id":67728121353,"status":"Active"},"ticketingAuthority":true,"airline":{"iataCode":"006","abrev":"DL","name":"DelXX XXX XXXXX XXX.","id":6772484854},"bsp":{"isoCountryCode":"CH","name":"SWIT","id":6772}},{"agent":{"iataCode":"8121354","address":"CHEXXX XX XXXXX 9","city":"Nyon","name":"CTM XXXXXX XX","id":67728121354,"status":"Active"},"ticketingAuthority":true,"airline":{"iataCode":"006","abrev":"DL","name":"DelXX XXX XXXXX XXX.","id":6772484854},"bsp":{"isoCountryCode":"CH","name":"SWIT","id":6772}},{"agent":{"iataCode":"8121401","address":"BAHXXXXXXX. 99","city":"Brig","name":"ZERXXXXX XXXXXXXXX XX","id":67728121401,"status":"Active"},"ticketingAuthority":true,"airline":{"iataCode":"006","abrev":"DL","name":"DelXX XXX XXXXX XXX.","id":6772484854},"bsp":{"isoCountryCode":"CH","name":"SWIT","id":6772}},{"agent":{"iataCode":"8121442","address":"RUE XX XXXX-XXXXX 99","city":"GENEVA","name":"ALSX","id":67728121442,"status":"Active"},"ticketingAuthority":true,"airline":{"iataCode":"006","abrev":"DL","name":"DelXX XXX XXXXX XXX.","id":6772484854},"bsp":{"isoCountryCode":"CH","name":"SWIT","id":6772}},{"agent":{"iataCode":"8121600","address":"MUMBAI","city":"MUMBAI","name":"RAVINDRA KADAM","id":67728121600,"status":"Active"},"ticketingAuthority":true,"airline":{"iataCode":"006","abrev":"DL","name":"DelXX XXX XXXXX XXX.","id":6772484854},"bsp":{"isoCountryCode":"CH","name":"SWIT","id":6772}},{"agent":{"iataCode":"8121725","address":"StaXXXXXXXXXXXXXXXX 999","city":"Zurich","name":"HOLXXXX XXXXX XXXXX XX","id":67728121725,"status":"Active"},"ticketingAuthority":true,"airline":{"iataCode":"006","abrev":"DL","name":"DelXX XXX XXXXX XXX.","id":6772484854},"bsp":{"isoCountryCode":"CH","name":"SWIT","id":6772}},{"agent":{"iataCode":"8121825","address":"BADXXXXXXX 99","city":"Baden","name":"RHZ XXXXXX XX","id":67728121825,"status":"Active"},"ticketingAuthority":true,"airline":{"iataCode":"006","abrev":"DL","name":"DelXX XXX XXXXX XXX.","id":6772484854},"bsp":{"isoCountryCode":"CH","name":"SWIT","id":6772}},{"agent":{"iataCode":"8121836","address":"RUE XXXXXX-XXXXXXXXXXX 99","city":"Le Locle","name":"NATXXXX XXXXXXX","id":67728121836,"status":"Active"},"ticketingAuthority":true,"airline":{"iataCode":"006","abrev":"DL","name":"DelXX XXX XXXXX XXX.","id":6772484854},"bsp":{"isoCountryCode":"CH","name":"SWIT","id":6772}},{"agent":{"iataCode":"8121843","address":"ZURXXXXXXXXXX 9","city":"Lucerne","name":"IMBXXX-XXXXXX XX","id":67728121843,"status":"Active"},"ticketingAuthority":true,"airline":{"iataCode":"006","abrev":"DL","name":"DelXX XXX XXXXX XXX.","id":6772484854},"bsp":{"isoCountryCode":"CH","name":"SWIT","id":6772}},{"agent":{"iataCode":"8121995","address":"OTTXXXXXXXXXXX 99","city":"Zurich","name":"PARXXX XXXXXX XX","id":67728121995,"status":"Active"},"ticketingAuthority":true,"airline":{"iataCode":"006","abrev":"DL","name":"DelXX XXX XXXXX XXX.","id":6772484854},"bsp":{"isoCountryCode":"CH","name":"SWIT","id":6772}},{"agent":{"iataCode":"8122244","address":"C/O XXX XXXXXX XXXX","city":"Horgen","name":"CWT - XXXXXXXXXXXXXXXXXX X.X.","id":67728122244,"status":"Active"},"ticketingAuthority":true,"airline":{"iataCode":"006","abrev":"DL","name":"DelXX XXX XXXXX XXX.","id":6772484854},"bsp":{"isoCountryCode":"CH","name":"SWIT","id":6772}},{"agent":{"iataCode":"8122450","address":"RUE XXX-XX-XXXXXX 9","city":"Lausanne","name":"ALSX","id":67728122450,"status":"Active"},"ticketingAuthority":true,"airline":{"iataCode":"006","abrev":"DL","name":"DelXX XXX XXXXX XXX.","id":6772484854},"bsp":{"isoCountryCode":"CH","name":"SWIT","id":6772}},{"agent":{"iataCode":"8122458","address":"RUEXXXXXXXXX 9","city":"Wald","name":"BETXXX XXXXXX XXXX","id":67728122458,"status":"Active"},"ticketingAuthority":true,"airline":{"iataCode":"006","abrev":"DL","name":"DelXX XXX XXXXX XXX.","id":6772484854},"bsp":{"isoCountryCode":"CH","name":"SWIT","id":6772}},{"agent":{"iataCode":"8122652","address":"RUE XXXXXXXX 99","city":"GENEVA","name":"VOYXXXX XXXXXXX XX","id":67728122652,"status":"Active"},"ticketingAuthority":true,"airline":{"iataCode":"006","abrev":"DL","name":"DelXX XXX XXXXX XXX.","id":6772484854},"bsp":{"isoCountryCode":"CH","name":"SWIT","id":6772}},{"agent":{"iataCode":"8122800","address":"NEUXXXXXXX 99","city":"Bern","name":"GLOXXXXXXXXX XXXXXX XXXXXXX XX","id":67728122800,"status":"Active"},"ticketingAuthority":true,"airline":{"iataCode":"006","abrev":"DL","name":"DelXX XXX XXXXX XXX.","id":6772484854},"bsp":{"isoCountryCode":"CH","name":"SWIT","id":6772}},{"agent":{"iataCode":"8123204","address":"AVEXXX XX XXXXXXX 99","city":"Monthey","name":"MONXXXX XXXXXXX","id":67728123204,"status":"Active"},"ticketingAuthority":true,"airline":{"iataCode":"006","abrev":"DL","name":"DelXX XXX XXXXX XXX.","id":6772484854},"bsp":{"isoCountryCode":"CH","name":"SWIT","id":6772}},{"agent":{"iataCode":"8123206","address":"ZENXXXXXXXXXXX 9","city":"Zurich","name":"ROLX XXXXX-XXXXXX","id":67728123206,"status":"Active"},"ticketingAuthority":true,"airline":{"iataCode":"006","abrev":"DL","name":"DelXX XXX XXXXX XXX.","id":6772484854},"bsp":{"isoCountryCode":"CH","name":"SWIT","id":6772}},{"agent":{"iataCode":"8123587","address":"MPAXX XX XXXXXXX XXXXXX XXXXXX","city":"Carouge","name":"DREXX XXXXXX","id":67728123587,"status":"Active"},"ticketingAuthority":true,"airline":{"iataCode":"006","abrev":"DL","name":"DelXX XXX XXXXX XXX.","id":6772484854},"bsp":{"isoCountryCode":"CH","name":"SWIT","id":6772}},{"agent":{"iataCode":"8123791","address":"BadXXXXXXX 99","city":"Baden","name":"KRW XX","id":67728123791,"status":"Active"},"ticketingAuthority":true,"airline":{"iataCode":"006","abrev":"DL","name":"DelXX XXX XXXXX XXX.","id":6772484854},"bsp":{"isoCountryCode":"CH","name":"SWIT","id":6772}},{"agent":{"iataCode":"8123795","address":"12-99, XXX XX XXXXXXXX","city":"GENEVA","name":"GEO-XXXXXXXXXX XX","id":67728123795,"status":"Active"},"ticketingAuthority":true,"airline":{"iataCode":"006","abrev":"DL","name":"DelXX XXX XXXXX XXX.","id":6772484854},"bsp":{"isoCountryCode":"CH","name":"SWIT","id":6772}},{"agent":{"iataCode":"8123799","address":"SAEXXXXXXXXXXXX 99","city":"Glattbrugg","name":"BTA XXXXX","id":67728123799,"status":"Active"},"ticketingAuthority":true,"airline":{"iataCode":"006","abrev":"DL","name":"DelXX XXX XXXXX XXX.","id":6772484854},"bsp":{"isoCountryCode":"CH","name":"SWIT","id":6772}},{"agent":{"iataCode":"8123802","address":"KuoXX XXXXXXXX XXXXXX,","city":"Zurich","name":"KUOXX XXXXXX","id":67728123802,"status":"Active"},"ticketingAuthority":true,"airline":{"iataCode":"006","abrev":"DL","name":"DelXX XXX XXXXX XXX.","id":6772484854},"bsp":{"isoCountryCode":"CH","name":"SWIT","id":6772}},{"agent":{"iataCode":"8123819","address":"KURXXXXXXXXX 99","city":"Daniken","name":"ACS-XXXXXX","id":67728123819,"status":"Active"},"ticketingAuthority":true,"airline":{"iataCode":"006","abrev":"DL","name":"DelXX XXX XXXXX XXX.","id":6772484854},"bsp":{"isoCountryCode":"CH","name":"SWIT","id":6772}},{"agent":{"iataCode":"8123821","address":"BAHXXXXXXXXXXX 99","city":"Aarau","name":"KUOXX XXXXXX","id":67728123821,"status":"Active"},"ticketingAuthority":true,"airline":{"iataCode":"006","abrev":"DL","name":"DelXX XXX XXXXX XXX.","id":6772484854},"bsp":{"isoCountryCode":"CH","name":"SWIT","id":6772}},{"agent":{"iataCode":"8123822","address":"'EGXXXX' XXXXXXXXXXXX, 9","city":"Altdorf","name":"rilXX XX","id":67728123822,"status":"Active"},"ticketingAuthority":true,"airline":{"iataCode":"006","abrev":"DL","name":"DelXX XXX XXXXX XXX.","id":6772484854},"bsp":{"isoCountryCode":"CH","name":"SWIT","id":6772}},{"agent":{"iataCode":"8123843","address":"FALXXXXXXXXXXX 9","city":"Basel","name":"BTA XXXXX","id":67728123843,"status":"Active"},"ticketingAuthority":true,"airline":{"iataCode":"006","abrev":"DL","name":"DelXX XXX XXXXX XXX.","id":6772484854},"bsp":{"isoCountryCode":"CH","name":"SWIT","id":6772}},{"agent":{"iataCode":"8123847","address":"GERXXXXXXXX 99","city":"Basel","name":"KUOXX XXXXXX","id":67728123847,"status":"Active"},"ticketingAuthority":true,"airline":{"iataCode":"006","abrev":"DL","name":"DelXX XXX XXXXX XXX.","id":6772484854},"bsp":{"isoCountryCode":"CH","name":"SWIT","id":6772}},{"agent":{"iataCode":"8123854","address":"AESXXXXXXXXXX 9","city":"Basel","name":"SWIXX XXXXXXX XXXXXXXXXX X.X.","id":67728123854,"status":"Active"},"ticketingAuthority":true,"airline":{"iataCode":"006","abrev":"DL","name":"DelXX XXX XXXXX XXX.","id":6772484854},"bsp":{"isoCountryCode":"CH","name":"SWIT","id":6772}},{"agent":{"iataCode":"8123855","address":"MUNXXXXXXXXXXXXXXXXXX 99 XX XX","city":"Basel","name":"CWT - XXXXXXXXXXXXXXXXXX X.X.","id":67728123855,"status":"Active"},"ticketingAuthority":true,"airline":{"iataCode":"006","abrev":"DL","name":"DelXX XXX XXXXX XXX.","id":6772484854},"bsp":{"isoCountryCode":"CH","name":"SWIT","id":6772}},{"agent":{"iataCode":"8123863","address":"VON XXXXX XXXXXXX 9","city":"Bern","name":"CARXXXX XXXXXXXX XXXXXX","id":67728123863,"status":"Active"},"ticketingAuthority":true,"airline":{"iataCode":"006","abrev":"DL","name":"DelXX XXX XXXXX XXX.","id":6772484854},"bsp":{"isoCountryCode":"CH","name":"SWIT","id":6772}},{"agent":{"iataCode":"8123868","address":"BAHXXXXXXX. 9","city":"Biel","name":"NATXXXX XXXXXX","id":67728123868,"status":"Active"},"ticketingAuthority":true,"airline":{"iataCode":"006","abrev":"DL","name":"DelXX XXX XXXXX XXX.","id":6772484854},"bsp":{"isoCountryCode":"CH","name":"SWIT","id":6772}},{"agent":{"iataCode":"8123895","address":"RUE XXXXXX 9 XXXXXX 9","city":"GENEVA","name":"FERX & XXX XXXXXXX XX","id":67728123895,"status":"Active"},"ticketingAuthority":true,"airline":{"iataCode":"006","abrev":"DL","name":"DelXX XXX XXXXX XXX.","id":6772484854},"bsp":{"isoCountryCode":"CH","name":"SWIT","id":6772}},{"agent":{"iataCode":"8123899","address":"17, XXX XX 99-XXXXXXXX","city":"GENEVA","name":"TOUXXXXX XX (XXXXXX)","id":67728123899,"status":"Active"},"ticketingAuthority":true,"airline":{"iataCode":"006","abrev":"DL","name":"DelXX XXX XXXXX XXX.","id":6772484854},"bsp":{"isoCountryCode":"CH","name":"SWIT","id":6772}},{"agent":{"iataCode":"8123904","address":"NEUX XXXX 9","city":"Zurich","name":"KUOXX XXXXXX XX","id":67728123904,"status":"Active"},"ticketingAuthority":true,"airline":{"iataCode":"006","abrev":"DL","name":"DelXX XXX XXXXX XXX.","id":6772484854},"bsp":{"isoCountryCode":"CH","name":"SWIT","id":6772}},{"agent":{"iataCode":"8123906","address":"CheXXX XXX XXXXXXXXXXX 99","city":"Vernier","name":"KUOXX XXXXXX","id":67728123906,"status":"Active"},"ticketingAuthority":true,"airline":{"iataCode":"006","abrev":"DL","name":"DelXX XXX XXXXX XXX.","id":6772484854},"bsp":{"isoCountryCode":"CH","name":"SWIT","id":6772}},{"agent":{"iataCode":"8123916","address":"Rue XXXXX 99","city":"La Chaux de Fonds","name":"CROXXXXXXX XXXXXXX XX","id":67728123916,"status":"Active"},"ticketingAuthority":true,"airline":{"iataCode":"006","abrev":"DL","name":"DelXX XXX XXXXX XXX.","id":6772484854},"bsp":{"isoCountryCode":"CH","name":"SWIT","id":6772}},{"agent":{"iataCode":"8123933","address":"VIA XXXXXXXX 9 XXXXXXX XXX","city":"GENEVA","name":"KUOXX XXXXXX","id":67728123933,"status":"Active"},"ticketingAuthority":true,"airline":{"iataCode":"006","abrev":"DL","name":"DelXX XXX XXXXX XXX.","id":6772484854},"bsp":{"isoCountryCode":"CH","name":"SWIT","id":6772}},{"agent":{"iataCode":"8123936","address":"PilXXXXXXXXXXX 99","city":"Dierikon","name":"BUCXXX XXXXXX XXX","id":67728123936,"status":"Active"},"ticketingAuthority":true,"airline":{"iataCode":"006","abrev":"DL","name":"DelXX XXX XXXXX XXX.","id":6772484854},"bsp":{"isoCountryCode":"CH","name":"SWIT","id":6772}},{"agent":{"iataCode":"8123939","address":"ALPXXXXXXXXX 9","city":"Lucerne","name":"KNEXXX XXXXXX XX","id":67728123939,"status":"Active"},"ticketingAuthority":true,"airline":{"iataCode":"006","abrev":"DL","name":"DelXX XXX XXXXX XXX.","id":6772484854},"bsp":{"isoCountryCode":"CH","name":"SWIT","id":6772}},{"agent":{"iataCode":"8123942","address":"VIA XXXXXXXXX 9 9XX XXXXX","city":"Lugano","name":"KUOXX XXXXXX","id":67728123942,"status":"Active"},"ticketingAuthority":true,"airline":{"iataCode":"006","abrev":"DL","name":"DelXX XXX XXXXX XXX.","id":6772484854},"bsp":{"isoCountryCode":"CH","name":"SWIT","id":6772}},{"agent":{"iataCode":"8123944","address":"VIA XXXX 9","city":"Lugano","name":"M-TXXXXX XXXXXXXXXXX","id":67728123944,"status":"Active"},"ticketingAuthority":true,"airline":{"iataCode":"006","abrev":"DL","name":"DelXX XXX XXXXX XXX.","id":6772484854},"bsp":{"isoCountryCode":"CH","name":"SWIT","id":6772}},{"agent":{"iataCode":"8123945","address":"STAXXXX XXXXX 9999","city":"Manno","name":"CWT - XXXXXXXXXXXXXXXXXX X.X.","id":67728123945,"status":"Active"},"ticketingAuthority":true,"airline":{"iataCode":"006","abrev":"DL","name":"DelXX XXX XXXXX XXX.","id":6772484854},"bsp":{"isoCountryCode":"CH","name":"SWIT","id":6772}},{"agent":{"iataCode":"8123946","address":"C/O XXXXXX XXXXXXXX XX","city":"GENEVA","name":"CWT - XXXXXXXXXXXXXXXXXX X.X.","id":67728123946,"status":"Active"},"ticketingAuthority":true,"airline":{"iataCode":"006","abrev":"DL","name":"DelXX XXX XXXXX XXX.","id":6772484854},"bsp":{"isoCountryCode":"CH","name":"SWIT","id":6772}},{"agent":{"iataCode":"8123949","address":"RUE XX XX XXXX 9","city":"Montreux","name":"CWT - XXXXXXXXXXXXXXXXXX X.X.","id":67728123949,"status":"Active"},"ticketingAuthority":true,"airline":{"iataCode":"006","abrev":"DL","name":"DelXX XXX XXXXX XXX.","id":6772484854},"bsp":{"isoCountryCode":"CH","name":"SWIT","id":6772}},{"agent":{"iataCode":"8123972","address":"VORXXXXX 99","city":"Schaffhausen","name":"LET'X XX XXXXX","id":67728123972,"status":"Active"},"ticketingAuthority":true,"airline":{"iataCode":"006","abrev":"DL","name":"DelXX XXX XXXXX XXX.","id":6772484854},"bsp":{"isoCountryCode":"CH","name":"SWIT","id":6772}},{"agent":{"iataCode":"8123978","address":"18, XXX XX XXXXXXX","city":"Vevey","name":"TUI XXXXXX XX XXXXXXX","id":67728123978,"status":"Active"},"ticketingAuthority":true,"airline":{"iataCode":"006","abrev":"DL","name":"DelXX XXX XXXXX XXX.","id":6772484854},"bsp":{"isoCountryCode":"CH","name":"SWIT","id":6772}},{"agent":{"iataCode":"8123982","address":"BAHXXXXXXXXXXX 99","city":"Zug","name":"KNEXXX XXXXXX XX","id":67728123982,"status":"Active"},"ticketingAuthority":true,"airline":{"iataCode":"006","abrev":"DL","name":"DelXX XXX XXXXX XXX.","id":6772484854},"bsp":{"isoCountryCode":"CH","name":"SWIT","id":6772}},{"agent":{"iataCode":"8123984","address":"HOFXXXXXXXXXXXXX 99","city":"Zurich","name":"ALPXX XXXXXX X.X.","id":67728123984,"status":"Active"},"ticketingAuthority":true,"airline":{"iataCode":"006","abrev":"DL","name":"DelXX XXX XXXXX XXX.","id":6772484854},"bsp":{"isoCountryCode":"CH","name":"SWIT","id":6772}},{"agent":{"iataCode":"8123998","address":"OHMXXXXXXX 9","city":"Zurich","name":"FRIXXXXX XXXXXX XX","id":67728123998,"status":"Active"},"ticketingAuthority":true,"airline":{"iataCode":"006","abrev":"DL","name":"DelXX XXX XXXXX XXX.","id":6772484854},"bsp":{"isoCountryCode":"CH","name":"SWIT","id":6772}},{"agent":{"iataCode":"8124199","address":"QUAX XXX XXXXXXX 99","city":"GENEVA","name":"BTA XXXXX","id":67728124199,"status":"Active"},"ticketingAuthority":true,"airline":{"iataCode":"006","abrev":"DL","name":"DelXX XXX XXXXX XXX.","id":6772484854},"bsp":{"isoCountryCode":"CH","name":"SWIT","id":6772}},{"agent":{"iataCode":"8124411","address":"RUE XX XXXXXX 9 XXXX XXXXXXX","city":"Neuchatel","name":"CROXXXXXXX XXXXXXX XX","id":67728124411,"status":"Active"},"ticketingAuthority":true,"airline":{"iataCode":"006","abrev":"DL","name":"DelXX XXX XXXXX XXX.","id":6772484854},"bsp":{"isoCountryCode":"CH","name":"SWIT","id":6772}},{"agent":{"iataCode":"8124651","address":"SCHXXXXXXXXXXXXXXXX 9","city":"Zurich","name":"AVRXXX XXXXXX XXXX","id":67728124651,"status":"Active"},"ticketingAuthority":true,"airline":{"iataCode":"006","abrev":"DL","name":"DelXX XXX XXXXX XXX.","id":6772484854},"bsp":{"isoCountryCode":"CH","name":"SWIT","id":6772}},{"agent":{"iataCode":"8124679","address":"EUCXXXXXXXX XXXXXX XXXXX XX","city":"GENEVA","name":"RAPXXX XX - XXXXXXXXXXXX XXXXX","id":67728124679,"status":"Active"},"ticketingAuthority":true,"airline":{"iataCode":"006","abrev":"DL","name":"DelXX XXX XXXXX XXX.","id":6772484854},"bsp":{"isoCountryCode":"CH","name":"SWIT","id":6772}},{"agent":{"iataCode":"8124747","address":"MURXXXXXXXX 99","city":"Bern","name":"TRAXXXXXXXX XXXX XX","id":67728124747,"status":"Active"},"ticketingAuthority":true,"airline":{"iataCode":"006","abrev":"DL","name":"DelXX XXX XXXXX XXX.","id":6772484854},"bsp":{"isoCountryCode":"CH","name":"SWIT","id":6772}},{"agent":{"iataCode":"8124822","address":"9, XXX XX XXXXXXX","city":"Carouge","name":"MIGXXXXX XXXXXXX X.X.","id":67728124822,"status":"Active"},"ticketingAuthority":true,"airline":{"iataCode":"006","abrev":"DL","name":"DelXX XXX XXXXX XXX.","id":6772484854},"bsp":{"isoCountryCode":"CH","name":"SWIT","id":6772}},{"agent":{"iataCode":"8124944","address":"RUE XX XXXXX 99","city":"Lausanne","name":"VOYXXXX XX XXXXXXX XX","id":67728124944,"status":"Active"},"ticketingAuthority":true,"airline":{"iataCode":"006","abrev":"DL","name":"DelXX XXX XXXXX XXX.","id":6772484854},"bsp":{"isoCountryCode":"CH","name":"SWIT","id":6772}},{"agent":{"iataCode":"8124981","address":"ZUGXXXXXXXXX 99","city":"Waedenswil","name":"KUOXX XXXXXX","id":67728124981,"status":"Active"},"ticketingAuthority":true,"airline":{"iataCode":"006","abrev":"DL","name":"DelXX XXX XXXXX XXX.","id":6772484854},"bsp":{"isoCountryCode":"CH","name":"SWIT","id":6772}},{"agent":{"iataCode":"8125170","address":".","city":"RORSCHACH","name":"KUOXX XXXXXX XX","id":67728125170,"status":"Non Active"},"ticketingAuthority":true,"airline":{"iataCode":"006","abrev":"DL","name":"DelXX XXX XXXXX XXX.","id":6772484854},"bsp":{"isoCountryCode":"CH","name":"SWIT","id":6772}},{"agent":{"iataCode":"8125175","address":"AVEXXX XXXXXXX XXXXXX 99","city":"Sierre","name":"VOYXXXX X'XXXXXX XXXX XXXXXXX","id":67728125175,"status":"Active"},"ticketingAuthority":true,"airline":{"iataCode":"006","abrev":"DL","name":"DelXX XXX XXXXX XXX.","id":6772484854},"bsp":{"isoCountryCode":"CH","name":"SWIT","id":6772}},{"agent":{"iataCode":"8125205","address":"SCHXXXXXXXXXXXXXX 9","city":"WINDISCH","name":"KNEXXX XXXXXX XX","id":67728125205,"status":"Active"},"ticketingAuthority":true,"airline":{"iataCode":"006","abrev":"DL","name":"DelXX XXX XXXXX XXX.","id":6772484854},"bsp":{"isoCountryCode":"CH","name":"SWIT","id":6772}},{"agent":{"iataCode":"8125251","address":"AM XXXXXXXXX XXXXXXXXXXXXXX 99","city":"Rapperswil","name":"KUSXXX XXXXXX XX","id":67728125251,"status":"Active"},"ticketingAuthority":true,"airline":{"iataCode":"006","abrev":"DL","name":"DelXX XXX XXXXX XXX.","id":6772484854},"bsp":{"isoCountryCode":"CH","name":"SWIT","id":6772}},{"agent":{"iataCode":"8125277","address":"BAHXXXXXXXXXXX 99","city":"Buchs","name":"REIXXXXXXX XXXXX XX","id":67728125277,"status":"Active"},"ticketingAuthority":true,"airline":{"iataCode":"006","abrev":"DL","name":"DelXX XXX XXXXX XXX.","id":6772484854},"bsp":{"isoCountryCode":"CH","name":"SWIT","id":6772}},{"agent":{"iataCode":"8125418","address":"3 RXX XX XXXXX","city":"GENEVA","name":"LETX XXXXXX XX","id":67728125418,"status":"Active"},"ticketingAuthority":true,"airline":{"iataCode":"006","abrev":"DL","name":"DelXX XXX XXXXX XXX.","id":6772484854},"bsp":{"isoCountryCode":"CH","name":"SWIT","id":6772}},{"agent":{"iataCode":"8125451","address":"ROUXX XXX XXXXXX 99","city":"GENEVA","name":"VILXXXX XXXXXXXXXX XX","id":67728125451,"status":"Active"},"ticketingAuthority":true,"airline":{"iataCode":"006","abrev":"DL","name":"DelXX XXX XXXXX XXX.","id":6772484854},"bsp":{"isoCountryCode":"CH","name":"SWIT","id":6772}},{"agent":{"iataCode":"8125459","address":"PETXXXXXXXXX, 99","city":"Basel","name":"MEDXX XXXXXXXXX XX","id":67728125459,"status":"Active"},"ticketingAuthority":true,"airline":{"iataCode":"006","abrev":"DL","name":"DelXX XXX XXXXX XXX.","id":6772484854},"bsp":{"isoCountryCode":"CH","name":"SWIT","id":6772}},{"agent":{"iataCode":"8125487","address":"BITXXXXXXXXXXXXXXX, 99","city":"Sarnen","name":"WIRX XXXXXX XX","id":67728125487,"status":"Active"},"ticketingAuthority":true,"airline":{"iataCode":"006","abrev":"DL","name":"DelXX XXX XXXXX XXX.","id":6772484854},"bsp":{"isoCountryCode":"CH","name":"SWIT","id":6772}},{"agent":{"iataCode":"8125514","address":"DUFXXXXXX. 99/ XXXXXXXXXXXX","city":"Basel","name":"BASXXXXX XXXXXXXXXX XX","id":67728125514,"status":"Active"},"ticketingAuthority":true,"airline":{"iataCode":"006","abrev":"DL","name":"DelXX XXX XXXXX XXX.","id":6772484854},"bsp":{"isoCountryCode":"CH","name":"SWIT","id":6772}},{"agent":{"iataCode":"8125737","address":"BAHXXXXXXX. 9","city":"Buchs","name":"TUI XXXXXXXXXXX","id":67728125737,"status":"Active"},"ticketingAuthority":true,"airline":{"iataCode":"006","abrev":"DL","name":"DelXX XXX XXXXX XXX.","id":6772484854},"bsp":{"isoCountryCode":"CH","name":"SWIT","id":6772}},{"agent":{"iataCode":"8125739","address":"CONXXXXX XX XXXXXXXX 9","city":"Lugano","name":"KUOXX XXXXXX","id":67728125739,"status":"Active"},"ticketingAuthority":true,"airline":{"iataCode":"006","abrev":"DL","name":"DelXX XXX XXXXX XXX.","id":6772484854},"bsp":{"isoCountryCode":"CH","name":"SWIT","id":6772}},{"agent":{"iataCode":"8125816","address":"UNTXXXXXXXXXXXXX 99","city":"Zurich","name":"ACAXX XX","id":67728125816,"status":"Active"},"ticketingAuthority":true,"airline":{"iataCode":"006","abrev":"DL","name":"DelXX XXX XXXXX XXX.","id":6772484854},"bsp":{"isoCountryCode":"CH","name":"SWIT","id":6772}},{"agent":{"iataCode":"8125961","address":"AV XX XXXXXXXX XXXXXXX 99","city":"Lausanne","name":"ALBXXXXXX XXXXXXX XX","id":67728125961,"status":"Active"},"ticketingAuthority":true,"airline":{"iataCode":"006","abrev":"DL","name":"DelXX XXX XXXXX XXX.","id":6772484854},"bsp":{"isoCountryCode":"CH","name":"SWIT","id":6772}},{"agent":{"iataCode":"8126166","address":"VIA XXXXX 99","city":"MENDRISIO","name":"VITX XXXXXX XXXXX XXXXX XX","id":67728126166,"status":"Non Active"},"ticketingAuthority":true,"airline":{"iataCode":"006","abrev":"DL","name":"DelXX XXX XXXXX XXX.","id":6772484854},"bsp":{"isoCountryCode":"CH","name":"SWIT","id":6772}},{"agent":{"iataCode":"8126304","address":"ZUEXXXXXXXX. 999/999","city":"Frauenfeld","name":"KUOXX XXXXXX","id":67728126304,"status":"Active"},"ticketingAuthority":true,"airline":{"iataCode":"006","abrev":"DL","name":"DelXX XXX XXXXX XXX.","id":6772484854},"bsp":{"isoCountryCode":"CH","name":"SWIT","id":6772}},{"agent":{"iataCode":"8126420","address":"LOEXXXXXXXXXX 9","city":"Zurich","name":"ATLXXXXX XXXXXX XX","id":67728126420,"status":"Active"},"ticketingAuthority":true,"airline":{"iataCode":"006","abrev":"DL","name":"DelXX XXX XXXXX XXX.","id":6772484854},"bsp":{"isoCountryCode":"CH","name":"SWIT","id":6772}},{"agent":{"iataCode":"8126432","address":"BAHXXXXXXXXXXX 99","city":"Kreuzlingen","name":"CITX XXXXXX XX XXXXXXXXXXXX XX","id":67728126432,"status":"Active"},"ticketingAuthority":true,"airline":{"iataCode":"006","abrev":"DL","name":"DelXX XXX XXXXX XXX.","id":6772484854},"bsp":{"isoCountryCode":"CH","name":"SWIT","id":6772}},{"agent":{"iataCode":"8126433","address":"AV. XXXXXXX-XXXXXX 99 XXXX","city":"GENEVA","name":"KUOXX XXXXXX","id":67728126433,"status":"Active"},"ticketingAuthority":true,"airline":{"iataCode":"006","abrev":"DL","name":"DelXX XXX XXXXX XXX.","id":6772484854},"bsp":{"isoCountryCode":"CH","name":"SWIT","id":6772}},{"agent":{"iataCode":"8126450","address":"19, XXXX XX XXXX-XXXXX XX 9999","city":"GENEVA","name":"WTA XXXXX XXXXXX XXXXXX X.X.","id":67728126450,"status":"Active"},"ticketingAuthority":true,"airline":{"iataCode":"006","abrev":"DL","name":"DelXX XXX XXXXX XXX.","id":6772484854},"bsp":{"isoCountryCode":"CH","name":"SWIT","id":6772}},{"agent":{"iataCode":"8126526","address":"WeiXXXXXXXXXXXXXX 99","city":"Zwillikon","name":"FINXXXXXX XXXXXX","id":67728126526,"status":"Active"},"ticketingAuthority":true,"airline":{"iataCode":"006","abrev":"DL","name":"DelXX XXX XXXXX XXX.","id":6772484854},"bsp":{"isoCountryCode":"CH","name":"SWIT","id":6772}},{"agent":{"iataCode":"8126695","address":"ROUXX XX XXXXXXXXXX 99","city":"GENEVA","name":"TRAXX XXXXXXXXXXX XX","id":67728126695,"status":"Active"},"ticketingAuthority":true,"airline":{"iataCode":"006","abrev":"DL","name":"DelXX XXX XXXXX XXX.","id":6772484854},"bsp":{"isoCountryCode":"CH","name":"SWIT","id":6772}},{"agent":{"iataCode":"8126698","address":"DORXXXXXXXX 99","city":"Schindellegi","name":"KUEXXX & XXXXX XXXXXXXXXX XX","id":67728126698,"status":"Active"},"ticketingAuthority":true,"airline":{"iataCode":"006","abrev":"DL","name":"DelXX XXX XXXXX XXX.","id":6772484854},"bsp":{"isoCountryCode":"CH","name":"SWIT","id":6772}},{"agent":{"iataCode":"8126919","address":"TurXXXXXXXX 99","city":"Steinhausen","name":"FarXXXXXXX XXXXXX XXXX","id":67728126919,"status":"Active"},"ticketingAuthority":true,"airline":{"iataCode":"006","abrev":"DL","name":"DelXX XXX XXXXX XXX.","id":6772484854},"bsp":{"isoCountryCode":"CH","name":"SWIT","id":6772}},{"agent":{"iataCode":"8126920","address":"BRAXXXXXXXXX.99","city":"Dietlikon","name":"TS XX","id":67728126920,"status":"Active"},"ticketingAuthority":true,"airline":{"iataCode":"006","abrev":"DL","name":"DelXX XXX XXXXX XXX.","id":6772484854},"bsp":{"isoCountryCode":"CH","name":"SWIT","id":6772}},{"agent":{"iataCode":"8126923","address":"rouXX XX X'XXXXXXXX 99 XX 999","city":"GENEVA","name":"SPI XXXXX XXXXXXX XXXXXXXXXXXX","id":67728126923,"status":"Active"},"ticketingAuthority":true,"airline":{"iataCode":"006","abrev":"DL","name":"DelXX XXX XXXXX XXX.","id":6772484854},"bsp":{"isoCountryCode":"CH","name":"SWIT","id":6772}},{"agent":{"iataCode":"8126924","address":"HohXXXXXXXX 999","city":"Zurich","name":"ReeX & XXXXXX","id":67728126924,"status":"Active"},"ticketingAuthority":true,"airline":{"iataCode":"006","abrev":"DL","name":"DelXX XXX XXXXX XXX.","id":6772484854},"bsp":{"isoCountryCode":"CH","name":"SWIT","id":6772}},{"agent":{"iataCode":"8126927","address":"NEUXXXXXXXXXX 99","city":"Brugg","name":"KNEXXX XXXXXX","id":67728126927,"status":"Active"},"ticketingAuthority":true,"airline":{"iataCode":"006","abrev":"DL","name":"DelXX XXX XXXXX XXX.","id":6772484854},"bsp":{"isoCountryCode":"CH","name":"SWIT","id":6772}},{"agent":{"iataCode":"8127124","address":"GRIXXXXXXXXXXX 9","city":"Wallisellen","name":"TOUXXXXX","id":67728127124,"status":"Active"},"ticketingAuthority":true,"airline":{"iataCode":"006","abrev":"DL","name":"DelXX XXX XXXXX XXX.","id":6772484854},"bsp":{"isoCountryCode":"CH","name":"SWIT","id":6772}},{"agent":{"iataCode":"8127196","address":"AVEXXX X'XXXXX 99","city":"Lausanne","name":"M-TXXXXX XXXXXXXXXXX","id":67728127196,"status":"Active"},"ticketingAuthority":true,"airline":{"iataCode":"006","abrev":"DL","name":"DelXX XXX XXXXX XXX.","id":6772484854},"bsp":{"isoCountryCode":"CH","name":"SWIT","id":6772}},{"agent":{"iataCode":"8127373","address":"ZWEXXXXXXXXXX 99 X.X. XXX","city":"Zurich","name":"BOOXXXXXX XXXXXX XXXXXXX XXXXX","id":67728127373,"status":"Active"},"ticketingAuthority":true,"airline":{"iataCode":"006","abrev":"DL","name":"DelXX XXX XXXXX XXX.","id":6772484854},"bsp":{"isoCountryCode":"CH","name":"SWIT","id":6772}},{"agent":{"iataCode":"8127391","address":"GRAXXX XXXXX 9","city":"Vevey","name":"LatXXXXXX XXXXXX XX XXXXXXX","id":67728127391,"status":"Active"},"ticketingAuthority":true,"airline":{"iataCode":"006","abrev":"DL","name":"DelXX XXX XXXXX XXX.","id":6772484854},"bsp":{"isoCountryCode":"CH","name":"SWIT","id":6772}},{"agent":{"iataCode":"8127783","address":"ZUEXXXXXXXXXXXX 99","city":"Uznach","name":"BACXXXXX & XXXXXXX XX","id":67728127783,"status":"Active"},"ticketingAuthority":true,"airline":{"iataCode":"006","abrev":"DL","name":"DelXX XXX XXXXX XXX.","id":6772484854},"bsp":{"isoCountryCode":"CH","name":"SWIT","id":6772}},{"agent":{"iataCode":"8127833","address":"17, XXXXX XX XXXXXXXXXXXX","city":"GENEVA","name":"CHAXXXX XX XXXXXXX","id":67728127833,"status":"Active"},"ticketingAuthority":true,"airline":{"iataCode":"006","abrev":"DL","name":"DelXX XXX XXXXX XXX.","id":6772484854},"bsp":{"isoCountryCode":"CH","name":"SWIT","id":6772}},{"agent":{"iataCode":"8127904","address":"GRAXX-XXX 99","city":"Montreux","name":"VOYXXXXXXX","id":67728127904,"status":"Active"},"ticketingAuthority":true,"airline":{"iataCode":"006","abrev":"DL","name":"DelXX XXX XXXXX XXX.","id":6772484854},"bsp":{"isoCountryCode":"CH","name":"SWIT","id":6772}},{"agent":{"iataCode":"8127905","address":"AUGXXXXXXXXXXXX 99","city":"Zurich","name":"TUI XXXXXXX XXXXXX","id":67728127905,"status":"Active"},"ticketingAuthority":true,"airline":{"iataCode":"006","abrev":"DL","name":"DelXX XXX XXXXX XXX.","id":6772484854},"bsp":{"isoCountryCode":"CH","name":"SWIT","id":6772}},{"agent":{"iataCode":"8127928","address":"HASXXXXXXXXX 99/9","city":"ST GALLEN","name":"INTXXXXXXX","id":67728127928,"status":"Active"},"ticketingAuthority":true,"airline":{"iataCode":"006","abrev":"DL","name":"DelXX XXX XXXXX XXX.","id":6772484854},"bsp":{"isoCountryCode":"CH","name":"SWIT","id":6772}},{"agent":{"iataCode":"8127979","address":"SCHXXXXXXXXXXXXXXXX 999","city":"Zurich","name":"LOTXX XXXXXX XX","id":67728127979,"status":"Active"},"ticketingAuthority":true,"airline":{"iataCode":"006","abrev":"DL","name":"DelXX XXX XXXXX XXX.","id":6772484854},"bsp":{"isoCountryCode":"CH","name":"SWIT","id":6772}},{"agent":{"iataCode":"8128125","address":"LOEXXXXXXXXX 99","city":"Lucerne","name":"ITO XXXXXX XX","id":67728128125,"status":"Active"},"ticketingAuthority":true,"airline":{"iataCode":"006","abrev":"DL","name":"DelXX XXX XXXXX XXX.","id":6772484854},"bsp":{"isoCountryCode":"CH","name":"SWIT","id":6772}},{"agent":{"iataCode":"8128594","address":"VIAXX XXXXXXXX 9 XXXXXXX","city":"Bellinzona","name":"KUOXX XXXXXX","id":67728128594,"status":"Active"},"ticketingAuthority":true,"airline":{"iataCode":"006","abrev":"DL","name":"DelXX XXX XXXXX XXX.","id":6772484854},"bsp":{"isoCountryCode":"CH","name":"SWIT","id":6772}},{"agent":{"iataCode":"8128596","address":"AVEXXX XX XX XXXXXX 9","city":"Lausanne","name":"M-TXXXXX XXXXXXXXXXX","id":67728128596,"status":"Active"},"ticketingAuthority":true,"airline":{"iataCode":"006","abrev":"DL","name":"DelXX XXX XXXXX XXX.","id":6772484854},"bsp":{"isoCountryCode":"CH","name":"SWIT","id":6772}},{"agent":{"iataCode":"8128598","address":"BAHXXXXXXXXXXX 9","city":"Widnau","name":"M-TXXXXX XXXXXXXXXXX","id":67728128598,"status":"Active"},"ticketingAuthority":true,"airline":{"iataCode":"006","abrev":"DL","name":"DelXX XXX XXXXX XXX.","id":6772484854},"bsp":{"isoCountryCode":"CH","name":"SWIT","id":6772}},{"agent":{"iataCode":"8128600","address":"KIRXXXXXXX 99","city":"Zofingen","name":"TUI XXXXXXXXXXX","id":67728128600,"status":"Active"},"ticketingAuthority":true,"airline":{"iataCode":"006","abrev":"DL","name":"DelXX XXX XXXXX XXX.","id":6772484854},"bsp":{"isoCountryCode":"CH","name":"SWIT","id":6772}},{"agent":{"iataCode":"8128947","address":"AVEXXX XX XXXXXXX 9X","city":"GENEVA","name":"CULXXXX XXX XXXXXX XX","id":67728128947,"status":"Active"},"ticketingAuthority":true,"airline":{"iataCode":"006","abrev":"DL","name":"DelXX XXX XXXXX XXX.","id":6772484854},"bsp":{"isoCountryCode":"CH","name":"SWIT","id":6772}},{"agent":{"iataCode":"8129022","address":"WTC XXXXXX XX XXXXXX-XXXXXX 9","city":"Lausanne","name":"BTA XXXXX","id":67728129022,"status":"Active"},"ticketingAuthority":true,"airline":{"iataCode":"006","abrev":"DL","name":"DelXX XXX XXXXX XXX.","id":6772484854},"bsp":{"isoCountryCode":"CH","name":"SWIT","id":6772}},{"agent":{"iataCode":"8129322","address":"GAEXXXXXXXXXXXXX 9","city":"Chur","name":"EngXX XXXXXX","id":67728129322,"status":"Active"},"ticketingAuthority":true,"airline":{"iataCode":"006","abrev":"DL","name":"DelXX XXX XXXXX XXX.","id":6772484854},"bsp":{"isoCountryCode":"CH","name":"SWIT","id":6772}},{"agent":{"iataCode":"8129324","address":"AVEXXX XX XX XXXX 9 XXXX XXXXX","city":"Sion","name":"LATXXXX XXXXXXX XX XXXXXXXXXX","id":67728129324,"status":"Active"},"ticketingAuthority":true,"airline":{"iataCode":"006","abrev":"DL","name":"DelXX XXX XXXXX XXX.","id":6772484854},"bsp":{"isoCountryCode":"CH","name":"SWIT","id":6772}},{"agent":{"iataCode":"8129520","address":"AV. XXX XXXXX 99","city":"Montreux","name":"MONXXXXX-XXXXXXX","id":67728129520,"status":"Active"},"ticketingAuthority":true,"airline":{"iataCode":"006","abrev":"DL","name":"DelXX XXX XXXXX XXX.","id":6772484854},"bsp":{"isoCountryCode":"CH","name":"SWIT","id":6772}},{"agent":{"iataCode":"8129522","address":"HerXXXXXXXX 99","city":"Zurich","name":"KUOXX XXXXXX","id":67728129522,"status":"Active"},"ticketingAuthority":true,"airline":{"iataCode":"006","abrev":"DL","name":"DelXX XXX XXXXX XXX.","id":6772484854},"bsp":{"isoCountryCode":"CH","name":"SWIT","id":6772}},{"agent":{"iataCode":"8129862","address":"BAHXXXXXXXXXXX 99","city":"Biel","name":"BTA XXXXX","id":67728129862,"status":"Active"},"ticketingAuthority":true,"airline":{"iataCode":"006","abrev":"DL","name":"DelXX XXX XXXXX XXX.","id":6772484854},"bsp":{"isoCountryCode":"CH","name":"SWIT","id":6772}},{"agent":{"iataCode":"8129903","address":"PETXX XXXXXX-XXXXXXX 99","city":"BASLE","name":"LAMXXXXXX XXXXXXXXX X.X.","id":67728129903,"status":"Non Active"},"ticketingAuthority":true,"airline":{"iataCode":"006","abrev":"DL","name":"DelXX XXX XXXXX XXX.","id":6772484854},"bsp":{"isoCountryCode":"CH","name":"SWIT","id":6772}},{"agent":{"iataCode":"8129914","address":"BaeXXXXXXX 99","city":"Zurich","name":"HRG XXXXXXXXXXX","id":67728129914,"status":"Active"},"ticketingAuthority":true,"airline":{"iataCode":"006","abrev":"DL","name":"DelXX XXX XXXXX XXX.","id":6772484854},"bsp":{"isoCountryCode":"CH","name":"SWIT","id":6772}},{"agent":{"iataCode":"8129921","address":"KASXXX XXX.99","city":"Aarau","name":"PUTXXX XXXX","id":67728129921,"status":"Active"},"ticketingAuthority":true,"airline":{"iataCode":"006","abrev":"DL","name":"DelXX XXX XXXXX XXX.","id":6772484854},"bsp":{"isoCountryCode":"CH","name":"SWIT","id":6772}},{"agent":{"iataCode":"8148000","address":"WeiXXXXXXXX 9","city":"Seuzach","name":"","id":67728148000,"status":"Active"},"ticketingAuthority":true,"airline":{"iataCode":"006","abrev":"DL","name":"DelXX XXX XXXXX XXX.","id":6772484854},"bsp":{"isoCountryCode":"CH","name":"SWIT","id":6772}},{"agent":{"iataCode":"8148001","address":"1-3 XXX XXXXXXXXXXXX","city":"Geneva","name":"AVIXXXXX","id":67728148001,"status":"Active"},"ticketingAuthority":true,"airline":{"iataCode":"006","abrev":"DL","name":"DelXX XXX XXXXX XXX.","id":6772484854},"bsp":{"isoCountryCode":"CH","name":"SWIT","id":6772}},{"agent":{"iataCode":"8148004","address":"PETXX XXXXXXXXX.9","city":"Basel","name":"AIRXXXXXX X.X.","id":67728148004,"status":"Active"},"ticketingAuthority":true,"airline":{"iataCode":"006","abrev":"DL","name":"DelXX XXX XXXXX XXX.","id":6772484854},"bsp":{"isoCountryCode":"CH","name":"SWIT","id":6772}},{"agent":{"iataCode":"8148006","address":"BERXXXXXXX. 99","city":"Zurich","name":"KALXX XXXXXXX XXXXXXXX XXXX","id":67728148006,"status":"Active"},"ticketingAuthority":true,"airline":{"iataCode":"006","abrev":"DL","name":"DelXX XXX XXXXX XXX.","id":6772484854},"bsp":{"isoCountryCode":"CH","name":"SWIT","id":6772}},{"agent":{"iataCode":"8148007","address":"AckXXXXXXXXX 99","city":"Zurich","name":"AsiXX XXXX XXXXXXX XXXX","id":67728148007,"status":"Active"},"ticketingAuthority":true,"airline":{"iataCode":"006","abrev":"DL","name":"DelXX XXX XXXXX XXX.","id":6772484854},"bsp":{"isoCountryCode":"CH","name":"SWIT","id":6772}},{"agent":{"iataCode":"8148008","address":"ROUXX XX X'XXXXXXXX 99","city":"Geneva","name":"AIRXXXX XXXXXXXX XXXXXXXXXXX X","id":67728148008,"status":"Active"},"ticketingAuthority":true,"airline":{"iataCode":"006","abrev":"DL","name":"DelXX XXX XXXXX XXX.","id":6772484854},"bsp":{"isoCountryCode":"CH","name":"SWIT","id":6772}},{"agent":{"iataCode":"8148010","address":"16, XXX XX XXXX-XXXXX","city":"Geneva","name":"PAUX XXXXX X.X.","id":67728148010,"status":"Active"},"ticketingAuthority":true,"airline":{"iataCode":"006","abrev":"DL","name":"DelXX XXX XXXXX XXX.","id":6772484854},"bsp":{"isoCountryCode":"CH","name":"SWIT","id":6772}},{"agent":{"iataCode":"8148020","address":"OFFXXX XXXX X9 X.X. XXX 999","city":"Zurich","name":"TRIXXXX XXXXXXXX XXX","id":67728148020,"status":"Active"},"ticketingAuthority":true,"airline":{"iataCode":"006","abrev":"DL","name":"DelXX XXX XXXXX XXX.","id":6772484854},"bsp":{"isoCountryCode":"CH","name":"SWIT","id":6772}},{"agent":{"iataCode":"8148023","address":"FLUXXXXXXXXXXX 99","city":"Glattbrugg","name":"AIRXXXX XXXXXXXX XXXXXXXXXXX X","id":67728148023,"status":"Active"},"ticketingAuthority":true,"airline":{"iataCode":"006","abrev":"DL","name":"DelXX XXX XXXXX XXX.","id":6772484854},"bsp":{"isoCountryCode":"CH","name":"SWIT","id":6772}},{"agent":{"iataCode":"8148030","address":"INDXXXXXX XXXX 9","city":"Merenschwand","name":"EURXX XX XXXXXXX","id":67728148030,"status":"Active"},"ticketingAuthority":true,"airline":{"iataCode":"006","abrev":"DL","name":"DelXX XXX XXXXX XXX.","id":6772484854},"bsp":{"isoCountryCode":"CH","name":"SWIT","id":6772}},{"agent":{"iataCode":"8148031","address":"P.O. XXX 999","city":"ZURICH","name":"AIRXXXXXX XXX","id":67728148031,"status":"Active"},"ticketingAuthority":true,"airline":{"iataCode":"006","abrev":"DL","name":"DelXX XXX XXXXX XXX.","id":6772484854},"bsp":{"isoCountryCode":"CH","name":"SWIT","id":6772}},{"agent":{"iataCode":"8148039","address":"CARXX XXXX 9/X99 X.X. XXX 9999","city":"Geneva","name":"SKY XXXX XXXXXXXX XXXXXXX XX","id":67728148039,"status":"Active"},"ticketingAuthority":true,"airline":{"iataCode":"006","abrev":"DL","name":"DelXX XXX XXXXX XXX.","id":6772484854},"bsp":{"isoCountryCode":"CH","name":"SWIT","id":6772}},{"agent":{"iataCode":"8148040","address":"BADXXXXXXXXXXX 99","city":"Zurich","name":"AVIXXXXX","id":67728148040,"status":"Active"},"ticketingAuthority":true,"airline":{"iataCode":"006","abrev":"DL","name":"DelXX XXX XXXXX XXX.","id":6772484854},"bsp":{"isoCountryCode":"CH","name":"SWIT","id":6772}},{"agent":{"iataCode":"8148043","address":"LOEXXXXXXXXXX 99","city":"Zurich","name":"KOVXX","id":67728148043,"status":"Active"},"ticketingAuthority":true,"airline":{"iataCode":"006","abrev":"DL","name":"DelXX XXX XXXXX XXX.","id":6772484854},"bsp":{"isoCountryCode":"CH","name":"SWIT","id":6772}},{"agent":{"iataCode":"8148048","address":"FRAXXX-XXXXXXXX 9/999","city":"Zurich","name":"IBEXXX, XXXXXX XXXXXX XX","id":67728148048,"status":"Active"},"ticketingAuthority":true,"airline":{"iataCode":"006","abrev":"DL","name":"DelXX XXX XXXXX XXX.","id":6772484854},"bsp":{"isoCountryCode":"CH","name":"SWIT","id":6772}},{"agent":{"iataCode":"8148049","address":"FLOXXXXXXXXX 99","city":"Zurich","name":"ARKXX XXXXXX XX","id":67728148049,"status":"Active"},"ticketingAuthority":true,"airline":{"iataCode":"006","abrev":"DL","name":"DelXX XXX XXXXX XXX.","id":6772484854},"bsp":{"isoCountryCode":"CH","name":"SWIT","id":6772}},{"agent":{"iataCode":"8148051","address":"23 XXX XX XXXXXXXXXXXX","city":"Geneva","name":"TOP XXX XXXXXX","id":67728148051,"status":"Active"},"ticketingAuthority":true,"airline":{"iataCode":"006","abrev":"DL","name":"DelXX XXX XXXXX XXX.","id":6772484854},"bsp":{"isoCountryCode":"CH","name":"SWIT","id":6772}},{"agent":{"iataCode":"8148053","address":"GENXXX XXXXXXXXXXXX XXXXXXX","city":"Geneva","name":"A.T.X. XXXXXXX XXX","id":67728148053,"status":"Active"},"ticketingAuthority":true,"airline":{"iataCode":"006","abrev":"DL","name":"DelXX XXX XXXXX XXX.","id":6772484854},"bsp":{"isoCountryCode":"CH","name":"SWIT","id":6772}},{"agent":{"iataCode":"8148054","address":"OFFXXX XXXXXXXX XXXXX X.X.XXX","city":"Zurich","name":"KALXX XXXXXXX XXXXXXXX","id":67728148054,"status":"Active"},"ticketingAuthority":true,"airline":{"iataCode":"006","abrev":"DL","name":"DelXX XXX XXXXX XXX.","id":6772484854},"bsp":{"isoCountryCode":"CH","name":"SWIT","id":6772}},{"agent":{"iataCode":"8148060","address":"12 XXX XX XXXXXXXXXXXX","city":"Geneva","name":"SYSXXX XXXXXX X.X.","id":67728148060,"status":"Active"},"ticketingAuthority":true,"airline":{"iataCode":"006","abrev":"DL","name":"DelXX XXX XXXXX XXX.","id":6772484854},"bsp":{"isoCountryCode":"CH","name":"SWIT","id":6772}},{"agent":{"iataCode":"8148061","address":"GENXXX XXXXXXXXXXXXX XXXXXXX","city":"Geneva","name":"ATI- XXXXXXX &","id":67728148061,"status":"Active"},"ticketingAuthority":true,"airline":{"iataCode":"006","abrev":"DL","name":"DelXX XXX XXXXX XXX.","id":6772484854},"bsp":{"isoCountryCode":"CH","name":"SWIT","id":6772}},{"agent":{"iataCode":"8148067","address":"NADXXXXXXXXXXX 99","city":"Zurich","name":"AVIXXXXX XXXXXXX","id":67728148067,"status":"Active"},"ticketingAuthority":true,"airline":{"iataCode":"006","abrev":"DL","name":"DelXX XXX XXXXX XXX.","id":6772484854},"bsp":{"isoCountryCode":"CH","name":"SWIT","id":6772}},{"agent":{"iataCode":"8148069","address":"BADXXXXXXXXXXX 99","city":"Zurich","name":"PW","id":67728148069,"status":"Active"},"ticketingAuthority":true,"airline":{"iataCode":"006","abrev":"DL","name":"DelXX XXX XXXXX XXX.","id":6772484854},"bsp":{"isoCountryCode":"CH","name":"SWIT","id":6772}},{"agent":{"iataCode":"8148071","address":"SCHXXXXXXXXXXXXXXXX 999","city":"Kloten","name":"APG XXXXXXXXXXX XXXX","id":67728148071,"status":"Active"},"ticketingAuthority":true,"airline":{"iataCode":"006","abrev":"DL","name":"DelXX XXX XXXXX XXX.","id":6772484854},"bsp":{"isoCountryCode":"CH","name":"SWIT","id":6772}},{"agent":{"iataCode":"8148072","address":"AERXXXXX 9XXX XXXX XXXXXXX 999","city":"Geneva","name":"SWIXXXXXX","id":67728148072,"status":"Active"},"ticketingAuthority":true,"airline":{"iataCode":"006","abrev":"DL","name":"DelXX XXX XXXXX XXX.","id":6772484854},"bsp":{"isoCountryCode":"CH","name":"SWIT","id":6772}},{"agent":{"iataCode":"8148074","address":"BADXXXXXXXXXXX 99","city":"Zurich","name":"AVIXXXXX XXXXXXXXXXX","id":67728148074,"status":"Active"},"ticketingAuthority":true,"airline":{"iataCode":"006","abrev":"DL","name":"DelXX XXX XXXXX XXX.","id":6772484854},"bsp":{"isoCountryCode":"CH","name":"SWIT","id":6772}},{"agent":{"iataCode":"8148075","address":"BREXXXXXXXXXXXXXX 99","city":"Merenschwand","name":"DISXXXXX XXX XXXXX XXXXXXXXX","id":67728148075,"status":"Active"},"ticketingAuthority":true,"airline":{"iataCode":"006","abrev":"DL","name":"DelXX XXX XXXXX XXX.","id":6772484854},"bsp":{"isoCountryCode":"CH","name":"SWIT","id":6772}},{"agent":{"iataCode":"8148077","address":"BADXXXXXXXXXXX 99","city":"Zurich","name":"AIRXXXXXXXXXX XXXXXXX XXXX XXX","id":67728148077,"status":"Active"},"ticketingAuthority":true,"airline":{"iataCode":"006","abrev":"DL","name":"DelXX XXX XXXXX XXX.","id":6772484854},"bsp":{"isoCountryCode":"CH","name":"SWIT","id":6772}},{"agent":{"iataCode":"8148078","address":"ZURXXX XXXXXXX","city":"Zurich","name":"CGS","id":67728148078,"status":"Active"},"ticketingAuthority":true,"airline":{"iataCode":"006","abrev":"DL","name":"DelXX XXX XXXXX XXX.","id":6772484854},"bsp":{"isoCountryCode":"CH","name":"SWIT","id":6772}},{"agent":{"iataCode":"8148133","address":"CENXXXXXXXXXXXXXXX 9","city":"Basel","name":"RECX-XXXXXXX XXXX XXX","id":67728148133,"status":"Active"},"ticketingAuthority":true,"airline":{"iataCode":"006","abrev":"DL","name":"DelXX XXX XXXXX XXX.","id":6772484854},"bsp":{"isoCountryCode":"CH","name":"SWIT","id":6772}},{"agent":{"iataCode":"8148236","address":"SeeXXXXXXX 99","city":"Kilchberg","name":"DisXXXXX XXX XXXXX XXXX","id":67728148236,"status":"Active"},"ticketingAuthority":true,"airline":{"iataCode":"006","abrev":"DL","name":"DelXX XXX XXXXX XXX.","id":6772484854},"bsp":{"isoCountryCode":"CH","name":"SWIT","id":6772}},{"agent":{"iataCode":"8148241","address":"FREXXXX XXXX X99 X.X.XXX 9999","city":"Geneva","name":"RTW XXX XXXXXXXX XX","id":67728148241,"status":"Active"},"ticketingAuthority":true,"airline":{"iataCode":"006","abrev":"DL","name":"DelXX XXX XXXXX XXX.","id":6772484854},"bsp":{"isoCountryCode":"CH","name":"SWIT","id":6772}},{"agent":{"iataCode":"8148345","address":"OBEXXXXXX 9","city":"Oberwil","name":"ATC XXXXXXXX XXXXXXXX XXX","id":67728148345,"status":"Active"},"ticketingAuthority":true,"airline":{"iataCode":"006","abrev":"DL","name":"DelXX XXX XXXXX XXX.","id":6772484854},"bsp":{"isoCountryCode":"CH","name":"SWIT","id":6772}},{"agent":{"iataCode":"8148840","address":"CARXX XXXXXXXX 9/XX9 X.X. XXX","city":"Geneva","name":"ATC XXXXXXXX XXXXXXXX XXX","id":67728148840,"status":"Active"},"ticketingAuthority":true,"airline":{"iataCode":"006","abrev":"DL","name":"DelXX XXX XXXXX XXX.","id":6772484854},"bsp":{"isoCountryCode":"CH","name":"SWIT","id":6772}},{"agent":{"iataCode":"8149077","address":"TERXXXXX 9 X.X.XXX XXXXXX","city":"Zurich","name":"SWIXXXXXX XXXXXX XX","id":67728149077,"status":"Active"},"ticketingAuthority":true,"airline":{"iataCode":"006","abrev":"DL","name":"DelXX XXX XXXXX XXX.","id":6772484854},"bsp":{"isoCountryCode":"CH","name":"SWIT","id":6772}},{"agent":{"iataCode":"8149079","address":"P.O.XXX","city":"Basel","name":"SWIXX XXXXX XXXXX","id":67728149079,"status":"Active"},"ticketingAuthority":true,"airline":{"iataCode":"006","abrev":"DL","name":"DelXX XXX XXXXX XXX.","id":6772484854},"bsp":{"isoCountryCode":"CH","name":"SWIT","id":6772}},{"agent":{"iataCode":"8149116","address":"INDXXXXXX XXXX 9","city":"Merenschwand","name":"DISXXXXX XXX XXXXX XXXXXXXXX","id":67728149116,"status":"Active"},"ticketingAuthority":true,"airline":{"iataCode":"006","abrev":"DL","name":"DelXX XXX XXXXX XXX.","id":6772484854},"bsp":{"isoCountryCode":"CH","name":"SWIT","id":6772}},{"agent":{"iataCode":"8149119","address":"GENXXX XXXXXXXXXXXXX XXXXXXX","city":"Geneva","name":"DNAXX XXXXXXXXXXX XX","id":67728149119,"status":"Active"},"ticketingAuthority":true,"airline":{"iataCode":"006","abrev":"DL","name":"DelXX XXX XXXXX XXX.","id":6772484854},"bsp":{"isoCountryCode":"CH","name":"SWIT","id":6772}},{"agent":{"iataCode":"8149120","address":"GROXXX XXXXXXXX XXXXX XXXXXX","city":"Zurich","name":"CUSXXXXX XXXXXX XXXXXXXX","id":67728149120,"status":"Active"},"ticketingAuthority":true,"airline":{"iataCode":"006","abrev":"DL","name":"DelXX XXX XXXXX XXX.","id":6772484854},"bsp":{"isoCountryCode":"CH","name":"SWIT","id":6772}},{"agent":{"iataCode":"8149122","address":"GENXXX XXXXXXX","city":"Geneva","name":"CGS","id":67728149122,"status":"Active"},"ticketingAuthority":true,"airline":{"iataCode":"006","abrev":"DL","name":"DelXX XXX XXXXX XXX.","id":6772484854},"bsp":{"isoCountryCode":"CH","name":"SWIT","id":6772}},{"agent":{"iataCode":"8149125","address":"CENXXXX XXXXXXXX X.X. XXX 999","city":"Kloten","name":"DNAXX XXXXXXXXXXX XXX","id":67728149125,"status":"Active"},"ticketingAuthority":true,"airline":{"iataCode":"006","abrev":"DL","name":"DelXX XXX XXXXX XXX.","id":6772484854},"bsp":{"isoCountryCode":"CH","name":"SWIT","id":6772}},{"agent":{"iataCode":"8149126","address":"FLUXXXXXXXXXXX 99","city":"Glattbrugg","name":"SWIXXXXXX XXXXXXXXXXXXX XXX","id":67728149126,"status":"Active"},"ticketingAuthority":true,"airline":{"iataCode":"006","abrev":"DL","name":"DelXX XXX XXXXX XXX.","id":6772484854},"bsp":{"isoCountryCode":"CH","name":"SWIT","id":6772}},{"agent":{"iataCode":"8149130","address":"ZURXXX XXXXXXX","city":"Zurich","name":"SWIXXXXXX XXXXXXXXXXXXX XXX","id":67728149130,"status":"Active"},"ticketingAuthority":true,"airline":{"iataCode":"006","abrev":"DL","name":"DelXX XXX XXXXX XXX.","id":6772484854},"bsp":{"isoCountryCode":"CH","name":"SWIT","id":6772}},{"agent":{"iataCode":"8149131","address":"ZURXXX-XXXXXXX XX XXX 99","city":"Zurich","name":"CGS XXXXXXXX XXXXXX XXXXXXX XX","id":67728149131,"status":"Active"},"ticketingAuthority":true,"airline":{"iataCode":"006","abrev":"DL","name":"DelXX XXX XXXXX XXX.","id":6772484854},"bsp":{"isoCountryCode":"CH","name":"SWIT","id":6772}},{"agent":{"iataCode":"8149462","address":"BOX 9999 XXXXXX XXXXXXX XXXX.","city":"Zurich","name":"JET XXXXXXXX XXXXXXXX XXX","id":67728149462,"status":"Active"},"ticketingAuthority":true,"airline":{"iataCode":"006","abrev":"DL","name":"DelXX XXX XXXXX XXX.","id":6772484854},"bsp":{"isoCountryCode":"CH","name":"SWIT","id":6772}},{"agent":{"iataCode":"8812077","address":"WWW.XXXXXXXXXXXXX.XXX","city":"BERN","name":"ALTXXXX XXXXXX XX.X.X.","id":67728812077,"status":"Non Active"},"ticketingAuthority":true,"airline":{"iataCode":"006","abrev":"DL","name":"DelXX XXX XXXXX XXX.","id":6772484854},"bsp":{"isoCountryCode":"CH","name":"SWIT","id":6772}}]

04-10-2024T15:57:27 - [TEST_STEP][PASSED] - missingIDsList = getTestCaseVariables().get("missing_IDs"): null

04-10-2024T15:57:27 - [TEST_STEP][PASSED] - missingIDsList.each({ java.lang.Object id -> ... }): null

04-10-2024T15:57:27 - [TEST_STEP][PASSED] - fieldsToBeIgnoredList = getTestCaseVariables().get("fieldsToBeIgnoredList"): null

04-10-2024T15:57:27 - [TEST_STEP][PASSED] - fieldsToBeIgnoredList.each({ java.lang.Object fieldName -> ... }): Field Ignored -> id

04-10-2024T15:57:27 - [MESSAGE][INFO] - Field Ignored -> id

04-10-2024T15:57:27 - [TEST_STEP][PASSED] - if (fieldsToBeIgnoredList.size() > 0): reporting.ExtentReporting.logListData is PASSED

04-10-2024T15:57:27 - [TEST_STEP][PASSED] - reporting.ExtentReporting.logListData("Ignored Nodes ", fieldsToBeIgnoredList): reporting.ExtentReporting.logListData is PASSED

04-10-2024T15:57:27 - [MESSAGE][PASSED] - reporting.ExtentReporting.logListData is PASSED

04-10-2024T15:57:27 - [TEST_STEP][PASSED] - if (extentFlag.equals("y")): Invoke 'com.kms.katalon.core.annotation.AfterTestCase' method: 'TestListener.afterTestCase(...)' completed.

04-10-2024T15:57:27 - [TEST_STEP][PASSED] - reporting.ExtentReporting.endTest(): Invoke 'com.kms.katalon.core.annotation.AfterTestCase' method: 'TestListener.afterTestCase(...)' completed.

04-10-2024T15:57:27 - [MESSAGE][PASSED] - reporting.ExtentReporting.endTest is PASSED

04-10-2024T15:57:27 - [MESSAGE][INFO] - Invoke 'com.kms.katalon.core.annotation.AfterTestCase' method: 'TestListener.afterTestCase(...)' completed.]]></system-out>
         <system-err><![CDATA[]]></system-err>
      </testcase>
      <testcase name="Test Cases/Ticketing_Authority/ta/FCA-15910_QueryActiveAgentGroupsPerBSP" time="1.66" classname="Test Cases/Ticketing_Authority/ta/FCA-15910_QueryActiveAgentGroupsPerBSP" status="PASSED">
         <system-out><![CDATA[04-10-2024T15:57:27 - [TEST_CASE][PASSED] - Test Cases/Ticketing_Authority/ta/FCA-15910_QueryActiveAgentGroupsPerBSP: Test Cases/Ticketing_Authority/ta/FCA-15910_QueryActiveAgentGroupsPerBSP

04-10-2024T15:57:28 - [TEST_STEP][PASSED] - Start listener action : Before: Invoke 'com.kms.katalon.core.annotation.BeforeTestCase' method: 'TestListener.Before(...)' completed.

04-10-2024T15:57:28 - [MESSAGE][INFO] - Starting invoke 'com.kms.katalon.core.annotation.BeforeTestCase' method: 'TestListener.Before(...)'

04-10-2024T15:57:28 - [TEST_STEP][PASSED] - tc_description = testCaseContext.getMessage(): null

04-10-2024T15:57:28 - [TEST_STEP][PASSED] - tcName = testCaseId: null

04-10-2024T15:57:28 - [TEST_STEP][PASSED] - println(tcName): null

04-10-2024T15:57:28 - [TEST_STEP][PASSED] - reporting.ExtentReporting.startTest(reportPath, testSuiteName, tcName, tc_description, author, "Extent Test", reportFile): Invoke 'com.kms.katalon.core.annotation.BeforeTestCase' method: 'TestListener.Before(...)' completed.

04-10-2024T15:57:28 - [MESSAGE][PASSED] - reporting.ExtentReporting.startTest is PASSED

04-10-2024T15:57:28 - [MESSAGE][INFO] - Invoke 'com.kms.katalon.core.annotation.BeforeTestCase' method: 'TestListener.Before(...)' completed.

04-10-2024T15:57:28 - [TEST_STEP][PASSED] - if (flag == "Y"): null

04-10-2024T15:57:28 - [TEST_STEP][PASSED] - path = endPoint: null

04-10-2024T15:57:28 - [TEST_STEP][PASSED] - URL_QA = baseURL_QA + "/" + basePathAPI + "/" + path: null

04-10-2024T15:57:28 - [TEST_STEP][PASSED] - queryResponseQA = sendRequest(findTestObject("CommonRequest/GET_Method_QA", ["token":iataQA_CH, "endPoint":path])): Send request successfully

04-10-2024T15:57:28 - [MESSAGE][INFO] - Finding Test Object 'Object Repository/CommonRequest/GET_Method_QA'

04-10-2024T15:57:28 - [MESSAGE][INFO] - Checking request object

04-10-2024T15:57:28 - [MESSAGE][INFO] - HAR: C:\Users\mayuresh.sonar\KatalonStudio\DataMigration\NFE-API-automationK\Reports\20241004_155703\Ticketing_Authority\ta\20241004_155703\requests\main\2.har

04-10-2024T15:57:28 - [MESSAGE][PASSED] - Send request successfully

04-10-2024T15:57:28 - [TEST_STEP][PASSED] - verifyResponseStatusCode(queryResponseQA, 200): Verify response status code successfully

04-10-2024T15:57:28 - [MESSAGE][INFO] - Checking response object

04-10-2024T15:57:28 - [MESSAGE][PASSED] - Verify response status code successfully

04-10-2024T15:57:28 - [TEST_STEP][PASSED] - responseQA = queryResponseQA.getResponseBodyContent(): null

04-10-2024T15:57:28 - [TEST_STEP][PASSED] - URL_QAMIG = baseURL_QA_MIG + "/" + basePathAPI + "/" + path: null

04-10-2024T15:57:28 - [TEST_STEP][PASSED] - queryResponseQAMIG = sendRequest(findTestObject("CommonRequest/GET_Method_QA_MIG", ["token":iataQAMIG_CH, "endPoint":path])): Send request successfully

04-10-2024T15:57:28 - [MESSAGE][INFO] - Finding Test Object 'Object Repository/CommonRequest/GET_Method_QA_MIG'

04-10-2024T15:57:28 - [MESSAGE][INFO] - Checking request object

04-10-2024T15:57:29 - [MESSAGE][INFO] - HAR: C:\Users\mayuresh.sonar\KatalonStudio\DataMigration\NFE-API-automationK\Reports\20241004_155703\Ticketing_Authority\ta\20241004_155703\requests\main\3.har

04-10-2024T15:57:29 - [MESSAGE][PASSED] - Send request successfully

04-10-2024T15:57:29 - [TEST_STEP][PASSED] - verifyResponseStatusCode(queryResponseQAMIG, 200): Verify response status code successfully

04-10-2024T15:57:29 - [MESSAGE][INFO] - Checking response object

04-10-2024T15:57:29 - [MESSAGE][PASSED] - Verify response status code successfully

04-10-2024T15:57:29 - [TEST_STEP][PASSED] - responseQAMIG = queryResponseQAMIG.getResponseBodyContent(): null

04-10-2024T15:57:29 - [TEST_STEP][PASSED] - ignoreNodesList = Arrays.asList(ignoreNodes.split(",")): null

04-10-2024T15:57:29 - [TEST_STEP][PASSED] - jsonSlurper = new groovy.json.JsonSlurper(): null

04-10-2024T15:57:29 - [TEST_STEP][PASSED] - responseQAObject = jsonSlurper.parseText(responseQA): null

04-10-2024T15:57:29 - [TEST_STEP][PASSED] - jsonObjectQA = responseQAObject: null

04-10-2024T15:57:29 - [TEST_STEP][PASSED] - responseQAMIGObject = jsonSlurper.parseText(responseQAMIG): null

04-10-2024T15:57:29 - [TEST_STEP][PASSED] - jsonObjectQAMIG = responseQAMIGObject: null

04-10-2024T15:57:29 - [TEST_STEP][PASSED] - comparator = compare.CompareJsonResponse.getComparator(ignoreNodes): compare.CompareJsonResponse.getComparator is PASSED

04-10-2024T15:57:29 - [MESSAGE][PASSED] - compare.CompareJsonResponse.getComparator is PASSED

04-10-2024T15:57:29 - [TEST_STEP][PASSED] - compare.GetDifferences.clearSetValues(): compare.GetDifferences.clearSetValues is PASSED

04-10-2024T15:57:29 - [MESSAGE][PASSED] - compare.GetDifferences.clearSetValues is PASSED

04-10-2024T15:57:29 - [TEST_STEP][PASSED] - if (jsonObjectQA.has("records") || jsonObjectQAMIG.has("records")): null

04-10-2024T15:57:29 - [TEST_STEP][PASSED] - else: compare.GetDifferences.setDifferencesFromResult is PASSED

04-10-2024T15:57:29 - [TEST_STEP][PASSED] - ignoreNodesList.each({ java.lang.Object node -> ... }): compare.CompareJsonResponse.removeNode is PASSED

04-10-2024T15:57:29 - [MESSAGE][PASSED] - compare.CompareJsonResponse.removeNode is PASSED

04-10-2024T15:57:29 - [MESSAGE][PASSED] - compare.CompareJsonResponse.removeNode is PASSED

04-10-2024T15:57:29 - [TEST_STEP][PASSED] - compareJSON = JSONCompare.compareJSON(jsonObjectQA, jsonObjectQAMIG, comparator): null

04-10-2024T15:57:29 - [TEST_STEP][PASSED] - compare.GetDifferences.setDifferencesFromResult(compareJSON): compare.GetDifferences.setDifferencesFromResult is PASSED

04-10-2024T15:57:29 - [MESSAGE][INFO] - failedFieldsList -> []

04-10-2024T15:57:29 - [MESSAGE][PASSED] - compare.GetDifferences.setDifferencesFromResult is PASSED

04-10-2024T15:57:29 - [TEST_STEP][PASSED] - fieldsToBeIgnoredList = ignoreNodesList: null

04-10-2024T15:57:29 - [TEST_STEP][PASSED] - failedList = new java.util.ArrayList(CustomKeywords.compare.GetDifferences.getFailedFieldsList()): compare.GetDifferences.getFailedFieldsList is PASSED

04-10-2024T15:57:29 - [MESSAGE][INFO] - failedFieldsList size -> 0

04-10-2024T15:57:29 - [MESSAGE][PASSED] - compare.GetDifferences.getFailedFieldsList is PASSED

04-10-2024T15:57:29 - [TEST_STEP][PASSED] - missingList = new java.util.ArrayList(CustomKeywords.compare.GetDifferences.getMissingFieldsList()): compare.GetDifferences.getMissingFieldsList is PASSED

04-10-2024T15:57:29 - [MESSAGE][INFO] - missingFieldsList size -> 0

04-10-2024T15:57:29 - [MESSAGE][PASSED] - compare.GetDifferences.getMissingFieldsList is PASSED

04-10-2024T15:57:29 - [TEST_STEP][PASSED] - unexpectedList = new java.util.ArrayList(CustomKeywords.compare.GetDifferences.getUnexpectedFieldsList()): compare.GetDifferences.getUnexpectedFieldsList is PASSED

04-10-2024T15:57:29 - [MESSAGE][INFO] - unexpectedFieldsList size -> 0

04-10-2024T15:57:29 - [MESSAGE][PASSED] - compare.GetDifferences.getUnexpectedFieldsList is PASSED

04-10-2024T15:57:29 - [TEST_STEP][PASSED] - if (failedList.size() > 0): null

04-10-2024T15:57:29 - [TEST_STEP][PASSED] - Start listener action : afterTestCase: Invoke 'com.kms.katalon.core.annotation.AfterTestCase' method: 'TestListener.afterTestCase(...)' completed.

04-10-2024T15:57:29 - [MESSAGE][INFO] - Starting invoke 'com.kms.katalon.core.annotation.AfterTestCase' method: 'TestListener.afterTestCase(...)'

04-10-2024T15:57:29 - [TEST_STEP][PASSED] - logInfo(testCaseContext.getTestCaseId()): Test Cases/Ticketing_Authority/ta/FCA-15910_QueryActiveAgentGroupsPerBSP

04-10-2024T15:57:29 - [MESSAGE][INFO] - Test Cases/Ticketing_Authority/ta/FCA-15910_QueryActiveAgentGroupsPerBSP

04-10-2024T15:57:29 - [TEST_STEP][PASSED] - logInfo(testCaseContext.getTestCaseStatus()): PASSED

04-10-2024T15:57:29 - [MESSAGE][INFO] - PASSED

04-10-2024T15:57:29 - [TEST_STEP][PASSED] - responseQA = getTestCaseVariables().get("responseQA"): null

04-10-2024T15:57:29 - [TEST_STEP][PASSED] - responseQAMIG = getTestCaseVariables().get("responseQAMIG"): null

04-10-2024T15:57:29 - [TEST_STEP][PASSED] - sortedQA = getTestCaseVariables().get("sortedRecordsQA"): null

04-10-2024T15:57:29 - [TEST_STEP][PASSED] - sortedQAMIG = getTestCaseVariables().get("sortedRecordsQAMIG"): null

04-10-2024T15:57:29 - [TEST_STEP][PASSED] - reporting.ExtentReporting.logStringData("URL_QA", getTestCaseVariables().get("URL_QA")): reporting.ExtentReporting.logStringData is PASSED

04-10-2024T15:57:29 - [MESSAGE][PASSED] - reporting.ExtentReporting.logStringData is PASSED

04-10-2024T15:57:29 - [TEST_STEP][PASSED] - reporting.ExtentReporting.logStringData("URL_QAMIG", getTestCaseVariables().get("URL_QAMIG")): reporting.ExtentReporting.logStringData is PASSED

04-10-2024T15:57:29 - [MESSAGE][PASSED] - reporting.ExtentReporting.logStringData is PASSED

04-10-2024T15:57:29 - [TEST_STEP][PASSED] - reporting.ExtentReporting.logJSONData("QA Response", responseQA): reporting.ExtentReporting.logJSONData is PASSED

04-10-2024T15:57:29 - [MESSAGE][PASSED] - reporting.ExtentReporting.logJSONData is PASSED

04-10-2024T15:57:29 - [TEST_STEP][PASSED] - reporting.ExtentReporting.logJSONData("QAMIG Response", responseQAMIG): reporting.ExtentReporting.logJSONData is PASSED

04-10-2024T15:57:29 - [MESSAGE][PASSED] - reporting.ExtentReporting.logJSONData is PASSED

04-10-2024T15:57:29 - [TEST_STEP][PASSED] - if (getTestCaseStatus().equals("FAILED")): null

04-10-2024T15:57:29 - [TEST_STEP][PASSED] - else if (getTestCaseStatus().equals("ERROR")): null

04-10-2024T15:57:29 - [TEST_STEP][PASSED] - else: reporting.ExtentReporting.logListData is PASSED

04-10-2024T15:57:29 - [TEST_STEP][PASSED] - flag = getTestCaseVariables().get("flag"): null

04-10-2024T15:57:29 - [TEST_STEP][PASSED] - if (flag.equalsIgnoreCase("N")): null

04-10-2024T15:57:29 - [TEST_STEP][PASSED] - else: reporting.ExtentReporting.logListData is PASSED

04-10-2024T15:57:29 - [TEST_STEP][PASSED] - reporting.ExtentReporting.testStatus("PASS", testCaseContext.getTestCaseId() + " Passed"): reporting.ExtentReporting.testStatus is PASSED

04-10-2024T15:57:29 - [MESSAGE][PASSED] - reporting.ExtentReporting.testStatus is PASSED

04-10-2024T15:57:29 - [TEST_STEP][PASSED] - logInfo(getTestCaseVariables().get("URL_QA")): https://gateway-gateway.apps.qa.okd4.nfe.projects.nonprod.itd.farelogix.com/api/ta-management/agent-groups?bspId=6772

04-10-2024T15:57:29 - [MESSAGE][INFO] - https://gateway-gateway.apps.qa.okd4.nfe.projects.nonprod.itd.farelogix.com/api/ta-management/agent-groups?bspId=6772

04-10-2024T15:57:29 - [TEST_STEP][PASSED] - responseQAValue = getTestCaseVariables().get("responseQA"): null

04-10-2024T15:57:29 - [TEST_STEP][PASSED] - logInfo(sortedQA): 

04-10-2024T15:57:29 - [MESSAGE][INFO] - 

04-10-2024T15:57:29 - [TEST_STEP][PASSED] - logInfo(getTestCaseVariables().get("URL_QAMIG")): https://gateway-gateway.apps.qa-mig.okd4.nfe.projects.nonprod.itd.farelogix.com/api/ta-management/agent-groups?bspId=6772

04-10-2024T15:57:29 - [MESSAGE][INFO] - https://gateway-gateway.apps.qa-mig.okd4.nfe.projects.nonprod.itd.farelogix.com/api/ta-management/agent-groups?bspId=6772

04-10-2024T15:57:29 - [TEST_STEP][PASSED] - responseQAMIGValue = getTestCaseVariables().get("responseQAMIG"): null

04-10-2024T15:57:29 - [TEST_STEP][PASSED] - logInfo(sortedQAMIG): 

04-10-2024T15:57:29 - [MESSAGE][INFO] - 

04-10-2024T15:57:29 - [TEST_STEP][PASSED] - missingIDsList = getTestCaseVariables().get("missing_IDs"): null

04-10-2024T15:57:29 - [TEST_STEP][PASSED] - missingIDsList.each({ java.lang.Object id -> ... }): null

04-10-2024T15:57:29 - [TEST_STEP][PASSED] - fieldsToBeIgnoredList = getTestCaseVariables().get("fieldsToBeIgnoredList"): null

04-10-2024T15:57:29 - [TEST_STEP][PASSED] - fieldsToBeIgnoredList.each({ java.lang.Object fieldName -> ... }): Field Ignored -> 

04-10-2024T15:57:29 - [MESSAGE][INFO] - Field Ignored -> 

04-10-2024T15:57:29 - [TEST_STEP][PASSED] - if (fieldsToBeIgnoredList.size() > 0): reporting.ExtentReporting.logListData is PASSED

04-10-2024T15:57:29 - [TEST_STEP][PASSED] - reporting.ExtentReporting.logListData("Ignored Nodes ", fieldsToBeIgnoredList): reporting.ExtentReporting.logListData is PASSED

04-10-2024T15:57:29 - [MESSAGE][PASSED] - reporting.ExtentReporting.logListData is PASSED

04-10-2024T15:57:29 - [TEST_STEP][PASSED] - if (extentFlag.equals("y")): Invoke 'com.kms.katalon.core.annotation.AfterTestCase' method: 'TestListener.afterTestCase(...)' completed.

04-10-2024T15:57:29 - [TEST_STEP][PASSED] - reporting.ExtentReporting.endTest(): Invoke 'com.kms.katalon.core.annotation.AfterTestCase' method: 'TestListener.afterTestCase(...)' completed.

04-10-2024T15:57:29 - [MESSAGE][PASSED] - reporting.ExtentReporting.endTest is PASSED

04-10-2024T15:57:29 - [MESSAGE][INFO] - Invoke 'com.kms.katalon.core.annotation.AfterTestCase' method: 'TestListener.afterTestCase(...)' completed.]]></system-out>
         <system-err><![CDATA[]]></system-err>
      </testcase>
      <system-out><![CDATA[04-10-2024T15:57:09 - [TEST_SUITE][PASSED] - ta: Test Cases/Ticketing_Authority/ta/FCA-15910_QueryActiveAgentGroupsPerBSP]]></system-out>
      <system-err><![CDATA[]]></system-err>
   </testsuite>
</testsuites>
