<?xml version="1.0" encoding="UTF-8"?>
<testsuites name="card-consents" time="11.953" tests="1" failures="1" errors="0">
   <testsuite name="card-consents" tests="1" failures="1" errors="0" time="11.953" skipped="0" timestamp="09-10-2024T20:52:54" hostname="Mayuresh.Sonar - CCE1019.accelya.local" id="Test Suites/TIP_Management/card-consents">
      <properties>
         <property name="deviceName" value=""/>
         <property name="devicePlatform" value=""/>
         <property name="logFolder" value="C:\\Users\\mayuresh.sonar\\KatalonStudio\\DataMigration\\NFE-API-automationK\\Reports\\20241009_205247\\TIP_Management\\card-consents\\20241009_205247"/>
         <property name="logFiles" value="C:\\Users\\mayuresh.sonar\\KatalonStudio\\DataMigration\\NFE-API-automationK\\Reports\\20241009_205247\\TIP_Management\\card-consents\\20241009_205247\\execution0.log"/>
         <property name="attachments" value=""/>
         <property name="hostName" value="Mayuresh.Sonar - CCE1019.accelya.local"/>
         <property name="hostAddress" value="192.168.0.104"/>
         <property name="os" value="Windows 11 64bit"/>
         <property name="katalonVersion" value="9.4.4.212"/>
      </properties>
      <testcase name="Test Cases/TIP_Management/card-consents/FCA_15723_GET_TIP_Card_Consents" time="11.433" classname="Test Cases/TIP_Management/card-consents/FCA_15723_GET_TIP_Card_Consents" status="FAILED">
         <failure type="FAILED" message="Test Cases/TIP_Management/card-consents/FCA_15723_GET_TIP_Card_Consents FAILED.&#xa;Reason:&#xa;com.kms.katalon.core.exception.StepFailedException: There are 45 RECORDS in QA and 55 RECORDS in QAMIG&#xa;	at com.kms.katalon.core.util.KeywordUtil.markFailed(KeywordUtil.java:19)&#xa;	at Script1720599623761$_run_closure1.doCall(Script1720599623761.groovy:120)&#xa;	at java.base/jdk.internal.reflect.NativeMethodAccessorImpl.invoke0(Native Method)&#xa;	at java.base/jdk.internal.reflect.NativeMethodAccessorImpl.invoke(NativeMethodAccessorImpl.java:77)&#xa;	at java.base/jdk.internal.reflect.DelegatingMethodAccessorImpl.invoke(DelegatingMethodAccessorImpl.java:43)&#xa;	at FCA_15723_GET_TIP_Card_Consents.run(FCA_15723_GET_TIP_Card_Consents:92)&#xa;	at com.kms.katalon.core.main.ScriptEngine.run(ScriptEngine.java:194)&#xa;	at com.kms.katalon.core.main.ScriptEngine.runScriptAsRawText(ScriptEngine.java:119)&#xa;	at com.kms.katalon.core.main.TestCaseExecutor.runScript(TestCaseExecutor.java:448)&#xa;	at com.kms.katalon.core.main.TestCaseExecutor.doExecute(TestCaseExecutor.java:439)&#xa;	at com.kms.katalon.core.main.TestCaseExecutor.processExecutionPhase(TestCaseExecutor.java:418)&#xa;	at com.kms.katalon.core.main.TestCaseExecutor.accessMainPhase(TestCaseExecutor.java:410)&#xa;	at com.kms.katalon.core.main.TestCaseExecutor.execute(TestCaseExecutor.java:285)&#xa;	at com.kms.katalon.core.common.CommonExecutor.accessTestCaseMainPhase(CommonExecutor.java:65)&#xa;	at com.kms.katalon.core.main.TestSuiteExecutor.accessTestSuiteMainPhase(TestSuiteExecutor.java:150)&#xa;	at com.kms.katalon.core.main.TestSuiteExecutor.execute(TestSuiteExecutor.java:106)&#xa;	at com.kms.katalon.core.main.TestCaseMain.startTestSuite(TestCaseMain.java:180)&#xa;	at TempTestSuite1728487367519.run(TempTestSuite1728487367519.groovy:35)&#xa;	at java.base/jdk.internal.reflect.NativeMethodAccessorImpl.invoke0(Native Method)&#xa;	at java.base/jdk.internal.reflect.NativeMethodAccessorImpl.invoke(NativeMethodAccessorImpl.java:77)&#xa;	at java.base/jdk.internal.reflect.DelegatingMethodAccessorImpl.invoke(DelegatingMethodAccessorImpl.java:43)&#xa;"/>
         <system-out><![CDATA[09-10-2024T20:52:54 - [TEST_CASE][FAILED] - Test Cases/TIP_Management/card-consents/FCA_15723_GET_TIP_Card_Consents: Test Cases/TIP_Management/card-consents/FCA_15723_GET_TIP_Card_Consents FAILED.
Reason:
com.kms.katalon.core.exception.StepFailedException: There are 45 RECORDS in QA and 55 RECORDS in QAMIG
	at com.kms.katalon.core.util.KeywordUtil.markFailed(KeywordUtil.java:19)
	at Script1720599623761$_run_closure1.doCall(Script1720599623761.groovy:120)
	at java.base/jdk.internal.reflect.NativeMethodAccessorImpl.invoke0(Native Method)
	at java.base/jdk.internal.reflect.NativeMethodAccessorImpl.invoke(NativeMethodAccessorImpl.java:77)
	at java.base/jdk.internal.reflect.DelegatingMethodAccessorImpl.invoke(DelegatingMethodAccessorImpl.java:43)
	at FCA_15723_GET_TIP_Card_Consents.run(FCA_15723_GET_TIP_Card_Consents:92)
	at com.kms.katalon.core.main.ScriptEngine.run(ScriptEngine.java:194)
	at com.kms.katalon.core.main.ScriptEngine.runScriptAsRawText(ScriptEngine.java:119)
	at com.kms.katalon.core.main.TestCaseExecutor.runScript(TestCaseExecutor.java:448)
	at com.kms.katalon.core.main.TestCaseExecutor.doExecute(TestCaseExecutor.java:439)
	at com.kms.katalon.core.main.TestCaseExecutor.processExecutionPhase(TestCaseExecutor.java:418)
	at com.kms.katalon.core.main.TestCaseExecutor.accessMainPhase(TestCaseExecutor.java:410)
	at com.kms.katalon.core.main.TestCaseExecutor.execute(TestCaseExecutor.java:285)
	at com.kms.katalon.core.common.CommonExecutor.accessTestCaseMainPhase(CommonExecutor.java:65)
	at com.kms.katalon.core.main.TestSuiteExecutor.accessTestSuiteMainPhase(TestSuiteExecutor.java:150)
	at com.kms.katalon.core.main.TestSuiteExecutor.execute(TestSuiteExecutor.java:106)
	at com.kms.katalon.core.main.TestCaseMain.startTestSuite(TestCaseMain.java:180)
	at TempTestSuite1728487367519.run(TempTestSuite1728487367519.groovy:35)
	at java.base/jdk.internal.reflect.NativeMethodAccessorImpl.invoke0(Native Method)
	at java.base/jdk.internal.reflect.NativeMethodAccessorImpl.invoke(NativeMethodAccessorImpl.java:77)
	at java.base/jdk.internal.reflect.DelegatingMethodAccessorImpl.invoke(DelegatingMethodAccessorImpl.java:43)


09-10-2024T20:52:56 - [TEST_STEP][PASSED] - Start listener action : Before: Invoke 'com.kms.katalon.core.annotation.BeforeTestCase' method: 'TestListener.Before(...)' completed.

09-10-2024T20:52:56 - [MESSAGE][INFO] - Starting invoke 'com.kms.katalon.core.annotation.BeforeTestCase' method: 'TestListener.Before(...)'

09-10-2024T20:52:56 - [TEST_STEP][PASSED] - tc_description = testCaseContext.getMessage(): null

09-10-2024T20:52:56 - [TEST_STEP][PASSED] - tcName = testCaseId: null

09-10-2024T20:52:56 - [TEST_STEP][PASSED] - println(tcName): null

09-10-2024T20:52:56 - [TEST_STEP][PASSED] - reporting.ExtentReporting.startTest(reportPath, testSuiteName, tcName, tc_description, author, "Extent Test", reportFile): Invoke 'com.kms.katalon.core.annotation.BeforeTestCase' method: 'TestListener.Before(...)' completed.

09-10-2024T20:52:56 - [MESSAGE][INFO] - Checking test data id

09-10-2024T20:52:56 - [MESSAGE][INFO] - Finding test data with id 'Data Files/Common/Users'

09-10-2024T20:52:56 - [MESSAGE][INFO] - Test data is excel file, reading excel file

09-10-2024T20:52:56 - [MESSAGE][INFO] - Reading excel file with source file 'C:\Users\mayuresh.sonar\KatalonStudio\DataMigration\NFE-API-automationK\Data Files\TestData.xlsx' and sheet name 'users'

09-10-2024T20:52:56 - [MESSAGE][INFO] - Checking test data id

09-10-2024T20:52:56 - [MESSAGE][INFO] - Finding test data with id 'Data Files/Common/Users'

09-10-2024T20:52:56 - [MESSAGE][INFO] - Test data is excel file, reading excel file

09-10-2024T20:52:56 - [MESSAGE][INFO] - Reading excel file with source file 'C:\Users\mayuresh.sonar\KatalonStudio\DataMigration\NFE-API-automationK\Data Files\TestData.xlsx' and sheet name 'users'

09-10-2024T20:52:56 - [MESSAGE][INFO] - Checking test data id

09-10-2024T20:52:56 - [MESSAGE][INFO] - Finding test data with id 'Data Files/Common/Users'

09-10-2024T20:52:56 - [MESSAGE][INFO] - Test data is excel file, reading excel file

09-10-2024T20:52:56 - [MESSAGE][INFO] - Reading excel file with source file 'C:\Users\mayuresh.sonar\KatalonStudio\DataMigration\NFE-API-automationK\Data Files\TestData.xlsx' and sheet name 'users'

09-10-2024T20:52:56 - [MESSAGE][INFO] - Checking test data id

09-10-2024T20:52:56 - [MESSAGE][INFO] - Finding test data with id 'Data Files/Common/Users'

09-10-2024T20:52:56 - [MESSAGE][INFO] - Test data is excel file, reading excel file

09-10-2024T20:52:56 - [MESSAGE][INFO] - Reading excel file with source file 'C:\Users\mayuresh.sonar\KatalonStudio\DataMigration\NFE-API-automationK\Data Files\TestData.xlsx' and sheet name 'users'

09-10-2024T20:52:56 - [MESSAGE][INFO] - Checking test data id

09-10-2024T20:52:56 - [MESSAGE][INFO] - Finding test data with id 'Data Files/Common/Users'

09-10-2024T20:52:56 - [MESSAGE][INFO] - Test data is excel file, reading excel file

09-10-2024T20:52:56 - [MESSAGE][INFO] - Reading excel file with source file 'C:\Users\mayuresh.sonar\KatalonStudio\DataMigration\NFE-API-automationK\Data Files\TestData.xlsx' and sheet name 'users'

09-10-2024T20:52:56 - [MESSAGE][INFO] - Checking test data id

09-10-2024T20:52:56 - [MESSAGE][INFO] - Finding test data with id 'Data Files/Common/Users'

09-10-2024T20:52:56 - [MESSAGE][INFO] - Test data is excel file, reading excel file

09-10-2024T20:52:56 - [MESSAGE][INFO] - Reading excel file with source file 'C:\Users\mayuresh.sonar\KatalonStudio\DataMigration\NFE-API-automationK\Data Files\TestData.xlsx' and sheet name 'users'

09-10-2024T20:52:56 - [MESSAGE][INFO] - Checking test data id

09-10-2024T20:52:56 - [MESSAGE][INFO] - Finding test data with id 'Data Files/Common/Users'

09-10-2024T20:52:56 - [MESSAGE][INFO] - Test data is excel file, reading excel file

09-10-2024T20:52:56 - [MESSAGE][INFO] - Reading excel file with source file 'C:\Users\mayuresh.sonar\KatalonStudio\DataMigration\NFE-API-automationK\Data Files\TestData.xlsx' and sheet name 'users'

09-10-2024T20:52:57 - [MESSAGE][INFO] - Checking test data id

09-10-2024T20:52:57 - [MESSAGE][INFO] - Finding test data with id 'Data Files/Common/Users'

09-10-2024T20:52:57 - [MESSAGE][INFO] - Test data is excel file, reading excel file

09-10-2024T20:52:57 - [MESSAGE][INFO] - Reading excel file with source file 'C:\Users\mayuresh.sonar\KatalonStudio\DataMigration\NFE-API-automationK\Data Files\TestData.xlsx' and sheet name 'users'

09-10-2024T20:52:57 - [MESSAGE][INFO] - Checking test data id

09-10-2024T20:52:57 - [MESSAGE][INFO] - Finding test data with id 'Data Files/Common/Users'

09-10-2024T20:52:57 - [MESSAGE][INFO] - Test data is excel file, reading excel file

09-10-2024T20:52:57 - [MESSAGE][INFO] - Reading excel file with source file 'C:\Users\mayuresh.sonar\KatalonStudio\DataMigration\NFE-API-automationK\Data Files\TestData.xlsx' and sheet name 'users'

09-10-2024T20:52:57 - [MESSAGE][INFO] - Checking test data id

09-10-2024T20:52:57 - [MESSAGE][INFO] - Finding test data with id 'Data Files/Common/Users'

09-10-2024T20:52:57 - [MESSAGE][INFO] - Test data is excel file, reading excel file

09-10-2024T20:52:57 - [MESSAGE][INFO] - Reading excel file with source file 'C:\Users\mayuresh.sonar\KatalonStudio\DataMigration\NFE-API-automationK\Data Files\TestData.xlsx' and sheet name 'users'

09-10-2024T20:52:57 - [MESSAGE][INFO] - Checking test data id

09-10-2024T20:52:57 - [MESSAGE][INFO] - Finding test data with id 'Data Files/Common/Users'

09-10-2024T20:52:57 - [MESSAGE][INFO] - Test data is excel file, reading excel file

09-10-2024T20:52:57 - [MESSAGE][INFO] - Reading excel file with source file 'C:\Users\mayuresh.sonar\KatalonStudio\DataMigration\NFE-API-automationK\Data Files\TestData.xlsx' and sheet name 'users'

09-10-2024T20:52:57 - [MESSAGE][INFO] - Checking test data id

09-10-2024T20:52:57 - [MESSAGE][INFO] - Finding test data with id 'Data Files/Common/Users'

09-10-2024T20:52:57 - [MESSAGE][INFO] - Test data is excel file, reading excel file

09-10-2024T20:52:57 - [MESSAGE][INFO] - Reading excel file with source file 'C:\Users\mayuresh.sonar\KatalonStudio\DataMigration\NFE-API-automationK\Data Files\TestData.xlsx' and sheet name 'users'

09-10-2024T20:52:57 - [MESSAGE][INFO] - Checking test data id

09-10-2024T20:52:57 - [MESSAGE][INFO] - Finding test data with id 'Data Files/Common/Users'

09-10-2024T20:52:57 - [MESSAGE][INFO] - Test data is excel file, reading excel file

09-10-2024T20:52:57 - [MESSAGE][INFO] - Reading excel file with source file 'C:\Users\mayuresh.sonar\KatalonStudio\DataMigration\NFE-API-automationK\Data Files\TestData.xlsx' and sheet name 'users'

09-10-2024T20:52:57 - [MESSAGE][INFO] - Checking test data id

09-10-2024T20:52:57 - [MESSAGE][INFO] - Finding test data with id 'Data Files/Common/Users'

09-10-2024T20:52:57 - [MESSAGE][INFO] - Test data is excel file, reading excel file

09-10-2024T20:52:57 - [MESSAGE][INFO] - Reading excel file with source file 'C:\Users\mayuresh.sonar\KatalonStudio\DataMigration\NFE-API-automationK\Data Files\TestData.xlsx' and sheet name 'users'

09-10-2024T20:52:57 - [MESSAGE][INFO] - Checking test data id

09-10-2024T20:52:57 - [MESSAGE][INFO] - Finding test data with id 'Data Files/Common/Users'

09-10-2024T20:52:57 - [MESSAGE][INFO] - Test data is excel file, reading excel file

09-10-2024T20:52:57 - [MESSAGE][INFO] - Reading excel file with source file 'C:\Users\mayuresh.sonar\KatalonStudio\DataMigration\NFE-API-automationK\Data Files\TestData.xlsx' and sheet name 'users'

09-10-2024T20:52:57 - [MESSAGE][INFO] - Checking test data id

09-10-2024T20:52:57 - [MESSAGE][INFO] - Finding test data with id 'Data Files/Common/Users'

09-10-2024T20:52:57 - [MESSAGE][INFO] - Test data is excel file, reading excel file

09-10-2024T20:52:57 - [MESSAGE][INFO] - Reading excel file with source file 'C:\Users\mayuresh.sonar\KatalonStudio\DataMigration\NFE-API-automationK\Data Files\TestData.xlsx' and sheet name 'users'

09-10-2024T20:52:57 - [MESSAGE][INFO] - Checking test data id

09-10-2024T20:52:57 - [MESSAGE][INFO] - Finding test data with id 'Data Files/Common/Users'

09-10-2024T20:52:57 - [MESSAGE][INFO] - Test data is excel file, reading excel file

09-10-2024T20:52:57 - [MESSAGE][INFO] - Reading excel file with source file 'C:\Users\mayuresh.sonar\KatalonStudio\DataMigration\NFE-API-automationK\Data Files\TestData.xlsx' and sheet name 'users'

09-10-2024T20:52:57 - [MESSAGE][INFO] - Checking test data id

09-10-2024T20:52:57 - [MESSAGE][INFO] - Finding test data with id 'Data Files/Common/Users'

09-10-2024T20:52:57 - [MESSAGE][INFO] - Test data is excel file, reading excel file

09-10-2024T20:52:57 - [MESSAGE][INFO] - Reading excel file with source file 'C:\Users\mayuresh.sonar\KatalonStudio\DataMigration\NFE-API-automationK\Data Files\TestData.xlsx' and sheet name 'users'

09-10-2024T20:52:57 - [MESSAGE][INFO] - Checking test data id

09-10-2024T20:52:57 - [MESSAGE][INFO] - Finding test data with id 'Data Files/Common/Users'

09-10-2024T20:52:57 - [MESSAGE][INFO] - Test data is excel file, reading excel file

09-10-2024T20:52:57 - [MESSAGE][INFO] - Reading excel file with source file 'C:\Users\mayuresh.sonar\KatalonStudio\DataMigration\NFE-API-automationK\Data Files\TestData.xlsx' and sheet name 'users'

09-10-2024T20:52:57 - [MESSAGE][INFO] - Checking test data id

09-10-2024T20:52:57 - [MESSAGE][INFO] - Finding test data with id 'Data Files/Common/Users'

09-10-2024T20:52:57 - [MESSAGE][INFO] - Test data is excel file, reading excel file

09-10-2024T20:52:57 - [MESSAGE][INFO] - Reading excel file with source file 'C:\Users\mayuresh.sonar\KatalonStudio\DataMigration\NFE-API-automationK\Data Files\TestData.xlsx' and sheet name 'users'

09-10-2024T20:52:57 - [MESSAGE][INFO] - Checking test data id

09-10-2024T20:52:57 - [MESSAGE][INFO] - Finding test data with id 'Data Files/Common/Users'

09-10-2024T20:52:57 - [MESSAGE][INFO] - Test data is excel file, reading excel file

09-10-2024T20:52:57 - [MESSAGE][INFO] - Reading excel file with source file 'C:\Users\mayuresh.sonar\KatalonStudio\DataMigration\NFE-API-automationK\Data Files\TestData.xlsx' and sheet name 'users'

09-10-2024T20:52:57 - [MESSAGE][INFO] - Checking test data id

09-10-2024T20:52:57 - [MESSAGE][INFO] - Finding test data with id 'Data Files/Common/Users'

09-10-2024T20:52:57 - [MESSAGE][INFO] - Test data is excel file, reading excel file

09-10-2024T20:52:57 - [MESSAGE][INFO] - Reading excel file with source file 'C:\Users\mayuresh.sonar\KatalonStudio\DataMigration\NFE-API-automationK\Data Files\TestData.xlsx' and sheet name 'users'

09-10-2024T20:52:57 - [MESSAGE][INFO] - Checking test data id

09-10-2024T20:52:57 - [MESSAGE][INFO] - Finding test data with id 'Data Files/Common/Users'

09-10-2024T20:52:57 - [MESSAGE][INFO] - Test data is excel file, reading excel file

09-10-2024T20:52:57 - [MESSAGE][INFO] - Reading excel file with source file 'C:\Users\mayuresh.sonar\KatalonStudio\DataMigration\NFE-API-automationK\Data Files\TestData.xlsx' and sheet name 'users'

09-10-2024T20:52:57 - [MESSAGE][INFO] - Checking test data id

09-10-2024T20:52:57 - [MESSAGE][INFO] - Finding test data with id 'Data Files/Common/Users'

09-10-2024T20:52:57 - [MESSAGE][INFO] - Test data is excel file, reading excel file

09-10-2024T20:52:57 - [MESSAGE][INFO] - Reading excel file with source file 'C:\Users\mayuresh.sonar\KatalonStudio\DataMigration\NFE-API-automationK\Data Files\TestData.xlsx' and sheet name 'users'

09-10-2024T20:52:57 - [MESSAGE][INFO] - Checking test data id

09-10-2024T20:52:57 - [MESSAGE][INFO] - Finding test data with id 'Data Files/Common/Users'

09-10-2024T20:52:57 - [MESSAGE][INFO] - Test data is excel file, reading excel file

09-10-2024T20:52:57 - [MESSAGE][INFO] - Reading excel file with source file 'C:\Users\mayuresh.sonar\KatalonStudio\DataMigration\NFE-API-automationK\Data Files\TestData.xlsx' and sheet name 'users'

09-10-2024T20:52:57 - [MESSAGE][INFO] - Checking test data id

09-10-2024T20:52:57 - [MESSAGE][INFO] - Finding test data with id 'Data Files/Common/Users'

09-10-2024T20:52:57 - [MESSAGE][INFO] - Test data is excel file, reading excel file

09-10-2024T20:52:57 - [MESSAGE][INFO] - Reading excel file with source file 'C:\Users\mayuresh.sonar\KatalonStudio\DataMigration\NFE-API-automationK\Data Files\TestData.xlsx' and sheet name 'users'

09-10-2024T20:52:57 - [MESSAGE][INFO] - Checking test data id

09-10-2024T20:52:57 - [MESSAGE][INFO] - Finding test data with id 'Data Files/Common/Users'

09-10-2024T20:52:57 - [MESSAGE][INFO] - Test data is excel file, reading excel file

09-10-2024T20:52:57 - [MESSAGE][INFO] - Reading excel file with source file 'C:\Users\mayuresh.sonar\KatalonStudio\DataMigration\NFE-API-automationK\Data Files\TestData.xlsx' and sheet name 'users'

09-10-2024T20:52:57 - [MESSAGE][INFO] - Checking test data id

09-10-2024T20:52:57 - [MESSAGE][INFO] - Finding test data with id 'Data Files/Common/Users'

09-10-2024T20:52:57 - [MESSAGE][INFO] - Test data is excel file, reading excel file

09-10-2024T20:52:57 - [MESSAGE][INFO] - Reading excel file with source file 'C:\Users\mayuresh.sonar\KatalonStudio\DataMigration\NFE-API-automationK\Data Files\TestData.xlsx' and sheet name 'users'

09-10-2024T20:52:59 - [MESSAGE][PASSED] - reporting.ExtentReporting.startTest is PASSED

09-10-2024T20:52:59 - [MESSAGE][INFO] - Invoke 'com.kms.katalon.core.annotation.BeforeTestCase' method: 'TestListener.Before(...)' completed.

09-10-2024T20:53:00 - [TEST_STEP][ERROR] - if (flag == "Y"): Test Cases/TIP_Management/card-consents/FCA_15723_GET_TIP_Card_Consents FAILED.
Reason:
org.json.JSONException: JSONObject[""] not found.
	at org.json.JSONObject.get(JSONObject.java:473)
	at java.base/jdk.internal.reflect.NativeMethodAccessorImpl.invoke0(Native Method)
	at java.base/jdk.internal.reflect.NativeMethodAccessorImpl.invoke(NativeMethodAccessorImpl.java:77)
	at java.base/jdk.internal.reflect.DelegatingMethodAccessorImpl.invoke(DelegatingMethodAccessorImpl.java:43)
	at Script1720599623761$_run_closure1$_closure6.doCall(Script1720599623761.groovy:141)
	at java.base/jdk.internal.reflect.NativeMethodAccessorImpl.invoke0(Native Method)
	at java.base/jdk.internal.reflect.NativeMethodAccessorImpl.invoke(NativeMethodAccessorImpl.java:77)
	at java.base/jdk.internal.reflect.DelegatingMethodAccessorImpl.invoke(DelegatingMethodAccessorImpl.java:43)
	at Script1720599623761$_run_closure1.doCall(Script1720599623761.groovy:139)
	at java.base/jdk.internal.reflect.NativeMethodAccessorImpl.invoke0(Native Method)
	at java.base/jdk.internal.reflect.NativeMethodAccessorImpl.invoke(NativeMethodAccessorImpl.java:77)
	at java.base/jdk.internal.reflect.DelegatingMethodAccessorImpl.invoke(DelegatingMethodAccessorImpl.java:43)
	at FCA_15723_GET_TIP_Card_Consents.run(FCA_15723_GET_TIP_Card_Consents:92)
	at com.kms.katalon.core.main.ScriptEngine.run(ScriptEngine.java:194)
	at com.kms.katalon.core.main.ScriptEngine.runScriptAsRawText(ScriptEngine.java:119)
	at com.kms.katalon.core.main.TestCaseExecutor.runScript(TestCaseExecutor.java:448)
	at com.kms.katalon.core.main.TestCaseExecutor.doExecute(TestCaseExecutor.java:439)
	at com.kms.katalon.core.main.TestCaseExecutor.processExecutionPhase(TestCaseExecutor.java:418)
	at com.kms.katalon.core.main.TestCaseExecutor.accessMainPhase(TestCaseExecutor.java:410)
	at com.kms.katalon.core.main.TestCaseExecutor.execute(TestCaseExecutor.java:285)
	at com.kms.katalon.core.common.CommonExecutor.accessTestCaseMainPhase(CommonExecutor.java:65)
	at com.kms.katalon.core.main.TestSuiteExecutor.accessTestSuiteMainPhase(TestSuiteExecutor.java:150)
	at com.kms.katalon.core.main.TestSuiteExecutor.execute(TestSuiteExecutor.java:106)
	at com.kms.katalon.core.main.TestCaseMain.startTestSuite(TestCaseMain.java:180)
	at TempTestSuite1728487367519.run(TempTestSuite1728487367519.groovy:35)
	at java.base/jdk.internal.reflect.NativeMethodAccessorImpl.invoke0(Native Method)
	at java.base/jdk.internal.reflect.NativeMethodAccessorImpl.invoke(NativeMethodAccessorImpl.java:77)
	at java.base/jdk.internal.reflect.DelegatingMethodAccessorImpl.invoke(DelegatingMethodAccessorImpl.java:43)


09-10-2024T20:53:00 - [TEST_STEP][PASSED] - path = endPoint: null

09-10-2024T20:53:00 - [TEST_STEP][PASSED] - URL_QA = baseURL_QA + "/" + basePathAPI + "/" + path: null

09-10-2024T20:53:00 - [TEST_STEP][PASSED] - queryResponseQA = sendRequest(findTestObject("CommonRequest/GET_Method_QA", ["token":airlineQA_191_67724465, "endPoint":path])): Send request successfully

09-10-2024T20:53:00 - [MESSAGE][INFO] - Finding Test Object 'Object Repository/CommonRequest/GET_Method_QA'

09-10-2024T20:53:00 - [MESSAGE][INFO] - Checking request object

09-10-2024T20:53:02 - [MESSAGE][INFO] - HAR: C:\Users\mayuresh.sonar\KatalonStudio\DataMigration\NFE-API-automationK\Reports\20241009_205247\TIP_Management\card-consents\20241009_205247\requests\main\0.har

09-10-2024T20:53:02 - [MESSAGE][PASSED] - Send request successfully

09-10-2024T20:53:02 - [TEST_STEP][PASSED] - verifyResponseStatusCode(queryResponseQA, 200): Verify response status code successfully

09-10-2024T20:53:02 - [MESSAGE][INFO] - Checking response object

09-10-2024T20:53:02 - [MESSAGE][PASSED] - Verify response status code successfully

09-10-2024T20:53:02 - [TEST_STEP][PASSED] - responseQA = queryResponseQA.getResponseBodyContent(): null

09-10-2024T20:53:02 - [TEST_STEP][PASSED] - URL_QAMIG = baseURL_QA_MIG + "/" + basePathAPI + "/" + path: null

09-10-2024T20:53:02 - [TEST_STEP][PASSED] - queryResponseQAMIG = sendRequest(findTestObject("CommonRequest/GET_Method_QA_MIG", ["token":airlineQAMIG_191_67724465, "endPoint":path])): Send request successfully

09-10-2024T20:53:02 - [MESSAGE][INFO] - Finding Test Object 'Object Repository/CommonRequest/GET_Method_QA_MIG'

09-10-2024T20:53:03 - [MESSAGE][INFO] - Checking request object

09-10-2024T20:53:04 - [MESSAGE][INFO] - HAR: C:\Users\mayuresh.sonar\KatalonStudio\DataMigration\NFE-API-automationK\Reports\20241009_205247\TIP_Management\card-consents\20241009_205247\requests\main\1.har

09-10-2024T20:53:04 - [MESSAGE][PASSED] - Send request successfully

09-10-2024T20:53:04 - [TEST_STEP][PASSED] - verifyResponseStatusCode(queryResponseQAMIG, 200): Verify response status code successfully

09-10-2024T20:53:04 - [MESSAGE][INFO] - Checking response object

09-10-2024T20:53:04 - [MESSAGE][PASSED] - Verify response status code successfully

09-10-2024T20:53:04 - [TEST_STEP][PASSED] - responseQAMIG = queryResponseQAMIG.getResponseBodyContent(): null

09-10-2024T20:53:04 - [TEST_STEP][PASSED] - ignoreNodesList = Arrays.asList(ignoreNodes.split(",")): null

09-10-2024T20:53:04 - [TEST_STEP][PASSED] - jsonSlurper = new groovy.json.JsonSlurper(): null

09-10-2024T20:53:04 - [TEST_STEP][PASSED] - responseQAObject = jsonSlurper.parseText(responseQA): null

09-10-2024T20:53:04 - [TEST_STEP][PASSED] - jsonObjectQA = responseQAObject: null

09-10-2024T20:53:04 - [TEST_STEP][PASSED] - responseQAMIGObject = jsonSlurper.parseText(responseQAMIG): null

09-10-2024T20:53:04 - [TEST_STEP][PASSED] - jsonObjectQAMIG = responseQAMIGObject: null

09-10-2024T20:53:04 - [TEST_STEP][PASSED] - comparator = compare.CompareJsonResponse.getComparator(ignoreNodes): compare.CompareJsonResponse.getComparator is PASSED

09-10-2024T20:53:04 - [MESSAGE][PASSED] - compare.CompareJsonResponse.getComparator is PASSED

09-10-2024T20:53:04 - [TEST_STEP][PASSED] - compare.GetDifferences.clearSetValues(): compare.GetDifferences.clearSetValues is PASSED

09-10-2024T20:53:04 - [MESSAGE][PASSED] - compare.GetDifferences.clearSetValues is PASSED

09-10-2024T20:53:04 - [TEST_STEP][ERROR] - if (jsonObjectQA.has("records") || jsonObjectQAMIG.has("records")): Test Cases/TIP_Management/card-consents/FCA_15723_GET_TIP_Card_Consents FAILED.
Reason:
org.json.JSONException: JSONObject[""] not found.
	at org.json.JSONObject.get(JSONObject.java:473)
	at java.base/jdk.internal.reflect.NativeMethodAccessorImpl.invoke0(Native Method)
	at java.base/jdk.internal.reflect.NativeMethodAccessorImpl.invoke(NativeMethodAccessorImpl.java:77)
	at java.base/jdk.internal.reflect.DelegatingMethodAccessorImpl.invoke(DelegatingMethodAccessorImpl.java:43)
	at Script1720599623761$_run_closure1$_closure6.doCall(Script1720599623761.groovy:141)
	at java.base/jdk.internal.reflect.NativeMethodAccessorImpl.invoke0(Native Method)
	at java.base/jdk.internal.reflect.NativeMethodAccessorImpl.invoke(NativeMethodAccessorImpl.java:77)
	at java.base/jdk.internal.reflect.DelegatingMethodAccessorImpl.invoke(DelegatingMethodAccessorImpl.java:43)
	at Script1720599623761$_run_closure1.doCall(Script1720599623761.groovy:139)
	at java.base/jdk.internal.reflect.NativeMethodAccessorImpl.invoke0(Native Method)
	at java.base/jdk.internal.reflect.NativeMethodAccessorImpl.invoke(NativeMethodAccessorImpl.java:77)
	at java.base/jdk.internal.reflect.DelegatingMethodAccessorImpl.invoke(DelegatingMethodAccessorImpl.java:43)
	at FCA_15723_GET_TIP_Card_Consents.run(FCA_15723_GET_TIP_Card_Consents:92)
	at com.kms.katalon.core.main.ScriptEngine.run(ScriptEngine.java:194)
	at com.kms.katalon.core.main.ScriptEngine.runScriptAsRawText(ScriptEngine.java:119)
	at com.kms.katalon.core.main.TestCaseExecutor.runScript(TestCaseExecutor.java:448)
	at com.kms.katalon.core.main.TestCaseExecutor.doExecute(TestCaseExecutor.java:439)
	at com.kms.katalon.core.main.TestCaseExecutor.processExecutionPhase(TestCaseExecutor.java:418)
	at com.kms.katalon.core.main.TestCaseExecutor.accessMainPhase(TestCaseExecutor.java:410)
	at com.kms.katalon.core.main.TestCaseExecutor.execute(TestCaseExecutor.java:285)
	at com.kms.katalon.core.common.CommonExecutor.accessTestCaseMainPhase(CommonExecutor.java:65)
	at com.kms.katalon.core.main.TestSuiteExecutor.accessTestSuiteMainPhase(TestSuiteExecutor.java:150)
	at com.kms.katalon.core.main.TestSuiteExecutor.execute(TestSuiteExecutor.java:106)
	at com.kms.katalon.core.main.TestCaseMain.startTestSuite(TestCaseMain.java:180)
	at TempTestSuite1728487367519.run(TempTestSuite1728487367519.groovy:35)
	at java.base/jdk.internal.reflect.NativeMethodAccessorImpl.invoke0(Native Method)
	at java.base/jdk.internal.reflect.NativeMethodAccessorImpl.invoke(NativeMethodAccessorImpl.java:77)
	at java.base/jdk.internal.reflect.DelegatingMethodAccessorImpl.invoke(DelegatingMethodAccessorImpl.java:43)


09-10-2024T20:53:04 - [TEST_STEP][ERROR] - keySet().each({ java.lang.Object key -> ... }): Test Cases/TIP_Management/card-consents/FCA_15723_GET_TIP_Card_Consents FAILED.
Reason:
org.json.JSONException: JSONObject[""] not found.
	at org.json.JSONObject.get(JSONObject.java:473)
	at java.base/jdk.internal.reflect.NativeMethodAccessorImpl.invoke0(Native Method)
	at java.base/jdk.internal.reflect.NativeMethodAccessorImpl.invoke(NativeMethodAccessorImpl.java:77)
	at java.base/jdk.internal.reflect.DelegatingMethodAccessorImpl.invoke(DelegatingMethodAccessorImpl.java:43)
	at Script1720599623761$_run_closure1$_closure6.doCall(Script1720599623761.groovy:141)
	at java.base/jdk.internal.reflect.NativeMethodAccessorImpl.invoke0(Native Method)
	at java.base/jdk.internal.reflect.NativeMethodAccessorImpl.invoke(NativeMethodAccessorImpl.java:77)
	at java.base/jdk.internal.reflect.DelegatingMethodAccessorImpl.invoke(DelegatingMethodAccessorImpl.java:43)
	at Script1720599623761$_run_closure1.doCall(Script1720599623761.groovy:139)
	at java.base/jdk.internal.reflect.NativeMethodAccessorImpl.invoke0(Native Method)
	at java.base/jdk.internal.reflect.NativeMethodAccessorImpl.invoke(NativeMethodAccessorImpl.java:77)
	at java.base/jdk.internal.reflect.DelegatingMethodAccessorImpl.invoke(DelegatingMethodAccessorImpl.java:43)
	at FCA_15723_GET_TIP_Card_Consents.run(FCA_15723_GET_TIP_Card_Consents:92)
	at com.kms.katalon.core.main.ScriptEngine.run(ScriptEngine.java:194)
	at com.kms.katalon.core.main.ScriptEngine.runScriptAsRawText(ScriptEngine.java:119)
	at com.kms.katalon.core.main.TestCaseExecutor.runScript(TestCaseExecutor.java:448)
	at com.kms.katalon.core.main.TestCaseExecutor.doExecute(TestCaseExecutor.java:439)
	at com.kms.katalon.core.main.TestCaseExecutor.processExecutionPhase(TestCaseExecutor.java:418)
	at com.kms.katalon.core.main.TestCaseExecutor.accessMainPhase(TestCaseExecutor.java:410)
	at com.kms.katalon.core.main.TestCaseExecutor.execute(TestCaseExecutor.java:285)
	at com.kms.katalon.core.common.CommonExecutor.accessTestCaseMainPhase(CommonExecutor.java:65)
	at com.kms.katalon.core.main.TestSuiteExecutor.accessTestSuiteMainPhase(TestSuiteExecutor.java:150)
	at com.kms.katalon.core.main.TestSuiteExecutor.execute(TestSuiteExecutor.java:106)
	at com.kms.katalon.core.main.TestCaseMain.startTestSuite(TestCaseMain.java:180)
	at TempTestSuite1728487367519.run(TempTestSuite1728487367519.groovy:35)
	at java.base/jdk.internal.reflect.NativeMethodAccessorImpl.invoke0(Native Method)
	at java.base/jdk.internal.reflect.NativeMethodAccessorImpl.invoke(NativeMethodAccessorImpl.java:77)
	at java.base/jdk.internal.reflect.DelegatingMethodAccessorImpl.invoke(DelegatingMethodAccessorImpl.java:43)


09-10-2024T20:53:04 - [MESSAGE][INFO] - KEY total

09-10-2024T20:53:04 - [MESSAGE][INFO] - ===================================

09-10-2024T20:53:04 - [MESSAGE][INFO] - KEY total

09-10-2024T20:53:04 - [MESSAGE][INFO] - qaValue 45

09-10-2024T20:53:04 - [MESSAGE][INFO] - qamigValue 55

09-10-2024T20:53:04 - [MESSAGE][INFO] - ===================================

09-10-2024T20:53:04 - [MESSAGE][PASSED] - compare.CompareJsonResponse.compareObjectValues is PASSED

09-10-2024T20:53:04 - [MESSAGE][WARNING] - Failed Field -> total

09-10-2024T20:53:04 - [MESSAGE][INFO] - Actual Field -> 55

09-10-2024T20:53:04 - [MESSAGE][INFO] - Expected Field -> 45

09-10-2024T20:53:04 - [MESSAGE][INFO] - failedFieldsList -> [org.skyscreamer.jsonassert.FieldComparisonFailure@70e07ef8]

09-10-2024T20:53:04 - [MESSAGE][PASSED] - compare.GetDifferences.setDifferencesFromResult is PASSED

09-10-2024T20:53:04 - [MESSAGE][INFO] - KEY pageNumber

09-10-2024T20:53:04 - [MESSAGE][INFO] - ===================================

09-10-2024T20:53:04 - [MESSAGE][INFO] - KEY pageNumber

09-10-2024T20:53:04 - [MESSAGE][INFO] - qaValue 0

09-10-2024T20:53:04 - [MESSAGE][INFO] - qamigValue 0

09-10-2024T20:53:04 - [MESSAGE][INFO] - ===================================

09-10-2024T20:53:04 - [MESSAGE][PASSED] - compare.CompareJsonResponse.compareObjectValues is PASSED

09-10-2024T20:53:04 - [MESSAGE][INFO] - failedFieldsList -> [org.skyscreamer.jsonassert.FieldComparisonFailure@70e07ef8]

09-10-2024T20:53:04 - [MESSAGE][PASSED] - compare.GetDifferences.setDifferencesFromResult is PASSED

09-10-2024T20:53:04 - [MESSAGE][INFO] - KEY records

09-10-2024T20:53:04 - [MESSAGE][FAILED] - There are 45 RECORDS in QA and 55 RECORDS in QAMIG

09-10-2024T20:53:05 - [MESSAGE][PASSED] - common.Utility.getValueFromResponseJson is PASSED

09-10-2024T20:53:05 - [MESSAGE][PASSED] - common.Utility.getValueFromResponseJson is PASSED

09-10-2024T20:53:05 - [MESSAGE][INFO] - QA ID [[id:677200000006483, bsp:[id:6772, isoCountryCode:CH, name:SWITZERLAND], airline:[id:6772495749, iataCode:191, name:Air XXXXX X.X.X. XXX XXX XXXXX X.X.X.], level:country, type:no, effectiveFrom:2023-03-15, status:Active], [id:677200000000067, bsp:[id:6772, isoCountryCode:CH, name:SWITZERLAND], airline:[id:6772495749, iataCode:191, name:Air XXXXX X.X.X. XXX XXX XXXXX X.X.X.], level:country, type:no, effectiveFrom:2019-07-01, effectiveTo:2020-02-20, status:Inactive], [id:677200000004665, bsp:[id:6772, isoCountryCode:CH, name:SWITZERLAND], airline:[id:6772495749, iataCode:191, name:Air XXXXX X.X.X. XXX XXX XXXXX X.X.X.], level:country, type:no, effectiveFrom:2022-12-21, effectiveTo:2022-12-22, status:Inactive], [id:677200000000704, bsp:[id:6772, isoCountryCode:CH, name:SWITZERLAND], airline:[id:6772495749, iataCode:191, name:Air XXXXX X.X.X. XXX XXX XXXXX X.X.X.], level:country, type:no, effectiveFrom:2021-02-05, effectiveTo:2022-03-03, status:Inactive], [id:677200000002503, bsp:[id:6772, isoCountryCode:CH, name:SWITZERLAND], airline:[id:6772495749, iataCode:191, name:Air XXXXX X.X.X. XXX XXX XXXXX X.X.X.], level:country, type:no, effectiveFrom:2022-03-04, effectiveTo:2022-12-20, status:Inactive], [id:677200000000997, bsp:[id:6772, isoCountryCode:CH, name:SWITZERLAND], airline:[id:6772495749, iataCode:191, name:Air XXXXX X.X.X. XXX XXX XXXXX X.X.X.], level:card, card:[id:677200000000002, bsp:[id:6772], agent:[id:67728121095, iataCode:8121095, name:LE XXXX XXX XXXXX XX, bsp:[id:6772], active:true], cardNumber:490118XXXXXX0610, expiryDate:09/22, issuerName:KHADRAOUI TAHAR, paymentNetwork:VI, cardType:Consumer], type:no, effectiveFrom:2021-02-05, effectiveTo:2022-03-03, status:Inactive], [id:677200000001768, bsp:[id:6772, isoCountryCode:CH, name:SWITZERLAND], airline:[id:6772495749, iataCode:191, name:Air XXXXX X.X.X. XXX XXX XXXXX X.X.X.], level:card, card:[id:677200000000007, bsp:[id:6772], agent:[id:67728127904, iataCode:8127904, name:VOYXXXXXXX, bsp:[id:6772], active:true], cardNumber:456480XXXXXX6349, expiryDate:10/31, issuerName:PEPE, paymentNetwork:VI, cardType:Consumer], type:no, effectiveFrom:2022-02-02, effectiveTo:2022-03-03, status:Inactive], [id:677200000001920, bsp:[id:6772, isoCountryCode:CH, name:SWITZERLAND], airline:[id:6772495749, iataCode:191, name:Air XXXXX X.X.X. XXX XXX XXXXX X.X.X.], level:card, card:[id:677200000000008, bsp:[id:6772], agent:[id:67728127904, iataCode:8127904, name:VOYXXXXXXX, bsp:[id:6772], active:true], cardNumber:456480XXXXXX6349, expiryDate:12/34, issuerName:CARLOS, paymentNetwork:VI, cardType:Corporate, companyName:Accelya], type:no, effectiveFrom:2022-02-02, effectiveTo:2022-03-03, status:Inactive], [id:677200000004838, bsp:[id:6772, isoCountryCode:CH, name:SWITZERLAND], airline:[id:6772495749, iataCode:191, name:Air XXXXX X.X.X. XXX XXX XXXXX X.X.X.], level:card, card:[id:677200000000005, bsp:[id:6772], agent:[id:67728120025, iataCode:8120025, name:CWT, bsp:[id:6772], active:true], cardNumber:519123XXXXXX4011, expiryDate:10/30, issuerName:FAC, paymentNetwork:CA, cardType:Corporate, companyName:provincia san anton], type:no, effectiveFrom:2022-12-21, effectiveTo:2022-12-22, status:Inactive], [id:677200000004997, bsp:[id:6772, isoCountryCode:CH, name:SWITZERLAND], airline:[id:6772495749, iataCode:191, name:Air XXXXX X.X.X. XXX XXX XXXXX X.X.X.], level:card, card:[id:677200000000006, bsp:[id:6772], agent:[id:67728120025, iataCode:8120025, name:CWT, bsp:[id:6772], active:true], cardNumber:519123XXXXXX4011, expiryDate:11/30, issuerName:TRR, paymentNetwork:CA, cardType:Corporate, companyName:provincia san anton], type:no, effectiveFrom:2022-12-21, effectiveTo:2022-12-22, status:Inactive], [id:677200000004526, bsp:[id:6772, isoCountryCode:CH, name:SWITZERLAND], airline:[id:6772495749, iataCode:191, name:Air XXXXX X.X.X. XXX XXX XXXXX X.X.X.], level:card, card:[id:677200000000021, bsp:[id:6772], agent:[id:67728120012, iataCode:8120012, name:ATG XXXXXXXXXXX, bsp:[id:6772], active:true], cardNumber:519396XXXXXX3484, expiryDate:06/27, issuerName:NEWSIX - CHECK NOTIFICATION, paymentNetwork:CA, cardType:Consumer], type:no, effectiveFrom:2022-10-13, effectiveTo:2022-12-20, status:Inactive], [id:677200000004407, bsp:[id:6772, isoCountryCode:CH, name:SWITZERLAND], airline:[id:6772495749, iataCode:191, name:Air XXXXX X.X.X. XXX XXX XXXXX X.X.X.], level:card, card:[id:677200000000020, bsp:[id:6772], agent:[id:67728120012, iataCode:8120012, name:ATG XXXXXXXXXXX, bsp:[id:6772], active:true], cardNumber:519396XXXXXX3484, expiryDate:07/23, issuerName:NEWFIVE, paymentNetwork:CA, cardType:Consumer], type:no, effectiveFrom:2022-10-13, effectiveTo:2022-12-20, status:Inactive], [id:677200000005153, bsp:[id:6772, isoCountryCode:CH, name:SWITZERLAND], airline:[id:6772495749, iataCode:191, name:Air XXXXX X.X.X. XXX XXX XXXXX X.X.X.], level:card, card:[id:677200000000007, bsp:[id:6772], agent:[id:67728127904, iataCode:8127904, name:VOYXXXXXXX, bsp:[id:6772], active:true], cardNumber:456480XXXXXX6349, expiryDate:10/31, issuerName:PEPE, paymentNetwork:VI, cardType:Consumer], type:no, effectiveFrom:2022-12-21, effectiveTo:2022-12-22, status:Inactive], [id:677200000004196, bsp:[id:6772, isoCountryCode:CH, name:SWITZERLAND], airline:[id:6772495749, iataCode:191, name:Air XXXXX X.X.X. XXX XXX XXXXX X.X.X.], level:card, card:[id:677200000000015, bsp:[id:6772], agent:[id:67728120012, iataCode:8120012, name:ATG XXXXXXXXXXX, bsp:[id:6772], active:true], cardNumber:519396XXXXXX3484, expiryDate:08/23, issuerName:CA, paymentNetwork:CA, cardType:Consumer], type:no, effectiveFrom:2022-06-07, effectiveTo:2022-12-20, status:Inactive], [id:677200000004077, bsp:[id:6772, isoCountryCode:CH, name:SWITZERLAND], airline:[id:6772495749, iataCode:191, name:Air XXXXX X.X.X. XXX XXX XXXXX X.X.X.], level:card, card:[id:677200000000014, bsp:[id:6772], agent:[id:67728120012, iataCode:8120012, name:ATG XXXXXXXXXXX, bsp:[id:6772], active:true], cardNumber:456480XXXXXX6349, expiryDate:11/24, issuerName:VI, paymentNetwork:VI, cardType:Consumer], type:no, effectiveFrom:2022-06-07, effectiveTo:2022-12-20, status:Inactive], [id:677200000001131, bsp:[id:6772, isoCountryCode:CH, name:SWITZERLAND], airline:[id:6772495749, iataCode:191, name:Air XXXXX X.X.X. XXX XXX XXXXX X.X.X.], level:card, card:[id:677200000000003, bsp:[id:6772], agent:[id:67728121095, iataCode:8121095, name:LE XXXX XXX XXXXX XX, bsp:[id:6772], active:true], cardNumber:485753XXXXXX3403, expiryDate:05/21, issuerName:KHADRAOUI TAHAR LE MUST AIR MARIN SA, paymentNetwork:VI, cardType:Corporate, companyName:LE MUST AIR MARIN SA], type:no, effectiveFrom:2021-02-05, effectiveTo:2021-06-01, status:Inactive], [id:677200000000863, bsp:[id:6772, isoCountryCode:CH, name:SWITZERLAND], airline:[id:6772495749, iataCode:191, name:Air XXXXX X.X.X. XXX XXX XXXXX X.X.X.], level:card, card:[id:677200000000001, bsp:[id:6772], agent:[id:67728121095, iataCode:8121095, name:LE XXXX XXX XXXXX XX, bsp:[id:6772], active:true], cardNumber:558265XXXXXX6029, expiryDate:11/21, issuerName:TAHAR KHADRAOUI AIR MARIN SUISSE, paymentNetwork:CA, cardType:Corporate, companyName:AIR MARIN SUISSE], type:no, effectiveFrom:2021-02-05, effectiveTo:2021-12-01, status:Inactive], [id:677200000000526, bsp:[id:6772, isoCountryCode:CH, name:SWITZERLAND], airline:[id:6772495749, iataCode:191, name:Air XXXXX X.X.X. XXX XXX XXXXX X.X.X.], level:card, card:[id:677200000000003, bsp:[id:6772], agent:[id:67728121095, iataCode:8121095, name:LE XXXX XXX XXXXX XX, bsp:[id:6772], active:true], cardNumber:485753XXXXXX3403, expiryDate:05/21, issuerName:KHADRAOUI TAHAR LE MUST AIR MARIN SA, paymentNetwork:VI, cardType:Corporate, companyName:LE MUST AIR MARIN SA], type:no, effectiveFrom:2019-07-05, effectiveTo:2020-02-20, status:Inactive], [id:677200000000378, bsp:[id:6772, isoCountryCode:CH, name:SWITZERLAND], airline:[id:6772495749, iataCode:191, name:Air XXXXX X.X.X. XXX XXX XXXXX X.X.X.], level:card, card:[id:677200000000002, bsp:[id:6772], agent:[id:67728121095, iataCode:8121095, name:LE XXXX XXX XXXXX XX, bsp:[id:6772], active:true], cardNumber:490118XXXXXX0610, expiryDate:09/22, issuerName:KHADRAOUI TAHAR, paymentNetwork:VI, cardType:Consumer], type:no, effectiveFrom:2019-07-05, effectiveTo:2020-02-20, status:Inactive], [id:677200000000230, bsp:[id:6772, isoCountryCode:CH, name:SWITZERLAND], airline:[id:6772495749, iataCode:191, name:Air XXXXX X.X.X. XXX XXX XXXXX X.X.X.], level:card, card:[id:677200000000001, bsp:[id:6772], agent:[id:67728121095, iataCode:8121095, name:LE XXXX XXX XXXXX XX, bsp:[id:6772], active:true], cardNumber:558265XXXXXX6029, expiryDate:11/21, issuerName:TAHAR KHADRAOUI AIR MARIN SUISSE, paymentNetwork:CA, cardType:Corporate, companyName:AIR MARIN SUISSE], type:no, effectiveFrom:2019-07-05, effectiveTo:2020-02-20, status:Inactive], [id:677200000001276, bsp:[id:6772, isoCountryCode:CH, name:SWITZERLAND], airline:[id:6772495749, iataCode:191, name:Air XXXXX X.X.X. XXX XXX XXXXX X.X.X.], level:card, card:[id:677200000000004, bsp:[id:6772], agent:[id:67728120025, iataCode:8120025, name:CWT, bsp:[id:6772], active:true], cardNumber:519396XXXXXX3485, expiryDate:10/30, issuerName:FAC, paymentNetwork:CA, cardType:Consumer], type:no, effectiveFrom:2021-03-04, effectiveTo:2022-01-25, status:Inactive], [id:677200000001611, bsp:[id:6772, isoCountryCode:CH, name:SWITZERLAND], airline:[id:6772495749, iataCode:191, name:Air XXXXX X.X.X. XXX XXX XXXXX X.X.X.], level:card, card:[id:677200000000006, bsp:[id:6772], agent:[id:67728120025, iataCode:8120025, name:CWT, bsp:[id:6772], active:true], cardNumber:519123XXXXXX4011, expiryDate:11/30, issuerName:TRR, paymentNetwork:CA, cardType:Corporate, companyName:provincia san anton], type:no, effectiveFrom:2022-01-25, effectiveTo:2022-03-03, status:Inactive], [id:677200000001452, bsp:[id:6772, isoCountryCode:CH, name:SWITZERLAND], airline:[id:6772495749, iataCode:191, name:Air XXXXX X.X.X. XXX XXX XXXXX X.X.X.], level:card, card:[id:677200000000005, bsp:[id:6772], agent:[id:67728120025, iataCode:8120025, name:CWT, bsp:[id:6772], active:true], cardNumber:519123XXXXXX4011, expiryDate:10/30, issuerName:FAC, paymentNetwork:CA, cardType:Corporate, companyName:provincia san anton], type:no, effectiveFrom:2022-01-25, effectiveTo:2022-03-03, status:Inactive], [id:677200000002365, bsp:[id:6772, isoCountryCode:CH, name:SWITZERLAND], airline:[id:6772495749, iataCode:191, name:Air XXXXX X.X.X. XXX XXX XXXXX X.X.X.], level:card, card:[id:677200000000011, bsp:[id:6772], agent:[id:67728120012, iataCode:8120012, name:ATG XXXXXXXXXXX, bsp:[id:6772], active:true], cardNumber:376010XXXXX1003, expiryDate:12/23, issuerName:AX, paymentNetwork:AX, cardType:Consumer], type:no, effectiveFrom:2022-02-28, effectiveTo:2022-03-03, status:Inactive], [id:677200000002224, bsp:[id:6772, isoCountryCode:CH, name:SWITZERLAND], airline:[id:6772495749, iataCode:191, name:Air XXXXX X.X.X. XXX XXX XXXXX X.X.X.], level:card, card:[id:677200000000010, bsp:[id:6772], agent:[id:67728127904, iataCode:8127904, name:VOYXXXXXXX, bsp:[id:6772], active:true], cardNumber:456480XXXXXX6349, expiryDate:12/23, issuerName:SDFDSFJDSFDSHJFDSSFDSFDSFDSFSDSFDFDSFDSFDSDSFSDFDS, paymentNetwork:VI, cardType:Consumer], type:no, effectiveFrom:2022-02-02, effectiveTo:2022-03-03, status:Inactive], [id:677200000002072, bsp:[id:6772, isoCountryCode:CH, name:SWITZERLAND], airline:[id:6772495749, iataCode:191, name:Air XXXXX X.X.X. XXX XXX XXXXX X.X.X.], level:card, card:[id:677200000000009, bsp:[id:6772], agent:[id:67728127904, iataCode:8127904, name:VOYXXXXXXX, bsp:[id:6772], active:true], cardNumber:456480XXXXXX6349, expiryDate:11/31, issuerName:CARLOS, paymentNetwork:VI, cardType:Corporate, companyName:Accelya], type:no, effectiveFrom:2022-02-02, effectiveTo:2022-03-03, status:Inactive], [id:677200000003720, bsp:[id:6772, isoCountryCode:CH, name:SWITZERLAND], airline:[id:6772495749, iataCode:191, name:Air XXXXX X.X.X. XXX XXX XXXXX X.X.X.], level:card, card:[id:677200000000011, bsp:[id:6772], agent:[id:67728120012, iataCode:8120012, name:ATG XXXXXXXXXXX, bsp:[id:6772], active:true], cardNumber:376010XXXXX1003, expiryDate:12/23, issuerName:AX, paymentNetwork:AX, cardType:Consumer], type:no, effectiveFrom:2022-03-04, effectiveTo:2022-05-05, status:Inactive], [id:677200000003275, bsp:[id:6772, isoCountryCode:CH, name:SWITZERLAND], airline:[id:6772495749, iataCode:191, name:Air XXXXX X.X.X. XXX XXX XXXXX X.X.X.], level:card, card:[id:677200000000008, bsp:[id:6772], agent:[id:67728127904, iataCode:8127904, name:VOYXXXXXXX, bsp:[id:6772], active:true], cardNumber:456480XXXXXX6349, expiryDate:12/34, issuerName:CARLOS, paymentNetwork:VI, cardType:Corporate, companyName:Accelya], type:no, effectiveFrom:2022-03-04, effectiveTo:2022-12-20, status:Inactive], [id:677200000003123, bsp:[id:6772, isoCountryCode:CH, name:SWITZERLAND], airline:[id:6772495749, iataCode:191, name:Air XXXXX X.X.X. XXX XXX XXXXX X.X.X.], level:card, card:[id:677200000000007, bsp:[id:6772], agent:[id:67728127904, iataCode:8127904, name:VOYXXXXXXX, bsp:[id:6772], active:true], cardNumber:456480XXXXXX6349, expiryDate:10/31, issuerName:PEPE, paymentNetwork:VI, cardType:Consumer], type:no, effectiveFrom:2022-03-04, effectiveTo:2022-12-20, status:Inactive], [id:677200000002967, bsp:[id:6772, isoCountryCode:CH, name:SWITZERLAND], airline:[id:6772495749, iataCode:191, name:Air XXXXX X.X.X. XXX XXX XXXXX X.X.X.], level:card, card:[id:677200000000006, bsp:[id:6772], agent:[id:67728120025, iataCode:8120025, name:CWT, bsp:[id:6772], active:true], cardNumber:519123XXXXXX4011, expiryDate:11/30, issuerName:TRR, paymentNetwork:CA, cardType:Corporate, companyName:provincia san anton], type:no, effectiveFrom:2022-03-04, effectiveTo:2022-12-20, status:Inactive], [id:677200000003579, bsp:[id:6772, isoCountryCode:CH, name:SWITZERLAND], airline:[id:6772495749, iataCode:191, name:Air XXXXX X.X.X. XXX XXX XXXXX X.X.X.], level:card, card:[id:677200000000010, bsp:[id:6772], agent:[id:67728127904, iataCode:8127904, name:VOYXXXXXXX, bsp:[id:6772], active:true], cardNumber:456480XXXXXX6349, expiryDate:12/23, issuerName:SDFDSFJDSFDSHJFDSSFDSFDSFDSFSDSFDFDSFDSFDSDSFSDFDS, paymentNetwork:VI, cardType:Consumer], type:no, effectiveFrom:2022-03-04, effectiveTo:2022-12-20, status:Inactive], [id:677200000003427, bsp:[id:6772, isoCountryCode:CH, name:SWITZERLAND], airline:[id:6772495749, iataCode:191, name:Air XXXXX X.X.X. XXX XXX XXXXX X.X.X.], level:card, card:[id:677200000000009, bsp:[id:6772], agent:[id:67728127904, iataCode:8127904, name:VOYXXXXXXX, bsp:[id:6772], active:true], cardNumber:456480XXXXXX6349, expiryDate:11/31, issuerName:CARLOS, paymentNetwork:VI, cardType:Corporate, companyName:Accelya], type:no, effectiveFrom:2022-03-04, effectiveTo:2022-12-20, status:Inactive], [id:677200000002808, bsp:[id:6772, isoCountryCode:CH, name:SWITZERLAND], airline:[id:6772495749, iataCode:191, name:Air XXXXX X.X.X. XXX XXX XXXXX X.X.X.], level:card, card:[id:677200000000005, bsp:[id:6772], agent:[id:67728120025, iataCode:8120025, name:CWT, bsp:[id:6772], active:true], cardNumber:519123XXXXXX4011, expiryDate:10/30, issuerName:FAC, paymentNetwork:CA, cardType:Corporate, companyName:provincia san anton], type:no, effectiveFrom:2022-03-04, effectiveTo:2022-12-20, status:Inactive], [id:677200000002664, bsp:[id:6772, isoCountryCode:CH, name:SWITZERLAND], airline:[id:6772495749, iataCode:191, name:Air XXXXX X.X.X. XXX XXX XXXXX X.X.X.], level:card, card:[id:677200000000002, bsp:[id:6772], agent:[id:67728121095, iataCode:8121095, name:LE XXXX XXX XXXXX XX, bsp:[id:6772], active:true], cardNumber:490118XXXXXX0610, expiryDate:09/22, issuerName:KHADRAOUI TAHAR, paymentNetwork:VI, cardType:Consumer], type:no, effectiveFrom:2022-03-04, effectiveTo:2022-10-03, status:Inactive], [id:677200000003839, bsp:[id:6772, isoCountryCode:CH, name:SWITZERLAND], airline:[id:6772495749, iataCode:191, name:Air XXXXX X.X.X. XXX XXX XXXXX X.X.X.], level:card, card:[id:677200000000012, bsp:[id:6772], agent:[id:67728120012, iataCode:8120012, name:ATG XXXXXXXXXXX, bsp:[id:6772], active:true], cardNumber:376010XXXXX1003, expiryDate:12/23, issuerName:AX, paymentNetwork:AX, cardType:Corporate, companyName:AX], type:no, effectiveFrom:2022-06-07, effectiveTo:2022-12-20, status:Inactive], [id:677200000003958, bsp:[id:6772, isoCountryCode:CH, name:SWITZERLAND], airline:[id:6772495749, iataCode:191, name:Air XXXXX X.X.X. XXX XXX XXXXX X.X.X.], level:card, card:[id:677200000000013, bsp:[id:6772], agent:[id:67728120012, iataCode:8120012, name:ATG XXXXXXXXXXX, bsp:[id:6772], active:true], cardNumber:376010XXXXX1003, expiryDate:12/23, issuerName:AX, paymentNetwork:AX, cardType:Corporate, companyName:AX], type:no, effectiveFrom:2022-06-07, effectiveTo:2022-12-20, status:Inactive], [id:677200000005750, bsp:[id:6772, isoCountryCode:CH, name:SWITZERLAND], airline:[id:6772495749, iataCode:191, name:Air XXXXX X.X.X. XXX XXX XXXXX X.X.X.], level:card, card:[id:677200000000012, bsp:[id:6772], agent:[id:67728120012, iataCode:8120012, name:ATG XXXXXXXXXXX, bsp:[id:6772], active:true], cardNumber:376010XXXXX1003, expiryDate:12/23, issuerName:AX, paymentNetwork:AX, cardType:Corporate, companyName:AX], type:no, effectiveFrom:2022-12-21, effectiveTo:2022-12-22, status:Inactive], [id:677200000005609, bsp:[id:6772, isoCountryCode:CH, name:SWITZERLAND], airline:[id:6772495749, iataCode:191, name:Air XXXXX X.X.X. XXX XXX XXXXX X.X.X.], level:card, card:[id:677200000000010, bsp:[id:6772], agent:[id:67728127904, iataCode:8127904, name:VOYXXXXXXX, bsp:[id:6772], active:true], cardNumber:456480XXXXXX6349, expiryDate:12/23, issuerName:SDFDSFJDSFDSHJFDSSFDSFDSFDSFSDSFDFDSFDSFDSDSFSDFDS, paymentNetwork:VI, cardType:Consumer], type:no, effectiveFrom:2022-12-21, effectiveTo:2022-12-22, status:Inactive], [id:677200000006226, bsp:[id:6772, isoCountryCode:CH, name:SWITZERLAND], airline:[id:6772495749, iataCode:191, name:Air XXXXX X.X.X. XXX XXX XXXXX X.X.X.], level:card, card:[id:677200000000020, bsp:[id:6772], agent:[id:67728120012, iataCode:8120012, name:ATG XXXXXXXXXXX, bsp:[id:6772], active:true], cardNumber:519396XXXXXX3484, expiryDate:07/23, issuerName:NEWFIVE, paymentNetwork:CA, cardType:Consumer], type:no, effectiveFrom:2022-12-21, effectiveTo:2022-12-22, status:Inactive], [id:677200000006107, bsp:[id:6772, isoCountryCode:CH, name:SWITZERLAND], airline:[id:6772495749, iataCode:191, name:Air XXXXX X.X.X. XXX XXX XXXXX X.X.X.], level:card, card:[id:677200000000015, bsp:[id:6772], agent:[id:67728120012, iataCode:8120012, name:ATG XXXXXXXXXXX, bsp:[id:6772], active:true], cardNumber:519396XXXXXX3484, expiryDate:08/23, issuerName:CA, paymentNetwork:CA, cardType:Consumer], type:no, effectiveFrom:2022-12-21, effectiveTo:2022-12-22, status:Inactive], [id:677200000005305, bsp:[id:6772, isoCountryCode:CH, name:SWITZERLAND], airline:[id:6772495749, iataCode:191, name:Air XXXXX X.X.X. XXX XXX XXXXX X.X.X.], level:card, card:[id:677200000000008, bsp:[id:6772], agent:[id:67728127904, iataCode:8127904, name:VOYXXXXXXX, bsp:[id:6772], active:true], cardNumber:456480XXXXXX6349, expiryDate:12/34, issuerName:CARLOS, paymentNetwork:VI, cardType:Corporate, companyName:Accelya], type:no, effectiveFrom:2022-12-21, effectiveTo:2022-12-22, status:Inactive], [id:677200000005457, bsp:[id:6772, isoCountryCode:CH, name:SWITZERLAND], airline:[id:6772495749, iataCode:191, name:Air XXXXX X.X.X. XXX XXX XXXXX X.X.X.], level:card, card:[id:677200000000009, bsp:[id:6772], agent:[id:67728127904, iataCode:8127904, name:VOYXXXXXXX, bsp:[id:6772], active:true], cardNumber:456480XXXXXX6349, expiryDate:11/31, issuerName:CARLOS, paymentNetwork:VI, cardType:Corporate, companyName:Accelya], type:no, effectiveFrom:2022-12-21, effectiveTo:2022-12-22, status:Inactive], [id:677200000005869, bsp:[id:6772, isoCountryCode:CH, name:SWITZERLAND], airline:[id:6772495749, iataCode:191, name:Air XXXXX X.X.X. XXX XXX XXXXX X.X.X.], level:card, card:[id:677200000000013, bsp:[id:6772], agent:[id:67728120012, iataCode:8120012, name:ATG XXXXXXXXXXX, bsp:[id:6772], active:true], cardNumber:376010XXXXX1003, expiryDate:12/23, issuerName:AX, paymentNetwork:AX, cardType:Corporate, companyName:AX], type:no, effectiveFrom:2022-12-21, effectiveTo:2022-12-22, status:Inactive], [id:677200000005988, bsp:[id:6772, isoCountryCode:CH, name:SWITZERLAND], airline:[id:6772495749, iataCode:191, name:Air XXXXX X.X.X. XXX XXX XXXXX X.X.X.], level:card, card:[id:677200000000014, bsp:[id:6772], agent:[id:67728120012, iataCode:8120012, name:ATG XXXXXXXXXXX, bsp:[id:6772], active:true], cardNumber:456480XXXXXX6349, expiryDate:11/24, issuerName:VI, paymentNetwork:VI, cardType:Consumer], type:no, effectiveFrom:2022-12-21, effectiveTo:2022-12-22, status:Inactive], [id:677200000006345, bsp:[id:6772, isoCountryCode:CH, name:SWITZERLAND], airline:[id:6772495749, iataCode:191, name:Air XXXXX X.X.X. XXX XXX XXXXX X.X.X.], level:card, card:[id:677200000000021, bsp:[id:6772], agent:[id:67728120012, iataCode:8120012, name:ATG XXXXXXXXXXX, bsp:[id:6772], active:true], cardNumber:519396XXXXXX3484, expiryDate:06/27, issuerName:NEWSIX - CHECK NOTIFICATION, paymentNetwork:CA, cardType:Consumer], type:no, effectiveFrom:2022-12-21, effectiveTo:2022-12-22, status:Inactive]]

09-10-2024T20:53:05 - [MESSAGE][INFO] - QAMIG ID [[id:677200000000067, airline:[id:6772495749, iataCode:191, name:Air XXXXX X.X.X. XXX XXX XXXXX X.X.X.], bsp:[id:6772, isoCountryCode:CH, name:SWIT], level:country, type:no, status:Inactive, effectiveFrom:2019-07-01, effectiveTo:2020-02-20], [id:677200000000230, airline:[id:6772495749, iataCode:191, name:Air XXXXX X.X.X. XXX XXX XXXXX X.X.X.], bsp:[id:6772, isoCountryCode:CH, name:SWIT], level:country, type:no, status:Inactive, effectiveFrom:2019-07-05, effectiveTo:2020-02-20], [id:677200000000378, airline:[id:6772495749, iataCode:191, name:Air XXXXX X.X.X. XXX XXX XXXXX X.X.X.], bsp:[id:6772, isoCountryCode:CH, name:SWIT], level:country, type:no, status:Inactive, effectiveFrom:2019-07-05, effectiveTo:2020-02-20], [id:677200000000526, airline:[id:6772495749, iataCode:191, name:Air XXXXX X.X.X. XXX XXX XXXXX X.X.X.], bsp:[id:6772, isoCountryCode:CH, name:SWIT], level:country, type:no, status:Inactive, effectiveFrom:2019-07-05, effectiveTo:2020-02-20], [id:677200000000704, airline:[id:6772495749, iataCode:191, name:Air XXXXX X.X.X. XXX XXX XXXXX X.X.X.], bsp:[id:6772, isoCountryCode:CH, name:SWIT], level:country, type:no, status:Inactive, effectiveFrom:2021-02-05, effectiveTo:2022-03-03], [id:677200000000863, airline:[id:6772495749, iataCode:191, name:Air XXXXX X.X.X. XXX XXX XXXXX X.X.X.], bsp:[id:6772, isoCountryCode:CH, name:SWIT], level:country, type:no, status:Inactive, effectiveFrom:2021-02-05, effectiveTo:2021-12-01], [id:677200000000997, airline:[id:6772495749, iataCode:191, name:Air XXXXX X.X.X. XXX XXX XXXXX X.X.X.], bsp:[id:6772, isoCountryCode:CH, name:SWIT], level:country, type:no, status:Inactive, effectiveFrom:2021-02-05, effectiveTo:2022-03-03], [id:677200000001131, airline:[id:6772495749, iataCode:191, name:Air XXXXX X.X.X. XXX XXX XXXXX X.X.X.], bsp:[id:6772, isoCountryCode:CH, name:SWIT], level:country, type:no, status:Inactive, effectiveFrom:2021-02-05, effectiveTo:2021-06-01], [id:677200000001276, airline:[id:6772495749, iataCode:191, name:Air XXXXX X.X.X. XXX XXX XXXXX X.X.X.], card:[cardNumber:222240XXXXXX0005, expiryDate:10/30, issuerName:FAC, paymentNetwork:CA, cardType:Consumer, companyName:null, id:677200000000004, bsp:[id:6772, isoCountryCode:CH, name:SWIT], agent:[id:67728120025, iataCode:8120025, name:CWT, bsp:[id:6772, isoCountryCode:CH, name:SWIT]], effectiveFrom:2021-03-04, effectiveTo:2022-01-25, status:Inactive, terminationReason:test, cardLevelConsent:null], bsp:[id:6772, isoCountryCode:CH, name:SWIT], level:card, type:no, status:Inactive, effectiveFrom:2021-03-04, effectiveTo:2022-01-25], [id:677200000001452, airline:[id:6772495749, iataCode:191, name:Air XXXXX X.X.X. XXX XXX XXXXX X.X.X.], card:[cardNumber:222240XXXXXX0005, expiryDate:10/30, issuerName:FAC, paymentNetwork:CA, cardType:Corporate, companyName:provincia san anton, id:677200000000005, bsp:[id:6772, isoCountryCode:CH, name:SWIT], agent:[id:67728121080, iataCode:8121080, name:VIAXXXXXX XX, bsp:[id:6772, isoCountryCode:CH, name:SWIT]], effectiveFrom:2022-01-25, effectiveTo:null, status:Active, terminationReason:null, cardLevelConsent:null], bsp:[id:6772, isoCountryCode:CH, name:SWIT], level:card, type:no, status:Inactive, effectiveFrom:2022-01-25, effectiveTo:2022-03-03], [id:677200000001611, airline:[id:6772495749, iataCode:191, name:Air XXXXX X.X.X. XXX XXX XXXXX X.X.X.], card:[cardNumber:222240XXXXXX0005, expiryDate:11/30, issuerName:TRR, paymentNetwork:CA, cardType:Corporate, companyName:provincia san anton, id:677200000000006, bsp:[id:6772, isoCountryCode:CH, name:SWIT], agent:[id:67728120025, iataCode:8120025, name:CWT, bsp:[id:6772, isoCountryCode:CH, name:SWIT]], effectiveFrom:2022-01-25, effectiveTo:null, status:Active, terminationReason:null, cardLevelConsent:null], bsp:[id:6772, isoCountryCode:CH, name:SWIT], level:card, type:no, status:Inactive, effectiveFrom:2022-01-25, effectiveTo:2022-03-03], [id:677200000001768, airline:[id:6772495749, iataCode:191, name:Air XXXXX X.X.X. XXX XXX XXXXX X.X.X.], card:[cardNumber:222240XXXXXX0005, expiryDate:10/31, issuerName:PEPE, paymentNetwork:VI, cardType:Consumer, companyName:null, id:677200000000007, bsp:[id:6772, isoCountryCode:CH, name:SWIT], agent:[id:67728121080, iataCode:8121080, name:VIAXXXXXX XX, bsp:[id:6772, isoCountryCode:CH, name:SWIT]], effectiveFrom:2022-02-02, effectiveTo:null, status:Active, terminationReason:null, cardLevelConsent:null], bsp:[id:6772, isoCountryCode:CH, name:SWIT], level:card, type:no, status:Inactive, effectiveFrom:2022-02-02, effectiveTo:2022-03-03], [id:677200000001920, airline:[id:6772495749, iataCode:191, name:Air XXXXX X.X.X. XXX XXX XXXXX X.X.X.], card:[cardNumber:222240XXXXXX0005, expiryDate:12/34, issuerName:CARLOS, paymentNetwork:VI, cardType:Corporate, companyName:Accelya, id:677200000000008, bsp:[id:6772, isoCountryCode:CH, name:SWIT], agent:[id:67728127904, iataCode:8127904, name:VOYXXXXXXX, bsp:[id:6772, isoCountryCode:CH, name:SWIT]], effectiveFrom:2022-02-02, effectiveTo:null, status:Active, terminationReason:null, cardLevelConsent:null], bsp:[id:6772, isoCountryCode:CH, name:SWIT], level:card, type:no, status:Inactive, effectiveFrom:2022-02-02, effectiveTo:2022-03-03], [id:677200000002072, airline:[id:6772495749, iataCode:191, name:Air XXXXX X.X.X. XXX XXX XXXXX X.X.X.], card:[cardNumber:222240XXXXXX0005, expiryDate:11/31, issuerName:CARLOS, paymentNetwork:VI, cardType:Corporate, companyName:Accelya, id:677200000000009, bsp:[id:6772, isoCountryCode:CH, name:SWIT], agent:[id:67728127904, iataCode:8127904, name:VOYXXXXXXX, bsp:[id:6772, isoCountryCode:CH, name:SWIT]], effectiveFrom:2022-02-02, effectiveTo:null, status:Active, terminationReason:null, cardLevelConsent:null], bsp:[id:6772, isoCountryCode:CH, name:SWIT], level:card, type:no, status:Inactive, effectiveFrom:2022-02-02, effectiveTo:2022-03-03], [id:677200000002224, airline:[id:6772495749, iataCode:191, name:Air XXXXX X.X.X. XXX XXX XXXXX X.X.X.], bsp:[id:6772, isoCountryCode:CH, name:SWIT], level:country, type:no, status:Inactive, effectiveFrom:2022-02-02, effectiveTo:2022-03-03], [id:677200000002365, airline:[id:6772495749, iataCode:191, name:Air XXXXX X.X.X. XXX XXX XXXXX X.X.X.], card:[cardNumber:222240XXXXXX0005, expiryDate:12/23, issuerName:AX, paymentNetwork:AX, cardType:Consumer, companyName:null, id:677200000000011, bsp:[id:6772, isoCountryCode:CH, name:SWIT], agent:[id:67728120012, iataCode:8120012, name:ATG XXXXXXXXXXX, bsp:[id:6772, isoCountryCode:CH, name:SWIT]], effectiveFrom:2022-02-28, effectiveTo:2022-05-05, status:Inactive, terminationReason:test, cardLevelConsent:null], bsp:[id:6772, isoCountryCode:CH, name:SWIT], level:card, type:no, status:Inactive, effectiveFrom:2022-02-28, effectiveTo:2022-03-03], [id:677200000002503, airline:[id:6772495749, iataCode:191, name:Air XXXXX X.X.X. XXX XXX XXXXX X.X.X.], bsp:[id:6772, isoCountryCode:CH, name:SWIT], level:country, type:no, status:Inactive, effectiveFrom:2022-03-04, effectiveTo:2022-12-20], [id:677200000002664, airline:[id:6772495749, iataCode:191, name:Air XXXXX X.X.X. XXX XXX XXXXX X.X.X.], bsp:[id:6772, isoCountryCode:CH, name:SWIT], level:country, type:no, status:Inactive, effectiveFrom:2022-03-04, effectiveTo:2022-10-03], [id:677200000002808, airline:[id:6772495749, iataCode:191, name:Air XXXXX X.X.X. XXX XXX XXXXX X.X.X.], card:[cardNumber:222240XXXXXX0005, expiryDate:10/30, issuerName:FAC, paymentNetwork:CA, cardType:Corporate, companyName:provincia san anton, id:677200000000005, bsp:[id:6772, isoCountryCode:CH, name:SWIT], agent:[id:67728121080, iataCode:8121080, name:VIAXXXXXX XX, bsp:[id:6772, isoCountryCode:CH, name:SWIT]], effectiveFrom:2022-01-25, effectiveTo:null, status:Active, terminationReason:null, cardLevelConsent:null], bsp:[id:6772, isoCountryCode:CH, name:SWIT], level:card, type:no, status:Inactive, effectiveFrom:2022-03-04, effectiveTo:2022-12-20], [id:677200000002967, airline:[id:6772495749, iataCode:191, name:Air XXXXX X.X.X. XXX XXX XXXXX X.X.X.], card:[cardNumber:222240XXXXXX0005, expiryDate:11/30, issuerName:TRR, paymentNetwork:CA, cardType:Corporate, companyName:provincia san anton, id:677200000000006, bsp:[id:6772, isoCountryCode:CH, name:SWIT], agent:[id:67728120025, iataCode:8120025, name:CWT, bsp:[id:6772, isoCountryCode:CH, name:SWIT]], effectiveFrom:2022-01-25, effectiveTo:null, status:Active, terminationReason:null, cardLevelConsent:null], bsp:[id:6772, isoCountryCode:CH, name:SWIT], level:card, type:no, status:Inactive, effectiveFrom:2022-03-04, effectiveTo:2022-12-20], [id:677200000003123, airline:[id:6772495749, iataCode:191, name:Air XXXXX X.X.X. XXX XXX XXXXX X.X.X.], card:[cardNumber:222240XXXXXX0005, expiryDate:10/31, issuerName:PEPE, paymentNetwork:VI, cardType:Consumer, companyName:null, id:677200000000007, bsp:[id:6772, isoCountryCode:CH, name:SWIT], agent:[id:67728121080, iataCode:8121080, name:VIAXXXXXX XX, bsp:[id:6772, isoCountryCode:CH, name:SWIT]], effectiveFrom:2022-02-02, effectiveTo:null, status:Active, terminationReason:null, cardLevelConsent:null], bsp:[id:6772, isoCountryCode:CH, name:SWIT], level:card, type:no, status:Inactive, effectiveFrom:2022-03-04, effectiveTo:2022-12-20], [id:677200000003275, airline:[id:6772495749, iataCode:191, name:Air XXXXX X.X.X. XXX XXX XXXXX X.X.X.], card:[cardNumber:222240XXXXXX0005, expiryDate:12/34, issuerName:CARLOS, paymentNetwork:VI, cardType:Corporate, companyName:Accelya, id:677200000000008, bsp:[id:6772, isoCountryCode:CH, name:SWIT], agent:[id:67728127904, iataCode:8127904, name:VOYXXXXXXX, bsp:[id:6772, isoCountryCode:CH, name:SWIT]], effectiveFrom:2022-02-02, effectiveTo:null, status:Active, terminationReason:null, cardLevelConsent:null], bsp:[id:6772, isoCountryCode:CH, name:SWIT], level:card, type:no, status:Inactive, effectiveFrom:2022-03-04, effectiveTo:2022-12-20], [id:677200000003427, airline:[id:6772495749, iataCode:191, name:Air XXXXX X.X.X. XXX XXX XXXXX X.X.X.], card:[cardNumber:222240XXXXXX0005, expiryDate:11/31, issuerName:CARLOS, paymentNetwork:VI, cardType:Corporate, companyName:Accelya, id:677200000000009, bsp:[id:6772, isoCountryCode:CH, name:SWIT], agent:[id:67728127904, iataCode:8127904, name:VOYXXXXXXX, bsp:[id:6772, isoCountryCode:CH, name:SWIT]], effectiveFrom:2022-02-02, effectiveTo:null, status:Active, terminationReason:null, cardLevelConsent:null], bsp:[id:6772, isoCountryCode:CH, name:SWIT], level:card, type:no, status:Inactive, effectiveFrom:2022-03-04, effectiveTo:2022-12-20], [id:677200000003579, airline:[id:6772495749, iataCode:191, name:Air XXXXX X.X.X. XXX XXX XXXXX X.X.X.], bsp:[id:6772, isoCountryCode:CH, name:SWIT], level:country, type:no, status:Inactive, effectiveFrom:2022-03-04, effectiveTo:2022-12-20], [id:677200000003720, airline:[id:6772495749, iataCode:191, name:Air XXXXX X.X.X. XXX XXX XXXXX X.X.X.], card:[cardNumber:222240XXXXXX0005, expiryDate:12/23, issuerName:AX, paymentNetwork:AX, cardType:Consumer, companyName:null, id:677200000000011, bsp:[id:6772, isoCountryCode:CH, name:SWIT], agent:[id:67728120012, iataCode:8120012, name:ATG XXXXXXXXXXX, bsp:[id:6772, isoCountryCode:CH, name:SWIT]], effectiveFrom:2022-02-28, effectiveTo:2022-05-05, status:Inactive, terminationReason:test, cardLevelConsent:null], bsp:[id:6772, isoCountryCode:CH, name:SWIT], level:card, type:no, status:Inactive, effectiveFrom:2022-03-04, effectiveTo:2022-05-05], [id:677200000003839, airline:[id:6772495749, iataCode:191, name:Air XXXXX X.X.X. XXX XXX XXXXX X.X.X.], card:[cardNumber:222240XXXXXX0005, expiryDate:12/23, issuerName:AX, paymentNetwork:AX, cardType:Corporate, companyName:AX, id:677200000000012, bsp:[id:6772, isoCountryCode:CH, name:SWIT], agent:[id:67728120012, iataCode:8120012, name:ATG XXXXXXXXXXX, bsp:[id:6772, isoCountryCode:CH, name:SWIT]], effectiveFrom:2022-06-07, effectiveTo:2023-05-02, status:Inactive, terminationReason:test, cardLevelConsent:null], bsp:[id:6772, isoCountryCode:CH, name:SWIT], level:card, type:no, status:Inactive, effectiveFrom:2022-06-07, effectiveTo:2022-12-20], [id:677200000003958, airline:[id:6772495749, iataCode:191, name:Air XXXXX X.X.X. XXX XXX XXXXX X.X.X.], card:[cardNumber:222240XXXXXX0005, expiryDate:12/23, issuerName:AX, paymentNetwork:AX, cardType:Corporate, companyName:AX, id:677200000000013, bsp:[id:6772, isoCountryCode:CH, name:SWIT], agent:[id:67728120012, iataCode:8120012, name:ATG XXXXXXXXXXX, bsp:[id:6772, isoCountryCode:CH, name:SWIT]], effectiveFrom:2022-06-08, effectiveTo:2023-08-08, status:Inactive, terminationReason:Card Replaced / Changed Bank, cardLevelConsent:null], bsp:[id:6772, isoCountryCode:CH, name:SWIT], level:card, type:no, status:Inactive, effectiveFrom:2022-06-07, effectiveTo:2022-12-20], [id:677200000004077, airline:[id:6772495749, iataCode:191, name:Air XXXXX X.X.X. XXX XXX XXXXX X.X.X.], card:[cardNumber:222240XXXXXX0005, expiryDate:11/24, issuerName:VI, paymentNetwork:VI, cardType:Consumer, companyName:null, id:677200000000014, bsp:[id:6772, isoCountryCode:CH, name:SWIT], agent:[id:67728120012, iataCode:8120012, name:ATG XXXXXXXXXXX, bsp:[id:6772, isoCountryCode:CH, name:SWIT]], effectiveFrom:2022-06-07, effectiveTo:2023-07-24, status:Inactive, terminationReason:Airline(s) didn't give consent, cardLevelConsent:null], bsp:[id:6772, isoCountryCode:CH, name:SWIT], level:card, type:no, status:Inactive, effectiveFrom:2022-06-07, effectiveTo:2022-12-20], [id:677200000004196, airline:[id:6772495749, iataCode:191, name:Air XXXXX X.X.X. XXX XXX XXXXX X.X.X.], card:[cardNumber:222240XXXXXX0005, expiryDate:08/23, issuerName:CA, paymentNetwork:CA, cardType:Consumer, companyName:null, id:677200000000015, bsp:[id:6772, isoCountryCode:CH, name:SWIT], agent:[id:67728120012, iataCode:8120012, name:ATG XXXXXXXXXXX, bsp:[id:6772, isoCountryCode:CH, name:SWIT]], effectiveFrom:2022-06-07, effectiveTo:2023-07-24, status:Inactive, terminationReason:Airline(s) didn't give consent, cardLevelConsent:null], bsp:[id:6772, isoCountryCode:CH, name:SWIT], level:card, type:no, status:Inactive, effectiveFrom:2022-06-07, effectiveTo:2022-12-20], [id:677200000004407, airline:[id:6772495749, iataCode:191, name:Air XXXXX X.X.X. XXX XXX XXXXX X.X.X.], card:[cardNumber:222240XXXXXX0005, expiryDate:07/23, issuerName:NEWFIVE, paymentNetwork:CA, cardType:Consumer, companyName:null, id:677200000000020, bsp:[id:6772, isoCountryCode:CH, name:SWIT], agent:[id:67728120012, iataCode:8120012, name:ATG XXXXXXXXXXX, bsp:[id:6772, isoCountryCode:CH, name:SWIT]], effectiveFrom:2022-10-13, effectiveTo:2023-07-21, status:Inactive, terminationReason:Customer Card enrolled by error, cardLevelConsent:null], bsp:[id:6772, isoCountryCode:CH, name:SWIT], level:card, type:no, status:Inactive, effectiveFrom:2022-10-13, effectiveTo:2022-12-20], [id:677200000004526, airline:[id:6772495749, iataCode:191, name:Air XXXXX X.X.X. XXX XXX XXXXX X.X.X.], card:[cardNumber:222240XXXXXX0005, expiryDate:06/27, issuerName:NEWSIX - CHECK NOTIFICATION, paymentNetwork:CA, cardType:Consumer, companyName:null, id:677200000000021, bsp:[id:6772, isoCountryCode:CH, name:SWIT], agent:[id:67728120012, iataCode:8120012, name:ATG XXXXXXXXXXX, bsp:[id:6772, isoCountryCode:CH, name:SWIT]], effectiveFrom:2022-10-13, effectiveTo:2023-07-21, status:Inactive, terminationReason:Card Replaced / Changed Bank, cardLevelConsent:null], bsp:[id:6772, isoCountryCode:CH, name:SWIT], level:card, type:no, status:Inactive, effectiveFrom:2022-10-13, effectiveTo:2022-12-20], [id:677200000004665, airline:[id:6772495749, iataCode:191, name:Air XXXXX X.X.X. XXX XXX XXXXX X.X.X.], bsp:[id:6772, isoCountryCode:CH, name:SWIT], level:country, type:no, status:Inactive, effectiveFrom:2022-12-21, effectiveTo:2022-12-22], [id:677200000004838, airline:[id:6772495749, iataCode:191, name:Air XXXXX X.X.X. XXX XXX XXXXX X.X.X.], card:[cardNumber:222240XXXXXX0005, expiryDate:10/30, issuerName:FAC, paymentNetwork:CA, cardType:Corporate, companyName:provincia san anton, id:677200000000005, bsp:[id:6772, isoCountryCode:CH, name:SWIT], agent:[id:67728121080, iataCode:8121080, name:VIAXXXXXX XX, bsp:[id:6772, isoCountryCode:CH, name:SWIT]], effectiveFrom:2022-01-25, effectiveTo:null, status:Active, terminationReason:null, cardLevelConsent:null], bsp:[id:6772, isoCountryCode:CH, name:SWIT], level:card, type:no, status:Inactive, effectiveFrom:2022-12-21, effectiveTo:2022-12-22], [id:677200000004997, airline:[id:6772495749, iataCode:191, name:Air XXXXX X.X.X. XXX XXX XXXXX X.X.X.], card:[cardNumber:222240XXXXXX0005, expiryDate:11/30, issuerName:TRR, paymentNetwork:CA, cardType:Corporate, companyName:provincia san anton, id:677200000000006, bsp:[id:6772, isoCountryCode:CH, name:SWIT], agent:[id:67728120025, iataCode:8120025, name:CWT, bsp:[id:6772, isoCountryCode:CH, name:SWIT]], effectiveFrom:2022-01-25, effectiveTo:null, status:Active, terminationReason:null, cardLevelConsent:null], bsp:[id:6772, isoCountryCode:CH, name:SWIT], level:card, type:no, status:Inactive, effectiveFrom:2022-12-21, effectiveTo:2022-12-22], [id:677200000005153, airline:[id:6772495749, iataCode:191, name:Air XXXXX X.X.X. XXX XXX XXXXX X.X.X.], card:[cardNumber:222240XXXXXX0005, expiryDate:10/31, issuerName:PEPE, paymentNetwork:VI, cardType:Consumer, companyName:null, id:677200000000007, bsp:[id:6772, isoCountryCode:CH, name:SWIT], agent:[id:67728121080, iataCode:8121080, name:VIAXXXXXX XX, bsp:[id:6772, isoCountryCode:CH, name:SWIT]], effectiveFrom:2022-02-02, effectiveTo:null, status:Active, terminationReason:null, cardLevelConsent:null], bsp:[id:6772, isoCountryCode:CH, name:SWIT], level:card, type:no, status:Inactive, effectiveFrom:2022-12-21, effectiveTo:2022-12-22], [id:677200000005305, airline:[id:6772495749, iataCode:191, name:Air XXXXX X.X.X. XXX XXX XXXXX X.X.X.], card:[cardNumber:222240XXXXXX0005, expiryDate:12/34, issuerName:CARLOS, paymentNetwork:VI, cardType:Corporate, companyName:Accelya, id:677200000000008, bsp:[id:6772, isoCountryCode:CH, name:SWIT], agent:[id:67728127904, iataCode:8127904, name:VOYXXXXXXX, bsp:[id:6772, isoCountryCode:CH, name:SWIT]], effectiveFrom:2022-02-02, effectiveTo:null, status:Active, terminationReason:null, cardLevelConsent:null], bsp:[id:6772, isoCountryCode:CH, name:SWIT], level:card, type:no, status:Inactive, effectiveFrom:2022-12-21, effectiveTo:2022-12-22], [id:677200000005457, airline:[id:6772495749, iataCode:191, name:Air XXXXX X.X.X. XXX XXX XXXXX X.X.X.], card:[cardNumber:222240XXXXXX0005, expiryDate:11/31, issuerName:CARLOS, paymentNetwork:VI, cardType:Corporate, companyName:Accelya, id:677200000000009, bsp:[id:6772, isoCountryCode:CH, name:SWIT], agent:[id:67728127904, iataCode:8127904, name:VOYXXXXXXX, bsp:[id:6772, isoCountryCode:CH, name:SWIT]], effectiveFrom:2022-02-02, effectiveTo:null, status:Active, terminationReason:null, cardLevelConsent:null], bsp:[id:6772, isoCountryCode:CH, name:SWIT], level:card, type:no, status:Inactive, effectiveFrom:2022-12-21, effectiveTo:2022-12-22], [id:677200000005609, airline:[id:6772495749, iataCode:191, name:Air XXXXX X.X.X. XXX XXX XXXXX X.X.X.], bsp:[id:6772, isoCountryCode:CH, name:SWIT], level:country, type:no, status:Inactive, effectiveFrom:2022-12-21, effectiveTo:2022-12-22], [id:677200000005750, airline:[id:6772495749, iataCode:191, name:Air XXXXX X.X.X. XXX XXX XXXXX X.X.X.], card:[cardNumber:222240XXXXXX0005, expiryDate:12/23, issuerName:AX, paymentNetwork:AX, cardType:Corporate, companyName:AX, id:677200000000012, bsp:[id:6772, isoCountryCode:CH, name:SWIT], agent:[id:67728120012, iataCode:8120012, name:ATG XXXXXXXXXXX, bsp:[id:6772, isoCountryCode:CH, name:SWIT]], effectiveFrom:2022-06-07, effectiveTo:2023-05-02, status:Inactive, terminationReason:test, cardLevelConsent:null], bsp:[id:6772, isoCountryCode:CH, name:SWIT], level:card, type:no, status:Inactive, effectiveFrom:2022-12-21, effectiveTo:2022-12-22], [id:677200000005869, airline:[id:6772495749, iataCode:191, name:Air XXXXX X.X.X. XXX XXX XXXXX X.X.X.], card:[cardNumber:222240XXXXXX0005, expiryDate:12/23, issuerName:AX, paymentNetwork:AX, cardType:Corporate, companyName:AX, id:677200000000013, bsp:[id:6772, isoCountryCode:CH, name:SWIT], agent:[id:67728120012, iataCode:8120012, name:ATG XXXXXXXXXXX, bsp:[id:6772, isoCountryCode:CH, name:SWIT]], effectiveFrom:2022-06-08, effectiveTo:2023-08-08, status:Inactive, terminationReason:Card Replaced / Changed Bank, cardLevelConsent:null], bsp:[id:6772, isoCountryCode:CH, name:SWIT], level:card, type:no, status:Inactive, effectiveFrom:2022-12-21, effectiveTo:2022-12-22], [id:677200000005988, airline:[id:6772495749, iataCode:191, name:Air XXXXX X.X.X. XXX XXX XXXXX X.X.X.], card:[cardNumber:222240XXXXXX0005, expiryDate:11/24, issuerName:VI, paymentNetwork:VI, cardType:Consumer, companyName:null, id:677200000000014, bsp:[id:6772, isoCountryCode:CH, name:SWIT], agent:[id:67728120012, iataCode:8120012, name:ATG XXXXXXXXXXX, bsp:[id:6772, isoCountryCode:CH, name:SWIT]], effectiveFrom:2022-06-07, effectiveTo:2023-07-24, status:Inactive, terminationReason:Airline(s) didn't give consent, cardLevelConsent:null], bsp:[id:6772, isoCountryCode:CH, name:SWIT], level:card, type:no, status:Inactive, effectiveFrom:2022-12-21, effectiveTo:2022-12-22], [id:677200000006107, airline:[id:6772495749, iataCode:191, name:Air XXXXX X.X.X. XXX XXX XXXXX X.X.X.], card:[cardNumber:222240XXXXXX0005, expiryDate:08/23, issuerName:CA, paymentNetwork:CA, cardType:Consumer, companyName:null, id:677200000000015, bsp:[id:6772, isoCountryCode:CH, name:SWIT], agent:[id:67728120012, iataCode:8120012, name:ATG XXXXXXXXXXX, bsp:[id:6772, isoCountryCode:CH, name:SWIT]], effectiveFrom:2022-06-07, effectiveTo:2023-07-24, status:Inactive, terminationReason:Airline(s) didn't give consent, cardLevelConsent:null], bsp:[id:6772, isoCountryCode:CH, name:SWIT], level:card, type:no, status:Inactive, effectiveFrom:2022-12-21, effectiveTo:2022-12-22], [id:677200000006226, airline:[id:6772495749, iataCode:191, name:Air XXXXX X.X.X. XXX XXX XXXXX X.X.X.], card:[cardNumber:222240XXXXXX0005, expiryDate:07/23, issuerName:NEWFIVE, paymentNetwork:CA, cardType:Consumer, companyName:null, id:677200000000020, bsp:[id:6772, isoCountryCode:CH, name:SWIT], agent:[id:67728120012, iataCode:8120012, name:ATG XXXXXXXXXXX, bsp:[id:6772, isoCountryCode:CH, name:SWIT]], effectiveFrom:2022-10-13, effectiveTo:2023-07-21, status:Inactive, terminationReason:Customer Card enrolled by error, cardLevelConsent:null], bsp:[id:6772, isoCountryCode:CH, name:SWIT], level:card, type:no, status:Inactive, effectiveFrom:2022-12-21, effectiveTo:2022-12-22], [id:677200000006345, airline:[id:6772495749, iataCode:191, name:Air XXXXX X.X.X. XXX XXX XXXXX X.X.X.], card:[cardNumber:222240XXXXXX0005, expiryDate:06/27, issuerName:NEWSIX - CHECK NOTIFICATION, paymentNetwork:CA, cardType:Consumer, companyName:null, id:677200000000021, bsp:[id:6772, isoCountryCode:CH, name:SWIT], agent:[id:67728120012, iataCode:8120012, name:ATG XXXXXXXXXXX, bsp:[id:6772, isoCountryCode:CH, name:SWIT]], effectiveFrom:2022-10-13, effectiveTo:2023-07-21, status:Inactive, terminationReason:Card Replaced / Changed Bank, cardLevelConsent:null], bsp:[id:6772, isoCountryCode:CH, name:SWIT], level:card, type:no, status:Inactive, effectiveFrom:2022-12-21, effectiveTo:2022-12-22], [id:677200000006483, airline:[id:6772495749, iataCode:191, name:Air XXXXX X.X.X. XXX XXX XXXXX X.X.X.], bsp:[id:6772, isoCountryCode:CH, name:SWIT], level:country, type:no, status:Active, effectiveFrom:2023-03-15], [id:677210000002140, airline:[id:6772495749, iataCode:191, name:Air XXXXX X.X.X. XXX XXX XXXXX X.X.X.], bsp:[id:6772, isoCountryCode:CH, name:SWIT], level:country, type:no, status:Active, effectiveFrom:2024-05-25], [id:677210000010697, airline:[id:6772495749, iataCode:191, name:Air XXXXX X.X.X. XXX XXX XXXXX X.X.X.], card:[cardNumber:222240XXXXXX0005, expiryDate:10/31, issuerName:PEPE, paymentNetwork:VI, cardType:Consumer, companyName:null, id:677200000000007, bsp:[id:6772, isoCountryCode:CH, name:SWIT], agent:[id:67728121080, iataCode:8121080, name:VIAXXXXXX XX, bsp:[id:6772, isoCountryCode:CH, name:SWIT]], effectiveFrom:2022-02-02, effectiveTo:null, status:Active, terminationReason:null, cardLevelConsent:null], bsp:[id:6772, isoCountryCode:CH, name:SWIT], level:card, type:no, status:Active, effectiveFrom:2024-10-08], [id:677210000010765, airline:[id:6772495749, iataCode:191, name:Air XXXXX X.X.X. XXX XXX XXXXX X.X.X.], card:[cardNumber:222240XXXXXX0005, expiryDate:02/29, issuerName:MASTERCARD, paymentNetwork:CA, cardType:Corporate, companyName:ABC Pvt Ltd, id:677200000000033, bsp:[id:6772, isoCountryCode:CH, name:SWIT], agent:[id:67728120012, iataCode:8120012, name:ATG XXXXXXXXXXX, bsp:[id:6772, isoCountryCode:CH, name:SWIT]], effectiveFrom:2023-08-17, effectiveTo:null, status:Active, terminationReason:null, cardLevelConsent:null], bsp:[id:6772, isoCountryCode:CH, name:SWIT], level:card, type:no, status:Active, effectiveFrom:2024-10-08], [id:677210000010846, airline:[id:6772495749, iataCode:191, name:Air XXXXX X.X.X. XXX XXX XXXXX X.X.X.], card:[cardNumber:222240XXXXXX0005, expiryDate:12/34, issuerName:CARLOS, paymentNetwork:VI, cardType:Corporate, companyName:Accelya, id:677200000000008, bsp:[id:6772, isoCountryCode:CH, name:SWIT], agent:[id:67728127904, iataCode:8127904, name:VOYXXXXXXX, bsp:[id:6772, isoCountryCode:CH, name:SWIT]], effectiveFrom:2022-02-02, effectiveTo:null, status:Active, terminationReason:null, cardLevelConsent:null], bsp:[id:6772, isoCountryCode:CH, name:SWIT], level:card, type:no, status:Active, effectiveFrom:2024-10-08], [id:677210000010887, airline:[id:6772495749, iataCode:191, name:Air XXXXX X.X.X. XXX XXX XXXXX X.X.X.], card:[cardNumber:222240XXXXXX0005, expiryDate:12/29, issuerName:MASTERCARD, paymentNetwork:CA, cardType:Consumer, companyName:null, id:677200000000050, bsp:[id:6772, isoCountryCode:CH, name:SWIT], agent:[id:67728120012, iataCode:8120012, name:ATG XXXXXXXXXXX, bsp:[id:6772, isoCountryCode:CH, name:SWIT]], effectiveFrom:2023-12-18, effectiveTo:null, status:Active, terminationReason:null, cardLevelConsent:null], bsp:[id:6772, isoCountryCode:CH, name:SWIT], level:card, type:no, status:Active, effectiveFrom:2024-10-08], [id:677210000010890, airline:[id:6772495749, iataCode:191, name:Air XXXXX X.X.X. XXX XXX XXXXX X.X.X.], card:[cardNumber:222240XXXXXX0005, expiryDate:09/28, issuerName:Gänsefüßchen, paymentNetwork:CA, cardType:Consumer, companyName:füßchen, id:677200000000051, bsp:[id:6772, isoCountryCode:CH, name:SWIT], agent:[id:67728120012, iataCode:8120012, name:ATG XXXXXXXXXXX, bsp:[id:6772, isoCountryCode:CH, name:SWIT]], effectiveFrom:2023-12-19, effectiveTo:null, status:Active, terminationReason:EspañaHörgerätGänsefüßchendésembâtonnéEl perro ladró, la vaca calló, el gato maulló y el pato, que no daba crédito, corr, cardLevelConsent:null], bsp:[id:6772, isoCountryCode:CH, name:SWIT], level:card, type:no, status:Active, effectiveFrom:2024-10-08], [id:677210000010968, airline:[id:6772495749, iataCode:191, name:Air XXXXX X.X.X. XXX XXX XXXXX X.X.X.], card:[cardNumber:222240XXXXXX0005, expiryDate:10/30, issuerName:FAC, paymentNetwork:CA, cardType:Corporate, companyName:provincia san anton, id:677200000000005, bsp:[id:6772, isoCountryCode:CH, name:SWIT], agent:[id:67728121080, iataCode:8121080, name:VIAXXXXXX XX, bsp:[id:6772, isoCountryCode:CH, name:SWIT]], effectiveFrom:2022-01-25, effectiveTo:null, status:Active, terminationReason:null, cardLevelConsent:null], bsp:[id:6772, isoCountryCode:CH, name:SWIT], level:card, type:no, status:Active, effectiveFrom:2024-10-08], [id:677210000011075, airline:[id:6772495749, iataCode:191, name:Air XXXXX X.X.X. XXX XXX XXXXX X.X.X.], card:[cardNumber:222240XXXXXX0005, expiryDate:02/29, issuerName:MASTERCARD, paymentNetwork:CA, cardType:Corporate, companyName:ABC Pvt Ltd, id:677200000000032, bsp:[id:6772, isoCountryCode:CH, name:SWIT], agent:[id:67728120012, iataCode:8120012, name:ATG XXXXXXXXXXX, bsp:[id:6772, isoCountryCode:CH, name:SWIT]], effectiveFrom:2023-08-17, effectiveTo:null, status:Active, terminationReason:null, cardLevelConsent:null], bsp:[id:6772, isoCountryCode:CH, name:SWIT], level:card, type:no, status:Active, effectiveFrom:2024-10-08], [id:677210000011081, airline:[id:6772495749, iataCode:191, name:Air XXXXX X.X.X. XXX XXX XXXXX X.X.X.], card:[cardNumber:222240XXXXXX0005, expiryDate:11/30, issuerName:TRR, paymentNetwork:CA, cardType:Corporate, companyName:provincia san anton, id:677200000000006, bsp:[id:6772, isoCountryCode:CH, name:SWIT], agent:[id:67728120025, iataCode:8120025, name:CWT, bsp:[id:6772, isoCountryCode:CH, name:SWIT]], effectiveFrom:2022-01-25, effectiveTo:null, status:Active, terminationReason:null, cardLevelConsent:null], bsp:[id:6772, isoCountryCode:CH, name:SWIT], level:card, type:no, status:Active, effectiveFrom:2024-10-08], [id:677210000011614, airline:[id:6772495749, iataCode:191, name:Air XXXXX X.X.X. XXX XXX XXXXX X.X.X.], card:[cardNumber:222240XXXXXX0005, expiryDate:11/31, issuerName:CARLOS, paymentNetwork:VI, cardType:Corporate, companyName:Accelya, id:677200000000009, bsp:[id:6772, isoCountryCode:CH, name:SWIT], agent:[id:67728127904, iataCode:8127904, name:VOYXXXXXXX, bsp:[id:6772, isoCountryCode:CH, name:SWIT]], effectiveFrom:2022-02-02, effectiveTo:null, status:Active, terminationReason:null, cardLevelConsent:null], bsp:[id:6772, isoCountryCode:CH, name:SWIT], level:card, type:no, status:Active, effectiveFrom:2024-10-08]]

09-10-2024T20:53:05 - [MESSAGE][INFO] - missing [[id:677200000000067, airline:[id:6772495749, iataCode:191, name:Air XXXXX X.X.X. XXX XXX XXXXX X.X.X.], bsp:[id:6772, isoCountryCode:CH, name:SWIT], level:country, type:no, status:Inactive, effectiveFrom:2019-07-01, effectiveTo:2020-02-20], [id:677200000000230, airline:[id:6772495749, iataCode:191, name:Air XXXXX X.X.X. XXX XXX XXXXX X.X.X.], bsp:[id:6772, isoCountryCode:CH, name:SWIT], level:country, type:no, status:Inactive, effectiveFrom:2019-07-05, effectiveTo:2020-02-20], [id:677200000000378, airline:[id:6772495749, iataCode:191, name:Air XXXXX X.X.X. XXX XXX XXXXX X.X.X.], bsp:[id:6772, isoCountryCode:CH, name:SWIT], level:country, type:no, status:Inactive, effectiveFrom:2019-07-05, effectiveTo:2020-02-20], [id:677200000000526, airline:[id:6772495749, iataCode:191, name:Air XXXXX X.X.X. XXX XXX XXXXX X.X.X.], bsp:[id:6772, isoCountryCode:CH, name:SWIT], level:country, type:no, status:Inactive, effectiveFrom:2019-07-05, effectiveTo:2020-02-20], [id:677200000000704, airline:[id:6772495749, iataCode:191, name:Air XXXXX X.X.X. XXX XXX XXXXX X.X.X.], bsp:[id:6772, isoCountryCode:CH, name:SWIT], level:country, type:no, status:Inactive, effectiveFrom:2021-02-05, effectiveTo:2022-03-03], [id:677200000000863, airline:[id:6772495749, iataCode:191, name:Air XXXXX X.X.X. XXX XXX XXXXX X.X.X.], bsp:[id:6772, isoCountryCode:CH, name:SWIT], level:country, type:no, status:Inactive, effectiveFrom:2021-02-05, effectiveTo:2021-12-01], [id:677200000000997, airline:[id:6772495749, iataCode:191, name:Air XXXXX X.X.X. XXX XXX XXXXX X.X.X.], bsp:[id:6772, isoCountryCode:CH, name:SWIT], level:country, type:no, status:Inactive, effectiveFrom:2021-02-05, effectiveTo:2022-03-03], [id:677200000001131, airline:[id:6772495749, iataCode:191, name:Air XXXXX X.X.X. XXX XXX XXXXX X.X.X.], bsp:[id:6772, isoCountryCode:CH, name:SWIT], level:country, type:no, status:Inactive, effectiveFrom:2021-02-05, effectiveTo:2021-06-01], [id:677200000001276, airline:[id:6772495749, iataCode:191, name:Air XXXXX X.X.X. XXX XXX XXXXX X.X.X.], card:[cardNumber:222240XXXXXX0005, expiryDate:10/30, issuerName:FAC, paymentNetwork:CA, cardType:Consumer, companyName:null, id:677200000000004, bsp:[id:6772, isoCountryCode:CH, name:SWIT], agent:[id:67728120025, iataCode:8120025, name:CWT, bsp:[id:6772, isoCountryCode:CH, name:SWIT]], effectiveFrom:2021-03-04, effectiveTo:2022-01-25, status:Inactive, terminationReason:test, cardLevelConsent:null], bsp:[id:6772, isoCountryCode:CH, name:SWIT], level:card, type:no, status:Inactive, effectiveFrom:2021-03-04, effectiveTo:2022-01-25], [id:677200000001452, airline:[id:6772495749, iataCode:191, name:Air XXXXX X.X.X. XXX XXX XXXXX X.X.X.], card:[cardNumber:222240XXXXXX0005, expiryDate:10/30, issuerName:FAC, paymentNetwork:CA, cardType:Corporate, companyName:provincia san anton, id:677200000000005, bsp:[id:6772, isoCountryCode:CH, name:SWIT], agent:[id:67728121080, iataCode:8121080, name:VIAXXXXXX XX, bsp:[id:6772, isoCountryCode:CH, name:SWIT]], effectiveFrom:2022-01-25, effectiveTo:null, status:Active, terminationReason:null, cardLevelConsent:null], bsp:[id:6772, isoCountryCode:CH, name:SWIT], level:card, type:no, status:Inactive, effectiveFrom:2022-01-25, effectiveTo:2022-03-03], [id:677200000001611, airline:[id:6772495749, iataCode:191, name:Air XXXXX X.X.X. XXX XXX XXXXX X.X.X.], card:[cardNumber:222240XXXXXX0005, expiryDate:11/30, issuerName:TRR, paymentNetwork:CA, cardType:Corporate, companyName:provincia san anton, id:677200000000006, bsp:[id:6772, isoCountryCode:CH, name:SWIT], agent:[id:67728120025, iataCode:8120025, name:CWT, bsp:[id:6772, isoCountryCode:CH, name:SWIT]], effectiveFrom:2022-01-25, effectiveTo:null, status:Active, terminationReason:null, cardLevelConsent:null], bsp:[id:6772, isoCountryCode:CH, name:SWIT], level:card, type:no, status:Inactive, effectiveFrom:2022-01-25, effectiveTo:2022-03-03], [id:677200000001768, airline:[id:6772495749, iataCode:191, name:Air XXXXX X.X.X. XXX XXX XXXXX X.X.X.], card:[cardNumber:222240XXXXXX0005, expiryDate:10/31, issuerName:PEPE, paymentNetwork:VI, cardType:Consumer, companyName:null, id:677200000000007, bsp:[id:6772, isoCountryCode:CH, name:SWIT], agent:[id:67728121080, iataCode:8121080, name:VIAXXXXXX XX, bsp:[id:6772, isoCountryCode:CH, name:SWIT]], effectiveFrom:2022-02-02, effectiveTo:null, status:Active, terminationReason:null, cardLevelConsent:null], bsp:[id:6772, isoCountryCode:CH, name:SWIT], level:card, type:no, status:Inactive, effectiveFrom:2022-02-02, effectiveTo:2022-03-03], [id:677200000001920, airline:[id:6772495749, iataCode:191, name:Air XXXXX X.X.X. XXX XXX XXXXX X.X.X.], card:[cardNumber:222240XXXXXX0005, expiryDate:12/34, issuerName:CARLOS, paymentNetwork:VI, cardType:Corporate, companyName:Accelya, id:677200000000008, bsp:[id:6772, isoCountryCode:CH, name:SWIT], agent:[id:67728127904, iataCode:8127904, name:VOYXXXXXXX, bsp:[id:6772, isoCountryCode:CH, name:SWIT]], effectiveFrom:2022-02-02, effectiveTo:null, status:Active, terminationReason:null, cardLevelConsent:null], bsp:[id:6772, isoCountryCode:CH, name:SWIT], level:card, type:no, status:Inactive, effectiveFrom:2022-02-02, effectiveTo:2022-03-03], [id:677200000002072, airline:[id:6772495749, iataCode:191, name:Air XXXXX X.X.X. XXX XXX XXXXX X.X.X.], card:[cardNumber:222240XXXXXX0005, expiryDate:11/31, issuerName:CARLOS, paymentNetwork:VI, cardType:Corporate, companyName:Accelya, id:677200000000009, bsp:[id:6772, isoCountryCode:CH, name:SWIT], agent:[id:67728127904, iataCode:8127904, name:VOYXXXXXXX, bsp:[id:6772, isoCountryCode:CH, name:SWIT]], effectiveFrom:2022-02-02, effectiveTo:null, status:Active, terminationReason:null, cardLevelConsent:null], bsp:[id:6772, isoCountryCode:CH, name:SWIT], level:card, type:no, status:Inactive, effectiveFrom:2022-02-02, effectiveTo:2022-03-03], [id:677200000002224, airline:[id:6772495749, iataCode:191, name:Air XXXXX X.X.X. XXX XXX XXXXX X.X.X.], bsp:[id:6772, isoCountryCode:CH, name:SWIT], level:country, type:no, status:Inactive, effectiveFrom:2022-02-02, effectiveTo:2022-03-03], [id:677200000002365, airline:[id:6772495749, iataCode:191, name:Air XXXXX X.X.X. XXX XXX XXXXX X.X.X.], card:[cardNumber:222240XXXXXX0005, expiryDate:12/23, issuerName:AX, paymentNetwork:AX, cardType:Consumer, companyName:null, id:677200000000011, bsp:[id:6772, isoCountryCode:CH, name:SWIT], agent:[id:67728120012, iataCode:8120012, name:ATG XXXXXXXXXXX, bsp:[id:6772, isoCountryCode:CH, name:SWIT]], effectiveFrom:2022-02-28, effectiveTo:2022-05-05, status:Inactive, terminationReason:test, cardLevelConsent:null], bsp:[id:6772, isoCountryCode:CH, name:SWIT], level:card, type:no, status:Inactive, effectiveFrom:2022-02-28, effectiveTo:2022-03-03], [id:677200000002503, airline:[id:6772495749, iataCode:191, name:Air XXXXX X.X.X. XXX XXX XXXXX X.X.X.], bsp:[id:6772, isoCountryCode:CH, name:SWIT], level:country, type:no, status:Inactive, effectiveFrom:2022-03-04, effectiveTo:2022-12-20], [id:677200000002664, airline:[id:6772495749, iataCode:191, name:Air XXXXX X.X.X. XXX XXX XXXXX X.X.X.], bsp:[id:6772, isoCountryCode:CH, name:SWIT], level:country, type:no, status:Inactive, effectiveFrom:2022-03-04, effectiveTo:2022-10-03], [id:677200000002808, airline:[id:6772495749, iataCode:191, name:Air XXXXX X.X.X. XXX XXX XXXXX X.X.X.], card:[cardNumber:222240XXXXXX0005, expiryDate:10/30, issuerName:FAC, paymentNetwork:CA, cardType:Corporate, companyName:provincia san anton, id:677200000000005, bsp:[id:6772, isoCountryCode:CH, name:SWIT], agent:[id:67728121080, iataCode:8121080, name:VIAXXXXXX XX, bsp:[id:6772, isoCountryCode:CH, name:SWIT]], effectiveFrom:2022-01-25, effectiveTo:null, status:Active, terminationReason:null, cardLevelConsent:null], bsp:[id:6772, isoCountryCode:CH, name:SWIT], level:card, type:no, status:Inactive, effectiveFrom:2022-03-04, effectiveTo:2022-12-20], [id:677200000002967, airline:[id:6772495749, iataCode:191, name:Air XXXXX X.X.X. XXX XXX XXXXX X.X.X.], card:[cardNumber:222240XXXXXX0005, expiryDate:11/30, issuerName:TRR, paymentNetwork:CA, cardType:Corporate, companyName:provincia san anton, id:677200000000006, bsp:[id:6772, isoCountryCode:CH, name:SWIT], agent:[id:67728120025, iataCode:8120025, name:CWT, bsp:[id:6772, isoCountryCode:CH, name:SWIT]], effectiveFrom:2022-01-25, effectiveTo:null, status:Active, terminationReason:null, cardLevelConsent:null], bsp:[id:6772, isoCountryCode:CH, name:SWIT], level:card, type:no, status:Inactive, effectiveFrom:2022-03-04, effectiveTo:2022-12-20], [id:677200000003123, airline:[id:6772495749, iataCode:191, name:Air XXXXX X.X.X. XXX XXX XXXXX X.X.X.], card:[cardNumber:222240XXXXXX0005, expiryDate:10/31, issuerName:PEPE, paymentNetwork:VI, cardType:Consumer, companyName:null, id:677200000000007, bsp:[id:6772, isoCountryCode:CH, name:SWIT], agent:[id:67728121080, iataCode:8121080, name:VIAXXXXXX XX, bsp:[id:6772, isoCountryCode:CH, name:SWIT]], effectiveFrom:2022-02-02, effectiveTo:null, status:Active, terminationReason:null, cardLevelConsent:null], bsp:[id:6772, isoCountryCode:CH, name:SWIT], level:card, type:no, status:Inactive, effectiveFrom:2022-03-04, effectiveTo:2022-12-20], [id:677200000003275, airline:[id:6772495749, iataCode:191, name:Air XXXXX X.X.X. XXX XXX XXXXX X.X.X.], card:[cardNumber:222240XXXXXX0005, expiryDate:12/34, issuerName:CARLOS, paymentNetwork:VI, cardType:Corporate, companyName:Accelya, id:677200000000008, bsp:[id:6772, isoCountryCode:CH, name:SWIT], agent:[id:67728127904, iataCode:8127904, name:VOYXXXXXXX, bsp:[id:6772, isoCountryCode:CH, name:SWIT]], effectiveFrom:2022-02-02, effectiveTo:null, status:Active, terminationReason:null, cardLevelConsent:null], bsp:[id:6772, isoCountryCode:CH, name:SWIT], level:card, type:no, status:Inactive, effectiveFrom:2022-03-04, effectiveTo:2022-12-20], [id:677200000003427, airline:[id:6772495749, iataCode:191, name:Air XXXXX X.X.X. XXX XXX XXXXX X.X.X.], card:[cardNumber:222240XXXXXX0005, expiryDate:11/31, issuerName:CARLOS, paymentNetwork:VI, cardType:Corporate, companyName:Accelya, id:677200000000009, bsp:[id:6772, isoCountryCode:CH, name:SWIT], agent:[id:67728127904, iataCode:8127904, name:VOYXXXXXXX, bsp:[id:6772, isoCountryCode:CH, name:SWIT]], effectiveFrom:2022-02-02, effectiveTo:null, status:Active, terminationReason:null, cardLevelConsent:null], bsp:[id:6772, isoCountryCode:CH, name:SWIT], level:card, type:no, status:Inactive, effectiveFrom:2022-03-04, effectiveTo:2022-12-20], [id:677200000003579, airline:[id:6772495749, iataCode:191, name:Air XXXXX X.X.X. XXX XXX XXXXX X.X.X.], bsp:[id:6772, isoCountryCode:CH, name:SWIT], level:country, type:no, status:Inactive, effectiveFrom:2022-03-04, effectiveTo:2022-12-20], [id:677200000003720, airline:[id:6772495749, iataCode:191, name:Air XXXXX X.X.X. XXX XXX XXXXX X.X.X.], card:[cardNumber:222240XXXXXX0005, expiryDate:12/23, issuerName:AX, paymentNetwork:AX, cardType:Consumer, companyName:null, id:677200000000011, bsp:[id:6772, isoCountryCode:CH, name:SWIT], agent:[id:67728120012, iataCode:8120012, name:ATG XXXXXXXXXXX, bsp:[id:6772, isoCountryCode:CH, name:SWIT]], effectiveFrom:2022-02-28, effectiveTo:2022-05-05, status:Inactive, terminationReason:test, cardLevelConsent:null], bsp:[id:6772, isoCountryCode:CH, name:SWIT], level:card, type:no, status:Inactive, effectiveFrom:2022-03-04, effectiveTo:2022-05-05], [id:677200000003839, airline:[id:6772495749, iataCode:191, name:Air XXXXX X.X.X. XXX XXX XXXXX X.X.X.], card:[cardNumber:222240XXXXXX0005, expiryDate:12/23, issuerName:AX, paymentNetwork:AX, cardType:Corporate, companyName:AX, id:677200000000012, bsp:[id:6772, isoCountryCode:CH, name:SWIT], agent:[id:67728120012, iataCode:8120012, name:ATG XXXXXXXXXXX, bsp:[id:6772, isoCountryCode:CH, name:SWIT]], effectiveFrom:2022-06-07, effectiveTo:2023-05-02, status:Inactive, terminationReason:test, cardLevelConsent:null], bsp:[id:6772, isoCountryCode:CH, name:SWIT], level:card, type:no, status:Inactive, effectiveFrom:2022-06-07, effectiveTo:2022-12-20], [id:677200000003958, airline:[id:6772495749, iataCode:191, name:Air XXXXX X.X.X. XXX XXX XXXXX X.X.X.], card:[cardNumber:222240XXXXXX0005, expiryDate:12/23, issuerName:AX, paymentNetwork:AX, cardType:Corporate, companyName:AX, id:677200000000013, bsp:[id:6772, isoCountryCode:CH, name:SWIT], agent:[id:67728120012, iataCode:8120012, name:ATG XXXXXXXXXXX, bsp:[id:6772, isoCountryCode:CH, name:SWIT]], effectiveFrom:2022-06-08, effectiveTo:2023-08-08, status:Inactive, terminationReason:Card Replaced / Changed Bank, cardLevelConsent:null], bsp:[id:6772, isoCountryCode:CH, name:SWIT], level:card, type:no, status:Inactive, effectiveFrom:2022-06-07, effectiveTo:2022-12-20], [id:677200000004077, airline:[id:6772495749, iataCode:191, name:Air XXXXX X.X.X. XXX XXX XXXXX X.X.X.], card:[cardNumber:222240XXXXXX0005, expiryDate:11/24, issuerName:VI, paymentNetwork:VI, cardType:Consumer, companyName:null, id:677200000000014, bsp:[id:6772, isoCountryCode:CH, name:SWIT], agent:[id:67728120012, iataCode:8120012, name:ATG XXXXXXXXXXX, bsp:[id:6772, isoCountryCode:CH, name:SWIT]], effectiveFrom:2022-06-07, effectiveTo:2023-07-24, status:Inactive, terminationReason:Airline(s) didn't give consent, cardLevelConsent:null], bsp:[id:6772, isoCountryCode:CH, name:SWIT], level:card, type:no, status:Inactive, effectiveFrom:2022-06-07, effectiveTo:2022-12-20], [id:677200000004196, airline:[id:6772495749, iataCode:191, name:Air XXXXX X.X.X. XXX XXX XXXXX X.X.X.], card:[cardNumber:222240XXXXXX0005, expiryDate:08/23, issuerName:CA, paymentNetwork:CA, cardType:Consumer, companyName:null, id:677200000000015, bsp:[id:6772, isoCountryCode:CH, name:SWIT], agent:[id:67728120012, iataCode:8120012, name:ATG XXXXXXXXXXX, bsp:[id:6772, isoCountryCode:CH, name:SWIT]], effectiveFrom:2022-06-07, effectiveTo:2023-07-24, status:Inactive, terminationReason:Airline(s) didn't give consent, cardLevelConsent:null], bsp:[id:6772, isoCountryCode:CH, name:SWIT], level:card, type:no, status:Inactive, effectiveFrom:2022-06-07, effectiveTo:2022-12-20], [id:677200000004407, airline:[id:6772495749, iataCode:191, name:Air XXXXX X.X.X. XXX XXX XXXXX X.X.X.], card:[cardNumber:222240XXXXXX0005, expiryDate:07/23, issuerName:NEWFIVE, paymentNetwork:CA, cardType:Consumer, companyName:null, id:677200000000020, bsp:[id:6772, isoCountryCode:CH, name:SWIT], agent:[id:67728120012, iataCode:8120012, name:ATG XXXXXXXXXXX, bsp:[id:6772, isoCountryCode:CH, name:SWIT]], effectiveFrom:2022-10-13, effectiveTo:2023-07-21, status:Inactive, terminationReason:Customer Card enrolled by error, cardLevelConsent:null], bsp:[id:6772, isoCountryCode:CH, name:SWIT], level:card, type:no, status:Inactive, effectiveFrom:2022-10-13, effectiveTo:2022-12-20], [id:677200000004526, airline:[id:6772495749, iataCode:191, name:Air XXXXX X.X.X. XXX XXX XXXXX X.X.X.], card:[cardNumber:222240XXXXXX0005, expiryDate:06/27, issuerName:NEWSIX - CHECK NOTIFICATION, paymentNetwork:CA, cardType:Consumer, companyName:null, id:677200000000021, bsp:[id:6772, isoCountryCode:CH, name:SWIT], agent:[id:67728120012, iataCode:8120012, name:ATG XXXXXXXXXXX, bsp:[id:6772, isoCountryCode:CH, name:SWIT]], effectiveFrom:2022-10-13, effectiveTo:2023-07-21, status:Inactive, terminationReason:Card Replaced / Changed Bank, cardLevelConsent:null], bsp:[id:6772, isoCountryCode:CH, name:SWIT], level:card, type:no, status:Inactive, effectiveFrom:2022-10-13, effectiveTo:2022-12-20], [id:677200000004665, airline:[id:6772495749, iataCode:191, name:Air XXXXX X.X.X. XXX XXX XXXXX X.X.X.], bsp:[id:6772, isoCountryCode:CH, name:SWIT], level:country, type:no, status:Inactive, effectiveFrom:2022-12-21, effectiveTo:2022-12-22], [id:677200000004838, airline:[id:6772495749, iataCode:191, name:Air XXXXX X.X.X. XXX XXX XXXXX X.X.X.], card:[cardNumber:222240XXXXXX0005, expiryDate:10/30, issuerName:FAC, paymentNetwork:CA, cardType:Corporate, companyName:provincia san anton, id:677200000000005, bsp:[id:6772, isoCountryCode:CH, name:SWIT], agent:[id:67728121080, iataCode:8121080, name:VIAXXXXXX XX, bsp:[id:6772, isoCountryCode:CH, name:SWIT]], effectiveFrom:2022-01-25, effectiveTo:null, status:Active, terminationReason:null, cardLevelConsent:null], bsp:[id:6772, isoCountryCode:CH, name:SWIT], level:card, type:no, status:Inactive, effectiveFrom:2022-12-21, effectiveTo:2022-12-22], [id:677200000004997, airline:[id:6772495749, iataCode:191, name:Air XXXXX X.X.X. XXX XXX XXXXX X.X.X.], card:[cardNumber:222240XXXXXX0005, expiryDate:11/30, issuerName:TRR, paymentNetwork:CA, cardType:Corporate, companyName:provincia san anton, id:677200000000006, bsp:[id:6772, isoCountryCode:CH, name:SWIT], agent:[id:67728120025, iataCode:8120025, name:CWT, bsp:[id:6772, isoCountryCode:CH, name:SWIT]], effectiveFrom:2022-01-25, effectiveTo:null, status:Active, terminationReason:null, cardLevelConsent:null], bsp:[id:6772, isoCountryCode:CH, name:SWIT], level:card, type:no, status:Inactive, effectiveFrom:2022-12-21, effectiveTo:2022-12-22], [id:677200000005153, airline:[id:6772495749, iataCode:191, name:Air XXXXX X.X.X. XXX XXX XXXXX X.X.X.], card:[cardNumber:222240XXXXXX0005, expiryDate:10/31, issuerName:PEPE, paymentNetwork:VI, cardType:Consumer, companyName:null, id:677200000000007, bsp:[id:6772, isoCountryCode:CH, name:SWIT], agent:[id:67728121080, iataCode:8121080, name:VIAXXXXXX XX, bsp:[id:6772, isoCountryCode:CH, name:SWIT]], effectiveFrom:2022-02-02, effectiveTo:null, status:Active, terminationReason:null, cardLevelConsent:null], bsp:[id:6772, isoCountryCode:CH, name:SWIT], level:card, type:no, status:Inactive, effectiveFrom:2022-12-21, effectiveTo:2022-12-22], [id:677200000005305, airline:[id:6772495749, iataCode:191, name:Air XXXXX X.X.X. XXX XXX XXXXX X.X.X.], card:[cardNumber:222240XXXXXX0005, expiryDate:12/34, issuerName:CARLOS, paymentNetwork:VI, cardType:Corporate, companyName:Accelya, id:677200000000008, bsp:[id:6772, isoCountryCode:CH, name:SWIT], agent:[id:67728127904, iataCode:8127904, name:VOYXXXXXXX, bsp:[id:6772, isoCountryCode:CH, name:SWIT]], effectiveFrom:2022-02-02, effectiveTo:null, status:Active, terminationReason:null, cardLevelConsent:null], bsp:[id:6772, isoCountryCode:CH, name:SWIT], level:card, type:no, status:Inactive, effectiveFrom:2022-12-21, effectiveTo:2022-12-22], [id:677200000005457, airline:[id:6772495749, iataCode:191, name:Air XXXXX X.X.X. XXX XXX XXXXX X.X.X.], card:[cardNumber:222240XXXXXX0005, expiryDate:11/31, issuerName:CARLOS, paymentNetwork:VI, cardType:Corporate, companyName:Accelya, id:677200000000009, bsp:[id:6772, isoCountryCode:CH, name:SWIT], agent:[id:67728127904, iataCode:8127904, name:VOYXXXXXXX, bsp:[id:6772, isoCountryCode:CH, name:SWIT]], effectiveFrom:2022-02-02, effectiveTo:null, status:Active, terminationReason:null, cardLevelConsent:null], bsp:[id:6772, isoCountryCode:CH, name:SWIT], level:card, type:no, status:Inactive, effectiveFrom:2022-12-21, effectiveTo:2022-12-22], [id:677200000005609, airline:[id:6772495749, iataCode:191, name:Air XXXXX X.X.X. XXX XXX XXXXX X.X.X.], bsp:[id:6772, isoCountryCode:CH, name:SWIT], level:country, type:no, status:Inactive, effectiveFrom:2022-12-21, effectiveTo:2022-12-22], [id:677200000005750, airline:[id:6772495749, iataCode:191, name:Air XXXXX X.X.X. XXX XXX XXXXX X.X.X.], card:[cardNumber:222240XXXXXX0005, expiryDate:12/23, issuerName:AX, paymentNetwork:AX, cardType:Corporate, companyName:AX, id:677200000000012, bsp:[id:6772, isoCountryCode:CH, name:SWIT], agent:[id:67728120012, iataCode:8120012, name:ATG XXXXXXXXXXX, bsp:[id:6772, isoCountryCode:CH, name:SWIT]], effectiveFrom:2022-06-07, effectiveTo:2023-05-02, status:Inactive, terminationReason:test, cardLevelConsent:null], bsp:[id:6772, isoCountryCode:CH, name:SWIT], level:card, type:no, status:Inactive, effectiveFrom:2022-12-21, effectiveTo:2022-12-22], [id:677200000005869, airline:[id:6772495749, iataCode:191, name:Air XXXXX X.X.X. XXX XXX XXXXX X.X.X.], card:[cardNumber:222240XXXXXX0005, expiryDate:12/23, issuerName:AX, paymentNetwork:AX, cardType:Corporate, companyName:AX, id:677200000000013, bsp:[id:6772, isoCountryCode:CH, name:SWIT], agent:[id:67728120012, iataCode:8120012, name:ATG XXXXXXXXXXX, bsp:[id:6772, isoCountryCode:CH, name:SWIT]], effectiveFrom:2022-06-08, effectiveTo:2023-08-08, status:Inactive, terminationReason:Card Replaced / Changed Bank, cardLevelConsent:null], bsp:[id:6772, isoCountryCode:CH, name:SWIT], level:card, type:no, status:Inactive, effectiveFrom:2022-12-21, effectiveTo:2022-12-22], [id:677200000005988, airline:[id:6772495749, iataCode:191, name:Air XXXXX X.X.X. XXX XXX XXXXX X.X.X.], card:[cardNumber:222240XXXXXX0005, expiryDate:11/24, issuerName:VI, paymentNetwork:VI, cardType:Consumer, companyName:null, id:677200000000014, bsp:[id:6772, isoCountryCode:CH, name:SWIT], agent:[id:67728120012, iataCode:8120012, name:ATG XXXXXXXXXXX, bsp:[id:6772, isoCountryCode:CH, name:SWIT]], effectiveFrom:2022-06-07, effectiveTo:2023-07-24, status:Inactive, terminationReason:Airline(s) didn't give consent, cardLevelConsent:null], bsp:[id:6772, isoCountryCode:CH, name:SWIT], level:card, type:no, status:Inactive, effectiveFrom:2022-12-21, effectiveTo:2022-12-22], [id:677200000006107, airline:[id:6772495749, iataCode:191, name:Air XXXXX X.X.X. XXX XXX XXXXX X.X.X.], card:[cardNumber:222240XXXXXX0005, expiryDate:08/23, issuerName:CA, paymentNetwork:CA, cardType:Consumer, companyName:null, id:677200000000015, bsp:[id:6772, isoCountryCode:CH, name:SWIT], agent:[id:67728120012, iataCode:8120012, name:ATG XXXXXXXXXXX, bsp:[id:6772, isoCountryCode:CH, name:SWIT]], effectiveFrom:2022-06-07, effectiveTo:2023-07-24, status:Inactive, terminationReason:Airline(s) didn't give consent, cardLevelConsent:null], bsp:[id:6772, isoCountryCode:CH, name:SWIT], level:card, type:no, status:Inactive, effectiveFrom:2022-12-21, effectiveTo:2022-12-22], [id:677200000006226, airline:[id:6772495749, iataCode:191, name:Air XXXXX X.X.X. XXX XXX XXXXX X.X.X.], card:[cardNumber:222240XXXXXX0005, expiryDate:07/23, issuerName:NEWFIVE, paymentNetwork:CA, cardType:Consumer, companyName:null, id:677200000000020, bsp:[id:6772, isoCountryCode:CH, name:SWIT], agent:[id:67728120012, iataCode:8120012, name:ATG XXXXXXXXXXX, bsp:[id:6772, isoCountryCode:CH, name:SWIT]], effectiveFrom:2022-10-13, effectiveTo:2023-07-21, status:Inactive, terminationReason:Customer Card enrolled by error, cardLevelConsent:null], bsp:[id:6772, isoCountryCode:CH, name:SWIT], level:card, type:no, status:Inactive, effectiveFrom:2022-12-21, effectiveTo:2022-12-22], [id:677200000006345, airline:[id:6772495749, iataCode:191, name:Air XXXXX X.X.X. XXX XXX XXXXX X.X.X.], card:[cardNumber:222240XXXXXX0005, expiryDate:06/27, issuerName:NEWSIX - CHECK NOTIFICATION, paymentNetwork:CA, cardType:Consumer, companyName:null, id:677200000000021, bsp:[id:6772, isoCountryCode:CH, name:SWIT], agent:[id:67728120012, iataCode:8120012, name:ATG XXXXXXXXXXX, bsp:[id:6772, isoCountryCode:CH, name:SWIT]], effectiveFrom:2022-10-13, effectiveTo:2023-07-21, status:Inactive, terminationReason:Card Replaced / Changed Bank, cardLevelConsent:null], bsp:[id:6772, isoCountryCode:CH, name:SWIT], level:card, type:no, status:Inactive, effectiveFrom:2022-12-21, effectiveTo:2022-12-22], [id:677200000006483, airline:[id:6772495749, iataCode:191, name:Air XXXXX X.X.X. XXX XXX XXXXX X.X.X.], bsp:[id:6772, isoCountryCode:CH, name:SWIT], level:country, type:no, status:Active, effectiveFrom:2023-03-15], [id:677210000002140, airline:[id:6772495749, iataCode:191, name:Air XXXXX X.X.X. XXX XXX XXXXX X.X.X.], bsp:[id:6772, isoCountryCode:CH, name:SWIT], level:country, type:no, status:Active, effectiveFrom:2024-05-25], [id:677210000010697, airline:[id:6772495749, iataCode:191, name:Air XXXXX X.X.X. XXX XXX XXXXX X.X.X.], card:[cardNumber:222240XXXXXX0005, expiryDate:10/31, issuerName:PEPE, paymentNetwork:VI, cardType:Consumer, companyName:null, id:677200000000007, bsp:[id:6772, isoCountryCode:CH, name:SWIT], agent:[id:67728121080, iataCode:8121080, name:VIAXXXXXX XX, bsp:[id:6772, isoCountryCode:CH, name:SWIT]], effectiveFrom:2022-02-02, effectiveTo:null, status:Active, terminationReason:null, cardLevelConsent:null], bsp:[id:6772, isoCountryCode:CH, name:SWIT], level:card, type:no, status:Active, effectiveFrom:2024-10-08], [id:677210000010765, airline:[id:6772495749, iataCode:191, name:Air XXXXX X.X.X. XXX XXX XXXXX X.X.X.], card:[cardNumber:222240XXXXXX0005, expiryDate:02/29, issuerName:MASTERCARD, paymentNetwork:CA, cardType:Corporate, companyName:ABC Pvt Ltd, id:677200000000033, bsp:[id:6772, isoCountryCode:CH, name:SWIT], agent:[id:67728120012, iataCode:8120012, name:ATG XXXXXXXXXXX, bsp:[id:6772, isoCountryCode:CH, name:SWIT]], effectiveFrom:2023-08-17, effectiveTo:null, status:Active, terminationReason:null, cardLevelConsent:null], bsp:[id:6772, isoCountryCode:CH, name:SWIT], level:card, type:no, status:Active, effectiveFrom:2024-10-08], [id:677210000010846, airline:[id:6772495749, iataCode:191, name:Air XXXXX X.X.X. XXX XXX XXXXX X.X.X.], card:[cardNumber:222240XXXXXX0005, expiryDate:12/34, issuerName:CARLOS, paymentNetwork:VI, cardType:Corporate, companyName:Accelya, id:677200000000008, bsp:[id:6772, isoCountryCode:CH, name:SWIT], agent:[id:67728127904, iataCode:8127904, name:VOYXXXXXXX, bsp:[id:6772, isoCountryCode:CH, name:SWIT]], effectiveFrom:2022-02-02, effectiveTo:null, status:Active, terminationReason:null, cardLevelConsent:null], bsp:[id:6772, isoCountryCode:CH, name:SWIT], level:card, type:no, status:Active, effectiveFrom:2024-10-08], [id:677210000010887, airline:[id:6772495749, iataCode:191, name:Air XXXXX X.X.X. XXX XXX XXXXX X.X.X.], card:[cardNumber:222240XXXXXX0005, expiryDate:12/29, issuerName:MASTERCARD, paymentNetwork:CA, cardType:Consumer, companyName:null, id:677200000000050, bsp:[id:6772, isoCountryCode:CH, name:SWIT], agent:[id:67728120012, iataCode:8120012, name:ATG XXXXXXXXXXX, bsp:[id:6772, isoCountryCode:CH, name:SWIT]], effectiveFrom:2023-12-18, effectiveTo:null, status:Active, terminationReason:null, cardLevelConsent:null], bsp:[id:6772, isoCountryCode:CH, name:SWIT], level:card, type:no, status:Active, effectiveFrom:2024-10-08], [id:677210000010890, airline:[id:6772495749, iataCode:191, name:Air XXXXX X.X.X. XXX XXX XXXXX X.X.X.], card:[cardNumber:222240XXXXXX0005, expiryDate:09/28, issuerName:Gänsefüßchen, paymentNetwork:CA, cardType:Consumer, companyName:füßchen, id:677200000000051, bsp:[id:6772, isoCountryCode:CH, name:SWIT], agent:[id:67728120012, iataCode:8120012, name:ATG XXXXXXXXXXX, bsp:[id:6772, isoCountryCode:CH, name:SWIT]], effectiveFrom:2023-12-19, effectiveTo:null, status:Active, terminationReason:EspañaHörgerätGänsefüßchendésembâtonnéEl perro ladró, la vaca calló, el gato maulló y el pato, que no daba crédito, corr, cardLevelConsent:null], bsp:[id:6772, isoCountryCode:CH, name:SWIT], level:card, type:no, status:Active, effectiveFrom:2024-10-08], [id:677210000010968, airline:[id:6772495749, iataCode:191, name:Air XXXXX X.X.X. XXX XXX XXXXX X.X.X.], card:[cardNumber:222240XXXXXX0005, expiryDate:10/30, issuerName:FAC, paymentNetwork:CA, cardType:Corporate, companyName:provincia san anton, id:677200000000005, bsp:[id:6772, isoCountryCode:CH, name:SWIT], agent:[id:67728121080, iataCode:8121080, name:VIAXXXXXX XX, bsp:[id:6772, isoCountryCode:CH, name:SWIT]], effectiveFrom:2022-01-25, effectiveTo:null, status:Active, terminationReason:null, cardLevelConsent:null], bsp:[id:6772, isoCountryCode:CH, name:SWIT], level:card, type:no, status:Active, effectiveFrom:2024-10-08], [id:677210000011075, airline:[id:6772495749, iataCode:191, name:Air XXXXX X.X.X. XXX XXX XXXXX X.X.X.], card:[cardNumber:222240XXXXXX0005, expiryDate:02/29, issuerName:MASTERCARD, paymentNetwork:CA, cardType:Corporate, companyName:ABC Pvt Ltd, id:677200000000032, bsp:[id:6772, isoCountryCode:CH, name:SWIT], agent:[id:67728120012, iataCode:8120012, name:ATG XXXXXXXXXXX, bsp:[id:6772, isoCountryCode:CH, name:SWIT]], effectiveFrom:2023-08-17, effectiveTo:null, status:Active, terminationReason:null, cardLevelConsent:null], bsp:[id:6772, isoCountryCode:CH, name:SWIT], level:card, type:no, status:Active, effectiveFrom:2024-10-08], [id:677210000011081, airline:[id:6772495749, iataCode:191, name:Air XXXXX X.X.X. XXX XXX XXXXX X.X.X.], card:[cardNumber:222240XXXXXX0005, expiryDate:11/30, issuerName:TRR, paymentNetwork:CA, cardType:Corporate, companyName:provincia san anton, id:677200000000006, bsp:[id:6772, isoCountryCode:CH, name:SWIT], agent:[id:67728120025, iataCode:8120025, name:CWT, bsp:[id:6772, isoCountryCode:CH, name:SWIT]], effectiveFrom:2022-01-25, effectiveTo:null, status:Active, terminationReason:null, cardLevelConsent:null], bsp:[id:6772, isoCountryCode:CH, name:SWIT], level:card, type:no, status:Active, effectiveFrom:2024-10-08], [id:677210000011614, airline:[id:6772495749, iataCode:191, name:Air XXXXX X.X.X. XXX XXX XXXXX X.X.X.], card:[cardNumber:222240XXXXXX0005, expiryDate:11/31, issuerName:CARLOS, paymentNetwork:VI, cardType:Corporate, companyName:Accelya, id:677200000000009, bsp:[id:6772, isoCountryCode:CH, name:SWIT], agent:[id:67728127904, iataCode:8127904, name:VOYXXXXXXX, bsp:[id:6772, isoCountryCode:CH, name:SWIT]], effectiveFrom:2022-02-02, effectiveTo:null, status:Active, terminationReason:null, cardLevelConsent:null], bsp:[id:6772, isoCountryCode:CH, name:SWIT], level:card, type:no, status:Active, effectiveFrom:2024-10-08]]

09-10-2024T20:53:05 - [MESSAGE][ERROR] - Test Cases/TIP_Management/card-consents/FCA_15723_GET_TIP_Card_Consents FAILED.
Reason:
org.json.JSONException: JSONObject[""] not found.
	at org.json.JSONObject.get(JSONObject.java:473)
	at java.base/jdk.internal.reflect.NativeMethodAccessorImpl.invoke0(Native Method)
	at java.base/jdk.internal.reflect.NativeMethodAccessorImpl.invoke(NativeMethodAccessorImpl.java:77)
	at java.base/jdk.internal.reflect.DelegatingMethodAccessorImpl.invoke(DelegatingMethodAccessorImpl.java:43)
	at Script1720599623761$_run_closure1$_closure6.doCall(Script1720599623761.groovy:141)
	at java.base/jdk.internal.reflect.NativeMethodAccessorImpl.invoke0(Native Method)
	at java.base/jdk.internal.reflect.NativeMethodAccessorImpl.invoke(NativeMethodAccessorImpl.java:77)
	at java.base/jdk.internal.reflect.DelegatingMethodAccessorImpl.invoke(DelegatingMethodAccessorImpl.java:43)
	at Script1720599623761$_run_closure1.doCall(Script1720599623761.groovy:139)
	at java.base/jdk.internal.reflect.NativeMethodAccessorImpl.invoke0(Native Method)
	at java.base/jdk.internal.reflect.NativeMethodAccessorImpl.invoke(NativeMethodAccessorImpl.java:77)
	at java.base/jdk.internal.reflect.DelegatingMethodAccessorImpl.invoke(DelegatingMethodAccessorImpl.java:43)
	at FCA_15723_GET_TIP_Card_Consents.run(FCA_15723_GET_TIP_Card_Consents:92)
	at com.kms.katalon.core.main.ScriptEngine.run(ScriptEngine.java:194)
	at com.kms.katalon.core.main.ScriptEngine.runScriptAsRawText(ScriptEngine.java:119)
	at com.kms.katalon.core.main.TestCaseExecutor.runScript(TestCaseExecutor.java:448)
	at com.kms.katalon.core.main.TestCaseExecutor.doExecute(TestCaseExecutor.java:439)
	at com.kms.katalon.core.main.TestCaseExecutor.processExecutionPhase(TestCaseExecutor.java:418)
	at com.kms.katalon.core.main.TestCaseExecutor.accessMainPhase(TestCaseExecutor.java:410)
	at com.kms.katalon.core.main.TestCaseExecutor.execute(TestCaseExecutor.java:285)
	at com.kms.katalon.core.common.CommonExecutor.accessTestCaseMainPhase(CommonExecutor.java:65)
	at com.kms.katalon.core.main.TestSuiteExecutor.accessTestSuiteMainPhase(TestSuiteExecutor.java:150)
	at com.kms.katalon.core.main.TestSuiteExecutor.execute(TestSuiteExecutor.java:106)
	at com.kms.katalon.core.main.TestCaseMain.startTestSuite(TestCaseMain.java:180)
	at TempTestSuite1728487367519.run(TempTestSuite1728487367519.groovy:35)
	at java.base/jdk.internal.reflect.NativeMethodAccessorImpl.invoke0(Native Method)
	at java.base/jdk.internal.reflect.NativeMethodAccessorImpl.invoke(NativeMethodAccessorImpl.java:77)
	at java.base/jdk.internal.reflect.DelegatingMethodAccessorImpl.invoke(DelegatingMethodAccessorImpl.java:43)


09-10-2024T20:53:05 - [TEST_STEP][FAILED] - Start listener action : afterTestCase: null

09-10-2024T20:53:05 - [MESSAGE][INFO] - Starting invoke 'com.kms.katalon.core.annotation.AfterTestCase' method: 'TestListener.afterTestCase(...)'

09-10-2024T20:53:05 - [TEST_STEP][PASSED] - logInfo(testCaseContext.getTestCaseId()): Test Cases/TIP_Management/card-consents/FCA_15723_GET_TIP_Card_Consents

09-10-2024T20:53:05 - [MESSAGE][INFO] - Test Cases/TIP_Management/card-consents/FCA_15723_GET_TIP_Card_Consents

09-10-2024T20:53:05 - [TEST_STEP][PASSED] - logInfo(testCaseContext.getTestCaseStatus()): FAILED

09-10-2024T20:53:05 - [MESSAGE][INFO] - FAILED

09-10-2024T20:53:05 - [TEST_STEP][PASSED] - responseQA = getTestCaseVariables().get("responseQA"): null

09-10-2024T20:53:05 - [TEST_STEP][PASSED] - responseQAMIG = getTestCaseVariables().get("responseQAMIG"): null

09-10-2024T20:53:05 - [TEST_STEP][PASSED] - sortedQA = getTestCaseVariables().get("sortedRecordsQA"): null

09-10-2024T20:53:05 - [TEST_STEP][PASSED] - sortedQAMIG = getTestCaseVariables().get("sortedRecordsQAMIG"): null

09-10-2024T20:53:05 - [TEST_STEP][PASSED] - reporting.ExtentReporting.logStringData("URL_QA", getTestCaseVariables().get("URL_QA")): reporting.ExtentReporting.logStringData is PASSED

09-10-2024T20:53:05 - [MESSAGE][PASSED] - reporting.ExtentReporting.logStringData is PASSED

09-10-2024T20:53:05 - [TEST_STEP][PASSED] - reporting.ExtentReporting.logStringData("URL_QAMIG", getTestCaseVariables().get("URL_QAMIG")): reporting.ExtentReporting.logStringData is PASSED

09-10-2024T20:53:05 - [MESSAGE][PASSED] - reporting.ExtentReporting.logStringData is PASSED

09-10-2024T20:53:05 - [TEST_STEP][PASSED] - reporting.ExtentReporting.logJSONData("QA Response", responseQA): reporting.ExtentReporting.logJSONData is PASSED

09-10-2024T20:53:05 - [MESSAGE][PASSED] - reporting.ExtentReporting.logJSONData is PASSED

09-10-2024T20:53:05 - [TEST_STEP][PASSED] - reporting.ExtentReporting.logJSONData("QAMIG Response", responseQAMIG): reporting.ExtentReporting.logJSONData is PASSED

09-10-2024T20:53:05 - [MESSAGE][PASSED] - reporting.ExtentReporting.logJSONData is PASSED

09-10-2024T20:53:05 - [TEST_STEP][FAILED] - if (getTestCaseStatus().equals("FAILED")): null

09-10-2024T20:53:05 - [TEST_STEP][PASSED] - responseQAValue = getTestCaseVariables().get("responseQA"): null

09-10-2024T20:53:05 - [TEST_STEP][FAILED] - markFailed(getTestCaseVariables().get("URL_QA")): https://gateway-gateway.apps.qa.okd4.nfe.projects.nonprod.itd.farelogix.com/api/tip-management/card-consents?page=0&size=100

09-10-2024T20:53:05 - [MESSAGE][FAILED] - https://gateway-gateway.apps.qa.okd4.nfe.projects.nonprod.itd.farelogix.com/api/tip-management/card-consents?page=0&size=100

09-10-2024T20:53:05 - [TEST_STEP][FAILED] - markFailed(responseQAValue): {"pageNumber":0,"pageSize":100,"total":45,"records":[{"id":677200000006483,"bsp":{"id":6772,"isoCountryCode":"CH","name":"SWITZERLAND"},"airline":{"id":6772495749,"iataCode":"191","name":"Air XXXXX X.X.X. XXX XXX XXXXX X.X.X."},"level":"country","type":"no","effectiveFrom":"2023-03-15","status":"Active"},{"id":677200000000067,"bsp":{"id":6772,"isoCountryCode":"CH","name":"SWITZERLAND"},"airline":{"id":6772495749,"iataCode":"191","name":"Air XXXXX X.X.X. XXX XXX XXXXX X.X.X."},"level":"country","type":"no","effectiveFrom":"2019-07-01","effectiveTo":"2020-02-20","status":"Inactive"},{"id":677200000004665,"bsp":{"id":6772,"isoCountryCode":"CH","name":"SWITZERLAND"},"airline":{"id":6772495749,"iataCode":"191","name":"Air XXXXX X.X.X. XXX XXX XXXXX X.X.X."},"level":"country","type":"no","effectiveFrom":"2022-12-21","effectiveTo":"2022-12-22","status":"Inactive"},{"id":677200000000704,"bsp":{"id":6772,"isoCountryCode":"CH","name":"SWITZERLAND"},"airline":{"id":6772495749,"iataCode":"191","name":"Air XXXXX X.X.X. XXX XXX XXXXX X.X.X."},"level":"country","type":"no","effectiveFrom":"2021-02-05","effectiveTo":"2022-03-03","status":"Inactive"},{"id":677200000002503,"bsp":{"id":6772,"isoCountryCode":"CH","name":"SWITZERLAND"},"airline":{"id":6772495749,"iataCode":"191","name":"Air XXXXX X.X.X. XXX XXX XXXXX X.X.X."},"level":"country","type":"no","effectiveFrom":"2022-03-04","effectiveTo":"2022-12-20","status":"Inactive"},{"id":677200000000997,"bsp":{"id":6772,"isoCountryCode":"CH","name":"SWITZERLAND"},"airline":{"id":6772495749,"iataCode":"191","name":"Air XXXXX X.X.X. XXX XXX XXXXX X.X.X."},"level":"card","card":{"id":677200000000002,"bsp":{"id":6772},"agent":{"id":67728121095,"iataCode":"8121095","name":"LE XXXX XXX XXXXX XX","bsp":{"id":6772},"active":true},"cardNumber":"490118XXXXXX0610","expiryDate":"09/22","issuerName":"KHADRAOUI TAHAR","paymentNetwork":"VI","cardType":"Consumer"},"type":"no","effectiveFrom":"2021-02-05","effectiveTo":"2022-03-03","status":"Inactive"},{"id":677200000001768,"bsp":{"id":6772,"isoCountryCode":"CH","name":"SWITZERLAND"},"airline":{"id":6772495749,"iataCode":"191","name":"Air XXXXX X.X.X. XXX XXX XXXXX X.X.X."},"level":"card","card":{"id":677200000000007,"bsp":{"id":6772},"agent":{"id":67728127904,"iataCode":"8127904","name":"VOYXXXXXXX","bsp":{"id":6772},"active":true},"cardNumber":"456480XXXXXX6349","expiryDate":"10/31","issuerName":"PEPE","paymentNetwork":"VI","cardType":"Consumer"},"type":"no","effectiveFrom":"2022-02-02","effectiveTo":"2022-03-03","status":"Inactive"},{"id":677200000001920,"bsp":{"id":6772,"isoCountryCode":"CH","name":"SWITZERLAND"},"airline":{"id":6772495749,"iataCode":"191","name":"Air XXXXX X.X.X. XXX XXX XXXXX X.X.X."},"level":"card","card":{"id":677200000000008,"bsp":{"id":6772},"agent":{"id":67728127904,"iataCode":"8127904","name":"VOYXXXXXXX","bsp":{"id":6772},"active":true},"cardNumber":"456480XXXXXX6349","expiryDate":"12/34","issuerName":"CARLOS","paymentNetwork":"VI","cardType":"Corporate","companyName":"Accelya"},"type":"no","effectiveFrom":"2022-02-02","effectiveTo":"2022-03-03","status":"Inactive"},{"id":677200000004838,"bsp":{"id":6772,"isoCountryCode":"CH","name":"SWITZERLAND"},"airline":{"id":6772495749,"iataCode":"191","name":"Air XXXXX X.X.X. XXX XXX XXXXX X.X.X."},"level":"card","card":{"id":677200000000005,"bsp":{"id":6772},"agent":{"id":67728120025,"iataCode":"8120025","name":"CWT","bsp":{"id":6772},"active":true},"cardNumber":"519123XXXXXX4011","expiryDate":"10/30","issuerName":"FAC","paymentNetwork":"CA","cardType":"Corporate","companyName":"provincia san anton"},"type":"no","effectiveFrom":"2022-12-21","effectiveTo":"2022-12-22","status":"Inactive"},{"id":677200000004997,"bsp":{"id":6772,"isoCountryCode":"CH","name":"SWITZERLAND"},"airline":{"id":6772495749,"iataCode":"191","name":"Air XXXXX X.X.X. XXX XXX XXXXX X.X.X."},"level":"card","card":{"id":677200000000006,"bsp":{"id":6772},"agent":{"id":67728120025,"iataCode":"8120025","name":"CWT","bsp":{"id":6772},"active":true},"cardNumber":"519123XXXXXX4011","expiryDate":"11/30","issuerName":"TRR","paymentNetwork":"CA","cardType":"Corporate","companyName":"provincia san anton"},"type":"no","effectiveFrom":"2022-12-21","effectiveTo":"2022-12-22","status":"Inactive"},{"id":677200000004526,"bsp":{"id":6772,"isoCountryCode":"CH","name":"SWITZERLAND"},"airline":{"id":6772495749,"iataCode":"191","name":"Air XXXXX X.X.X. XXX XXX XXXXX X.X.X."},"level":"card","card":{"id":677200000000021,"bsp":{"id":6772},"agent":{"id":67728120012,"iataCode":"8120012","name":"ATG XXXXXXXXXXX","bsp":{"id":6772},"active":true},"cardNumber":"519396XXXXXX3484","expiryDate":"06/27","issuerName":"NEWSIX - CHECK NOTIFICATION","paymentNetwork":"CA","cardType":"Consumer"},"type":"no","effectiveFrom":"2022-10-13","effectiveTo":"2022-12-20","status":"Inactive"},{"id":677200000004407,"bsp":{"id":6772,"isoCountryCode":"CH","name":"SWITZERLAND"},"airline":{"id":6772495749,"iataCode":"191","name":"Air XXXXX X.X.X. XXX XXX XXXXX X.X.X."},"level":"card","card":{"id":677200000000020,"bsp":{"id":6772},"agent":{"id":67728120012,"iataCode":"8120012","name":"ATG XXXXXXXXXXX","bsp":{"id":6772},"active":true},"cardNumber":"519396XXXXXX3484","expiryDate":"07/23","issuerName":"NEWFIVE","paymentNetwork":"CA","cardType":"Consumer"},"type":"no","effectiveFrom":"2022-10-13","effectiveTo":"2022-12-20","status":"Inactive"},{"id":677200000005153,"bsp":{"id":6772,"isoCountryCode":"CH","name":"SWITZERLAND"},"airline":{"id":6772495749,"iataCode":"191","name":"Air XXXXX X.X.X. XXX XXX XXXXX X.X.X."},"level":"card","card":{"id":677200000000007,"bsp":{"id":6772},"agent":{"id":67728127904,"iataCode":"8127904","name":"VOYXXXXXXX","bsp":{"id":6772},"active":true},"cardNumber":"456480XXXXXX6349","expiryDate":"10/31","issuerName":"PEPE","paymentNetwork":"VI","cardType":"Consumer"},"type":"no","effectiveFrom":"2022-12-21","effectiveTo":"2022-12-22","status":"Inactive"},{"id":677200000004196,"bsp":{"id":6772,"isoCountryCode":"CH","name":"SWITZERLAND"},"airline":{"id":6772495749,"iataCode":"191","name":"Air XXXXX X.X.X. XXX XXX XXXXX X.X.X."},"level":"card","card":{"id":677200000000015,"bsp":{"id":6772},"agent":{"id":67728120012,"iataCode":"8120012","name":"ATG XXXXXXXXXXX","bsp":{"id":6772},"active":true},"cardNumber":"519396XXXXXX3484","expiryDate":"08/23","issuerName":"CA","paymentNetwork":"CA","cardType":"Consumer"},"type":"no","effectiveFrom":"2022-06-07","effectiveTo":"2022-12-20","status":"Inactive"},{"id":677200000004077,"bsp":{"id":6772,"isoCountryCode":"CH","name":"SWITZERLAND"},"airline":{"id":6772495749,"iataCode":"191","name":"Air XXXXX X.X.X. XXX XXX XXXXX X.X.X."},"level":"card","card":{"id":677200000000014,"bsp":{"id":6772},"agent":{"id":67728120012,"iataCode":"8120012","name":"ATG XXXXXXXXXXX","bsp":{"id":6772},"active":true},"cardNumber":"456480XXXXXX6349","expiryDate":"11/24","issuerName":"VI","paymentNetwork":"VI","cardType":"Consumer"},"type":"no","effectiveFrom":"2022-06-07","effectiveTo":"2022-12-20","status":"Inactive"},{"id":677200000001131,"bsp":{"id":6772,"isoCountryCode":"CH","name":"SWITZERLAND"},"airline":{"id":6772495749,"iataCode":"191","name":"Air XXXXX X.X.X. XXX XXX XXXXX X.X.X."},"level":"card","card":{"id":677200000000003,"bsp":{"id":6772},"agent":{"id":67728121095,"iataCode":"8121095","name":"LE XXXX XXX XXXXX XX","bsp":{"id":6772},"active":true},"cardNumber":"485753XXXXXX3403","expiryDate":"05/21","issuerName":"KHADRAOUI TAHAR LE MUST AIR MARIN SA","paymentNetwork":"VI","cardType":"Corporate","companyName":"LE MUST AIR MARIN SA"},"type":"no","effectiveFrom":"2021-02-05","effectiveTo":"2021-06-01","status":"Inactive"},{"id":677200000000863,"bsp":{"id":6772,"isoCountryCode":"CH","name":"SWITZERLAND"},"airline":{"id":6772495749,"iataCode":"191","name":"Air XXXXX X.X.X. XXX XXX XXXXX X.X.X."},"level":"card","card":{"id":677200000000001,"bsp":{"id":6772},"agent":{"id":67728121095,"iataCode":"8121095","name":"LE XXXX XXX XXXXX XX","bsp":{"id":6772},"active":true},"cardNumber":"558265XXXXXX6029","expiryDate":"11/21","issuerName":"TAHAR KHADRAOUI AIR MARIN SUISSE","paymentNetwork":"CA","cardType":"Corporate","companyName":"AIR MARIN SUISSE"},"type":"no","effectiveFrom":"2021-02-05","effectiveTo":"2021-12-01","status":"Inactive"},{"id":677200000000526,"bsp":{"id":6772,"isoCountryCode":"CH","name":"SWITZERLAND"},"airline":{"id":6772495749,"iataCode":"191","name":"Air XXXXX X.X.X. XXX XXX XXXXX X.X.X."},"level":"card","card":{"id":677200000000003,"bsp":{"id":6772},"agent":{"id":67728121095,"iataCode":"8121095","name":"LE XXXX XXX XXXXX XX","bsp":{"id":6772},"active":true},"cardNumber":"485753XXXXXX3403","expiryDate":"05/21","issuerName":"KHADRAOUI TAHAR LE MUST AIR MARIN SA","paymentNetwork":"VI","cardType":"Corporate","companyName":"LE MUST AIR MARIN SA"},"type":"no","effectiveFrom":"2019-07-05","effectiveTo":"2020-02-20","status":"Inactive"},{"id":677200000000378,"bsp":{"id":6772,"isoCountryCode":"CH","name":"SWITZERLAND"},"airline":{"id":6772495749,"iataCode":"191","name":"Air XXXXX X.X.X. XXX XXX XXXXX X.X.X."},"level":"card","card":{"id":677200000000002,"bsp":{"id":6772},"agent":{"id":67728121095,"iataCode":"8121095","name":"LE XXXX XXX XXXXX XX","bsp":{"id":6772},"active":true},"cardNumber":"490118XXXXXX0610","expiryDate":"09/22","issuerName":"KHADRAOUI TAHAR","paymentNetwork":"VI","cardType":"Consumer"},"type":"no","effectiveFrom":"2019-07-05","effectiveTo":"2020-02-20","status":"Inactive"},{"id":677200000000230,"bsp":{"id":6772,"isoCountryCode":"CH","name":"SWITZERLAND"},"airline":{"id":6772495749,"iataCode":"191","name":"Air XXXXX X.X.X. XXX XXX XXXXX X.X.X."},"level":"card","card":{"id":677200000000001,"bsp":{"id":6772},"agent":{"id":67728121095,"iataCode":"8121095","name":"LE XXXX XXX XXXXX XX","bsp":{"id":6772},"active":true},"cardNumber":"558265XXXXXX6029","expiryDate":"11/21","issuerName":"TAHAR KHADRAOUI AIR MARIN SUISSE","paymentNetwork":"CA","cardType":"Corporate","companyName":"AIR MARIN SUISSE"},"type":"no","effectiveFrom":"2019-07-05","effectiveTo":"2020-02-20","status":"Inactive"},{"id":677200000001276,"bsp":{"id":6772,"isoCountryCode":"CH","name":"SWITZERLAND"},"airline":{"id":6772495749,"iataCode":"191","name":"Air XXXXX X.X.X. XXX XXX XXXXX X.X.X."},"level":"card","card":{"id":677200000000004,"bsp":{"id":6772},"agent":{"id":67728120025,"iataCode":"8120025","name":"CWT","bsp":{"id":6772},"active":true},"cardNumber":"519396XXXXXX3485","expiryDate":"10/30","issuerName":"FAC","paymentNetwork":"CA","cardType":"Consumer"},"type":"no","effectiveFrom":"2021-03-04","effectiveTo":"2022-01-25","status":"Inactive"},{"id":677200000001611,"bsp":{"id":6772,"isoCountryCode":"CH","name":"SWITZERLAND"},"airline":{"id":6772495749,"iataCode":"191","name":"Air XXXXX X.X.X. XXX XXX XXXXX X.X.X."},"level":"card","card":{"id":677200000000006,"bsp":{"id":6772},"agent":{"id":67728120025,"iataCode":"8120025","name":"CWT","bsp":{"id":6772},"active":true},"cardNumber":"519123XXXXXX4011","expiryDate":"11/30","issuerName":"TRR","paymentNetwork":"CA","cardType":"Corporate","companyName":"provincia san anton"},"type":"no","effectiveFrom":"2022-01-25","effectiveTo":"2022-03-03","status":"Inactive"},{"id":677200000001452,"bsp":{"id":6772,"isoCountryCode":"CH","name":"SWITZERLAND"},"airline":{"id":6772495749,"iataCode":"191","name":"Air XXXXX X.X.X. XXX XXX XXXXX X.X.X."},"level":"card","card":{"id":677200000000005,"bsp":{"id":6772},"agent":{"id":67728120025,"iataCode":"8120025","name":"CWT","bsp":{"id":6772},"active":true},"cardNumber":"519123XXXXXX4011","expiryDate":"10/30","issuerName":"FAC","paymentNetwork":"CA","cardType":"Corporate","companyName":"provincia san anton"},"type":"no","effectiveFrom":"2022-01-25","effectiveTo":"2022-03-03","status":"Inactive"},{"id":677200000002365,"bsp":{"id":6772,"isoCountryCode":"CH","name":"SWITZERLAND"},"airline":{"id":6772495749,"iataCode":"191","name":"Air XXXXX X.X.X. XXX XXX XXXXX X.X.X."},"level":"card","card":{"id":677200000000011,"bsp":{"id":6772},"agent":{"id":67728120012,"iataCode":"8120012","name":"ATG XXXXXXXXXXX","bsp":{"id":6772},"active":true},"cardNumber":"376010XXXXX1003","expiryDate":"12/23","issuerName":"AX","paymentNetwork":"AX","cardType":"Consumer"},"type":"no","effectiveFrom":"2022-02-28","effectiveTo":"2022-03-03","status":"Inactive"},{"id":677200000002224,"bsp":{"id":6772,"isoCountryCode":"CH","name":"SWITZERLAND"},"airline":{"id":6772495749,"iataCode":"191","name":"Air XXXXX X.X.X. XXX XXX XXXXX X.X.X."},"level":"card","card":{"id":677200000000010,"bsp":{"id":6772},"agent":{"id":67728127904,"iataCode":"8127904","name":"VOYXXXXXXX","bsp":{"id":6772},"active":true},"cardNumber":"456480XXXXXX6349","expiryDate":"12/23","issuerName":"SDFDSFJDSFDSHJFDSSFDSFDSFDSFSDSFDFDSFDSFDSDSFSDFDS","paymentNetwork":"VI","cardType":"Consumer"},"type":"no","effectiveFrom":"2022-02-02","effectiveTo":"2022-03-03","status":"Inactive"},{"id":677200000002072,"bsp":{"id":6772,"isoCountryCode":"CH","name":"SWITZERLAND"},"airline":{"id":6772495749,"iataCode":"191","name":"Air XXXXX X.X.X. XXX XXX XXXXX X.X.X."},"level":"card","card":{"id":677200000000009,"bsp":{"id":6772},"agent":{"id":67728127904,"iataCode":"8127904","name":"VOYXXXXXXX","bsp":{"id":6772},"active":true},"cardNumber":"456480XXXXXX6349","expiryDate":"11/31","issuerName":"CARLOS","paymentNetwork":"VI","cardType":"Corporate","companyName":"Accelya"},"type":"no","effectiveFrom":"2022-02-02","effectiveTo":"2022-03-03","status":"Inactive"},{"id":677200000003720,"bsp":{"id":6772,"isoCountryCode":"CH","name":"SWITZERLAND"},"airline":{"id":6772495749,"iataCode":"191","name":"Air XXXXX X.X.X. XXX XXX XXXXX X.X.X."},"level":"card","card":{"id":677200000000011,"bsp":{"id":6772},"agent":{"id":67728120012,"iataCode":"8120012","name":"ATG XXXXXXXXXXX","bsp":{"id":6772},"active":true},"cardNumber":"376010XXXXX1003","expiryDate":"12/23","issuerName":"AX","paymentNetwork":"AX","cardType":"Consumer"},"type":"no","effectiveFrom":"2022-03-04","effectiveTo":"2022-05-05","status":"Inactive"},{"id":677200000003275,"bsp":{"id":6772,"isoCountryCode":"CH","name":"SWITZERLAND"},"airline":{"id":6772495749,"iataCode":"191","name":"Air XXXXX X.X.X. XXX XXX XXXXX X.X.X."},"level":"card","card":{"id":677200000000008,"bsp":{"id":6772},"agent":{"id":67728127904,"iataCode":"8127904","name":"VOYXXXXXXX","bsp":{"id":6772},"active":true},"cardNumber":"456480XXXXXX6349","expiryDate":"12/34","issuerName":"CARLOS","paymentNetwork":"VI","cardType":"Corporate","companyName":"Accelya"},"type":"no","effectiveFrom":"2022-03-04","effectiveTo":"2022-12-20","status":"Inactive"},{"id":677200000003123,"bsp":{"id":6772,"isoCountryCode":"CH","name":"SWITZERLAND"},"airline":{"id":6772495749,"iataCode":"191","name":"Air XXXXX X.X.X. XXX XXX XXXXX X.X.X."},"level":"card","card":{"id":677200000000007,"bsp":{"id":6772},"agent":{"id":67728127904,"iataCode":"8127904","name":"VOYXXXXXXX","bsp":{"id":6772},"active":true},"cardNumber":"456480XXXXXX6349","expiryDate":"10/31","issuerName":"PEPE","paymentNetwork":"VI","cardType":"Consumer"},"type":"no","effectiveFrom":"2022-03-04","effectiveTo":"2022-12-20","status":"Inactive"},{"id":677200000002967,"bsp":{"id":6772,"isoCountryCode":"CH","name":"SWITZERLAND"},"airline":{"id":6772495749,"iataCode":"191","name":"Air XXXXX X.X.X. XXX XXX XXXXX X.X.X."},"level":"card","card":{"id":677200000000006,"bsp":{"id":6772},"agent":{"id":67728120025,"iataCode":"8120025","name":"CWT","bsp":{"id":6772},"active":true},"cardNumber":"519123XXXXXX4011","expiryDate":"11/30","issuerName":"TRR","paymentNetwork":"CA","cardType":"Corporate","companyName":"provincia san anton"},"type":"no","effectiveFrom":"2022-03-04","effectiveTo":"2022-12-20","status":"Inactive"},{"id":677200000003579,"bsp":{"id":6772,"isoCountryCode":"CH","name":"SWITZERLAND"},"airline":{"id":6772495749,"iataCode":"191","name":"Air XXXXX X.X.X. XXX XXX XXXXX X.X.X."},"level":"card","card":{"id":677200000000010,"bsp":{"id":6772},"agent":{"id":67728127904,"iataCode":"8127904","name":"VOYXXXXXXX","bsp":{"id":6772},"active":true},"cardNumber":"456480XXXXXX6349","expiryDate":"12/23","issuerName":"SDFDSFJDSFDSHJFDSSFDSFDSFDSFSDSFDFDSFDSFDSDSFSDFDS","paymentNetwork":"VI","cardType":"Consumer"},"type":"no","effectiveFrom":"2022-03-04","effectiveTo":"2022-12-20","status":"Inactive"},{"id":677200000003427,"bsp":{"id":6772,"isoCountryCode":"CH","name":"SWITZERLAND"},"airline":{"id":6772495749,"iataCode":"191","name":"Air XXXXX X.X.X. XXX XXX XXXXX X.X.X."},"level":"card","card":{"id":677200000000009,"bsp":{"id":6772},"agent":{"id":67728127904,"iataCode":"8127904","name":"VOYXXXXXXX","bsp":{"id":6772},"active":true},"cardNumber":"456480XXXXXX6349","expiryDate":"11/31","issuerName":"CARLOS","paymentNetwork":"VI","cardType":"Corporate","companyName":"Accelya"},"type":"no","effectiveFrom":"2022-03-04","effectiveTo":"2022-12-20","status":"Inactive"},{"id":677200000002808,"bsp":{"id":6772,"isoCountryCode":"CH","name":"SWITZERLAND"},"airline":{"id":6772495749,"iataCode":"191","name":"Air XXXXX X.X.X. XXX XXX XXXXX X.X.X."},"level":"card","card":{"id":677200000000005,"bsp":{"id":6772},"agent":{"id":67728120025,"iataCode":"8120025","name":"CWT","bsp":{"id":6772},"active":true},"cardNumber":"519123XXXXXX4011","expiryDate":"10/30","issuerName":"FAC","paymentNetwork":"CA","cardType":"Corporate","companyName":"provincia san anton"},"type":"no","effectiveFrom":"2022-03-04","effectiveTo":"2022-12-20","status":"Inactive"},{"id":677200000002664,"bsp":{"id":6772,"isoCountryCode":"CH","name":"SWITZERLAND"},"airline":{"id":6772495749,"iataCode":"191","name":"Air XXXXX X.X.X. XXX XXX XXXXX X.X.X."},"level":"card","card":{"id":677200000000002,"bsp":{"id":6772},"agent":{"id":67728121095,"iataCode":"8121095","name":"LE XXXX XXX XXXXX XX","bsp":{"id":6772},"active":true},"cardNumber":"490118XXXXXX0610","expiryDate":"09/22","issuerName":"KHADRAOUI TAHAR","paymentNetwork":"VI","cardType":"Consumer"},"type":"no","effectiveFrom":"2022-03-04","effectiveTo":"2022-10-03","status":"Inactive"},{"id":677200000003839,"bsp":{"id":6772,"isoCountryCode":"CH","name":"SWITZERLAND"},"airline":{"id":6772495749,"iataCode":"191","name":"Air XXXXX X.X.X. XXX XXX XXXXX X.X.X."},"level":"card","card":{"id":677200000000012,"bsp":{"id":6772},"agent":{"id":67728120012,"iataCode":"8120012","name":"ATG XXXXXXXXXXX","bsp":{"id":6772},"active":true},"cardNumber":"376010XXXXX1003","expiryDate":"12/23","issuerName":"AX","paymentNetwork":"AX","cardType":"Corporate","companyName":"AX"},"type":"no","effectiveFrom":"2022-06-07","effectiveTo":"2022-12-20","status":"Inactive"},{"id":677200000003958,"bsp":{"id":6772,"isoCountryCode":"CH","name":"SWITZERLAND"},"airline":{"id":6772495749,"iataCode":"191","name":"Air XXXXX X.X.X. XXX XXX XXXXX X.X.X."},"level":"card","card":{"id":677200000000013,"bsp":{"id":6772},"agent":{"id":67728120012,"iataCode":"8120012","name":"ATG XXXXXXXXXXX","bsp":{"id":6772},"active":true},"cardNumber":"376010XXXXX1003","expiryDate":"12/23","issuerName":"AX","paymentNetwork":"AX","cardType":"Corporate","companyName":"AX"},"type":"no","effectiveFrom":"2022-06-07","effectiveTo":"2022-12-20","status":"Inactive"},{"id":677200000005750,"bsp":{"id":6772,"isoCountryCode":"CH","name":"SWITZERLAND"},"airline":{"id":6772495749,"iataCode":"191","name":"Air XXXXX X.X.X. XXX XXX XXXXX X.X.X."},"level":"card","card":{"id":677200000000012,"bsp":{"id":6772},"agent":{"id":67728120012,"iataCode":"8120012","name":"ATG XXXXXXXXXXX","bsp":{"id":6772},"active":true},"cardNumber":"376010XXXXX1003","expiryDate":"12/23","issuerName":"AX","paymentNetwork":"AX","cardType":"Corporate","companyName":"AX"},"type":"no","effectiveFrom":"2022-12-21","effectiveTo":"2022-12-22","status":"Inactive"},{"id":677200000005609,"bsp":{"id":6772,"isoCountryCode":"CH","name":"SWITZERLAND"},"airline":{"id":6772495749,"iataCode":"191","name":"Air XXXXX X.X.X. XXX XXX XXXXX X.X.X."},"level":"card","card":{"id":677200000000010,"bsp":{"id":6772},"agent":{"id":67728127904,"iataCode":"8127904","name":"VOYXXXXXXX","bsp":{"id":6772},"active":true},"cardNumber":"456480XXXXXX6349","expiryDate":"12/23","issuerName":"SDFDSFJDSFDSHJFDSSFDSFDSFDSFSDSFDFDSFDSFDSDSFSDFDS","paymentNetwork":"VI","cardType":"Consumer"},"type":"no","effectiveFrom":"2022-12-21","effectiveTo":"2022-12-22","status":"Inactive"},{"id":677200000006226,"bsp":{"id":6772,"isoCountryCode":"CH","name":"SWITZERLAND"},"airline":{"id":6772495749,"iataCode":"191","name":"Air XXXXX X.X.X. XXX XXX XXXXX X.X.X."},"level":"card","card":{"id":677200000000020,"bsp":{"id":6772},"agent":{"id":67728120012,"iataCode":"8120012","name":"ATG XXXXXXXXXXX","bsp":{"id":6772},"active":true},"cardNumber":"519396XXXXXX3484","expiryDate":"07/23","issuerName":"NEWFIVE","paymentNetwork":"CA","cardType":"Consumer"},"type":"no","effectiveFrom":"2022-12-21","effectiveTo":"2022-12-22","status":"Inactive"},{"id":677200000006107,"bsp":{"id":6772,"isoCountryCode":"CH","name":"SWITZERLAND"},"airline":{"id":6772495749,"iataCode":"191","name":"Air XXXXX X.X.X. XXX XXX XXXXX X.X.X."},"level":"card","card":{"id":677200000000015,"bsp":{"id":6772},"agent":{"id":67728120012,"iataCode":"8120012","name":"ATG XXXXXXXXXXX","bsp":{"id":6772},"active":true},"cardNumber":"519396XXXXXX3484","expiryDate":"08/23","issuerName":"CA","paymentNetwork":"CA","cardType":"Consumer"},"type":"no","effectiveFrom":"2022-12-21","effectiveTo":"2022-12-22","status":"Inactive"},{"id":677200000005305,"bsp":{"id":6772,"isoCountryCode":"CH","name":"SWITZERLAND"},"airline":{"id":6772495749,"iataCode":"191","name":"Air XXXXX X.X.X. XXX XXX XXXXX X.X.X."},"level":"card","card":{"id":677200000000008,"bsp":{"id":6772},"agent":{"id":67728127904,"iataCode":"8127904","name":"VOYXXXXXXX","bsp":{"id":6772},"active":true},"cardNumber":"456480XXXXXX6349","expiryDate":"12/34","issuerName":"CARLOS","paymentNetwork":"VI","cardType":"Corporate","companyName":"Accelya"},"type":"no","effectiveFrom":"2022-12-21","effectiveTo":"2022-12-22","status":"Inactive"},{"id":677200000005457,"bsp":{"id":6772,"isoCountryCode":"CH","name":"SWITZERLAND"},"airline":{"id":6772495749,"iataCode":"191","name":"Air XXXXX X.X.X. XXX XXX XXXXX X.X.X."},"level":"card","card":{"id":677200000000009,"bsp":{"id":6772},"agent":{"id":67728127904,"iataCode":"8127904","name":"VOYXXXXXXX","bsp":{"id":6772},"active":true},"cardNumber":"456480XXXXXX6349","expiryDate":"11/31","issuerName":"CARLOS","paymentNetwork":"VI","cardType":"Corporate","companyName":"Accelya"},"type":"no","effectiveFrom":"2022-12-21","effectiveTo":"2022-12-22","status":"Inactive"},{"id":677200000005869,"bsp":{"id":6772,"isoCountryCode":"CH","name":"SWITZERLAND"},"airline":{"id":6772495749,"iataCode":"191","name":"Air XXXXX X.X.X. XXX XXX XXXXX X.X.X."},"level":"card","card":{"id":677200000000013,"bsp":{"id":6772},"agent":{"id":67728120012,"iataCode":"8120012","name":"ATG XXXXXXXXXXX","bsp":{"id":6772},"active":true},"cardNumber":"376010XXXXX1003","expiryDate":"12/23","issuerName":"AX","paymentNetwork":"AX","cardType":"Corporate","companyName":"AX"},"type":"no","effectiveFrom":"2022-12-21","effectiveTo":"2022-12-22","status":"Inactive"},{"id":677200000005988,"bsp":{"id":6772,"isoCountryCode":"CH","name":"SWITZERLAND"},"airline":{"id":6772495749,"iataCode":"191","name":"Air XXXXX X.X.X. XXX XXX XXXXX X.X.X."},"level":"card","card":{"id":677200000000014,"bsp":{"id":6772},"agent":{"id":67728120012,"iataCode":"8120012","name":"ATG XXXXXXXXXXX","bsp":{"id":6772},"active":true},"cardNumber":"456480XXXXXX6349","expiryDate":"11/24","issuerName":"VI","paymentNetwork":"VI","cardType":"Consumer"},"type":"no","effectiveFrom":"2022-12-21","effectiveTo":"2022-12-22","status":"Inactive"},{"id":677200000006345,"bsp":{"id":6772,"isoCountryCode":"CH","name":"SWITZERLAND"},"airline":{"id":6772495749,"iataCode":"191","name":"Air XXXXX X.X.X. XXX XXX XXXXX X.X.X."},"level":"card","card":{"id":677200000000021,"bsp":{"id":6772},"agent":{"id":67728120012,"iataCode":"8120012","name":"ATG XXXXXXXXXXX","bsp":{"id":6772},"active":true},"cardNumber":"519396XXXXXX3484","expiryDate":"06/27","issuerName":"NEWSIX - CHECK NOTIFICATION","paymentNetwork":"CA","cardType":"Consumer"},"type":"no","effectiveFrom":"2022-12-21","effectiveTo":"2022-12-22","status":"Inactive"}]}

09-10-2024T20:53:05 - [MESSAGE][FAILED] - {"pageNumber":0,"pageSize":100,"total":45,"records":[{"id":677200000006483,"bsp":{"id":6772,"isoCountryCode":"CH","name":"SWITZERLAND"},"airline":{"id":6772495749,"iataCode":"191","name":"Air XXXXX X.X.X. XXX XXX XXXXX X.X.X."},"level":"country","type":"no","effectiveFrom":"2023-03-15","status":"Active"},{"id":677200000000067,"bsp":{"id":6772,"isoCountryCode":"CH","name":"SWITZERLAND"},"airline":{"id":6772495749,"iataCode":"191","name":"Air XXXXX X.X.X. XXX XXX XXXXX X.X.X."},"level":"country","type":"no","effectiveFrom":"2019-07-01","effectiveTo":"2020-02-20","status":"Inactive"},{"id":677200000004665,"bsp":{"id":6772,"isoCountryCode":"CH","name":"SWITZERLAND"},"airline":{"id":6772495749,"iataCode":"191","name":"Air XXXXX X.X.X. XXX XXX XXXXX X.X.X."},"level":"country","type":"no","effectiveFrom":"2022-12-21","effectiveTo":"2022-12-22","status":"Inactive"},{"id":677200000000704,"bsp":{"id":6772,"isoCountryCode":"CH","name":"SWITZERLAND"},"airline":{"id":6772495749,"iataCode":"191","name":"Air XXXXX X.X.X. XXX XXX XXXXX X.X.X."},"level":"country","type":"no","effectiveFrom":"2021-02-05","effectiveTo":"2022-03-03","status":"Inactive"},{"id":677200000002503,"bsp":{"id":6772,"isoCountryCode":"CH","name":"SWITZERLAND"},"airline":{"id":6772495749,"iataCode":"191","name":"Air XXXXX X.X.X. XXX XXX XXXXX X.X.X."},"level":"country","type":"no","effectiveFrom":"2022-03-04","effectiveTo":"2022-12-20","status":"Inactive"},{"id":677200000000997,"bsp":{"id":6772,"isoCountryCode":"CH","name":"SWITZERLAND"},"airline":{"id":6772495749,"iataCode":"191","name":"Air XXXXX X.X.X. XXX XXX XXXXX X.X.X."},"level":"card","card":{"id":677200000000002,"bsp":{"id":6772},"agent":{"id":67728121095,"iataCode":"8121095","name":"LE XXXX XXX XXXXX XX","bsp":{"id":6772},"active":true},"cardNumber":"490118XXXXXX0610","expiryDate":"09/22","issuerName":"KHADRAOUI TAHAR","paymentNetwork":"VI","cardType":"Consumer"},"type":"no","effectiveFrom":"2021-02-05","effectiveTo":"2022-03-03","status":"Inactive"},{"id":677200000001768,"bsp":{"id":6772,"isoCountryCode":"CH","name":"SWITZERLAND"},"airline":{"id":6772495749,"iataCode":"191","name":"Air XXXXX X.X.X. XXX XXX XXXXX X.X.X."},"level":"card","card":{"id":677200000000007,"bsp":{"id":6772},"agent":{"id":67728127904,"iataCode":"8127904","name":"VOYXXXXXXX","bsp":{"id":6772},"active":true},"cardNumber":"456480XXXXXX6349","expiryDate":"10/31","issuerName":"PEPE","paymentNetwork":"VI","cardType":"Consumer"},"type":"no","effectiveFrom":"2022-02-02","effectiveTo":"2022-03-03","status":"Inactive"},{"id":677200000001920,"bsp":{"id":6772,"isoCountryCode":"CH","name":"SWITZERLAND"},"airline":{"id":6772495749,"iataCode":"191","name":"Air XXXXX X.X.X. XXX XXX XXXXX X.X.X."},"level":"card","card":{"id":677200000000008,"bsp":{"id":6772},"agent":{"id":67728127904,"iataCode":"8127904","name":"VOYXXXXXXX","bsp":{"id":6772},"active":true},"cardNumber":"456480XXXXXX6349","expiryDate":"12/34","issuerName":"CARLOS","paymentNetwork":"VI","cardType":"Corporate","companyName":"Accelya"},"type":"no","effectiveFrom":"2022-02-02","effectiveTo":"2022-03-03","status":"Inactive"},{"id":677200000004838,"bsp":{"id":6772,"isoCountryCode":"CH","name":"SWITZERLAND"},"airline":{"id":6772495749,"iataCode":"191","name":"Air XXXXX X.X.X. XXX XXX XXXXX X.X.X."},"level":"card","card":{"id":677200000000005,"bsp":{"id":6772},"agent":{"id":67728120025,"iataCode":"8120025","name":"CWT","bsp":{"id":6772},"active":true},"cardNumber":"519123XXXXXX4011","expiryDate":"10/30","issuerName":"FAC","paymentNetwork":"CA","cardType":"Corporate","companyName":"provincia san anton"},"type":"no","effectiveFrom":"2022-12-21","effectiveTo":"2022-12-22","status":"Inactive"},{"id":677200000004997,"bsp":{"id":6772,"isoCountryCode":"CH","name":"SWITZERLAND"},"airline":{"id":6772495749,"iataCode":"191","name":"Air XXXXX X.X.X. XXX XXX XXXXX X.X.X."},"level":"card","card":{"id":677200000000006,"bsp":{"id":6772},"agent":{"id":67728120025,"iataCode":"8120025","name":"CWT","bsp":{"id":6772},"active":true},"cardNumber":"519123XXXXXX4011","expiryDate":"11/30","issuerName":"TRR","paymentNetwork":"CA","cardType":"Corporate","companyName":"provincia san anton"},"type":"no","effectiveFrom":"2022-12-21","effectiveTo":"2022-12-22","status":"Inactive"},{"id":677200000004526,"bsp":{"id":6772,"isoCountryCode":"CH","name":"SWITZERLAND"},"airline":{"id":6772495749,"iataCode":"191","name":"Air XXXXX X.X.X. XXX XXX XXXXX X.X.X."},"level":"card","card":{"id":677200000000021,"bsp":{"id":6772},"agent":{"id":67728120012,"iataCode":"8120012","name":"ATG XXXXXXXXXXX","bsp":{"id":6772},"active":true},"cardNumber":"519396XXXXXX3484","expiryDate":"06/27","issuerName":"NEWSIX - CHECK NOTIFICATION","paymentNetwork":"CA","cardType":"Consumer"},"type":"no","effectiveFrom":"2022-10-13","effectiveTo":"2022-12-20","status":"Inactive"},{"id":677200000004407,"bsp":{"id":6772,"isoCountryCode":"CH","name":"SWITZERLAND"},"airline":{"id":6772495749,"iataCode":"191","name":"Air XXXXX X.X.X. XXX XXX XXXXX X.X.X."},"level":"card","card":{"id":677200000000020,"bsp":{"id":6772},"agent":{"id":67728120012,"iataCode":"8120012","name":"ATG XXXXXXXXXXX","bsp":{"id":6772},"active":true},"cardNumber":"519396XXXXXX3484","expiryDate":"07/23","issuerName":"NEWFIVE","paymentNetwork":"CA","cardType":"Consumer"},"type":"no","effectiveFrom":"2022-10-13","effectiveTo":"2022-12-20","status":"Inactive"},{"id":677200000005153,"bsp":{"id":6772,"isoCountryCode":"CH","name":"SWITZERLAND"},"airline":{"id":6772495749,"iataCode":"191","name":"Air XXXXX X.X.X. XXX XXX XXXXX X.X.X."},"level":"card","card":{"id":677200000000007,"bsp":{"id":6772},"agent":{"id":67728127904,"iataCode":"8127904","name":"VOYXXXXXXX","bsp":{"id":6772},"active":true},"cardNumber":"456480XXXXXX6349","expiryDate":"10/31","issuerName":"PEPE","paymentNetwork":"VI","cardType":"Consumer"},"type":"no","effectiveFrom":"2022-12-21","effectiveTo":"2022-12-22","status":"Inactive"},{"id":677200000004196,"bsp":{"id":6772,"isoCountryCode":"CH","name":"SWITZERLAND"},"airline":{"id":6772495749,"iataCode":"191","name":"Air XXXXX X.X.X. XXX XXX XXXXX X.X.X."},"level":"card","card":{"id":677200000000015,"bsp":{"id":6772},"agent":{"id":67728120012,"iataCode":"8120012","name":"ATG XXXXXXXXXXX","bsp":{"id":6772},"active":true},"cardNumber":"519396XXXXXX3484","expiryDate":"08/23","issuerName":"CA","paymentNetwork":"CA","cardType":"Consumer"},"type":"no","effectiveFrom":"2022-06-07","effectiveTo":"2022-12-20","status":"Inactive"},{"id":677200000004077,"bsp":{"id":6772,"isoCountryCode":"CH","name":"SWITZERLAND"},"airline":{"id":6772495749,"iataCode":"191","name":"Air XXXXX X.X.X. XXX XXX XXXXX X.X.X."},"level":"card","card":{"id":677200000000014,"bsp":{"id":6772},"agent":{"id":67728120012,"iataCode":"8120012","name":"ATG XXXXXXXXXXX","bsp":{"id":6772},"active":true},"cardNumber":"456480XXXXXX6349","expiryDate":"11/24","issuerName":"VI","paymentNetwork":"VI","cardType":"Consumer"},"type":"no","effectiveFrom":"2022-06-07","effectiveTo":"2022-12-20","status":"Inactive"},{"id":677200000001131,"bsp":{"id":6772,"isoCountryCode":"CH","name":"SWITZERLAND"},"airline":{"id":6772495749,"iataCode":"191","name":"Air XXXXX X.X.X. XXX XXX XXXXX X.X.X."},"level":"card","card":{"id":677200000000003,"bsp":{"id":6772},"agent":{"id":67728121095,"iataCode":"8121095","name":"LE XXXX XXX XXXXX XX","bsp":{"id":6772},"active":true},"cardNumber":"485753XXXXXX3403","expiryDate":"05/21","issuerName":"KHADRAOUI TAHAR LE MUST AIR MARIN SA","paymentNetwork":"VI","cardType":"Corporate","companyName":"LE MUST AIR MARIN SA"},"type":"no","effectiveFrom":"2021-02-05","effectiveTo":"2021-06-01","status":"Inactive"},{"id":677200000000863,"bsp":{"id":6772,"isoCountryCode":"CH","name":"SWITZERLAND"},"airline":{"id":6772495749,"iataCode":"191","name":"Air XXXXX X.X.X. XXX XXX XXXXX X.X.X."},"level":"card","card":{"id":677200000000001,"bsp":{"id":6772},"agent":{"id":67728121095,"iataCode":"8121095","name":"LE XXXX XXX XXXXX XX","bsp":{"id":6772},"active":true},"cardNumber":"558265XXXXXX6029","expiryDate":"11/21","issuerName":"TAHAR KHADRAOUI AIR MARIN SUISSE","paymentNetwork":"CA","cardType":"Corporate","companyName":"AIR MARIN SUISSE"},"type":"no","effectiveFrom":"2021-02-05","effectiveTo":"2021-12-01","status":"Inactive"},{"id":677200000000526,"bsp":{"id":6772,"isoCountryCode":"CH","name":"SWITZERLAND"},"airline":{"id":6772495749,"iataCode":"191","name":"Air XXXXX X.X.X. XXX XXX XXXXX X.X.X."},"level":"card","card":{"id":677200000000003,"bsp":{"id":6772},"agent":{"id":67728121095,"iataCode":"8121095","name":"LE XXXX XXX XXXXX XX","bsp":{"id":6772},"active":true},"cardNumber":"485753XXXXXX3403","expiryDate":"05/21","issuerName":"KHADRAOUI TAHAR LE MUST AIR MARIN SA","paymentNetwork":"VI","cardType":"Corporate","companyName":"LE MUST AIR MARIN SA"},"type":"no","effectiveFrom":"2019-07-05","effectiveTo":"2020-02-20","status":"Inactive"},{"id":677200000000378,"bsp":{"id":6772,"isoCountryCode":"CH","name":"SWITZERLAND"},"airline":{"id":6772495749,"iataCode":"191","name":"Air XXXXX X.X.X. XXX XXX XXXXX X.X.X."},"level":"card","card":{"id":677200000000002,"bsp":{"id":6772},"agent":{"id":67728121095,"iataCode":"8121095","name":"LE XXXX XXX XXXXX XX","bsp":{"id":6772},"active":true},"cardNumber":"490118XXXXXX0610","expiryDate":"09/22","issuerName":"KHADRAOUI TAHAR","paymentNetwork":"VI","cardType":"Consumer"},"type":"no","effectiveFrom":"2019-07-05","effectiveTo":"2020-02-20","status":"Inactive"},{"id":677200000000230,"bsp":{"id":6772,"isoCountryCode":"CH","name":"SWITZERLAND"},"airline":{"id":6772495749,"iataCode":"191","name":"Air XXXXX X.X.X. XXX XXX XXXXX X.X.X."},"level":"card","card":{"id":677200000000001,"bsp":{"id":6772},"agent":{"id":67728121095,"iataCode":"8121095","name":"LE XXXX XXX XXXXX XX","bsp":{"id":6772},"active":true},"cardNumber":"558265XXXXXX6029","expiryDate":"11/21","issuerName":"TAHAR KHADRAOUI AIR MARIN SUISSE","paymentNetwork":"CA","cardType":"Corporate","companyName":"AIR MARIN SUISSE"},"type":"no","effectiveFrom":"2019-07-05","effectiveTo":"2020-02-20","status":"Inactive"},{"id":677200000001276,"bsp":{"id":6772,"isoCountryCode":"CH","name":"SWITZERLAND"},"airline":{"id":6772495749,"iataCode":"191","name":"Air XXXXX X.X.X. XXX XXX XXXXX X.X.X."},"level":"card","card":{"id":677200000000004,"bsp":{"id":6772},"agent":{"id":67728120025,"iataCode":"8120025","name":"CWT","bsp":{"id":6772},"active":true},"cardNumber":"519396XXXXXX3485","expiryDate":"10/30","issuerName":"FAC","paymentNetwork":"CA","cardType":"Consumer"},"type":"no","effectiveFrom":"2021-03-04","effectiveTo":"2022-01-25","status":"Inactive"},{"id":677200000001611,"bsp":{"id":6772,"isoCountryCode":"CH","name":"SWITZERLAND"},"airline":{"id":6772495749,"iataCode":"191","name":"Air XXXXX X.X.X. XXX XXX XXXXX X.X.X."},"level":"card","card":{"id":677200000000006,"bsp":{"id":6772},"agent":{"id":67728120025,"iataCode":"8120025","name":"CWT","bsp":{"id":6772},"active":true},"cardNumber":"519123XXXXXX4011","expiryDate":"11/30","issuerName":"TRR","paymentNetwork":"CA","cardType":"Corporate","companyName":"provincia san anton"},"type":"no","effectiveFrom":"2022-01-25","effectiveTo":"2022-03-03","status":"Inactive"},{"id":677200000001452,"bsp":{"id":6772,"isoCountryCode":"CH","name":"SWITZERLAND"},"airline":{"id":6772495749,"iataCode":"191","name":"Air XXXXX X.X.X. XXX XXX XXXXX X.X.X."},"level":"card","card":{"id":677200000000005,"bsp":{"id":6772},"agent":{"id":67728120025,"iataCode":"8120025","name":"CWT","bsp":{"id":6772},"active":true},"cardNumber":"519123XXXXXX4011","expiryDate":"10/30","issuerName":"FAC","paymentNetwork":"CA","cardType":"Corporate","companyName":"provincia san anton"},"type":"no","effectiveFrom":"2022-01-25","effectiveTo":"2022-03-03","status":"Inactive"},{"id":677200000002365,"bsp":{"id":6772,"isoCountryCode":"CH","name":"SWITZERLAND"},"airline":{"id":6772495749,"iataCode":"191","name":"Air XXXXX X.X.X. XXX XXX XXXXX X.X.X."},"level":"card","card":{"id":677200000000011,"bsp":{"id":6772},"agent":{"id":67728120012,"iataCode":"8120012","name":"ATG XXXXXXXXXXX","bsp":{"id":6772},"active":true},"cardNumber":"376010XXXXX1003","expiryDate":"12/23","issuerName":"AX","paymentNetwork":"AX","cardType":"Consumer"},"type":"no","effectiveFrom":"2022-02-28","effectiveTo":"2022-03-03","status":"Inactive"},{"id":677200000002224,"bsp":{"id":6772,"isoCountryCode":"CH","name":"SWITZERLAND"},"airline":{"id":6772495749,"iataCode":"191","name":"Air XXXXX X.X.X. XXX XXX XXXXX X.X.X."},"level":"card","card":{"id":677200000000010,"bsp":{"id":6772},"agent":{"id":67728127904,"iataCode":"8127904","name":"VOYXXXXXXX","bsp":{"id":6772},"active":true},"cardNumber":"456480XXXXXX6349","expiryDate":"12/23","issuerName":"SDFDSFJDSFDSHJFDSSFDSFDSFDSFSDSFDFDSFDSFDSDSFSDFDS","paymentNetwork":"VI","cardType":"Consumer"},"type":"no","effectiveFrom":"2022-02-02","effectiveTo":"2022-03-03","status":"Inactive"},{"id":677200000002072,"bsp":{"id":6772,"isoCountryCode":"CH","name":"SWITZERLAND"},"airline":{"id":6772495749,"iataCode":"191","name":"Air XXXXX X.X.X. XXX XXX XXXXX X.X.X."},"level":"card","card":{"id":677200000000009,"bsp":{"id":6772},"agent":{"id":67728127904,"iataCode":"8127904","name":"VOYXXXXXXX","bsp":{"id":6772},"active":true},"cardNumber":"456480XXXXXX6349","expiryDate":"11/31","issuerName":"CARLOS","paymentNetwork":"VI","cardType":"Corporate","companyName":"Accelya"},"type":"no","effectiveFrom":"2022-02-02","effectiveTo":"2022-03-03","status":"Inactive"},{"id":677200000003720,"bsp":{"id":6772,"isoCountryCode":"CH","name":"SWITZERLAND"},"airline":{"id":6772495749,"iataCode":"191","name":"Air XXXXX X.X.X. XXX XXX XXXXX X.X.X."},"level":"card","card":{"id":677200000000011,"bsp":{"id":6772},"agent":{"id":67728120012,"iataCode":"8120012","name":"ATG XXXXXXXXXXX","bsp":{"id":6772},"active":true},"cardNumber":"376010XXXXX1003","expiryDate":"12/23","issuerName":"AX","paymentNetwork":"AX","cardType":"Consumer"},"type":"no","effectiveFrom":"2022-03-04","effectiveTo":"2022-05-05","status":"Inactive"},{"id":677200000003275,"bsp":{"id":6772,"isoCountryCode":"CH","name":"SWITZERLAND"},"airline":{"id":6772495749,"iataCode":"191","name":"Air XXXXX X.X.X. XXX XXX XXXXX X.X.X."},"level":"card","card":{"id":677200000000008,"bsp":{"id":6772},"agent":{"id":67728127904,"iataCode":"8127904","name":"VOYXXXXXXX","bsp":{"id":6772},"active":true},"cardNumber":"456480XXXXXX6349","expiryDate":"12/34","issuerName":"CARLOS","paymentNetwork":"VI","cardType":"Corporate","companyName":"Accelya"},"type":"no","effectiveFrom":"2022-03-04","effectiveTo":"2022-12-20","status":"Inactive"},{"id":677200000003123,"bsp":{"id":6772,"isoCountryCode":"CH","name":"SWITZERLAND"},"airline":{"id":6772495749,"iataCode":"191","name":"Air XXXXX X.X.X. XXX XXX XXXXX X.X.X."},"level":"card","card":{"id":677200000000007,"bsp":{"id":6772},"agent":{"id":67728127904,"iataCode":"8127904","name":"VOYXXXXXXX","bsp":{"id":6772},"active":true},"cardNumber":"456480XXXXXX6349","expiryDate":"10/31","issuerName":"PEPE","paymentNetwork":"VI","cardType":"Consumer"},"type":"no","effectiveFrom":"2022-03-04","effectiveTo":"2022-12-20","status":"Inactive"},{"id":677200000002967,"bsp":{"id":6772,"isoCountryCode":"CH","name":"SWITZERLAND"},"airline":{"id":6772495749,"iataCode":"191","name":"Air XXXXX X.X.X. XXX XXX XXXXX X.X.X."},"level":"card","card":{"id":677200000000006,"bsp":{"id":6772},"agent":{"id":67728120025,"iataCode":"8120025","name":"CWT","bsp":{"id":6772},"active":true},"cardNumber":"519123XXXXXX4011","expiryDate":"11/30","issuerName":"TRR","paymentNetwork":"CA","cardType":"Corporate","companyName":"provincia san anton"},"type":"no","effectiveFrom":"2022-03-04","effectiveTo":"2022-12-20","status":"Inactive"},{"id":677200000003579,"bsp":{"id":6772,"isoCountryCode":"CH","name":"SWITZERLAND"},"airline":{"id":6772495749,"iataCode":"191","name":"Air XXXXX X.X.X. XXX XXX XXXXX X.X.X."},"level":"card","card":{"id":677200000000010,"bsp":{"id":6772},"agent":{"id":67728127904,"iataCode":"8127904","name":"VOYXXXXXXX","bsp":{"id":6772},"active":true},"cardNumber":"456480XXXXXX6349","expiryDate":"12/23","issuerName":"SDFDSFJDSFDSHJFDSSFDSFDSFDSFSDSFDFDSFDSFDSDSFSDFDS","paymentNetwork":"VI","cardType":"Consumer"},"type":"no","effectiveFrom":"2022-03-04","effectiveTo":"2022-12-20","status":"Inactive"},{"id":677200000003427,"bsp":{"id":6772,"isoCountryCode":"CH","name":"SWITZERLAND"},"airline":{"id":6772495749,"iataCode":"191","name":"Air XXXXX X.X.X. XXX XXX XXXXX X.X.X."},"level":"card","card":{"id":677200000000009,"bsp":{"id":6772},"agent":{"id":67728127904,"iataCode":"8127904","name":"VOYXXXXXXX","bsp":{"id":6772},"active":true},"cardNumber":"456480XXXXXX6349","expiryDate":"11/31","issuerName":"CARLOS","paymentNetwork":"VI","cardType":"Corporate","companyName":"Accelya"},"type":"no","effectiveFrom":"2022-03-04","effectiveTo":"2022-12-20","status":"Inactive"},{"id":677200000002808,"bsp":{"id":6772,"isoCountryCode":"CH","name":"SWITZERLAND"},"airline":{"id":6772495749,"iataCode":"191","name":"Air XXXXX X.X.X. XXX XXX XXXXX X.X.X."},"level":"card","card":{"id":677200000000005,"bsp":{"id":6772},"agent":{"id":67728120025,"iataCode":"8120025","name":"CWT","bsp":{"id":6772},"active":true},"cardNumber":"519123XXXXXX4011","expiryDate":"10/30","issuerName":"FAC","paymentNetwork":"CA","cardType":"Corporate","companyName":"provincia san anton"},"type":"no","effectiveFrom":"2022-03-04","effectiveTo":"2022-12-20","status":"Inactive"},{"id":677200000002664,"bsp":{"id":6772,"isoCountryCode":"CH","name":"SWITZERLAND"},"airline":{"id":6772495749,"iataCode":"191","name":"Air XXXXX X.X.X. XXX XXX XXXXX X.X.X."},"level":"card","card":{"id":677200000000002,"bsp":{"id":6772},"agent":{"id":67728121095,"iataCode":"8121095","name":"LE XXXX XXX XXXXX XX","bsp":{"id":6772},"active":true},"cardNumber":"490118XXXXXX0610","expiryDate":"09/22","issuerName":"KHADRAOUI TAHAR","paymentNetwork":"VI","cardType":"Consumer"},"type":"no","effectiveFrom":"2022-03-04","effectiveTo":"2022-10-03","status":"Inactive"},{"id":677200000003839,"bsp":{"id":6772,"isoCountryCode":"CH","name":"SWITZERLAND"},"airline":{"id":6772495749,"iataCode":"191","name":"Air XXXXX X.X.X. XXX XXX XXXXX X.X.X."},"level":"card","card":{"id":677200000000012,"bsp":{"id":6772},"agent":{"id":67728120012,"iataCode":"8120012","name":"ATG XXXXXXXXXXX","bsp":{"id":6772},"active":true},"cardNumber":"376010XXXXX1003","expiryDate":"12/23","issuerName":"AX","paymentNetwork":"AX","cardType":"Corporate","companyName":"AX"},"type":"no","effectiveFrom":"2022-06-07","effectiveTo":"2022-12-20","status":"Inactive"},{"id":677200000003958,"bsp":{"id":6772,"isoCountryCode":"CH","name":"SWITZERLAND"},"airline":{"id":6772495749,"iataCode":"191","name":"Air XXXXX X.X.X. XXX XXX XXXXX X.X.X."},"level":"card","card":{"id":677200000000013,"bsp":{"id":6772},"agent":{"id":67728120012,"iataCode":"8120012","name":"ATG XXXXXXXXXXX","bsp":{"id":6772},"active":true},"cardNumber":"376010XXXXX1003","expiryDate":"12/23","issuerName":"AX","paymentNetwork":"AX","cardType":"Corporate","companyName":"AX"},"type":"no","effectiveFrom":"2022-06-07","effectiveTo":"2022-12-20","status":"Inactive"},{"id":677200000005750,"bsp":{"id":6772,"isoCountryCode":"CH","name":"SWITZERLAND"},"airline":{"id":6772495749,"iataCode":"191","name":"Air XXXXX X.X.X. XXX XXX XXXXX X.X.X."},"level":"card","card":{"id":677200000000012,"bsp":{"id":6772},"agent":{"id":67728120012,"iataCode":"8120012","name":"ATG XXXXXXXXXXX","bsp":{"id":6772},"active":true},"cardNumber":"376010XXXXX1003","expiryDate":"12/23","issuerName":"AX","paymentNetwork":"AX","cardType":"Corporate","companyName":"AX"},"type":"no","effectiveFrom":"2022-12-21","effectiveTo":"2022-12-22","status":"Inactive"},{"id":677200000005609,"bsp":{"id":6772,"isoCountryCode":"CH","name":"SWITZERLAND"},"airline":{"id":6772495749,"iataCode":"191","name":"Air XXXXX X.X.X. XXX XXX XXXXX X.X.X."},"level":"card","card":{"id":677200000000010,"bsp":{"id":6772},"agent":{"id":67728127904,"iataCode":"8127904","name":"VOYXXXXXXX","bsp":{"id":6772},"active":true},"cardNumber":"456480XXXXXX6349","expiryDate":"12/23","issuerName":"SDFDSFJDSFDSHJFDSSFDSFDSFDSFSDSFDFDSFDSFDSDSFSDFDS","paymentNetwork":"VI","cardType":"Consumer"},"type":"no","effectiveFrom":"2022-12-21","effectiveTo":"2022-12-22","status":"Inactive"},{"id":677200000006226,"bsp":{"id":6772,"isoCountryCode":"CH","name":"SWITZERLAND"},"airline":{"id":6772495749,"iataCode":"191","name":"Air XXXXX X.X.X. XXX XXX XXXXX X.X.X."},"level":"card","card":{"id":677200000000020,"bsp":{"id":6772},"agent":{"id":67728120012,"iataCode":"8120012","name":"ATG XXXXXXXXXXX","bsp":{"id":6772},"active":true},"cardNumber":"519396XXXXXX3484","expiryDate":"07/23","issuerName":"NEWFIVE","paymentNetwork":"CA","cardType":"Consumer"},"type":"no","effectiveFrom":"2022-12-21","effectiveTo":"2022-12-22","status":"Inactive"},{"id":677200000006107,"bsp":{"id":6772,"isoCountryCode":"CH","name":"SWITZERLAND"},"airline":{"id":6772495749,"iataCode":"191","name":"Air XXXXX X.X.X. XXX XXX XXXXX X.X.X."},"level":"card","card":{"id":677200000000015,"bsp":{"id":6772},"agent":{"id":67728120012,"iataCode":"8120012","name":"ATG XXXXXXXXXXX","bsp":{"id":6772},"active":true},"cardNumber":"519396XXXXXX3484","expiryDate":"08/23","issuerName":"CA","paymentNetwork":"CA","cardType":"Consumer"},"type":"no","effectiveFrom":"2022-12-21","effectiveTo":"2022-12-22","status":"Inactive"},{"id":677200000005305,"bsp":{"id":6772,"isoCountryCode":"CH","name":"SWITZERLAND"},"airline":{"id":6772495749,"iataCode":"191","name":"Air XXXXX X.X.X. XXX XXX XXXXX X.X.X."},"level":"card","card":{"id":677200000000008,"bsp":{"id":6772},"agent":{"id":67728127904,"iataCode":"8127904","name":"VOYXXXXXXX","bsp":{"id":6772},"active":true},"cardNumber":"456480XXXXXX6349","expiryDate":"12/34","issuerName":"CARLOS","paymentNetwork":"VI","cardType":"Corporate","companyName":"Accelya"},"type":"no","effectiveFrom":"2022-12-21","effectiveTo":"2022-12-22","status":"Inactive"},{"id":677200000005457,"bsp":{"id":6772,"isoCountryCode":"CH","name":"SWITZERLAND"},"airline":{"id":6772495749,"iataCode":"191","name":"Air XXXXX X.X.X. XXX XXX XXXXX X.X.X."},"level":"card","card":{"id":677200000000009,"bsp":{"id":6772},"agent":{"id":67728127904,"iataCode":"8127904","name":"VOYXXXXXXX","bsp":{"id":6772},"active":true},"cardNumber":"456480XXXXXX6349","expiryDate":"11/31","issuerName":"CARLOS","paymentNetwork":"VI","cardType":"Corporate","companyName":"Accelya"},"type":"no","effectiveFrom":"2022-12-21","effectiveTo":"2022-12-22","status":"Inactive"},{"id":677200000005869,"bsp":{"id":6772,"isoCountryCode":"CH","name":"SWITZERLAND"},"airline":{"id":6772495749,"iataCode":"191","name":"Air XXXXX X.X.X. XXX XXX XXXXX X.X.X."},"level":"card","card":{"id":677200000000013,"bsp":{"id":6772},"agent":{"id":67728120012,"iataCode":"8120012","name":"ATG XXXXXXXXXXX","bsp":{"id":6772},"active":true},"cardNumber":"376010XXXXX1003","expiryDate":"12/23","issuerName":"AX","paymentNetwork":"AX","cardType":"Corporate","companyName":"AX"},"type":"no","effectiveFrom":"2022-12-21","effectiveTo":"2022-12-22","status":"Inactive"},{"id":677200000005988,"bsp":{"id":6772,"isoCountryCode":"CH","name":"SWITZERLAND"},"airline":{"id":6772495749,"iataCode":"191","name":"Air XXXXX X.X.X. XXX XXX XXXXX X.X.X."},"level":"card","card":{"id":677200000000014,"bsp":{"id":6772},"agent":{"id":67728120012,"iataCode":"8120012","name":"ATG XXXXXXXXXXX","bsp":{"id":6772},"active":true},"cardNumber":"456480XXXXXX6349","expiryDate":"11/24","issuerName":"VI","paymentNetwork":"VI","cardType":"Consumer"},"type":"no","effectiveFrom":"2022-12-21","effectiveTo":"2022-12-22","status":"Inactive"},{"id":677200000006345,"bsp":{"id":6772,"isoCountryCode":"CH","name":"SWITZERLAND"},"airline":{"id":6772495749,"iataCode":"191","name":"Air XXXXX X.X.X. XXX XXX XXXXX X.X.X."},"level":"card","card":{"id":677200000000021,"bsp":{"id":6772},"agent":{"id":67728120012,"iataCode":"8120012","name":"ATG XXXXXXXXXXX","bsp":{"id":6772},"active":true},"cardNumber":"519396XXXXXX3484","expiryDate":"06/27","issuerName":"NEWSIX - CHECK NOTIFICATION","paymentNetwork":"CA","cardType":"Consumer"},"type":"no","effectiveFrom":"2022-12-21","effectiveTo":"2022-12-22","status":"Inactive"}]}

09-10-2024T20:53:05 - [TEST_STEP][PASSED] - responseQAMIGValue = getTestCaseVariables().get("responseQAMIG"): null

09-10-2024T20:53:05 - [TEST_STEP][FAILED] - markFailed(getTestCaseVariables().get("URL_QAMIG")): https://gateway-gateway.apps.qa-mig.okd4.nfe.projects.nonprod.itd.farelogix.com/api/tip-management/card-consents?page=0&size=100

09-10-2024T20:53:05 - [MESSAGE][FAILED] - https://gateway-gateway.apps.qa-mig.okd4.nfe.projects.nonprod.itd.farelogix.com/api/tip-management/card-consents?page=0&size=100

09-10-2024T20:53:05 - [TEST_STEP][FAILED] - markFailed(responseQAMIGValue): {"pageNumber":0,"pageSize":100,"total":55,"records":[{"id":677200000000067,"airline":{"id":6772495749,"iataCode":"191","name":"Air XXXXX X.X.X. XXX XXX XXXXX X.X.X."},"bsp":{"id":6772,"isoCountryCode":"CH","name":"SWIT"},"level":"country","type":"no","status":"Inactive","effectiveFrom":"2019-07-01","effectiveTo":"2020-02-20"},{"id":677200000000230,"airline":{"id":6772495749,"iataCode":"191","name":"Air XXXXX X.X.X. XXX XXX XXXXX X.X.X."},"bsp":{"id":6772,"isoCountryCode":"CH","name":"SWIT"},"level":"country","type":"no","status":"Inactive","effectiveFrom":"2019-07-05","effectiveTo":"2020-02-20"},{"id":677200000000378,"airline":{"id":6772495749,"iataCode":"191","name":"Air XXXXX X.X.X. XXX XXX XXXXX X.X.X."},"bsp":{"id":6772,"isoCountryCode":"CH","name":"SWIT"},"level":"country","type":"no","status":"Inactive","effectiveFrom":"2019-07-05","effectiveTo":"2020-02-20"},{"id":677200000000526,"airline":{"id":6772495749,"iataCode":"191","name":"Air XXXXX X.X.X. XXX XXX XXXXX X.X.X."},"bsp":{"id":6772,"isoCountryCode":"CH","name":"SWIT"},"level":"country","type":"no","status":"Inactive","effectiveFrom":"2019-07-05","effectiveTo":"2020-02-20"},{"id":677200000000704,"airline":{"id":6772495749,"iataCode":"191","name":"Air XXXXX X.X.X. XXX XXX XXXXX X.X.X."},"bsp":{"id":6772,"isoCountryCode":"CH","name":"SWIT"},"level":"country","type":"no","status":"Inactive","effectiveFrom":"2021-02-05","effectiveTo":"2022-03-03"},{"id":677200000000863,"airline":{"id":6772495749,"iataCode":"191","name":"Air XXXXX X.X.X. XXX XXX XXXXX X.X.X."},"bsp":{"id":6772,"isoCountryCode":"CH","name":"SWIT"},"level":"country","type":"no","status":"Inactive","effectiveFrom":"2021-02-05","effectiveTo":"2021-12-01"},{"id":677200000000997,"airline":{"id":6772495749,"iataCode":"191","name":"Air XXXXX X.X.X. XXX XXX XXXXX X.X.X."},"bsp":{"id":6772,"isoCountryCode":"CH","name":"SWIT"},"level":"country","type":"no","status":"Inactive","effectiveFrom":"2021-02-05","effectiveTo":"2022-03-03"},{"id":677200000001131,"airline":{"id":6772495749,"iataCode":"191","name":"Air XXXXX X.X.X. XXX XXX XXXXX X.X.X."},"bsp":{"id":6772,"isoCountryCode":"CH","name":"SWIT"},"level":"country","type":"no","status":"Inactive","effectiveFrom":"2021-02-05","effectiveTo":"2021-06-01"},{"id":677200000001276,"airline":{"id":6772495749,"iataCode":"191","name":"Air XXXXX X.X.X. XXX XXX XXXXX X.X.X."},"card":{"cardNumber":"222240XXXXXX0005","expiryDate":"10/30","issuerName":"FAC","paymentNetwork":"CA","cardType":"Consumer","companyName":null,"id":677200000000004,"bsp":{"id":6772,"isoCountryCode":"CH","name":"SWIT"},"agent":{"id":67728120025,"iataCode":"8120025","name":"CWT","bsp":{"id":6772,"isoCountryCode":"CH","name":"SWIT"}},"effectiveFrom":"2021-03-04","effectiveTo":"2022-01-25","status":"Inactive","terminationReason":"test","cardLevelConsent":null},"bsp":{"id":6772,"isoCountryCode":"CH","name":"SWIT"},"level":"card","type":"no","status":"Inactive","effectiveFrom":"2021-03-04","effectiveTo":"2022-01-25"},{"id":677200000001452,"airline":{"id":6772495749,"iataCode":"191","name":"Air XXXXX X.X.X. XXX XXX XXXXX X.X.X."},"card":{"cardNumber":"222240XXXXXX0005","expiryDate":"10/30","issuerName":"FAC","paymentNetwork":"CA","cardType":"Corporate","companyName":"provincia san anton","id":677200000000005,"bsp":{"id":6772,"isoCountryCode":"CH","name":"SWIT"},"agent":{"id":67728121080,"iataCode":"8121080","name":"VIAXXXXXX XX","bsp":{"id":6772,"isoCountryCode":"CH","name":"SWIT"}},"effectiveFrom":"2022-01-25","effectiveTo":null,"status":"Active","terminationReason":null,"cardLevelConsent":null},"bsp":{"id":6772,"isoCountryCode":"CH","name":"SWIT"},"level":"card","type":"no","status":"Inactive","effectiveFrom":"2022-01-25","effectiveTo":"2022-03-03"},{"id":677200000001611,"airline":{"id":6772495749,"iataCode":"191","name":"Air XXXXX X.X.X. XXX XXX XXXXX X.X.X."},"card":{"cardNumber":"222240XXXXXX0005","expiryDate":"11/30","issuerName":"TRR","paymentNetwork":"CA","cardType":"Corporate","companyName":"provincia san anton","id":677200000000006,"bsp":{"id":6772,"isoCountryCode":"CH","name":"SWIT"},"agent":{"id":67728120025,"iataCode":"8120025","name":"CWT","bsp":{"id":6772,"isoCountryCode":"CH","name":"SWIT"}},"effectiveFrom":"2022-01-25","effectiveTo":null,"status":"Active","terminationReason":null,"cardLevelConsent":null},"bsp":{"id":6772,"isoCountryCode":"CH","name":"SWIT"},"level":"card","type":"no","status":"Inactive","effectiveFrom":"2022-01-25","effectiveTo":"2022-03-03"},{"id":677200000001768,"airline":{"id":6772495749,"iataCode":"191","name":"Air XXXXX X.X.X. XXX XXX XXXXX X.X.X."},"card":{"cardNumber":"222240XXXXXX0005","expiryDate":"10/31","issuerName":"PEPE","paymentNetwork":"VI","cardType":"Consumer","companyName":null,"id":677200000000007,"bsp":{"id":6772,"isoCountryCode":"CH","name":"SWIT"},"agent":{"id":67728121080,"iataCode":"8121080","name":"VIAXXXXXX XX","bsp":{"id":6772,"isoCountryCode":"CH","name":"SWIT"}},"effectiveFrom":"2022-02-02","effectiveTo":null,"status":"Active","terminationReason":null,"cardLevelConsent":null},"bsp":{"id":6772,"isoCountryCode":"CH","name":"SWIT"},"level":"card","type":"no","status":"Inactive","effectiveFrom":"2022-02-02","effectiveTo":"2022-03-03"},{"id":677200000001920,"airline":{"id":6772495749,"iataCode":"191","name":"Air XXXXX X.X.X. XXX XXX XXXXX X.X.X."},"card":{"cardNumber":"222240XXXXXX0005","expiryDate":"12/34","issuerName":"CARLOS","paymentNetwork":"VI","cardType":"Corporate","companyName":"Accelya","id":677200000000008,"bsp":{"id":6772,"isoCountryCode":"CH","name":"SWIT"},"agent":{"id":67728127904,"iataCode":"8127904","name":"VOYXXXXXXX","bsp":{"id":6772,"isoCountryCode":"CH","name":"SWIT"}},"effectiveFrom":"2022-02-02","effectiveTo":null,"status":"Active","terminationReason":null,"cardLevelConsent":null},"bsp":{"id":6772,"isoCountryCode":"CH","name":"SWIT"},"level":"card","type":"no","status":"Inactive","effectiveFrom":"2022-02-02","effectiveTo":"2022-03-03"},{"id":677200000002072,"airline":{"id":6772495749,"iataCode":"191","name":"Air XXXXX X.X.X. XXX XXX XXXXX X.X.X."},"card":{"cardNumber":"222240XXXXXX0005","expiryDate":"11/31","issuerName":"CARLOS","paymentNetwork":"VI","cardType":"Corporate","companyName":"Accelya","id":677200000000009,"bsp":{"id":6772,"isoCountryCode":"CH","name":"SWIT"},"agent":{"id":67728127904,"iataCode":"8127904","name":"VOYXXXXXXX","bsp":{"id":6772,"isoCountryCode":"CH","name":"SWIT"}},"effectiveFrom":"2022-02-02","effectiveTo":null,"status":"Active","terminationReason":null,"cardLevelConsent":null},"bsp":{"id":6772,"isoCountryCode":"CH","name":"SWIT"},"level":"card","type":"no","status":"Inactive","effectiveFrom":"2022-02-02","effectiveTo":"2022-03-03"},{"id":677200000002224,"airline":{"id":6772495749,"iataCode":"191","name":"Air XXXXX X.X.X. XXX XXX XXXXX X.X.X."},"bsp":{"id":6772,"isoCountryCode":"CH","name":"SWIT"},"level":"country","type":"no","status":"Inactive","effectiveFrom":"2022-02-02","effectiveTo":"2022-03-03"},{"id":677200000002365,"airline":{"id":6772495749,"iataCode":"191","name":"Air XXXXX X.X.X. XXX XXX XXXXX X.X.X."},"card":{"cardNumber":"222240XXXXXX0005","expiryDate":"12/23","issuerName":"AX","paymentNetwork":"AX","cardType":"Consumer","companyName":null,"id":677200000000011,"bsp":{"id":6772,"isoCountryCode":"CH","name":"SWIT"},"agent":{"id":67728120012,"iataCode":"8120012","name":"ATG XXXXXXXXXXX","bsp":{"id":6772,"isoCountryCode":"CH","name":"SWIT"}},"effectiveFrom":"2022-02-28","effectiveTo":"2022-05-05","status":"Inactive","terminationReason":"test","cardLevelConsent":null},"bsp":{"id":6772,"isoCountryCode":"CH","name":"SWIT"},"level":"card","type":"no","status":"Inactive","effectiveFrom":"2022-02-28","effectiveTo":"2022-03-03"},{"id":677200000002503,"airline":{"id":6772495749,"iataCode":"191","name":"Air XXXXX X.X.X. XXX XXX XXXXX X.X.X."},"bsp":{"id":6772,"isoCountryCode":"CH","name":"SWIT"},"level":"country","type":"no","status":"Inactive","effectiveFrom":"2022-03-04","effectiveTo":"2022-12-20"},{"id":677200000002664,"airline":{"id":6772495749,"iataCode":"191","name":"Air XXXXX X.X.X. XXX XXX XXXXX X.X.X."},"bsp":{"id":6772,"isoCountryCode":"CH","name":"SWIT"},"level":"country","type":"no","status":"Inactive","effectiveFrom":"2022-03-04","effectiveTo":"2022-10-03"},{"id":677200000002808,"airline":{"id":6772495749,"iataCode":"191","name":"Air XXXXX X.X.X. XXX XXX XXXXX X.X.X."},"card":{"cardNumber":"222240XXXXXX0005","expiryDate":"10/30","issuerName":"FAC","paymentNetwork":"CA","cardType":"Corporate","companyName":"provincia san anton","id":677200000000005,"bsp":{"id":6772,"isoCountryCode":"CH","name":"SWIT"},"agent":{"id":67728121080,"iataCode":"8121080","name":"VIAXXXXXX XX","bsp":{"id":6772,"isoCountryCode":"CH","name":"SWIT"}},"effectiveFrom":"2022-01-25","effectiveTo":null,"status":"Active","terminationReason":null,"cardLevelConsent":null},"bsp":{"id":6772,"isoCountryCode":"CH","name":"SWIT"},"level":"card","type":"no","status":"Inactive","effectiveFrom":"2022-03-04","effectiveTo":"2022-12-20"},{"id":677200000002967,"airline":{"id":6772495749,"iataCode":"191","name":"Air XXXXX X.X.X. XXX XXX XXXXX X.X.X."},"card":{"cardNumber":"222240XXXXXX0005","expiryDate":"11/30","issuerName":"TRR","paymentNetwork":"CA","cardType":"Corporate","companyName":"provincia san anton","id":677200000000006,"bsp":{"id":6772,"isoCountryCode":"CH","name":"SWIT"},"agent":{"id":67728120025,"iataCode":"8120025","name":"CWT","bsp":{"id":6772,"isoCountryCode":"CH","name":"SWIT"}},"effectiveFrom":"2022-01-25","effectiveTo":null,"status":"Active","terminationReason":null,"cardLevelConsent":null},"bsp":{"id":6772,"isoCountryCode":"CH","name":"SWIT"},"level":"card","type":"no","status":"Inactive","effectiveFrom":"2022-03-04","effectiveTo":"2022-12-20"},{"id":677200000003123,"airline":{"id":6772495749,"iataCode":"191","name":"Air XXXXX X.X.X. XXX XXX XXXXX X.X.X."},"card":{"cardNumber":"222240XXXXXX0005","expiryDate":"10/31","issuerName":"PEPE","paymentNetwork":"VI","cardType":"Consumer","companyName":null,"id":677200000000007,"bsp":{"id":6772,"isoCountryCode":"CH","name":"SWIT"},"agent":{"id":67728121080,"iataCode":"8121080","name":"VIAXXXXXX XX","bsp":{"id":6772,"isoCountryCode":"CH","name":"SWIT"}},"effectiveFrom":"2022-02-02","effectiveTo":null,"status":"Active","terminationReason":null,"cardLevelConsent":null},"bsp":{"id":6772,"isoCountryCode":"CH","name":"SWIT"},"level":"card","type":"no","status":"Inactive","effectiveFrom":"2022-03-04","effectiveTo":"2022-12-20"},{"id":677200000003275,"airline":{"id":6772495749,"iataCode":"191","name":"Air XXXXX X.X.X. XXX XXX XXXXX X.X.X."},"card":{"cardNumber":"222240XXXXXX0005","expiryDate":"12/34","issuerName":"CARLOS","paymentNetwork":"VI","cardType":"Corporate","companyName":"Accelya","id":677200000000008,"bsp":{"id":6772,"isoCountryCode":"CH","name":"SWIT"},"agent":{"id":67728127904,"iataCode":"8127904","name":"VOYXXXXXXX","bsp":{"id":6772,"isoCountryCode":"CH","name":"SWIT"}},"effectiveFrom":"2022-02-02","effectiveTo":null,"status":"Active","terminationReason":null,"cardLevelConsent":null},"bsp":{"id":6772,"isoCountryCode":"CH","name":"SWIT"},"level":"card","type":"no","status":"Inactive","effectiveFrom":"2022-03-04","effectiveTo":"2022-12-20"},{"id":677200000003427,"airline":{"id":6772495749,"iataCode":"191","name":"Air XXXXX X.X.X. XXX XXX XXXXX X.X.X."},"card":{"cardNumber":"222240XXXXXX0005","expiryDate":"11/31","issuerName":"CARLOS","paymentNetwork":"VI","cardType":"Corporate","companyName":"Accelya","id":677200000000009,"bsp":{"id":6772,"isoCountryCode":"CH","name":"SWIT"},"agent":{"id":67728127904,"iataCode":"8127904","name":"VOYXXXXXXX","bsp":{"id":6772,"isoCountryCode":"CH","name":"SWIT"}},"effectiveFrom":"2022-02-02","effectiveTo":null,"status":"Active","terminationReason":null,"cardLevelConsent":null},"bsp":{"id":6772,"isoCountryCode":"CH","name":"SWIT"},"level":"card","type":"no","status":"Inactive","effectiveFrom":"2022-03-04","effectiveTo":"2022-12-20"},{"id":677200000003579,"airline":{"id":6772495749,"iataCode":"191","name":"Air XXXXX X.X.X. XXX XXX XXXXX X.X.X."},"bsp":{"id":6772,"isoCountryCode":"CH","name":"SWIT"},"level":"country","type":"no","status":"Inactive","effectiveFrom":"2022-03-04","effectiveTo":"2022-12-20"},{"id":677200000003720,"airline":{"id":6772495749,"iataCode":"191","name":"Air XXXXX X.X.X. XXX XXX XXXXX X.X.X."},"card":{"cardNumber":"222240XXXXXX0005","expiryDate":"12/23","issuerName":"AX","paymentNetwork":"AX","cardType":"Consumer","companyName":null,"id":677200000000011,"bsp":{"id":6772,"isoCountryCode":"CH","name":"SWIT"},"agent":{"id":67728120012,"iataCode":"8120012","name":"ATG XXXXXXXXXXX","bsp":{"id":6772,"isoCountryCode":"CH","name":"SWIT"}},"effectiveFrom":"2022-02-28","effectiveTo":"2022-05-05","status":"Inactive","terminationReason":"test","cardLevelConsent":null},"bsp":{"id":6772,"isoCountryCode":"CH","name":"SWIT"},"level":"card","type":"no","status":"Inactive","effectiveFrom":"2022-03-04","effectiveTo":"2022-05-05"},{"id":677200000003839,"airline":{"id":6772495749,"iataCode":"191","name":"Air XXXXX X.X.X. XXX XXX XXXXX X.X.X."},"card":{"cardNumber":"222240XXXXXX0005","expiryDate":"12/23","issuerName":"AX","paymentNetwork":"AX","cardType":"Corporate","companyName":"AX","id":677200000000012,"bsp":{"id":6772,"isoCountryCode":"CH","name":"SWIT"},"agent":{"id":67728120012,"iataCode":"8120012","name":"ATG XXXXXXXXXXX","bsp":{"id":6772,"isoCountryCode":"CH","name":"SWIT"}},"effectiveFrom":"2022-06-07","effectiveTo":"2023-05-02","status":"Inactive","terminationReason":"test","cardLevelConsent":null},"bsp":{"id":6772,"isoCountryCode":"CH","name":"SWIT"},"level":"card","type":"no","status":"Inactive","effectiveFrom":"2022-06-07","effectiveTo":"2022-12-20"},{"id":677200000003958,"airline":{"id":6772495749,"iataCode":"191","name":"Air XXXXX X.X.X. XXX XXX XXXXX X.X.X."},"card":{"cardNumber":"222240XXXXXX0005","expiryDate":"12/23","issuerName":"AX","paymentNetwork":"AX","cardType":"Corporate","companyName":"AX","id":677200000000013,"bsp":{"id":6772,"isoCountryCode":"CH","name":"SWIT"},"agent":{"id":67728120012,"iataCode":"8120012","name":"ATG XXXXXXXXXXX","bsp":{"id":6772,"isoCountryCode":"CH","name":"SWIT"}},"effectiveFrom":"2022-06-08","effectiveTo":"2023-08-08","status":"Inactive","terminationReason":"Card Replaced / Changed Bank","cardLevelConsent":null},"bsp":{"id":6772,"isoCountryCode":"CH","name":"SWIT"},"level":"card","type":"no","status":"Inactive","effectiveFrom":"2022-06-07","effectiveTo":"2022-12-20"},{"id":677200000004077,"airline":{"id":6772495749,"iataCode":"191","name":"Air XXXXX X.X.X. XXX XXX XXXXX X.X.X."},"card":{"cardNumber":"222240XXXXXX0005","expiryDate":"11/24","issuerName":"VI","paymentNetwork":"VI","cardType":"Consumer","companyName":null,"id":677200000000014,"bsp":{"id":6772,"isoCountryCode":"CH","name":"SWIT"},"agent":{"id":67728120012,"iataCode":"8120012","name":"ATG XXXXXXXXXXX","bsp":{"id":6772,"isoCountryCode":"CH","name":"SWIT"}},"effectiveFrom":"2022-06-07","effectiveTo":"2023-07-24","status":"Inactive","terminationReason":"Airline(s) didn't give consent","cardLevelConsent":null},"bsp":{"id":6772,"isoCountryCode":"CH","name":"SWIT"},"level":"card","type":"no","status":"Inactive","effectiveFrom":"2022-06-07","effectiveTo":"2022-12-20"},{"id":677200000004196,"airline":{"id":6772495749,"iataCode":"191","name":"Air XXXXX X.X.X. XXX XXX XXXXX X.X.X."},"card":{"cardNumber":"222240XXXXXX0005","expiryDate":"08/23","issuerName":"CA","paymentNetwork":"CA","cardType":"Consumer","companyName":null,"id":677200000000015,"bsp":{"id":6772,"isoCountryCode":"CH","name":"SWIT"},"agent":{"id":67728120012,"iataCode":"8120012","name":"ATG XXXXXXXXXXX","bsp":{"id":6772,"isoCountryCode":"CH","name":"SWIT"}},"effectiveFrom":"2022-06-07","effectiveTo":"2023-07-24","status":"Inactive","terminationReason":"Airline(s) didn't give consent","cardLevelConsent":null},"bsp":{"id":6772,"isoCountryCode":"CH","name":"SWIT"},"level":"card","type":"no","status":"Inactive","effectiveFrom":"2022-06-07","effectiveTo":"2022-12-20"},{"id":677200000004407,"airline":{"id":6772495749,"iataCode":"191","name":"Air XXXXX X.X.X. XXX XXX XXXXX X.X.X."},"card":{"cardNumber":"222240XXXXXX0005","expiryDate":"07/23","issuerName":"NEWFIVE","paymentNetwork":"CA","cardType":"Consumer","companyName":null,"id":677200000000020,"bsp":{"id":6772,"isoCountryCode":"CH","name":"SWIT"},"agent":{"id":67728120012,"iataCode":"8120012","name":"ATG XXXXXXXXXXX","bsp":{"id":6772,"isoCountryCode":"CH","name":"SWIT"}},"effectiveFrom":"2022-10-13","effectiveTo":"2023-07-21","status":"Inactive","terminationReason":"Customer Card enrolled by error","cardLevelConsent":null},"bsp":{"id":6772,"isoCountryCode":"CH","name":"SWIT"},"level":"card","type":"no","status":"Inactive","effectiveFrom":"2022-10-13","effectiveTo":"2022-12-20"},{"id":677200000004526,"airline":{"id":6772495749,"iataCode":"191","name":"Air XXXXX X.X.X. XXX XXX XXXXX X.X.X."},"card":{"cardNumber":"222240XXXXXX0005","expiryDate":"06/27","issuerName":"NEWSIX - CHECK NOTIFICATION","paymentNetwork":"CA","cardType":"Consumer","companyName":null,"id":677200000000021,"bsp":{"id":6772,"isoCountryCode":"CH","name":"SWIT"},"agent":{"id":67728120012,"iataCode":"8120012","name":"ATG XXXXXXXXXXX","bsp":{"id":6772,"isoCountryCode":"CH","name":"SWIT"}},"effectiveFrom":"2022-10-13","effectiveTo":"2023-07-21","status":"Inactive","terminationReason":"Card Replaced / Changed Bank","cardLevelConsent":null},"bsp":{"id":6772,"isoCountryCode":"CH","name":"SWIT"},"level":"card","type":"no","status":"Inactive","effectiveFrom":"2022-10-13","effectiveTo":"2022-12-20"},{"id":677200000004665,"airline":{"id":6772495749,"iataCode":"191","name":"Air XXXXX X.X.X. XXX XXX XXXXX X.X.X."},"bsp":{"id":6772,"isoCountryCode":"CH","name":"SWIT"},"level":"country","type":"no","status":"Inactive","effectiveFrom":"2022-12-21","effectiveTo":"2022-12-22"},{"id":677200000004838,"airline":{"id":6772495749,"iataCode":"191","name":"Air XXXXX X.X.X. XXX XXX XXXXX X.X.X."},"card":{"cardNumber":"222240XXXXXX0005","expiryDate":"10/30","issuerName":"FAC","paymentNetwork":"CA","cardType":"Corporate","companyName":"provincia san anton","id":677200000000005,"bsp":{"id":6772,"isoCountryCode":"CH","name":"SWIT"},"agent":{"id":67728121080,"iataCode":"8121080","name":"VIAXXXXXX XX","bsp":{"id":6772,"isoCountryCode":"CH","name":"SWIT"}},"effectiveFrom":"2022-01-25","effectiveTo":null,"status":"Active","terminationReason":null,"cardLevelConsent":null},"bsp":{"id":6772,"isoCountryCode":"CH","name":"SWIT"},"level":"card","type":"no","status":"Inactive","effectiveFrom":"2022-12-21","effectiveTo":"2022-12-22"},{"id":677200000004997,"airline":{"id":6772495749,"iataCode":"191","name":"Air XXXXX X.X.X. XXX XXX XXXXX X.X.X."},"card":{"cardNumber":"222240XXXXXX0005","expiryDate":"11/30","issuerName":"TRR","paymentNetwork":"CA","cardType":"Corporate","companyName":"provincia san anton","id":677200000000006,"bsp":{"id":6772,"isoCountryCode":"CH","name":"SWIT"},"agent":{"id":67728120025,"iataCode":"8120025","name":"CWT","bsp":{"id":6772,"isoCountryCode":"CH","name":"SWIT"}},"effectiveFrom":"2022-01-25","effectiveTo":null,"status":"Active","terminationReason":null,"cardLevelConsent":null},"bsp":{"id":6772,"isoCountryCode":"CH","name":"SWIT"},"level":"card","type":"no","status":"Inactive","effectiveFrom":"2022-12-21","effectiveTo":"2022-12-22"},{"id":677200000005153,"airline":{"id":6772495749,"iataCode":"191","name":"Air XXXXX X.X.X. XXX XXX XXXXX X.X.X."},"card":{"cardNumber":"222240XXXXXX0005","expiryDate":"10/31","issuerName":"PEPE","paymentNetwork":"VI","cardType":"Consumer","companyName":null,"id":677200000000007,"bsp":{"id":6772,"isoCountryCode":"CH","name":"SWIT"},"agent":{"id":67728121080,"iataCode":"8121080","name":"VIAXXXXXX XX","bsp":{"id":6772,"isoCountryCode":"CH","name":"SWIT"}},"effectiveFrom":"2022-02-02","effectiveTo":null,"status":"Active","terminationReason":null,"cardLevelConsent":null},"bsp":{"id":6772,"isoCountryCode":"CH","name":"SWIT"},"level":"card","type":"no","status":"Inactive","effectiveFrom":"2022-12-21","effectiveTo":"2022-12-22"},{"id":677200000005305,"airline":{"id":6772495749,"iataCode":"191","name":"Air XXXXX X.X.X. XXX XXX XXXXX X.X.X."},"card":{"cardNumber":"222240XXXXXX0005","expiryDate":"12/34","issuerName":"CARLOS","paymentNetwork":"VI","cardType":"Corporate","companyName":"Accelya","id":677200000000008,"bsp":{"id":6772,"isoCountryCode":"CH","name":"SWIT"},"agent":{"id":67728127904,"iataCode":"8127904","name":"VOYXXXXXXX","bsp":{"id":6772,"isoCountryCode":"CH","name":"SWIT"}},"effectiveFrom":"2022-02-02","effectiveTo":null,"status":"Active","terminationReason":null,"cardLevelConsent":null},"bsp":{"id":6772,"isoCountryCode":"CH","name":"SWIT"},"level":"card","type":"no","status":"Inactive","effectiveFrom":"2022-12-21","effectiveTo":"2022-12-22"},{"id":677200000005457,"airline":{"id":6772495749,"iataCode":"191","name":"Air XXXXX X.X.X. XXX XXX XXXXX X.X.X."},"card":{"cardNumber":"222240XXXXXX0005","expiryDate":"11/31","issuerName":"CARLOS","paymentNetwork":"VI","cardType":"Corporate","companyName":"Accelya","id":677200000000009,"bsp":{"id":6772,"isoCountryCode":"CH","name":"SWIT"},"agent":{"id":67728127904,"iataCode":"8127904","name":"VOYXXXXXXX","bsp":{"id":6772,"isoCountryCode":"CH","name":"SWIT"}},"effectiveFrom":"2022-02-02","effectiveTo":null,"status":"Active","terminationReason":null,"cardLevelConsent":null},"bsp":{"id":6772,"isoCountryCode":"CH","name":"SWIT"},"level":"card","type":"no","status":"Inactive","effectiveFrom":"2022-12-21","effectiveTo":"2022-12-22"},{"id":677200000005609,"airline":{"id":6772495749,"iataCode":"191","name":"Air XXXXX X.X.X. XXX XXX XXXXX X.X.X."},"bsp":{"id":6772,"isoCountryCode":"CH","name":"SWIT"},"level":"country","type":"no","status":"Inactive","effectiveFrom":"2022-12-21","effectiveTo":"2022-12-22"},{"id":677200000005750,"airline":{"id":6772495749,"iataCode":"191","name":"Air XXXXX X.X.X. XXX XXX XXXXX X.X.X."},"card":{"cardNumber":"222240XXXXXX0005","expiryDate":"12/23","issuerName":"AX","paymentNetwork":"AX","cardType":"Corporate","companyName":"AX","id":677200000000012,"bsp":{"id":6772,"isoCountryCode":"CH","name":"SWIT"},"agent":{"id":67728120012,"iataCode":"8120012","name":"ATG XXXXXXXXXXX","bsp":{"id":6772,"isoCountryCode":"CH","name":"SWIT"}},"effectiveFrom":"2022-06-07","effectiveTo":"2023-05-02","status":"Inactive","terminationReason":"test","cardLevelConsent":null},"bsp":{"id":6772,"isoCountryCode":"CH","name":"SWIT"},"level":"card","type":"no","status":"Inactive","effectiveFrom":"2022-12-21","effectiveTo":"2022-12-22"},{"id":677200000005869,"airline":{"id":6772495749,"iataCode":"191","name":"Air XXXXX X.X.X. XXX XXX XXXXX X.X.X."},"card":{"cardNumber":"222240XXXXXX0005","expiryDate":"12/23","issuerName":"AX","paymentNetwork":"AX","cardType":"Corporate","companyName":"AX","id":677200000000013,"bsp":{"id":6772,"isoCountryCode":"CH","name":"SWIT"},"agent":{"id":67728120012,"iataCode":"8120012","name":"ATG XXXXXXXXXXX","bsp":{"id":6772,"isoCountryCode":"CH","name":"SWIT"}},"effectiveFrom":"2022-06-08","effectiveTo":"2023-08-08","status":"Inactive","terminationReason":"Card Replaced / Changed Bank","cardLevelConsent":null},"bsp":{"id":6772,"isoCountryCode":"CH","name":"SWIT"},"level":"card","type":"no","status":"Inactive","effectiveFrom":"2022-12-21","effectiveTo":"2022-12-22"},{"id":677200000005988,"airline":{"id":6772495749,"iataCode":"191","name":"Air XXXXX X.X.X. XXX XXX XXXXX X.X.X."},"card":{"cardNumber":"222240XXXXXX0005","expiryDate":"11/24","issuerName":"VI","paymentNetwork":"VI","cardType":"Consumer","companyName":null,"id":677200000000014,"bsp":{"id":6772,"isoCountryCode":"CH","name":"SWIT"},"agent":{"id":67728120012,"iataCode":"8120012","name":"ATG XXXXXXXXXXX","bsp":{"id":6772,"isoCountryCode":"CH","name":"SWIT"}},"effectiveFrom":"2022-06-07","effectiveTo":"2023-07-24","status":"Inactive","terminationReason":"Airline(s) didn't give consent","cardLevelConsent":null},"bsp":{"id":6772,"isoCountryCode":"CH","name":"SWIT"},"level":"card","type":"no","status":"Inactive","effectiveFrom":"2022-12-21","effectiveTo":"2022-12-22"},{"id":677200000006107,"airline":{"id":6772495749,"iataCode":"191","name":"Air XXXXX X.X.X. XXX XXX XXXXX X.X.X."},"card":{"cardNumber":"222240XXXXXX0005","expiryDate":"08/23","issuerName":"CA","paymentNetwork":"CA","cardType":"Consumer","companyName":null,"id":677200000000015,"bsp":{"id":6772,"isoCountryCode":"CH","name":"SWIT"},"agent":{"id":67728120012,"iataCode":"8120012","name":"ATG XXXXXXXXXXX","bsp":{"id":6772,"isoCountryCode":"CH","name":"SWIT"}},"effectiveFrom":"2022-06-07","effectiveTo":"2023-07-24","status":"Inactive","terminationReason":"Airline(s) didn't give consent","cardLevelConsent":null},"bsp":{"id":6772,"isoCountryCode":"CH","name":"SWIT"},"level":"card","type":"no","status":"Inactive","effectiveFrom":"2022-12-21","effectiveTo":"2022-12-22"},{"id":677200000006226,"airline":{"id":6772495749,"iataCode":"191","name":"Air XXXXX X.X.X. XXX XXX XXXXX X.X.X."},"card":{"cardNumber":"222240XXXXXX0005","expiryDate":"07/23","issuerName":"NEWFIVE","paymentNetwork":"CA","cardType":"Consumer","companyName":null,"id":677200000000020,"bsp":{"id":6772,"isoCountryCode":"CH","name":"SWIT"},"agent":{"id":67728120012,"iataCode":"8120012","name":"ATG XXXXXXXXXXX","bsp":{"id":6772,"isoCountryCode":"CH","name":"SWIT"}},"effectiveFrom":"2022-10-13","effectiveTo":"2023-07-21","status":"Inactive","terminationReason":"Customer Card enrolled by error","cardLevelConsent":null},"bsp":{"id":6772,"isoCountryCode":"CH","name":"SWIT"},"level":"card","type":"no","status":"Inactive","effectiveFrom":"2022-12-21","effectiveTo":"2022-12-22"},{"id":677200000006345,"airline":{"id":6772495749,"iataCode":"191","name":"Air XXXXX X.X.X. XXX XXX XXXXX X.X.X."},"card":{"cardNumber":"222240XXXXXX0005","expiryDate":"06/27","issuerName":"NEWSIX - CHECK NOTIFICATION","paymentNetwork":"CA","cardType":"Consumer","companyName":null,"id":677200000000021,"bsp":{"id":6772,"isoCountryCode":"CH","name":"SWIT"},"agent":{"id":67728120012,"iataCode":"8120012","name":"ATG XXXXXXXXXXX","bsp":{"id":6772,"isoCountryCode":"CH","name":"SWIT"}},"effectiveFrom":"2022-10-13","effectiveTo":"2023-07-21","status":"Inactive","terminationReason":"Card Replaced / Changed Bank","cardLevelConsent":null},"bsp":{"id":6772,"isoCountryCode":"CH","name":"SWIT"},"level":"card","type":"no","status":"Inactive","effectiveFrom":"2022-12-21","effectiveTo":"2022-12-22"},{"id":677200000006483,"airline":{"id":6772495749,"iataCode":"191","name":"Air XXXXX X.X.X. XXX XXX XXXXX X.X.X."},"bsp":{"id":6772,"isoCountryCode":"CH","name":"SWIT"},"level":"country","type":"no","status":"Active","effectiveFrom":"2023-03-15"},{"id":677210000002140,"airline":{"id":6772495749,"iataCode":"191","name":"Air XXXXX X.X.X. XXX XXX XXXXX X.X.X."},"bsp":{"id":6772,"isoCountryCode":"CH","name":"SWIT"},"level":"country","type":"no","status":"Active","effectiveFrom":"2024-05-25"},{"id":677210000010697,"airline":{"id":6772495749,"iataCode":"191","name":"Air XXXXX X.X.X. XXX XXX XXXXX X.X.X."},"card":{"cardNumber":"222240XXXXXX0005","expiryDate":"10/31","issuerName":"PEPE","paymentNetwork":"VI","cardType":"Consumer","companyName":null,"id":677200000000007,"bsp":{"id":6772,"isoCountryCode":"CH","name":"SWIT"},"agent":{"id":67728121080,"iataCode":"8121080","name":"VIAXXXXXX XX","bsp":{"id":6772,"isoCountryCode":"CH","name":"SWIT"}},"effectiveFrom":"2022-02-02","effectiveTo":null,"status":"Active","terminationReason":null,"cardLevelConsent":null},"bsp":{"id":6772,"isoCountryCode":"CH","name":"SWIT"},"level":"card","type":"no","status":"Active","effectiveFrom":"2024-10-08"},{"id":677210000010765,"airline":{"id":6772495749,"iataCode":"191","name":"Air XXXXX X.X.X. XXX XXX XXXXX X.X.X."},"card":{"cardNumber":"222240XXXXXX0005","expiryDate":"02/29","issuerName":"MASTERCARD","paymentNetwork":"CA","cardType":"Corporate","companyName":"ABC Pvt Ltd","id":677200000000033,"bsp":{"id":6772,"isoCountryCode":"CH","name":"SWIT"},"agent":{"id":67728120012,"iataCode":"8120012","name":"ATG XXXXXXXXXXX","bsp":{"id":6772,"isoCountryCode":"CH","name":"SWIT"}},"effectiveFrom":"2023-08-17","effectiveTo":null,"status":"Active","terminationReason":null,"cardLevelConsent":null},"bsp":{"id":6772,"isoCountryCode":"CH","name":"SWIT"},"level":"card","type":"no","status":"Active","effectiveFrom":"2024-10-08"},{"id":677210000010846,"airline":{"id":6772495749,"iataCode":"191","name":"Air XXXXX X.X.X. XXX XXX XXXXX X.X.X."},"card":{"cardNumber":"222240XXXXXX0005","expiryDate":"12/34","issuerName":"CARLOS","paymentNetwork":"VI","cardType":"Corporate","companyName":"Accelya","id":677200000000008,"bsp":{"id":6772,"isoCountryCode":"CH","name":"SWIT"},"agent":{"id":67728127904,"iataCode":"8127904","name":"VOYXXXXXXX","bsp":{"id":6772,"isoCountryCode":"CH","name":"SWIT"}},"effectiveFrom":"2022-02-02","effectiveTo":null,"status":"Active","terminationReason":null,"cardLevelConsent":null},"bsp":{"id":6772,"isoCountryCode":"CH","name":"SWIT"},"level":"card","type":"no","status":"Active","effectiveFrom":"2024-10-08"},{"id":677210000010887,"airline":{"id":6772495749,"iataCode":"191","name":"Air XXXXX X.X.X. XXX XXX XXXXX X.X.X."},"card":{"cardNumber":"222240XXXXXX0005","expiryDate":"12/29","issuerName":"MASTERCARD","paymentNetwork":"CA","cardType":"Consumer","companyName":null,"id":677200000000050,"bsp":{"id":6772,"isoCountryCode":"CH","name":"SWIT"},"agent":{"id":67728120012,"iataCode":"8120012","name":"ATG XXXXXXXXXXX","bsp":{"id":6772,"isoCountryCode":"CH","name":"SWIT"}},"effectiveFrom":"2023-12-18","effectiveTo":null,"status":"Active","terminationReason":null,"cardLevelConsent":null},"bsp":{"id":6772,"isoCountryCode":"CH","name":"SWIT"},"level":"card","type":"no","status":"Active","effectiveFrom":"2024-10-08"},{"id":677210000010890,"airline":{"id":6772495749,"iataCode":"191","name":"Air XXXXX X.X.X. XXX XXX XXXXX X.X.X."},"card":{"cardNumber":"222240XXXXXX0005","expiryDate":"09/28","issuerName":"Gänsefüßchen","paymentNetwork":"CA","cardType":"Consumer","companyName":"füßchen","id":677200000000051,"bsp":{"id":6772,"isoCountryCode":"CH","name":"SWIT"},"agent":{"id":67728120012,"iataCode":"8120012","name":"ATG XXXXXXXXXXX","bsp":{"id":6772,"isoCountryCode":"CH","name":"SWIT"}},"effectiveFrom":"2023-12-19","effectiveTo":null,"status":"Active","terminationReason":"EspañaHörgerätGänsefüßchendésembâtonnéEl perro ladró, la vaca calló, el gato maulló y el pato, que no daba crédito, corr","cardLevelConsent":null},"bsp":{"id":6772,"isoCountryCode":"CH","name":"SWIT"},"level":"card","type":"no","status":"Active","effectiveFrom":"2024-10-08"},{"id":677210000010968,"airline":{"id":6772495749,"iataCode":"191","name":"Air XXXXX X.X.X. XXX XXX XXXXX X.X.X."},"card":{"cardNumber":"222240XXXXXX0005","expiryDate":"10/30","issuerName":"FAC","paymentNetwork":"CA","cardType":"Corporate","companyName":"provincia san anton","id":677200000000005,"bsp":{"id":6772,"isoCountryCode":"CH","name":"SWIT"},"agent":{"id":67728121080,"iataCode":"8121080","name":"VIAXXXXXX XX","bsp":{"id":6772,"isoCountryCode":"CH","name":"SWIT"}},"effectiveFrom":"2022-01-25","effectiveTo":null,"status":"Active","terminationReason":null,"cardLevelConsent":null},"bsp":{"id":6772,"isoCountryCode":"CH","name":"SWIT"},"level":"card","type":"no","status":"Active","effectiveFrom":"2024-10-08"},{"id":677210000011075,"airline":{"id":6772495749,"iataCode":"191","name":"Air XXXXX X.X.X. XXX XXX XXXXX X.X.X."},"card":{"cardNumber":"222240XXXXXX0005","expiryDate":"02/29","issuerName":"MASTERCARD","paymentNetwork":"CA","cardType":"Corporate","companyName":"ABC Pvt Ltd","id":677200000000032,"bsp":{"id":6772,"isoCountryCode":"CH","name":"SWIT"},"agent":{"id":67728120012,"iataCode":"8120012","name":"ATG XXXXXXXXXXX","bsp":{"id":6772,"isoCountryCode":"CH","name":"SWIT"}},"effectiveFrom":"2023-08-17","effectiveTo":null,"status":"Active","terminationReason":null,"cardLevelConsent":null},"bsp":{"id":6772,"isoCountryCode":"CH","name":"SWIT"},"level":"card","type":"no","status":"Active","effectiveFrom":"2024-10-08"},{"id":677210000011081,"airline":{"id":6772495749,"iataCode":"191","name":"Air XXXXX X.X.X. XXX XXX XXXXX X.X.X."},"card":{"cardNumber":"222240XXXXXX0005","expiryDate":"11/30","issuerName":"TRR","paymentNetwork":"CA","cardType":"Corporate","companyName":"provincia san anton","id":677200000000006,"bsp":{"id":6772,"isoCountryCode":"CH","name":"SWIT"},"agent":{"id":67728120025,"iataCode":"8120025","name":"CWT","bsp":{"id":6772,"isoCountryCode":"CH","name":"SWIT"}},"effectiveFrom":"2022-01-25","effectiveTo":null,"status":"Active","terminationReason":null,"cardLevelConsent":null},"bsp":{"id":6772,"isoCountryCode":"CH","name":"SWIT"},"level":"card","type":"no","status":"Active","effectiveFrom":"2024-10-08"},{"id":677210000011614,"airline":{"id":6772495749,"iataCode":"191","name":"Air XXXXX X.X.X. XXX XXX XXXXX X.X.X."},"card":{"cardNumber":"222240XXXXXX0005","expiryDate":"11/31","issuerName":"CARLOS","paymentNetwork":"VI","cardType":"Corporate","companyName":"Accelya","id":677200000000009,"bsp":{"id":6772,"isoCountryCode":"CH","name":"SWIT"},"agent":{"id":67728127904,"iataCode":"8127904","name":"VOYXXXXXXX","bsp":{"id":6772,"isoCountryCode":"CH","name":"SWIT"}},"effectiveFrom":"2022-02-02","effectiveTo":null,"status":"Active","terminationReason":null,"cardLevelConsent":null},"bsp":{"id":6772,"isoCountryCode":"CH","name":"SWIT"},"level":"card","type":"no","status":"Active","effectiveFrom":"2024-10-08"}]}

09-10-2024T20:53:05 - [MESSAGE][FAILED] - {"pageNumber":0,"pageSize":100,"total":55,"records":[{"id":677200000000067,"airline":{"id":6772495749,"iataCode":"191","name":"Air XXXXX X.X.X. XXX XXX XXXXX X.X.X."},"bsp":{"id":6772,"isoCountryCode":"CH","name":"SWIT"},"level":"country","type":"no","status":"Inactive","effectiveFrom":"2019-07-01","effectiveTo":"2020-02-20"},{"id":677200000000230,"airline":{"id":6772495749,"iataCode":"191","name":"Air XXXXX X.X.X. XXX XXX XXXXX X.X.X."},"bsp":{"id":6772,"isoCountryCode":"CH","name":"SWIT"},"level":"country","type":"no","status":"Inactive","effectiveFrom":"2019-07-05","effectiveTo":"2020-02-20"},{"id":677200000000378,"airline":{"id":6772495749,"iataCode":"191","name":"Air XXXXX X.X.X. XXX XXX XXXXX X.X.X."},"bsp":{"id":6772,"isoCountryCode":"CH","name":"SWIT"},"level":"country","type":"no","status":"Inactive","effectiveFrom":"2019-07-05","effectiveTo":"2020-02-20"},{"id":677200000000526,"airline":{"id":6772495749,"iataCode":"191","name":"Air XXXXX X.X.X. XXX XXX XXXXX X.X.X."},"bsp":{"id":6772,"isoCountryCode":"CH","name":"SWIT"},"level":"country","type":"no","status":"Inactive","effectiveFrom":"2019-07-05","effectiveTo":"2020-02-20"},{"id":677200000000704,"airline":{"id":6772495749,"iataCode":"191","name":"Air XXXXX X.X.X. XXX XXX XXXXX X.X.X."},"bsp":{"id":6772,"isoCountryCode":"CH","name":"SWIT"},"level":"country","type":"no","status":"Inactive","effectiveFrom":"2021-02-05","effectiveTo":"2022-03-03"},{"id":677200000000863,"airline":{"id":6772495749,"iataCode":"191","name":"Air XXXXX X.X.X. XXX XXX XXXXX X.X.X."},"bsp":{"id":6772,"isoCountryCode":"CH","name":"SWIT"},"level":"country","type":"no","status":"Inactive","effectiveFrom":"2021-02-05","effectiveTo":"2021-12-01"},{"id":677200000000997,"airline":{"id":6772495749,"iataCode":"191","name":"Air XXXXX X.X.X. XXX XXX XXXXX X.X.X."},"bsp":{"id":6772,"isoCountryCode":"CH","name":"SWIT"},"level":"country","type":"no","status":"Inactive","effectiveFrom":"2021-02-05","effectiveTo":"2022-03-03"},{"id":677200000001131,"airline":{"id":6772495749,"iataCode":"191","name":"Air XXXXX X.X.X. XXX XXX XXXXX X.X.X."},"bsp":{"id":6772,"isoCountryCode":"CH","name":"SWIT"},"level":"country","type":"no","status":"Inactive","effectiveFrom":"2021-02-05","effectiveTo":"2021-06-01"},{"id":677200000001276,"airline":{"id":6772495749,"iataCode":"191","name":"Air XXXXX X.X.X. XXX XXX XXXXX X.X.X."},"card":{"cardNumber":"222240XXXXXX0005","expiryDate":"10/30","issuerName":"FAC","paymentNetwork":"CA","cardType":"Consumer","companyName":null,"id":677200000000004,"bsp":{"id":6772,"isoCountryCode":"CH","name":"SWIT"},"agent":{"id":67728120025,"iataCode":"8120025","name":"CWT","bsp":{"id":6772,"isoCountryCode":"CH","name":"SWIT"}},"effectiveFrom":"2021-03-04","effectiveTo":"2022-01-25","status":"Inactive","terminationReason":"test","cardLevelConsent":null},"bsp":{"id":6772,"isoCountryCode":"CH","name":"SWIT"},"level":"card","type":"no","status":"Inactive","effectiveFrom":"2021-03-04","effectiveTo":"2022-01-25"},{"id":677200000001452,"airline":{"id":6772495749,"iataCode":"191","name":"Air XXXXX X.X.X. XXX XXX XXXXX X.X.X."},"card":{"cardNumber":"222240XXXXXX0005","expiryDate":"10/30","issuerName":"FAC","paymentNetwork":"CA","cardType":"Corporate","companyName":"provincia san anton","id":677200000000005,"bsp":{"id":6772,"isoCountryCode":"CH","name":"SWIT"},"agent":{"id":67728121080,"iataCode":"8121080","name":"VIAXXXXXX XX","bsp":{"id":6772,"isoCountryCode":"CH","name":"SWIT"}},"effectiveFrom":"2022-01-25","effectiveTo":null,"status":"Active","terminationReason":null,"cardLevelConsent":null},"bsp":{"id":6772,"isoCountryCode":"CH","name":"SWIT"},"level":"card","type":"no","status":"Inactive","effectiveFrom":"2022-01-25","effectiveTo":"2022-03-03"},{"id":677200000001611,"airline":{"id":6772495749,"iataCode":"191","name":"Air XXXXX X.X.X. XXX XXX XXXXX X.X.X."},"card":{"cardNumber":"222240XXXXXX0005","expiryDate":"11/30","issuerName":"TRR","paymentNetwork":"CA","cardType":"Corporate","companyName":"provincia san anton","id":677200000000006,"bsp":{"id":6772,"isoCountryCode":"CH","name":"SWIT"},"agent":{"id":67728120025,"iataCode":"8120025","name":"CWT","bsp":{"id":6772,"isoCountryCode":"CH","name":"SWIT"}},"effectiveFrom":"2022-01-25","effectiveTo":null,"status":"Active","terminationReason":null,"cardLevelConsent":null},"bsp":{"id":6772,"isoCountryCode":"CH","name":"SWIT"},"level":"card","type":"no","status":"Inactive","effectiveFrom":"2022-01-25","effectiveTo":"2022-03-03"},{"id":677200000001768,"airline":{"id":6772495749,"iataCode":"191","name":"Air XXXXX X.X.X. XXX XXX XXXXX X.X.X."},"card":{"cardNumber":"222240XXXXXX0005","expiryDate":"10/31","issuerName":"PEPE","paymentNetwork":"VI","cardType":"Consumer","companyName":null,"id":677200000000007,"bsp":{"id":6772,"isoCountryCode":"CH","name":"SWIT"},"agent":{"id":67728121080,"iataCode":"8121080","name":"VIAXXXXXX XX","bsp":{"id":6772,"isoCountryCode":"CH","name":"SWIT"}},"effectiveFrom":"2022-02-02","effectiveTo":null,"status":"Active","terminationReason":null,"cardLevelConsent":null},"bsp":{"id":6772,"isoCountryCode":"CH","name":"SWIT"},"level":"card","type":"no","status":"Inactive","effectiveFrom":"2022-02-02","effectiveTo":"2022-03-03"},{"id":677200000001920,"airline":{"id":6772495749,"iataCode":"191","name":"Air XXXXX X.X.X. XXX XXX XXXXX X.X.X."},"card":{"cardNumber":"222240XXXXXX0005","expiryDate":"12/34","issuerName":"CARLOS","paymentNetwork":"VI","cardType":"Corporate","companyName":"Accelya","id":677200000000008,"bsp":{"id":6772,"isoCountryCode":"CH","name":"SWIT"},"agent":{"id":67728127904,"iataCode":"8127904","name":"VOYXXXXXXX","bsp":{"id":6772,"isoCountryCode":"CH","name":"SWIT"}},"effectiveFrom":"2022-02-02","effectiveTo":null,"status":"Active","terminationReason":null,"cardLevelConsent":null},"bsp":{"id":6772,"isoCountryCode":"CH","name":"SWIT"},"level":"card","type":"no","status":"Inactive","effectiveFrom":"2022-02-02","effectiveTo":"2022-03-03"},{"id":677200000002072,"airline":{"id":6772495749,"iataCode":"191","name":"Air XXXXX X.X.X. XXX XXX XXXXX X.X.X."},"card":{"cardNumber":"222240XXXXXX0005","expiryDate":"11/31","issuerName":"CARLOS","paymentNetwork":"VI","cardType":"Corporate","companyName":"Accelya","id":677200000000009,"bsp":{"id":6772,"isoCountryCode":"CH","name":"SWIT"},"agent":{"id":67728127904,"iataCode":"8127904","name":"VOYXXXXXXX","bsp":{"id":6772,"isoCountryCode":"CH","name":"SWIT"}},"effectiveFrom":"2022-02-02","effectiveTo":null,"status":"Active","terminationReason":null,"cardLevelConsent":null},"bsp":{"id":6772,"isoCountryCode":"CH","name":"SWIT"},"level":"card","type":"no","status":"Inactive","effectiveFrom":"2022-02-02","effectiveTo":"2022-03-03"},{"id":677200000002224,"airline":{"id":6772495749,"iataCode":"191","name":"Air XXXXX X.X.X. XXX XXX XXXXX X.X.X."},"bsp":{"id":6772,"isoCountryCode":"CH","name":"SWIT"},"level":"country","type":"no","status":"Inactive","effectiveFrom":"2022-02-02","effectiveTo":"2022-03-03"},{"id":677200000002365,"airline":{"id":6772495749,"iataCode":"191","name":"Air XXXXX X.X.X. XXX XXX XXXXX X.X.X."},"card":{"cardNumber":"222240XXXXXX0005","expiryDate":"12/23","issuerName":"AX","paymentNetwork":"AX","cardType":"Consumer","companyName":null,"id":677200000000011,"bsp":{"id":6772,"isoCountryCode":"CH","name":"SWIT"},"agent":{"id":67728120012,"iataCode":"8120012","name":"ATG XXXXXXXXXXX","bsp":{"id":6772,"isoCountryCode":"CH","name":"SWIT"}},"effectiveFrom":"2022-02-28","effectiveTo":"2022-05-05","status":"Inactive","terminationReason":"test","cardLevelConsent":null},"bsp":{"id":6772,"isoCountryCode":"CH","name":"SWIT"},"level":"card","type":"no","status":"Inactive","effectiveFrom":"2022-02-28","effectiveTo":"2022-03-03"},{"id":677200000002503,"airline":{"id":6772495749,"iataCode":"191","name":"Air XXXXX X.X.X. XXX XXX XXXXX X.X.X."},"bsp":{"id":6772,"isoCountryCode":"CH","name":"SWIT"},"level":"country","type":"no","status":"Inactive","effectiveFrom":"2022-03-04","effectiveTo":"2022-12-20"},{"id":677200000002664,"airline":{"id":6772495749,"iataCode":"191","name":"Air XXXXX X.X.X. XXX XXX XXXXX X.X.X."},"bsp":{"id":6772,"isoCountryCode":"CH","name":"SWIT"},"level":"country","type":"no","status":"Inactive","effectiveFrom":"2022-03-04","effectiveTo":"2022-10-03"},{"id":677200000002808,"airline":{"id":6772495749,"iataCode":"191","name":"Air XXXXX X.X.X. XXX XXX XXXXX X.X.X."},"card":{"cardNumber":"222240XXXXXX0005","expiryDate":"10/30","issuerName":"FAC","paymentNetwork":"CA","cardType":"Corporate","companyName":"provincia san anton","id":677200000000005,"bsp":{"id":6772,"isoCountryCode":"CH","name":"SWIT"},"agent":{"id":67728121080,"iataCode":"8121080","name":"VIAXXXXXX XX","bsp":{"id":6772,"isoCountryCode":"CH","name":"SWIT"}},"effectiveFrom":"2022-01-25","effectiveTo":null,"status":"Active","terminationReason":null,"cardLevelConsent":null},"bsp":{"id":6772,"isoCountryCode":"CH","name":"SWIT"},"level":"card","type":"no","status":"Inactive","effectiveFrom":"2022-03-04","effectiveTo":"2022-12-20"},{"id":677200000002967,"airline":{"id":6772495749,"iataCode":"191","name":"Air XXXXX X.X.X. XXX XXX XXXXX X.X.X."},"card":{"cardNumber":"222240XXXXXX0005","expiryDate":"11/30","issuerName":"TRR","paymentNetwork":"CA","cardType":"Corporate","companyName":"provincia san anton","id":677200000000006,"bsp":{"id":6772,"isoCountryCode":"CH","name":"SWIT"},"agent":{"id":67728120025,"iataCode":"8120025","name":"CWT","bsp":{"id":6772,"isoCountryCode":"CH","name":"SWIT"}},"effectiveFrom":"2022-01-25","effectiveTo":null,"status":"Active","terminationReason":null,"cardLevelConsent":null},"bsp":{"id":6772,"isoCountryCode":"CH","name":"SWIT"},"level":"card","type":"no","status":"Inactive","effectiveFrom":"2022-03-04","effectiveTo":"2022-12-20"},{"id":677200000003123,"airline":{"id":6772495749,"iataCode":"191","name":"Air XXXXX X.X.X. XXX XXX XXXXX X.X.X."},"card":{"cardNumber":"222240XXXXXX0005","expiryDate":"10/31","issuerName":"PEPE","paymentNetwork":"VI","cardType":"Consumer","companyName":null,"id":677200000000007,"bsp":{"id":6772,"isoCountryCode":"CH","name":"SWIT"},"agent":{"id":67728121080,"iataCode":"8121080","name":"VIAXXXXXX XX","bsp":{"id":6772,"isoCountryCode":"CH","name":"SWIT"}},"effectiveFrom":"2022-02-02","effectiveTo":null,"status":"Active","terminationReason":null,"cardLevelConsent":null},"bsp":{"id":6772,"isoCountryCode":"CH","name":"SWIT"},"level":"card","type":"no","status":"Inactive","effectiveFrom":"2022-03-04","effectiveTo":"2022-12-20"},{"id":677200000003275,"airline":{"id":6772495749,"iataCode":"191","name":"Air XXXXX X.X.X. XXX XXX XXXXX X.X.X."},"card":{"cardNumber":"222240XXXXXX0005","expiryDate":"12/34","issuerName":"CARLOS","paymentNetwork":"VI","cardType":"Corporate","companyName":"Accelya","id":677200000000008,"bsp":{"id":6772,"isoCountryCode":"CH","name":"SWIT"},"agent":{"id":67728127904,"iataCode":"8127904","name":"VOYXXXXXXX","bsp":{"id":6772,"isoCountryCode":"CH","name":"SWIT"}},"effectiveFrom":"2022-02-02","effectiveTo":null,"status":"Active","terminationReason":null,"cardLevelConsent":null},"bsp":{"id":6772,"isoCountryCode":"CH","name":"SWIT"},"level":"card","type":"no","status":"Inactive","effectiveFrom":"2022-03-04","effectiveTo":"2022-12-20"},{"id":677200000003427,"airline":{"id":6772495749,"iataCode":"191","name":"Air XXXXX X.X.X. XXX XXX XXXXX X.X.X."},"card":{"cardNumber":"222240XXXXXX0005","expiryDate":"11/31","issuerName":"CARLOS","paymentNetwork":"VI","cardType":"Corporate","companyName":"Accelya","id":677200000000009,"bsp":{"id":6772,"isoCountryCode":"CH","name":"SWIT"},"agent":{"id":67728127904,"iataCode":"8127904","name":"VOYXXXXXXX","bsp":{"id":6772,"isoCountryCode":"CH","name":"SWIT"}},"effectiveFrom":"2022-02-02","effectiveTo":null,"status":"Active","terminationReason":null,"cardLevelConsent":null},"bsp":{"id":6772,"isoCountryCode":"CH","name":"SWIT"},"level":"card","type":"no","status":"Inactive","effectiveFrom":"2022-03-04","effectiveTo":"2022-12-20"},{"id":677200000003579,"airline":{"id":6772495749,"iataCode":"191","name":"Air XXXXX X.X.X. XXX XXX XXXXX X.X.X."},"bsp":{"id":6772,"isoCountryCode":"CH","name":"SWIT"},"level":"country","type":"no","status":"Inactive","effectiveFrom":"2022-03-04","effectiveTo":"2022-12-20"},{"id":677200000003720,"airline":{"id":6772495749,"iataCode":"191","name":"Air XXXXX X.X.X. XXX XXX XXXXX X.X.X."},"card":{"cardNumber":"222240XXXXXX0005","expiryDate":"12/23","issuerName":"AX","paymentNetwork":"AX","cardType":"Consumer","companyName":null,"id":677200000000011,"bsp":{"id":6772,"isoCountryCode":"CH","name":"SWIT"},"agent":{"id":67728120012,"iataCode":"8120012","name":"ATG XXXXXXXXXXX","bsp":{"id":6772,"isoCountryCode":"CH","name":"SWIT"}},"effectiveFrom":"2022-02-28","effectiveTo":"2022-05-05","status":"Inactive","terminationReason":"test","cardLevelConsent":null},"bsp":{"id":6772,"isoCountryCode":"CH","name":"SWIT"},"level":"card","type":"no","status":"Inactive","effectiveFrom":"2022-03-04","effectiveTo":"2022-05-05"},{"id":677200000003839,"airline":{"id":6772495749,"iataCode":"191","name":"Air XXXXX X.X.X. XXX XXX XXXXX X.X.X."},"card":{"cardNumber":"222240XXXXXX0005","expiryDate":"12/23","issuerName":"AX","paymentNetwork":"AX","cardType":"Corporate","companyName":"AX","id":677200000000012,"bsp":{"id":6772,"isoCountryCode":"CH","name":"SWIT"},"agent":{"id":67728120012,"iataCode":"8120012","name":"ATG XXXXXXXXXXX","bsp":{"id":6772,"isoCountryCode":"CH","name":"SWIT"}},"effectiveFrom":"2022-06-07","effectiveTo":"2023-05-02","status":"Inactive","terminationReason":"test","cardLevelConsent":null},"bsp":{"id":6772,"isoCountryCode":"CH","name":"SWIT"},"level":"card","type":"no","status":"Inactive","effectiveFrom":"2022-06-07","effectiveTo":"2022-12-20"},{"id":677200000003958,"airline":{"id":6772495749,"iataCode":"191","name":"Air XXXXX X.X.X. XXX XXX XXXXX X.X.X."},"card":{"cardNumber":"222240XXXXXX0005","expiryDate":"12/23","issuerName":"AX","paymentNetwork":"AX","cardType":"Corporate","companyName":"AX","id":677200000000013,"bsp":{"id":6772,"isoCountryCode":"CH","name":"SWIT"},"agent":{"id":67728120012,"iataCode":"8120012","name":"ATG XXXXXXXXXXX","bsp":{"id":6772,"isoCountryCode":"CH","name":"SWIT"}},"effectiveFrom":"2022-06-08","effectiveTo":"2023-08-08","status":"Inactive","terminationReason":"Card Replaced / Changed Bank","cardLevelConsent":null},"bsp":{"id":6772,"isoCountryCode":"CH","name":"SWIT"},"level":"card","type":"no","status":"Inactive","effectiveFrom":"2022-06-07","effectiveTo":"2022-12-20"},{"id":677200000004077,"airline":{"id":6772495749,"iataCode":"191","name":"Air XXXXX X.X.X. XXX XXX XXXXX X.X.X."},"card":{"cardNumber":"222240XXXXXX0005","expiryDate":"11/24","issuerName":"VI","paymentNetwork":"VI","cardType":"Consumer","companyName":null,"id":677200000000014,"bsp":{"id":6772,"isoCountryCode":"CH","name":"SWIT"},"agent":{"id":67728120012,"iataCode":"8120012","name":"ATG XXXXXXXXXXX","bsp":{"id":6772,"isoCountryCode":"CH","name":"SWIT"}},"effectiveFrom":"2022-06-07","effectiveTo":"2023-07-24","status":"Inactive","terminationReason":"Airline(s) didn't give consent","cardLevelConsent":null},"bsp":{"id":6772,"isoCountryCode":"CH","name":"SWIT"},"level":"card","type":"no","status":"Inactive","effectiveFrom":"2022-06-07","effectiveTo":"2022-12-20"},{"id":677200000004196,"airline":{"id":6772495749,"iataCode":"191","name":"Air XXXXX X.X.X. XXX XXX XXXXX X.X.X."},"card":{"cardNumber":"222240XXXXXX0005","expiryDate":"08/23","issuerName":"CA","paymentNetwork":"CA","cardType":"Consumer","companyName":null,"id":677200000000015,"bsp":{"id":6772,"isoCountryCode":"CH","name":"SWIT"},"agent":{"id":67728120012,"iataCode":"8120012","name":"ATG XXXXXXXXXXX","bsp":{"id":6772,"isoCountryCode":"CH","name":"SWIT"}},"effectiveFrom":"2022-06-07","effectiveTo":"2023-07-24","status":"Inactive","terminationReason":"Airline(s) didn't give consent","cardLevelConsent":null},"bsp":{"id":6772,"isoCountryCode":"CH","name":"SWIT"},"level":"card","type":"no","status":"Inactive","effectiveFrom":"2022-06-07","effectiveTo":"2022-12-20"},{"id":677200000004407,"airline":{"id":6772495749,"iataCode":"191","name":"Air XXXXX X.X.X. XXX XXX XXXXX X.X.X."},"card":{"cardNumber":"222240XXXXXX0005","expiryDate":"07/23","issuerName":"NEWFIVE","paymentNetwork":"CA","cardType":"Consumer","companyName":null,"id":677200000000020,"bsp":{"id":6772,"isoCountryCode":"CH","name":"SWIT"},"agent":{"id":67728120012,"iataCode":"8120012","name":"ATG XXXXXXXXXXX","bsp":{"id":6772,"isoCountryCode":"CH","name":"SWIT"}},"effectiveFrom":"2022-10-13","effectiveTo":"2023-07-21","status":"Inactive","terminationReason":"Customer Card enrolled by error","cardLevelConsent":null},"bsp":{"id":6772,"isoCountryCode":"CH","name":"SWIT"},"level":"card","type":"no","status":"Inactive","effectiveFrom":"2022-10-13","effectiveTo":"2022-12-20"},{"id":677200000004526,"airline":{"id":6772495749,"iataCode":"191","name":"Air XXXXX X.X.X. XXX XXX XXXXX X.X.X."},"card":{"cardNumber":"222240XXXXXX0005","expiryDate":"06/27","issuerName":"NEWSIX - CHECK NOTIFICATION","paymentNetwork":"CA","cardType":"Consumer","companyName":null,"id":677200000000021,"bsp":{"id":6772,"isoCountryCode":"CH","name":"SWIT"},"agent":{"id":67728120012,"iataCode":"8120012","name":"ATG XXXXXXXXXXX","bsp":{"id":6772,"isoCountryCode":"CH","name":"SWIT"}},"effectiveFrom":"2022-10-13","effectiveTo":"2023-07-21","status":"Inactive","terminationReason":"Card Replaced / Changed Bank","cardLevelConsent":null},"bsp":{"id":6772,"isoCountryCode":"CH","name":"SWIT"},"level":"card","type":"no","status":"Inactive","effectiveFrom":"2022-10-13","effectiveTo":"2022-12-20"},{"id":677200000004665,"airline":{"id":6772495749,"iataCode":"191","name":"Air XXXXX X.X.X. XXX XXX XXXXX X.X.X."},"bsp":{"id":6772,"isoCountryCode":"CH","name":"SWIT"},"level":"country","type":"no","status":"Inactive","effectiveFrom":"2022-12-21","effectiveTo":"2022-12-22"},{"id":677200000004838,"airline":{"id":6772495749,"iataCode":"191","name":"Air XXXXX X.X.X. XXX XXX XXXXX X.X.X."},"card":{"cardNumber":"222240XXXXXX0005","expiryDate":"10/30","issuerName":"FAC","paymentNetwork":"CA","cardType":"Corporate","companyName":"provincia san anton","id":677200000000005,"bsp":{"id":6772,"isoCountryCode":"CH","name":"SWIT"},"agent":{"id":67728121080,"iataCode":"8121080","name":"VIAXXXXXX XX","bsp":{"id":6772,"isoCountryCode":"CH","name":"SWIT"}},"effectiveFrom":"2022-01-25","effectiveTo":null,"status":"Active","terminationReason":null,"cardLevelConsent":null},"bsp":{"id":6772,"isoCountryCode":"CH","name":"SWIT"},"level":"card","type":"no","status":"Inactive","effectiveFrom":"2022-12-21","effectiveTo":"2022-12-22"},{"id":677200000004997,"airline":{"id":6772495749,"iataCode":"191","name":"Air XXXXX X.X.X. XXX XXX XXXXX X.X.X."},"card":{"cardNumber":"222240XXXXXX0005","expiryDate":"11/30","issuerName":"TRR","paymentNetwork":"CA","cardType":"Corporate","companyName":"provincia san anton","id":677200000000006,"bsp":{"id":6772,"isoCountryCode":"CH","name":"SWIT"},"agent":{"id":67728120025,"iataCode":"8120025","name":"CWT","bsp":{"id":6772,"isoCountryCode":"CH","name":"SWIT"}},"effectiveFrom":"2022-01-25","effectiveTo":null,"status":"Active","terminationReason":null,"cardLevelConsent":null},"bsp":{"id":6772,"isoCountryCode":"CH","name":"SWIT"},"level":"card","type":"no","status":"Inactive","effectiveFrom":"2022-12-21","effectiveTo":"2022-12-22"},{"id":677200000005153,"airline":{"id":6772495749,"iataCode":"191","name":"Air XXXXX X.X.X. XXX XXX XXXXX X.X.X."},"card":{"cardNumber":"222240XXXXXX0005","expiryDate":"10/31","issuerName":"PEPE","paymentNetwork":"VI","cardType":"Consumer","companyName":null,"id":677200000000007,"bsp":{"id":6772,"isoCountryCode":"CH","name":"SWIT"},"agent":{"id":67728121080,"iataCode":"8121080","name":"VIAXXXXXX XX","bsp":{"id":6772,"isoCountryCode":"CH","name":"SWIT"}},"effectiveFrom":"2022-02-02","effectiveTo":null,"status":"Active","terminationReason":null,"cardLevelConsent":null},"bsp":{"id":6772,"isoCountryCode":"CH","name":"SWIT"},"level":"card","type":"no","status":"Inactive","effectiveFrom":"2022-12-21","effectiveTo":"2022-12-22"},{"id":677200000005305,"airline":{"id":6772495749,"iataCode":"191","name":"Air XXXXX X.X.X. XXX XXX XXXXX X.X.X."},"card":{"cardNumber":"222240XXXXXX0005","expiryDate":"12/34","issuerName":"CARLOS","paymentNetwork":"VI","cardType":"Corporate","companyName":"Accelya","id":677200000000008,"bsp":{"id":6772,"isoCountryCode":"CH","name":"SWIT"},"agent":{"id":67728127904,"iataCode":"8127904","name":"VOYXXXXXXX","bsp":{"id":6772,"isoCountryCode":"CH","name":"SWIT"}},"effectiveFrom":"2022-02-02","effectiveTo":null,"status":"Active","terminationReason":null,"cardLevelConsent":null},"bsp":{"id":6772,"isoCountryCode":"CH","name":"SWIT"},"level":"card","type":"no","status":"Inactive","effectiveFrom":"2022-12-21","effectiveTo":"2022-12-22"},{"id":677200000005457,"airline":{"id":6772495749,"iataCode":"191","name":"Air XXXXX X.X.X. XXX XXX XXXXX X.X.X."},"card":{"cardNumber":"222240XXXXXX0005","expiryDate":"11/31","issuerName":"CARLOS","paymentNetwork":"VI","cardType":"Corporate","companyName":"Accelya","id":677200000000009,"bsp":{"id":6772,"isoCountryCode":"CH","name":"SWIT"},"agent":{"id":67728127904,"iataCode":"8127904","name":"VOYXXXXXXX","bsp":{"id":6772,"isoCountryCode":"CH","name":"SWIT"}},"effectiveFrom":"2022-02-02","effectiveTo":null,"status":"Active","terminationReason":null,"cardLevelConsent":null},"bsp":{"id":6772,"isoCountryCode":"CH","name":"SWIT"},"level":"card","type":"no","status":"Inactive","effectiveFrom":"2022-12-21","effectiveTo":"2022-12-22"},{"id":677200000005609,"airline":{"id":6772495749,"iataCode":"191","name":"Air XXXXX X.X.X. XXX XXX XXXXX X.X.X."},"bsp":{"id":6772,"isoCountryCode":"CH","name":"SWIT"},"level":"country","type":"no","status":"Inactive","effectiveFrom":"2022-12-21","effectiveTo":"2022-12-22"},{"id":677200000005750,"airline":{"id":6772495749,"iataCode":"191","name":"Air XXXXX X.X.X. XXX XXX XXXXX X.X.X."},"card":{"cardNumber":"222240XXXXXX0005","expiryDate":"12/23","issuerName":"AX","paymentNetwork":"AX","cardType":"Corporate","companyName":"AX","id":677200000000012,"bsp":{"id":6772,"isoCountryCode":"CH","name":"SWIT"},"agent":{"id":67728120012,"iataCode":"8120012","name":"ATG XXXXXXXXXXX","bsp":{"id":6772,"isoCountryCode":"CH","name":"SWIT"}},"effectiveFrom":"2022-06-07","effectiveTo":"2023-05-02","status":"Inactive","terminationReason":"test","cardLevelConsent":null},"bsp":{"id":6772,"isoCountryCode":"CH","name":"SWIT"},"level":"card","type":"no","status":"Inactive","effectiveFrom":"2022-12-21","effectiveTo":"2022-12-22"},{"id":677200000005869,"airline":{"id":6772495749,"iataCode":"191","name":"Air XXXXX X.X.X. XXX XXX XXXXX X.X.X."},"card":{"cardNumber":"222240XXXXXX0005","expiryDate":"12/23","issuerName":"AX","paymentNetwork":"AX","cardType":"Corporate","companyName":"AX","id":677200000000013,"bsp":{"id":6772,"isoCountryCode":"CH","name":"SWIT"},"agent":{"id":67728120012,"iataCode":"8120012","name":"ATG XXXXXXXXXXX","bsp":{"id":6772,"isoCountryCode":"CH","name":"SWIT"}},"effectiveFrom":"2022-06-08","effectiveTo":"2023-08-08","status":"Inactive","terminationReason":"Card Replaced / Changed Bank","cardLevelConsent":null},"bsp":{"id":6772,"isoCountryCode":"CH","name":"SWIT"},"level":"card","type":"no","status":"Inactive","effectiveFrom":"2022-12-21","effectiveTo":"2022-12-22"},{"id":677200000005988,"airline":{"id":6772495749,"iataCode":"191","name":"Air XXXXX X.X.X. XXX XXX XXXXX X.X.X."},"card":{"cardNumber":"222240XXXXXX0005","expiryDate":"11/24","issuerName":"VI","paymentNetwork":"VI","cardType":"Consumer","companyName":null,"id":677200000000014,"bsp":{"id":6772,"isoCountryCode":"CH","name":"SWIT"},"agent":{"id":67728120012,"iataCode":"8120012","name":"ATG XXXXXXXXXXX","bsp":{"id":6772,"isoCountryCode":"CH","name":"SWIT"}},"effectiveFrom":"2022-06-07","effectiveTo":"2023-07-24","status":"Inactive","terminationReason":"Airline(s) didn't give consent","cardLevelConsent":null},"bsp":{"id":6772,"isoCountryCode":"CH","name":"SWIT"},"level":"card","type":"no","status":"Inactive","effectiveFrom":"2022-12-21","effectiveTo":"2022-12-22"},{"id":677200000006107,"airline":{"id":6772495749,"iataCode":"191","name":"Air XXXXX X.X.X. XXX XXX XXXXX X.X.X."},"card":{"cardNumber":"222240XXXXXX0005","expiryDate":"08/23","issuerName":"CA","paymentNetwork":"CA","cardType":"Consumer","companyName":null,"id":677200000000015,"bsp":{"id":6772,"isoCountryCode":"CH","name":"SWIT"},"agent":{"id":67728120012,"iataCode":"8120012","name":"ATG XXXXXXXXXXX","bsp":{"id":6772,"isoCountryCode":"CH","name":"SWIT"}},"effectiveFrom":"2022-06-07","effectiveTo":"2023-07-24","status":"Inactive","terminationReason":"Airline(s) didn't give consent","cardLevelConsent":null},"bsp":{"id":6772,"isoCountryCode":"CH","name":"SWIT"},"level":"card","type":"no","status":"Inactive","effectiveFrom":"2022-12-21","effectiveTo":"2022-12-22"},{"id":677200000006226,"airline":{"id":6772495749,"iataCode":"191","name":"Air XXXXX X.X.X. XXX XXX XXXXX X.X.X."},"card":{"cardNumber":"222240XXXXXX0005","expiryDate":"07/23","issuerName":"NEWFIVE","paymentNetwork":"CA","cardType":"Consumer","companyName":null,"id":677200000000020,"bsp":{"id":6772,"isoCountryCode":"CH","name":"SWIT"},"agent":{"id":67728120012,"iataCode":"8120012","name":"ATG XXXXXXXXXXX","bsp":{"id":6772,"isoCountryCode":"CH","name":"SWIT"}},"effectiveFrom":"2022-10-13","effectiveTo":"2023-07-21","status":"Inactive","terminationReason":"Customer Card enrolled by error","cardLevelConsent":null},"bsp":{"id":6772,"isoCountryCode":"CH","name":"SWIT"},"level":"card","type":"no","status":"Inactive","effectiveFrom":"2022-12-21","effectiveTo":"2022-12-22"},{"id":677200000006345,"airline":{"id":6772495749,"iataCode":"191","name":"Air XXXXX X.X.X. XXX XXX XXXXX X.X.X."},"card":{"cardNumber":"222240XXXXXX0005","expiryDate":"06/27","issuerName":"NEWSIX - CHECK NOTIFICATION","paymentNetwork":"CA","cardType":"Consumer","companyName":null,"id":677200000000021,"bsp":{"id":6772,"isoCountryCode":"CH","name":"SWIT"},"agent":{"id":67728120012,"iataCode":"8120012","name":"ATG XXXXXXXXXXX","bsp":{"id":6772,"isoCountryCode":"CH","name":"SWIT"}},"effectiveFrom":"2022-10-13","effectiveTo":"2023-07-21","status":"Inactive","terminationReason":"Card Replaced / Changed Bank","cardLevelConsent":null},"bsp":{"id":6772,"isoCountryCode":"CH","name":"SWIT"},"level":"card","type":"no","status":"Inactive","effectiveFrom":"2022-12-21","effectiveTo":"2022-12-22"},{"id":677200000006483,"airline":{"id":6772495749,"iataCode":"191","name":"Air XXXXX X.X.X. XXX XXX XXXXX X.X.X."},"bsp":{"id":6772,"isoCountryCode":"CH","name":"SWIT"},"level":"country","type":"no","status":"Active","effectiveFrom":"2023-03-15"},{"id":677210000002140,"airline":{"id":6772495749,"iataCode":"191","name":"Air XXXXX X.X.X. XXX XXX XXXXX X.X.X."},"bsp":{"id":6772,"isoCountryCode":"CH","name":"SWIT"},"level":"country","type":"no","status":"Active","effectiveFrom":"2024-05-25"},{"id":677210000010697,"airline":{"id":6772495749,"iataCode":"191","name":"Air XXXXX X.X.X. XXX XXX XXXXX X.X.X."},"card":{"cardNumber":"222240XXXXXX0005","expiryDate":"10/31","issuerName":"PEPE","paymentNetwork":"VI","cardType":"Consumer","companyName":null,"id":677200000000007,"bsp":{"id":6772,"isoCountryCode":"CH","name":"SWIT"},"agent":{"id":67728121080,"iataCode":"8121080","name":"VIAXXXXXX XX","bsp":{"id":6772,"isoCountryCode":"CH","name":"SWIT"}},"effectiveFrom":"2022-02-02","effectiveTo":null,"status":"Active","terminationReason":null,"cardLevelConsent":null},"bsp":{"id":6772,"isoCountryCode":"CH","name":"SWIT"},"level":"card","type":"no","status":"Active","effectiveFrom":"2024-10-08"},{"id":677210000010765,"airline":{"id":6772495749,"iataCode":"191","name":"Air XXXXX X.X.X. XXX XXX XXXXX X.X.X."},"card":{"cardNumber":"222240XXXXXX0005","expiryDate":"02/29","issuerName":"MASTERCARD","paymentNetwork":"CA","cardType":"Corporate","companyName":"ABC Pvt Ltd","id":677200000000033,"bsp":{"id":6772,"isoCountryCode":"CH","name":"SWIT"},"agent":{"id":67728120012,"iataCode":"8120012","name":"ATG XXXXXXXXXXX","bsp":{"id":6772,"isoCountryCode":"CH","name":"SWIT"}},"effectiveFrom":"2023-08-17","effectiveTo":null,"status":"Active","terminationReason":null,"cardLevelConsent":null},"bsp":{"id":6772,"isoCountryCode":"CH","name":"SWIT"},"level":"card","type":"no","status":"Active","effectiveFrom":"2024-10-08"},{"id":677210000010846,"airline":{"id":6772495749,"iataCode":"191","name":"Air XXXXX X.X.X. XXX XXX XXXXX X.X.X."},"card":{"cardNumber":"222240XXXXXX0005","expiryDate":"12/34","issuerName":"CARLOS","paymentNetwork":"VI","cardType":"Corporate","companyName":"Accelya","id":677200000000008,"bsp":{"id":6772,"isoCountryCode":"CH","name":"SWIT"},"agent":{"id":67728127904,"iataCode":"8127904","name":"VOYXXXXXXX","bsp":{"id":6772,"isoCountryCode":"CH","name":"SWIT"}},"effectiveFrom":"2022-02-02","effectiveTo":null,"status":"Active","terminationReason":null,"cardLevelConsent":null},"bsp":{"id":6772,"isoCountryCode":"CH","name":"SWIT"},"level":"card","type":"no","status":"Active","effectiveFrom":"2024-10-08"},{"id":677210000010887,"airline":{"id":6772495749,"iataCode":"191","name":"Air XXXXX X.X.X. XXX XXX XXXXX X.X.X."},"card":{"cardNumber":"222240XXXXXX0005","expiryDate":"12/29","issuerName":"MASTERCARD","paymentNetwork":"CA","cardType":"Consumer","companyName":null,"id":677200000000050,"bsp":{"id":6772,"isoCountryCode":"CH","name":"SWIT"},"agent":{"id":67728120012,"iataCode":"8120012","name":"ATG XXXXXXXXXXX","bsp":{"id":6772,"isoCountryCode":"CH","name":"SWIT"}},"effectiveFrom":"2023-12-18","effectiveTo":null,"status":"Active","terminationReason":null,"cardLevelConsent":null},"bsp":{"id":6772,"isoCountryCode":"CH","name":"SWIT"},"level":"card","type":"no","status":"Active","effectiveFrom":"2024-10-08"},{"id":677210000010890,"airline":{"id":6772495749,"iataCode":"191","name":"Air XXXXX X.X.X. XXX XXX XXXXX X.X.X."},"card":{"cardNumber":"222240XXXXXX0005","expiryDate":"09/28","issuerName":"Gänsefüßchen","paymentNetwork":"CA","cardType":"Consumer","companyName":"füßchen","id":677200000000051,"bsp":{"id":6772,"isoCountryCode":"CH","name":"SWIT"},"agent":{"id":67728120012,"iataCode":"8120012","name":"ATG XXXXXXXXXXX","bsp":{"id":6772,"isoCountryCode":"CH","name":"SWIT"}},"effectiveFrom":"2023-12-19","effectiveTo":null,"status":"Active","terminationReason":"EspañaHörgerätGänsefüßchendésembâtonnéEl perro ladró, la vaca calló, el gato maulló y el pato, que no daba crédito, corr","cardLevelConsent":null},"bsp":{"id":6772,"isoCountryCode":"CH","name":"SWIT"},"level":"card","type":"no","status":"Active","effectiveFrom":"2024-10-08"},{"id":677210000010968,"airline":{"id":6772495749,"iataCode":"191","name":"Air XXXXX X.X.X. XXX XXX XXXXX X.X.X."},"card":{"cardNumber":"222240XXXXXX0005","expiryDate":"10/30","issuerName":"FAC","paymentNetwork":"CA","cardType":"Corporate","companyName":"provincia san anton","id":677200000000005,"bsp":{"id":6772,"isoCountryCode":"CH","name":"SWIT"},"agent":{"id":67728121080,"iataCode":"8121080","name":"VIAXXXXXX XX","bsp":{"id":6772,"isoCountryCode":"CH","name":"SWIT"}},"effectiveFrom":"2022-01-25","effectiveTo":null,"status":"Active","terminationReason":null,"cardLevelConsent":null},"bsp":{"id":6772,"isoCountryCode":"CH","name":"SWIT"},"level":"card","type":"no","status":"Active","effectiveFrom":"2024-10-08"},{"id":677210000011075,"airline":{"id":6772495749,"iataCode":"191","name":"Air XXXXX X.X.X. XXX XXX XXXXX X.X.X."},"card":{"cardNumber":"222240XXXXXX0005","expiryDate":"02/29","issuerName":"MASTERCARD","paymentNetwork":"CA","cardType":"Corporate","companyName":"ABC Pvt Ltd","id":677200000000032,"bsp":{"id":6772,"isoCountryCode":"CH","name":"SWIT"},"agent":{"id":67728120012,"iataCode":"8120012","name":"ATG XXXXXXXXXXX","bsp":{"id":6772,"isoCountryCode":"CH","name":"SWIT"}},"effectiveFrom":"2023-08-17","effectiveTo":null,"status":"Active","terminationReason":null,"cardLevelConsent":null},"bsp":{"id":6772,"isoCountryCode":"CH","name":"SWIT"},"level":"card","type":"no","status":"Active","effectiveFrom":"2024-10-08"},{"id":677210000011081,"airline":{"id":6772495749,"iataCode":"191","name":"Air XXXXX X.X.X. XXX XXX XXXXX X.X.X."},"card":{"cardNumber":"222240XXXXXX0005","expiryDate":"11/30","issuerName":"TRR","paymentNetwork":"CA","cardType":"Corporate","companyName":"provincia san anton","id":677200000000006,"bsp":{"id":6772,"isoCountryCode":"CH","name":"SWIT"},"agent":{"id":67728120025,"iataCode":"8120025","name":"CWT","bsp":{"id":6772,"isoCountryCode":"CH","name":"SWIT"}},"effectiveFrom":"2022-01-25","effectiveTo":null,"status":"Active","terminationReason":null,"cardLevelConsent":null},"bsp":{"id":6772,"isoCountryCode":"CH","name":"SWIT"},"level":"card","type":"no","status":"Active","effectiveFrom":"2024-10-08"},{"id":677210000011614,"airline":{"id":6772495749,"iataCode":"191","name":"Air XXXXX X.X.X. XXX XXX XXXXX X.X.X."},"card":{"cardNumber":"222240XXXXXX0005","expiryDate":"11/31","issuerName":"CARLOS","paymentNetwork":"VI","cardType":"Corporate","companyName":"Accelya","id":677200000000009,"bsp":{"id":6772,"isoCountryCode":"CH","name":"SWIT"},"agent":{"id":67728127904,"iataCode":"8127904","name":"VOYXXXXXXX","bsp":{"id":6772,"isoCountryCode":"CH","name":"SWIT"}},"effectiveFrom":"2022-02-02","effectiveTo":null,"status":"Active","terminationReason":null,"cardLevelConsent":null},"bsp":{"id":6772,"isoCountryCode":"CH","name":"SWIT"},"level":"card","type":"no","status":"Active","effectiveFrom":"2024-10-08"}]}

09-10-2024T20:53:05 - [TEST_STEP][PASSED] - recordsQA = getTestCaseVariables().get("sortedRecordsQA"): null

09-10-2024T20:53:05 - [TEST_STEP][FAILED] - markFailed(recordsQA): 

09-10-2024T20:53:05 - [MESSAGE][FAILED] - 

09-10-2024T20:53:05 - [TEST_STEP][PASSED] - recordsQAMIG = getTestCaseVariables().get("sortedRecordsQAMIG"): null

09-10-2024T20:53:05 - [TEST_STEP][FAILED] - markFailed(recordsQAMIG): 

09-10-2024T20:53:05 - [MESSAGE][FAILED] - 

09-10-2024T20:53:05 - [TEST_STEP][PASSED] - missingIDsList = getTestCaseVariables().get("missing_IDs"): null

09-10-2024T20:53:05 - [TEST_STEP][FAILED] - missingIDsList.each({ java.lang.Object id -> ... }): ID Missing -> [id:677210000011614, airline:[id:6772495749, iataCode:191, name:Air XXXXX X.X.X. XXX XXX XXXXX X.X.X.], card:[cardNumber:222240XXXXXX0005, expiryDate:11/31, issuerName:CARLOS, paymentNetwork:VI, cardType:Corporate, companyName:Accelya, id:677200000000009, bsp:[id:6772, isoCountryCode:CH, name:SWIT], agent:[id:67728127904, iataCode:8127904, name:VOYXXXXXXX, bsp:[id:6772, isoCountryCode:CH, name:SWIT]], effectiveFrom:2022-02-02, effectiveTo:null, status:Active, terminationReason:null, cardLevelConsent:null], bsp:[id:6772, isoCountryCode:CH, name:SWIT], level:card, type:no, status:Active, effectiveFrom:2024-10-08]

09-10-2024T20:53:05 - [MESSAGE][FAILED] - ID Missing -> [id:677200000000067, airline:[id:6772495749, iataCode:191, name:Air XXXXX X.X.X. XXX XXX XXXXX X.X.X.], bsp:[id:6772, isoCountryCode:CH, name:SWIT], level:country, type:no, status:Inactive, effectiveFrom:2019-07-01, effectiveTo:2020-02-20]

09-10-2024T20:53:05 - [MESSAGE][FAILED] - ID Missing -> [id:677200000000230, airline:[id:6772495749, iataCode:191, name:Air XXXXX X.X.X. XXX XXX XXXXX X.X.X.], bsp:[id:6772, isoCountryCode:CH, name:SWIT], level:country, type:no, status:Inactive, effectiveFrom:2019-07-05, effectiveTo:2020-02-20]

09-10-2024T20:53:05 - [MESSAGE][FAILED] - ID Missing -> [id:677200000000378, airline:[id:6772495749, iataCode:191, name:Air XXXXX X.X.X. XXX XXX XXXXX X.X.X.], bsp:[id:6772, isoCountryCode:CH, name:SWIT], level:country, type:no, status:Inactive, effectiveFrom:2019-07-05, effectiveTo:2020-02-20]

09-10-2024T20:53:05 - [MESSAGE][FAILED] - ID Missing -> [id:677200000000526, airline:[id:6772495749, iataCode:191, name:Air XXXXX X.X.X. XXX XXX XXXXX X.X.X.], bsp:[id:6772, isoCountryCode:CH, name:SWIT], level:country, type:no, status:Inactive, effectiveFrom:2019-07-05, effectiveTo:2020-02-20]

09-10-2024T20:53:05 - [MESSAGE][FAILED] - ID Missing -> [id:677200000000704, airline:[id:6772495749, iataCode:191, name:Air XXXXX X.X.X. XXX XXX XXXXX X.X.X.], bsp:[id:6772, isoCountryCode:CH, name:SWIT], level:country, type:no, status:Inactive, effectiveFrom:2021-02-05, effectiveTo:2022-03-03]

09-10-2024T20:53:05 - [MESSAGE][FAILED] - ID Missing -> [id:677200000000863, airline:[id:6772495749, iataCode:191, name:Air XXXXX X.X.X. XXX XXX XXXXX X.X.X.], bsp:[id:6772, isoCountryCode:CH, name:SWIT], level:country, type:no, status:Inactive, effectiveFrom:2021-02-05, effectiveTo:2021-12-01]

09-10-2024T20:53:05 - [MESSAGE][FAILED] - ID Missing -> [id:677200000000997, airline:[id:6772495749, iataCode:191, name:Air XXXXX X.X.X. XXX XXX XXXXX X.X.X.], bsp:[id:6772, isoCountryCode:CH, name:SWIT], level:country, type:no, status:Inactive, effectiveFrom:2021-02-05, effectiveTo:2022-03-03]

09-10-2024T20:53:05 - [MESSAGE][FAILED] - ID Missing -> [id:677200000001131, airline:[id:6772495749, iataCode:191, name:Air XXXXX X.X.X. XXX XXX XXXXX X.X.X.], bsp:[id:6772, isoCountryCode:CH, name:SWIT], level:country, type:no, status:Inactive, effectiveFrom:2021-02-05, effectiveTo:2021-06-01]

09-10-2024T20:53:05 - [MESSAGE][FAILED] - ID Missing -> [id:677200000001276, airline:[id:6772495749, iataCode:191, name:Air XXXXX X.X.X. XXX XXX XXXXX X.X.X.], card:[cardNumber:222240XXXXXX0005, expiryDate:10/30, issuerName:FAC, paymentNetwork:CA, cardType:Consumer, companyName:null, id:677200000000004, bsp:[id:6772, isoCountryCode:CH, name:SWIT], agent:[id:67728120025, iataCode:8120025, name:CWT, bsp:[id:6772, isoCountryCode:CH, name:SWIT]], effectiveFrom:2021-03-04, effectiveTo:2022-01-25, status:Inactive, terminationReason:test, cardLevelConsent:null], bsp:[id:6772, isoCountryCode:CH, name:SWIT], level:card, type:no, status:Inactive, effectiveFrom:2021-03-04, effectiveTo:2022-01-25]

09-10-2024T20:53:05 - [MESSAGE][FAILED] - ID Missing -> [id:677200000001452, airline:[id:6772495749, iataCode:191, name:Air XXXXX X.X.X. XXX XXX XXXXX X.X.X.], card:[cardNumber:222240XXXXXX0005, expiryDate:10/30, issuerName:FAC, paymentNetwork:CA, cardType:Corporate, companyName:provincia san anton, id:677200000000005, bsp:[id:6772, isoCountryCode:CH, name:SWIT], agent:[id:67728121080, iataCode:8121080, name:VIAXXXXXX XX, bsp:[id:6772, isoCountryCode:CH, name:SWIT]], effectiveFrom:2022-01-25, effectiveTo:null, status:Active, terminationReason:null, cardLevelConsent:null], bsp:[id:6772, isoCountryCode:CH, name:SWIT], level:card, type:no, status:Inactive, effectiveFrom:2022-01-25, effectiveTo:2022-03-03]

09-10-2024T20:53:05 - [MESSAGE][FAILED] - ID Missing -> [id:677200000001611, airline:[id:6772495749, iataCode:191, name:Air XXXXX X.X.X. XXX XXX XXXXX X.X.X.], card:[cardNumber:222240XXXXXX0005, expiryDate:11/30, issuerName:TRR, paymentNetwork:CA, cardType:Corporate, companyName:provincia san anton, id:677200000000006, bsp:[id:6772, isoCountryCode:CH, name:SWIT], agent:[id:67728120025, iataCode:8120025, name:CWT, bsp:[id:6772, isoCountryCode:CH, name:SWIT]], effectiveFrom:2022-01-25, effectiveTo:null, status:Active, terminationReason:null, cardLevelConsent:null], bsp:[id:6772, isoCountryCode:CH, name:SWIT], level:card, type:no, status:Inactive, effectiveFrom:2022-01-25, effectiveTo:2022-03-03]

09-10-2024T20:53:05 - [MESSAGE][FAILED] - ID Missing -> [id:677200000001768, airline:[id:6772495749, iataCode:191, name:Air XXXXX X.X.X. XXX XXX XXXXX X.X.X.], card:[cardNumber:222240XXXXXX0005, expiryDate:10/31, issuerName:PEPE, paymentNetwork:VI, cardType:Consumer, companyName:null, id:677200000000007, bsp:[id:6772, isoCountryCode:CH, name:SWIT], agent:[id:67728121080, iataCode:8121080, name:VIAXXXXXX XX, bsp:[id:6772, isoCountryCode:CH, name:SWIT]], effectiveFrom:2022-02-02, effectiveTo:null, status:Active, terminationReason:null, cardLevelConsent:null], bsp:[id:6772, isoCountryCode:CH, name:SWIT], level:card, type:no, status:Inactive, effectiveFrom:2022-02-02, effectiveTo:2022-03-03]

09-10-2024T20:53:05 - [MESSAGE][FAILED] - ID Missing -> [id:677200000001920, airline:[id:6772495749, iataCode:191, name:Air XXXXX X.X.X. XXX XXX XXXXX X.X.X.], card:[cardNumber:222240XXXXXX0005, expiryDate:12/34, issuerName:CARLOS, paymentNetwork:VI, cardType:Corporate, companyName:Accelya, id:677200000000008, bsp:[id:6772, isoCountryCode:CH, name:SWIT], agent:[id:67728127904, iataCode:8127904, name:VOYXXXXXXX, bsp:[id:6772, isoCountryCode:CH, name:SWIT]], effectiveFrom:2022-02-02, effectiveTo:null, status:Active, terminationReason:null, cardLevelConsent:null], bsp:[id:6772, isoCountryCode:CH, name:SWIT], level:card, type:no, status:Inactive, effectiveFrom:2022-02-02, effectiveTo:2022-03-03]

09-10-2024T20:53:05 - [MESSAGE][FAILED] - ID Missing -> [id:677200000002072, airline:[id:6772495749, iataCode:191, name:Air XXXXX X.X.X. XXX XXX XXXXX X.X.X.], card:[cardNumber:222240XXXXXX0005, expiryDate:11/31, issuerName:CARLOS, paymentNetwork:VI, cardType:Corporate, companyName:Accelya, id:677200000000009, bsp:[id:6772, isoCountryCode:CH, name:SWIT], agent:[id:67728127904, iataCode:8127904, name:VOYXXXXXXX, bsp:[id:6772, isoCountryCode:CH, name:SWIT]], effectiveFrom:2022-02-02, effectiveTo:null, status:Active, terminationReason:null, cardLevelConsent:null], bsp:[id:6772, isoCountryCode:CH, name:SWIT], level:card, type:no, status:Inactive, effectiveFrom:2022-02-02, effectiveTo:2022-03-03]

09-10-2024T20:53:05 - [MESSAGE][FAILED] - ID Missing -> [id:677200000002224, airline:[id:6772495749, iataCode:191, name:Air XXXXX X.X.X. XXX XXX XXXXX X.X.X.], bsp:[id:6772, isoCountryCode:CH, name:SWIT], level:country, type:no, status:Inactive, effectiveFrom:2022-02-02, effectiveTo:2022-03-03]

09-10-2024T20:53:05 - [MESSAGE][FAILED] - ID Missing -> [id:677200000002365, airline:[id:6772495749, iataCode:191, name:Air XXXXX X.X.X. XXX XXX XXXXX X.X.X.], card:[cardNumber:222240XXXXXX0005, expiryDate:12/23, issuerName:AX, paymentNetwork:AX, cardType:Consumer, companyName:null, id:677200000000011, bsp:[id:6772, isoCountryCode:CH, name:SWIT], agent:[id:67728120012, iataCode:8120012, name:ATG XXXXXXXXXXX, bsp:[id:6772, isoCountryCode:CH, name:SWIT]], effectiveFrom:2022-02-28, effectiveTo:2022-05-05, status:Inactive, terminationReason:test, cardLevelConsent:null], bsp:[id:6772, isoCountryCode:CH, name:SWIT], level:card, type:no, status:Inactive, effectiveFrom:2022-02-28, effectiveTo:2022-03-03]

09-10-2024T20:53:05 - [MESSAGE][FAILED] - ID Missing -> [id:677200000002503, airline:[id:6772495749, iataCode:191, name:Air XXXXX X.X.X. XXX XXX XXXXX X.X.X.], bsp:[id:6772, isoCountryCode:CH, name:SWIT], level:country, type:no, status:Inactive, effectiveFrom:2022-03-04, effectiveTo:2022-12-20]

09-10-2024T20:53:05 - [MESSAGE][FAILED] - ID Missing -> [id:677200000002664, airline:[id:6772495749, iataCode:191, name:Air XXXXX X.X.X. XXX XXX XXXXX X.X.X.], bsp:[id:6772, isoCountryCode:CH, name:SWIT], level:country, type:no, status:Inactive, effectiveFrom:2022-03-04, effectiveTo:2022-10-03]

09-10-2024T20:53:05 - [MESSAGE][FAILED] - ID Missing -> [id:677200000002808, airline:[id:6772495749, iataCode:191, name:Air XXXXX X.X.X. XXX XXX XXXXX X.X.X.], card:[cardNumber:222240XXXXXX0005, expiryDate:10/30, issuerName:FAC, paymentNetwork:CA, cardType:Corporate, companyName:provincia san anton, id:677200000000005, bsp:[id:6772, isoCountryCode:CH, name:SWIT], agent:[id:67728121080, iataCode:8121080, name:VIAXXXXXX XX, bsp:[id:6772, isoCountryCode:CH, name:SWIT]], effectiveFrom:2022-01-25, effectiveTo:null, status:Active, terminationReason:null, cardLevelConsent:null], bsp:[id:6772, isoCountryCode:CH, name:SWIT], level:card, type:no, status:Inactive, effectiveFrom:2022-03-04, effectiveTo:2022-12-20]

09-10-2024T20:53:05 - [MESSAGE][FAILED] - ID Missing -> [id:677200000002967, airline:[id:6772495749, iataCode:191, name:Air XXXXX X.X.X. XXX XXX XXXXX X.X.X.], card:[cardNumber:222240XXXXXX0005, expiryDate:11/30, issuerName:TRR, paymentNetwork:CA, cardType:Corporate, companyName:provincia san anton, id:677200000000006, bsp:[id:6772, isoCountryCode:CH, name:SWIT], agent:[id:67728120025, iataCode:8120025, name:CWT, bsp:[id:6772, isoCountryCode:CH, name:SWIT]], effectiveFrom:2022-01-25, effectiveTo:null, status:Active, terminationReason:null, cardLevelConsent:null], bsp:[id:6772, isoCountryCode:CH, name:SWIT], level:card, type:no, status:Inactive, effectiveFrom:2022-03-04, effectiveTo:2022-12-20]

09-10-2024T20:53:05 - [MESSAGE][FAILED] - ID Missing -> [id:677200000003123, airline:[id:6772495749, iataCode:191, name:Air XXXXX X.X.X. XXX XXX XXXXX X.X.X.], card:[cardNumber:222240XXXXXX0005, expiryDate:10/31, issuerName:PEPE, paymentNetwork:VI, cardType:Consumer, companyName:null, id:677200000000007, bsp:[id:6772, isoCountryCode:CH, name:SWIT], agent:[id:67728121080, iataCode:8121080, name:VIAXXXXXX XX, bsp:[id:6772, isoCountryCode:CH, name:SWIT]], effectiveFrom:2022-02-02, effectiveTo:null, status:Active, terminationReason:null, cardLevelConsent:null], bsp:[id:6772, isoCountryCode:CH, name:SWIT], level:card, type:no, status:Inactive, effectiveFrom:2022-03-04, effectiveTo:2022-12-20]

09-10-2024T20:53:05 - [MESSAGE][FAILED] - ID Missing -> [id:677200000003275, airline:[id:6772495749, iataCode:191, name:Air XXXXX X.X.X. XXX XXX XXXXX X.X.X.], card:[cardNumber:222240XXXXXX0005, expiryDate:12/34, issuerName:CARLOS, paymentNetwork:VI, cardType:Corporate, companyName:Accelya, id:677200000000008, bsp:[id:6772, isoCountryCode:CH, name:SWIT], agent:[id:67728127904, iataCode:8127904, name:VOYXXXXXXX, bsp:[id:6772, isoCountryCode:CH, name:SWIT]], effectiveFrom:2022-02-02, effectiveTo:null, status:Active, terminationReason:null, cardLevelConsent:null], bsp:[id:6772, isoCountryCode:CH, name:SWIT], level:card, type:no, status:Inactive, effectiveFrom:2022-03-04, effectiveTo:2022-12-20]

09-10-2024T20:53:05 - [MESSAGE][FAILED] - ID Missing -> [id:677200000003427, airline:[id:6772495749, iataCode:191, name:Air XXXXX X.X.X. XXX XXX XXXXX X.X.X.], card:[cardNumber:222240XXXXXX0005, expiryDate:11/31, issuerName:CARLOS, paymentNetwork:VI, cardType:Corporate, companyName:Accelya, id:677200000000009, bsp:[id:6772, isoCountryCode:CH, name:SWIT], agent:[id:67728127904, iataCode:8127904, name:VOYXXXXXXX, bsp:[id:6772, isoCountryCode:CH, name:SWIT]], effectiveFrom:2022-02-02, effectiveTo:null, status:Active, terminationReason:null, cardLevelConsent:null], bsp:[id:6772, isoCountryCode:CH, name:SWIT], level:card, type:no, status:Inactive, effectiveFrom:2022-03-04, effectiveTo:2022-12-20]

09-10-2024T20:53:05 - [MESSAGE][FAILED] - ID Missing -> [id:677200000003579, airline:[id:6772495749, iataCode:191, name:Air XXXXX X.X.X. XXX XXX XXXXX X.X.X.], bsp:[id:6772, isoCountryCode:CH, name:SWIT], level:country, type:no, status:Inactive, effectiveFrom:2022-03-04, effectiveTo:2022-12-20]

09-10-2024T20:53:05 - [MESSAGE][FAILED] - ID Missing -> [id:677200000003720, airline:[id:6772495749, iataCode:191, name:Air XXXXX X.X.X. XXX XXX XXXXX X.X.X.], card:[cardNumber:222240XXXXXX0005, expiryDate:12/23, issuerName:AX, paymentNetwork:AX, cardType:Consumer, companyName:null, id:677200000000011, bsp:[id:6772, isoCountryCode:CH, name:SWIT], agent:[id:67728120012, iataCode:8120012, name:ATG XXXXXXXXXXX, bsp:[id:6772, isoCountryCode:CH, name:SWIT]], effectiveFrom:2022-02-28, effectiveTo:2022-05-05, status:Inactive, terminationReason:test, cardLevelConsent:null], bsp:[id:6772, isoCountryCode:CH, name:SWIT], level:card, type:no, status:Inactive, effectiveFrom:2022-03-04, effectiveTo:2022-05-05]

09-10-2024T20:53:05 - [MESSAGE][FAILED] - ID Missing -> [id:677200000003839, airline:[id:6772495749, iataCode:191, name:Air XXXXX X.X.X. XXX XXX XXXXX X.X.X.], card:[cardNumber:222240XXXXXX0005, expiryDate:12/23, issuerName:AX, paymentNetwork:AX, cardType:Corporate, companyName:AX, id:677200000000012, bsp:[id:6772, isoCountryCode:CH, name:SWIT], agent:[id:67728120012, iataCode:8120012, name:ATG XXXXXXXXXXX, bsp:[id:6772, isoCountryCode:CH, name:SWIT]], effectiveFrom:2022-06-07, effectiveTo:2023-05-02, status:Inactive, terminationReason:test, cardLevelConsent:null], bsp:[id:6772, isoCountryCode:CH, name:SWIT], level:card, type:no, status:Inactive, effectiveFrom:2022-06-07, effectiveTo:2022-12-20]

09-10-2024T20:53:05 - [MESSAGE][FAILED] - ID Missing -> [id:677200000003958, airline:[id:6772495749, iataCode:191, name:Air XXXXX X.X.X. XXX XXX XXXXX X.X.X.], card:[cardNumber:222240XXXXXX0005, expiryDate:12/23, issuerName:AX, paymentNetwork:AX, cardType:Corporate, companyName:AX, id:677200000000013, bsp:[id:6772, isoCountryCode:CH, name:SWIT], agent:[id:67728120012, iataCode:8120012, name:ATG XXXXXXXXXXX, bsp:[id:6772, isoCountryCode:CH, name:SWIT]], effectiveFrom:2022-06-08, effectiveTo:2023-08-08, status:Inactive, terminationReason:Card Replaced / Changed Bank, cardLevelConsent:null], bsp:[id:6772, isoCountryCode:CH, name:SWIT], level:card, type:no, status:Inactive, effectiveFrom:2022-06-07, effectiveTo:2022-12-20]

09-10-2024T20:53:05 - [MESSAGE][FAILED] - ID Missing -> [id:677200000004077, airline:[id:6772495749, iataCode:191, name:Air XXXXX X.X.X. XXX XXX XXXXX X.X.X.], card:[cardNumber:222240XXXXXX0005, expiryDate:11/24, issuerName:VI, paymentNetwork:VI, cardType:Consumer, companyName:null, id:677200000000014, bsp:[id:6772, isoCountryCode:CH, name:SWIT], agent:[id:67728120012, iataCode:8120012, name:ATG XXXXXXXXXXX, bsp:[id:6772, isoCountryCode:CH, name:SWIT]], effectiveFrom:2022-06-07, effectiveTo:2023-07-24, status:Inactive, terminationReason:Airline(s) didn't give consent, cardLevelConsent:null], bsp:[id:6772, isoCountryCode:CH, name:SWIT], level:card, type:no, status:Inactive, effectiveFrom:2022-06-07, effectiveTo:2022-12-20]

09-10-2024T20:53:05 - [MESSAGE][FAILED] - ID Missing -> [id:677200000004196, airline:[id:6772495749, iataCode:191, name:Air XXXXX X.X.X. XXX XXX XXXXX X.X.X.], card:[cardNumber:222240XXXXXX0005, expiryDate:08/23, issuerName:CA, paymentNetwork:CA, cardType:Consumer, companyName:null, id:677200000000015, bsp:[id:6772, isoCountryCode:CH, name:SWIT], agent:[id:67728120012, iataCode:8120012, name:ATG XXXXXXXXXXX, bsp:[id:6772, isoCountryCode:CH, name:SWIT]], effectiveFrom:2022-06-07, effectiveTo:2023-07-24, status:Inactive, terminationReason:Airline(s) didn't give consent, cardLevelConsent:null], bsp:[id:6772, isoCountryCode:CH, name:SWIT], level:card, type:no, status:Inactive, effectiveFrom:2022-06-07, effectiveTo:2022-12-20]

09-10-2024T20:53:05 - [MESSAGE][FAILED] - ID Missing -> [id:677200000004407, airline:[id:6772495749, iataCode:191, name:Air XXXXX X.X.X. XXX XXX XXXXX X.X.X.], card:[cardNumber:222240XXXXXX0005, expiryDate:07/23, issuerName:NEWFIVE, paymentNetwork:CA, cardType:Consumer, companyName:null, id:677200000000020, bsp:[id:6772, isoCountryCode:CH, name:SWIT], agent:[id:67728120012, iataCode:8120012, name:ATG XXXXXXXXXXX, bsp:[id:6772, isoCountryCode:CH, name:SWIT]], effectiveFrom:2022-10-13, effectiveTo:2023-07-21, status:Inactive, terminationReason:Customer Card enrolled by error, cardLevelConsent:null], bsp:[id:6772, isoCountryCode:CH, name:SWIT], level:card, type:no, status:Inactive, effectiveFrom:2022-10-13, effectiveTo:2022-12-20]

09-10-2024T20:53:05 - [MESSAGE][FAILED] - ID Missing -> [id:677200000004526, airline:[id:6772495749, iataCode:191, name:Air XXXXX X.X.X. XXX XXX XXXXX X.X.X.], card:[cardNumber:222240XXXXXX0005, expiryDate:06/27, issuerName:NEWSIX - CHECK NOTIFICATION, paymentNetwork:CA, cardType:Consumer, companyName:null, id:677200000000021, bsp:[id:6772, isoCountryCode:CH, name:SWIT], agent:[id:67728120012, iataCode:8120012, name:ATG XXXXXXXXXXX, bsp:[id:6772, isoCountryCode:CH, name:SWIT]], effectiveFrom:2022-10-13, effectiveTo:2023-07-21, status:Inactive, terminationReason:Card Replaced / Changed Bank, cardLevelConsent:null], bsp:[id:6772, isoCountryCode:CH, name:SWIT], level:card, type:no, status:Inactive, effectiveFrom:2022-10-13, effectiveTo:2022-12-20]

09-10-2024T20:53:05 - [MESSAGE][FAILED] - ID Missing -> [id:677200000004665, airline:[id:6772495749, iataCode:191, name:Air XXXXX X.X.X. XXX XXX XXXXX X.X.X.], bsp:[id:6772, isoCountryCode:CH, name:SWIT], level:country, type:no, status:Inactive, effectiveFrom:2022-12-21, effectiveTo:2022-12-22]

09-10-2024T20:53:05 - [MESSAGE][FAILED] - ID Missing -> [id:677200000004838, airline:[id:6772495749, iataCode:191, name:Air XXXXX X.X.X. XXX XXX XXXXX X.X.X.], card:[cardNumber:222240XXXXXX0005, expiryDate:10/30, issuerName:FAC, paymentNetwork:CA, cardType:Corporate, companyName:provincia san anton, id:677200000000005, bsp:[id:6772, isoCountryCode:CH, name:SWIT], agent:[id:67728121080, iataCode:8121080, name:VIAXXXXXX XX, bsp:[id:6772, isoCountryCode:CH, name:SWIT]], effectiveFrom:2022-01-25, effectiveTo:null, status:Active, terminationReason:null, cardLevelConsent:null], bsp:[id:6772, isoCountryCode:CH, name:SWIT], level:card, type:no, status:Inactive, effectiveFrom:2022-12-21, effectiveTo:2022-12-22]

09-10-2024T20:53:05 - [MESSAGE][FAILED] - ID Missing -> [id:677200000004997, airline:[id:6772495749, iataCode:191, name:Air XXXXX X.X.X. XXX XXX XXXXX X.X.X.], card:[cardNumber:222240XXXXXX0005, expiryDate:11/30, issuerName:TRR, paymentNetwork:CA, cardType:Corporate, companyName:provincia san anton, id:677200000000006, bsp:[id:6772, isoCountryCode:CH, name:SWIT], agent:[id:67728120025, iataCode:8120025, name:CWT, bsp:[id:6772, isoCountryCode:CH, name:SWIT]], effectiveFrom:2022-01-25, effectiveTo:null, status:Active, terminationReason:null, cardLevelConsent:null], bsp:[id:6772, isoCountryCode:CH, name:SWIT], level:card, type:no, status:Inactive, effectiveFrom:2022-12-21, effectiveTo:2022-12-22]

09-10-2024T20:53:05 - [MESSAGE][FAILED] - ID Missing -> [id:677200000005153, airline:[id:6772495749, iataCode:191, name:Air XXXXX X.X.X. XXX XXX XXXXX X.X.X.], card:[cardNumber:222240XXXXXX0005, expiryDate:10/31, issuerName:PEPE, paymentNetwork:VI, cardType:Consumer, companyName:null, id:677200000000007, bsp:[id:6772, isoCountryCode:CH, name:SWIT], agent:[id:67728121080, iataCode:8121080, name:VIAXXXXXX XX, bsp:[id:6772, isoCountryCode:CH, name:SWIT]], effectiveFrom:2022-02-02, effectiveTo:null, status:Active, terminationReason:null, cardLevelConsent:null], bsp:[id:6772, isoCountryCode:CH, name:SWIT], level:card, type:no, status:Inactive, effectiveFrom:2022-12-21, effectiveTo:2022-12-22]

09-10-2024T20:53:05 - [MESSAGE][FAILED] - ID Missing -> [id:677200000005305, airline:[id:6772495749, iataCode:191, name:Air XXXXX X.X.X. XXX XXX XXXXX X.X.X.], card:[cardNumber:222240XXXXXX0005, expiryDate:12/34, issuerName:CARLOS, paymentNetwork:VI, cardType:Corporate, companyName:Accelya, id:677200000000008, bsp:[id:6772, isoCountryCode:CH, name:SWIT], agent:[id:67728127904, iataCode:8127904, name:VOYXXXXXXX, bsp:[id:6772, isoCountryCode:CH, name:SWIT]], effectiveFrom:2022-02-02, effectiveTo:null, status:Active, terminationReason:null, cardLevelConsent:null], bsp:[id:6772, isoCountryCode:CH, name:SWIT], level:card, type:no, status:Inactive, effectiveFrom:2022-12-21, effectiveTo:2022-12-22]

09-10-2024T20:53:05 - [MESSAGE][FAILED] - ID Missing -> [id:677200000005457, airline:[id:6772495749, iataCode:191, name:Air XXXXX X.X.X. XXX XXX XXXXX X.X.X.], card:[cardNumber:222240XXXXXX0005, expiryDate:11/31, issuerName:CARLOS, paymentNetwork:VI, cardType:Corporate, companyName:Accelya, id:677200000000009, bsp:[id:6772, isoCountryCode:CH, name:SWIT], agent:[id:67728127904, iataCode:8127904, name:VOYXXXXXXX, bsp:[id:6772, isoCountryCode:CH, name:SWIT]], effectiveFrom:2022-02-02, effectiveTo:null, status:Active, terminationReason:null, cardLevelConsent:null], bsp:[id:6772, isoCountryCode:CH, name:SWIT], level:card, type:no, status:Inactive, effectiveFrom:2022-12-21, effectiveTo:2022-12-22]

09-10-2024T20:53:05 - [MESSAGE][FAILED] - ID Missing -> [id:677200000005609, airline:[id:6772495749, iataCode:191, name:Air XXXXX X.X.X. XXX XXX XXXXX X.X.X.], bsp:[id:6772, isoCountryCode:CH, name:SWIT], level:country, type:no, status:Inactive, effectiveFrom:2022-12-21, effectiveTo:2022-12-22]

09-10-2024T20:53:05 - [MESSAGE][FAILED] - ID Missing -> [id:677200000005750, airline:[id:6772495749, iataCode:191, name:Air XXXXX X.X.X. XXX XXX XXXXX X.X.X.], card:[cardNumber:222240XXXXXX0005, expiryDate:12/23, issuerName:AX, paymentNetwork:AX, cardType:Corporate, companyName:AX, id:677200000000012, bsp:[id:6772, isoCountryCode:CH, name:SWIT], agent:[id:67728120012, iataCode:8120012, name:ATG XXXXXXXXXXX, bsp:[id:6772, isoCountryCode:CH, name:SWIT]], effectiveFrom:2022-06-07, effectiveTo:2023-05-02, status:Inactive, terminationReason:test, cardLevelConsent:null], bsp:[id:6772, isoCountryCode:CH, name:SWIT], level:card, type:no, status:Inactive, effectiveFrom:2022-12-21, effectiveTo:2022-12-22]

09-10-2024T20:53:05 - [MESSAGE][FAILED] - ID Missing -> [id:677200000005869, airline:[id:6772495749, iataCode:191, name:Air XXXXX X.X.X. XXX XXX XXXXX X.X.X.], card:[cardNumber:222240XXXXXX0005, expiryDate:12/23, issuerName:AX, paymentNetwork:AX, cardType:Corporate, companyName:AX, id:677200000000013, bsp:[id:6772, isoCountryCode:CH, name:SWIT], agent:[id:67728120012, iataCode:8120012, name:ATG XXXXXXXXXXX, bsp:[id:6772, isoCountryCode:CH, name:SWIT]], effectiveFrom:2022-06-08, effectiveTo:2023-08-08, status:Inactive, terminationReason:Card Replaced / Changed Bank, cardLevelConsent:null], bsp:[id:6772, isoCountryCode:CH, name:SWIT], level:card, type:no, status:Inactive, effectiveFrom:2022-12-21, effectiveTo:2022-12-22]

09-10-2024T20:53:05 - [MESSAGE][FAILED] - ID Missing -> [id:677200000005988, airline:[id:6772495749, iataCode:191, name:Air XXXXX X.X.X. XXX XXX XXXXX X.X.X.], card:[cardNumber:222240XXXXXX0005, expiryDate:11/24, issuerName:VI, paymentNetwork:VI, cardType:Consumer, companyName:null, id:677200000000014, bsp:[id:6772, isoCountryCode:CH, name:SWIT], agent:[id:67728120012, iataCode:8120012, name:ATG XXXXXXXXXXX, bsp:[id:6772, isoCountryCode:CH, name:SWIT]], effectiveFrom:2022-06-07, effectiveTo:2023-07-24, status:Inactive, terminationReason:Airline(s) didn't give consent, cardLevelConsent:null], bsp:[id:6772, isoCountryCode:CH, name:SWIT], level:card, type:no, status:Inactive, effectiveFrom:2022-12-21, effectiveTo:2022-12-22]

09-10-2024T20:53:05 - [MESSAGE][FAILED] - ID Missing -> [id:677200000006107, airline:[id:6772495749, iataCode:191, name:Air XXXXX X.X.X. XXX XXX XXXXX X.X.X.], card:[cardNumber:222240XXXXXX0005, expiryDate:08/23, issuerName:CA, paymentNetwork:CA, cardType:Consumer, companyName:null, id:677200000000015, bsp:[id:6772, isoCountryCode:CH, name:SWIT], agent:[id:67728120012, iataCode:8120012, name:ATG XXXXXXXXXXX, bsp:[id:6772, isoCountryCode:CH, name:SWIT]], effectiveFrom:2022-06-07, effectiveTo:2023-07-24, status:Inactive, terminationReason:Airline(s) didn't give consent, cardLevelConsent:null], bsp:[id:6772, isoCountryCode:CH, name:SWIT], level:card, type:no, status:Inactive, effectiveFrom:2022-12-21, effectiveTo:2022-12-22]

09-10-2024T20:53:05 - [MESSAGE][FAILED] - ID Missing -> [id:677200000006226, airline:[id:6772495749, iataCode:191, name:Air XXXXX X.X.X. XXX XXX XXXXX X.X.X.], card:[cardNumber:222240XXXXXX0005, expiryDate:07/23, issuerName:NEWFIVE, paymentNetwork:CA, cardType:Consumer, companyName:null, id:677200000000020, bsp:[id:6772, isoCountryCode:CH, name:SWIT], agent:[id:67728120012, iataCode:8120012, name:ATG XXXXXXXXXXX, bsp:[id:6772, isoCountryCode:CH, name:SWIT]], effectiveFrom:2022-10-13, effectiveTo:2023-07-21, status:Inactive, terminationReason:Customer Card enrolled by error, cardLevelConsent:null], bsp:[id:6772, isoCountryCode:CH, name:SWIT], level:card, type:no, status:Inactive, effectiveFrom:2022-12-21, effectiveTo:2022-12-22]

09-10-2024T20:53:05 - [MESSAGE][FAILED] - ID Missing -> [id:677200000006345, airline:[id:6772495749, iataCode:191, name:Air XXXXX X.X.X. XXX XXX XXXXX X.X.X.], card:[cardNumber:222240XXXXXX0005, expiryDate:06/27, issuerName:NEWSIX - CHECK NOTIFICATION, paymentNetwork:CA, cardType:Consumer, companyName:null, id:677200000000021, bsp:[id:6772, isoCountryCode:CH, name:SWIT], agent:[id:67728120012, iataCode:8120012, name:ATG XXXXXXXXXXX, bsp:[id:6772, isoCountryCode:CH, name:SWIT]], effectiveFrom:2022-10-13, effectiveTo:2023-07-21, status:Inactive, terminationReason:Card Replaced / Changed Bank, cardLevelConsent:null], bsp:[id:6772, isoCountryCode:CH, name:SWIT], level:card, type:no, status:Inactive, effectiveFrom:2022-12-21, effectiveTo:2022-12-22]

09-10-2024T20:53:05 - [MESSAGE][FAILED] - ID Missing -> [id:677200000006483, airline:[id:6772495749, iataCode:191, name:Air XXXXX X.X.X. XXX XXX XXXXX X.X.X.], bsp:[id:6772, isoCountryCode:CH, name:SWIT], level:country, type:no, status:Active, effectiveFrom:2023-03-15]

09-10-2024T20:53:05 - [MESSAGE][FAILED] - ID Missing -> [id:677210000002140, airline:[id:6772495749, iataCode:191, name:Air XXXXX X.X.X. XXX XXX XXXXX X.X.X.], bsp:[id:6772, isoCountryCode:CH, name:SWIT], level:country, type:no, status:Active, effectiveFrom:2024-05-25]

09-10-2024T20:53:05 - [MESSAGE][FAILED] - ID Missing -> [id:677210000010697, airline:[id:6772495749, iataCode:191, name:Air XXXXX X.X.X. XXX XXX XXXXX X.X.X.], card:[cardNumber:222240XXXXXX0005, expiryDate:10/31, issuerName:PEPE, paymentNetwork:VI, cardType:Consumer, companyName:null, id:677200000000007, bsp:[id:6772, isoCountryCode:CH, name:SWIT], agent:[id:67728121080, iataCode:8121080, name:VIAXXXXXX XX, bsp:[id:6772, isoCountryCode:CH, name:SWIT]], effectiveFrom:2022-02-02, effectiveTo:null, status:Active, terminationReason:null, cardLevelConsent:null], bsp:[id:6772, isoCountryCode:CH, name:SWIT], level:card, type:no, status:Active, effectiveFrom:2024-10-08]

09-10-2024T20:53:05 - [MESSAGE][FAILED] - ID Missing -> [id:677210000010765, airline:[id:6772495749, iataCode:191, name:Air XXXXX X.X.X. XXX XXX XXXXX X.X.X.], card:[cardNumber:222240XXXXXX0005, expiryDate:02/29, issuerName:MASTERCARD, paymentNetwork:CA, cardType:Corporate, companyName:ABC Pvt Ltd, id:677200000000033, bsp:[id:6772, isoCountryCode:CH, name:SWIT], agent:[id:67728120012, iataCode:8120012, name:ATG XXXXXXXXXXX, bsp:[id:6772, isoCountryCode:CH, name:SWIT]], effectiveFrom:2023-08-17, effectiveTo:null, status:Active, terminationReason:null, cardLevelConsent:null], bsp:[id:6772, isoCountryCode:CH, name:SWIT], level:card, type:no, status:Active, effectiveFrom:2024-10-08]

09-10-2024T20:53:05 - [MESSAGE][FAILED] - ID Missing -> [id:677210000010846, airline:[id:6772495749, iataCode:191, name:Air XXXXX X.X.X. XXX XXX XXXXX X.X.X.], card:[cardNumber:222240XXXXXX0005, expiryDate:12/34, issuerName:CARLOS, paymentNetwork:VI, cardType:Corporate, companyName:Accelya, id:677200000000008, bsp:[id:6772, isoCountryCode:CH, name:SWIT], agent:[id:67728127904, iataCode:8127904, name:VOYXXXXXXX, bsp:[id:6772, isoCountryCode:CH, name:SWIT]], effectiveFrom:2022-02-02, effectiveTo:null, status:Active, terminationReason:null, cardLevelConsent:null], bsp:[id:6772, isoCountryCode:CH, name:SWIT], level:card, type:no, status:Active, effectiveFrom:2024-10-08]

09-10-2024T20:53:05 - [MESSAGE][FAILED] - ID Missing -> [id:677210000010887, airline:[id:6772495749, iataCode:191, name:Air XXXXX X.X.X. XXX XXX XXXXX X.X.X.], card:[cardNumber:222240XXXXXX0005, expiryDate:12/29, issuerName:MASTERCARD, paymentNetwork:CA, cardType:Consumer, companyName:null, id:677200000000050, bsp:[id:6772, isoCountryCode:CH, name:SWIT], agent:[id:67728120012, iataCode:8120012, name:ATG XXXXXXXXXXX, bsp:[id:6772, isoCountryCode:CH, name:SWIT]], effectiveFrom:2023-12-18, effectiveTo:null, status:Active, terminationReason:null, cardLevelConsent:null], bsp:[id:6772, isoCountryCode:CH, name:SWIT], level:card, type:no, status:Active, effectiveFrom:2024-10-08]

09-10-2024T20:53:05 - [MESSAGE][FAILED] - ID Missing -> [id:677210000010890, airline:[id:6772495749, iataCode:191, name:Air XXXXX X.X.X. XXX XXX XXXXX X.X.X.], card:[cardNumber:222240XXXXXX0005, expiryDate:09/28, issuerName:Gänsefüßchen, paymentNetwork:CA, cardType:Consumer, companyName:füßchen, id:677200000000051, bsp:[id:6772, isoCountryCode:CH, name:SWIT], agent:[id:67728120012, iataCode:8120012, name:ATG XXXXXXXXXXX, bsp:[id:6772, isoCountryCode:CH, name:SWIT]], effectiveFrom:2023-12-19, effectiveTo:null, status:Active, terminationReason:EspañaHörgerätGänsefüßchendésembâtonnéEl perro ladró, la vaca calló, el gato maulló y el pato, que no daba crédito, corr, cardLevelConsent:null], bsp:[id:6772, isoCountryCode:CH, name:SWIT], level:card, type:no, status:Active, effectiveFrom:2024-10-08]

09-10-2024T20:53:05 - [MESSAGE][FAILED] - ID Missing -> [id:677210000010968, airline:[id:6772495749, iataCode:191, name:Air XXXXX X.X.X. XXX XXX XXXXX X.X.X.], card:[cardNumber:222240XXXXXX0005, expiryDate:10/30, issuerName:FAC, paymentNetwork:CA, cardType:Corporate, companyName:provincia san anton, id:677200000000005, bsp:[id:6772, isoCountryCode:CH, name:SWIT], agent:[id:67728121080, iataCode:8121080, name:VIAXXXXXX XX, bsp:[id:6772, isoCountryCode:CH, name:SWIT]], effectiveFrom:2022-01-25, effectiveTo:null, status:Active, terminationReason:null, cardLevelConsent:null], bsp:[id:6772, isoCountryCode:CH, name:SWIT], level:card, type:no, status:Active, effectiveFrom:2024-10-08]

09-10-2024T20:53:05 - [MESSAGE][FAILED] - ID Missing -> [id:677210000011075, airline:[id:6772495749, iataCode:191, name:Air XXXXX X.X.X. XXX XXX XXXXX X.X.X.], card:[cardNumber:222240XXXXXX0005, expiryDate:02/29, issuerName:MASTERCARD, paymentNetwork:CA, cardType:Corporate, companyName:ABC Pvt Ltd, id:677200000000032, bsp:[id:6772, isoCountryCode:CH, name:SWIT], agent:[id:67728120012, iataCode:8120012, name:ATG XXXXXXXXXXX, bsp:[id:6772, isoCountryCode:CH, name:SWIT]], effectiveFrom:2023-08-17, effectiveTo:null, status:Active, terminationReason:null, cardLevelConsent:null], bsp:[id:6772, isoCountryCode:CH, name:SWIT], level:card, type:no, status:Active, effectiveFrom:2024-10-08]

09-10-2024T20:53:05 - [MESSAGE][FAILED] - ID Missing -> [id:677210000011081, airline:[id:6772495749, iataCode:191, name:Air XXXXX X.X.X. XXX XXX XXXXX X.X.X.], card:[cardNumber:222240XXXXXX0005, expiryDate:11/30, issuerName:TRR, paymentNetwork:CA, cardType:Corporate, companyName:provincia san anton, id:677200000000006, bsp:[id:6772, isoCountryCode:CH, name:SWIT], agent:[id:67728120025, iataCode:8120025, name:CWT, bsp:[id:6772, isoCountryCode:CH, name:SWIT]], effectiveFrom:2022-01-25, effectiveTo:null, status:Active, terminationReason:null, cardLevelConsent:null], bsp:[id:6772, isoCountryCode:CH, name:SWIT], level:card, type:no, status:Active, effectiveFrom:2024-10-08]

09-10-2024T20:53:05 - [MESSAGE][FAILED] - ID Missing -> [id:677210000011614, airline:[id:6772495749, iataCode:191, name:Air XXXXX X.X.X. XXX XXX XXXXX X.X.X.], card:[cardNumber:222240XXXXXX0005, expiryDate:11/31, issuerName:CARLOS, paymentNetwork:VI, cardType:Corporate, companyName:Accelya, id:677200000000009, bsp:[id:6772, isoCountryCode:CH, name:SWIT], agent:[id:67728127904, iataCode:8127904, name:VOYXXXXXXX, bsp:[id:6772, isoCountryCode:CH, name:SWIT]], effectiveFrom:2022-02-02, effectiveTo:null, status:Active, terminationReason:null, cardLevelConsent:null], bsp:[id:6772, isoCountryCode:CH, name:SWIT], level:card, type:no, status:Active, effectiveFrom:2024-10-08]

09-10-2024T20:53:05 - [TEST_STEP][PASSED] - fieldsToBeIgnoredList = getTestCaseVariables().get("fieldsToBeIgnoredList"): null

09-10-2024T20:53:05 - [TEST_STEP][PASSED] - fieldsToBeIgnoredList.each({ java.lang.Object fieldName -> ... }): null

09-10-2024T20:53:05 - [TEST_STEP][PASSED] - uniqueKey = getTestCaseVariables().get("keyToSort"): null

09-10-2024T20:53:05 - [TEST_STEP][PASSED] - failedList = getTestCaseVariables().get("failedList"): null

09-10-2024T20:53:05 - [TEST_STEP][FAILED] - markFailed("failedList.size() " + failedList.size()): failedList.size() 0

09-10-2024T20:53:05 - [MESSAGE][FAILED] - failedList.size() 0

09-10-2024T20:53:05 - [TEST_STEP][PASSED] - hashMapF1 = new java.util.HashMap(): null

09-10-2024T20:53:05 - [TEST_STEP][PASSED] - hashMapF2 = new java.util.HashMap(): null

09-10-2024T20:53:05 - [TEST_STEP][PASSED] - failedList.forEach({ java.lang.Object failedF -> ... }): null

09-10-2024T20:53:05 - [TEST_STEP][PASSED] - keySet().forEach({ java.lang.Object key -> ... }): null

09-10-2024T20:53:05 - [TEST_STEP][PASSED] - hashMapFEx1 = new java.util.HashMap(): null

09-10-2024T20:53:05 - [TEST_STEP][PASSED] - hashMapFEx2 = new java.util.HashMap(): null

09-10-2024T20:53:05 - [TEST_STEP][PASSED] - failedList.forEach({ java.lang.Object failedF -> ... }): null

09-10-2024T20:53:05 - [TEST_STEP][PASSED] - keySet().forEach({ java.lang.Object key -> ... }): null

09-10-2024T20:53:05 - [TEST_STEP][PASSED] - missingList = getTestCaseVariables().get("missingList"): null

09-10-2024T20:53:05 - [TEST_STEP][FAILED] - markFailed("missingList.size() " + missingList.size()): missingList.size() 0

09-10-2024T20:53:05 - [MESSAGE][FAILED] - missingList.size() 0

09-10-2024T20:53:05 - [TEST_STEP][PASSED] - hashMapM = new java.util.HashMap(): null

09-10-2024T20:53:05 - [TEST_STEP][PASSED] - missingAll = new java.util.LinkedHashMap(): null

09-10-2024T20:53:05 - [TEST_STEP][PASSED] - c = 0: null

09-10-2024T20:53:05 - [TEST_STEP][PASSED] - if (missingList.size() > 0): null

09-10-2024T20:53:05 - [TEST_STEP][FAILED] - markFailed("Missing from QAMIG size -> " + hashMapM.size()): Missing from QAMIG size -> 0

09-10-2024T20:53:05 - [MESSAGE][FAILED] - Missing from QAMIG size -> 0

09-10-2024T20:53:05 - [TEST_STEP][FAILED] - markFailed("Missing from QAMIG -> " + hashMapM): Missing from QAMIG -> [:]

09-10-2024T20:53:05 - [MESSAGE][FAILED] - Missing from QAMIG -> [:]

09-10-2024T20:53:05 - [TEST_STEP][PASSED] - if (hashMapM.size() > 0): null

09-10-2024T20:53:05 - [TEST_STEP][PASSED] - unexpectedList = getTestCaseVariables().get("unexpectedList"): null

09-10-2024T20:53:05 - [TEST_STEP][FAILED] - markFailed("unexpectedList.size() " + unexpectedList.size()): unexpectedList.size() 0

09-10-2024T20:53:05 - [MESSAGE][FAILED] - unexpectedList.size() 0

09-10-2024T20:53:05 - [TEST_STEP][PASSED] - hashMapU = new java.util.HashMap(): null

09-10-2024T20:53:05 - [TEST_STEP][PASSED] - if (unexpectedList.size() > 0): null

09-10-2024T20:53:05 - [TEST_STEP][FAILED] - markFailed("Missing from QA size -> " + hashMapU.size()): Missing from QA size -> 0

09-10-2024T20:53:05 - [MESSAGE][FAILED] - Missing from QA size -> 0

09-10-2024T20:53:05 - [TEST_STEP][FAILED] - markFailed("Missing from QA -> " + hashMapU): Missing from QA -> [:]

09-10-2024T20:53:05 - [MESSAGE][FAILED] - Missing from QA -> [:]

09-10-2024T20:53:05 - [TEST_STEP][PASSED] - missing_IDs = getTestCaseVariables().get("missing_IDs"): null

09-10-2024T20:53:05 - [TEST_STEP][PASSED] - if (missing_IDs.size() > 0): reporting.ExtentReporting.logMissingData is PASSED

09-10-2024T20:53:05 - [TEST_STEP][PASSED] - reporting.ExtentReporting.logMissingData("Missing IDs", "" + missing_IDs): reporting.ExtentReporting.logMissingData is PASSED

09-10-2024T20:53:05 - [MESSAGE][PASSED] - reporting.ExtentReporting.logMissingData is PASSED

09-10-2024T20:53:05 - [TEST_STEP][PASSED] - reporting.ExtentReporting.testStatus("FAIL", testCaseContext.getMessage()): reporting.ExtentReporting.testStatus is PASSED

09-10-2024T20:53:05 - [MESSAGE][PASSED] - reporting.ExtentReporting.testStatus is PASSED

09-10-2024T20:53:05 - [TEST_STEP][PASSED] - if (extentFlag.equals("y")): Invoke 'com.kms.katalon.core.annotation.AfterTestCase' method: 'TestListener.afterTestCase(...)' completed.

09-10-2024T20:53:05 - [TEST_STEP][PASSED] - reporting.ExtentReporting.endTest(): Invoke 'com.kms.katalon.core.annotation.AfterTestCase' method: 'TestListener.afterTestCase(...)' completed.

09-10-2024T20:53:06 - [MESSAGE][PASSED] - reporting.ExtentReporting.endTest is PASSED

09-10-2024T20:53:06 - [MESSAGE][INFO] - Invoke 'com.kms.katalon.core.annotation.AfterTestCase' method: 'TestListener.afterTestCase(...)' completed.]]></system-out>
         <system-err><![CDATA[09-10-2024T20:52:54 - [TEST_CASE][FAILED] - Test Cases/TIP_Management/card-consents/FCA_15723_GET_TIP_Card_Consents: Test Cases/TIP_Management/card-consents/FCA_15723_GET_TIP_Card_Consents FAILED.
Reason:
com.kms.katalon.core.exception.StepFailedException: There are 45 RECORDS in QA and 55 RECORDS in QAMIG
	at com.kms.katalon.core.util.KeywordUtil.markFailed(KeywordUtil.java:19)
	at Script1720599623761$_run_closure1.doCall(Script1720599623761.groovy:120)
	at java.base/jdk.internal.reflect.NativeMethodAccessorImpl.invoke0(Native Method)
	at java.base/jdk.internal.reflect.NativeMethodAccessorImpl.invoke(NativeMethodAccessorImpl.java:77)
	at java.base/jdk.internal.reflect.DelegatingMethodAccessorImpl.invoke(DelegatingMethodAccessorImpl.java:43)
	at FCA_15723_GET_TIP_Card_Consents.run(FCA_15723_GET_TIP_Card_Consents:92)
	at com.kms.katalon.core.main.ScriptEngine.run(ScriptEngine.java:194)
	at com.kms.katalon.core.main.ScriptEngine.runScriptAsRawText(ScriptEngine.java:119)
	at com.kms.katalon.core.main.TestCaseExecutor.runScript(TestCaseExecutor.java:448)
	at com.kms.katalon.core.main.TestCaseExecutor.doExecute(TestCaseExecutor.java:439)
	at com.kms.katalon.core.main.TestCaseExecutor.processExecutionPhase(TestCaseExecutor.java:418)
	at com.kms.katalon.core.main.TestCaseExecutor.accessMainPhase(TestCaseExecutor.java:410)
	at com.kms.katalon.core.main.TestCaseExecutor.execute(TestCaseExecutor.java:285)
	at com.kms.katalon.core.common.CommonExecutor.accessTestCaseMainPhase(CommonExecutor.java:65)
	at com.kms.katalon.core.main.TestSuiteExecutor.accessTestSuiteMainPhase(TestSuiteExecutor.java:150)
	at com.kms.katalon.core.main.TestSuiteExecutor.execute(TestSuiteExecutor.java:106)
	at com.kms.katalon.core.main.TestCaseMain.startTestSuite(TestCaseMain.java:180)
	at TempTestSuite1728487367519.run(TempTestSuite1728487367519.groovy:35)
	at java.base/jdk.internal.reflect.NativeMethodAccessorImpl.invoke0(Native Method)
	at java.base/jdk.internal.reflect.NativeMethodAccessorImpl.invoke(NativeMethodAccessorImpl.java:77)
	at java.base/jdk.internal.reflect.DelegatingMethodAccessorImpl.invoke(DelegatingMethodAccessorImpl.java:43)]]></system-err>
      </testcase>
      <system-out><![CDATA[09-10-2024T20:52:54 - [TEST_SUITE][FAILED] - card-consents: Test Cases/TIP_Management/card-consents/FCA_15723_GET_TIP_Card_Consents FAILED.
Reason:
com.kms.katalon.core.exception.StepFailedException: There are 45 RECORDS in QA and 55 RECORDS in QAMIG
	at com.kms.katalon.core.util.KeywordUtil.markFailed(KeywordUtil.java:19)
	at Script1720599623761$_run_closure1.doCall(Script1720599623761.groovy:120)
	at java.base/jdk.internal.reflect.NativeMethodAccessorImpl.invoke0(Native Method)
	at java.base/jdk.internal.reflect.NativeMethodAccessorImpl.invoke(NativeMethodAccessorImpl.java:77)
	at java.base/jdk.internal.reflect.DelegatingMethodAccessorImpl.invoke(DelegatingMethodAccessorImpl.java:43)
	at FCA_15723_GET_TIP_Card_Consents.run(FCA_15723_GET_TIP_Card_Consents:92)
	at com.kms.katalon.core.main.ScriptEngine.run(ScriptEngine.java:194)
	at com.kms.katalon.core.main.ScriptEngine.runScriptAsRawText(ScriptEngine.java:119)
	at com.kms.katalon.core.main.TestCaseExecutor.runScript(TestCaseExecutor.java:448)
	at com.kms.katalon.core.main.TestCaseExecutor.doExecute(TestCaseExecutor.java:439)
	at com.kms.katalon.core.main.TestCaseExecutor.processExecutionPhase(TestCaseExecutor.java:418)
	at com.kms.katalon.core.main.TestCaseExecutor.accessMainPhase(TestCaseExecutor.java:410)
	at com.kms.katalon.core.main.TestCaseExecutor.execute(TestCaseExecutor.java:285)
	at com.kms.katalon.core.common.CommonExecutor.accessTestCaseMainPhase(CommonExecutor.java:65)
	at com.kms.katalon.core.main.TestSuiteExecutor.accessTestSuiteMainPhase(TestSuiteExecutor.java:150)
	at com.kms.katalon.core.main.TestSuiteExecutor.execute(TestSuiteExecutor.java:106)
	at com.kms.katalon.core.main.TestCaseMain.startTestSuite(TestCaseMain.java:180)
	at TempTestSuite1728487367519.run(TempTestSuite1728487367519.groovy:35)
	at java.base/jdk.internal.reflect.NativeMethodAccessorImpl.invoke0(Native Method)
	at java.base/jdk.internal.reflect.NativeMethodAccessorImpl.invoke(NativeMethodAccessorImpl.java:77)
	at java.base/jdk.internal.reflect.DelegatingMethodAccessorImpl.invoke(DelegatingMethodAccessorImpl.java:43)]]></system-out>
      <system-err><![CDATA[09-10-2024T20:52:54 - [TEST_SUITE][FAILED] - card-consents: Test Cases/TIP_Management/card-consents/FCA_15723_GET_TIP_Card_Consents FAILED.
Reason:
com.kms.katalon.core.exception.StepFailedException: There are 45 RECORDS in QA and 55 RECORDS in QAMIG
	at com.kms.katalon.core.util.KeywordUtil.markFailed(KeywordUtil.java:19)
	at Script1720599623761$_run_closure1.doCall(Script1720599623761.groovy:120)
	at java.base/jdk.internal.reflect.NativeMethodAccessorImpl.invoke0(Native Method)
	at java.base/jdk.internal.reflect.NativeMethodAccessorImpl.invoke(NativeMethodAccessorImpl.java:77)
	at java.base/jdk.internal.reflect.DelegatingMethodAccessorImpl.invoke(DelegatingMethodAccessorImpl.java:43)
	at FCA_15723_GET_TIP_Card_Consents.run(FCA_15723_GET_TIP_Card_Consents:92)
	at com.kms.katalon.core.main.ScriptEngine.run(ScriptEngine.java:194)
	at com.kms.katalon.core.main.ScriptEngine.runScriptAsRawText(ScriptEngine.java:119)
	at com.kms.katalon.core.main.TestCaseExecutor.runScript(TestCaseExecutor.java:448)
	at com.kms.katalon.core.main.TestCaseExecutor.doExecute(TestCaseExecutor.java:439)
	at com.kms.katalon.core.main.TestCaseExecutor.processExecutionPhase(TestCaseExecutor.java:418)
	at com.kms.katalon.core.main.TestCaseExecutor.accessMainPhase(TestCaseExecutor.java:410)
	at com.kms.katalon.core.main.TestCaseExecutor.execute(TestCaseExecutor.java:285)
	at com.kms.katalon.core.common.CommonExecutor.accessTestCaseMainPhase(CommonExecutor.java:65)
	at com.kms.katalon.core.main.TestSuiteExecutor.accessTestSuiteMainPhase(TestSuiteExecutor.java:150)
	at com.kms.katalon.core.main.TestSuiteExecutor.execute(TestSuiteExecutor.java:106)
	at com.kms.katalon.core.main.TestCaseMain.startTestSuite(TestCaseMain.java:180)
	at TempTestSuite1728487367519.run(TempTestSuite1728487367519.groovy:35)
	at java.base/jdk.internal.reflect.NativeMethodAccessorImpl.invoke0(Native Method)
	at java.base/jdk.internal.reflect.NativeMethodAccessorImpl.invoke(NativeMethodAccessorImpl.java:77)
	at java.base/jdk.internal.reflect.DelegatingMethodAccessorImpl.invoke(DelegatingMethodAccessorImpl.java:43)]]></system-err>
   </testsuite>
</testsuites>
