<?xml version="1.0" encoding="UTF-8"?>
<testsuites name="providers" time="14.27" tests="1" failures="0" errors="1">
   <testsuite name="providers" tests="1" failures="0" errors="1" time="14.27" skipped="0" timestamp="15-10-2024T13:23:35" hostname="Mayuresh.Sonar - CCE1019.accelya.local" id="Test Suites/TIP_Management/providers">
      <properties>
         <property name="deviceName" value=""/>
         <property name="devicePlatform" value=""/>
         <property name="logFolder" value="C:\\Users\\mayuresh.sonar\\KatalonStudio\\DataMigration\\NFE-API-automationK\\Reports\\20241015_132328\\TIP_Management\\providers\\20241015_132328"/>
         <property name="logFiles" value="C:\\Users\\mayuresh.sonar\\KatalonStudio\\DataMigration\\NFE-API-automationK\\Reports\\20241015_132328\\TIP_Management\\providers\\20241015_132328\\execution0.log"/>
         <property name="attachments" value=""/>
         <property name="hostName" value="Mayuresh.Sonar - CCE1019.accelya.local"/>
         <property name="hostAddress" value="192.168.0.104"/>
         <property name="os" value="Windows 11 64bit"/>
         <property name="katalonVersion" value="9.4.4.212"/>
      </properties>
      <testcase name="Test Cases/TIP_Management/provider/FCA-15702_TIP Management - GET TIP Providers" time="13.745" classname="Test Cases/TIP_Management/provider/FCA-15702_TIP Management - GET TIP Providers" status="ERROR">
         <error type="ERROR" message="Test Cases/TIP_Management/provider/FCA-15702_TIP Management - GET TIP Providers FAILED.&#xa;Reason:&#xa;org.json.JSONException: JSONObject[&quot;bsp&quot;] not found.&#xa;	at org.json.JSONObject.get(JSONObject.java:473)&#xa;	at java.base/jdk.internal.reflect.NativeMethodAccessorImpl.invoke0(Native Method)&#xa;	at java.base/jdk.internal.reflect.NativeMethodAccessorImpl.invoke(NativeMethodAccessorImpl.java:77)&#xa;	at java.base/jdk.internal.reflect.DelegatingMethodAccessorImpl.invoke(DelegatingMethodAccessorImpl.java:43)&#xa;	at compare.CompareJsonResponse$_removeNode_closure5.doCall(CompareJsonResponse.groovy:134)&#xa;	at java.base/jdk.internal.reflect.NativeMethodAccessorImpl.invoke0(Native Method)&#xa;	at java.base/jdk.internal.reflect.NativeMethodAccessorImpl.invoke(NativeMethodAccessorImpl.java:77)&#xa;	at java.base/jdk.internal.reflect.DelegatingMethodAccessorImpl.invoke(DelegatingMethodAccessorImpl.java:43)&#xa;	at compare.CompareJsonResponse.removeNode(CompareJsonResponse.groovy:125)&#xa;	at java.base/jdk.internal.reflect.NativeMethodAccessorImpl.invoke0(Native Method)&#xa;	at java.base/jdk.internal.reflect.NativeMethodAccessorImpl.invoke(NativeMethodAccessorImpl.java:77)&#xa;	at java.base/jdk.internal.reflect.DelegatingMethodAccessorImpl.invoke(DelegatingMethodAccessorImpl.java:43)&#xa;	at com.kms.katalon.core.main.CustomKeywordDelegatingMetaClass.invokeStaticMethod(CustomKeywordDelegatingMetaClass.java:55)&#xa;	at Script1728914058120$_run_closure2.doCall(Script1728914058120.groovy:194)&#xa;	at java.base/jdk.internal.reflect.NativeMethodAccessorImpl.invoke0(Native Method)&#xa;	at java.base/jdk.internal.reflect.NativeMethodAccessorImpl.invoke(NativeMethodAccessorImpl.java:77)&#xa;	at java.base/jdk.internal.reflect.DelegatingMethodAccessorImpl.invoke(DelegatingMethodAccessorImpl.java:43)&#xa;	at FCA-15702_TIP Management - GET TIP Providers.run(FCA-15702_TIP Management - GET TIP Providers:193)&#xa;	at com.kms.katalon.core.main.ScriptEngine.run(ScriptEngine.java:194)&#xa;	at com.kms.katalon.core.main.ScriptEngine.runScriptAsRawText(ScriptEngine.java:119)&#xa;	at com.kms.katalon.core.main.TestCaseExecutor.runScript(TestCaseExecutor.java:448)&#xa;	at com.kms.katalon.core.main.TestCaseExecutor.doExecute(TestCaseExecutor.java:439)&#xa;	at com.kms.katalon.core.main.TestCaseExecutor.processExecutionPhase(TestCaseExecutor.java:418)&#xa;	at com.kms.katalon.core.main.TestCaseExecutor.accessMainPhase(TestCaseExecutor.java:410)&#xa;	at com.kms.katalon.core.main.TestCaseExecutor.execute(TestCaseExecutor.java:285)&#xa;	at com.kms.katalon.core.common.CommonExecutor.accessTestCaseMainPhase(CommonExecutor.java:65)&#xa;	at com.kms.katalon.core.main.TestSuiteExecutor.accessTestSuiteMainPhase(TestSuiteExecutor.java:150)&#xa;	at com.kms.katalon.core.main.TestSuiteExecutor.execute(TestSuiteExecutor.java:106)&#xa;	at com.kms.katalon.core.main.TestCaseMain.startTestSuite(TestCaseMain.java:180)&#xa;	at TempTestSuite1728978808362.run(TempTestSuite1728978808362.groovy:35)&#xa;	at java.base/jdk.internal.reflect.NativeMethodAccessorImpl.invoke0(Native Method)&#xa;	at java.base/jdk.internal.reflect.NativeMethodAccessorImpl.invoke(NativeMethodAccessorImpl.java:77)&#xa;	at java.base/jdk.internal.reflect.DelegatingMethodAccessorImpl.invoke(DelegatingMethodAccessorImpl.java:43)&#xa;"/>
         <system-out><![CDATA[15-10-2024T13:23:35 - [TEST_CASE][ERROR] - Test Cases/TIP_Management/provider/FCA-15702_TIP Management - GET TIP Providers: Test Cases/TIP_Management/provider/FCA-15702_TIP Management - GET TIP Providers FAILED.
Reason:
org.json.JSONException: JSONObject["bsp"] not found.
	at org.json.JSONObject.get(JSONObject.java:473)
	at java.base/jdk.internal.reflect.NativeMethodAccessorImpl.invoke0(Native Method)
	at java.base/jdk.internal.reflect.NativeMethodAccessorImpl.invoke(NativeMethodAccessorImpl.java:77)
	at java.base/jdk.internal.reflect.DelegatingMethodAccessorImpl.invoke(DelegatingMethodAccessorImpl.java:43)
	at compare.CompareJsonResponse$_removeNode_closure5.doCall(CompareJsonResponse.groovy:134)
	at java.base/jdk.internal.reflect.NativeMethodAccessorImpl.invoke0(Native Method)
	at java.base/jdk.internal.reflect.NativeMethodAccessorImpl.invoke(NativeMethodAccessorImpl.java:77)
	at java.base/jdk.internal.reflect.DelegatingMethodAccessorImpl.invoke(DelegatingMethodAccessorImpl.java:43)
	at compare.CompareJsonResponse.removeNode(CompareJsonResponse.groovy:125)
	at java.base/jdk.internal.reflect.NativeMethodAccessorImpl.invoke0(Native Method)
	at java.base/jdk.internal.reflect.NativeMethodAccessorImpl.invoke(NativeMethodAccessorImpl.java:77)
	at java.base/jdk.internal.reflect.DelegatingMethodAccessorImpl.invoke(DelegatingMethodAccessorImpl.java:43)
	at com.kms.katalon.core.main.CustomKeywordDelegatingMetaClass.invokeStaticMethod(CustomKeywordDelegatingMetaClass.java:55)
	at Script1728914058120$_run_closure2.doCall(Script1728914058120.groovy:194)
	at java.base/jdk.internal.reflect.NativeMethodAccessorImpl.invoke0(Native Method)
	at java.base/jdk.internal.reflect.NativeMethodAccessorImpl.invoke(NativeMethodAccessorImpl.java:77)
	at java.base/jdk.internal.reflect.DelegatingMethodAccessorImpl.invoke(DelegatingMethodAccessorImpl.java:43)
	at FCA-15702_TIP Management - GET TIP Providers.run(FCA-15702_TIP Management - GET TIP Providers:193)
	at com.kms.katalon.core.main.ScriptEngine.run(ScriptEngine.java:194)
	at com.kms.katalon.core.main.ScriptEngine.runScriptAsRawText(ScriptEngine.java:119)
	at com.kms.katalon.core.main.TestCaseExecutor.runScript(TestCaseExecutor.java:448)
	at com.kms.katalon.core.main.TestCaseExecutor.doExecute(TestCaseExecutor.java:439)
	at com.kms.katalon.core.main.TestCaseExecutor.processExecutionPhase(TestCaseExecutor.java:418)
	at com.kms.katalon.core.main.TestCaseExecutor.accessMainPhase(TestCaseExecutor.java:410)
	at com.kms.katalon.core.main.TestCaseExecutor.execute(TestCaseExecutor.java:285)
	at com.kms.katalon.core.common.CommonExecutor.accessTestCaseMainPhase(CommonExecutor.java:65)
	at com.kms.katalon.core.main.TestSuiteExecutor.accessTestSuiteMainPhase(TestSuiteExecutor.java:150)
	at com.kms.katalon.core.main.TestSuiteExecutor.execute(TestSuiteExecutor.java:106)
	at com.kms.katalon.core.main.TestCaseMain.startTestSuite(TestCaseMain.java:180)
	at TempTestSuite1728978808362.run(TempTestSuite1728978808362.groovy:35)
	at java.base/jdk.internal.reflect.NativeMethodAccessorImpl.invoke0(Native Method)
	at java.base/jdk.internal.reflect.NativeMethodAccessorImpl.invoke(NativeMethodAccessorImpl.java:77)
	at java.base/jdk.internal.reflect.DelegatingMethodAccessorImpl.invoke(DelegatingMethodAccessorImpl.java:43)


15-10-2024T13:23:38 - [TEST_STEP][PASSED] - Start listener action : Before: Invoke 'com.kms.katalon.core.annotation.BeforeTestCase' method: 'TestListener.Before(...)' completed.

15-10-2024T13:23:38 - [MESSAGE][INFO] - Starting invoke 'com.kms.katalon.core.annotation.BeforeTestCase' method: 'TestListener.Before(...)'

15-10-2024T13:23:38 - [TEST_STEP][PASSED] - tc_description = testCaseContext.getMessage(): null

15-10-2024T13:23:38 - [TEST_STEP][PASSED] - tcName = testCaseId: null

15-10-2024T13:23:38 - [TEST_STEP][PASSED] - println(tcName): null

15-10-2024T13:23:38 - [TEST_STEP][PASSED] - reporting.ExtentReporting.startTest(reportPath, testSuiteName, tcName, tc_description, author, "Extent Test", reportFile): Invoke 'com.kms.katalon.core.annotation.BeforeTestCase' method: 'TestListener.Before(...)' completed.

15-10-2024T13:23:38 - [MESSAGE][INFO] - Checking test data id

15-10-2024T13:23:38 - [MESSAGE][INFO] - Finding test data with id 'Data Files/Common/Users'

15-10-2024T13:23:38 - [MESSAGE][INFO] - Test data is excel file, reading excel file

15-10-2024T13:23:38 - [MESSAGE][INFO] - Reading excel file with source file 'C:\Users\mayuresh.sonar\KatalonStudio\DataMigration\NFE-API-automationK\Data Files\TestData.xlsx' and sheet name 'users'

15-10-2024T13:23:38 - [MESSAGE][INFO] - Checking test data id

15-10-2024T13:23:38 - [MESSAGE][INFO] - Finding test data with id 'Data Files/Common/Users'

15-10-2024T13:23:38 - [MESSAGE][INFO] - Test data is excel file, reading excel file

15-10-2024T13:23:38 - [MESSAGE][INFO] - Reading excel file with source file 'C:\Users\mayuresh.sonar\KatalonStudio\DataMigration\NFE-API-automationK\Data Files\TestData.xlsx' and sheet name 'users'

15-10-2024T13:23:38 - [MESSAGE][INFO] - Checking test data id

15-10-2024T13:23:38 - [MESSAGE][INFO] - Finding test data with id 'Data Files/Common/Users'

15-10-2024T13:23:38 - [MESSAGE][INFO] - Test data is excel file, reading excel file

15-10-2024T13:23:38 - [MESSAGE][INFO] - Reading excel file with source file 'C:\Users\mayuresh.sonar\KatalonStudio\DataMigration\NFE-API-automationK\Data Files\TestData.xlsx' and sheet name 'users'

15-10-2024T13:23:38 - [MESSAGE][INFO] - Checking test data id

15-10-2024T13:23:38 - [MESSAGE][INFO] - Finding test data with id 'Data Files/Common/Users'

15-10-2024T13:23:38 - [MESSAGE][INFO] - Test data is excel file, reading excel file

15-10-2024T13:23:38 - [MESSAGE][INFO] - Reading excel file with source file 'C:\Users\mayuresh.sonar\KatalonStudio\DataMigration\NFE-API-automationK\Data Files\TestData.xlsx' and sheet name 'users'

15-10-2024T13:23:38 - [MESSAGE][INFO] - Checking test data id

15-10-2024T13:23:38 - [MESSAGE][INFO] - Finding test data with id 'Data Files/Common/Users'

15-10-2024T13:23:38 - [MESSAGE][INFO] - Test data is excel file, reading excel file

15-10-2024T13:23:38 - [MESSAGE][INFO] - Reading excel file with source file 'C:\Users\mayuresh.sonar\KatalonStudio\DataMigration\NFE-API-automationK\Data Files\TestData.xlsx' and sheet name 'users'

15-10-2024T13:23:38 - [MESSAGE][INFO] - Checking test data id

15-10-2024T13:23:38 - [MESSAGE][INFO] - Finding test data with id 'Data Files/Common/Users'

15-10-2024T13:23:38 - [MESSAGE][INFO] - Test data is excel file, reading excel file

15-10-2024T13:23:38 - [MESSAGE][INFO] - Reading excel file with source file 'C:\Users\mayuresh.sonar\KatalonStudio\DataMigration\NFE-API-automationK\Data Files\TestData.xlsx' and sheet name 'users'

15-10-2024T13:23:38 - [MESSAGE][INFO] - Checking test data id

15-10-2024T13:23:38 - [MESSAGE][INFO] - Finding test data with id 'Data Files/Common/Users'

15-10-2024T13:23:38 - [MESSAGE][INFO] - Test data is excel file, reading excel file

15-10-2024T13:23:38 - [MESSAGE][INFO] - Reading excel file with source file 'C:\Users\mayuresh.sonar\KatalonStudio\DataMigration\NFE-API-automationK\Data Files\TestData.xlsx' and sheet name 'users'

15-10-2024T13:23:38 - [MESSAGE][INFO] - Checking test data id

15-10-2024T13:23:38 - [MESSAGE][INFO] - Finding test data with id 'Data Files/Common/Users'

15-10-2024T13:23:38 - [MESSAGE][INFO] - Test data is excel file, reading excel file

15-10-2024T13:23:38 - [MESSAGE][INFO] - Reading excel file with source file 'C:\Users\mayuresh.sonar\KatalonStudio\DataMigration\NFE-API-automationK\Data Files\TestData.xlsx' and sheet name 'users'

15-10-2024T13:23:38 - [MESSAGE][INFO] - Checking test data id

15-10-2024T13:23:38 - [MESSAGE][INFO] - Finding test data with id 'Data Files/Common/Users'

15-10-2024T13:23:39 - [MESSAGE][INFO] - Test data is excel file, reading excel file

15-10-2024T13:23:39 - [MESSAGE][INFO] - Reading excel file with source file 'C:\Users\mayuresh.sonar\KatalonStudio\DataMigration\NFE-API-automationK\Data Files\TestData.xlsx' and sheet name 'users'

15-10-2024T13:23:39 - [MESSAGE][INFO] - Checking test data id

15-10-2024T13:23:39 - [MESSAGE][INFO] - Finding test data with id 'Data Files/Common/Users'

15-10-2024T13:23:39 - [MESSAGE][INFO] - Test data is excel file, reading excel file

15-10-2024T13:23:39 - [MESSAGE][INFO] - Reading excel file with source file 'C:\Users\mayuresh.sonar\KatalonStudio\DataMigration\NFE-API-automationK\Data Files\TestData.xlsx' and sheet name 'users'

15-10-2024T13:23:39 - [MESSAGE][INFO] - Checking test data id

15-10-2024T13:23:39 - [MESSAGE][INFO] - Finding test data with id 'Data Files/Common/Users'

15-10-2024T13:23:39 - [MESSAGE][INFO] - Test data is excel file, reading excel file

15-10-2024T13:23:39 - [MESSAGE][INFO] - Reading excel file with source file 'C:\Users\mayuresh.sonar\KatalonStudio\DataMigration\NFE-API-automationK\Data Files\TestData.xlsx' and sheet name 'users'

15-10-2024T13:23:39 - [MESSAGE][INFO] - Checking test data id

15-10-2024T13:23:39 - [MESSAGE][INFO] - Finding test data with id 'Data Files/Common/Users'

15-10-2024T13:23:39 - [MESSAGE][INFO] - Test data is excel file, reading excel file

15-10-2024T13:23:39 - [MESSAGE][INFO] - Reading excel file with source file 'C:\Users\mayuresh.sonar\KatalonStudio\DataMigration\NFE-API-automationK\Data Files\TestData.xlsx' and sheet name 'users'

15-10-2024T13:23:39 - [MESSAGE][INFO] - Checking test data id

15-10-2024T13:23:39 - [MESSAGE][INFO] - Finding test data with id 'Data Files/Common/Users'

15-10-2024T13:23:39 - [MESSAGE][INFO] - Test data is excel file, reading excel file

15-10-2024T13:23:39 - [MESSAGE][INFO] - Reading excel file with source file 'C:\Users\mayuresh.sonar\KatalonStudio\DataMigration\NFE-API-automationK\Data Files\TestData.xlsx' and sheet name 'users'

15-10-2024T13:23:39 - [MESSAGE][INFO] - Checking test data id

15-10-2024T13:23:39 - [MESSAGE][INFO] - Finding test data with id 'Data Files/Common/Users'

15-10-2024T13:23:39 - [MESSAGE][INFO] - Test data is excel file, reading excel file

15-10-2024T13:23:39 - [MESSAGE][INFO] - Reading excel file with source file 'C:\Users\mayuresh.sonar\KatalonStudio\DataMigration\NFE-API-automationK\Data Files\TestData.xlsx' and sheet name 'users'

15-10-2024T13:23:39 - [MESSAGE][INFO] - Checking test data id

15-10-2024T13:23:39 - [MESSAGE][INFO] - Finding test data with id 'Data Files/Common/Users'

15-10-2024T13:23:39 - [MESSAGE][INFO] - Test data is excel file, reading excel file

15-10-2024T13:23:39 - [MESSAGE][INFO] - Reading excel file with source file 'C:\Users\mayuresh.sonar\KatalonStudio\DataMigration\NFE-API-automationK\Data Files\TestData.xlsx' and sheet name 'users'

15-10-2024T13:23:39 - [MESSAGE][INFO] - Checking test data id

15-10-2024T13:23:39 - [MESSAGE][INFO] - Finding test data with id 'Data Files/Common/Users'

15-10-2024T13:23:39 - [MESSAGE][INFO] - Test data is excel file, reading excel file

15-10-2024T13:23:39 - [MESSAGE][INFO] - Reading excel file with source file 'C:\Users\mayuresh.sonar\KatalonStudio\DataMigration\NFE-API-automationK\Data Files\TestData.xlsx' and sheet name 'users'

15-10-2024T13:23:39 - [MESSAGE][INFO] - Checking test data id

15-10-2024T13:23:39 - [MESSAGE][INFO] - Finding test data with id 'Data Files/Common/Users'

15-10-2024T13:23:39 - [MESSAGE][INFO] - Test data is excel file, reading excel file

15-10-2024T13:23:39 - [MESSAGE][INFO] - Reading excel file with source file 'C:\Users\mayuresh.sonar\KatalonStudio\DataMigration\NFE-API-automationK\Data Files\TestData.xlsx' and sheet name 'users'

15-10-2024T13:23:39 - [MESSAGE][INFO] - Checking test data id

15-10-2024T13:23:39 - [MESSAGE][INFO] - Finding test data with id 'Data Files/Common/Users'

15-10-2024T13:23:39 - [MESSAGE][INFO] - Test data is excel file, reading excel file

15-10-2024T13:23:39 - [MESSAGE][INFO] - Reading excel file with source file 'C:\Users\mayuresh.sonar\KatalonStudio\DataMigration\NFE-API-automationK\Data Files\TestData.xlsx' and sheet name 'users'

15-10-2024T13:23:39 - [MESSAGE][INFO] - Checking test data id

15-10-2024T13:23:39 - [MESSAGE][INFO] - Finding test data with id 'Data Files/Common/Users'

15-10-2024T13:23:39 - [MESSAGE][INFO] - Test data is excel file, reading excel file

15-10-2024T13:23:39 - [MESSAGE][INFO] - Reading excel file with source file 'C:\Users\mayuresh.sonar\KatalonStudio\DataMigration\NFE-API-automationK\Data Files\TestData.xlsx' and sheet name 'users'

15-10-2024T13:23:39 - [MESSAGE][INFO] - Checking test data id

15-10-2024T13:23:39 - [MESSAGE][INFO] - Finding test data with id 'Data Files/Common/Users'

15-10-2024T13:23:39 - [MESSAGE][INFO] - Test data is excel file, reading excel file

15-10-2024T13:23:39 - [MESSAGE][INFO] - Reading excel file with source file 'C:\Users\mayuresh.sonar\KatalonStudio\DataMigration\NFE-API-automationK\Data Files\TestData.xlsx' and sheet name 'users'

15-10-2024T13:23:39 - [MESSAGE][INFO] - Checking test data id

15-10-2024T13:23:39 - [MESSAGE][INFO] - Finding test data with id 'Data Files/Common/Users'

15-10-2024T13:23:39 - [MESSAGE][INFO] - Test data is excel file, reading excel file

15-10-2024T13:23:39 - [MESSAGE][INFO] - Reading excel file with source file 'C:\Users\mayuresh.sonar\KatalonStudio\DataMigration\NFE-API-automationK\Data Files\TestData.xlsx' and sheet name 'users'

15-10-2024T13:23:39 - [MESSAGE][INFO] - Checking test data id

15-10-2024T13:23:39 - [MESSAGE][INFO] - Finding test data with id 'Data Files/Common/Users'

15-10-2024T13:23:39 - [MESSAGE][INFO] - Test data is excel file, reading excel file

15-10-2024T13:23:39 - [MESSAGE][INFO] - Reading excel file with source file 'C:\Users\mayuresh.sonar\KatalonStudio\DataMigration\NFE-API-automationK\Data Files\TestData.xlsx' and sheet name 'users'

15-10-2024T13:23:39 - [MESSAGE][INFO] - Checking test data id

15-10-2024T13:23:39 - [MESSAGE][INFO] - Finding test data with id 'Data Files/Common/Users'

15-10-2024T13:23:39 - [MESSAGE][INFO] - Test data is excel file, reading excel file

15-10-2024T13:23:39 - [MESSAGE][INFO] - Reading excel file with source file 'C:\Users\mayuresh.sonar\KatalonStudio\DataMigration\NFE-API-automationK\Data Files\TestData.xlsx' and sheet name 'users'

15-10-2024T13:23:39 - [MESSAGE][INFO] - Checking test data id

15-10-2024T13:23:39 - [MESSAGE][INFO] - Finding test data with id 'Data Files/Common/Users'

15-10-2024T13:23:39 - [MESSAGE][INFO] - Test data is excel file, reading excel file

15-10-2024T13:23:39 - [MESSAGE][INFO] - Reading excel file with source file 'C:\Users\mayuresh.sonar\KatalonStudio\DataMigration\NFE-API-automationK\Data Files\TestData.xlsx' and sheet name 'users'

15-10-2024T13:23:39 - [MESSAGE][INFO] - Checking test data id

15-10-2024T13:23:39 - [MESSAGE][INFO] - Finding test data with id 'Data Files/Common/Users'

15-10-2024T13:23:39 - [MESSAGE][INFO] - Test data is excel file, reading excel file

15-10-2024T13:23:39 - [MESSAGE][INFO] - Reading excel file with source file 'C:\Users\mayuresh.sonar\KatalonStudio\DataMigration\NFE-API-automationK\Data Files\TestData.xlsx' and sheet name 'users'

15-10-2024T13:23:39 - [MESSAGE][INFO] - Checking test data id

15-10-2024T13:23:39 - [MESSAGE][INFO] - Finding test data with id 'Data Files/Common/Users'

15-10-2024T13:23:39 - [MESSAGE][INFO] - Test data is excel file, reading excel file

15-10-2024T13:23:39 - [MESSAGE][INFO] - Reading excel file with source file 'C:\Users\mayuresh.sonar\KatalonStudio\DataMigration\NFE-API-automationK\Data Files\TestData.xlsx' and sheet name 'users'

15-10-2024T13:23:39 - [MESSAGE][INFO] - Checking test data id

15-10-2024T13:23:39 - [MESSAGE][INFO] - Finding test data with id 'Data Files/Common/Users'

15-10-2024T13:23:39 - [MESSAGE][INFO] - Test data is excel file, reading excel file

15-10-2024T13:23:39 - [MESSAGE][INFO] - Reading excel file with source file 'C:\Users\mayuresh.sonar\KatalonStudio\DataMigration\NFE-API-automationK\Data Files\TestData.xlsx' and sheet name 'users'

15-10-2024T13:23:39 - [MESSAGE][INFO] - Checking test data id

15-10-2024T13:23:39 - [MESSAGE][INFO] - Finding test data with id 'Data Files/Common/Users'

15-10-2024T13:23:39 - [MESSAGE][INFO] - Test data is excel file, reading excel file

15-10-2024T13:23:39 - [MESSAGE][INFO] - Reading excel file with source file 'C:\Users\mayuresh.sonar\KatalonStudio\DataMigration\NFE-API-automationK\Data Files\TestData.xlsx' and sheet name 'users'

15-10-2024T13:23:39 - [MESSAGE][INFO] - Checking test data id

15-10-2024T13:23:39 - [MESSAGE][INFO] - Finding test data with id 'Data Files/Common/Users'

15-10-2024T13:23:39 - [MESSAGE][INFO] - Test data is excel file, reading excel file

15-10-2024T13:23:39 - [MESSAGE][INFO] - Reading excel file with source file 'C:\Users\mayuresh.sonar\KatalonStudio\DataMigration\NFE-API-automationK\Data Files\TestData.xlsx' and sheet name 'users'

15-10-2024T13:23:40 - [MESSAGE][INFO] - Checking test data id

15-10-2024T13:23:40 - [MESSAGE][INFO] - Finding test data with id 'Data Files/Common/Users'

15-10-2024T13:23:40 - [MESSAGE][INFO] - Test data is excel file, reading excel file

15-10-2024T13:23:40 - [MESSAGE][INFO] - Reading excel file with source file 'C:\Users\mayuresh.sonar\KatalonStudio\DataMigration\NFE-API-automationK\Data Files\TestData.xlsx' and sheet name 'users'

15-10-2024T13:23:42 - [MESSAGE][PASSED] - reporting.ExtentReporting.startTest is PASSED

15-10-2024T13:23:42 - [MESSAGE][INFO] - Invoke 'com.kms.katalon.core.annotation.BeforeTestCase' method: 'TestListener.Before(...)' completed.

15-10-2024T13:23:43 - [TEST_STEP][ERROR] - if (flag == "Y"): Test Cases/TIP_Management/provider/FCA-15702_TIP Management - GET TIP Providers FAILED.
Reason:
com.kms.katalon.core.exception.StepErrorException: org.json.JSONException: JSONObject["bsp"] not found.
	at com.kms.katalon.core.main.CustomKeywordDelegatingMetaClass.throwError(CustomKeywordDelegatingMetaClass.java:101)
	at com.kms.katalon.core.main.CustomKeywordDelegatingMetaClass.invokeStaticMethod(CustomKeywordDelegatingMetaClass.java:73)
	at Script1728914058120$_run_closure2.doCall(Script1728914058120.groovy:194)
	at java.base/jdk.internal.reflect.NativeMethodAccessorImpl.invoke0(Native Method)
	at java.base/jdk.internal.reflect.NativeMethodAccessorImpl.invoke(NativeMethodAccessorImpl.java:77)
	at java.base/jdk.internal.reflect.DelegatingMethodAccessorImpl.invoke(DelegatingMethodAccessorImpl.java:43)
	at FCA-15702_TIP Management - GET TIP Providers.run(FCA-15702_TIP Management - GET TIP Providers:193)
	at com.kms.katalon.core.main.ScriptEngine.run(ScriptEngine.java:194)
	at com.kms.katalon.core.main.ScriptEngine.runScriptAsRawText(ScriptEngine.java:119)
	at com.kms.katalon.core.main.TestCaseExecutor.runScript(TestCaseExecutor.java:448)
	at com.kms.katalon.core.main.TestCaseExecutor.doExecute(TestCaseExecutor.java:439)
	at com.kms.katalon.core.main.TestCaseExecutor.processExecutionPhase(TestCaseExecutor.java:418)
	at com.kms.katalon.core.main.TestCaseExecutor.accessMainPhase(TestCaseExecutor.java:410)
	at com.kms.katalon.core.main.TestCaseExecutor.execute(TestCaseExecutor.java:285)
	at com.kms.katalon.core.common.CommonExecutor.accessTestCaseMainPhase(CommonExecutor.java:65)
	at com.kms.katalon.core.main.TestSuiteExecutor.accessTestSuiteMainPhase(TestSuiteExecutor.java:150)
	at com.kms.katalon.core.main.TestSuiteExecutor.execute(TestSuiteExecutor.java:106)
	at com.kms.katalon.core.main.TestCaseMain.startTestSuite(TestCaseMain.java:180)
	at TempTestSuite1728978808362.run(TempTestSuite1728978808362.groovy:35)
	at java.base/jdk.internal.reflect.NativeMethodAccessorImpl.invoke0(Native Method)
	at java.base/jdk.internal.reflect.NativeMethodAccessorImpl.invoke(NativeMethodAccessorImpl.java:77)
	at java.base/jdk.internal.reflect.DelegatingMethodAccessorImpl.invoke(DelegatingMethodAccessorImpl.java:43)
Caused by: org.json.JSONException: JSONObject["bsp"] not found.
	at org.json.JSONObject.get(JSONObject.java:473)
	at java.base/jdk.internal.reflect.NativeMethodAccessorImpl.invoke0(Native Method)
	at java.base/jdk.internal.reflect.NativeMethodAccessorImpl.invoke(NativeMethodAccessorImpl.java:77)
	at java.base/jdk.internal.reflect.DelegatingMethodAccessorImpl.invoke(DelegatingMethodAccessorImpl.java:43)
	at compare.CompareJsonResponse$_removeNode_closure5.doCall(CompareJsonResponse.groovy:134)
	at java.base/jdk.internal.reflect.NativeMethodAccessorImpl.invoke0(Native Method)
	at java.base/jdk.internal.reflect.NativeMethodAccessorImpl.invoke(NativeMethodAccessorImpl.java:77)
	at java.base/jdk.internal.reflect.DelegatingMethodAccessorImpl.invoke(DelegatingMethodAccessorImpl.java:43)
	at compare.CompareJsonResponse.removeNode(CompareJsonResponse.groovy:125)
	at java.base/jdk.internal.reflect.NativeMethodAccessorImpl.invoke0(Native Method)
	at java.base/jdk.internal.reflect.NativeMethodAccessorImpl.invoke(NativeMethodAccessorImpl.java:77)
	at java.base/jdk.internal.reflect.DelegatingMethodAccessorImpl.invoke(DelegatingMethodAccessorImpl.java:43)
	at com.kms.katalon.core.main.CustomKeywordDelegatingMetaClass.invokeStaticMethod(CustomKeywordDelegatingMetaClass.java:55)
	... 20 more


15-10-2024T13:23:43 - [TEST_STEP][PASSED] - path = endPoint: null

15-10-2024T13:23:43 - [TEST_STEP][PASSED] - URL_QA = baseURL_QA + "/" + basePathAPI + "/" + path: null

15-10-2024T13:23:43 - [TEST_STEP][PASSED] - queryResponseQA = sendRequest(findTestObject("CommonRequest/GET_Method_QA", ["token":airline952_73783_QA, "endPoint":path])): Send request successfully

15-10-2024T13:23:43 - [MESSAGE][INFO] - Finding Test Object 'Object Repository/CommonRequest/GET_Method_QA'

15-10-2024T13:23:44 - [MESSAGE][INFO] - Checking request object

15-10-2024T13:23:47 - [MESSAGE][INFO] - HAR: C:\Users\mayuresh.sonar\KatalonStudio\DataMigration\NFE-API-automationK\Reports\20241015_132328\TIP_Management\providers\20241015_132328\requests\main\0.har

15-10-2024T13:23:47 - [MESSAGE][PASSED] - Send request successfully

15-10-2024T13:23:47 - [TEST_STEP][PASSED] - verifyResponseStatusCode(queryResponseQA, 200): Verify response status code successfully

15-10-2024T13:23:47 - [MESSAGE][INFO] - Checking response object

15-10-2024T13:23:47 - [MESSAGE][PASSED] - Verify response status code successfully

15-10-2024T13:23:47 - [TEST_STEP][PASSED] - responseQA = queryResponseQA.getResponseBodyContent(): null

15-10-2024T13:23:47 - [TEST_STEP][PASSED] - URL_QAMIG = baseURL_QA_MIG + "/" + basePathAPI + "/" + path: null

15-10-2024T13:23:47 - [TEST_STEP][PASSED] - queryResponseQAMIG = sendRequest(findTestObject("CommonRequest/GET_Method_QA_MIG", ["token":airline952_73783_QAMIG, "endPoint":path])): Send request successfully

15-10-2024T13:23:47 - [MESSAGE][INFO] - Finding Test Object 'Object Repository/CommonRequest/GET_Method_QA_MIG'

15-10-2024T13:23:47 - [MESSAGE][INFO] - Checking request object

15-10-2024T13:23:48 - [MESSAGE][INFO] - HAR: C:\Users\mayuresh.sonar\KatalonStudio\DataMigration\NFE-API-automationK\Reports\20241015_132328\TIP_Management\providers\20241015_132328\requests\main\1.har

15-10-2024T13:23:48 - [MESSAGE][PASSED] - Send request successfully

15-10-2024T13:23:48 - [TEST_STEP][PASSED] - verifyResponseStatusCode(queryResponseQAMIG, 200): Verify response status code successfully

15-10-2024T13:23:48 - [MESSAGE][INFO] - Checking response object

15-10-2024T13:23:48 - [MESSAGE][PASSED] - Verify response status code successfully

15-10-2024T13:23:48 - [TEST_STEP][PASSED] - responseQAMIG = queryResponseQAMIG.getResponseBodyContent(): null

15-10-2024T13:23:48 - [TEST_STEP][PASSED] - ignoreNodesList = Arrays.asList(ignoreNodes.split(",")): null

15-10-2024T13:23:48 - [TEST_STEP][PASSED] - jsonSlurper = new groovy.json.JsonSlurper(): null

15-10-2024T13:23:48 - [TEST_STEP][PASSED] - responseQAObject = jsonSlurper.parseText(responseQA): null

15-10-2024T13:23:48 - [TEST_STEP][PASSED] - jsonObjectQA = responseQAObject: null

15-10-2024T13:23:48 - [TEST_STEP][PASSED] - responseQAMIGObject = jsonSlurper.parseText(responseQAMIG): null

15-10-2024T13:23:48 - [TEST_STEP][PASSED] - jsonObjectQAMIG = responseQAMIGObject: null

15-10-2024T13:23:48 - [TEST_STEP][PASSED] - comparator = compare.CompareJsonResponse.getComparator(ignoreNodes): compare.CompareJsonResponse.getComparator is PASSED

15-10-2024T13:23:48 - [MESSAGE][PASSED] - compare.CompareJsonResponse.getComparator is PASSED

15-10-2024T13:23:48 - [TEST_STEP][PASSED] - compare.GetDifferences.clearSetValues(): compare.GetDifferences.clearSetValues is PASSED

15-10-2024T13:23:48 - [MESSAGE][PASSED] - compare.GetDifferences.clearSetValues is PASSED

15-10-2024T13:23:48 - [TEST_STEP][PASSED] - if (jsonObjectQA.has("records") || jsonObjectQAMIG.has("records")): null

15-10-2024T13:23:48 - [TEST_STEP][ERROR] - else: Test Cases/TIP_Management/provider/FCA-15702_TIP Management - GET TIP Providers FAILED.
Reason:
com.kms.katalon.core.exception.StepErrorException: org.json.JSONException: JSONObject["bsp"] not found.
	at com.kms.katalon.core.main.CustomKeywordDelegatingMetaClass.throwError(CustomKeywordDelegatingMetaClass.java:101)
	at com.kms.katalon.core.main.CustomKeywordDelegatingMetaClass.invokeStaticMethod(CustomKeywordDelegatingMetaClass.java:73)
	at Script1728914058120$_run_closure2.doCall(Script1728914058120.groovy:194)
	at java.base/jdk.internal.reflect.NativeMethodAccessorImpl.invoke0(Native Method)
	at java.base/jdk.internal.reflect.NativeMethodAccessorImpl.invoke(NativeMethodAccessorImpl.java:77)
	at java.base/jdk.internal.reflect.DelegatingMethodAccessorImpl.invoke(DelegatingMethodAccessorImpl.java:43)
	at FCA-15702_TIP Management - GET TIP Providers.run(FCA-15702_TIP Management - GET TIP Providers:193)
	at com.kms.katalon.core.main.ScriptEngine.run(ScriptEngine.java:194)
	at com.kms.katalon.core.main.ScriptEngine.runScriptAsRawText(ScriptEngine.java:119)
	at com.kms.katalon.core.main.TestCaseExecutor.runScript(TestCaseExecutor.java:448)
	at com.kms.katalon.core.main.TestCaseExecutor.doExecute(TestCaseExecutor.java:439)
	at com.kms.katalon.core.main.TestCaseExecutor.processExecutionPhase(TestCaseExecutor.java:418)
	at com.kms.katalon.core.main.TestCaseExecutor.accessMainPhase(TestCaseExecutor.java:410)
	at com.kms.katalon.core.main.TestCaseExecutor.execute(TestCaseExecutor.java:285)
	at com.kms.katalon.core.common.CommonExecutor.accessTestCaseMainPhase(CommonExecutor.java:65)
	at com.kms.katalon.core.main.TestSuiteExecutor.accessTestSuiteMainPhase(TestSuiteExecutor.java:150)
	at com.kms.katalon.core.main.TestSuiteExecutor.execute(TestSuiteExecutor.java:106)
	at com.kms.katalon.core.main.TestCaseMain.startTestSuite(TestCaseMain.java:180)
	at TempTestSuite1728978808362.run(TempTestSuite1728978808362.groovy:35)
	at java.base/jdk.internal.reflect.NativeMethodAccessorImpl.invoke0(Native Method)
	at java.base/jdk.internal.reflect.NativeMethodAccessorImpl.invoke(NativeMethodAccessorImpl.java:77)
	at java.base/jdk.internal.reflect.DelegatingMethodAccessorImpl.invoke(DelegatingMethodAccessorImpl.java:43)
Caused by: org.json.JSONException: JSONObject["bsp"] not found.
	at org.json.JSONObject.get(JSONObject.java:473)
	at java.base/jdk.internal.reflect.NativeMethodAccessorImpl.invoke0(Native Method)
	at java.base/jdk.internal.reflect.NativeMethodAccessorImpl.invoke(NativeMethodAccessorImpl.java:77)
	at java.base/jdk.internal.reflect.DelegatingMethodAccessorImpl.invoke(DelegatingMethodAccessorImpl.java:43)
	at compare.CompareJsonResponse$_removeNode_closure5.doCall(CompareJsonResponse.groovy:134)
	at java.base/jdk.internal.reflect.NativeMethodAccessorImpl.invoke0(Native Method)
	at java.base/jdk.internal.reflect.NativeMethodAccessorImpl.invoke(NativeMethodAccessorImpl.java:77)
	at java.base/jdk.internal.reflect.DelegatingMethodAccessorImpl.invoke(DelegatingMethodAccessorImpl.java:43)
	at compare.CompareJsonResponse.removeNode(CompareJsonResponse.groovy:125)
	at java.base/jdk.internal.reflect.NativeMethodAccessorImpl.invoke0(Native Method)
	at java.base/jdk.internal.reflect.NativeMethodAccessorImpl.invoke(NativeMethodAccessorImpl.java:77)
	at java.base/jdk.internal.reflect.DelegatingMethodAccessorImpl.invoke(DelegatingMethodAccessorImpl.java:43)
	at com.kms.katalon.core.main.CustomKeywordDelegatingMetaClass.invokeStaticMethod(CustomKeywordDelegatingMetaClass.java:55)
	... 20 more


15-10-2024T13:23:48 - [TEST_STEP][ERROR] - ignoreNodesList.each({ java.lang.Object node -> ... }): Test Cases/TIP_Management/provider/FCA-15702_TIP Management - GET TIP Providers FAILED.
Reason:
com.kms.katalon.core.exception.StepErrorException: org.json.JSONException: JSONObject["bsp"] not found.
	at com.kms.katalon.core.main.CustomKeywordDelegatingMetaClass.throwError(CustomKeywordDelegatingMetaClass.java:101)
	at com.kms.katalon.core.main.CustomKeywordDelegatingMetaClass.invokeStaticMethod(CustomKeywordDelegatingMetaClass.java:73)
	at Script1728914058120$_run_closure2.doCall(Script1728914058120.groovy:194)
	at java.base/jdk.internal.reflect.NativeMethodAccessorImpl.invoke0(Native Method)
	at java.base/jdk.internal.reflect.NativeMethodAccessorImpl.invoke(NativeMethodAccessorImpl.java:77)
	at java.base/jdk.internal.reflect.DelegatingMethodAccessorImpl.invoke(DelegatingMethodAccessorImpl.java:43)
	at FCA-15702_TIP Management - GET TIP Providers.run(FCA-15702_TIP Management - GET TIP Providers:193)
	at com.kms.katalon.core.main.ScriptEngine.run(ScriptEngine.java:194)
	at com.kms.katalon.core.main.ScriptEngine.runScriptAsRawText(ScriptEngine.java:119)
	at com.kms.katalon.core.main.TestCaseExecutor.runScript(TestCaseExecutor.java:448)
	at com.kms.katalon.core.main.TestCaseExecutor.doExecute(TestCaseExecutor.java:439)
	at com.kms.katalon.core.main.TestCaseExecutor.processExecutionPhase(TestCaseExecutor.java:418)
	at com.kms.katalon.core.main.TestCaseExecutor.accessMainPhase(TestCaseExecutor.java:410)
	at com.kms.katalon.core.main.TestCaseExecutor.execute(TestCaseExecutor.java:285)
	at com.kms.katalon.core.common.CommonExecutor.accessTestCaseMainPhase(CommonExecutor.java:65)
	at com.kms.katalon.core.main.TestSuiteExecutor.accessTestSuiteMainPhase(TestSuiteExecutor.java:150)
	at com.kms.katalon.core.main.TestSuiteExecutor.execute(TestSuiteExecutor.java:106)
	at com.kms.katalon.core.main.TestCaseMain.startTestSuite(TestCaseMain.java:180)
	at TempTestSuite1728978808362.run(TempTestSuite1728978808362.groovy:35)
	at java.base/jdk.internal.reflect.NativeMethodAccessorImpl.invoke0(Native Method)
	at java.base/jdk.internal.reflect.NativeMethodAccessorImpl.invoke(NativeMethodAccessorImpl.java:77)
	at java.base/jdk.internal.reflect.DelegatingMethodAccessorImpl.invoke(DelegatingMethodAccessorImpl.java:43)
Caused by: org.json.JSONException: JSONObject["bsp"] not found.
	at org.json.JSONObject.get(JSONObject.java:473)
	at java.base/jdk.internal.reflect.NativeMethodAccessorImpl.invoke0(Native Method)
	at java.base/jdk.internal.reflect.NativeMethodAccessorImpl.invoke(NativeMethodAccessorImpl.java:77)
	at java.base/jdk.internal.reflect.DelegatingMethodAccessorImpl.invoke(DelegatingMethodAccessorImpl.java:43)
	at compare.CompareJsonResponse$_removeNode_closure5.doCall(CompareJsonResponse.groovy:134)
	at java.base/jdk.internal.reflect.NativeMethodAccessorImpl.invoke0(Native Method)
	at java.base/jdk.internal.reflect.NativeMethodAccessorImpl.invoke(NativeMethodAccessorImpl.java:77)
	at java.base/jdk.internal.reflect.DelegatingMethodAccessorImpl.invoke(DelegatingMethodAccessorImpl.java:43)
	at compare.CompareJsonResponse.removeNode(CompareJsonResponse.groovy:125)
	at java.base/jdk.internal.reflect.NativeMethodAccessorImpl.invoke0(Native Method)
	at java.base/jdk.internal.reflect.NativeMethodAccessorImpl.invoke(NativeMethodAccessorImpl.java:77)
	at java.base/jdk.internal.reflect.DelegatingMethodAccessorImpl.invoke(DelegatingMethodAccessorImpl.java:43)
	at com.kms.katalon.core.main.CustomKeywordDelegatingMetaClass.invokeStaticMethod(CustomKeywordDelegatingMetaClass.java:55)
	... 20 more


15-10-2024T13:23:48 - [MESSAGE][ERROR] - JSONObject["bsp"] not found.

15-10-2024T13:23:48 - [MESSAGE][ERROR] - Test Cases/TIP_Management/provider/FCA-15702_TIP Management - GET TIP Providers FAILED.
Reason:
com.kms.katalon.core.exception.StepErrorException: org.json.JSONException: JSONObject["bsp"] not found.
	at com.kms.katalon.core.main.CustomKeywordDelegatingMetaClass.throwError(CustomKeywordDelegatingMetaClass.java:101)
	at com.kms.katalon.core.main.CustomKeywordDelegatingMetaClass.invokeStaticMethod(CustomKeywordDelegatingMetaClass.java:73)
	at Script1728914058120$_run_closure2.doCall(Script1728914058120.groovy:194)
	at java.base/jdk.internal.reflect.NativeMethodAccessorImpl.invoke0(Native Method)
	at java.base/jdk.internal.reflect.NativeMethodAccessorImpl.invoke(NativeMethodAccessorImpl.java:77)
	at java.base/jdk.internal.reflect.DelegatingMethodAccessorImpl.invoke(DelegatingMethodAccessorImpl.java:43)
	at FCA-15702_TIP Management - GET TIP Providers.run(FCA-15702_TIP Management - GET TIP Providers:193)
	at com.kms.katalon.core.main.ScriptEngine.run(ScriptEngine.java:194)
	at com.kms.katalon.core.main.ScriptEngine.runScriptAsRawText(ScriptEngine.java:119)
	at com.kms.katalon.core.main.TestCaseExecutor.runScript(TestCaseExecutor.java:448)
	at com.kms.katalon.core.main.TestCaseExecutor.doExecute(TestCaseExecutor.java:439)
	at com.kms.katalon.core.main.TestCaseExecutor.processExecutionPhase(TestCaseExecutor.java:418)
	at com.kms.katalon.core.main.TestCaseExecutor.accessMainPhase(TestCaseExecutor.java:410)
	at com.kms.katalon.core.main.TestCaseExecutor.execute(TestCaseExecutor.java:285)
	at com.kms.katalon.core.common.CommonExecutor.accessTestCaseMainPhase(CommonExecutor.java:65)
	at com.kms.katalon.core.main.TestSuiteExecutor.accessTestSuiteMainPhase(TestSuiteExecutor.java:150)
	at com.kms.katalon.core.main.TestSuiteExecutor.execute(TestSuiteExecutor.java:106)
	at com.kms.katalon.core.main.TestCaseMain.startTestSuite(TestCaseMain.java:180)
	at TempTestSuite1728978808362.run(TempTestSuite1728978808362.groovy:35)
	at java.base/jdk.internal.reflect.NativeMethodAccessorImpl.invoke0(Native Method)
	at java.base/jdk.internal.reflect.NativeMethodAccessorImpl.invoke(NativeMethodAccessorImpl.java:77)
	at java.base/jdk.internal.reflect.DelegatingMethodAccessorImpl.invoke(DelegatingMethodAccessorImpl.java:43)
Caused by: org.json.JSONException: JSONObject["bsp"] not found.
	at org.json.JSONObject.get(JSONObject.java:473)
	at java.base/jdk.internal.reflect.NativeMethodAccessorImpl.invoke0(Native Method)
	at java.base/jdk.internal.reflect.NativeMethodAccessorImpl.invoke(NativeMethodAccessorImpl.java:77)
	at java.base/jdk.internal.reflect.DelegatingMethodAccessorImpl.invoke(DelegatingMethodAccessorImpl.java:43)
	at compare.CompareJsonResponse$_removeNode_closure5.doCall(CompareJsonResponse.groovy:134)
	at java.base/jdk.internal.reflect.NativeMethodAccessorImpl.invoke0(Native Method)
	at java.base/jdk.internal.reflect.NativeMethodAccessorImpl.invoke(NativeMethodAccessorImpl.java:77)
	at java.base/jdk.internal.reflect.DelegatingMethodAccessorImpl.invoke(DelegatingMethodAccessorImpl.java:43)
	at compare.CompareJsonResponse.removeNode(CompareJsonResponse.groovy:125)
	at java.base/jdk.internal.reflect.NativeMethodAccessorImpl.invoke0(Native Method)
	at java.base/jdk.internal.reflect.NativeMethodAccessorImpl.invoke(NativeMethodAccessorImpl.java:77)
	at java.base/jdk.internal.reflect.DelegatingMethodAccessorImpl.invoke(DelegatingMethodAccessorImpl.java:43)
	at com.kms.katalon.core.main.CustomKeywordDelegatingMetaClass.invokeStaticMethod(CustomKeywordDelegatingMetaClass.java:55)
	... 20 more


15-10-2024T13:23:48 - [TEST_STEP][PASSED] - Start listener action : afterTestCase: Invoke 'com.kms.katalon.core.annotation.AfterTestCase' method: 'TestListener.afterTestCase(...)' completed.

15-10-2024T13:23:48 - [MESSAGE][INFO] - Starting invoke 'com.kms.katalon.core.annotation.AfterTestCase' method: 'TestListener.afterTestCase(...)'

15-10-2024T13:23:48 - [TEST_STEP][PASSED] - logInfo(testCaseContext.getTestCaseId()): Test Cases/TIP_Management/provider/FCA-15702_TIP Management - GET TIP Providers

15-10-2024T13:23:48 - [MESSAGE][INFO] - Test Cases/TIP_Management/provider/FCA-15702_TIP Management - GET TIP Providers

15-10-2024T13:23:48 - [TEST_STEP][PASSED] - logInfo(testCaseContext.getTestCaseStatus()): ERROR

15-10-2024T13:23:48 - [MESSAGE][INFO] - ERROR

15-10-2024T13:23:48 - [TEST_STEP][PASSED] - responseQA = getTestCaseVariables().get("responseQA"): null

15-10-2024T13:23:48 - [TEST_STEP][PASSED] - responseQAMIG = getTestCaseVariables().get("responseQAMIG"): null

15-10-2024T13:23:48 - [TEST_STEP][PASSED] - sortedQA = getTestCaseVariables().get("sortedRecordsQA"): null

15-10-2024T13:23:48 - [TEST_STEP][PASSED] - sortedQAMIG = getTestCaseVariables().get("sortedRecordsQAMIG"): null

15-10-2024T13:23:48 - [TEST_STEP][PASSED] - reporting.ExtentReporting.logStringData("URL_QA", getTestCaseVariables().get("URL_QA")): reporting.ExtentReporting.logStringData is PASSED

15-10-2024T13:23:49 - [MESSAGE][PASSED] - reporting.ExtentReporting.logStringData is PASSED

15-10-2024T13:23:49 - [TEST_STEP][PASSED] - reporting.ExtentReporting.logStringData("URL_QAMIG", getTestCaseVariables().get("URL_QAMIG")): reporting.ExtentReporting.logStringData is PASSED

15-10-2024T13:23:49 - [MESSAGE][PASSED] - reporting.ExtentReporting.logStringData is PASSED

15-10-2024T13:23:49 - [TEST_STEP][PASSED] - reporting.ExtentReporting.logJSONData("QA Response", responseQA): reporting.ExtentReporting.logJSONData is PASSED

15-10-2024T13:23:49 - [MESSAGE][PASSED] - reporting.ExtentReporting.logJSONData is PASSED

15-10-2024T13:23:49 - [TEST_STEP][PASSED] - reporting.ExtentReporting.logJSONData("QAMIG Response", responseQAMIG): reporting.ExtentReporting.logJSONData is PASSED

15-10-2024T13:23:49 - [MESSAGE][PASSED] - reporting.ExtentReporting.logJSONData is PASSED

15-10-2024T13:23:49 - [TEST_STEP][PASSED] - if (getTestCaseStatus().equals("FAILED")): null

15-10-2024T13:23:49 - [TEST_STEP][PASSED] - else if (getTestCaseStatus().equals("ERROR")): null

15-10-2024T13:23:49 - [TEST_STEP][PASSED] - reporting.ExtentReporting.testStatus("FAIL", testCaseContext.getMessage()): reporting.ExtentReporting.testStatus is PASSED

15-10-2024T13:23:49 - [MESSAGE][PASSED] - reporting.ExtentReporting.testStatus is PASSED

15-10-2024T13:23:49 - [TEST_STEP][PASSED] - logInfo(getTestCaseVariables().get("URL_QA")): https://gateway-gateway.apps.qa.okd4.nfe.projects.nonprod.itd.farelogix.com/api/tip-management/providers?bspId=7378

15-10-2024T13:23:49 - [MESSAGE][INFO] - https://gateway-gateway.apps.qa.okd4.nfe.projects.nonprod.itd.farelogix.com/api/tip-management/providers?bspId=7378

15-10-2024T13:23:49 - [TEST_STEP][PASSED] - responseQAValue = getTestCaseVariables().get("responseQA"): null

15-10-2024T13:23:49 - [TEST_STEP][PASSED] - logInfo(responseQAValue): [{"id":737871858984,"code":"GUYT","name":"Unenrolled Max UNFE","bsp":{"id":7378,"isoCountryCode":"IN","name":"INDIA"},"location":"CH","effectiveFrom":"2023-02-16","effectiveTo":null,"status":"Active","contacts":[{"primary":"Yes","title":"Mr.","position":"Tip Head","firstName":"Christophe","lastName":"Oreb","address":"33 Route de L'Aeroport","city":"Geneva","state":null,"postalCode":"1215","country":"CH","email":"TEST-BSPLINK@ACCELYA.COM","phone":"+41 22 7702105"}]},{"id":737873888283,"code":"IXRS","name":"Ixaris Solutions Limited","bsp":{"id":7378,"isoCountryCode":"IN","name":"INDIA"},"location":"GB","effectiveFrom":"2021-04-09","effectiveTo":null,"status":"Active","contacts":[{"primary":"Yes","title":"Mr.","position":"Head of Airlines","firstName":"John","lastName":"Taylor","address":"2 STEPHEN STREET","city":"LONDON","state":null,"postalCode":"W1T 1AN","country":"GB","email":"ixariscard@ixaris.com","phone":"+447748968901"}]},{"id":737882738469,"code":"RITE","name":"Unenrolled Max UNFE","bsp":{"id":7378,"isoCountryCode":"IN","name":"INDIA"},"location":"CH","effectiveFrom":"2023-02-16","effectiveTo":null,"status":"Active","contacts":[{"primary":"Yes","title":"Mr.","position":"Tip Head","firstName":"Christophe","lastName":"Oreb","address":"33 Route de L'Aeroport","city":"Geneva","state":null,"postalCode":"1215","country":"CH","email":"TEST-BSPLINK@ACCELYA.COM","phone":"+41 22 7702105"}]},{"id":737885786978,"code":"UNEN","name":"Unenrolled Known BINs","bsp":{"id":7378,"isoCountryCode":"IN","name":"INDIA"},"location":"CH","effectiveFrom":"2019-09-30","effectiveTo":null,"status":"Active","contacts":[{"primary":"Yes","title":"Mr.","position":"Tip Head","firstName":"Christophe","lastName":"Oreb","address":"33 Route de L'Aeroport","city":"Geneva","state":null,"postalCode":"1215","country":"CH","email":"orebchristophe@iata.org","phone":"+41 22 7702105"}]}]

15-10-2024T13:23:49 - [MESSAGE][INFO] - [{"id":737871858984,"code":"GUYT","name":"Unenrolled Max UNFE","bsp":{"id":7378,"isoCountryCode":"IN","name":"INDIA"},"location":"CH","effectiveFrom":"2023-02-16","effectiveTo":null,"status":"Active","contacts":[{"primary":"Yes","title":"Mr.","position":"Tip Head","firstName":"Christophe","lastName":"Oreb","address":"33 Route de L'Aeroport","city":"Geneva","state":null,"postalCode":"1215","country":"CH","email":"TEST-BSPLINK@ACCELYA.COM","phone":"+41 22 7702105"}]},{"id":737873888283,"code":"IXRS","name":"Ixaris Solutions Limited","bsp":{"id":7378,"isoCountryCode":"IN","name":"INDIA"},"location":"GB","effectiveFrom":"2021-04-09","effectiveTo":null,"status":"Active","contacts":[{"primary":"Yes","title":"Mr.","position":"Head of Airlines","firstName":"John","lastName":"Taylor","address":"2 STEPHEN STREET","city":"LONDON","state":null,"postalCode":"W1T 1AN","country":"GB","email":"ixariscard@ixaris.com","phone":"+447748968901"}]},{"id":737882738469,"code":"RITE","name":"Unenrolled Max UNFE","bsp":{"id":7378,"isoCountryCode":"IN","name":"INDIA"},"location":"CH","effectiveFrom":"2023-02-16","effectiveTo":null,"status":"Active","contacts":[{"primary":"Yes","title":"Mr.","position":"Tip Head","firstName":"Christophe","lastName":"Oreb","address":"33 Route de L'Aeroport","city":"Geneva","state":null,"postalCode":"1215","country":"CH","email":"TEST-BSPLINK@ACCELYA.COM","phone":"+41 22 7702105"}]},{"id":737885786978,"code":"UNEN","name":"Unenrolled Known BINs","bsp":{"id":7378,"isoCountryCode":"IN","name":"INDIA"},"location":"CH","effectiveFrom":"2019-09-30","effectiveTo":null,"status":"Active","contacts":[{"primary":"Yes","title":"Mr.","position":"Tip Head","firstName":"Christophe","lastName":"Oreb","address":"33 Route de L'Aeroport","city":"Geneva","state":null,"postalCode":"1215","country":"CH","email":"orebchristophe@iata.org","phone":"+41 22 7702105"}]}]

15-10-2024T13:23:49 - [TEST_STEP][PASSED] - logInfo(getTestCaseVariables().get("URL_QAMIG")): https://gateway-gateway.apps.qa-mig.okd4.nfe.projects.nonprod.itd.farelogix.com/api/tip-management/providers?bspId=7378

15-10-2024T13:23:49 - [MESSAGE][INFO] - https://gateway-gateway.apps.qa-mig.okd4.nfe.projects.nonprod.itd.farelogix.com/api/tip-management/providers?bspId=7378

15-10-2024T13:23:49 - [TEST_STEP][PASSED] - responseQAMIGValue = getTestCaseVariables().get("responseQAMIG"): null

15-10-2024T13:23:49 - [TEST_STEP][PASSED] - logInfo(responseQAMIGValue): []

15-10-2024T13:23:49 - [MESSAGE][INFO] - []

15-10-2024T13:23:49 - [TEST_STEP][PASSED] - missingIDsList = getTestCaseVariables().get("missing_IDs"): null

15-10-2024T13:23:49 - [TEST_STEP][PASSED] - missingIDsList.each({ java.lang.Object id -> ... }): null

15-10-2024T13:23:49 - [TEST_STEP][PASSED] - fieldsToBeIgnoredList = getTestCaseVariables().get("fieldsToBeIgnoredList"): null

15-10-2024T13:23:49 - [TEST_STEP][PASSED] - fieldsToBeIgnoredList.each({ java.lang.Object fieldName -> ... }): null

15-10-2024T13:23:49 - [TEST_STEP][PASSED] - if (extentFlag.equals("y")): Invoke 'com.kms.katalon.core.annotation.AfterTestCase' method: 'TestListener.afterTestCase(...)' completed.

15-10-2024T13:23:49 - [TEST_STEP][PASSED] - reporting.ExtentReporting.endTest(): Invoke 'com.kms.katalon.core.annotation.AfterTestCase' method: 'TestListener.afterTestCase(...)' completed.

15-10-2024T13:23:49 - [MESSAGE][PASSED] - reporting.ExtentReporting.endTest is PASSED

15-10-2024T13:23:49 - [MESSAGE][INFO] - Invoke 'com.kms.katalon.core.annotation.AfterTestCase' method: 'TestListener.afterTestCase(...)' completed.]]></system-out>
         <system-err><![CDATA[15-10-2024T13:23:35 - [TEST_CASE][ERROR] - Test Cases/TIP_Management/provider/FCA-15702_TIP Management - GET TIP Providers: Test Cases/TIP_Management/provider/FCA-15702_TIP Management - GET TIP Providers FAILED.
Reason:
org.json.JSONException: JSONObject["bsp"] not found.
	at org.json.JSONObject.get(JSONObject.java:473)
	at java.base/jdk.internal.reflect.NativeMethodAccessorImpl.invoke0(Native Method)
	at java.base/jdk.internal.reflect.NativeMethodAccessorImpl.invoke(NativeMethodAccessorImpl.java:77)
	at java.base/jdk.internal.reflect.DelegatingMethodAccessorImpl.invoke(DelegatingMethodAccessorImpl.java:43)
	at compare.CompareJsonResponse$_removeNode_closure5.doCall(CompareJsonResponse.groovy:134)
	at java.base/jdk.internal.reflect.NativeMethodAccessorImpl.invoke0(Native Method)
	at java.base/jdk.internal.reflect.NativeMethodAccessorImpl.invoke(NativeMethodAccessorImpl.java:77)
	at java.base/jdk.internal.reflect.DelegatingMethodAccessorImpl.invoke(DelegatingMethodAccessorImpl.java:43)
	at compare.CompareJsonResponse.removeNode(CompareJsonResponse.groovy:125)
	at java.base/jdk.internal.reflect.NativeMethodAccessorImpl.invoke0(Native Method)
	at java.base/jdk.internal.reflect.NativeMethodAccessorImpl.invoke(NativeMethodAccessorImpl.java:77)
	at java.base/jdk.internal.reflect.DelegatingMethodAccessorImpl.invoke(DelegatingMethodAccessorImpl.java:43)
	at com.kms.katalon.core.main.CustomKeywordDelegatingMetaClass.invokeStaticMethod(CustomKeywordDelegatingMetaClass.java:55)
	at Script1728914058120$_run_closure2.doCall(Script1728914058120.groovy:194)
	at java.base/jdk.internal.reflect.NativeMethodAccessorImpl.invoke0(Native Method)
	at java.base/jdk.internal.reflect.NativeMethodAccessorImpl.invoke(NativeMethodAccessorImpl.java:77)
	at java.base/jdk.internal.reflect.DelegatingMethodAccessorImpl.invoke(DelegatingMethodAccessorImpl.java:43)
	at FCA-15702_TIP Management - GET TIP Providers.run(FCA-15702_TIP Management - GET TIP Providers:193)
	at com.kms.katalon.core.main.ScriptEngine.run(ScriptEngine.java:194)
	at com.kms.katalon.core.main.ScriptEngine.runScriptAsRawText(ScriptEngine.java:119)
	at com.kms.katalon.core.main.TestCaseExecutor.runScript(TestCaseExecutor.java:448)
	at com.kms.katalon.core.main.TestCaseExecutor.doExecute(TestCaseExecutor.java:439)
	at com.kms.katalon.core.main.TestCaseExecutor.processExecutionPhase(TestCaseExecutor.java:418)
	at com.kms.katalon.core.main.TestCaseExecutor.accessMainPhase(TestCaseExecutor.java:410)
	at com.kms.katalon.core.main.TestCaseExecutor.execute(TestCaseExecutor.java:285)
	at com.kms.katalon.core.common.CommonExecutor.accessTestCaseMainPhase(CommonExecutor.java:65)
	at com.kms.katalon.core.main.TestSuiteExecutor.accessTestSuiteMainPhase(TestSuiteExecutor.java:150)
	at com.kms.katalon.core.main.TestSuiteExecutor.execute(TestSuiteExecutor.java:106)
	at com.kms.katalon.core.main.TestCaseMain.startTestSuite(TestCaseMain.java:180)
	at TempTestSuite1728978808362.run(TempTestSuite1728978808362.groovy:35)
	at java.base/jdk.internal.reflect.NativeMethodAccessorImpl.invoke0(Native Method)
	at java.base/jdk.internal.reflect.NativeMethodAccessorImpl.invoke(NativeMethodAccessorImpl.java:77)
	at java.base/jdk.internal.reflect.DelegatingMethodAccessorImpl.invoke(DelegatingMethodAccessorImpl.java:43)]]></system-err>
      </testcase>
      <system-out><![CDATA[15-10-2024T13:23:35 - [TEST_SUITE][ERROR] - providers: Test Cases/TIP_Management/provider/FCA-15702_TIP Management - GET TIP Providers FAILED.
Reason:
org.json.JSONException: JSONObject["bsp"] not found.
	at org.json.JSONObject.get(JSONObject.java:473)
	at java.base/jdk.internal.reflect.NativeMethodAccessorImpl.invoke0(Native Method)
	at java.base/jdk.internal.reflect.NativeMethodAccessorImpl.invoke(NativeMethodAccessorImpl.java:77)
	at java.base/jdk.internal.reflect.DelegatingMethodAccessorImpl.invoke(DelegatingMethodAccessorImpl.java:43)
	at compare.CompareJsonResponse$_removeNode_closure5.doCall(CompareJsonResponse.groovy:134)
	at java.base/jdk.internal.reflect.NativeMethodAccessorImpl.invoke0(Native Method)
	at java.base/jdk.internal.reflect.NativeMethodAccessorImpl.invoke(NativeMethodAccessorImpl.java:77)
	at java.base/jdk.internal.reflect.DelegatingMethodAccessorImpl.invoke(DelegatingMethodAccessorImpl.java:43)
	at compare.CompareJsonResponse.removeNode(CompareJsonResponse.groovy:125)
	at java.base/jdk.internal.reflect.NativeMethodAccessorImpl.invoke0(Native Method)
	at java.base/jdk.internal.reflect.NativeMethodAccessorImpl.invoke(NativeMethodAccessorImpl.java:77)
	at java.base/jdk.internal.reflect.DelegatingMethodAccessorImpl.invoke(DelegatingMethodAccessorImpl.java:43)
	at com.kms.katalon.core.main.CustomKeywordDelegatingMetaClass.invokeStaticMethod(CustomKeywordDelegatingMetaClass.java:55)
	at Script1728914058120$_run_closure2.doCall(Script1728914058120.groovy:194)
	at java.base/jdk.internal.reflect.NativeMethodAccessorImpl.invoke0(Native Method)
	at java.base/jdk.internal.reflect.NativeMethodAccessorImpl.invoke(NativeMethodAccessorImpl.java:77)
	at java.base/jdk.internal.reflect.DelegatingMethodAccessorImpl.invoke(DelegatingMethodAccessorImpl.java:43)
	at FCA-15702_TIP Management - GET TIP Providers.run(FCA-15702_TIP Management - GET TIP Providers:193)
	at com.kms.katalon.core.main.ScriptEngine.run(ScriptEngine.java:194)
	at com.kms.katalon.core.main.ScriptEngine.runScriptAsRawText(ScriptEngine.java:119)
	at com.kms.katalon.core.main.TestCaseExecutor.runScript(TestCaseExecutor.java:448)
	at com.kms.katalon.core.main.TestCaseExecutor.doExecute(TestCaseExecutor.java:439)
	at com.kms.katalon.core.main.TestCaseExecutor.processExecutionPhase(TestCaseExecutor.java:418)
	at com.kms.katalon.core.main.TestCaseExecutor.accessMainPhase(TestCaseExecutor.java:410)
	at com.kms.katalon.core.main.TestCaseExecutor.execute(TestCaseExecutor.java:285)
	at com.kms.katalon.core.common.CommonExecutor.accessTestCaseMainPhase(CommonExecutor.java:65)
	at com.kms.katalon.core.main.TestSuiteExecutor.accessTestSuiteMainPhase(TestSuiteExecutor.java:150)
	at com.kms.katalon.core.main.TestSuiteExecutor.execute(TestSuiteExecutor.java:106)
	at com.kms.katalon.core.main.TestCaseMain.startTestSuite(TestCaseMain.java:180)
	at TempTestSuite1728978808362.run(TempTestSuite1728978808362.groovy:35)
	at java.base/jdk.internal.reflect.NativeMethodAccessorImpl.invoke0(Native Method)
	at java.base/jdk.internal.reflect.NativeMethodAccessorImpl.invoke(NativeMethodAccessorImpl.java:77)
	at java.base/jdk.internal.reflect.DelegatingMethodAccessorImpl.invoke(DelegatingMethodAccessorImpl.java:43)]]></system-out>
      <system-err><![CDATA[15-10-2024T13:23:35 - [TEST_SUITE][ERROR] - providers: Test Cases/TIP_Management/provider/FCA-15702_TIP Management - GET TIP Providers FAILED.
Reason:
org.json.JSONException: JSONObject["bsp"] not found.
	at org.json.JSONObject.get(JSONObject.java:473)
	at java.base/jdk.internal.reflect.NativeMethodAccessorImpl.invoke0(Native Method)
	at java.base/jdk.internal.reflect.NativeMethodAccessorImpl.invoke(NativeMethodAccessorImpl.java:77)
	at java.base/jdk.internal.reflect.DelegatingMethodAccessorImpl.invoke(DelegatingMethodAccessorImpl.java:43)
	at compare.CompareJsonResponse$_removeNode_closure5.doCall(CompareJsonResponse.groovy:134)
	at java.base/jdk.internal.reflect.NativeMethodAccessorImpl.invoke0(Native Method)
	at java.base/jdk.internal.reflect.NativeMethodAccessorImpl.invoke(NativeMethodAccessorImpl.java:77)
	at java.base/jdk.internal.reflect.DelegatingMethodAccessorImpl.invoke(DelegatingMethodAccessorImpl.java:43)
	at compare.CompareJsonResponse.removeNode(CompareJsonResponse.groovy:125)
	at java.base/jdk.internal.reflect.NativeMethodAccessorImpl.invoke0(Native Method)
	at java.base/jdk.internal.reflect.NativeMethodAccessorImpl.invoke(NativeMethodAccessorImpl.java:77)
	at java.base/jdk.internal.reflect.DelegatingMethodAccessorImpl.invoke(DelegatingMethodAccessorImpl.java:43)
	at com.kms.katalon.core.main.CustomKeywordDelegatingMetaClass.invokeStaticMethod(CustomKeywordDelegatingMetaClass.java:55)
	at Script1728914058120$_run_closure2.doCall(Script1728914058120.groovy:194)
	at java.base/jdk.internal.reflect.NativeMethodAccessorImpl.invoke0(Native Method)
	at java.base/jdk.internal.reflect.NativeMethodAccessorImpl.invoke(NativeMethodAccessorImpl.java:77)
	at java.base/jdk.internal.reflect.DelegatingMethodAccessorImpl.invoke(DelegatingMethodAccessorImpl.java:43)
	at FCA-15702_TIP Management - GET TIP Providers.run(FCA-15702_TIP Management - GET TIP Providers:193)
	at com.kms.katalon.core.main.ScriptEngine.run(ScriptEngine.java:194)
	at com.kms.katalon.core.main.ScriptEngine.runScriptAsRawText(ScriptEngine.java:119)
	at com.kms.katalon.core.main.TestCaseExecutor.runScript(TestCaseExecutor.java:448)
	at com.kms.katalon.core.main.TestCaseExecutor.doExecute(TestCaseExecutor.java:439)
	at com.kms.katalon.core.main.TestCaseExecutor.processExecutionPhase(TestCaseExecutor.java:418)
	at com.kms.katalon.core.main.TestCaseExecutor.accessMainPhase(TestCaseExecutor.java:410)
	at com.kms.katalon.core.main.TestCaseExecutor.execute(TestCaseExecutor.java:285)
	at com.kms.katalon.core.common.CommonExecutor.accessTestCaseMainPhase(CommonExecutor.java:65)
	at com.kms.katalon.core.main.TestSuiteExecutor.accessTestSuiteMainPhase(TestSuiteExecutor.java:150)
	at com.kms.katalon.core.main.TestSuiteExecutor.execute(TestSuiteExecutor.java:106)
	at com.kms.katalon.core.main.TestCaseMain.startTestSuite(TestCaseMain.java:180)
	at TempTestSuite1728978808362.run(TempTestSuite1728978808362.groovy:35)
	at java.base/jdk.internal.reflect.NativeMethodAccessorImpl.invoke0(Native Method)
	at java.base/jdk.internal.reflect.NativeMethodAccessorImpl.invoke(NativeMethodAccessorImpl.java:77)
	at java.base/jdk.internal.reflect.DelegatingMethodAccessorImpl.invoke(DelegatingMethodAccessorImpl.java:43)]]></system-err>
   </testsuite>
</testsuites>
