<?xml version="1.0" encoding="UTF-8"?>
<testsuites name="card-consents" time="12.159" tests="1" failures="1" errors="0">
   <testsuite name="card-consents" tests="1" failures="1" errors="0" time="12.159" skipped="0" timestamp="09-10-2024T20:54:26" hostname="Mayuresh.Sonar - CCE1019.accelya.local" id="Test Suites/TIP_Management/card-consents">
      <properties>
         <property name="deviceName" value=""/>
         <property name="devicePlatform" value=""/>
         <property name="logFolder" value="C:\\Users\\mayuresh.sonar\\KatalonStudio\\DataMigration\\NFE-API-automationK\\Reports\\20241009_205421\\TIP_Management\\card-consents\\20241009_205421"/>
         <property name="logFiles" value="C:\\Users\\mayuresh.sonar\\KatalonStudio\\DataMigration\\NFE-API-automationK\\Reports\\20241009_205421\\TIP_Management\\card-consents\\20241009_205421\\execution0.log"/>
         <property name="attachments" value=""/>
         <property name="hostName" value="Mayuresh.Sonar - CCE1019.accelya.local"/>
         <property name="hostAddress" value="192.168.0.104"/>
         <property name="os" value="Windows 11 64bit"/>
         <property name="katalonVersion" value="9.4.4.212"/>
      </properties>
      <testcase name="Test Cases/TIP_Management/card-consents/FCA_15723_GET_TIP_Card_Consents" time="11.637" classname="Test Cases/TIP_Management/card-consents/FCA_15723_GET_TIP_Card_Consents" status="FAILED">
         <failure type="FAILED" message="Test Cases/TIP_Management/card-consents/FCA_15723_GET_TIP_Card_Consents FAILED.&#xa;Reason:&#xa;com.kms.katalon.core.exception.StepFailedException: There are 45 RECORDS in QA and 55 RECORDS in QAMIG&#xa;	at com.kms.katalon.core.util.KeywordUtil.markFailed(KeywordUtil.java:19)&#xa;	at Script1720599623761$_run_closure1.doCall(Script1720599623761.groovy:120)&#xa;	at java.base/jdk.internal.reflect.NativeMethodAccessorImpl.invoke0(Native Method)&#xa;	at java.base/jdk.internal.reflect.NativeMethodAccessorImpl.invoke(NativeMethodAccessorImpl.java:77)&#xa;	at java.base/jdk.internal.reflect.DelegatingMethodAccessorImpl.invoke(DelegatingMethodAccessorImpl.java:43)&#xa;	at FCA_15723_GET_TIP_Card_Consents.run(FCA_15723_GET_TIP_Card_Consents:92)&#xa;	at com.kms.katalon.core.main.ScriptEngine.run(ScriptEngine.java:194)&#xa;	at com.kms.katalon.core.main.ScriptEngine.runScriptAsRawText(ScriptEngine.java:119)&#xa;	at com.kms.katalon.core.main.TestCaseExecutor.runScript(TestCaseExecutor.java:448)&#xa;	at com.kms.katalon.core.main.TestCaseExecutor.doExecute(TestCaseExecutor.java:439)&#xa;	at com.kms.katalon.core.main.TestCaseExecutor.processExecutionPhase(TestCaseExecutor.java:418)&#xa;	at com.kms.katalon.core.main.TestCaseExecutor.accessMainPhase(TestCaseExecutor.java:410)&#xa;	at com.kms.katalon.core.main.TestCaseExecutor.execute(TestCaseExecutor.java:285)&#xa;	at com.kms.katalon.core.common.CommonExecutor.accessTestCaseMainPhase(CommonExecutor.java:65)&#xa;	at com.kms.katalon.core.main.TestSuiteExecutor.accessTestSuiteMainPhase(TestSuiteExecutor.java:150)&#xa;	at com.kms.katalon.core.main.TestSuiteExecutor.execute(TestSuiteExecutor.java:106)&#xa;	at com.kms.katalon.core.main.TestCaseMain.startTestSuite(TestCaseMain.java:180)&#xa;	at TempTestSuite1728487461071.run(TempTestSuite1728487461071.groovy:35)&#xa;	at java.base/jdk.internal.reflect.NativeMethodAccessorImpl.invoke0(Native Method)&#xa;	at java.base/jdk.internal.reflect.NativeMethodAccessorImpl.invoke(NativeMethodAccessorImpl.java:77)&#xa;	at java.base/jdk.internal.reflect.DelegatingMethodAccessorImpl.invoke(DelegatingMethodAccessorImpl.java:43)&#xa;"/>
         <system-out><![CDATA[09-10-2024T20:54:27 - [TEST_CASE][FAILED] - Test Cases/TIP_Management/card-consents/FCA_15723_GET_TIP_Card_Consents: Test Cases/TIP_Management/card-consents/FCA_15723_GET_TIP_Card_Consents FAILED.
Reason:
com.kms.katalon.core.exception.StepFailedException: There are 45 RECORDS in QA and 55 RECORDS in QAMIG
	at com.kms.katalon.core.util.KeywordUtil.markFailed(KeywordUtil.java:19)
	at Script1720599623761$_run_closure1.doCall(Script1720599623761.groovy:120)
	at java.base/jdk.internal.reflect.NativeMethodAccessorImpl.invoke0(Native Method)
	at java.base/jdk.internal.reflect.NativeMethodAccessorImpl.invoke(NativeMethodAccessorImpl.java:77)
	at java.base/jdk.internal.reflect.DelegatingMethodAccessorImpl.invoke(DelegatingMethodAccessorImpl.java:43)
	at FCA_15723_GET_TIP_Card_Consents.run(FCA_15723_GET_TIP_Card_Consents:92)
	at com.kms.katalon.core.main.ScriptEngine.run(ScriptEngine.java:194)
	at com.kms.katalon.core.main.ScriptEngine.runScriptAsRawText(ScriptEngine.java:119)
	at com.kms.katalon.core.main.TestCaseExecutor.runScript(TestCaseExecutor.java:448)
	at com.kms.katalon.core.main.TestCaseExecutor.doExecute(TestCaseExecutor.java:439)
	at com.kms.katalon.core.main.TestCaseExecutor.processExecutionPhase(TestCaseExecutor.java:418)
	at com.kms.katalon.core.main.TestCaseExecutor.accessMainPhase(TestCaseExecutor.java:410)
	at com.kms.katalon.core.main.TestCaseExecutor.execute(TestCaseExecutor.java:285)
	at com.kms.katalon.core.common.CommonExecutor.accessTestCaseMainPhase(CommonExecutor.java:65)
	at com.kms.katalon.core.main.TestSuiteExecutor.accessTestSuiteMainPhase(TestSuiteExecutor.java:150)
	at com.kms.katalon.core.main.TestSuiteExecutor.execute(TestSuiteExecutor.java:106)
	at com.kms.katalon.core.main.TestCaseMain.startTestSuite(TestCaseMain.java:180)
	at TempTestSuite1728487461071.run(TempTestSuite1728487461071.groovy:35)
	at java.base/jdk.internal.reflect.NativeMethodAccessorImpl.invoke0(Native Method)
	at java.base/jdk.internal.reflect.NativeMethodAccessorImpl.invoke(NativeMethodAccessorImpl.java:77)
	at java.base/jdk.internal.reflect.DelegatingMethodAccessorImpl.invoke(DelegatingMethodAccessorImpl.java:43)


09-10-2024T20:54:28 - [TEST_STEP][PASSED] - Start listener action : Before: Invoke 'com.kms.katalon.core.annotation.BeforeTestCase' method: 'TestListener.Before(...)' completed.

09-10-2024T20:54:28 - [MESSAGE][INFO] - Starting invoke 'com.kms.katalon.core.annotation.BeforeTestCase' method: 'TestListener.Before(...)'

09-10-2024T20:54:28 - [TEST_STEP][PASSED] - tc_description = testCaseContext.getMessage(): null

09-10-2024T20:54:28 - [TEST_STEP][PASSED] - tcName = testCaseId: null

09-10-2024T20:54:28 - [TEST_STEP][PASSED] - println(tcName): null

09-10-2024T20:54:28 - [TEST_STEP][PASSED] - reporting.ExtentReporting.startTest(reportPath, testSuiteName, tcName, tc_description, author, "Extent Test", reportFile): Invoke 'com.kms.katalon.core.annotation.BeforeTestCase' method: 'TestListener.Before(...)' completed.

09-10-2024T20:54:29 - [MESSAGE][INFO] - Checking test data id

09-10-2024T20:54:29 - [MESSAGE][INFO] - Finding test data with id 'Data Files/Common/Users'

09-10-2024T20:54:29 - [MESSAGE][INFO] - Test data is excel file, reading excel file

09-10-2024T20:54:29 - [MESSAGE][INFO] - Reading excel file with source file 'C:\Users\mayuresh.sonar\KatalonStudio\DataMigration\NFE-API-automationK\Data Files\TestData.xlsx' and sheet name 'users'

09-10-2024T20:54:29 - [MESSAGE][INFO] - Checking test data id

09-10-2024T20:54:29 - [MESSAGE][INFO] - Finding test data with id 'Data Files/Common/Users'

09-10-2024T20:54:29 - [MESSAGE][INFO] - Test data is excel file, reading excel file

09-10-2024T20:54:29 - [MESSAGE][INFO] - Reading excel file with source file 'C:\Users\mayuresh.sonar\KatalonStudio\DataMigration\NFE-API-automationK\Data Files\TestData.xlsx' and sheet name 'users'

09-10-2024T20:54:29 - [MESSAGE][INFO] - Checking test data id

09-10-2024T20:54:29 - [MESSAGE][INFO] - Finding test data with id 'Data Files/Common/Users'

09-10-2024T20:54:29 - [MESSAGE][INFO] - Test data is excel file, reading excel file

09-10-2024T20:54:29 - [MESSAGE][INFO] - Reading excel file with source file 'C:\Users\mayuresh.sonar\KatalonStudio\DataMigration\NFE-API-automationK\Data Files\TestData.xlsx' and sheet name 'users'

09-10-2024T20:54:29 - [MESSAGE][INFO] - Checking test data id

09-10-2024T20:54:29 - [MESSAGE][INFO] - Finding test data with id 'Data Files/Common/Users'

09-10-2024T20:54:29 - [MESSAGE][INFO] - Test data is excel file, reading excel file

09-10-2024T20:54:29 - [MESSAGE][INFO] - Reading excel file with source file 'C:\Users\mayuresh.sonar\KatalonStudio\DataMigration\NFE-API-automationK\Data Files\TestData.xlsx' and sheet name 'users'

09-10-2024T20:54:29 - [MESSAGE][INFO] - Checking test data id

09-10-2024T20:54:29 - [MESSAGE][INFO] - Finding test data with id 'Data Files/Common/Users'

09-10-2024T20:54:29 - [MESSAGE][INFO] - Test data is excel file, reading excel file

09-10-2024T20:54:29 - [MESSAGE][INFO] - Reading excel file with source file 'C:\Users\mayuresh.sonar\KatalonStudio\DataMigration\NFE-API-automationK\Data Files\TestData.xlsx' and sheet name 'users'

09-10-2024T20:54:29 - [MESSAGE][INFO] - Checking test data id

09-10-2024T20:54:29 - [MESSAGE][INFO] - Finding test data with id 'Data Files/Common/Users'

09-10-2024T20:54:29 - [MESSAGE][INFO] - Test data is excel file, reading excel file

09-10-2024T20:54:29 - [MESSAGE][INFO] - Reading excel file with source file 'C:\Users\mayuresh.sonar\KatalonStudio\DataMigration\NFE-API-automationK\Data Files\TestData.xlsx' and sheet name 'users'

09-10-2024T20:54:29 - [MESSAGE][INFO] - Checking test data id

09-10-2024T20:54:29 - [MESSAGE][INFO] - Finding test data with id 'Data Files/Common/Users'

09-10-2024T20:54:29 - [MESSAGE][INFO] - Test data is excel file, reading excel file

09-10-2024T20:54:29 - [MESSAGE][INFO] - Reading excel file with source file 'C:\Users\mayuresh.sonar\KatalonStudio\DataMigration\NFE-API-automationK\Data Files\TestData.xlsx' and sheet name 'users'

09-10-2024T20:54:29 - [MESSAGE][INFO] - Checking test data id

09-10-2024T20:54:29 - [MESSAGE][INFO] - Finding test data with id 'Data Files/Common/Users'

09-10-2024T20:54:29 - [MESSAGE][INFO] - Test data is excel file, reading excel file

09-10-2024T20:54:29 - [MESSAGE][INFO] - Reading excel file with source file 'C:\Users\mayuresh.sonar\KatalonStudio\DataMigration\NFE-API-automationK\Data Files\TestData.xlsx' and sheet name 'users'

09-10-2024T20:54:29 - [MESSAGE][INFO] - Checking test data id

09-10-2024T20:54:29 - [MESSAGE][INFO] - Finding test data with id 'Data Files/Common/Users'

09-10-2024T20:54:29 - [MESSAGE][INFO] - Test data is excel file, reading excel file

09-10-2024T20:54:29 - [MESSAGE][INFO] - Reading excel file with source file 'C:\Users\mayuresh.sonar\KatalonStudio\DataMigration\NFE-API-automationK\Data Files\TestData.xlsx' and sheet name 'users'

09-10-2024T20:54:29 - [MESSAGE][INFO] - Checking test data id

09-10-2024T20:54:29 - [MESSAGE][INFO] - Finding test data with id 'Data Files/Common/Users'

09-10-2024T20:54:29 - [MESSAGE][INFO] - Test data is excel file, reading excel file

09-10-2024T20:54:29 - [MESSAGE][INFO] - Reading excel file with source file 'C:\Users\mayuresh.sonar\KatalonStudio\DataMigration\NFE-API-automationK\Data Files\TestData.xlsx' and sheet name 'users'

09-10-2024T20:54:29 - [MESSAGE][INFO] - Checking test data id

09-10-2024T20:54:29 - [MESSAGE][INFO] - Finding test data with id 'Data Files/Common/Users'

09-10-2024T20:54:29 - [MESSAGE][INFO] - Test data is excel file, reading excel file

09-10-2024T20:54:29 - [MESSAGE][INFO] - Reading excel file with source file 'C:\Users\mayuresh.sonar\KatalonStudio\DataMigration\NFE-API-automationK\Data Files\TestData.xlsx' and sheet name 'users'

09-10-2024T20:54:29 - [MESSAGE][INFO] - Checking test data id

09-10-2024T20:54:29 - [MESSAGE][INFO] - Finding test data with id 'Data Files/Common/Users'

09-10-2024T20:54:29 - [MESSAGE][INFO] - Test data is excel file, reading excel file

09-10-2024T20:54:29 - [MESSAGE][INFO] - Reading excel file with source file 'C:\Users\mayuresh.sonar\KatalonStudio\DataMigration\NFE-API-automationK\Data Files\TestData.xlsx' and sheet name 'users'

09-10-2024T20:54:29 - [MESSAGE][INFO] - Checking test data id

09-10-2024T20:54:29 - [MESSAGE][INFO] - Finding test data with id 'Data Files/Common/Users'

09-10-2024T20:54:29 - [MESSAGE][INFO] - Test data is excel file, reading excel file

09-10-2024T20:54:29 - [MESSAGE][INFO] - Reading excel file with source file 'C:\Users\mayuresh.sonar\KatalonStudio\DataMigration\NFE-API-automationK\Data Files\TestData.xlsx' and sheet name 'users'

09-10-2024T20:54:29 - [MESSAGE][INFO] - Checking test data id

09-10-2024T20:54:29 - [MESSAGE][INFO] - Finding test data with id 'Data Files/Common/Users'

09-10-2024T20:54:29 - [MESSAGE][INFO] - Test data is excel file, reading excel file

09-10-2024T20:54:29 - [MESSAGE][INFO] - Reading excel file with source file 'C:\Users\mayuresh.sonar\KatalonStudio\DataMigration\NFE-API-automationK\Data Files\TestData.xlsx' and sheet name 'users'

09-10-2024T20:54:29 - [MESSAGE][INFO] - Checking test data id

09-10-2024T20:54:29 - [MESSAGE][INFO] - Finding test data with id 'Data Files/Common/Users'

09-10-2024T20:54:29 - [MESSAGE][INFO] - Test data is excel file, reading excel file

09-10-2024T20:54:29 - [MESSAGE][INFO] - Reading excel file with source file 'C:\Users\mayuresh.sonar\KatalonStudio\DataMigration\NFE-API-automationK\Data Files\TestData.xlsx' and sheet name 'users'

09-10-2024T20:54:29 - [MESSAGE][INFO] - Checking test data id

09-10-2024T20:54:29 - [MESSAGE][INFO] - Finding test data with id 'Data Files/Common/Users'

09-10-2024T20:54:29 - [MESSAGE][INFO] - Test data is excel file, reading excel file

09-10-2024T20:54:29 - [MESSAGE][INFO] - Reading excel file with source file 'C:\Users\mayuresh.sonar\KatalonStudio\DataMigration\NFE-API-automationK\Data Files\TestData.xlsx' and sheet name 'users'

09-10-2024T20:54:29 - [MESSAGE][INFO] - Checking test data id

09-10-2024T20:54:29 - [MESSAGE][INFO] - Finding test data with id 'Data Files/Common/Users'

09-10-2024T20:54:29 - [MESSAGE][INFO] - Test data is excel file, reading excel file

09-10-2024T20:54:29 - [MESSAGE][INFO] - Reading excel file with source file 'C:\Users\mayuresh.sonar\KatalonStudio\DataMigration\NFE-API-automationK\Data Files\TestData.xlsx' and sheet name 'users'

09-10-2024T20:54:30 - [MESSAGE][INFO] - Checking test data id

09-10-2024T20:54:30 - [MESSAGE][INFO] - Finding test data with id 'Data Files/Common/Users'

09-10-2024T20:54:30 - [MESSAGE][INFO] - Test data is excel file, reading excel file

09-10-2024T20:54:30 - [MESSAGE][INFO] - Reading excel file with source file 'C:\Users\mayuresh.sonar\KatalonStudio\DataMigration\NFE-API-automationK\Data Files\TestData.xlsx' and sheet name 'users'

09-10-2024T20:54:30 - [MESSAGE][INFO] - Checking test data id

09-10-2024T20:54:30 - [MESSAGE][INFO] - Finding test data with id 'Data Files/Common/Users'

09-10-2024T20:54:30 - [MESSAGE][INFO] - Test data is excel file, reading excel file

09-10-2024T20:54:30 - [MESSAGE][INFO] - Reading excel file with source file 'C:\Users\mayuresh.sonar\KatalonStudio\DataMigration\NFE-API-automationK\Data Files\TestData.xlsx' and sheet name 'users'

09-10-2024T20:54:30 - [MESSAGE][INFO] - Checking test data id

09-10-2024T20:54:30 - [MESSAGE][INFO] - Finding test data with id 'Data Files/Common/Users'

09-10-2024T20:54:30 - [MESSAGE][INFO] - Test data is excel file, reading excel file

09-10-2024T20:54:30 - [MESSAGE][INFO] - Reading excel file with source file 'C:\Users\mayuresh.sonar\KatalonStudio\DataMigration\NFE-API-automationK\Data Files\TestData.xlsx' and sheet name 'users'

09-10-2024T20:54:30 - [MESSAGE][INFO] - Checking test data id

09-10-2024T20:54:30 - [MESSAGE][INFO] - Finding test data with id 'Data Files/Common/Users'

09-10-2024T20:54:30 - [MESSAGE][INFO] - Test data is excel file, reading excel file

09-10-2024T20:54:30 - [MESSAGE][INFO] - Reading excel file with source file 'C:\Users\mayuresh.sonar\KatalonStudio\DataMigration\NFE-API-automationK\Data Files\TestData.xlsx' and sheet name 'users'

09-10-2024T20:54:30 - [MESSAGE][INFO] - Checking test data id

09-10-2024T20:54:30 - [MESSAGE][INFO] - Finding test data with id 'Data Files/Common/Users'

09-10-2024T20:54:30 - [MESSAGE][INFO] - Test data is excel file, reading excel file

09-10-2024T20:54:30 - [MESSAGE][INFO] - Reading excel file with source file 'C:\Users\mayuresh.sonar\KatalonStudio\DataMigration\NFE-API-automationK\Data Files\TestData.xlsx' and sheet name 'users'

09-10-2024T20:54:30 - [MESSAGE][INFO] - Checking test data id

09-10-2024T20:54:30 - [MESSAGE][INFO] - Finding test data with id 'Data Files/Common/Users'

09-10-2024T20:54:30 - [MESSAGE][INFO] - Test data is excel file, reading excel file

09-10-2024T20:54:30 - [MESSAGE][INFO] - Reading excel file with source file 'C:\Users\mayuresh.sonar\KatalonStudio\DataMigration\NFE-API-automationK\Data Files\TestData.xlsx' and sheet name 'users'

09-10-2024T20:54:30 - [MESSAGE][INFO] - Checking test data id

09-10-2024T20:54:30 - [MESSAGE][INFO] - Finding test data with id 'Data Files/Common/Users'

09-10-2024T20:54:30 - [MESSAGE][INFO] - Test data is excel file, reading excel file

09-10-2024T20:54:30 - [MESSAGE][INFO] - Reading excel file with source file 'C:\Users\mayuresh.sonar\KatalonStudio\DataMigration\NFE-API-automationK\Data Files\TestData.xlsx' and sheet name 'users'

09-10-2024T20:54:30 - [MESSAGE][INFO] - Checking test data id

09-10-2024T20:54:30 - [MESSAGE][INFO] - Finding test data with id 'Data Files/Common/Users'

09-10-2024T20:54:30 - [MESSAGE][INFO] - Test data is excel file, reading excel file

09-10-2024T20:54:30 - [MESSAGE][INFO] - Reading excel file with source file 'C:\Users\mayuresh.sonar\KatalonStudio\DataMigration\NFE-API-automationK\Data Files\TestData.xlsx' and sheet name 'users'

09-10-2024T20:54:30 - [MESSAGE][INFO] - Checking test data id

09-10-2024T20:54:30 - [MESSAGE][INFO] - Finding test data with id 'Data Files/Common/Users'

09-10-2024T20:54:30 - [MESSAGE][INFO] - Test data is excel file, reading excel file

09-10-2024T20:54:30 - [MESSAGE][INFO] - Reading excel file with source file 'C:\Users\mayuresh.sonar\KatalonStudio\DataMigration\NFE-API-automationK\Data Files\TestData.xlsx' and sheet name 'users'

09-10-2024T20:54:30 - [MESSAGE][INFO] - Checking test data id

09-10-2024T20:54:30 - [MESSAGE][INFO] - Finding test data with id 'Data Files/Common/Users'

09-10-2024T20:54:30 - [MESSAGE][INFO] - Test data is excel file, reading excel file

09-10-2024T20:54:30 - [MESSAGE][INFO] - Reading excel file with source file 'C:\Users\mayuresh.sonar\KatalonStudio\DataMigration\NFE-API-automationK\Data Files\TestData.xlsx' and sheet name 'users'

09-10-2024T20:54:30 - [MESSAGE][INFO] - Checking test data id

09-10-2024T20:54:30 - [MESSAGE][INFO] - Finding test data with id 'Data Files/Common/Users'

09-10-2024T20:54:30 - [MESSAGE][INFO] - Test data is excel file, reading excel file

09-10-2024T20:54:30 - [MESSAGE][INFO] - Reading excel file with source file 'C:\Users\mayuresh.sonar\KatalonStudio\DataMigration\NFE-API-automationK\Data Files\TestData.xlsx' and sheet name 'users'

09-10-2024T20:54:31 - [MESSAGE][PASSED] - reporting.ExtentReporting.startTest is PASSED

09-10-2024T20:54:31 - [MESSAGE][INFO] - Invoke 'com.kms.katalon.core.annotation.BeforeTestCase' method: 'TestListener.Before(...)' completed.

09-10-2024T20:54:32 - [TEST_STEP][FAILED] - if (flag == "Y"): Test Case FAILED!! Open After Test Case Step to see the Failed Fields

09-10-2024T20:54:32 - [TEST_STEP][PASSED] - path = endPoint: null

09-10-2024T20:54:32 - [TEST_STEP][PASSED] - URL_QA = baseURL_QA + "/" + basePathAPI + "/" + path: null

09-10-2024T20:54:32 - [TEST_STEP][PASSED] - queryResponseQA = sendRequest(findTestObject("CommonRequest/GET_Method_QA", ["token":airlineQA_191_67724465, "endPoint":path])): Send request successfully

09-10-2024T20:54:32 - [MESSAGE][INFO] - Finding Test Object 'Object Repository/CommonRequest/GET_Method_QA'

09-10-2024T20:54:32 - [MESSAGE][INFO] - Checking request object

09-10-2024T20:54:35 - [MESSAGE][INFO] - HAR: C:\Users\mayuresh.sonar\KatalonStudio\DataMigration\NFE-API-automationK\Reports\20241009_205421\TIP_Management\card-consents\20241009_205421\requests\main\0.har

09-10-2024T20:54:35 - [MESSAGE][PASSED] - Send request successfully

09-10-2024T20:54:35 - [TEST_STEP][PASSED] - verifyResponseStatusCode(queryResponseQA, 200): Verify response status code successfully

09-10-2024T20:54:35 - [MESSAGE][INFO] - Checking response object

09-10-2024T20:54:35 - [MESSAGE][PASSED] - Verify response status code successfully

09-10-2024T20:54:35 - [TEST_STEP][PASSED] - responseQA = queryResponseQA.getResponseBodyContent(): null

09-10-2024T20:54:35 - [TEST_STEP][PASSED] - URL_QAMIG = baseURL_QA_MIG + "/" + basePathAPI + "/" + path: null

09-10-2024T20:54:35 - [TEST_STEP][PASSED] - queryResponseQAMIG = sendRequest(findTestObject("CommonRequest/GET_Method_QA_MIG", ["token":airlineQAMIG_191_67724465, "endPoint":path])): Send request successfully

09-10-2024T20:54:35 - [MESSAGE][INFO] - Finding Test Object 'Object Repository/CommonRequest/GET_Method_QA_MIG'

09-10-2024T20:54:35 - [MESSAGE][INFO] - Checking request object

09-10-2024T20:54:37 - [MESSAGE][INFO] - HAR: C:\Users\mayuresh.sonar\KatalonStudio\DataMigration\NFE-API-automationK\Reports\20241009_205421\TIP_Management\card-consents\20241009_205421\requests\main\1.har

09-10-2024T20:54:37 - [MESSAGE][PASSED] - Send request successfully

09-10-2024T20:54:37 - [TEST_STEP][PASSED] - verifyResponseStatusCode(queryResponseQAMIG, 200): Verify response status code successfully

09-10-2024T20:54:37 - [MESSAGE][INFO] - Checking response object

09-10-2024T20:54:37 - [MESSAGE][PASSED] - Verify response status code successfully

09-10-2024T20:54:37 - [TEST_STEP][PASSED] - responseQAMIG = queryResponseQAMIG.getResponseBodyContent(): null

09-10-2024T20:54:37 - [TEST_STEP][PASSED] - ignoreNodesList = Arrays.asList(ignoreNodes.split(",")): null

09-10-2024T20:54:37 - [TEST_STEP][PASSED] - jsonSlurper = new groovy.json.JsonSlurper(): null

09-10-2024T20:54:37 - [TEST_STEP][PASSED] - responseQAObject = jsonSlurper.parseText(responseQA): null

09-10-2024T20:54:37 - [TEST_STEP][PASSED] - jsonObjectQA = responseQAObject: null

09-10-2024T20:54:37 - [TEST_STEP][PASSED] - responseQAMIGObject = jsonSlurper.parseText(responseQAMIG): null

09-10-2024T20:54:37 - [TEST_STEP][PASSED] - jsonObjectQAMIG = responseQAMIGObject: null

09-10-2024T20:54:37 - [TEST_STEP][PASSED] - comparator = compare.CompareJsonResponse.getComparator(ignoreNodes): compare.CompareJsonResponse.getComparator is PASSED

09-10-2024T20:54:37 - [MESSAGE][PASSED] - compare.CompareJsonResponse.getComparator is PASSED

09-10-2024T20:54:37 - [TEST_STEP][PASSED] - compare.GetDifferences.clearSetValues(): compare.GetDifferences.clearSetValues is PASSED

09-10-2024T20:54:37 - [MESSAGE][PASSED] - compare.GetDifferences.clearSetValues is PASSED

09-10-2024T20:54:37 - [TEST_STEP][PASSED] - if (jsonObjectQA.has("records") || jsonObjectQAMIG.has("records")): compare.GetDifferences.setDifferencesFromResult is PASSED

09-10-2024T20:54:37 - [TEST_STEP][PASSED] - keySet().each({ java.lang.Object key -> ... }): compare.GetDifferences.setDifferencesFromResult is PASSED

09-10-2024T20:54:37 - [MESSAGE][INFO] - KEY total

09-10-2024T20:54:37 - [MESSAGE][INFO] - ===================================

09-10-2024T20:54:37 - [MESSAGE][INFO] - KEY total

09-10-2024T20:54:37 - [MESSAGE][INFO] - qaValue 45

09-10-2024T20:54:37 - [MESSAGE][INFO] - qamigValue 55

09-10-2024T20:54:37 - [MESSAGE][INFO] - ===================================

09-10-2024T20:54:37 - [MESSAGE][PASSED] - compare.CompareJsonResponse.compareObjectValues is PASSED

09-10-2024T20:54:37 - [MESSAGE][WARNING] - Failed Field -> total

09-10-2024T20:54:37 - [MESSAGE][INFO] - Actual Field -> 55

09-10-2024T20:54:37 - [MESSAGE][INFO] - Expected Field -> 45

09-10-2024T20:54:37 - [MESSAGE][INFO] - failedFieldsList -> [org.skyscreamer.jsonassert.FieldComparisonFailure@5069a91b]

09-10-2024T20:54:37 - [MESSAGE][PASSED] - compare.GetDifferences.setDifferencesFromResult is PASSED

09-10-2024T20:54:37 - [MESSAGE][INFO] - KEY pageNumber

09-10-2024T20:54:37 - [MESSAGE][INFO] - ===================================

09-10-2024T20:54:37 - [MESSAGE][INFO] - KEY pageNumber

09-10-2024T20:54:37 - [MESSAGE][INFO] - qaValue 0

09-10-2024T20:54:37 - [MESSAGE][INFO] - qamigValue 0

09-10-2024T20:54:37 - [MESSAGE][INFO] - ===================================

09-10-2024T20:54:37 - [MESSAGE][PASSED] - compare.CompareJsonResponse.compareObjectValues is PASSED

09-10-2024T20:54:37 - [MESSAGE][INFO] - failedFieldsList -> [org.skyscreamer.jsonassert.FieldComparisonFailure@5069a91b]

09-10-2024T20:54:37 - [MESSAGE][PASSED] - compare.GetDifferences.setDifferencesFromResult is PASSED

09-10-2024T20:54:37 - [MESSAGE][INFO] - KEY records

09-10-2024T20:54:37 - [MESSAGE][FAILED] - There are 45 RECORDS in QA and 55 RECORDS in QAMIG

09-10-2024T20:54:37 - [MESSAGE][PASSED] - common.Utility.getValueFromResponseJson is PASSED

09-10-2024T20:54:37 - [MESSAGE][PASSED] - common.Utility.getValueFromResponseJson is PASSED

09-10-2024T20:54:37 - [MESSAGE][INFO] - QA ID [677200000006483, 677200000000067, 677200000004665, 677200000000704, 677200000002503, 677200000000997, 677200000001768, 677200000001920, 677200000004838, 677200000004997, 677200000004526, 677200000004407, 677200000005153, 677200000004196, 677200000004077, 677200000001131, 677200000000863, 677200000000526, 677200000000378, 677200000000230, 677200000001276, 677200000001611, 677200000001452, 677200000002365, 677200000002224, 677200000002072, 677200000003720, 677200000003275, 677200000003123, 677200000002967, 677200000003579, 677200000003427, 677200000002808, 677200000002664, 677200000003839, 677200000003958, 677200000005750, 677200000005609, 677200000006226, 677200000006107, 677200000005305, 677200000005457, 677200000005869, 677200000005988, 677200000006345]

09-10-2024T20:54:37 - [MESSAGE][INFO] - QAMIG ID [677200000000067, 677200000000230, 677200000000378, 677200000000526, 677200000000704, 677200000000863, 677200000000997, 677200000001131, 677200000001276, 677200000001452, 677200000001611, 677200000001768, 677200000001920, 677200000002072, 677200000002224, 677200000002365, 677200000002503, 677200000002664, 677200000002808, 677200000002967, 677200000003123, 677200000003275, 677200000003427, 677200000003579, 677200000003720, 677200000003839, 677200000003958, 677200000004077, 677200000004196, 677200000004407, 677200000004526, 677200000004665, 677200000004838, 677200000004997, 677200000005153, 677200000005305, 677200000005457, 677200000005609, 677200000005750, 677200000005869, 677200000005988, 677200000006107, 677200000006226, 677200000006345, 677200000006483, 677210000002140, 677210000010697, 677210000010765, 677210000010846, 677210000010887, 677210000010890, 677210000010968, 677210000011075, 677210000011081, 677210000011614]

09-10-2024T20:54:37 - [MESSAGE][INFO] - missing [677210000002140, 677210000010697, 677210000010765, 677210000010846, 677210000010887, 677210000010890, 677210000010968, 677210000011075, 677210000011081, 677210000011614]

09-10-2024T20:54:37 - [MESSAGE][INFO] - qa after missing removed [{"level":"country","id":677200000006483,"airline":{"iataCode":"191","name":"Air XXXXX X.X.X. XXX XXX XXXXX X.X.X.","id":6772495749},"type":"no","effectiveFrom":"2023-03-15","bsp":{"isoCountryCode":"CH","name":"SWITZERLAND","id":6772},"status":"Active"},{"effectiveTo":"2020-02-20","level":"country","id":677200000000067,"airline":{"iataCode":"191","name":"Air XXXXX X.X.X. XXX XXX XXXXX X.X.X.","id":6772495749},"type":"no","effectiveFrom":"2019-07-01","bsp":{"isoCountryCode":"CH","name":"SWITZERLAND","id":6772},"status":"Inactive"},{"effectiveTo":"2022-12-22","level":"country","id":677200000004665,"airline":{"iataCode":"191","name":"Air XXXXX X.X.X. XXX XXX XXXXX X.X.X.","id":6772495749},"type":"no","effectiveFrom":"2022-12-21","bsp":{"isoCountryCode":"CH","name":"SWITZERLAND","id":6772},"status":"Inactive"},{"effectiveTo":"2022-03-03","level":"country","id":677200000000704,"airline":{"iataCode":"191","name":"Air XXXXX X.X.X. XXX XXX XXXXX X.X.X.","id":6772495749},"type":"no","effectiveFrom":"2021-02-05","bsp":{"isoCountryCode":"CH","name":"SWITZERLAND","id":6772},"status":"Inactive"},{"effectiveTo":"2022-12-20","level":"country","id":677200000002503,"airline":{"iataCode":"191","name":"Air XXXXX X.X.X. XXX XXX XXXXX X.X.X.","id":6772495749},"type":"no","effectiveFrom":"2022-03-04","bsp":{"isoCountryCode":"CH","name":"SWITZERLAND","id":6772},"status":"Inactive"},{"effectiveTo":"2022-03-03","level":"card","id":677200000000997,"airline":{"iataCode":"191","name":"Air XXXXX X.X.X. XXX XXX XXXXX X.X.X.","id":6772495749},"type":"no","effectiveFrom":"2021-02-05","bsp":{"isoCountryCode":"CH","name":"SWITZERLAND","id":6772},"card":{"expiryDate":"09/22","paymentNetwork":"VI","agent":{"iataCode":"8121095","name":"LE XXXX XXX XXXXX XX","active":true,"id":67728121095,"bsp":{"id":6772}},"issuerName":"KHADRAOUI TAHAR","cardType":"Consumer","id":677200000000002,"bsp":{"id":6772},"cardNumber":"490118XXXXXX0610"},"status":"Inactive"},{"effectiveTo":"2022-03-03","level":"card","id":677200000001768,"airline":{"iataCode":"191","name":"Air XXXXX X.X.X. XXX XXX XXXXX X.X.X.","id":6772495749},"type":"no","effectiveFrom":"2022-02-02","bsp":{"isoCountryCode":"CH","name":"SWITZERLAND","id":6772},"card":{"expiryDate":"10/31","paymentNetwork":"VI","agent":{"iataCode":"8127904","name":"VOYXXXXXXX","active":true,"id":67728127904,"bsp":{"id":6772}},"issuerName":"PEPE","cardType":"Consumer","id":677200000000007,"bsp":{"id":6772},"cardNumber":"456480XXXXXX6349"},"status":"Inactive"},{"effectiveTo":"2022-03-03","level":"card","id":677200000001920,"airline":{"iataCode":"191","name":"Air XXXXX X.X.X. XXX XXX XXXXX X.X.X.","id":6772495749},"type":"no","effectiveFrom":"2022-02-02","bsp":{"isoCountryCode":"CH","name":"SWITZERLAND","id":6772},"card":{"expiryDate":"12/34","paymentNetwork":"VI","agent":{"iataCode":"8127904","name":"VOYXXXXXXX","active":true,"id":67728127904,"bsp":{"id":6772}},"issuerName":"CARLOS","companyName":"Accelya","cardType":"Corporate","id":677200000000008,"bsp":{"id":6772},"cardNumber":"456480XXXXXX6349"},"status":"Inactive"},{"effectiveTo":"2022-12-22","level":"card","id":677200000004838,"airline":{"iataCode":"191","name":"Air XXXXX X.X.X. XXX XXX XXXXX X.X.X.","id":6772495749},"type":"no","effectiveFrom":"2022-12-21","bsp":{"isoCountryCode":"CH","name":"SWITZERLAND","id":6772},"card":{"expiryDate":"10/30","paymentNetwork":"CA","agent":{"iataCode":"8120025","name":"CWT","active":true,"id":67728120025,"bsp":{"id":6772}},"issuerName":"FAC","companyName":"provincia san anton","cardType":"Corporate","id":677200000000005,"bsp":{"id":6772},"cardNumber":"519123XXXXXX4011"},"status":"Inactive"},{"effectiveTo":"2022-12-22","level":"card","id":677200000004997,"airline":{"iataCode":"191","name":"Air XXXXX X.X.X. XXX XXX XXXXX X.X.X.","id":6772495749},"type":"no","effectiveFrom":"2022-12-21","bsp":{"isoCountryCode":"CH","name":"SWITZERLAND","id":6772},"card":{"expiryDate":"11/30","paymentNetwork":"CA","agent":{"iataCode":"8120025","name":"CWT","active":true,"id":67728120025,"bsp":{"id":6772}},"issuerName":"TRR","companyName":"provincia san anton","cardType":"Corporate","id":677200000000006,"bsp":{"id":6772},"cardNumber":"519123XXXXXX4011"},"status":"Inactive"},{"effectiveTo":"2022-12-20","level":"card","id":677200000004526,"airline":{"iataCode":"191","name":"Air XXXXX X.X.X. XXX XXX XXXXX X.X.X.","id":6772495749},"type":"no","effectiveFrom":"2022-10-13","bsp":{"isoCountryCode":"CH","name":"SWITZERLAND","id":6772},"card":{"expiryDate":"06/27","paymentNetwork":"CA","agent":{"iataCode":"8120012","name":"ATG XXXXXXXXXXX","active":true,"id":67728120012,"bsp":{"id":6772}},"issuerName":"NEWSIX - CHECK NOTIFICATION","cardType":"Consumer","id":677200000000021,"bsp":{"id":6772},"cardNumber":"519396XXXXXX3484"},"status":"Inactive"},{"effectiveTo":"2022-12-20","level":"card","id":677200000004407,"airline":{"iataCode":"191","name":"Air XXXXX X.X.X. XXX XXX XXXXX X.X.X.","id":6772495749},"type":"no","effectiveFrom":"2022-10-13","bsp":{"isoCountryCode":"CH","name":"SWITZERLAND","id":6772},"card":{"expiryDate":"07/23","paymentNetwork":"CA","agent":{"iataCode":"8120012","name":"ATG XXXXXXXXXXX","active":true,"id":67728120012,"bsp":{"id":6772}},"issuerName":"NEWFIVE","cardType":"Consumer","id":677200000000020,"bsp":{"id":6772},"cardNumber":"519396XXXXXX3484"},"status":"Inactive"},{"effectiveTo":"2022-12-22","level":"card","id":677200000005153,"airline":{"iataCode":"191","name":"Air XXXXX X.X.X. XXX XXX XXXXX X.X.X.","id":6772495749},"type":"no","effectiveFrom":"2022-12-21","bsp":{"isoCountryCode":"CH","name":"SWITZERLAND","id":6772},"card":{"expiryDate":"10/31","paymentNetwork":"VI","agent":{"iataCode":"8127904","name":"VOYXXXXXXX","active":true,"id":67728127904,"bsp":{"id":6772}},"issuerName":"PEPE","cardType":"Consumer","id":677200000000007,"bsp":{"id":6772},"cardNumber":"456480XXXXXX6349"},"status":"Inactive"},{"effectiveTo":"2022-12-20","level":"card","id":677200000004196,"airline":{"iataCode":"191","name":"Air XXXXX X.X.X. XXX XXX XXXXX X.X.X.","id":6772495749},"type":"no","effectiveFrom":"2022-06-07","bsp":{"isoCountryCode":"CH","name":"SWITZERLAND","id":6772},"card":{"expiryDate":"08/23","paymentNetwork":"CA","agent":{"iataCode":"8120012","name":"ATG XXXXXXXXXXX","active":true,"id":67728120012,"bsp":{"id":6772}},"issuerName":"CA","cardType":"Consumer","id":677200000000015,"bsp":{"id":6772},"cardNumber":"519396XXXXXX3484"},"status":"Inactive"},{"effectiveTo":"2022-12-20","level":"card","id":677200000004077,"airline":{"iataCode":"191","name":"Air XXXXX X.X.X. XXX XXX XXXXX X.X.X.","id":6772495749},"type":"no","effectiveFrom":"2022-06-07","bsp":{"isoCountryCode":"CH","name":"SWITZERLAND","id":6772},"card":{"expiryDate":"11/24","paymentNetwork":"VI","agent":{"iataCode":"8120012","name":"ATG XXXXXXXXXXX","active":true,"id":67728120012,"bsp":{"id":6772}},"issuerName":"VI","cardType":"Consumer","id":677200000000014,"bsp":{"id":6772},"cardNumber":"456480XXXXXX6349"},"status":"Inactive"},{"effectiveTo":"2021-06-01","level":"card","id":677200000001131,"airline":{"iataCode":"191","name":"Air XXXXX X.X.X. XXX XXX XXXXX X.X.X.","id":6772495749},"type":"no","effectiveFrom":"2021-02-05","bsp":{"isoCountryCode":"CH","name":"SWITZERLAND","id":6772},"card":{"expiryDate":"05/21","paymentNetwork":"VI","agent":{"iataCode":"8121095","name":"LE XXXX XXX XXXXX XX","active":true,"id":67728121095,"bsp":{"id":6772}},"issuerName":"KHADRAOUI TAHAR LE MUST AIR MARIN SA","companyName":"LE MUST AIR MARIN SA","cardType":"Corporate","id":677200000000003,"bsp":{"id":6772},"cardNumber":"485753XXXXXX3403"},"status":"Inactive"},{"effectiveTo":"2021-12-01","level":"card","id":677200000000863,"airline":{"iataCode":"191","name":"Air XXXXX X.X.X. XXX XXX XXXXX X.X.X.","id":6772495749},"type":"no","effectiveFrom":"2021-02-05","bsp":{"isoCountryCode":"CH","name":"SWITZERLAND","id":6772},"card":{"expiryDate":"11/21","paymentNetwork":"CA","agent":{"iataCode":"8121095","name":"LE XXXX XXX XXXXX XX","active":true,"id":67728121095,"bsp":{"id":6772}},"issuerName":"TAHAR KHADRAOUI AIR MARIN SUISSE","companyName":"AIR MARIN SUISSE","cardType":"Corporate","id":677200000000001,"bsp":{"id":6772},"cardNumber":"558265XXXXXX6029"},"status":"Inactive"},{"effectiveTo":"2020-02-20","level":"card","id":677200000000526,"airline":{"iataCode":"191","name":"Air XXXXX X.X.X. XXX XXX XXXXX X.X.X.","id":6772495749},"type":"no","effectiveFrom":"2019-07-05","bsp":{"isoCountryCode":"CH","name":"SWITZERLAND","id":6772},"card":{"expiryDate":"05/21","paymentNetwork":"VI","agent":{"iataCode":"8121095","name":"LE XXXX XXX XXXXX XX","active":true,"id":67728121095,"bsp":{"id":6772}},"issuerName":"KHADRAOUI TAHAR LE MUST AIR MARIN SA","companyName":"LE MUST AIR MARIN SA","cardType":"Corporate","id":677200000000003,"bsp":{"id":6772},"cardNumber":"485753XXXXXX3403"},"status":"Inactive"},{"effectiveTo":"2020-02-20","level":"card","id":677200000000378,"airline":{"iataCode":"191","name":"Air XXXXX X.X.X. XXX XXX XXXXX X.X.X.","id":6772495749},"type":"no","effectiveFrom":"2019-07-05","bsp":{"isoCountryCode":"CH","name":"SWITZERLAND","id":6772},"card":{"expiryDate":"09/22","paymentNetwork":"VI","agent":{"iataCode":"8121095","name":"LE XXXX XXX XXXXX XX","active":true,"id":67728121095,"bsp":{"id":6772}},"issuerName":"KHADRAOUI TAHAR","cardType":"Consumer","id":677200000000002,"bsp":{"id":6772},"cardNumber":"490118XXXXXX0610"},"status":"Inactive"},{"effectiveTo":"2020-02-20","level":"card","id":677200000000230,"airline":{"iataCode":"191","name":"Air XXXXX X.X.X. XXX XXX XXXXX X.X.X.","id":6772495749},"type":"no","effectiveFrom":"2019-07-05","bsp":{"isoCountryCode":"CH","name":"SWITZERLAND","id":6772},"card":{"expiryDate":"11/21","paymentNetwork":"CA","agent":{"iataCode":"8121095","name":"LE XXXX XXX XXXXX XX","active":true,"id":67728121095,"bsp":{"id":6772}},"issuerName":"TAHAR KHADRAOUI AIR MARIN SUISSE","companyName":"AIR MARIN SUISSE","cardType":"Corporate","id":677200000000001,"bsp":{"id":6772},"cardNumber":"558265XXXXXX6029"},"status":"Inactive"},{"effectiveTo":"2022-01-25","level":"card","id":677200000001276,"airline":{"iataCode":"191","name":"Air XXXXX X.X.X. XXX XXX XXXXX X.X.X.","id":6772495749},"type":"no","effectiveFrom":"2021-03-04","bsp":{"isoCountryCode":"CH","name":"SWITZERLAND","id":6772},"card":{"expiryDate":"10/30","paymentNetwork":"CA","agent":{"iataCode":"8120025","name":"CWT","active":true,"id":67728120025,"bsp":{"id":6772}},"issuerName":"FAC","cardType":"Consumer","id":677200000000004,"bsp":{"id":6772},"cardNumber":"519396XXXXXX3485"},"status":"Inactive"},{"effectiveTo":"2022-03-03","level":"card","id":677200000001611,"airline":{"iataCode":"191","name":"Air XXXXX X.X.X. XXX XXX XXXXX X.X.X.","id":6772495749},"type":"no","effectiveFrom":"2022-01-25","bsp":{"isoCountryCode":"CH","name":"SWITZERLAND","id":6772},"card":{"expiryDate":"11/30","paymentNetwork":"CA","agent":{"iataCode":"8120025","name":"CWT","active":true,"id":67728120025,"bsp":{"id":6772}},"issuerName":"TRR","companyName":"provincia san anton","cardType":"Corporate","id":677200000000006,"bsp":{"id":6772},"cardNumber":"519123XXXXXX4011"},"status":"Inactive"},{"effectiveTo":"2022-03-03","level":"card","id":677200000001452,"airline":{"iataCode":"191","name":"Air XXXXX X.X.X. XXX XXX XXXXX X.X.X.","id":6772495749},"type":"no","effectiveFrom":"2022-01-25","bsp":{"isoCountryCode":"CH","name":"SWITZERLAND","id":6772},"card":{"expiryDate":"10/30","paymentNetwork":"CA","agent":{"iataCode":"8120025","name":"CWT","active":true,"id":67728120025,"bsp":{"id":6772}},"issuerName":"FAC","companyName":"provincia san anton","cardType":"Corporate","id":677200000000005,"bsp":{"id":6772},"cardNumber":"519123XXXXXX4011"},"status":"Inactive"},{"effectiveTo":"2022-03-03","level":"card","id":677200000002365,"airline":{"iataCode":"191","name":"Air XXXXX X.X.X. XXX XXX XXXXX X.X.X.","id":6772495749},"type":"no","effectiveFrom":"2022-02-28","bsp":{"isoCountryCode":"CH","name":"SWITZERLAND","id":6772},"card":{"expiryDate":"12/23","paymentNetwork":"AX","agent":{"iataCode":"8120012","name":"ATG XXXXXXXXXXX","active":true,"id":67728120012,"bsp":{"id":6772}},"issuerName":"AX","cardType":"Consumer","id":677200000000011,"bsp":{"id":6772},"cardNumber":"376010XXXXX1003"},"status":"Inactive"},{"effectiveTo":"2022-03-03","level":"card","id":677200000002224,"airline":{"iataCode":"191","name":"Air XXXXX X.X.X. XXX XXX XXXXX X.X.X.","id":6772495749},"type":"no","effectiveFrom":"2022-02-02","bsp":{"isoCountryCode":"CH","name":"SWITZERLAND","id":6772},"card":{"expiryDate":"12/23","paymentNetwork":"VI","agent":{"iataCode":"8127904","name":"VOYXXXXXXX","active":true,"id":67728127904,"bsp":{"id":6772}},"issuerName":"SDFDSFJDSFDSHJFDSSFDSFDSFDSFSDSFDFDSFDSFDSDSFSDFDS","cardType":"Consumer","id":677200000000010,"bsp":{"id":6772},"cardNumber":"456480XXXXXX6349"},"status":"Inactive"},{"effectiveTo":"2022-03-03","level":"card","id":677200000002072,"airline":{"iataCode":"191","name":"Air XXXXX X.X.X. XXX XXX XXXXX X.X.X.","id":6772495749},"type":"no","effectiveFrom":"2022-02-02","bsp":{"isoCountryCode":"CH","name":"SWITZERLAND","id":6772},"card":{"expiryDate":"11/31","paymentNetwork":"VI","agent":{"iataCode":"8127904","name":"VOYXXXXXXX","active":true,"id":67728127904,"bsp":{"id":6772}},"issuerName":"CARLOS","companyName":"Accelya","cardType":"Corporate","id":677200000000009,"bsp":{"id":6772},"cardNumber":"456480XXXXXX6349"},"status":"Inactive"},{"effectiveTo":"2022-05-05","level":"card","id":677200000003720,"airline":{"iataCode":"191","name":"Air XXXXX X.X.X. XXX XXX XXXXX X.X.X.","id":6772495749},"type":"no","effectiveFrom":"2022-03-04","bsp":{"isoCountryCode":"CH","name":"SWITZERLAND","id":6772},"card":{"expiryDate":"12/23","paymentNetwork":"AX","agent":{"iataCode":"8120012","name":"ATG XXXXXXXXXXX","active":true,"id":67728120012,"bsp":{"id":6772}},"issuerName":"AX","cardType":"Consumer","id":677200000000011,"bsp":{"id":6772},"cardNumber":"376010XXXXX1003"},"status":"Inactive"},{"effectiveTo":"2022-12-20","level":"card","id":677200000003275,"airline":{"iataCode":"191","name":"Air XXXXX X.X.X. XXX XXX XXXXX X.X.X.","id":6772495749},"type":"no","effectiveFrom":"2022-03-04","bsp":{"isoCountryCode":"CH","name":"SWITZERLAND","id":6772},"card":{"expiryDate":"12/34","paymentNetwork":"VI","agent":{"iataCode":"8127904","name":"VOYXXXXXXX","active":true,"id":67728127904,"bsp":{"id":6772}},"issuerName":"CARLOS","companyName":"Accelya","cardType":"Corporate","id":677200000000008,"bsp":{"id":6772},"cardNumber":"456480XXXXXX6349"},"status":"Inactive"},{"effectiveTo":"2022-12-20","level":"card","id":677200000003123,"airline":{"iataCode":"191","name":"Air XXXXX X.X.X. XXX XXX XXXXX X.X.X.","id":6772495749},"type":"no","effectiveFrom":"2022-03-04","bsp":{"isoCountryCode":"CH","name":"SWITZERLAND","id":6772},"card":{"expiryDate":"10/31","paymentNetwork":"VI","agent":{"iataCode":"8127904","name":"VOYXXXXXXX","active":true,"id":67728127904,"bsp":{"id":6772}},"issuerName":"PEPE","cardType":"Consumer","id":677200000000007,"bsp":{"id":6772},"cardNumber":"456480XXXXXX6349"},"status":"Inactive"},{"effectiveTo":"2022-12-20","level":"card","id":677200000002967,"airline":{"iataCode":"191","name":"Air XXXXX X.X.X. XXX XXX XXXXX X.X.X.","id":6772495749},"type":"no","effectiveFrom":"2022-03-04","bsp":{"isoCountryCode":"CH","name":"SWITZERLAND","id":6772},"card":{"expiryDate":"11/30","paymentNetwork":"CA","agent":{"iataCode":"8120025","name":"CWT","active":true,"id":67728120025,"bsp":{"id":6772}},"issuerName":"TRR","companyName":"provincia san anton","cardType":"Corporate","id":677200000000006,"bsp":{"id":6772},"cardNumber":"519123XXXXXX4011"},"status":"Inactive"},{"effectiveTo":"2022-12-20","level":"card","id":677200000003579,"airline":{"iataCode":"191","name":"Air XXXXX X.X.X. XXX XXX XXXXX X.X.X.","id":6772495749},"type":"no","effectiveFrom":"2022-03-04","bsp":{"isoCountryCode":"CH","name":"SWITZERLAND","id":6772},"card":{"expiryDate":"12/23","paymentNetwork":"VI","agent":{"iataCode":"8127904","name":"VOYXXXXXXX","active":true,"id":67728127904,"bsp":{"id":6772}},"issuerName":"SDFDSFJDSFDSHJFDSSFDSFDSFDSFSDSFDFDSFDSFDSDSFSDFDS","cardType":"Consumer","id":677200000000010,"bsp":{"id":6772},"cardNumber":"456480XXXXXX6349"},"status":"Inactive"},{"effectiveTo":"2022-12-20","level":"card","id":677200000003427,"airline":{"iataCode":"191","name":"Air XXXXX X.X.X. XXX XXX XXXXX X.X.X.","id":6772495749},"type":"no","effectiveFrom":"2022-03-04","bsp":{"isoCountryCode":"CH","name":"SWITZERLAND","id":6772},"card":{"expiryDate":"11/31","paymentNetwork":"VI","agent":{"iataCode":"8127904","name":"VOYXXXXXXX","active":true,"id":67728127904,"bsp":{"id":6772}},"issuerName":"CARLOS","companyName":"Accelya","cardType":"Corporate","id":677200000000009,"bsp":{"id":6772},"cardNumber":"456480XXXXXX6349"},"status":"Inactive"},{"effectiveTo":"2022-12-20","level":"card","id":677200000002808,"airline":{"iataCode":"191","name":"Air XXXXX X.X.X. XXX XXX XXXXX X.X.X.","id":6772495749},"type":"no","effectiveFrom":"2022-03-04","bsp":{"isoCountryCode":"CH","name":"SWITZERLAND","id":6772},"card":{"expiryDate":"10/30","paymentNetwork":"CA","agent":{"iataCode":"8120025","name":"CWT","active":true,"id":67728120025,"bsp":{"id":6772}},"issuerName":"FAC","companyName":"provincia san anton","cardType":"Corporate","id":677200000000005,"bsp":{"id":6772},"cardNumber":"519123XXXXXX4011"},"status":"Inactive"},{"effectiveTo":"2022-10-03","level":"card","id":677200000002664,"airline":{"iataCode":"191","name":"Air XXXXX X.X.X. XXX XXX XXXXX X.X.X.","id":6772495749},"type":"no","effectiveFrom":"2022-03-04","bsp":{"isoCountryCode":"CH","name":"SWITZERLAND","id":6772},"card":{"expiryDate":"09/22","paymentNetwork":"VI","agent":{"iataCode":"8121095","name":"LE XXXX XXX XXXXX XX","active":true,"id":67728121095,"bsp":{"id":6772}},"issuerName":"KHADRAOUI TAHAR","cardType":"Consumer","id":677200000000002,"bsp":{"id":6772},"cardNumber":"490118XXXXXX0610"},"status":"Inactive"},{"effectiveTo":"2022-12-20","level":"card","id":677200000003839,"airline":{"iataCode":"191","name":"Air XXXXX X.X.X. XXX XXX XXXXX X.X.X.","id":6772495749},"type":"no","effectiveFrom":"2022-06-07","bsp":{"isoCountryCode":"CH","name":"SWITZERLAND","id":6772},"card":{"expiryDate":"12/23","paymentNetwork":"AX","agent":{"iataCode":"8120012","name":"ATG XXXXXXXXXXX","active":true,"id":67728120012,"bsp":{"id":6772}},"issuerName":"AX","companyName":"AX","cardType":"Corporate","id":677200000000012,"bsp":{"id":6772},"cardNumber":"376010XXXXX1003"},"status":"Inactive"},{"effectiveTo":"2022-12-20","level":"card","id":677200000003958,"airline":{"iataCode":"191","name":"Air XXXXX X.X.X. XXX XXX XXXXX X.X.X.","id":6772495749},"type":"no","effectiveFrom":"2022-06-07","bsp":{"isoCountryCode":"CH","name":"SWITZERLAND","id":6772},"card":{"expiryDate":"12/23","paymentNetwork":"AX","agent":{"iataCode":"8120012","name":"ATG XXXXXXXXXXX","active":true,"id":67728120012,"bsp":{"id":6772}},"issuerName":"AX","companyName":"AX","cardType":"Corporate","id":677200000000013,"bsp":{"id":6772},"cardNumber":"376010XXXXX1003"},"status":"Inactive"},{"effectiveTo":"2022-12-22","level":"card","id":677200000005750,"airline":{"iataCode":"191","name":"Air XXXXX X.X.X. XXX XXX XXXXX X.X.X.","id":6772495749},"type":"no","effectiveFrom":"2022-12-21","bsp":{"isoCountryCode":"CH","name":"SWITZERLAND","id":6772},"card":{"expiryDate":"12/23","paymentNetwork":"AX","agent":{"iataCode":"8120012","name":"ATG XXXXXXXXXXX","active":true,"id":67728120012,"bsp":{"id":6772}},"issuerName":"AX","companyName":"AX","cardType":"Corporate","id":677200000000012,"bsp":{"id":6772},"cardNumber":"376010XXXXX1003"},"status":"Inactive"},{"effectiveTo":"2022-12-22","level":"card","id":677200000005609,"airline":{"iataCode":"191","name":"Air XXXXX X.X.X. XXX XXX XXXXX X.X.X.","id":6772495749},"type":"no","effectiveFrom":"2022-12-21","bsp":{"isoCountryCode":"CH","name":"SWITZERLAND","id":6772},"card":{"expiryDate":"12/23","paymentNetwork":"VI","agent":{"iataCode":"8127904","name":"VOYXXXXXXX","active":true,"id":67728127904,"bsp":{"id":6772}},"issuerName":"SDFDSFJDSFDSHJFDSSFDSFDSFDSFSDSFDFDSFDSFDSDSFSDFDS","cardType":"Consumer","id":677200000000010,"bsp":{"id":6772},"cardNumber":"456480XXXXXX6349"},"status":"Inactive"},{"effectiveTo":"2022-12-22","level":"card","id":677200000006226,"airline":{"iataCode":"191","name":"Air XXXXX X.X.X. XXX XXX XXXXX X.X.X.","id":6772495749},"type":"no","effectiveFrom":"2022-12-21","bsp":{"isoCountryCode":"CH","name":"SWITZERLAND","id":6772},"card":{"expiryDate":"07/23","paymentNetwork":"CA","agent":{"iataCode":"8120012","name":"ATG XXXXXXXXXXX","active":true,"id":67728120012,"bsp":{"id":6772}},"issuerName":"NEWFIVE","cardType":"Consumer","id":677200000000020,"bsp":{"id":6772},"cardNumber":"519396XXXXXX3484"},"status":"Inactive"},{"effectiveTo":"2022-12-22","level":"card","id":677200000006107,"airline":{"iataCode":"191","name":"Air XXXXX X.X.X. XXX XXX XXXXX X.X.X.","id":6772495749},"type":"no","effectiveFrom":"2022-12-21","bsp":{"isoCountryCode":"CH","name":"SWITZERLAND","id":6772},"card":{"expiryDate":"08/23","paymentNetwork":"CA","agent":{"iataCode":"8120012","name":"ATG XXXXXXXXXXX","active":true,"id":67728120012,"bsp":{"id":6772}},"issuerName":"CA","cardType":"Consumer","id":677200000000015,"bsp":{"id":6772},"cardNumber":"519396XXXXXX3484"},"status":"Inactive"},{"effectiveTo":"2022-12-22","level":"card","id":677200000005305,"airline":{"iataCode":"191","name":"Air XXXXX X.X.X. XXX XXX XXXXX X.X.X.","id":6772495749},"type":"no","effectiveFrom":"2022-12-21","bsp":{"isoCountryCode":"CH","name":"SWITZERLAND","id":6772},"card":{"expiryDate":"12/34","paymentNetwork":"VI","agent":{"iataCode":"8127904","name":"VOYXXXXXXX","active":true,"id":67728127904,"bsp":{"id":6772}},"issuerName":"CARLOS","companyName":"Accelya","cardType":"Corporate","id":677200000000008,"bsp":{"id":6772},"cardNumber":"456480XXXXXX6349"},"status":"Inactive"},{"effectiveTo":"2022-12-22","level":"card","id":677200000005457,"airline":{"iataCode":"191","name":"Air XXXXX X.X.X. XXX XXX XXXXX X.X.X.","id":6772495749},"type":"no","effectiveFrom":"2022-12-21","bsp":{"isoCountryCode":"CH","name":"SWITZERLAND","id":6772},"card":{"expiryDate":"11/31","paymentNetwork":"VI","agent":{"iataCode":"8127904","name":"VOYXXXXXXX","active":true,"id":67728127904,"bsp":{"id":6772}},"issuerName":"CARLOS","companyName":"Accelya","cardType":"Corporate","id":677200000000009,"bsp":{"id":6772},"cardNumber":"456480XXXXXX6349"},"status":"Inactive"},{"effectiveTo":"2022-12-22","level":"card","id":677200000005869,"airline":{"iataCode":"191","name":"Air XXXXX X.X.X. XXX XXX XXXXX X.X.X.","id":6772495749},"type":"no","effectiveFrom":"2022-12-21","bsp":{"isoCountryCode":"CH","name":"SWITZERLAND","id":6772},"card":{"expiryDate":"12/23","paymentNetwork":"AX","agent":{"iataCode":"8120012","name":"ATG XXXXXXXXXXX","active":true,"id":67728120012,"bsp":{"id":6772}},"issuerName":"AX","companyName":"AX","cardType":"Corporate","id":677200000000013,"bsp":{"id":6772},"cardNumber":"376010XXXXX1003"},"status":"Inactive"},{"effectiveTo":"2022-12-22","level":"card","id":677200000005988,"airline":{"iataCode":"191","name":"Air XXXXX X.X.X. XXX XXX XXXXX X.X.X.","id":6772495749},"type":"no","effectiveFrom":"2022-12-21","bsp":{"isoCountryCode":"CH","name":"SWITZERLAND","id":6772},"card":{"expiryDate":"11/24","paymentNetwork":"VI","agent":{"iataCode":"8120012","name":"ATG XXXXXXXXXXX","active":true,"id":67728120012,"bsp":{"id":6772}},"issuerName":"VI","cardType":"Consumer","id":677200000000014,"bsp":{"id":6772},"cardNumber":"456480XXXXXX6349"},"status":"Inactive"},{"effectiveTo":"2022-12-22","level":"card","id":677200000006345,"airline":{"iataCode":"191","name":"Air XXXXX X.X.X. XXX XXX XXXXX X.X.X.","id":6772495749},"type":"no","effectiveFrom":"2022-12-21","bsp":{"isoCountryCode":"CH","name":"SWITZERLAND","id":6772},"card":{"expiryDate":"06/27","paymentNetwork":"CA","agent":{"iataCode":"8120012","name":"ATG XXXXXXXXXXX","active":true,"id":67728120012,"bsp":{"id":6772}},"issuerName":"NEWSIX - CHECK NOTIFICATION","cardType":"Consumer","id":677200000000021,"bsp":{"id":6772},"cardNumber":"519396XXXXXX3484"},"status":"Inactive"}]

09-10-2024T20:54:37 - [MESSAGE][INFO] - qamig after missing removed [{"effectiveTo":"2020-02-20","level":"country","id":677200000000067,"airline":{"iataCode":"191","name":"Air XXXXX X.X.X. XXX XXX XXXXX X.X.X.","id":6772495749},"type":"no","effectiveFrom":"2019-07-01","bsp":{"isoCountryCode":"CH","name":"SWIT","id":6772},"status":"Inactive"},{"effectiveTo":"2020-02-20","level":"country","id":677200000000230,"airline":{"iataCode":"191","name":"Air XXXXX X.X.X. XXX XXX XXXXX X.X.X.","id":6772495749},"type":"no","effectiveFrom":"2019-07-05","bsp":{"isoCountryCode":"CH","name":"SWIT","id":6772},"status":"Inactive"},{"effectiveTo":"2020-02-20","level":"country","id":677200000000378,"airline":{"iataCode":"191","name":"Air XXXXX X.X.X. XXX XXX XXXXX X.X.X.","id":6772495749},"type":"no","effectiveFrom":"2019-07-05","bsp":{"isoCountryCode":"CH","name":"SWIT","id":6772},"status":"Inactive"},{"effectiveTo":"2020-02-20","level":"country","id":677200000000526,"airline":{"iataCode":"191","name":"Air XXXXX X.X.X. XXX XXX XXXXX X.X.X.","id":6772495749},"type":"no","effectiveFrom":"2019-07-05","bsp":{"isoCountryCode":"CH","name":"SWIT","id":6772},"status":"Inactive"},{"effectiveTo":"2022-03-03","level":"country","id":677200000000704,"airline":{"iataCode":"191","name":"Air XXXXX X.X.X. XXX XXX XXXXX X.X.X.","id":6772495749},"type":"no","effectiveFrom":"2021-02-05","bsp":{"isoCountryCode":"CH","name":"SWIT","id":6772},"status":"Inactive"},{"effectiveTo":"2021-12-01","level":"country","id":677200000000863,"airline":{"iataCode":"191","name":"Air XXXXX X.X.X. XXX XXX XXXXX X.X.X.","id":6772495749},"type":"no","effectiveFrom":"2021-02-05","bsp":{"isoCountryCode":"CH","name":"SWIT","id":6772},"status":"Inactive"},{"effectiveTo":"2022-03-03","level":"country","id":677200000000997,"airline":{"iataCode":"191","name":"Air XXXXX X.X.X. XXX XXX XXXXX X.X.X.","id":6772495749},"type":"no","effectiveFrom":"2021-02-05","bsp":{"isoCountryCode":"CH","name":"SWIT","id":6772},"status":"Inactive"},{"effectiveTo":"2021-06-01","level":"country","id":677200000001131,"airline":{"iataCode":"191","name":"Air XXXXX X.X.X. XXX XXX XXXXX X.X.X.","id":6772495749},"type":"no","effectiveFrom":"2021-02-05","bsp":{"isoCountryCode":"CH","name":"SWIT","id":6772},"status":"Inactive"},{"effectiveTo":"2022-01-25","level":"card","id":677200000001276,"airline":{"iataCode":"191","name":"Air XXXXX X.X.X. XXX XXX XXXXX X.X.X.","id":6772495749},"type":"no","effectiveFrom":"2021-03-04","card":{"expiryDate":"10/30","paymentNetwork":"CA","effectiveTo":"2022-01-25","agent":{"iataCode":"8120025","name":"CWT","id":67728120025,"bsp":{"isoCountryCode":"CH","name":"SWIT","id":6772}},"issuerName":"FAC","cardType":"Consumer","id":677200000000004,"effectiveFrom":"2021-03-04","cardNumber":"222240XXXXXX0005","bsp":{"isoCountryCode":"CH","name":"SWIT","id":6772},"terminationReason":"test","status":"Inactive"},"bsp":{"isoCountryCode":"CH","name":"SWIT","id":6772},"status":"Inactive"},{"effectiveTo":"2022-03-03","level":"card","id":677200000001452,"airline":{"iataCode":"191","name":"Air XXXXX X.X.X. XXX XXX XXXXX X.X.X.","id":6772495749},"type":"no","effectiveFrom":"2022-01-25","card":{"expiryDate":"10/30","paymentNetwork":"CA","agent":{"iataCode":"8121080","name":"VIAXXXXXX XX","id":67728121080,"bsp":{"isoCountryCode":"CH","name":"SWIT","id":6772}},"issuerName":"FAC","companyName":"provincia san anton","cardType":"Corporate","id":677200000000005,"effectiveFrom":"2022-01-25","cardNumber":"222240XXXXXX0005","bsp":{"isoCountryCode":"CH","name":"SWIT","id":6772},"status":"Active"},"bsp":{"isoCountryCode":"CH","name":"SWIT","id":6772},"status":"Inactive"},{"effectiveTo":"2022-03-03","level":"card","id":677200000001611,"airline":{"iataCode":"191","name":"Air XXXXX X.X.X. XXX XXX XXXXX X.X.X.","id":6772495749},"type":"no","effectiveFrom":"2022-01-25","card":{"expiryDate":"11/30","paymentNetwork":"CA","agent":{"iataCode":"8120025","name":"CWT","id":67728120025,"bsp":{"isoCountryCode":"CH","name":"SWIT","id":6772}},"issuerName":"TRR","companyName":"provincia san anton","cardType":"Corporate","id":677200000000006,"effectiveFrom":"2022-01-25","cardNumber":"222240XXXXXX0005","bsp":{"isoCountryCode":"CH","name":"SWIT","id":6772},"status":"Active"},"bsp":{"isoCountryCode":"CH","name":"SWIT","id":6772},"status":"Inactive"},{"effectiveTo":"2022-03-03","level":"card","id":677200000001768,"airline":{"iataCode":"191","name":"Air XXXXX X.X.X. XXX XXX XXXXX X.X.X.","id":6772495749},"type":"no","effectiveFrom":"2022-02-02","card":{"expiryDate":"10/31","paymentNetwork":"VI","agent":{"iataCode":"8121080","name":"VIAXXXXXX XX","id":67728121080,"bsp":{"isoCountryCode":"CH","name":"SWIT","id":6772}},"issuerName":"PEPE","cardType":"Consumer","id":677200000000007,"effectiveFrom":"2022-02-02","cardNumber":"222240XXXXXX0005","bsp":{"isoCountryCode":"CH","name":"SWIT","id":6772},"status":"Active"},"bsp":{"isoCountryCode":"CH","name":"SWIT","id":6772},"status":"Inactive"},{"effectiveTo":"2022-03-03","level":"card","id":677200000001920,"airline":{"iataCode":"191","name":"Air XXXXX X.X.X. XXX XXX XXXXX X.X.X.","id":6772495749},"type":"no","effectiveFrom":"2022-02-02","card":{"expiryDate":"12/34","paymentNetwork":"VI","agent":{"iataCode":"8127904","name":"VOYXXXXXXX","id":67728127904,"bsp":{"isoCountryCode":"CH","name":"SWIT","id":6772}},"issuerName":"CARLOS","companyName":"Accelya","cardType":"Corporate","id":677200000000008,"effectiveFrom":"2022-02-02","cardNumber":"222240XXXXXX0005","bsp":{"isoCountryCode":"CH","name":"SWIT","id":6772},"status":"Active"},"bsp":{"isoCountryCode":"CH","name":"SWIT","id":6772},"status":"Inactive"},{"effectiveTo":"2022-03-03","level":"card","id":677200000002072,"airline":{"iataCode":"191","name":"Air XXXXX X.X.X. XXX XXX XXXXX X.X.X.","id":6772495749},"type":"no","effectiveFrom":"2022-02-02","card":{"expiryDate":"11/31","paymentNetwork":"VI","agent":{"iataCode":"8127904","name":"VOYXXXXXXX","id":67728127904,"bsp":{"isoCountryCode":"CH","name":"SWIT","id":6772}},"issuerName":"CARLOS","companyName":"Accelya","cardType":"Corporate","id":677200000000009,"effectiveFrom":"2022-02-02","cardNumber":"222240XXXXXX0005","bsp":{"isoCountryCode":"CH","name":"SWIT","id":6772},"status":"Active"},"bsp":{"isoCountryCode":"CH","name":"SWIT","id":6772},"status":"Inactive"},{"effectiveTo":"2022-03-03","level":"country","id":677200000002224,"airline":{"iataCode":"191","name":"Air XXXXX X.X.X. XXX XXX XXXXX X.X.X.","id":6772495749},"type":"no","effectiveFrom":"2022-02-02","bsp":{"isoCountryCode":"CH","name":"SWIT","id":6772},"status":"Inactive"},{"effectiveTo":"2022-03-03","level":"card","id":677200000002365,"airline":{"iataCode":"191","name":"Air XXXXX X.X.X. XXX XXX XXXXX X.X.X.","id":6772495749},"type":"no","effectiveFrom":"2022-02-28","card":{"expiryDate":"12/23","paymentNetwork":"AX","effectiveTo":"2022-05-05","agent":{"iataCode":"8120012","name":"ATG XXXXXXXXXXX","id":67728120012,"bsp":{"isoCountryCode":"CH","name":"SWIT","id":6772}},"issuerName":"AX","cardType":"Consumer","id":677200000000011,"effectiveFrom":"2022-02-28","cardNumber":"222240XXXXXX0005","bsp":{"isoCountryCode":"CH","name":"SWIT","id":6772},"terminationReason":"test","status":"Inactive"},"bsp":{"isoCountryCode":"CH","name":"SWIT","id":6772},"status":"Inactive"},{"effectiveTo":"2022-12-20","level":"country","id":677200000002503,"airline":{"iataCode":"191","name":"Air XXXXX X.X.X. XXX XXX XXXXX X.X.X.","id":6772495749},"type":"no","effectiveFrom":"2022-03-04","bsp":{"isoCountryCode":"CH","name":"SWIT","id":6772},"status":"Inactive"},{"effectiveTo":"2022-10-03","level":"country","id":677200000002664,"airline":{"iataCode":"191","name":"Air XXXXX X.X.X. XXX XXX XXXXX X.X.X.","id":6772495749},"type":"no","effectiveFrom":"2022-03-04","bsp":{"isoCountryCode":"CH","name":"SWIT","id":6772},"status":"Inactive"},{"effectiveTo":"2022-12-20","level":"card","id":677200000002808,"airline":{"iataCode":"191","name":"Air XXXXX X.X.X. XXX XXX XXXXX X.X.X.","id":6772495749},"type":"no","effectiveFrom":"2022-03-04","card":{"expiryDate":"10/30","paymentNetwork":"CA","agent":{"iataCode":"8121080","name":"VIAXXXXXX XX","id":67728121080,"bsp":{"isoCountryCode":"CH","name":"SWIT","id":6772}},"issuerName":"FAC","companyName":"provincia san anton","cardType":"Corporate","id":677200000000005,"effectiveFrom":"2022-01-25","cardNumber":"222240XXXXXX0005","bsp":{"isoCountryCode":"CH","name":"SWIT","id":6772},"status":"Active"},"bsp":{"isoCountryCode":"CH","name":"SWIT","id":6772},"status":"Inactive"},{"effectiveTo":"2022-12-20","level":"card","id":677200000002967,"airline":{"iataCode":"191","name":"Air XXXXX X.X.X. XXX XXX XXXXX X.X.X.","id":6772495749},"type":"no","effectiveFrom":"2022-03-04","card":{"expiryDate":"11/30","paymentNetwork":"CA","agent":{"iataCode":"8120025","name":"CWT","id":67728120025,"bsp":{"isoCountryCode":"CH","name":"SWIT","id":6772}},"issuerName":"TRR","companyName":"provincia san anton","cardType":"Corporate","id":677200000000006,"effectiveFrom":"2022-01-25","cardNumber":"222240XXXXXX0005","bsp":{"isoCountryCode":"CH","name":"SWIT","id":6772},"status":"Active"},"bsp":{"isoCountryCode":"CH","name":"SWIT","id":6772},"status":"Inactive"},{"effectiveTo":"2022-12-20","level":"card","id":677200000003123,"airline":{"iataCode":"191","name":"Air XXXXX X.X.X. XXX XXX XXXXX X.X.X.","id":6772495749},"type":"no","effectiveFrom":"2022-03-04","card":{"expiryDate":"10/31","paymentNetwork":"VI","agent":{"iataCode":"8121080","name":"VIAXXXXXX XX","id":67728121080,"bsp":{"isoCountryCode":"CH","name":"SWIT","id":6772}},"issuerName":"PEPE","cardType":"Consumer","id":677200000000007,"effectiveFrom":"2022-02-02","cardNumber":"222240XXXXXX0005","bsp":{"isoCountryCode":"CH","name":"SWIT","id":6772},"status":"Active"},"bsp":{"isoCountryCode":"CH","name":"SWIT","id":6772},"status":"Inactive"},{"effectiveTo":"2022-12-20","level":"card","id":677200000003275,"airline":{"iataCode":"191","name":"Air XXXXX X.X.X. XXX XXX XXXXX X.X.X.","id":6772495749},"type":"no","effectiveFrom":"2022-03-04","card":{"expiryDate":"12/34","paymentNetwork":"VI","agent":{"iataCode":"8127904","name":"VOYXXXXXXX","id":67728127904,"bsp":{"isoCountryCode":"CH","name":"SWIT","id":6772}},"issuerName":"CARLOS","companyName":"Accelya","cardType":"Corporate","id":677200000000008,"effectiveFrom":"2022-02-02","cardNumber":"222240XXXXXX0005","bsp":{"isoCountryCode":"CH","name":"SWIT","id":6772},"status":"Active"},"bsp":{"isoCountryCode":"CH","name":"SWIT","id":6772},"status":"Inactive"},{"effectiveTo":"2022-12-20","level":"card","id":677200000003427,"airline":{"iataCode":"191","name":"Air XXXXX X.X.X. XXX XXX XXXXX X.X.X.","id":6772495749},"type":"no","effectiveFrom":"2022-03-04","card":{"expiryDate":"11/31","paymentNetwork":"VI","agent":{"iataCode":"8127904","name":"VOYXXXXXXX","id":67728127904,"bsp":{"isoCountryCode":"CH","name":"SWIT","id":6772}},"issuerName":"CARLOS","companyName":"Accelya","cardType":"Corporate","id":677200000000009,"effectiveFrom":"2022-02-02","cardNumber":"222240XXXXXX0005","bsp":{"isoCountryCode":"CH","name":"SWIT","id":6772},"status":"Active"},"bsp":{"isoCountryCode":"CH","name":"SWIT","id":6772},"status":"Inactive"},{"effectiveTo":"2022-12-20","level":"country","id":677200000003579,"airline":{"iataCode":"191","name":"Air XXXXX X.X.X. XXX XXX XXXXX X.X.X.","id":6772495749},"type":"no","effectiveFrom":"2022-03-04","bsp":{"isoCountryCode":"CH","name":"SWIT","id":6772},"status":"Inactive"},{"effectiveTo":"2022-05-05","level":"card","id":677200000003720,"airline":{"iataCode":"191","name":"Air XXXXX X.X.X. XXX XXX XXXXX X.X.X.","id":6772495749},"type":"no","effectiveFrom":"2022-03-04","card":{"expiryDate":"12/23","paymentNetwork":"AX","effectiveTo":"2022-05-05","agent":{"iataCode":"8120012","name":"ATG XXXXXXXXXXX","id":67728120012,"bsp":{"isoCountryCode":"CH","name":"SWIT","id":6772}},"issuerName":"AX","cardType":"Consumer","id":677200000000011,"effectiveFrom":"2022-02-28","cardNumber":"222240XXXXXX0005","bsp":{"isoCountryCode":"CH","name":"SWIT","id":6772},"terminationReason":"test","status":"Inactive"},"bsp":{"isoCountryCode":"CH","name":"SWIT","id":6772},"status":"Inactive"},{"effectiveTo":"2022-12-20","level":"card","id":677200000003839,"airline":{"iataCode":"191","name":"Air XXXXX X.X.X. XXX XXX XXXXX X.X.X.","id":6772495749},"type":"no","effectiveFrom":"2022-06-07","card":{"paymentNetwork":"AX","agent":{"iataCode":"8120012","name":"ATG XXXXXXXXXXX","id":67728120012,"bsp":{"isoCountryCode":"CH","name":"SWIT","id":6772}},"issuerName":"AX","companyName":"AX","cardType":"Corporate","expiryDate":"12/23","effectiveTo":"2023-05-02","id":677200000000012,"effectiveFrom":"2022-06-07","cardNumber":"222240XXXXXX0005","bsp":{"isoCountryCode":"CH","name":"SWIT","id":6772},"terminationReason":"test","status":"Inactive"},"bsp":{"isoCountryCode":"CH","name":"SWIT","id":6772},"status":"Inactive"},{"effectiveTo":"2022-12-20","level":"card","id":677200000003958,"airline":{"iataCode":"191","name":"Air XXXXX X.X.X. XXX XXX XXXXX X.X.X.","id":6772495749},"type":"no","effectiveFrom":"2022-06-07","card":{"paymentNetwork":"AX","agent":{"iataCode":"8120012","name":"ATG XXXXXXXXXXX","id":67728120012,"bsp":{"isoCountryCode":"CH","name":"SWIT","id":6772}},"issuerName":"AX","companyName":"AX","cardType":"Corporate","expiryDate":"12/23","effectiveTo":"2023-08-08","id":677200000000013,"effectiveFrom":"2022-06-08","cardNumber":"222240XXXXXX0005","bsp":{"isoCountryCode":"CH","name":"SWIT","id":6772},"terminationReason":"Card Replaced / Changed Bank","status":"Inactive"},"bsp":{"isoCountryCode":"CH","name":"SWIT","id":6772},"status":"Inactive"},{"effectiveTo":"2022-12-20","level":"card","id":677200000004077,"airline":{"iataCode":"191","name":"Air XXXXX X.X.X. XXX XXX XXXXX X.X.X.","id":6772495749},"type":"no","effectiveFrom":"2022-06-07","card":{"expiryDate":"11/24","paymentNetwork":"VI","effectiveTo":"2023-07-24","agent":{"iataCode":"8120012","name":"ATG XXXXXXXXXXX","id":67728120012,"bsp":{"isoCountryCode":"CH","name":"SWIT","id":6772}},"issuerName":"VI","cardType":"Consumer","id":677200000000014,"effectiveFrom":"2022-06-07","cardNumber":"222240XXXXXX0005","bsp":{"isoCountryCode":"CH","name":"SWIT","id":6772},"terminationReason":"Airline(s) didn't give consent","status":"Inactive"},"bsp":{"isoCountryCode":"CH","name":"SWIT","id":6772},"status":"Inactive"},{"effectiveTo":"2022-12-20","level":"card","id":677200000004196,"airline":{"iataCode":"191","name":"Air XXXXX X.X.X. XXX XXX XXXXX X.X.X.","id":6772495749},"type":"no","effectiveFrom":"2022-06-07","card":{"expiryDate":"08/23","paymentNetwork":"CA","effectiveTo":"2023-07-24","agent":{"iataCode":"8120012","name":"ATG XXXXXXXXXXX","id":67728120012,"bsp":{"isoCountryCode":"CH","name":"SWIT","id":6772}},"issuerName":"CA","cardType":"Consumer","id":677200000000015,"effectiveFrom":"2022-06-07","cardNumber":"222240XXXXXX0005","bsp":{"isoCountryCode":"CH","name":"SWIT","id":6772},"terminationReason":"Airline(s) didn't give consent","status":"Inactive"},"bsp":{"isoCountryCode":"CH","name":"SWIT","id":6772},"status":"Inactive"},{"effectiveTo":"2022-12-20","level":"card","id":677200000004407,"airline":{"iataCode":"191","name":"Air XXXXX X.X.X. XXX XXX XXXXX X.X.X.","id":6772495749},"type":"no","effectiveFrom":"2022-10-13","card":{"expiryDate":"07/23","paymentNetwork":"CA","effectiveTo":"2023-07-21","agent":{"iataCode":"8120012","name":"ATG XXXXXXXXXXX","id":67728120012,"bsp":{"isoCountryCode":"CH","name":"SWIT","id":6772}},"issuerName":"NEWFIVE","cardType":"Consumer","id":677200000000020,"effectiveFrom":"2022-10-13","cardNumber":"222240XXXXXX0005","bsp":{"isoCountryCode":"CH","name":"SWIT","id":6772},"terminationReason":"Customer Card enrolled by error","status":"Inactive"},"bsp":{"isoCountryCode":"CH","name":"SWIT","id":6772},"status":"Inactive"},{"effectiveTo":"2022-12-20","level":"card","id":677200000004526,"airline":{"iataCode":"191","name":"Air XXXXX X.X.X. XXX XXX XXXXX X.X.X.","id":6772495749},"type":"no","effectiveFrom":"2022-10-13","card":{"expiryDate":"06/27","paymentNetwork":"CA","effectiveTo":"2023-07-21","agent":{"iataCode":"8120012","name":"ATG XXXXXXXXXXX","id":67728120012,"bsp":{"isoCountryCode":"CH","name":"SWIT","id":6772}},"issuerName":"NEWSIX - CHECK NOTIFICATION","cardType":"Consumer","id":677200000000021,"effectiveFrom":"2022-10-13","cardNumber":"222240XXXXXX0005","bsp":{"isoCountryCode":"CH","name":"SWIT","id":6772},"terminationReason":"Card Replaced / Changed Bank","status":"Inactive"},"bsp":{"isoCountryCode":"CH","name":"SWIT","id":6772},"status":"Inactive"},{"effectiveTo":"2022-12-22","level":"country","id":677200000004665,"airline":{"iataCode":"191","name":"Air XXXXX X.X.X. XXX XXX XXXXX X.X.X.","id":6772495749},"type":"no","effectiveFrom":"2022-12-21","bsp":{"isoCountryCode":"CH","name":"SWIT","id":6772},"status":"Inactive"},{"effectiveTo":"2022-12-22","level":"card","id":677200000004838,"airline":{"iataCode":"191","name":"Air XXXXX X.X.X. XXX XXX XXXXX X.X.X.","id":6772495749},"type":"no","effectiveFrom":"2022-12-21","card":{"expiryDate":"10/30","paymentNetwork":"CA","agent":{"iataCode":"8121080","name":"VIAXXXXXX XX","id":67728121080,"bsp":{"isoCountryCode":"CH","name":"SWIT","id":6772}},"issuerName":"FAC","companyName":"provincia san anton","cardType":"Corporate","id":677200000000005,"effectiveFrom":"2022-01-25","cardNumber":"222240XXXXXX0005","bsp":{"isoCountryCode":"CH","name":"SWIT","id":6772},"status":"Active"},"bsp":{"isoCountryCode":"CH","name":"SWIT","id":6772},"status":"Inactive"},{"effectiveTo":"2022-12-22","level":"card","id":677200000004997,"airline":{"iataCode":"191","name":"Air XXXXX X.X.X. XXX XXX XXXXX X.X.X.","id":6772495749},"type":"no","effectiveFrom":"2022-12-21","card":{"expiryDate":"11/30","paymentNetwork":"CA","agent":{"iataCode":"8120025","name":"CWT","id":67728120025,"bsp":{"isoCountryCode":"CH","name":"SWIT","id":6772}},"issuerName":"TRR","companyName":"provincia san anton","cardType":"Corporate","id":677200000000006,"effectiveFrom":"2022-01-25","cardNumber":"222240XXXXXX0005","bsp":{"isoCountryCode":"CH","name":"SWIT","id":6772},"status":"Active"},"bsp":{"isoCountryCode":"CH","name":"SWIT","id":6772},"status":"Inactive"},{"effectiveTo":"2022-12-22","level":"card","id":677200000005153,"airline":{"iataCode":"191","name":"Air XXXXX X.X.X. XXX XXX XXXXX X.X.X.","id":6772495749},"type":"no","effectiveFrom":"2022-12-21","card":{"expiryDate":"10/31","paymentNetwork":"VI","agent":{"iataCode":"8121080","name":"VIAXXXXXX XX","id":67728121080,"bsp":{"isoCountryCode":"CH","name":"SWIT","id":6772}},"issuerName":"PEPE","cardType":"Consumer","id":677200000000007,"effectiveFrom":"2022-02-02","cardNumber":"222240XXXXXX0005","bsp":{"isoCountryCode":"CH","name":"SWIT","id":6772},"status":"Active"},"bsp":{"isoCountryCode":"CH","name":"SWIT","id":6772},"status":"Inactive"},{"effectiveTo":"2022-12-22","level":"card","id":677200000005305,"airline":{"iataCode":"191","name":"Air XXXXX X.X.X. XXX XXX XXXXX X.X.X.","id":6772495749},"type":"no","effectiveFrom":"2022-12-21","card":{"expiryDate":"12/34","paymentNetwork":"VI","agent":{"iataCode":"8127904","name":"VOYXXXXXXX","id":67728127904,"bsp":{"isoCountryCode":"CH","name":"SWIT","id":6772}},"issuerName":"CARLOS","companyName":"Accelya","cardType":"Corporate","id":677200000000008,"effectiveFrom":"2022-02-02","cardNumber":"222240XXXXXX0005","bsp":{"isoCountryCode":"CH","name":"SWIT","id":6772},"status":"Active"},"bsp":{"isoCountryCode":"CH","name":"SWIT","id":6772},"status":"Inactive"},{"effectiveTo":"2022-12-22","level":"card","id":677200000005457,"airline":{"iataCode":"191","name":"Air XXXXX X.X.X. XXX XXX XXXXX X.X.X.","id":6772495749},"type":"no","effectiveFrom":"2022-12-21","card":{"expiryDate":"11/31","paymentNetwork":"VI","agent":{"iataCode":"8127904","name":"VOYXXXXXXX","id":67728127904,"bsp":{"isoCountryCode":"CH","name":"SWIT","id":6772}},"issuerName":"CARLOS","companyName":"Accelya","cardType":"Corporate","id":677200000000009,"effectiveFrom":"2022-02-02","cardNumber":"222240XXXXXX0005","bsp":{"isoCountryCode":"CH","name":"SWIT","id":6772},"status":"Active"},"bsp":{"isoCountryCode":"CH","name":"SWIT","id":6772},"status":"Inactive"},{"effectiveTo":"2022-12-22","level":"country","id":677200000005609,"airline":{"iataCode":"191","name":"Air XXXXX X.X.X. XXX XXX XXXXX X.X.X.","id":6772495749},"type":"no","effectiveFrom":"2022-12-21","bsp":{"isoCountryCode":"CH","name":"SWIT","id":6772},"status":"Inactive"},{"effectiveTo":"2022-12-22","level":"card","id":677200000005750,"airline":{"iataCode":"191","name":"Air XXXXX X.X.X. XXX XXX XXXXX X.X.X.","id":6772495749},"type":"no","effectiveFrom":"2022-12-21","card":{"paymentNetwork":"AX","agent":{"iataCode":"8120012","name":"ATG XXXXXXXXXXX","id":67728120012,"bsp":{"isoCountryCode":"CH","name":"SWIT","id":6772}},"issuerName":"AX","companyName":"AX","cardType":"Corporate","expiryDate":"12/23","effectiveTo":"2023-05-02","id":677200000000012,"effectiveFrom":"2022-06-07","cardNumber":"222240XXXXXX0005","bsp":{"isoCountryCode":"CH","name":"SWIT","id":6772},"terminationReason":"test","status":"Inactive"},"bsp":{"isoCountryCode":"CH","name":"SWIT","id":6772},"status":"Inactive"},{"effectiveTo":"2022-12-22","level":"card","id":677200000005869,"airline":{"iataCode":"191","name":"Air XXXXX X.X.X. XXX XXX XXXXX X.X.X.","id":6772495749},"type":"no","effectiveFrom":"2022-12-21","card":{"paymentNetwork":"AX","agent":{"iataCode":"8120012","name":"ATG XXXXXXXXXXX","id":67728120012,"bsp":{"isoCountryCode":"CH","name":"SWIT","id":6772}},"issuerName":"AX","companyName":"AX","cardType":"Corporate","expiryDate":"12/23","effectiveTo":"2023-08-08","id":677200000000013,"effectiveFrom":"2022-06-08","cardNumber":"222240XXXXXX0005","bsp":{"isoCountryCode":"CH","name":"SWIT","id":6772},"terminationReason":"Card Replaced / Changed Bank","status":"Inactive"},"bsp":{"isoCountryCode":"CH","name":"SWIT","id":6772},"status":"Inactive"},{"effectiveTo":"2022-12-22","level":"card","id":677200000005988,"airline":{"iataCode":"191","name":"Air XXXXX X.X.X. XXX XXX XXXXX X.X.X.","id":6772495749},"type":"no","effectiveFrom":"2022-12-21","card":{"expiryDate":"11/24","paymentNetwork":"VI","effectiveTo":"2023-07-24","agent":{"iataCode":"8120012","name":"ATG XXXXXXXXXXX","id":67728120012,"bsp":{"isoCountryCode":"CH","name":"SWIT","id":6772}},"issuerName":"VI","cardType":"Consumer","id":677200000000014,"effectiveFrom":"2022-06-07","cardNumber":"222240XXXXXX0005","bsp":{"isoCountryCode":"CH","name":"SWIT","id":6772},"terminationReason":"Airline(s) didn't give consent","status":"Inactive"},"bsp":{"isoCountryCode":"CH","name":"SWIT","id":6772},"status":"Inactive"},{"effectiveTo":"2022-12-22","level":"card","id":677200000006107,"airline":{"iataCode":"191","name":"Air XXXXX X.X.X. XXX XXX XXXXX X.X.X.","id":6772495749},"type":"no","effectiveFrom":"2022-12-21","card":{"expiryDate":"08/23","paymentNetwork":"CA","effectiveTo":"2023-07-24","agent":{"iataCode":"8120012","name":"ATG XXXXXXXXXXX","id":67728120012,"bsp":{"isoCountryCode":"CH","name":"SWIT","id":6772}},"issuerName":"CA","cardType":"Consumer","id":677200000000015,"effectiveFrom":"2022-06-07","cardNumber":"222240XXXXXX0005","bsp":{"isoCountryCode":"CH","name":"SWIT","id":6772},"terminationReason":"Airline(s) didn't give consent","status":"Inactive"},"bsp":{"isoCountryCode":"CH","name":"SWIT","id":6772},"status":"Inactive"},{"effectiveTo":"2022-12-22","level":"card","id":677200000006226,"airline":{"iataCode":"191","name":"Air XXXXX X.X.X. XXX XXX XXXXX X.X.X.","id":6772495749},"type":"no","effectiveFrom":"2022-12-21","card":{"expiryDate":"07/23","paymentNetwork":"CA","effectiveTo":"2023-07-21","agent":{"iataCode":"8120012","name":"ATG XXXXXXXXXXX","id":67728120012,"bsp":{"isoCountryCode":"CH","name":"SWIT","id":6772}},"issuerName":"NEWFIVE","cardType":"Consumer","id":677200000000020,"effectiveFrom":"2022-10-13","cardNumber":"222240XXXXXX0005","bsp":{"isoCountryCode":"CH","name":"SWIT","id":6772},"terminationReason":"Customer Card enrolled by error","status":"Inactive"},"bsp":{"isoCountryCode":"CH","name":"SWIT","id":6772},"status":"Inactive"},{"effectiveTo":"2022-12-22","level":"card","id":677200000006345,"airline":{"iataCode":"191","name":"Air XXXXX X.X.X. XXX XXX XXXXX X.X.X.","id":6772495749},"type":"no","effectiveFrom":"2022-12-21","card":{"expiryDate":"06/27","paymentNetwork":"CA","effectiveTo":"2023-07-21","agent":{"iataCode":"8120012","name":"ATG XXXXXXXXXXX","id":67728120012,"bsp":{"isoCountryCode":"CH","name":"SWIT","id":6772}},"issuerName":"NEWSIX - CHECK NOTIFICATION","cardType":"Consumer","id":677200000000021,"effectiveFrom":"2022-10-13","cardNumber":"222240XXXXXX0005","bsp":{"isoCountryCode":"CH","name":"SWIT","id":6772},"terminationReason":"Card Replaced / Changed Bank","status":"Inactive"},"bsp":{"isoCountryCode":"CH","name":"SWIT","id":6772},"status":"Inactive"},{"level":"country","id":677200000006483,"airline":{"iataCode":"191","name":"Air XXXXX X.X.X. XXX XXX XXXXX X.X.X.","id":6772495749},"type":"no","effectiveFrom":"2023-03-15","bsp":{"isoCountryCode":"CH","name":"SWIT","id":6772},"status":"Active"}]

09-10-2024T20:54:37 - [MESSAGE][INFO] - node to be removed card.cardNumber

09-10-2024T20:54:37 - [MESSAGE][INFO] - node to be removed bsp.name

09-10-2024T20:54:37 - [MESSAGE][INFO] - qa before sorting [{"level":"country","id":677200000006483,"airline":{"iataCode":"191","name":"Air XXXXX X.X.X. XXX XXX XXXXX X.X.X.","id":6772495749},"type":"no","effectiveFrom":"2023-03-15","bsp":{"isoCountryCode":"CH","name":"SWITZERLAND","id":6772},"status":"Active"},{"effectiveTo":"2020-02-20","level":"country","id":677200000000067,"airline":{"iataCode":"191","name":"Air XXXXX X.X.X. XXX XXX XXXXX X.X.X.","id":6772495749},"type":"no","effectiveFrom":"2019-07-01","bsp":{"isoCountryCode":"CH","name":"SWITZERLAND","id":6772},"status":"Inactive"},{"effectiveTo":"2022-12-22","level":"country","id":677200000004665,"airline":{"iataCode":"191","name":"Air XXXXX X.X.X. XXX XXX XXXXX X.X.X.","id":6772495749},"type":"no","effectiveFrom":"2022-12-21","bsp":{"isoCountryCode":"CH","name":"SWITZERLAND","id":6772},"status":"Inactive"},{"effectiveTo":"2022-03-03","level":"country","id":677200000000704,"airline":{"iataCode":"191","name":"Air XXXXX X.X.X. XXX XXX XXXXX X.X.X.","id":6772495749},"type":"no","effectiveFrom":"2021-02-05","bsp":{"isoCountryCode":"CH","name":"SWITZERLAND","id":6772},"status":"Inactive"},{"effectiveTo":"2022-12-20","level":"country","id":677200000002503,"airline":{"iataCode":"191","name":"Air XXXXX X.X.X. XXX XXX XXXXX X.X.X.","id":6772495749},"type":"no","effectiveFrom":"2022-03-04","bsp":{"isoCountryCode":"CH","name":"SWITZERLAND","id":6772},"status":"Inactive"},{"effectiveTo":"2022-03-03","level":"card","id":677200000000997,"airline":{"iataCode":"191","name":"Air XXXXX X.X.X. XXX XXX XXXXX X.X.X.","id":6772495749},"type":"no","effectiveFrom":"2021-02-05","bsp":{"isoCountryCode":"CH","name":"SWITZERLAND","id":6772},"card":{"expiryDate":"09/22","paymentNetwork":"VI","agent":{"iataCode":"8121095","name":"LE XXXX XXX XXXXX XX","active":true,"id":67728121095,"bsp":{"id":6772}},"issuerName":"KHADRAOUI TAHAR","cardType":"Consumer","id":677200000000002,"bsp":{"id":6772},"cardNumber":"490118XXXXXX0610"},"status":"Inactive"},{"effectiveTo":"2022-03-03","level":"card","id":677200000001768,"airline":{"iataCode":"191","name":"Air XXXXX X.X.X. XXX XXX XXXXX X.X.X.","id":6772495749},"type":"no","effectiveFrom":"2022-02-02","bsp":{"isoCountryCode":"CH","name":"SWITZERLAND","id":6772},"card":{"expiryDate":"10/31","paymentNetwork":"VI","agent":{"iataCode":"8127904","name":"VOYXXXXXXX","active":true,"id":67728127904,"bsp":{"id":6772}},"issuerName":"PEPE","cardType":"Consumer","id":677200000000007,"bsp":{"id":6772},"cardNumber":"456480XXXXXX6349"},"status":"Inactive"},{"effectiveTo":"2022-03-03","level":"card","id":677200000001920,"airline":{"iataCode":"191","name":"Air XXXXX X.X.X. XXX XXX XXXXX X.X.X.","id":6772495749},"type":"no","effectiveFrom":"2022-02-02","bsp":{"isoCountryCode":"CH","name":"SWITZERLAND","id":6772},"card":{"expiryDate":"12/34","paymentNetwork":"VI","agent":{"iataCode":"8127904","name":"VOYXXXXXXX","active":true,"id":67728127904,"bsp":{"id":6772}},"issuerName":"CARLOS","companyName":"Accelya","cardType":"Corporate","id":677200000000008,"bsp":{"id":6772},"cardNumber":"456480XXXXXX6349"},"status":"Inactive"},{"effectiveTo":"2022-12-22","level":"card","id":677200000004838,"airline":{"iataCode":"191","name":"Air XXXXX X.X.X. XXX XXX XXXXX X.X.X.","id":6772495749},"type":"no","effectiveFrom":"2022-12-21","bsp":{"isoCountryCode":"CH","name":"SWITZERLAND","id":6772},"card":{"expiryDate":"10/30","paymentNetwork":"CA","agent":{"iataCode":"8120025","name":"CWT","active":true,"id":67728120025,"bsp":{"id":6772}},"issuerName":"FAC","companyName":"provincia san anton","cardType":"Corporate","id":677200000000005,"bsp":{"id":6772},"cardNumber":"519123XXXXXX4011"},"status":"Inactive"},{"effectiveTo":"2022-12-22","level":"card","id":677200000004997,"airline":{"iataCode":"191","name":"Air XXXXX X.X.X. XXX XXX XXXXX X.X.X.","id":6772495749},"type":"no","effectiveFrom":"2022-12-21","bsp":{"isoCountryCode":"CH","name":"SWITZERLAND","id":6772},"card":{"expiryDate":"11/30","paymentNetwork":"CA","agent":{"iataCode":"8120025","name":"CWT","active":true,"id":67728120025,"bsp":{"id":6772}},"issuerName":"TRR","companyName":"provincia san anton","cardType":"Corporate","id":677200000000006,"bsp":{"id":6772},"cardNumber":"519123XXXXXX4011"},"status":"Inactive"},{"effectiveTo":"2022-12-20","level":"card","id":677200000004526,"airline":{"iataCode":"191","name":"Air XXXXX X.X.X. XXX XXX XXXXX X.X.X.","id":6772495749},"type":"no","effectiveFrom":"2022-10-13","bsp":{"isoCountryCode":"CH","name":"SWITZERLAND","id":6772},"card":{"expiryDate":"06/27","paymentNetwork":"CA","agent":{"iataCode":"8120012","name":"ATG XXXXXXXXXXX","active":true,"id":67728120012,"bsp":{"id":6772}},"issuerName":"NEWSIX - CHECK NOTIFICATION","cardType":"Consumer","id":677200000000021,"bsp":{"id":6772},"cardNumber":"519396XXXXXX3484"},"status":"Inactive"},{"effectiveTo":"2022-12-20","level":"card","id":677200000004407,"airline":{"iataCode":"191","name":"Air XXXXX X.X.X. XXX XXX XXXXX X.X.X.","id":6772495749},"type":"no","effectiveFrom":"2022-10-13","bsp":{"isoCountryCode":"CH","name":"SWITZERLAND","id":6772},"card":{"expiryDate":"07/23","paymentNetwork":"CA","agent":{"iataCode":"8120012","name":"ATG XXXXXXXXXXX","active":true,"id":67728120012,"bsp":{"id":6772}},"issuerName":"NEWFIVE","cardType":"Consumer","id":677200000000020,"bsp":{"id":6772},"cardNumber":"519396XXXXXX3484"},"status":"Inactive"},{"effectiveTo":"2022-12-22","level":"card","id":677200000005153,"airline":{"iataCode":"191","name":"Air XXXXX X.X.X. XXX XXX XXXXX X.X.X.","id":6772495749},"type":"no","effectiveFrom":"2022-12-21","bsp":{"isoCountryCode":"CH","name":"SWITZERLAND","id":6772},"card":{"expiryDate":"10/31","paymentNetwork":"VI","agent":{"iataCode":"8127904","name":"VOYXXXXXXX","active":true,"id":67728127904,"bsp":{"id":6772}},"issuerName":"PEPE","cardType":"Consumer","id":677200000000007,"bsp":{"id":6772},"cardNumber":"456480XXXXXX6349"},"status":"Inactive"},{"effectiveTo":"2022-12-20","level":"card","id":677200000004196,"airline":{"iataCode":"191","name":"Air XXXXX X.X.X. XXX XXX XXXXX X.X.X.","id":6772495749},"type":"no","effectiveFrom":"2022-06-07","bsp":{"isoCountryCode":"CH","name":"SWITZERLAND","id":6772},"card":{"expiryDate":"08/23","paymentNetwork":"CA","agent":{"iataCode":"8120012","name":"ATG XXXXXXXXXXX","active":true,"id":67728120012,"bsp":{"id":6772}},"issuerName":"CA","cardType":"Consumer","id":677200000000015,"bsp":{"id":6772},"cardNumber":"519396XXXXXX3484"},"status":"Inactive"},{"effectiveTo":"2022-12-20","level":"card","id":677200000004077,"airline":{"iataCode":"191","name":"Air XXXXX X.X.X. XXX XXX XXXXX X.X.X.","id":6772495749},"type":"no","effectiveFrom":"2022-06-07","bsp":{"isoCountryCode":"CH","name":"SWITZERLAND","id":6772},"card":{"expiryDate":"11/24","paymentNetwork":"VI","agent":{"iataCode":"8120012","name":"ATG XXXXXXXXXXX","active":true,"id":67728120012,"bsp":{"id":6772}},"issuerName":"VI","cardType":"Consumer","id":677200000000014,"bsp":{"id":6772},"cardNumber":"456480XXXXXX6349"},"status":"Inactive"},{"effectiveTo":"2021-06-01","level":"card","id":677200000001131,"airline":{"iataCode":"191","name":"Air XXXXX X.X.X. XXX XXX XXXXX X.X.X.","id":6772495749},"type":"no","effectiveFrom":"2021-02-05","bsp":{"isoCountryCode":"CH","name":"SWITZERLAND","id":6772},"card":{"expiryDate":"05/21","paymentNetwork":"VI","agent":{"iataCode":"8121095","name":"LE XXXX XXX XXXXX XX","active":true,"id":67728121095,"bsp":{"id":6772}},"issuerName":"KHADRAOUI TAHAR LE MUST AIR MARIN SA","companyName":"LE MUST AIR MARIN SA","cardType":"Corporate","id":677200000000003,"bsp":{"id":6772},"cardNumber":"485753XXXXXX3403"},"status":"Inactive"},{"effectiveTo":"2021-12-01","level":"card","id":677200000000863,"airline":{"iataCode":"191","name":"Air XXXXX X.X.X. XXX XXX XXXXX X.X.X.","id":6772495749},"type":"no","effectiveFrom":"2021-02-05","bsp":{"isoCountryCode":"CH","name":"SWITZERLAND","id":6772},"card":{"expiryDate":"11/21","paymentNetwork":"CA","agent":{"iataCode":"8121095","name":"LE XXXX XXX XXXXX XX","active":true,"id":67728121095,"bsp":{"id":6772}},"issuerName":"TAHAR KHADRAOUI AIR MARIN SUISSE","companyName":"AIR MARIN SUISSE","cardType":"Corporate","id":677200000000001,"bsp":{"id":6772},"cardNumber":"558265XXXXXX6029"},"status":"Inactive"},{"effectiveTo":"2020-02-20","level":"card","id":677200000000526,"airline":{"iataCode":"191","name":"Air XXXXX X.X.X. XXX XXX XXXXX X.X.X.","id":6772495749},"type":"no","effectiveFrom":"2019-07-05","bsp":{"isoCountryCode":"CH","name":"SWITZERLAND","id":6772},"card":{"expiryDate":"05/21","paymentNetwork":"VI","agent":{"iataCode":"8121095","name":"LE XXXX XXX XXXXX XX","active":true,"id":67728121095,"bsp":{"id":6772}},"issuerName":"KHADRAOUI TAHAR LE MUST AIR MARIN SA","companyName":"LE MUST AIR MARIN SA","cardType":"Corporate","id":677200000000003,"bsp":{"id":6772},"cardNumber":"485753XXXXXX3403"},"status":"Inactive"},{"effectiveTo":"2020-02-20","level":"card","id":677200000000378,"airline":{"iataCode":"191","name":"Air XXXXX X.X.X. XXX XXX XXXXX X.X.X.","id":6772495749},"type":"no","effectiveFrom":"2019-07-05","bsp":{"isoCountryCode":"CH","name":"SWITZERLAND","id":6772},"card":{"expiryDate":"09/22","paymentNetwork":"VI","agent":{"iataCode":"8121095","name":"LE XXXX XXX XXXXX XX","active":true,"id":67728121095,"bsp":{"id":6772}},"issuerName":"KHADRAOUI TAHAR","cardType":"Consumer","id":677200000000002,"bsp":{"id":6772},"cardNumber":"490118XXXXXX0610"},"status":"Inactive"},{"effectiveTo":"2020-02-20","level":"card","id":677200000000230,"airline":{"iataCode":"191","name":"Air XXXXX X.X.X. XXX XXX XXXXX X.X.X.","id":6772495749},"type":"no","effectiveFrom":"2019-07-05","bsp":{"isoCountryCode":"CH","name":"SWITZERLAND","id":6772},"card":{"expiryDate":"11/21","paymentNetwork":"CA","agent":{"iataCode":"8121095","name":"LE XXXX XXX XXXXX XX","active":true,"id":67728121095,"bsp":{"id":6772}},"issuerName":"TAHAR KHADRAOUI AIR MARIN SUISSE","companyName":"AIR MARIN SUISSE","cardType":"Corporate","id":677200000000001,"bsp":{"id":6772},"cardNumber":"558265XXXXXX6029"},"status":"Inactive"},{"effectiveTo":"2022-01-25","level":"card","id":677200000001276,"airline":{"iataCode":"191","name":"Air XXXXX X.X.X. XXX XXX XXXXX X.X.X.","id":6772495749},"type":"no","effectiveFrom":"2021-03-04","bsp":{"isoCountryCode":"CH","name":"SWITZERLAND","id":6772},"card":{"expiryDate":"10/30","paymentNetwork":"CA","agent":{"iataCode":"8120025","name":"CWT","active":true,"id":67728120025,"bsp":{"id":6772}},"issuerName":"FAC","cardType":"Consumer","id":677200000000004,"bsp":{"id":6772},"cardNumber":"519396XXXXXX3485"},"status":"Inactive"},{"effectiveTo":"2022-03-03","level":"card","id":677200000001611,"airline":{"iataCode":"191","name":"Air XXXXX X.X.X. XXX XXX XXXXX X.X.X.","id":6772495749},"type":"no","effectiveFrom":"2022-01-25","bsp":{"isoCountryCode":"CH","name":"SWITZERLAND","id":6772},"card":{"expiryDate":"11/30","paymentNetwork":"CA","agent":{"iataCode":"8120025","name":"CWT","active":true,"id":67728120025,"bsp":{"id":6772}},"issuerName":"TRR","companyName":"provincia san anton","cardType":"Corporate","id":677200000000006,"bsp":{"id":6772},"cardNumber":"519123XXXXXX4011"},"status":"Inactive"},{"effectiveTo":"2022-03-03","level":"card","id":677200000001452,"airline":{"iataCode":"191","name":"Air XXXXX X.X.X. XXX XXX XXXXX X.X.X.","id":6772495749},"type":"no","effectiveFrom":"2022-01-25","bsp":{"isoCountryCode":"CH","name":"SWITZERLAND","id":6772},"card":{"expiryDate":"10/30","paymentNetwork":"CA","agent":{"iataCode":"8120025","name":"CWT","active":true,"id":67728120025,"bsp":{"id":6772}},"issuerName":"FAC","companyName":"provincia san anton","cardType":"Corporate","id":677200000000005,"bsp":{"id":6772},"cardNumber":"519123XXXXXX4011"},"status":"Inactive"},{"effectiveTo":"2022-03-03","level":"card","id":677200000002365,"airline":{"iataCode":"191","name":"Air XXXXX X.X.X. XXX XXX XXXXX X.X.X.","id":6772495749},"type":"no","effectiveFrom":"2022-02-28","bsp":{"isoCountryCode":"CH","name":"SWITZERLAND","id":6772},"card":{"expiryDate":"12/23","paymentNetwork":"AX","agent":{"iataCode":"8120012","name":"ATG XXXXXXXXXXX","active":true,"id":67728120012,"bsp":{"id":6772}},"issuerName":"AX","cardType":"Consumer","id":677200000000011,"bsp":{"id":6772},"cardNumber":"376010XXXXX1003"},"status":"Inactive"},{"effectiveTo":"2022-03-03","level":"card","id":677200000002224,"airline":{"iataCode":"191","name":"Air XXXXX X.X.X. XXX XXX XXXXX X.X.X.","id":6772495749},"type":"no","effectiveFrom":"2022-02-02","bsp":{"isoCountryCode":"CH","name":"SWITZERLAND","id":6772},"card":{"expiryDate":"12/23","paymentNetwork":"VI","agent":{"iataCode":"8127904","name":"VOYXXXXXXX","active":true,"id":67728127904,"bsp":{"id":6772}},"issuerName":"SDFDSFJDSFDSHJFDSSFDSFDSFDSFSDSFDFDSFDSFDSDSFSDFDS","cardType":"Consumer","id":677200000000010,"bsp":{"id":6772},"cardNumber":"456480XXXXXX6349"},"status":"Inactive"},{"effectiveTo":"2022-03-03","level":"card","id":677200000002072,"airline":{"iataCode":"191","name":"Air XXXXX X.X.X. XXX XXX XXXXX X.X.X.","id":6772495749},"type":"no","effectiveFrom":"2022-02-02","bsp":{"isoCountryCode":"CH","name":"SWITZERLAND","id":6772},"card":{"expiryDate":"11/31","paymentNetwork":"VI","agent":{"iataCode":"8127904","name":"VOYXXXXXXX","active":true,"id":67728127904,"bsp":{"id":6772}},"issuerName":"CARLOS","companyName":"Accelya","cardType":"Corporate","id":677200000000009,"bsp":{"id":6772},"cardNumber":"456480XXXXXX6349"},"status":"Inactive"},{"effectiveTo":"2022-05-05","level":"card","id":677200000003720,"airline":{"iataCode":"191","name":"Air XXXXX X.X.X. XXX XXX XXXXX X.X.X.","id":6772495749},"type":"no","effectiveFrom":"2022-03-04","bsp":{"isoCountryCode":"CH","name":"SWITZERLAND","id":6772},"card":{"expiryDate":"12/23","paymentNetwork":"AX","agent":{"iataCode":"8120012","name":"ATG XXXXXXXXXXX","active":true,"id":67728120012,"bsp":{"id":6772}},"issuerName":"AX","cardType":"Consumer","id":677200000000011,"bsp":{"id":6772},"cardNumber":"376010XXXXX1003"},"status":"Inactive"},{"effectiveTo":"2022-12-20","level":"card","id":677200000003275,"airline":{"iataCode":"191","name":"Air XXXXX X.X.X. XXX XXX XXXXX X.X.X.","id":6772495749},"type":"no","effectiveFrom":"2022-03-04","bsp":{"isoCountryCode":"CH","name":"SWITZERLAND","id":6772},"card":{"expiryDate":"12/34","paymentNetwork":"VI","agent":{"iataCode":"8127904","name":"VOYXXXXXXX","active":true,"id":67728127904,"bsp":{"id":6772}},"issuerName":"CARLOS","companyName":"Accelya","cardType":"Corporate","id":677200000000008,"bsp":{"id":6772},"cardNumber":"456480XXXXXX6349"},"status":"Inactive"},{"effectiveTo":"2022-12-20","level":"card","id":677200000003123,"airline":{"iataCode":"191","name":"Air XXXXX X.X.X. XXX XXX XXXXX X.X.X.","id":6772495749},"type":"no","effectiveFrom":"2022-03-04","bsp":{"isoCountryCode":"CH","name":"SWITZERLAND","id":6772},"card":{"expiryDate":"10/31","paymentNetwork":"VI","agent":{"iataCode":"8127904","name":"VOYXXXXXXX","active":true,"id":67728127904,"bsp":{"id":6772}},"issuerName":"PEPE","cardType":"Consumer","id":677200000000007,"bsp":{"id":6772},"cardNumber":"456480XXXXXX6349"},"status":"Inactive"},{"effectiveTo":"2022-12-20","level":"card","id":677200000002967,"airline":{"iataCode":"191","name":"Air XXXXX X.X.X. XXX XXX XXXXX X.X.X.","id":6772495749},"type":"no","effectiveFrom":"2022-03-04","bsp":{"isoCountryCode":"CH","name":"SWITZERLAND","id":6772},"card":{"expiryDate":"11/30","paymentNetwork":"CA","agent":{"iataCode":"8120025","name":"CWT","active":true,"id":67728120025,"bsp":{"id":6772}},"issuerName":"TRR","companyName":"provincia san anton","cardType":"Corporate","id":677200000000006,"bsp":{"id":6772},"cardNumber":"519123XXXXXX4011"},"status":"Inactive"},{"effectiveTo":"2022-12-20","level":"card","id":677200000003579,"airline":{"iataCode":"191","name":"Air XXXXX X.X.X. XXX XXX XXXXX X.X.X.","id":6772495749},"type":"no","effectiveFrom":"2022-03-04","bsp":{"isoCountryCode":"CH","name":"SWITZERLAND","id":6772},"card":{"expiryDate":"12/23","paymentNetwork":"VI","agent":{"iataCode":"8127904","name":"VOYXXXXXXX","active":true,"id":67728127904,"bsp":{"id":6772}},"issuerName":"SDFDSFJDSFDSHJFDSSFDSFDSFDSFSDSFDFDSFDSFDSDSFSDFDS","cardType":"Consumer","id":677200000000010,"bsp":{"id":6772},"cardNumber":"456480XXXXXX6349"},"status":"Inactive"},{"effectiveTo":"2022-12-20","level":"card","id":677200000003427,"airline":{"iataCode":"191","name":"Air XXXXX X.X.X. XXX XXX XXXXX X.X.X.","id":6772495749},"type":"no","effectiveFrom":"2022-03-04","bsp":{"isoCountryCode":"CH","name":"SWITZERLAND","id":6772},"card":{"expiryDate":"11/31","paymentNetwork":"VI","agent":{"iataCode":"8127904","name":"VOYXXXXXXX","active":true,"id":67728127904,"bsp":{"id":6772}},"issuerName":"CARLOS","companyName":"Accelya","cardType":"Corporate","id":677200000000009,"bsp":{"id":6772},"cardNumber":"456480XXXXXX6349"},"status":"Inactive"},{"effectiveTo":"2022-12-20","level":"card","id":677200000002808,"airline":{"iataCode":"191","name":"Air XXXXX X.X.X. XXX XXX XXXXX X.X.X.","id":6772495749},"type":"no","effectiveFrom":"2022-03-04","bsp":{"isoCountryCode":"CH","name":"SWITZERLAND","id":6772},"card":{"expiryDate":"10/30","paymentNetwork":"CA","agent":{"iataCode":"8120025","name":"CWT","active":true,"id":67728120025,"bsp":{"id":6772}},"issuerName":"FAC","companyName":"provincia san anton","cardType":"Corporate","id":677200000000005,"bsp":{"id":6772},"cardNumber":"519123XXXXXX4011"},"status":"Inactive"},{"effectiveTo":"2022-10-03","level":"card","id":677200000002664,"airline":{"iataCode":"191","name":"Air XXXXX X.X.X. XXX XXX XXXXX X.X.X.","id":6772495749},"type":"no","effectiveFrom":"2022-03-04","bsp":{"isoCountryCode":"CH","name":"SWITZERLAND","id":6772},"card":{"expiryDate":"09/22","paymentNetwork":"VI","agent":{"iataCode":"8121095","name":"LE XXXX XXX XXXXX XX","active":true,"id":67728121095,"bsp":{"id":6772}},"issuerName":"KHADRAOUI TAHAR","cardType":"Consumer","id":677200000000002,"bsp":{"id":6772},"cardNumber":"490118XXXXXX0610"},"status":"Inactive"},{"effectiveTo":"2022-12-20","level":"card","id":677200000003839,"airline":{"iataCode":"191","name":"Air XXXXX X.X.X. XXX XXX XXXXX X.X.X.","id":6772495749},"type":"no","effectiveFrom":"2022-06-07","bsp":{"isoCountryCode":"CH","name":"SWITZERLAND","id":6772},"card":{"expiryDate":"12/23","paymentNetwork":"AX","agent":{"iataCode":"8120012","name":"ATG XXXXXXXXXXX","active":true,"id":67728120012,"bsp":{"id":6772}},"issuerName":"AX","companyName":"AX","cardType":"Corporate","id":677200000000012,"bsp":{"id":6772},"cardNumber":"376010XXXXX1003"},"status":"Inactive"},{"effectiveTo":"2022-12-20","level":"card","id":677200000003958,"airline":{"iataCode":"191","name":"Air XXXXX X.X.X. XXX XXX XXXXX X.X.X.","id":6772495749},"type":"no","effectiveFrom":"2022-06-07","bsp":{"isoCountryCode":"CH","name":"SWITZERLAND","id":6772},"card":{"expiryDate":"12/23","paymentNetwork":"AX","agent":{"iataCode":"8120012","name":"ATG XXXXXXXXXXX","active":true,"id":67728120012,"bsp":{"id":6772}},"issuerName":"AX","companyName":"AX","cardType":"Corporate","id":677200000000013,"bsp":{"id":6772},"cardNumber":"376010XXXXX1003"},"status":"Inactive"},{"effectiveTo":"2022-12-22","level":"card","id":677200000005750,"airline":{"iataCode":"191","name":"Air XXXXX X.X.X. XXX XXX XXXXX X.X.X.","id":6772495749},"type":"no","effectiveFrom":"2022-12-21","bsp":{"isoCountryCode":"CH","name":"SWITZERLAND","id":6772},"card":{"expiryDate":"12/23","paymentNetwork":"AX","agent":{"iataCode":"8120012","name":"ATG XXXXXXXXXXX","active":true,"id":67728120012,"bsp":{"id":6772}},"issuerName":"AX","companyName":"AX","cardType":"Corporate","id":677200000000012,"bsp":{"id":6772},"cardNumber":"376010XXXXX1003"},"status":"Inactive"},{"effectiveTo":"2022-12-22","level":"card","id":677200000005609,"airline":{"iataCode":"191","name":"Air XXXXX X.X.X. XXX XXX XXXXX X.X.X.","id":6772495749},"type":"no","effectiveFrom":"2022-12-21","bsp":{"isoCountryCode":"CH","name":"SWITZERLAND","id":6772},"card":{"expiryDate":"12/23","paymentNetwork":"VI","agent":{"iataCode":"8127904","name":"VOYXXXXXXX","active":true,"id":67728127904,"bsp":{"id":6772}},"issuerName":"SDFDSFJDSFDSHJFDSSFDSFDSFDSFSDSFDFDSFDSFDSDSFSDFDS","cardType":"Consumer","id":677200000000010,"bsp":{"id":6772},"cardNumber":"456480XXXXXX6349"},"status":"Inactive"},{"effectiveTo":"2022-12-22","level":"card","id":677200000006226,"airline":{"iataCode":"191","name":"Air XXXXX X.X.X. XXX XXX XXXXX X.X.X.","id":6772495749},"type":"no","effectiveFrom":"2022-12-21","bsp":{"isoCountryCode":"CH","name":"SWITZERLAND","id":6772},"card":{"expiryDate":"07/23","paymentNetwork":"CA","agent":{"iataCode":"8120012","name":"ATG XXXXXXXXXXX","active":true,"id":67728120012,"bsp":{"id":6772}},"issuerName":"NEWFIVE","cardType":"Consumer","id":677200000000020,"bsp":{"id":6772},"cardNumber":"519396XXXXXX3484"},"status":"Inactive"},{"effectiveTo":"2022-12-22","level":"card","id":677200000006107,"airline":{"iataCode":"191","name":"Air XXXXX X.X.X. XXX XXX XXXXX X.X.X.","id":6772495749},"type":"no","effectiveFrom":"2022-12-21","bsp":{"isoCountryCode":"CH","name":"SWITZERLAND","id":6772},"card":{"expiryDate":"08/23","paymentNetwork":"CA","agent":{"iataCode":"8120012","name":"ATG XXXXXXXXXXX","active":true,"id":67728120012,"bsp":{"id":6772}},"issuerName":"CA","cardType":"Consumer","id":677200000000015,"bsp":{"id":6772},"cardNumber":"519396XXXXXX3484"},"status":"Inactive"},{"effectiveTo":"2022-12-22","level":"card","id":677200000005305,"airline":{"iataCode":"191","name":"Air XXXXX X.X.X. XXX XXX XXXXX X.X.X.","id":6772495749},"type":"no","effectiveFrom":"2022-12-21","bsp":{"isoCountryCode":"CH","name":"SWITZERLAND","id":6772},"card":{"expiryDate":"12/34","paymentNetwork":"VI","agent":{"iataCode":"8127904","name":"VOYXXXXXXX","active":true,"id":67728127904,"bsp":{"id":6772}},"issuerName":"CARLOS","companyName":"Accelya","cardType":"Corporate","id":677200000000008,"bsp":{"id":6772},"cardNumber":"456480XXXXXX6349"},"status":"Inactive"},{"effectiveTo":"2022-12-22","level":"card","id":677200000005457,"airline":{"iataCode":"191","name":"Air XXXXX X.X.X. XXX XXX XXXXX X.X.X.","id":6772495749},"type":"no","effectiveFrom":"2022-12-21","bsp":{"isoCountryCode":"CH","name":"SWITZERLAND","id":6772},"card":{"expiryDate":"11/31","paymentNetwork":"VI","agent":{"iataCode":"8127904","name":"VOYXXXXXXX","active":true,"id":67728127904,"bsp":{"id":6772}},"issuerName":"CARLOS","companyName":"Accelya","cardType":"Corporate","id":677200000000009,"bsp":{"id":6772},"cardNumber":"456480XXXXXX6349"},"status":"Inactive"},{"effectiveTo":"2022-12-22","level":"card","id":677200000005869,"airline":{"iataCode":"191","name":"Air XXXXX X.X.X. XXX XXX XXXXX X.X.X.","id":6772495749},"type":"no","effectiveFrom":"2022-12-21","bsp":{"isoCountryCode":"CH","name":"SWITZERLAND","id":6772},"card":{"expiryDate":"12/23","paymentNetwork":"AX","agent":{"iataCode":"8120012","name":"ATG XXXXXXXXXXX","active":true,"id":67728120012,"bsp":{"id":6772}},"issuerName":"AX","companyName":"AX","cardType":"Corporate","id":677200000000013,"bsp":{"id":6772},"cardNumber":"376010XXXXX1003"},"status":"Inactive"},{"effectiveTo":"2022-12-22","level":"card","id":677200000005988,"airline":{"iataCode":"191","name":"Air XXXXX X.X.X. XXX XXX XXXXX X.X.X.","id":6772495749},"type":"no","effectiveFrom":"2022-12-21","bsp":{"isoCountryCode":"CH","name":"SWITZERLAND","id":6772},"card":{"expiryDate":"11/24","paymentNetwork":"VI","agent":{"iataCode":"8120012","name":"ATG XXXXXXXXXXX","active":true,"id":67728120012,"bsp":{"id":6772}},"issuerName":"VI","cardType":"Consumer","id":677200000000014,"bsp":{"id":6772},"cardNumber":"456480XXXXXX6349"},"status":"Inactive"},{"effectiveTo":"2022-12-22","level":"card","id":677200000006345,"airline":{"iataCode":"191","name":"Air XXXXX X.X.X. XXX XXX XXXXX X.X.X.","id":6772495749},"type":"no","effectiveFrom":"2022-12-21","bsp":{"isoCountryCode":"CH","name":"SWITZERLAND","id":6772},"card":{"expiryDate":"06/27","paymentNetwork":"CA","agent":{"iataCode":"8120012","name":"ATG XXXXXXXXXXX","active":true,"id":67728120012,"bsp":{"id":6772}},"issuerName":"NEWSIX - CHECK NOTIFICATION","cardType":"Consumer","id":677200000000021,"bsp":{"id":6772},"cardNumber":"519396XXXXXX3484"},"status":"Inactive"}]

09-10-2024T20:54:37 - [MESSAGE][INFO] - qamig before sorting [{"effectiveTo":"2020-02-20","level":"country","id":677200000000067,"airline":{"iataCode":"191","name":"Air XXXXX X.X.X. XXX XXX XXXXX X.X.X.","id":6772495749},"type":"no","effectiveFrom":"2019-07-01","bsp":{"isoCountryCode":"CH","name":"SWIT","id":6772},"status":"Inactive"},{"effectiveTo":"2020-02-20","level":"country","id":677200000000230,"airline":{"iataCode":"191","name":"Air XXXXX X.X.X. XXX XXX XXXXX X.X.X.","id":6772495749},"type":"no","effectiveFrom":"2019-07-05","bsp":{"isoCountryCode":"CH","name":"SWIT","id":6772},"status":"Inactive"},{"effectiveTo":"2020-02-20","level":"country","id":677200000000378,"airline":{"iataCode":"191","name":"Air XXXXX X.X.X. XXX XXX XXXXX X.X.X.","id":6772495749},"type":"no","effectiveFrom":"2019-07-05","bsp":{"isoCountryCode":"CH","name":"SWIT","id":6772},"status":"Inactive"},{"effectiveTo":"2020-02-20","level":"country","id":677200000000526,"airline":{"iataCode":"191","name":"Air XXXXX X.X.X. XXX XXX XXXXX X.X.X.","id":6772495749},"type":"no","effectiveFrom":"2019-07-05","bsp":{"isoCountryCode":"CH","name":"SWIT","id":6772},"status":"Inactive"},{"effectiveTo":"2022-03-03","level":"country","id":677200000000704,"airline":{"iataCode":"191","name":"Air XXXXX X.X.X. XXX XXX XXXXX X.X.X.","id":6772495749},"type":"no","effectiveFrom":"2021-02-05","bsp":{"isoCountryCode":"CH","name":"SWIT","id":6772},"status":"Inactive"},{"effectiveTo":"2021-12-01","level":"country","id":677200000000863,"airline":{"iataCode":"191","name":"Air XXXXX X.X.X. XXX XXX XXXXX X.X.X.","id":6772495749},"type":"no","effectiveFrom":"2021-02-05","bsp":{"isoCountryCode":"CH","name":"SWIT","id":6772},"status":"Inactive"},{"effectiveTo":"2022-03-03","level":"country","id":677200000000997,"airline":{"iataCode":"191","name":"Air XXXXX X.X.X. XXX XXX XXXXX X.X.X.","id":6772495749},"type":"no","effectiveFrom":"2021-02-05","bsp":{"isoCountryCode":"CH","name":"SWIT","id":6772},"status":"Inactive"},{"effectiveTo":"2021-06-01","level":"country","id":677200000001131,"airline":{"iataCode":"191","name":"Air XXXXX X.X.X. XXX XXX XXXXX X.X.X.","id":6772495749},"type":"no","effectiveFrom":"2021-02-05","bsp":{"isoCountryCode":"CH","name":"SWIT","id":6772},"status":"Inactive"},{"effectiveTo":"2022-01-25","level":"card","id":677200000001276,"airline":{"iataCode":"191","name":"Air XXXXX X.X.X. XXX XXX XXXXX X.X.X.","id":6772495749},"type":"no","effectiveFrom":"2021-03-04","card":{"expiryDate":"10/30","paymentNetwork":"CA","effectiveTo":"2022-01-25","agent":{"iataCode":"8120025","name":"CWT","id":67728120025,"bsp":{"isoCountryCode":"CH","name":"SWIT","id":6772}},"issuerName":"FAC","cardType":"Consumer","id":677200000000004,"effectiveFrom":"2021-03-04","cardNumber":"222240XXXXXX0005","bsp":{"isoCountryCode":"CH","name":"SWIT","id":6772},"terminationReason":"test","status":"Inactive"},"bsp":{"isoCountryCode":"CH","name":"SWIT","id":6772},"status":"Inactive"},{"effectiveTo":"2022-03-03","level":"card","id":677200000001452,"airline":{"iataCode":"191","name":"Air XXXXX X.X.X. XXX XXX XXXXX X.X.X.","id":6772495749},"type":"no","effectiveFrom":"2022-01-25","card":{"expiryDate":"10/30","paymentNetwork":"CA","agent":{"iataCode":"8121080","name":"VIAXXXXXX XX","id":67728121080,"bsp":{"isoCountryCode":"CH","name":"SWIT","id":6772}},"issuerName":"FAC","companyName":"provincia san anton","cardType":"Corporate","id":677200000000005,"effectiveFrom":"2022-01-25","cardNumber":"222240XXXXXX0005","bsp":{"isoCountryCode":"CH","name":"SWIT","id":6772},"status":"Active"},"bsp":{"isoCountryCode":"CH","name":"SWIT","id":6772},"status":"Inactive"},{"effectiveTo":"2022-03-03","level":"card","id":677200000001611,"airline":{"iataCode":"191","name":"Air XXXXX X.X.X. XXX XXX XXXXX X.X.X.","id":6772495749},"type":"no","effectiveFrom":"2022-01-25","card":{"expiryDate":"11/30","paymentNetwork":"CA","agent":{"iataCode":"8120025","name":"CWT","id":67728120025,"bsp":{"isoCountryCode":"CH","name":"SWIT","id":6772}},"issuerName":"TRR","companyName":"provincia san anton","cardType":"Corporate","id":677200000000006,"effectiveFrom":"2022-01-25","cardNumber":"222240XXXXXX0005","bsp":{"isoCountryCode":"CH","name":"SWIT","id":6772},"status":"Active"},"bsp":{"isoCountryCode":"CH","name":"SWIT","id":6772},"status":"Inactive"},{"effectiveTo":"2022-03-03","level":"card","id":677200000001768,"airline":{"iataCode":"191","name":"Air XXXXX X.X.X. XXX XXX XXXXX X.X.X.","id":6772495749},"type":"no","effectiveFrom":"2022-02-02","card":{"expiryDate":"10/31","paymentNetwork":"VI","agent":{"iataCode":"8121080","name":"VIAXXXXXX XX","id":67728121080,"bsp":{"isoCountryCode":"CH","name":"SWIT","id":6772}},"issuerName":"PEPE","cardType":"Consumer","id":677200000000007,"effectiveFrom":"2022-02-02","cardNumber":"222240XXXXXX0005","bsp":{"isoCountryCode":"CH","name":"SWIT","id":6772},"status":"Active"},"bsp":{"isoCountryCode":"CH","name":"SWIT","id":6772},"status":"Inactive"},{"effectiveTo":"2022-03-03","level":"card","id":677200000001920,"airline":{"iataCode":"191","name":"Air XXXXX X.X.X. XXX XXX XXXXX X.X.X.","id":6772495749},"type":"no","effectiveFrom":"2022-02-02","card":{"expiryDate":"12/34","paymentNetwork":"VI","agent":{"iataCode":"8127904","name":"VOYXXXXXXX","id":67728127904,"bsp":{"isoCountryCode":"CH","name":"SWIT","id":6772}},"issuerName":"CARLOS","companyName":"Accelya","cardType":"Corporate","id":677200000000008,"effectiveFrom":"2022-02-02","cardNumber":"222240XXXXXX0005","bsp":{"isoCountryCode":"CH","name":"SWIT","id":6772},"status":"Active"},"bsp":{"isoCountryCode":"CH","name":"SWIT","id":6772},"status":"Inactive"},{"effectiveTo":"2022-03-03","level":"card","id":677200000002072,"airline":{"iataCode":"191","name":"Air XXXXX X.X.X. XXX XXX XXXXX X.X.X.","id":6772495749},"type":"no","effectiveFrom":"2022-02-02","card":{"expiryDate":"11/31","paymentNetwork":"VI","agent":{"iataCode":"8127904","name":"VOYXXXXXXX","id":67728127904,"bsp":{"isoCountryCode":"CH","name":"SWIT","id":6772}},"issuerName":"CARLOS","companyName":"Accelya","cardType":"Corporate","id":677200000000009,"effectiveFrom":"2022-02-02","cardNumber":"222240XXXXXX0005","bsp":{"isoCountryCode":"CH","name":"SWIT","id":6772},"status":"Active"},"bsp":{"isoCountryCode":"CH","name":"SWIT","id":6772},"status":"Inactive"},{"effectiveTo":"2022-03-03","level":"country","id":677200000002224,"airline":{"iataCode":"191","name":"Air XXXXX X.X.X. XXX XXX XXXXX X.X.X.","id":6772495749},"type":"no","effectiveFrom":"2022-02-02","bsp":{"isoCountryCode":"CH","name":"SWIT","id":6772},"status":"Inactive"},{"effectiveTo":"2022-03-03","level":"card","id":677200000002365,"airline":{"iataCode":"191","name":"Air XXXXX X.X.X. XXX XXX XXXXX X.X.X.","id":6772495749},"type":"no","effectiveFrom":"2022-02-28","card":{"expiryDate":"12/23","paymentNetwork":"AX","effectiveTo":"2022-05-05","agent":{"iataCode":"8120012","name":"ATG XXXXXXXXXXX","id":67728120012,"bsp":{"isoCountryCode":"CH","name":"SWIT","id":6772}},"issuerName":"AX","cardType":"Consumer","id":677200000000011,"effectiveFrom":"2022-02-28","cardNumber":"222240XXXXXX0005","bsp":{"isoCountryCode":"CH","name":"SWIT","id":6772},"terminationReason":"test","status":"Inactive"},"bsp":{"isoCountryCode":"CH","name":"SWIT","id":6772},"status":"Inactive"},{"effectiveTo":"2022-12-20","level":"country","id":677200000002503,"airline":{"iataCode":"191","name":"Air XXXXX X.X.X. XXX XXX XXXXX X.X.X.","id":6772495749},"type":"no","effectiveFrom":"2022-03-04","bsp":{"isoCountryCode":"CH","name":"SWIT","id":6772},"status":"Inactive"},{"effectiveTo":"2022-10-03","level":"country","id":677200000002664,"airline":{"iataCode":"191","name":"Air XXXXX X.X.X. XXX XXX XXXXX X.X.X.","id":6772495749},"type":"no","effectiveFrom":"2022-03-04","bsp":{"isoCountryCode":"CH","name":"SWIT","id":6772},"status":"Inactive"},{"effectiveTo":"2022-12-20","level":"card","id":677200000002808,"airline":{"iataCode":"191","name":"Air XXXXX X.X.X. XXX XXX XXXXX X.X.X.","id":6772495749},"type":"no","effectiveFrom":"2022-03-04","card":{"expiryDate":"10/30","paymentNetwork":"CA","agent":{"iataCode":"8121080","name":"VIAXXXXXX XX","id":67728121080,"bsp":{"isoCountryCode":"CH","name":"SWIT","id":6772}},"issuerName":"FAC","companyName":"provincia san anton","cardType":"Corporate","id":677200000000005,"effectiveFrom":"2022-01-25","cardNumber":"222240XXXXXX0005","bsp":{"isoCountryCode":"CH","name":"SWIT","id":6772},"status":"Active"},"bsp":{"isoCountryCode":"CH","name":"SWIT","id":6772},"status":"Inactive"},{"effectiveTo":"2022-12-20","level":"card","id":677200000002967,"airline":{"iataCode":"191","name":"Air XXXXX X.X.X. XXX XXX XXXXX X.X.X.","id":6772495749},"type":"no","effectiveFrom":"2022-03-04","card":{"expiryDate":"11/30","paymentNetwork":"CA","agent":{"iataCode":"8120025","name":"CWT","id":67728120025,"bsp":{"isoCountryCode":"CH","name":"SWIT","id":6772}},"issuerName":"TRR","companyName":"provincia san anton","cardType":"Corporate","id":677200000000006,"effectiveFrom":"2022-01-25","cardNumber":"222240XXXXXX0005","bsp":{"isoCountryCode":"CH","name":"SWIT","id":6772},"status":"Active"},"bsp":{"isoCountryCode":"CH","name":"SWIT","id":6772},"status":"Inactive"},{"effectiveTo":"2022-12-20","level":"card","id":677200000003123,"airline":{"iataCode":"191","name":"Air XXXXX X.X.X. XXX XXX XXXXX X.X.X.","id":6772495749},"type":"no","effectiveFrom":"2022-03-04","card":{"expiryDate":"10/31","paymentNetwork":"VI","agent":{"iataCode":"8121080","name":"VIAXXXXXX XX","id":67728121080,"bsp":{"isoCountryCode":"CH","name":"SWIT","id":6772}},"issuerName":"PEPE","cardType":"Consumer","id":677200000000007,"effectiveFrom":"2022-02-02","cardNumber":"222240XXXXXX0005","bsp":{"isoCountryCode":"CH","name":"SWIT","id":6772},"status":"Active"},"bsp":{"isoCountryCode":"CH","name":"SWIT","id":6772},"status":"Inactive"},{"effectiveTo":"2022-12-20","level":"card","id":677200000003275,"airline":{"iataCode":"191","name":"Air XXXXX X.X.X. XXX XXX XXXXX X.X.X.","id":6772495749},"type":"no","effectiveFrom":"2022-03-04","card":{"expiryDate":"12/34","paymentNetwork":"VI","agent":{"iataCode":"8127904","name":"VOYXXXXXXX","id":67728127904,"bsp":{"isoCountryCode":"CH","name":"SWIT","id":6772}},"issuerName":"CARLOS","companyName":"Accelya","cardType":"Corporate","id":677200000000008,"effectiveFrom":"2022-02-02","cardNumber":"222240XXXXXX0005","bsp":{"isoCountryCode":"CH","name":"SWIT","id":6772},"status":"Active"},"bsp":{"isoCountryCode":"CH","name":"SWIT","id":6772},"status":"Inactive"},{"effectiveTo":"2022-12-20","level":"card","id":677200000003427,"airline":{"iataCode":"191","name":"Air XXXXX X.X.X. XXX XXX XXXXX X.X.X.","id":6772495749},"type":"no","effectiveFrom":"2022-03-04","card":{"expiryDate":"11/31","paymentNetwork":"VI","agent":{"iataCode":"8127904","name":"VOYXXXXXXX","id":67728127904,"bsp":{"isoCountryCode":"CH","name":"SWIT","id":6772}},"issuerName":"CARLOS","companyName":"Accelya","cardType":"Corporate","id":677200000000009,"effectiveFrom":"2022-02-02","cardNumber":"222240XXXXXX0005","bsp":{"isoCountryCode":"CH","name":"SWIT","id":6772},"status":"Active"},"bsp":{"isoCountryCode":"CH","name":"SWIT","id":6772},"status":"Inactive"},{"effectiveTo":"2022-12-20","level":"country","id":677200000003579,"airline":{"iataCode":"191","name":"Air XXXXX X.X.X. XXX XXX XXXXX X.X.X.","id":6772495749},"type":"no","effectiveFrom":"2022-03-04","bsp":{"isoCountryCode":"CH","name":"SWIT","id":6772},"status":"Inactive"},{"effectiveTo":"2022-05-05","level":"card","id":677200000003720,"airline":{"iataCode":"191","name":"Air XXXXX X.X.X. XXX XXX XXXXX X.X.X.","id":6772495749},"type":"no","effectiveFrom":"2022-03-04","card":{"expiryDate":"12/23","paymentNetwork":"AX","effectiveTo":"2022-05-05","agent":{"iataCode":"8120012","name":"ATG XXXXXXXXXXX","id":67728120012,"bsp":{"isoCountryCode":"CH","name":"SWIT","id":6772}},"issuerName":"AX","cardType":"Consumer","id":677200000000011,"effectiveFrom":"2022-02-28","cardNumber":"222240XXXXXX0005","bsp":{"isoCountryCode":"CH","name":"SWIT","id":6772},"terminationReason":"test","status":"Inactive"},"bsp":{"isoCountryCode":"CH","name":"SWIT","id":6772},"status":"Inactive"},{"effectiveTo":"2022-12-20","level":"card","id":677200000003839,"airline":{"iataCode":"191","name":"Air XXXXX X.X.X. XXX XXX XXXXX X.X.X.","id":6772495749},"type":"no","effectiveFrom":"2022-06-07","card":{"paymentNetwork":"AX","agent":{"iataCode":"8120012","name":"ATG XXXXXXXXXXX","id":67728120012,"bsp":{"isoCountryCode":"CH","name":"SWIT","id":6772}},"issuerName":"AX","companyName":"AX","cardType":"Corporate","expiryDate":"12/23","effectiveTo":"2023-05-02","id":677200000000012,"effectiveFrom":"2022-06-07","cardNumber":"222240XXXXXX0005","bsp":{"isoCountryCode":"CH","name":"SWIT","id":6772},"terminationReason":"test","status":"Inactive"},"bsp":{"isoCountryCode":"CH","name":"SWIT","id":6772},"status":"Inactive"},{"effectiveTo":"2022-12-20","level":"card","id":677200000003958,"airline":{"iataCode":"191","name":"Air XXXXX X.X.X. XXX XXX XXXXX X.X.X.","id":6772495749},"type":"no","effectiveFrom":"2022-06-07","card":{"paymentNetwork":"AX","agent":{"iataCode":"8120012","name":"ATG XXXXXXXXXXX","id":67728120012,"bsp":{"isoCountryCode":"CH","name":"SWIT","id":6772}},"issuerName":"AX","companyName":"AX","cardType":"Corporate","expiryDate":"12/23","effectiveTo":"2023-08-08","id":677200000000013,"effectiveFrom":"2022-06-08","cardNumber":"222240XXXXXX0005","bsp":{"isoCountryCode":"CH","name":"SWIT","id":6772},"terminationReason":"Card Replaced / Changed Bank","status":"Inactive"},"bsp":{"isoCountryCode":"CH","name":"SWIT","id":6772},"status":"Inactive"},{"effectiveTo":"2022-12-20","level":"card","id":677200000004077,"airline":{"iataCode":"191","name":"Air XXXXX X.X.X. XXX XXX XXXXX X.X.X.","id":6772495749},"type":"no","effectiveFrom":"2022-06-07","card":{"expiryDate":"11/24","paymentNetwork":"VI","effectiveTo":"2023-07-24","agent":{"iataCode":"8120012","name":"ATG XXXXXXXXXXX","id":67728120012,"bsp":{"isoCountryCode":"CH","name":"SWIT","id":6772}},"issuerName":"VI","cardType":"Consumer","id":677200000000014,"effectiveFrom":"2022-06-07","cardNumber":"222240XXXXXX0005","bsp":{"isoCountryCode":"CH","name":"SWIT","id":6772},"terminationReason":"Airline(s) didn't give consent","status":"Inactive"},"bsp":{"isoCountryCode":"CH","name":"SWIT","id":6772},"status":"Inactive"},{"effectiveTo":"2022-12-20","level":"card","id":677200000004196,"airline":{"iataCode":"191","name":"Air XXXXX X.X.X. XXX XXX XXXXX X.X.X.","id":6772495749},"type":"no","effectiveFrom":"2022-06-07","card":{"expiryDate":"08/23","paymentNetwork":"CA","effectiveTo":"2023-07-24","agent":{"iataCode":"8120012","name":"ATG XXXXXXXXXXX","id":67728120012,"bsp":{"isoCountryCode":"CH","name":"SWIT","id":6772}},"issuerName":"CA","cardType":"Consumer","id":677200000000015,"effectiveFrom":"2022-06-07","cardNumber":"222240XXXXXX0005","bsp":{"isoCountryCode":"CH","name":"SWIT","id":6772},"terminationReason":"Airline(s) didn't give consent","status":"Inactive"},"bsp":{"isoCountryCode":"CH","name":"SWIT","id":6772},"status":"Inactive"},{"effectiveTo":"2022-12-20","level":"card","id":677200000004407,"airline":{"iataCode":"191","name":"Air XXXXX X.X.X. XXX XXX XXXXX X.X.X.","id":6772495749},"type":"no","effectiveFrom":"2022-10-13","card":{"expiryDate":"07/23","paymentNetwork":"CA","effectiveTo":"2023-07-21","agent":{"iataCode":"8120012","name":"ATG XXXXXXXXXXX","id":67728120012,"bsp":{"isoCountryCode":"CH","name":"SWIT","id":6772}},"issuerName":"NEWFIVE","cardType":"Consumer","id":677200000000020,"effectiveFrom":"2022-10-13","cardNumber":"222240XXXXXX0005","bsp":{"isoCountryCode":"CH","name":"SWIT","id":6772},"terminationReason":"Customer Card enrolled by error","status":"Inactive"},"bsp":{"isoCountryCode":"CH","name":"SWIT","id":6772},"status":"Inactive"},{"effectiveTo":"2022-12-20","level":"card","id":677200000004526,"airline":{"iataCode":"191","name":"Air XXXXX X.X.X. XXX XXX XXXXX X.X.X.","id":6772495749},"type":"no","effectiveFrom":"2022-10-13","card":{"expiryDate":"06/27","paymentNetwork":"CA","effectiveTo":"2023-07-21","agent":{"iataCode":"8120012","name":"ATG XXXXXXXXXXX","id":67728120012,"bsp":{"isoCountryCode":"CH","name":"SWIT","id":6772}},"issuerName":"NEWSIX - CHECK NOTIFICATION","cardType":"Consumer","id":677200000000021,"effectiveFrom":"2022-10-13","cardNumber":"222240XXXXXX0005","bsp":{"isoCountryCode":"CH","name":"SWIT","id":6772},"terminationReason":"Card Replaced / Changed Bank","status":"Inactive"},"bsp":{"isoCountryCode":"CH","name":"SWIT","id":6772},"status":"Inactive"},{"effectiveTo":"2022-12-22","level":"country","id":677200000004665,"airline":{"iataCode":"191","name":"Air XXXXX X.X.X. XXX XXX XXXXX X.X.X.","id":6772495749},"type":"no","effectiveFrom":"2022-12-21","bsp":{"isoCountryCode":"CH","name":"SWIT","id":6772},"status":"Inactive"},{"effectiveTo":"2022-12-22","level":"card","id":677200000004838,"airline":{"iataCode":"191","name":"Air XXXXX X.X.X. XXX XXX XXXXX X.X.X.","id":6772495749},"type":"no","effectiveFrom":"2022-12-21","card":{"expiryDate":"10/30","paymentNetwork":"CA","agent":{"iataCode":"8121080","name":"VIAXXXXXX XX","id":67728121080,"bsp":{"isoCountryCode":"CH","name":"SWIT","id":6772}},"issuerName":"FAC","companyName":"provincia san anton","cardType":"Corporate","id":677200000000005,"effectiveFrom":"2022-01-25","cardNumber":"222240XXXXXX0005","bsp":{"isoCountryCode":"CH","name":"SWIT","id":6772},"status":"Active"},"bsp":{"isoCountryCode":"CH","name":"SWIT","id":6772},"status":"Inactive"},{"effectiveTo":"2022-12-22","level":"card","id":677200000004997,"airline":{"iataCode":"191","name":"Air XXXXX X.X.X. XXX XXX XXXXX X.X.X.","id":6772495749},"type":"no","effectiveFrom":"2022-12-21","card":{"expiryDate":"11/30","paymentNetwork":"CA","agent":{"iataCode":"8120025","name":"CWT","id":67728120025,"bsp":{"isoCountryCode":"CH","name":"SWIT","id":6772}},"issuerName":"TRR","companyName":"provincia san anton","cardType":"Corporate","id":677200000000006,"effectiveFrom":"2022-01-25","cardNumber":"222240XXXXXX0005","bsp":{"isoCountryCode":"CH","name":"SWIT","id":6772},"status":"Active"},"bsp":{"isoCountryCode":"CH","name":"SWIT","id":6772},"status":"Inactive"},{"effectiveTo":"2022-12-22","level":"card","id":677200000005153,"airline":{"iataCode":"191","name":"Air XXXXX X.X.X. XXX XXX XXXXX X.X.X.","id":6772495749},"type":"no","effectiveFrom":"2022-12-21","card":{"expiryDate":"10/31","paymentNetwork":"VI","agent":{"iataCode":"8121080","name":"VIAXXXXXX XX","id":67728121080,"bsp":{"isoCountryCode":"CH","name":"SWIT","id":6772}},"issuerName":"PEPE","cardType":"Consumer","id":677200000000007,"effectiveFrom":"2022-02-02","cardNumber":"222240XXXXXX0005","bsp":{"isoCountryCode":"CH","name":"SWIT","id":6772},"status":"Active"},"bsp":{"isoCountryCode":"CH","name":"SWIT","id":6772},"status":"Inactive"},{"effectiveTo":"2022-12-22","level":"card","id":677200000005305,"airline":{"iataCode":"191","name":"Air XXXXX X.X.X. XXX XXX XXXXX X.X.X.","id":6772495749},"type":"no","effectiveFrom":"2022-12-21","card":{"expiryDate":"12/34","paymentNetwork":"VI","agent":{"iataCode":"8127904","name":"VOYXXXXXXX","id":67728127904,"bsp":{"isoCountryCode":"CH","name":"SWIT","id":6772}},"issuerName":"CARLOS","companyName":"Accelya","cardType":"Corporate","id":677200000000008,"effectiveFrom":"2022-02-02","cardNumber":"222240XXXXXX0005","bsp":{"isoCountryCode":"CH","name":"SWIT","id":6772},"status":"Active"},"bsp":{"isoCountryCode":"CH","name":"SWIT","id":6772},"status":"Inactive"},{"effectiveTo":"2022-12-22","level":"card","id":677200000005457,"airline":{"iataCode":"191","name":"Air XXXXX X.X.X. XXX XXX XXXXX X.X.X.","id":6772495749},"type":"no","effectiveFrom":"2022-12-21","card":{"expiryDate":"11/31","paymentNetwork":"VI","agent":{"iataCode":"8127904","name":"VOYXXXXXXX","id":67728127904,"bsp":{"isoCountryCode":"CH","name":"SWIT","id":6772}},"issuerName":"CARLOS","companyName":"Accelya","cardType":"Corporate","id":677200000000009,"effectiveFrom":"2022-02-02","cardNumber":"222240XXXXXX0005","bsp":{"isoCountryCode":"CH","name":"SWIT","id":6772},"status":"Active"},"bsp":{"isoCountryCode":"CH","name":"SWIT","id":6772},"status":"Inactive"},{"effectiveTo":"2022-12-22","level":"country","id":677200000005609,"airline":{"iataCode":"191","name":"Air XXXXX X.X.X. XXX XXX XXXXX X.X.X.","id":6772495749},"type":"no","effectiveFrom":"2022-12-21","bsp":{"isoCountryCode":"CH","name":"SWIT","id":6772},"status":"Inactive"},{"effectiveTo":"2022-12-22","level":"card","id":677200000005750,"airline":{"iataCode":"191","name":"Air XXXXX X.X.X. XXX XXX XXXXX X.X.X.","id":6772495749},"type":"no","effectiveFrom":"2022-12-21","card":{"paymentNetwork":"AX","agent":{"iataCode":"8120012","name":"ATG XXXXXXXXXXX","id":67728120012,"bsp":{"isoCountryCode":"CH","name":"SWIT","id":6772}},"issuerName":"AX","companyName":"AX","cardType":"Corporate","expiryDate":"12/23","effectiveTo":"2023-05-02","id":677200000000012,"effectiveFrom":"2022-06-07","cardNumber":"222240XXXXXX0005","bsp":{"isoCountryCode":"CH","name":"SWIT","id":6772},"terminationReason":"test","status":"Inactive"},"bsp":{"isoCountryCode":"CH","name":"SWIT","id":6772},"status":"Inactive"},{"effectiveTo":"2022-12-22","level":"card","id":677200000005869,"airline":{"iataCode":"191","name":"Air XXXXX X.X.X. XXX XXX XXXXX X.X.X.","id":6772495749},"type":"no","effectiveFrom":"2022-12-21","card":{"paymentNetwork":"AX","agent":{"iataCode":"8120012","name":"ATG XXXXXXXXXXX","id":67728120012,"bsp":{"isoCountryCode":"CH","name":"SWIT","id":6772}},"issuerName":"AX","companyName":"AX","cardType":"Corporate","expiryDate":"12/23","effectiveTo":"2023-08-08","id":677200000000013,"effectiveFrom":"2022-06-08","cardNumber":"222240XXXXXX0005","bsp":{"isoCountryCode":"CH","name":"SWIT","id":6772},"terminationReason":"Card Replaced / Changed Bank","status":"Inactive"},"bsp":{"isoCountryCode":"CH","name":"SWIT","id":6772},"status":"Inactive"},{"effectiveTo":"2022-12-22","level":"card","id":677200000005988,"airline":{"iataCode":"191","name":"Air XXXXX X.X.X. XXX XXX XXXXX X.X.X.","id":6772495749},"type":"no","effectiveFrom":"2022-12-21","card":{"expiryDate":"11/24","paymentNetwork":"VI","effectiveTo":"2023-07-24","agent":{"iataCode":"8120012","name":"ATG XXXXXXXXXXX","id":67728120012,"bsp":{"isoCountryCode":"CH","name":"SWIT","id":6772}},"issuerName":"VI","cardType":"Consumer","id":677200000000014,"effectiveFrom":"2022-06-07","cardNumber":"222240XXXXXX0005","bsp":{"isoCountryCode":"CH","name":"SWIT","id":6772},"terminationReason":"Airline(s) didn't give consent","status":"Inactive"},"bsp":{"isoCountryCode":"CH","name":"SWIT","id":6772},"status":"Inactive"},{"effectiveTo":"2022-12-22","level":"card","id":677200000006107,"airline":{"iataCode":"191","name":"Air XXXXX X.X.X. XXX XXX XXXXX X.X.X.","id":6772495749},"type":"no","effectiveFrom":"2022-12-21","card":{"expiryDate":"08/23","paymentNetwork":"CA","effectiveTo":"2023-07-24","agent":{"iataCode":"8120012","name":"ATG XXXXXXXXXXX","id":67728120012,"bsp":{"isoCountryCode":"CH","name":"SWIT","id":6772}},"issuerName":"CA","cardType":"Consumer","id":677200000000015,"effectiveFrom":"2022-06-07","cardNumber":"222240XXXXXX0005","bsp":{"isoCountryCode":"CH","name":"SWIT","id":6772},"terminationReason":"Airline(s) didn't give consent","status":"Inactive"},"bsp":{"isoCountryCode":"CH","name":"SWIT","id":6772},"status":"Inactive"},{"effectiveTo":"2022-12-22","level":"card","id":677200000006226,"airline":{"iataCode":"191","name":"Air XXXXX X.X.X. XXX XXX XXXXX X.X.X.","id":6772495749},"type":"no","effectiveFrom":"2022-12-21","card":{"expiryDate":"07/23","paymentNetwork":"CA","effectiveTo":"2023-07-21","agent":{"iataCode":"8120012","name":"ATG XXXXXXXXXXX","id":67728120012,"bsp":{"isoCountryCode":"CH","name":"SWIT","id":6772}},"issuerName":"NEWFIVE","cardType":"Consumer","id":677200000000020,"effectiveFrom":"2022-10-13","cardNumber":"222240XXXXXX0005","bsp":{"isoCountryCode":"CH","name":"SWIT","id":6772},"terminationReason":"Customer Card enrolled by error","status":"Inactive"},"bsp":{"isoCountryCode":"CH","name":"SWIT","id":6772},"status":"Inactive"},{"effectiveTo":"2022-12-22","level":"card","id":677200000006345,"airline":{"iataCode":"191","name":"Air XXXXX X.X.X. XXX XXX XXXXX X.X.X.","id":6772495749},"type":"no","effectiveFrom":"2022-12-21","card":{"expiryDate":"06/27","paymentNetwork":"CA","effectiveTo":"2023-07-21","agent":{"iataCode":"8120012","name":"ATG XXXXXXXXXXX","id":67728120012,"bsp":{"isoCountryCode":"CH","name":"SWIT","id":6772}},"issuerName":"NEWSIX - CHECK NOTIFICATION","cardType":"Consumer","id":677200000000021,"effectiveFrom":"2022-10-13","cardNumber":"222240XXXXXX0005","bsp":{"isoCountryCode":"CH","name":"SWIT","id":6772},"terminationReason":"Card Replaced / Changed Bank","status":"Inactive"},"bsp":{"isoCountryCode":"CH","name":"SWIT","id":6772},"status":"Inactive"},{"level":"country","id":677200000006483,"airline":{"iataCode":"191","name":"Air XXXXX X.X.X. XXX XXX XXXXX X.X.X.","id":6772495749},"type":"no","effectiveFrom":"2023-03-15","bsp":{"isoCountryCode":"CH","name":"SWIT","id":6772},"status":"Active"}]

09-10-2024T20:54:37 - [MESSAGE][INFO] - sort with id

09-10-2024T20:54:37 - [MESSAGE][PASSED] - compare.CompareJsonResponse.sortJSONArrayAsc is PASSED

09-10-2024T20:54:37 - [MESSAGE][PASSED] - compare.CompareJsonResponse.sortJSONArrayAsc is PASSED

09-10-2024T20:54:37 - [MESSAGE][WARNING] - Failed Field -> [0].bsp.name

09-10-2024T20:54:37 - [MESSAGE][INFO] - Actual Field -> SWIT

09-10-2024T20:54:37 - [MESSAGE][INFO] - Expected Field -> SWITZERLAND

09-10-2024T20:54:37 - [MESSAGE][WARNING] - Failed Field -> [1].bsp.name

09-10-2024T20:54:37 - [MESSAGE][INFO] - Actual Field -> SWIT

09-10-2024T20:54:37 - [MESSAGE][INFO] - Expected Field -> SWITZERLAND

09-10-2024T20:54:37 - [MESSAGE][WARNING] - Failed Field -> [1].level

09-10-2024T20:54:37 - [MESSAGE][INFO] - Actual Field -> country

09-10-2024T20:54:37 - [MESSAGE][INFO] - Expected Field -> card

09-10-2024T20:54:37 - [MESSAGE][WARNING] - Failed Field -> [2].bsp.name

09-10-2024T20:54:37 - [MESSAGE][INFO] - Actual Field -> SWIT

09-10-2024T20:54:37 - [MESSAGE][INFO] - Expected Field -> SWITZERLAND

09-10-2024T20:54:37 - [MESSAGE][WARNING] - Failed Field -> [2].level

09-10-2024T20:54:37 - [MESSAGE][INFO] - Actual Field -> country

09-10-2024T20:54:37 - [MESSAGE][INFO] - Expected Field -> card

09-10-2024T20:54:37 - [MESSAGE][WARNING] - Failed Field -> [3].bsp.name

09-10-2024T20:54:37 - [MESSAGE][INFO] - Actual Field -> SWIT

09-10-2024T20:54:37 - [MESSAGE][INFO] - Expected Field -> SWITZERLAND

09-10-2024T20:54:37 - [MESSAGE][WARNING] - Failed Field -> [3].level

09-10-2024T20:54:37 - [MESSAGE][INFO] - Actual Field -> country

09-10-2024T20:54:37 - [MESSAGE][INFO] - Expected Field -> card

09-10-2024T20:54:37 - [MESSAGE][WARNING] - Failed Field -> [4].bsp.name

09-10-2024T20:54:37 - [MESSAGE][INFO] - Actual Field -> SWIT

09-10-2024T20:54:37 - [MESSAGE][INFO] - Expected Field -> SWITZERLAND

09-10-2024T20:54:37 - [MESSAGE][WARNING] - Failed Field -> [5].bsp.name

09-10-2024T20:54:37 - [MESSAGE][INFO] - Actual Field -> SWIT

09-10-2024T20:54:37 - [MESSAGE][INFO] - Expected Field -> SWITZERLAND

09-10-2024T20:54:37 - [MESSAGE][WARNING] - Failed Field -> [5].level

09-10-2024T20:54:37 - [MESSAGE][INFO] - Actual Field -> country

09-10-2024T20:54:37 - [MESSAGE][INFO] - Expected Field -> card

09-10-2024T20:54:37 - [MESSAGE][WARNING] - Failed Field -> [6].bsp.name

09-10-2024T20:54:37 - [MESSAGE][INFO] - Actual Field -> SWIT

09-10-2024T20:54:37 - [MESSAGE][INFO] - Expected Field -> SWITZERLAND

09-10-2024T20:54:37 - [MESSAGE][WARNING] - Failed Field -> [6].level

09-10-2024T20:54:37 - [MESSAGE][INFO] - Actual Field -> country

09-10-2024T20:54:37 - [MESSAGE][INFO] - Expected Field -> card

09-10-2024T20:54:37 - [MESSAGE][WARNING] - Failed Field -> [7].bsp.name

09-10-2024T20:54:37 - [MESSAGE][INFO] - Actual Field -> SWIT

09-10-2024T20:54:37 - [MESSAGE][INFO] - Expected Field -> SWITZERLAND

09-10-2024T20:54:37 - [MESSAGE][WARNING] - Failed Field -> [7].level

09-10-2024T20:54:37 - [MESSAGE][INFO] - Actual Field -> country

09-10-2024T20:54:37 - [MESSAGE][INFO] - Expected Field -> card

09-10-2024T20:54:37 - [MESSAGE][WARNING] - Failed Field -> [8].bsp.name

09-10-2024T20:54:37 - [MESSAGE][INFO] - Actual Field -> SWIT

09-10-2024T20:54:37 - [MESSAGE][INFO] - Expected Field -> SWITZERLAND

09-10-2024T20:54:37 - [MESSAGE][WARNING] - Failed Field -> [8].card.cardNumber

09-10-2024T20:54:37 - [MESSAGE][INFO] - Actual Field -> 222240XXXXXX0005

09-10-2024T20:54:37 - [MESSAGE][INFO] - Expected Field -> 519396XXXXXX3485

09-10-2024T20:54:37 - [MESSAGE][WARNING] - Failed Field -> [9].bsp.name

09-10-2024T20:54:37 - [MESSAGE][INFO] - Actual Field -> SWIT

09-10-2024T20:54:37 - [MESSAGE][INFO] - Expected Field -> SWITZERLAND

09-10-2024T20:54:37 - [MESSAGE][WARNING] - Failed Field -> [9].card.agent.iataCode

09-10-2024T20:54:37 - [MESSAGE][INFO] - Actual Field -> 8121080

09-10-2024T20:54:37 - [MESSAGE][INFO] - Expected Field -> 8120025

09-10-2024T20:54:37 - [MESSAGE][WARNING] - Failed Field -> [9].card.agent.id

09-10-2024T20:54:37 - [MESSAGE][INFO] - Actual Field -> 67728121080

09-10-2024T20:54:37 - [MESSAGE][INFO] - Expected Field -> 67728120025

09-10-2024T20:54:37 - [MESSAGE][WARNING] - Failed Field -> [9].card.agent.name

09-10-2024T20:54:37 - [MESSAGE][INFO] - Actual Field -> VIAXXXXXX XX

09-10-2024T20:54:37 - [MESSAGE][INFO] - Expected Field -> CWT

09-10-2024T20:54:37 - [MESSAGE][WARNING] - Failed Field -> [9].card.cardNumber

09-10-2024T20:54:37 - [MESSAGE][INFO] - Actual Field -> 222240XXXXXX0005

09-10-2024T20:54:37 - [MESSAGE][INFO] - Expected Field -> 519123XXXXXX4011

09-10-2024T20:54:37 - [MESSAGE][WARNING] - Failed Field -> [10].bsp.name

09-10-2024T20:54:37 - [MESSAGE][INFO] - Actual Field -> SWIT

09-10-2024T20:54:37 - [MESSAGE][INFO] - Expected Field -> SWITZERLAND

09-10-2024T20:54:37 - [MESSAGE][WARNING] - Failed Field -> [10].card.cardNumber

09-10-2024T20:54:37 - [MESSAGE][INFO] - Actual Field -> 222240XXXXXX0005

09-10-2024T20:54:37 - [MESSAGE][INFO] - Expected Field -> 519123XXXXXX4011

09-10-2024T20:54:37 - [MESSAGE][WARNING] - Failed Field -> [11].bsp.name

09-10-2024T20:54:37 - [MESSAGE][INFO] - Actual Field -> SWIT

09-10-2024T20:54:37 - [MESSAGE][INFO] - Expected Field -> SWITZERLAND

09-10-2024T20:54:37 - [MESSAGE][WARNING] - Failed Field -> [11].card.agent.iataCode

09-10-2024T20:54:37 - [MESSAGE][INFO] - Actual Field -> 8121080

09-10-2024T20:54:37 - [MESSAGE][INFO] - Expected Field -> 8127904

09-10-2024T20:54:37 - [MESSAGE][WARNING] - Failed Field -> [11].card.agent.id

09-10-2024T20:54:37 - [MESSAGE][INFO] - Actual Field -> 67728121080

09-10-2024T20:54:37 - [MESSAGE][INFO] - Expected Field -> 67728127904

09-10-2024T20:54:37 - [MESSAGE][WARNING] - Failed Field -> [11].card.agent.name

09-10-2024T20:54:37 - [MESSAGE][INFO] - Actual Field -> VIAXXXXXX XX

09-10-2024T20:54:37 - [MESSAGE][INFO] - Expected Field -> VOYXXXXXXX

09-10-2024T20:54:37 - [MESSAGE][WARNING] - Failed Field -> [11].card.cardNumber

09-10-2024T20:54:37 - [MESSAGE][INFO] - Actual Field -> 222240XXXXXX0005

09-10-2024T20:54:37 - [MESSAGE][INFO] - Expected Field -> 456480XXXXXX6349

09-10-2024T20:54:37 - [MESSAGE][WARNING] - Failed Field -> [12].bsp.name

09-10-2024T20:54:37 - [MESSAGE][INFO] - Actual Field -> SWIT

09-10-2024T20:54:37 - [MESSAGE][INFO] - Expected Field -> SWITZERLAND

09-10-2024T20:54:37 - [MESSAGE][WARNING] - Failed Field -> [12].card.cardNumber

09-10-2024T20:54:37 - [MESSAGE][INFO] - Actual Field -> 222240XXXXXX0005

09-10-2024T20:54:37 - [MESSAGE][INFO] - Expected Field -> 456480XXXXXX6349

09-10-2024T20:54:37 - [MESSAGE][WARNING] - Failed Field -> [13].bsp.name

09-10-2024T20:54:37 - [MESSAGE][INFO] - Actual Field -> SWIT

09-10-2024T20:54:37 - [MESSAGE][INFO] - Expected Field -> SWITZERLAND

09-10-2024T20:54:37 - [MESSAGE][WARNING] - Failed Field -> [13].card.cardNumber

09-10-2024T20:54:37 - [MESSAGE][INFO] - Actual Field -> 222240XXXXXX0005

09-10-2024T20:54:37 - [MESSAGE][INFO] - Expected Field -> 456480XXXXXX6349

09-10-2024T20:54:37 - [MESSAGE][WARNING] - Failed Field -> [14].bsp.name

09-10-2024T20:54:37 - [MESSAGE][INFO] - Actual Field -> SWIT

09-10-2024T20:54:37 - [MESSAGE][INFO] - Expected Field -> SWITZERLAND

09-10-2024T20:54:37 - [MESSAGE][WARNING] - Failed Field -> [14].level

09-10-2024T20:54:37 - [MESSAGE][INFO] - Actual Field -> country

09-10-2024T20:54:37 - [MESSAGE][INFO] - Expected Field -> card

09-10-2024T20:54:37 - [MESSAGE][WARNING] - Failed Field -> [15].bsp.name

09-10-2024T20:54:37 - [MESSAGE][INFO] - Actual Field -> SWIT

09-10-2024T20:54:37 - [MESSAGE][INFO] - Expected Field -> SWITZERLAND

09-10-2024T20:54:37 - [MESSAGE][WARNING] - Failed Field -> [15].card.cardNumber

09-10-2024T20:54:37 - [MESSAGE][INFO] - Actual Field -> 222240XXXXXX0005

09-10-2024T20:54:37 - [MESSAGE][INFO] - Expected Field -> 376010XXXXX1003

09-10-2024T20:54:37 - [MESSAGE][WARNING] - Failed Field -> [16].bsp.name

09-10-2024T20:54:37 - [MESSAGE][INFO] - Actual Field -> SWIT

09-10-2024T20:54:37 - [MESSAGE][INFO] - Expected Field -> SWITZERLAND

09-10-2024T20:54:37 - [MESSAGE][WARNING] - Failed Field -> [17].bsp.name

09-10-2024T20:54:37 - [MESSAGE][INFO] - Actual Field -> SWIT

09-10-2024T20:54:37 - [MESSAGE][INFO] - Expected Field -> SWITZERLAND

09-10-2024T20:54:37 - [MESSAGE][WARNING] - Failed Field -> [17].level

09-10-2024T20:54:37 - [MESSAGE][INFO] - Actual Field -> country

09-10-2024T20:54:37 - [MESSAGE][INFO] - Expected Field -> card

09-10-2024T20:54:37 - [MESSAGE][WARNING] - Failed Field -> [18].bsp.name

09-10-2024T20:54:37 - [MESSAGE][INFO] - Actual Field -> SWIT

09-10-2024T20:54:37 - [MESSAGE][INFO] - Expected Field -> SWITZERLAND

09-10-2024T20:54:37 - [MESSAGE][WARNING] - Failed Field -> [18].card.agent.iataCode

09-10-2024T20:54:37 - [MESSAGE][INFO] - Actual Field -> 8121080

09-10-2024T20:54:37 - [MESSAGE][INFO] - Expected Field -> 8120025

09-10-2024T20:54:37 - [MESSAGE][WARNING] - Failed Field -> [18].card.agent.id

09-10-2024T20:54:37 - [MESSAGE][INFO] - Actual Field -> 67728121080

09-10-2024T20:54:37 - [MESSAGE][INFO] - Expected Field -> 67728120025

09-10-2024T20:54:37 - [MESSAGE][WARNING] - Failed Field -> [18].card.agent.name

09-10-2024T20:54:37 - [MESSAGE][INFO] - Actual Field -> VIAXXXXXX XX

09-10-2024T20:54:37 - [MESSAGE][INFO] - Expected Field -> CWT

09-10-2024T20:54:37 - [MESSAGE][WARNING] - Failed Field -> [18].card.cardNumber

09-10-2024T20:54:37 - [MESSAGE][INFO] - Actual Field -> 222240XXXXXX0005

09-10-2024T20:54:37 - [MESSAGE][INFO] - Expected Field -> 519123XXXXXX4011

09-10-2024T20:54:37 - [MESSAGE][WARNING] - Failed Field -> [19].bsp.name

09-10-2024T20:54:37 - [MESSAGE][INFO] - Actual Field -> SWIT

09-10-2024T20:54:37 - [MESSAGE][INFO] - Expected Field -> SWITZERLAND

09-10-2024T20:54:37 - [MESSAGE][WARNING] - Failed Field -> [19].card.cardNumber

09-10-2024T20:54:37 - [MESSAGE][INFO] - Actual Field -> 222240XXXXXX0005

09-10-2024T20:54:37 - [MESSAGE][INFO] - Expected Field -> 519123XXXXXX4011

09-10-2024T20:54:37 - [MESSAGE][WARNING] - Failed Field -> [20].bsp.name

09-10-2024T20:54:37 - [MESSAGE][INFO] - Actual Field -> SWIT

09-10-2024T20:54:37 - [MESSAGE][INFO] - Expected Field -> SWITZERLAND

09-10-2024T20:54:37 - [MESSAGE][WARNING] - Failed Field -> [20].card.agent.iataCode

09-10-2024T20:54:37 - [MESSAGE][INFO] - Actual Field -> 8121080

09-10-2024T20:54:37 - [MESSAGE][INFO] - Expected Field -> 8127904

09-10-2024T20:54:37 - [MESSAGE][WARNING] - Failed Field -> [20].card.agent.id

09-10-2024T20:54:37 - [MESSAGE][INFO] - Actual Field -> 67728121080

09-10-2024T20:54:37 - [MESSAGE][INFO] - Expected Field -> 67728127904

09-10-2024T20:54:37 - [MESSAGE][WARNING] - Failed Field -> [20].card.agent.name

09-10-2024T20:54:37 - [MESSAGE][INFO] - Actual Field -> VIAXXXXXX XX

09-10-2024T20:54:37 - [MESSAGE][INFO] - Expected Field -> VOYXXXXXXX

09-10-2024T20:54:37 - [MESSAGE][WARNING] - Failed Field -> [20].card.cardNumber

09-10-2024T20:54:37 - [MESSAGE][INFO] - Actual Field -> 222240XXXXXX0005

09-10-2024T20:54:37 - [MESSAGE][INFO] - Expected Field -> 456480XXXXXX6349

09-10-2024T20:54:37 - [MESSAGE][WARNING] - Failed Field -> [21].bsp.name

09-10-2024T20:54:37 - [MESSAGE][INFO] - Actual Field -> SWIT

09-10-2024T20:54:37 - [MESSAGE][INFO] - Expected Field -> SWITZERLAND

09-10-2024T20:54:37 - [MESSAGE][WARNING] - Failed Field -> [21].card.cardNumber

09-10-2024T20:54:37 - [MESSAGE][INFO] - Actual Field -> 222240XXXXXX0005

09-10-2024T20:54:37 - [MESSAGE][INFO] - Expected Field -> 456480XXXXXX6349

09-10-2024T20:54:37 - [MESSAGE][WARNING] - Failed Field -> [22].bsp.name

09-10-2024T20:54:37 - [MESSAGE][INFO] - Actual Field -> SWIT

09-10-2024T20:54:37 - [MESSAGE][INFO] - Expected Field -> SWITZERLAND

09-10-2024T20:54:37 - [MESSAGE][WARNING] - Failed Field -> [22].card.cardNumber

09-10-2024T20:54:37 - [MESSAGE][INFO] - Actual Field -> 222240XXXXXX0005

09-10-2024T20:54:37 - [MESSAGE][INFO] - Expected Field -> 456480XXXXXX6349

09-10-2024T20:54:37 - [MESSAGE][WARNING] - Failed Field -> [23].bsp.name

09-10-2024T20:54:37 - [MESSAGE][INFO] - Actual Field -> SWIT

09-10-2024T20:54:37 - [MESSAGE][INFO] - Expected Field -> SWITZERLAND

09-10-2024T20:54:37 - [MESSAGE][WARNING] - Failed Field -> [23].level

09-10-2024T20:54:37 - [MESSAGE][INFO] - Actual Field -> country

09-10-2024T20:54:37 - [MESSAGE][INFO] - Expected Field -> card

09-10-2024T20:54:37 - [MESSAGE][WARNING] - Failed Field -> [24].bsp.name

09-10-2024T20:54:37 - [MESSAGE][INFO] - Actual Field -> SWIT

09-10-2024T20:54:37 - [MESSAGE][INFO] - Expected Field -> SWITZERLAND

09-10-2024T20:54:37 - [MESSAGE][WARNING] - Failed Field -> [24].card.cardNumber

09-10-2024T20:54:37 - [MESSAGE][INFO] - Actual Field -> 222240XXXXXX0005

09-10-2024T20:54:37 - [MESSAGE][INFO] - Expected Field -> 376010XXXXX1003

09-10-2024T20:54:37 - [MESSAGE][WARNING] - Failed Field -> [25].bsp.name

09-10-2024T20:54:37 - [MESSAGE][INFO] - Actual Field -> SWIT

09-10-2024T20:54:37 - [MESSAGE][INFO] - Expected Field -> SWITZERLAND

09-10-2024T20:54:37 - [MESSAGE][WARNING] - Failed Field -> [25].card.cardNumber

09-10-2024T20:54:37 - [MESSAGE][INFO] - Actual Field -> 222240XXXXXX0005

09-10-2024T20:54:37 - [MESSAGE][INFO] - Expected Field -> 376010XXXXX1003

09-10-2024T20:54:37 - [MESSAGE][WARNING] - Failed Field -> [26].bsp.name

09-10-2024T20:54:37 - [MESSAGE][INFO] - Actual Field -> SWIT

09-10-2024T20:54:37 - [MESSAGE][INFO] - Expected Field -> SWITZERLAND

09-10-2024T20:54:37 - [MESSAGE][WARNING] - Failed Field -> [26].card.cardNumber

09-10-2024T20:54:37 - [MESSAGE][INFO] - Actual Field -> 222240XXXXXX0005

09-10-2024T20:54:37 - [MESSAGE][INFO] - Expected Field -> 376010XXXXX1003

09-10-2024T20:54:37 - [MESSAGE][WARNING] - Failed Field -> [27].bsp.name

09-10-2024T20:54:37 - [MESSAGE][INFO] - Actual Field -> SWIT

09-10-2024T20:54:37 - [MESSAGE][INFO] - Expected Field -> SWITZERLAND

09-10-2024T20:54:37 - [MESSAGE][WARNING] - Failed Field -> [27].card.cardNumber

09-10-2024T20:54:37 - [MESSAGE][INFO] - Actual Field -> 222240XXXXXX0005

09-10-2024T20:54:37 - [MESSAGE][INFO] - Expected Field -> 456480XXXXXX6349

09-10-2024T20:54:37 - [MESSAGE][WARNING] - Failed Field -> [28].bsp.name

09-10-2024T20:54:37 - [MESSAGE][INFO] - Actual Field -> SWIT

09-10-2024T20:54:37 - [MESSAGE][INFO] - Expected Field -> SWITZERLAND

09-10-2024T20:54:37 - [MESSAGE][WARNING] - Failed Field -> [28].card.cardNumber

09-10-2024T20:54:37 - [MESSAGE][INFO] - Actual Field -> 222240XXXXXX0005

09-10-2024T20:54:37 - [MESSAGE][INFO] - Expected Field -> 519396XXXXXX3484

09-10-2024T20:54:37 - [MESSAGE][WARNING] - Failed Field -> [29].bsp.name

09-10-2024T20:54:37 - [MESSAGE][INFO] - Actual Field -> SWIT

09-10-2024T20:54:37 - [MESSAGE][INFO] - Expected Field -> SWITZERLAND

09-10-2024T20:54:37 - [MESSAGE][WARNING] - Failed Field -> [29].card.cardNumber

09-10-2024T20:54:37 - [MESSAGE][INFO] - Actual Field -> 222240XXXXXX0005

09-10-2024T20:54:37 - [MESSAGE][INFO] - Expected Field -> 519396XXXXXX3484

09-10-2024T20:54:37 - [MESSAGE][WARNING] - Failed Field -> [30].bsp.name

09-10-2024T20:54:37 - [MESSAGE][INFO] - Actual Field -> SWIT

09-10-2024T20:54:37 - [MESSAGE][INFO] - Expected Field -> SWITZERLAND

09-10-2024T20:54:37 - [MESSAGE][WARNING] - Failed Field -> [30].card.cardNumber

09-10-2024T20:54:37 - [MESSAGE][INFO] - Actual Field -> 222240XXXXXX0005

09-10-2024T20:54:37 - [MESSAGE][INFO] - Expected Field -> 519396XXXXXX3484

09-10-2024T20:54:37 - [MESSAGE][WARNING] - Failed Field -> [31].bsp.name

09-10-2024T20:54:37 - [MESSAGE][INFO] - Actual Field -> SWIT

09-10-2024T20:54:37 - [MESSAGE][INFO] - Expected Field -> SWITZERLAND

09-10-2024T20:54:37 - [MESSAGE][WARNING] - Failed Field -> [32].bsp.name

09-10-2024T20:54:37 - [MESSAGE][INFO] - Actual Field -> SWIT

09-10-2024T20:54:37 - [MESSAGE][INFO] - Expected Field -> SWITZERLAND

09-10-2024T20:54:37 - [MESSAGE][WARNING] - Failed Field -> [32].card.agent.iataCode

09-10-2024T20:54:37 - [MESSAGE][INFO] - Actual Field -> 8121080

09-10-2024T20:54:37 - [MESSAGE][INFO] - Expected Field -> 8120025

09-10-2024T20:54:37 - [MESSAGE][WARNING] - Failed Field -> [32].card.agent.id

09-10-2024T20:54:37 - [MESSAGE][INFO] - Actual Field -> 67728121080

09-10-2024T20:54:37 - [MESSAGE][INFO] - Expected Field -> 67728120025

09-10-2024T20:54:37 - [MESSAGE][WARNING] - Failed Field -> [32].card.agent.name

09-10-2024T20:54:37 - [MESSAGE][INFO] - Actual Field -> VIAXXXXXX XX

09-10-2024T20:54:37 - [MESSAGE][INFO] - Expected Field -> CWT

09-10-2024T20:54:37 - [MESSAGE][WARNING] - Failed Field -> [32].card.cardNumber

09-10-2024T20:54:37 - [MESSAGE][INFO] - Actual Field -> 222240XXXXXX0005

09-10-2024T20:54:37 - [MESSAGE][INFO] - Expected Field -> 519123XXXXXX4011

09-10-2024T20:54:37 - [MESSAGE][WARNING] - Failed Field -> [33].bsp.name

09-10-2024T20:54:37 - [MESSAGE][INFO] - Actual Field -> SWIT

09-10-2024T20:54:37 - [MESSAGE][INFO] - Expected Field -> SWITZERLAND

09-10-2024T20:54:37 - [MESSAGE][WARNING] - Failed Field -> [33].card.cardNumber

09-10-2024T20:54:37 - [MESSAGE][INFO] - Actual Field -> 222240XXXXXX0005

09-10-2024T20:54:37 - [MESSAGE][INFO] - Expected Field -> 519123XXXXXX4011

09-10-2024T20:54:37 - [MESSAGE][WARNING] - Failed Field -> [34].bsp.name

09-10-2024T20:54:37 - [MESSAGE][INFO] - Actual Field -> SWIT

09-10-2024T20:54:37 - [MESSAGE][INFO] - Expected Field -> SWITZERLAND

09-10-2024T20:54:37 - [MESSAGE][WARNING] - Failed Field -> [34].card.agent.iataCode

09-10-2024T20:54:37 - [MESSAGE][INFO] - Actual Field -> 8121080

09-10-2024T20:54:37 - [MESSAGE][INFO] - Expected Field -> 8127904

09-10-2024T20:54:37 - [MESSAGE][WARNING] - Failed Field -> [34].card.agent.id

09-10-2024T20:54:37 - [MESSAGE][INFO] - Actual Field -> 67728121080

09-10-2024T20:54:37 - [MESSAGE][INFO] - Expected Field -> 67728127904

09-10-2024T20:54:37 - [MESSAGE][WARNING] - Failed Field -> [34].card.agent.name

09-10-2024T20:54:37 - [MESSAGE][INFO] - Actual Field -> VIAXXXXXX XX

09-10-2024T20:54:37 - [MESSAGE][INFO] - Expected Field -> VOYXXXXXXX

09-10-2024T20:54:37 - [MESSAGE][WARNING] - Failed Field -> [34].card.cardNumber

09-10-2024T20:54:37 - [MESSAGE][INFO] - Actual Field -> 222240XXXXXX0005

09-10-2024T20:54:37 - [MESSAGE][INFO] - Expected Field -> 456480XXXXXX6349

09-10-2024T20:54:37 - [MESSAGE][WARNING] - Failed Field -> [35].bsp.name

09-10-2024T20:54:37 - [MESSAGE][INFO] - Actual Field -> SWIT

09-10-2024T20:54:37 - [MESSAGE][INFO] - Expected Field -> SWITZERLAND

09-10-2024T20:54:37 - [MESSAGE][WARNING] - Failed Field -> [35].card.cardNumber

09-10-2024T20:54:37 - [MESSAGE][INFO] - Actual Field -> 222240XXXXXX0005

09-10-2024T20:54:37 - [MESSAGE][INFO] - Expected Field -> 456480XXXXXX6349

09-10-2024T20:54:37 - [MESSAGE][WARNING] - Failed Field -> [36].bsp.name

09-10-2024T20:54:37 - [MESSAGE][INFO] - Actual Field -> SWIT

09-10-2024T20:54:37 - [MESSAGE][INFO] - Expected Field -> SWITZERLAND

09-10-2024T20:54:37 - [MESSAGE][WARNING] - Failed Field -> [36].card.cardNumber

09-10-2024T20:54:37 - [MESSAGE][INFO] - Actual Field -> 222240XXXXXX0005

09-10-2024T20:54:37 - [MESSAGE][INFO] - Expected Field -> 456480XXXXXX6349

09-10-2024T20:54:37 - [MESSAGE][WARNING] - Failed Field -> [37].bsp.name

09-10-2024T20:54:37 - [MESSAGE][INFO] - Actual Field -> SWIT

09-10-2024T20:54:37 - [MESSAGE][INFO] - Expected Field -> SWITZERLAND

09-10-2024T20:54:37 - [MESSAGE][WARNING] - Failed Field -> [37].level

09-10-2024T20:54:37 - [MESSAGE][INFO] - Actual Field -> country

09-10-2024T20:54:37 - [MESSAGE][INFO] - Expected Field -> card

09-10-2024T20:54:37 - [MESSAGE][WARNING] - Failed Field -> [38].bsp.name

09-10-2024T20:54:37 - [MESSAGE][INFO] - Actual Field -> SWIT

09-10-2024T20:54:37 - [MESSAGE][INFO] - Expected Field -> SWITZERLAND

09-10-2024T20:54:37 - [MESSAGE][WARNING] - Failed Field -> [38].card.cardNumber

09-10-2024T20:54:37 - [MESSAGE][INFO] - Actual Field -> 222240XXXXXX0005

09-10-2024T20:54:37 - [MESSAGE][INFO] - Expected Field -> 376010XXXXX1003

09-10-2024T20:54:37 - [MESSAGE][WARNING] - Failed Field -> [39].bsp.name

09-10-2024T20:54:37 - [MESSAGE][INFO] - Actual Field -> SWIT

09-10-2024T20:54:37 - [MESSAGE][INFO] - Expected Field -> SWITZERLAND

09-10-2024T20:54:37 - [MESSAGE][WARNING] - Failed Field -> [39].card.cardNumber

09-10-2024T20:54:37 - [MESSAGE][INFO] - Actual Field -> 222240XXXXXX0005

09-10-2024T20:54:37 - [MESSAGE][INFO] - Expected Field -> 376010XXXXX1003

09-10-2024T20:54:37 - [MESSAGE][WARNING] - Failed Field -> [40].bsp.name

09-10-2024T20:54:37 - [MESSAGE][INFO] - Actual Field -> SWIT

09-10-2024T20:54:37 - [MESSAGE][INFO] - Expected Field -> SWITZERLAND

09-10-2024T20:54:37 - [MESSAGE][WARNING] - Failed Field -> [40].card.cardNumber

09-10-2024T20:54:37 - [MESSAGE][INFO] - Actual Field -> 222240XXXXXX0005

09-10-2024T20:54:37 - [MESSAGE][INFO] - Expected Field -> 456480XXXXXX6349

09-10-2024T20:54:37 - [MESSAGE][WARNING] - Failed Field -> [41].bsp.name

09-10-2024T20:54:37 - [MESSAGE][INFO] - Actual Field -> SWIT

09-10-2024T20:54:37 - [MESSAGE][INFO] - Expected Field -> SWITZERLAND

09-10-2024T20:54:37 - [MESSAGE][WARNING] - Failed Field -> [41].card.cardNumber

09-10-2024T20:54:37 - [MESSAGE][INFO] - Actual Field -> 222240XXXXXX0005

09-10-2024T20:54:37 - [MESSAGE][INFO] - Expected Field -> 519396XXXXXX3484

09-10-2024T20:54:37 - [MESSAGE][WARNING] - Failed Field -> [42].bsp.name

09-10-2024T20:54:37 - [MESSAGE][INFO] - Actual Field -> SWIT

09-10-2024T20:54:37 - [MESSAGE][INFO] - Expected Field -> SWITZERLAND

09-10-2024T20:54:37 - [MESSAGE][WARNING] - Failed Field -> [42].card.cardNumber

09-10-2024T20:54:37 - [MESSAGE][INFO] - Actual Field -> 222240XXXXXX0005

09-10-2024T20:54:37 - [MESSAGE][INFO] - Expected Field -> 519396XXXXXX3484

09-10-2024T20:54:37 - [MESSAGE][WARNING] - Failed Field -> [43].bsp.name

09-10-2024T20:54:37 - [MESSAGE][INFO] - Actual Field -> SWIT

09-10-2024T20:54:37 - [MESSAGE][INFO] - Expected Field -> SWITZERLAND

09-10-2024T20:54:37 - [MESSAGE][WARNING] - Failed Field -> [43].card.cardNumber

09-10-2024T20:54:37 - [MESSAGE][INFO] - Actual Field -> 222240XXXXXX0005

09-10-2024T20:54:37 - [MESSAGE][INFO] - Expected Field -> 519396XXXXXX3484

09-10-2024T20:54:37 - [MESSAGE][WARNING] - Failed Field -> [44].bsp.name

09-10-2024T20:54:37 - [MESSAGE][INFO] - Actual Field -> SWIT

09-10-2024T20:54:37 - [MESSAGE][INFO] - Expected Field -> SWITZERLAND

09-10-2024T20:54:37 - [MESSAGE][INFO] - failedFieldsList -> [org.skyscreamer.jsonassert.FieldComparisonFailure@5069a91b, org.skyscreamer.jsonassert.FieldComparisonFailure@472dc215, org.skyscreamer.jsonassert.FieldComparisonFailure@1f031994, org.skyscreamer.jsonassert.FieldComparisonFailure@37bac0f4, org.skyscreamer.jsonassert.FieldComparisonFailure@20c55658, org.skyscreamer.jsonassert.FieldComparisonFailure@951053f, org.skyscreamer.jsonassert.FieldComparisonFailure@e196238, org.skyscreamer.jsonassert.FieldComparisonFailure@6f45be6f, org.skyscreamer.jsonassert.FieldComparisonFailure@65384249, org.skyscreamer.jsonassert.FieldComparisonFailure@6441db2c, org.skyscreamer.jsonassert.FieldComparisonFailure@218c6d3e, org.skyscreamer.jsonassert.FieldComparisonFailure@63f819a6, org.skyscreamer.jsonassert.FieldComparisonFailure@44f5259a, org.skyscreamer.jsonassert.FieldComparisonFailure@2e871e93, org.skyscreamer.jsonassert.FieldComparisonFailure@6c2063e0, org.skyscreamer.jsonassert.FieldComparisonFailure@4f3672eb, org.skyscreamer.jsonassert.FieldComparisonFailure@22825762, org.skyscreamer.jsonassert.FieldComparisonFailure@34e7a627, org.skyscreamer.jsonassert.FieldComparisonFailure@5bb7fc38, org.skyscreamer.jsonassert.FieldComparisonFailure@27ea7c8f, org.skyscreamer.jsonassert.FieldComparisonFailure@17e31657, org.skyscreamer.jsonassert.FieldComparisonFailure@1e3c4c12, org.skyscreamer.jsonassert.FieldComparisonFailure@7a8e35d1, org.skyscreamer.jsonassert.FieldComparisonFailure@e74300b, org.skyscreamer.jsonassert.FieldComparisonFailure@1aade3c, org.skyscreamer.jsonassert.FieldComparisonFailure@7d8a5ec7, org.skyscreamer.jsonassert.FieldComparisonFailure@76a1cc1a, org.skyscreamer.jsonassert.FieldComparisonFailure@597a5ead, org.skyscreamer.jsonassert.FieldComparisonFailure@e763080, org.skyscreamer.jsonassert.FieldComparisonFailure@21252bef, org.skyscreamer.jsonassert.FieldComparisonFailure@599cf2cd, org.skyscreamer.jsonassert.FieldComparisonFailure@52984065, org.skyscreamer.jsonassert.FieldComparisonFailure@6dd59886, org.skyscreamer.jsonassert.FieldComparisonFailure@65a7bc80, org.skyscreamer.jsonassert.FieldComparisonFailure@5b132063, org.skyscreamer.jsonassert.FieldComparisonFailure@4b98c80c, org.skyscreamer.jsonassert.FieldComparisonFailure@a486851, org.skyscreamer.jsonassert.FieldComparisonFailure@52539624, org.skyscreamer.jsonassert.FieldComparisonFailure@1001b435, org.skyscreamer.jsonassert.FieldComparisonFailure@1dd4c691, org.skyscreamer.jsonassert.FieldComparisonFailure@54972f9a, org.skyscreamer.jsonassert.FieldComparisonFailure@1abb719a, org.skyscreamer.jsonassert.FieldComparisonFailure@706dee4, org.skyscreamer.jsonassert.FieldComparisonFailure@3c5d60db, org.skyscreamer.jsonassert.FieldComparisonFailure@515b7335, org.skyscreamer.jsonassert.FieldComparisonFailure@102dff25, org.skyscreamer.jsonassert.FieldComparisonFailure@216de23a, org.skyscreamer.jsonassert.FieldComparisonFailure@76e10574, org.skyscreamer.jsonassert.FieldComparisonFailure@7c290246, org.skyscreamer.jsonassert.FieldComparisonFailure@3021e31, org.skyscreamer.jsonassert.FieldComparisonFailure@4d305059, org.skyscreamer.jsonassert.FieldComparisonFailure@3304362e, org.skyscreamer.jsonassert.FieldComparisonFailure@78b293a, org.skyscreamer.jsonassert.FieldComparisonFailure@146b4c6c, org.skyscreamer.jsonassert.FieldComparisonFailure@5b166420, org.skyscreamer.jsonassert.FieldComparisonFailure@49318c2a, org.skyscreamer.jsonassert.FieldComparisonFailure@17adbecf, org.skyscreamer.jsonassert.FieldComparisonFailure@59eb987a, org.skyscreamer.jsonassert.FieldComparisonFailure@31b4c003, org.skyscreamer.jsonassert.FieldComparisonFailure@74214ac3, org.skyscreamer.jsonassert.FieldComparisonFailure@e00c94e, org.skyscreamer.jsonassert.FieldComparisonFailure@b2db8bc, org.skyscreamer.jsonassert.FieldComparisonFailure@1c0ec502, org.skyscreamer.jsonassert.FieldComparisonFailure@6287e312, org.skyscreamer.jsonassert.FieldComparisonFailure@6a450cb5, org.skyscreamer.jsonassert.FieldComparisonFailure@c4bb119, org.skyscreamer.jsonassert.FieldComparisonFailure@66075347, org.skyscreamer.jsonassert.FieldComparisonFailure@3b45a3e6, org.skyscreamer.jsonassert.FieldComparisonFailure@7927209f, org.skyscreamer.jsonassert.FieldComparisonFailure@283595db, org.skyscreamer.jsonassert.FieldComparisonFailure@747476f1, org.skyscreamer.jsonassert.FieldComparisonFailure@6238b10a, org.skyscreamer.jsonassert.FieldComparisonFailure@225b460a, org.skyscreamer.jsonassert.FieldComparisonFailure@26c494d7, org.skyscreamer.jsonassert.FieldComparisonFailure@71d0ad00, org.skyscreamer.jsonassert.FieldComparisonFailure@56c7e2d1, org.skyscreamer.jsonassert.FieldComparisonFailure@2e549515, org.skyscreamer.jsonassert.FieldComparisonFailure@2c34ce24, org.skyscreamer.jsonassert.FieldComparisonFailure@58f8ce0f, org.skyscreamer.jsonassert.FieldComparisonFailure@31406eab, org.skyscreamer.jsonassert.FieldComparisonFailure@3bb6b9ab, org.skyscreamer.jsonassert.FieldComparisonFailure@31f90517, org.skyscreamer.jsonassert.FieldComparisonFailure@2f6f2d91, org.skyscreamer.jsonassert.FieldComparisonFailure@1de83be1, org.skyscreamer.jsonassert.FieldComparisonFailure@139da216, org.skyscreamer.jsonassert.FieldComparisonFailure@6a35cccf, org.skyscreamer.jsonassert.FieldComparisonFailure@3ce067bd, org.skyscreamer.jsonassert.FieldComparisonFailure@608b74f3, org.skyscreamer.jsonassert.FieldComparisonFailure@1ef8f7e6, org.skyscreamer.jsonassert.FieldComparisonFailure@5a6f1342, org.skyscreamer.jsonassert.FieldComparisonFailure@650d5a3d, org.skyscreamer.jsonassert.FieldComparisonFailure@5e9a9683, org.skyscreamer.jsonassert.FieldComparisonFailure@7040d71, org.skyscreamer.jsonassert.FieldComparisonFailure@2553fbd0, org.skyscreamer.jsonassert.FieldComparisonFailure@2a8081f5, org.skyscreamer.jsonassert.FieldComparisonFailure@20a434a8, org.skyscreamer.jsonassert.FieldComparisonFailure@7ecca48, org.skyscreamer.jsonassert.FieldComparisonFailure@3d5b2c1e, org.skyscreamer.jsonassert.FieldComparisonFailure@137a9d69, org.skyscreamer.jsonassert.FieldComparisonFailure@12faeada, org.skyscreamer.jsonassert.FieldComparisonFailure@73a5cc47, org.skyscreamer.jsonassert.FieldComparisonFailure@17fa25f1, org.skyscreamer.jsonassert.FieldComparisonFailure@50ac63b2, org.skyscreamer.jsonassert.FieldComparisonFailure@1545ef47]

09-10-2024T20:54:37 - [MESSAGE][PASSED] - compare.GetDifferences.setDifferencesFromResult is PASSED

09-10-2024T20:54:37 - [MESSAGE][INFO] - KEY pageSize

09-10-2024T20:54:37 - [MESSAGE][INFO] - ===================================

09-10-2024T20:54:37 - [MESSAGE][INFO] - KEY pageSize

09-10-2024T20:54:37 - [MESSAGE][INFO] - qaValue 100

09-10-2024T20:54:37 - [MESSAGE][INFO] - qamigValue 100

09-10-2024T20:54:37 - [MESSAGE][INFO] - ===================================

09-10-2024T20:54:37 - [MESSAGE][PASSED] - compare.CompareJsonResponse.compareObjectValues is PASSED

09-10-2024T20:54:37 - [MESSAGE][INFO] - failedFieldsList -> [org.skyscreamer.jsonassert.FieldComparisonFailure@5069a91b, org.skyscreamer.jsonassert.FieldComparisonFailure@472dc215, org.skyscreamer.jsonassert.FieldComparisonFailure@1f031994, org.skyscreamer.jsonassert.FieldComparisonFailure@37bac0f4, org.skyscreamer.jsonassert.FieldComparisonFailure@20c55658, org.skyscreamer.jsonassert.FieldComparisonFailure@951053f, org.skyscreamer.jsonassert.FieldComparisonFailure@e196238, org.skyscreamer.jsonassert.FieldComparisonFailure@6f45be6f, org.skyscreamer.jsonassert.FieldComparisonFailure@65384249, org.skyscreamer.jsonassert.FieldComparisonFailure@6441db2c, org.skyscreamer.jsonassert.FieldComparisonFailure@218c6d3e, org.skyscreamer.jsonassert.FieldComparisonFailure@63f819a6, org.skyscreamer.jsonassert.FieldComparisonFailure@44f5259a, org.skyscreamer.jsonassert.FieldComparisonFailure@2e871e93, org.skyscreamer.jsonassert.FieldComparisonFailure@6c2063e0, org.skyscreamer.jsonassert.FieldComparisonFailure@4f3672eb, org.skyscreamer.jsonassert.FieldComparisonFailure@22825762, org.skyscreamer.jsonassert.FieldComparisonFailure@34e7a627, org.skyscreamer.jsonassert.FieldComparisonFailure@5bb7fc38, org.skyscreamer.jsonassert.FieldComparisonFailure@27ea7c8f, org.skyscreamer.jsonassert.FieldComparisonFailure@17e31657, org.skyscreamer.jsonassert.FieldComparisonFailure@1e3c4c12, org.skyscreamer.jsonassert.FieldComparisonFailure@7a8e35d1, org.skyscreamer.jsonassert.FieldComparisonFailure@e74300b, org.skyscreamer.jsonassert.FieldComparisonFailure@1aade3c, org.skyscreamer.jsonassert.FieldComparisonFailure@7d8a5ec7, org.skyscreamer.jsonassert.FieldComparisonFailure@76a1cc1a, org.skyscreamer.jsonassert.FieldComparisonFailure@597a5ead, org.skyscreamer.jsonassert.FieldComparisonFailure@e763080, org.skyscreamer.jsonassert.FieldComparisonFailure@21252bef, org.skyscreamer.jsonassert.FieldComparisonFailure@599cf2cd, org.skyscreamer.jsonassert.FieldComparisonFailure@52984065, org.skyscreamer.jsonassert.FieldComparisonFailure@6dd59886, org.skyscreamer.jsonassert.FieldComparisonFailure@65a7bc80, org.skyscreamer.jsonassert.FieldComparisonFailure@5b132063, org.skyscreamer.jsonassert.FieldComparisonFailure@4b98c80c, org.skyscreamer.jsonassert.FieldComparisonFailure@a486851, org.skyscreamer.jsonassert.FieldComparisonFailure@52539624, org.skyscreamer.jsonassert.FieldComparisonFailure@1001b435, org.skyscreamer.jsonassert.FieldComparisonFailure@1dd4c691, org.skyscreamer.jsonassert.FieldComparisonFailure@54972f9a, org.skyscreamer.jsonassert.FieldComparisonFailure@1abb719a, org.skyscreamer.jsonassert.FieldComparisonFailure@706dee4, org.skyscreamer.jsonassert.FieldComparisonFailure@3c5d60db, org.skyscreamer.jsonassert.FieldComparisonFailure@515b7335, org.skyscreamer.jsonassert.FieldComparisonFailure@102dff25, org.skyscreamer.jsonassert.FieldComparisonFailure@216de23a, org.skyscreamer.jsonassert.FieldComparisonFailure@76e10574, org.skyscreamer.jsonassert.FieldComparisonFailure@7c290246, org.skyscreamer.jsonassert.FieldComparisonFailure@3021e31, org.skyscreamer.jsonassert.FieldComparisonFailure@4d305059, org.skyscreamer.jsonassert.FieldComparisonFailure@3304362e, org.skyscreamer.jsonassert.FieldComparisonFailure@78b293a, org.skyscreamer.jsonassert.FieldComparisonFailure@146b4c6c, org.skyscreamer.jsonassert.FieldComparisonFailure@5b166420, org.skyscreamer.jsonassert.FieldComparisonFailure@49318c2a, org.skyscreamer.jsonassert.FieldComparisonFailure@17adbecf, org.skyscreamer.jsonassert.FieldComparisonFailure@59eb987a, org.skyscreamer.jsonassert.FieldComparisonFailure@31b4c003, org.skyscreamer.jsonassert.FieldComparisonFailure@74214ac3, org.skyscreamer.jsonassert.FieldComparisonFailure@e00c94e, org.skyscreamer.jsonassert.FieldComparisonFailure@b2db8bc, org.skyscreamer.jsonassert.FieldComparisonFailure@1c0ec502, org.skyscreamer.jsonassert.FieldComparisonFailure@6287e312, org.skyscreamer.jsonassert.FieldComparisonFailure@6a450cb5, org.skyscreamer.jsonassert.FieldComparisonFailure@c4bb119, org.skyscreamer.jsonassert.FieldComparisonFailure@66075347, org.skyscreamer.jsonassert.FieldComparisonFailure@3b45a3e6, org.skyscreamer.jsonassert.FieldComparisonFailure@7927209f, org.skyscreamer.jsonassert.FieldComparisonFailure@283595db, org.skyscreamer.jsonassert.FieldComparisonFailure@747476f1, org.skyscreamer.jsonassert.FieldComparisonFailure@6238b10a, org.skyscreamer.jsonassert.FieldComparisonFailure@225b460a, org.skyscreamer.jsonassert.FieldComparisonFailure@26c494d7, org.skyscreamer.jsonassert.FieldComparisonFailure@71d0ad00, org.skyscreamer.jsonassert.FieldComparisonFailure@56c7e2d1, org.skyscreamer.jsonassert.FieldComparisonFailure@2e549515, org.skyscreamer.jsonassert.FieldComparisonFailure@2c34ce24, org.skyscreamer.jsonassert.FieldComparisonFailure@58f8ce0f, org.skyscreamer.jsonassert.FieldComparisonFailure@31406eab, org.skyscreamer.jsonassert.FieldComparisonFailure@3bb6b9ab, org.skyscreamer.jsonassert.FieldComparisonFailure@31f90517, org.skyscreamer.jsonassert.FieldComparisonFailure@2f6f2d91, org.skyscreamer.jsonassert.FieldComparisonFailure@1de83be1, org.skyscreamer.jsonassert.FieldComparisonFailure@139da216, org.skyscreamer.jsonassert.FieldComparisonFailure@6a35cccf, org.skyscreamer.jsonassert.FieldComparisonFailure@3ce067bd, org.skyscreamer.jsonassert.FieldComparisonFailure@608b74f3, org.skyscreamer.jsonassert.FieldComparisonFailure@1ef8f7e6, org.skyscreamer.jsonassert.FieldComparisonFailure@5a6f1342, org.skyscreamer.jsonassert.FieldComparisonFailure@650d5a3d, org.skyscreamer.jsonassert.FieldComparisonFailure@5e9a9683, org.skyscreamer.jsonassert.FieldComparisonFailure@7040d71, org.skyscreamer.jsonassert.FieldComparisonFailure@2553fbd0, org.skyscreamer.jsonassert.FieldComparisonFailure@2a8081f5, org.skyscreamer.jsonassert.FieldComparisonFailure@20a434a8, org.skyscreamer.jsonassert.FieldComparisonFailure@7ecca48, org.skyscreamer.jsonassert.FieldComparisonFailure@3d5b2c1e, org.skyscreamer.jsonassert.FieldComparisonFailure@137a9d69, org.skyscreamer.jsonassert.FieldComparisonFailure@12faeada, org.skyscreamer.jsonassert.FieldComparisonFailure@73a5cc47, org.skyscreamer.jsonassert.FieldComparisonFailure@17fa25f1, org.skyscreamer.jsonassert.FieldComparisonFailure@50ac63b2, org.skyscreamer.jsonassert.FieldComparisonFailure@1545ef47]

09-10-2024T20:54:37 - [MESSAGE][PASSED] - compare.GetDifferences.setDifferencesFromResult is PASSED

09-10-2024T20:54:37 - [TEST_STEP][PASSED] - fieldsToBeIgnoredList = ignoreNodesList: null

09-10-2024T20:54:37 - [TEST_STEP][PASSED] - failedList = new java.util.ArrayList(CustomKeywords.compare.GetDifferences.getFailedFieldsList()): compare.GetDifferences.getFailedFieldsList is PASSED

09-10-2024T20:54:37 - [MESSAGE][INFO] - failedFieldsList size -> 104

09-10-2024T20:54:37 - [MESSAGE][PASSED] - compare.GetDifferences.getFailedFieldsList is PASSED

09-10-2024T20:54:37 - [TEST_STEP][PASSED] - missingList = new java.util.ArrayList(CustomKeywords.compare.GetDifferences.getMissingFieldsList()): compare.GetDifferences.getMissingFieldsList is PASSED

09-10-2024T20:54:37 - [MESSAGE][INFO] - missingFieldsList size -> 40

09-10-2024T20:54:37 - [MESSAGE][PASSED] - compare.GetDifferences.getMissingFieldsList is PASSED

09-10-2024T20:54:37 - [TEST_STEP][PASSED] - unexpectedList = new java.util.ArrayList(CustomKeywords.compare.GetDifferences.getUnexpectedFieldsList()): compare.GetDifferences.getUnexpectedFieldsList is PASSED

09-10-2024T20:54:37 - [MESSAGE][INFO] - unexpectedFieldsList size -> 210

09-10-2024T20:54:37 - [MESSAGE][PASSED] - compare.GetDifferences.getUnexpectedFieldsList is PASSED

09-10-2024T20:54:37 - [TEST_STEP][FAILED] - if (failedList.size() > 0): Test Case FAILED!! Open After Test Case Step to see the Failed Fields

09-10-2024T20:54:37 - [TEST_STEP][FAILED] - markFailed("Test Case FAILED!! Open After Test Case Step to see the Failed Fields"): Test Case FAILED!! Open After Test Case Step to see the Failed Fields

09-10-2024T20:54:37 - [MESSAGE][FAILED] - Test Case FAILED!! Open After Test Case Step to see the Failed Fields

09-10-2024T20:54:37 - [TEST_STEP][FAILED] - Start listener action : afterTestCase: null

09-10-2024T20:54:37 - [MESSAGE][INFO] - Starting invoke 'com.kms.katalon.core.annotation.AfterTestCase' method: 'TestListener.afterTestCase(...)'

09-10-2024T20:54:37 - [TEST_STEP][PASSED] - logInfo(testCaseContext.getTestCaseId()): Test Cases/TIP_Management/card-consents/FCA_15723_GET_TIP_Card_Consents

09-10-2024T20:54:37 - [MESSAGE][INFO] - Test Cases/TIP_Management/card-consents/FCA_15723_GET_TIP_Card_Consents

09-10-2024T20:54:37 - [TEST_STEP][PASSED] - logInfo(testCaseContext.getTestCaseStatus()): FAILED

09-10-2024T20:54:37 - [MESSAGE][INFO] - FAILED

09-10-2024T20:54:37 - [TEST_STEP][PASSED] - responseQA = getTestCaseVariables().get("responseQA"): null

09-10-2024T20:54:37 - [TEST_STEP][PASSED] - responseQAMIG = getTestCaseVariables().get("responseQAMIG"): null

09-10-2024T20:54:37 - [TEST_STEP][PASSED] - sortedQA = getTestCaseVariables().get("sortedRecordsQA"): null

09-10-2024T20:54:37 - [TEST_STEP][PASSED] - sortedQAMIG = getTestCaseVariables().get("sortedRecordsQAMIG"): null

09-10-2024T20:54:37 - [TEST_STEP][PASSED] - reporting.ExtentReporting.logStringData("URL_QA", getTestCaseVariables().get("URL_QA")): reporting.ExtentReporting.logStringData is PASSED

09-10-2024T20:54:38 - [MESSAGE][PASSED] - reporting.ExtentReporting.logStringData is PASSED

09-10-2024T20:54:38 - [TEST_STEP][PASSED] - reporting.ExtentReporting.logStringData("URL_QAMIG", getTestCaseVariables().get("URL_QAMIG")): reporting.ExtentReporting.logStringData is PASSED

09-10-2024T20:54:38 - [MESSAGE][PASSED] - reporting.ExtentReporting.logStringData is PASSED

09-10-2024T20:54:38 - [TEST_STEP][PASSED] - reporting.ExtentReporting.logJSONData("QA Response", responseQA): reporting.ExtentReporting.logJSONData is PASSED

09-10-2024T20:54:38 - [MESSAGE][PASSED] - reporting.ExtentReporting.logJSONData is PASSED

09-10-2024T20:54:38 - [TEST_STEP][PASSED] - reporting.ExtentReporting.logJSONData("QAMIG Response", responseQAMIG): reporting.ExtentReporting.logJSONData is PASSED

09-10-2024T20:54:38 - [MESSAGE][PASSED] - reporting.ExtentReporting.logJSONData is PASSED

09-10-2024T20:54:38 - [TEST_STEP][FAILED] - if (getTestCaseStatus().equals("FAILED")): null

09-10-2024T20:54:38 - [TEST_STEP][PASSED] - responseQAValue = getTestCaseVariables().get("responseQA"): null

09-10-2024T20:54:38 - [TEST_STEP][FAILED] - markFailed(getTestCaseVariables().get("URL_QA")): https://gateway-gateway.apps.qa.okd4.nfe.projects.nonprod.itd.farelogix.com/api/tip-management/card-consents?page=0&size=100

09-10-2024T20:54:38 - [MESSAGE][FAILED] - https://gateway-gateway.apps.qa.okd4.nfe.projects.nonprod.itd.farelogix.com/api/tip-management/card-consents?page=0&size=100

09-10-2024T20:54:38 - [TEST_STEP][FAILED] - markFailed(responseQAValue): {"pageNumber":0,"pageSize":100,"total":45,"records":[{"id":677200000006483,"bsp":{"id":6772,"isoCountryCode":"CH","name":"SWITZERLAND"},"airline":{"id":6772495749,"iataCode":"191","name":"Air XXXXX X.X.X. XXX XXX XXXXX X.X.X."},"level":"country","type":"no","effectiveFrom":"2023-03-15","status":"Active"},{"id":677200000000067,"bsp":{"id":6772,"isoCountryCode":"CH","name":"SWITZERLAND"},"airline":{"id":6772495749,"iataCode":"191","name":"Air XXXXX X.X.X. XXX XXX XXXXX X.X.X."},"level":"country","type":"no","effectiveFrom":"2019-07-01","effectiveTo":"2020-02-20","status":"Inactive"},{"id":677200000004665,"bsp":{"id":6772,"isoCountryCode":"CH","name":"SWITZERLAND"},"airline":{"id":6772495749,"iataCode":"191","name":"Air XXXXX X.X.X. XXX XXX XXXXX X.X.X."},"level":"country","type":"no","effectiveFrom":"2022-12-21","effectiveTo":"2022-12-22","status":"Inactive"},{"id":677200000000704,"bsp":{"id":6772,"isoCountryCode":"CH","name":"SWITZERLAND"},"airline":{"id":6772495749,"iataCode":"191","name":"Air XXXXX X.X.X. XXX XXX XXXXX X.X.X."},"level":"country","type":"no","effectiveFrom":"2021-02-05","effectiveTo":"2022-03-03","status":"Inactive"},{"id":677200000002503,"bsp":{"id":6772,"isoCountryCode":"CH","name":"SWITZERLAND"},"airline":{"id":6772495749,"iataCode":"191","name":"Air XXXXX X.X.X. XXX XXX XXXXX X.X.X."},"level":"country","type":"no","effectiveFrom":"2022-03-04","effectiveTo":"2022-12-20","status":"Inactive"},{"id":677200000000997,"bsp":{"id":6772,"isoCountryCode":"CH","name":"SWITZERLAND"},"airline":{"id":6772495749,"iataCode":"191","name":"Air XXXXX X.X.X. XXX XXX XXXXX X.X.X."},"level":"card","card":{"id":677200000000002,"bsp":{"id":6772},"agent":{"id":67728121095,"iataCode":"8121095","name":"LE XXXX XXX XXXXX XX","bsp":{"id":6772},"active":true},"cardNumber":"490118XXXXXX0610","expiryDate":"09/22","issuerName":"KHADRAOUI TAHAR","paymentNetwork":"VI","cardType":"Consumer"},"type":"no","effectiveFrom":"2021-02-05","effectiveTo":"2022-03-03","status":"Inactive"},{"id":677200000001768,"bsp":{"id":6772,"isoCountryCode":"CH","name":"SWITZERLAND"},"airline":{"id":6772495749,"iataCode":"191","name":"Air XXXXX X.X.X. XXX XXX XXXXX X.X.X."},"level":"card","card":{"id":677200000000007,"bsp":{"id":6772},"agent":{"id":67728127904,"iataCode":"8127904","name":"VOYXXXXXXX","bsp":{"id":6772},"active":true},"cardNumber":"456480XXXXXX6349","expiryDate":"10/31","issuerName":"PEPE","paymentNetwork":"VI","cardType":"Consumer"},"type":"no","effectiveFrom":"2022-02-02","effectiveTo":"2022-03-03","status":"Inactive"},{"id":677200000001920,"bsp":{"id":6772,"isoCountryCode":"CH","name":"SWITZERLAND"},"airline":{"id":6772495749,"iataCode":"191","name":"Air XXXXX X.X.X. XXX XXX XXXXX X.X.X."},"level":"card","card":{"id":677200000000008,"bsp":{"id":6772},"agent":{"id":67728127904,"iataCode":"8127904","name":"VOYXXXXXXX","bsp":{"id":6772},"active":true},"cardNumber":"456480XXXXXX6349","expiryDate":"12/34","issuerName":"CARLOS","paymentNetwork":"VI","cardType":"Corporate","companyName":"Accelya"},"type":"no","effectiveFrom":"2022-02-02","effectiveTo":"2022-03-03","status":"Inactive"},{"id":677200000004838,"bsp":{"id":6772,"isoCountryCode":"CH","name":"SWITZERLAND"},"airline":{"id":6772495749,"iataCode":"191","name":"Air XXXXX X.X.X. XXX XXX XXXXX X.X.X."},"level":"card","card":{"id":677200000000005,"bsp":{"id":6772},"agent":{"id":67728120025,"iataCode":"8120025","name":"CWT","bsp":{"id":6772},"active":true},"cardNumber":"519123XXXXXX4011","expiryDate":"10/30","issuerName":"FAC","paymentNetwork":"CA","cardType":"Corporate","companyName":"provincia san anton"},"type":"no","effectiveFrom":"2022-12-21","effectiveTo":"2022-12-22","status":"Inactive"},{"id":677200000004997,"bsp":{"id":6772,"isoCountryCode":"CH","name":"SWITZERLAND"},"airline":{"id":6772495749,"iataCode":"191","name":"Air XXXXX X.X.X. XXX XXX XXXXX X.X.X."},"level":"card","card":{"id":677200000000006,"bsp":{"id":6772},"agent":{"id":67728120025,"iataCode":"8120025","name":"CWT","bsp":{"id":6772},"active":true},"cardNumber":"519123XXXXXX4011","expiryDate":"11/30","issuerName":"TRR","paymentNetwork":"CA","cardType":"Corporate","companyName":"provincia san anton"},"type":"no","effectiveFrom":"2022-12-21","effectiveTo":"2022-12-22","status":"Inactive"},{"id":677200000004526,"bsp":{"id":6772,"isoCountryCode":"CH","name":"SWITZERLAND"},"airline":{"id":6772495749,"iataCode":"191","name":"Air XXXXX X.X.X. XXX XXX XXXXX X.X.X."},"level":"card","card":{"id":677200000000021,"bsp":{"id":6772},"agent":{"id":67728120012,"iataCode":"8120012","name":"ATG XXXXXXXXXXX","bsp":{"id":6772},"active":true},"cardNumber":"519396XXXXXX3484","expiryDate":"06/27","issuerName":"NEWSIX - CHECK NOTIFICATION","paymentNetwork":"CA","cardType":"Consumer"},"type":"no","effectiveFrom":"2022-10-13","effectiveTo":"2022-12-20","status":"Inactive"},{"id":677200000004407,"bsp":{"id":6772,"isoCountryCode":"CH","name":"SWITZERLAND"},"airline":{"id":6772495749,"iataCode":"191","name":"Air XXXXX X.X.X. XXX XXX XXXXX X.X.X."},"level":"card","card":{"id":677200000000020,"bsp":{"id":6772},"agent":{"id":67728120012,"iataCode":"8120012","name":"ATG XXXXXXXXXXX","bsp":{"id":6772},"active":true},"cardNumber":"519396XXXXXX3484","expiryDate":"07/23","issuerName":"NEWFIVE","paymentNetwork":"CA","cardType":"Consumer"},"type":"no","effectiveFrom":"2022-10-13","effectiveTo":"2022-12-20","status":"Inactive"},{"id":677200000005153,"bsp":{"id":6772,"isoCountryCode":"CH","name":"SWITZERLAND"},"airline":{"id":6772495749,"iataCode":"191","name":"Air XXXXX X.X.X. XXX XXX XXXXX X.X.X."},"level":"card","card":{"id":677200000000007,"bsp":{"id":6772},"agent":{"id":67728127904,"iataCode":"8127904","name":"VOYXXXXXXX","bsp":{"id":6772},"active":true},"cardNumber":"456480XXXXXX6349","expiryDate":"10/31","issuerName":"PEPE","paymentNetwork":"VI","cardType":"Consumer"},"type":"no","effectiveFrom":"2022-12-21","effectiveTo":"2022-12-22","status":"Inactive"},{"id":677200000004196,"bsp":{"id":6772,"isoCountryCode":"CH","name":"SWITZERLAND"},"airline":{"id":6772495749,"iataCode":"191","name":"Air XXXXX X.X.X. XXX XXX XXXXX X.X.X."},"level":"card","card":{"id":677200000000015,"bsp":{"id":6772},"agent":{"id":67728120012,"iataCode":"8120012","name":"ATG XXXXXXXXXXX","bsp":{"id":6772},"active":true},"cardNumber":"519396XXXXXX3484","expiryDate":"08/23","issuerName":"CA","paymentNetwork":"CA","cardType":"Consumer"},"type":"no","effectiveFrom":"2022-06-07","effectiveTo":"2022-12-20","status":"Inactive"},{"id":677200000004077,"bsp":{"id":6772,"isoCountryCode":"CH","name":"SWITZERLAND"},"airline":{"id":6772495749,"iataCode":"191","name":"Air XXXXX X.X.X. XXX XXX XXXXX X.X.X."},"level":"card","card":{"id":677200000000014,"bsp":{"id":6772},"agent":{"id":67728120012,"iataCode":"8120012","name":"ATG XXXXXXXXXXX","bsp":{"id":6772},"active":true},"cardNumber":"456480XXXXXX6349","expiryDate":"11/24","issuerName":"VI","paymentNetwork":"VI","cardType":"Consumer"},"type":"no","effectiveFrom":"2022-06-07","effectiveTo":"2022-12-20","status":"Inactive"},{"id":677200000001131,"bsp":{"id":6772,"isoCountryCode":"CH","name":"SWITZERLAND"},"airline":{"id":6772495749,"iataCode":"191","name":"Air XXXXX X.X.X. XXX XXX XXXXX X.X.X."},"level":"card","card":{"id":677200000000003,"bsp":{"id":6772},"agent":{"id":67728121095,"iataCode":"8121095","name":"LE XXXX XXX XXXXX XX","bsp":{"id":6772},"active":true},"cardNumber":"485753XXXXXX3403","expiryDate":"05/21","issuerName":"KHADRAOUI TAHAR LE MUST AIR MARIN SA","paymentNetwork":"VI","cardType":"Corporate","companyName":"LE MUST AIR MARIN SA"},"type":"no","effectiveFrom":"2021-02-05","effectiveTo":"2021-06-01","status":"Inactive"},{"id":677200000000863,"bsp":{"id":6772,"isoCountryCode":"CH","name":"SWITZERLAND"},"airline":{"id":6772495749,"iataCode":"191","name":"Air XXXXX X.X.X. XXX XXX XXXXX X.X.X."},"level":"card","card":{"id":677200000000001,"bsp":{"id":6772},"agent":{"id":67728121095,"iataCode":"8121095","name":"LE XXXX XXX XXXXX XX","bsp":{"id":6772},"active":true},"cardNumber":"558265XXXXXX6029","expiryDate":"11/21","issuerName":"TAHAR KHADRAOUI AIR MARIN SUISSE","paymentNetwork":"CA","cardType":"Corporate","companyName":"AIR MARIN SUISSE"},"type":"no","effectiveFrom":"2021-02-05","effectiveTo":"2021-12-01","status":"Inactive"},{"id":677200000000526,"bsp":{"id":6772,"isoCountryCode":"CH","name":"SWITZERLAND"},"airline":{"id":6772495749,"iataCode":"191","name":"Air XXXXX X.X.X. XXX XXX XXXXX X.X.X."},"level":"card","card":{"id":677200000000003,"bsp":{"id":6772},"agent":{"id":67728121095,"iataCode":"8121095","name":"LE XXXX XXX XXXXX XX","bsp":{"id":6772},"active":true},"cardNumber":"485753XXXXXX3403","expiryDate":"05/21","issuerName":"KHADRAOUI TAHAR LE MUST AIR MARIN SA","paymentNetwork":"VI","cardType":"Corporate","companyName":"LE MUST AIR MARIN SA"},"type":"no","effectiveFrom":"2019-07-05","effectiveTo":"2020-02-20","status":"Inactive"},{"id":677200000000378,"bsp":{"id":6772,"isoCountryCode":"CH","name":"SWITZERLAND"},"airline":{"id":6772495749,"iataCode":"191","name":"Air XXXXX X.X.X. XXX XXX XXXXX X.X.X."},"level":"card","card":{"id":677200000000002,"bsp":{"id":6772},"agent":{"id":67728121095,"iataCode":"8121095","name":"LE XXXX XXX XXXXX XX","bsp":{"id":6772},"active":true},"cardNumber":"490118XXXXXX0610","expiryDate":"09/22","issuerName":"KHADRAOUI TAHAR","paymentNetwork":"VI","cardType":"Consumer"},"type":"no","effectiveFrom":"2019-07-05","effectiveTo":"2020-02-20","status":"Inactive"},{"id":677200000000230,"bsp":{"id":6772,"isoCountryCode":"CH","name":"SWITZERLAND"},"airline":{"id":6772495749,"iataCode":"191","name":"Air XXXXX X.X.X. XXX XXX XXXXX X.X.X."},"level":"card","card":{"id":677200000000001,"bsp":{"id":6772},"agent":{"id":67728121095,"iataCode":"8121095","name":"LE XXXX XXX XXXXX XX","bsp":{"id":6772},"active":true},"cardNumber":"558265XXXXXX6029","expiryDate":"11/21","issuerName":"TAHAR KHADRAOUI AIR MARIN SUISSE","paymentNetwork":"CA","cardType":"Corporate","companyName":"AIR MARIN SUISSE"},"type":"no","effectiveFrom":"2019-07-05","effectiveTo":"2020-02-20","status":"Inactive"},{"id":677200000001276,"bsp":{"id":6772,"isoCountryCode":"CH","name":"SWITZERLAND"},"airline":{"id":6772495749,"iataCode":"191","name":"Air XXXXX X.X.X. XXX XXX XXXXX X.X.X."},"level":"card","card":{"id":677200000000004,"bsp":{"id":6772},"agent":{"id":67728120025,"iataCode":"8120025","name":"CWT","bsp":{"id":6772},"active":true},"cardNumber":"519396XXXXXX3485","expiryDate":"10/30","issuerName":"FAC","paymentNetwork":"CA","cardType":"Consumer"},"type":"no","effectiveFrom":"2021-03-04","effectiveTo":"2022-01-25","status":"Inactive"},{"id":677200000001611,"bsp":{"id":6772,"isoCountryCode":"CH","name":"SWITZERLAND"},"airline":{"id":6772495749,"iataCode":"191","name":"Air XXXXX X.X.X. XXX XXX XXXXX X.X.X."},"level":"card","card":{"id":677200000000006,"bsp":{"id":6772},"agent":{"id":67728120025,"iataCode":"8120025","name":"CWT","bsp":{"id":6772},"active":true},"cardNumber":"519123XXXXXX4011","expiryDate":"11/30","issuerName":"TRR","paymentNetwork":"CA","cardType":"Corporate","companyName":"provincia san anton"},"type":"no","effectiveFrom":"2022-01-25","effectiveTo":"2022-03-03","status":"Inactive"},{"id":677200000001452,"bsp":{"id":6772,"isoCountryCode":"CH","name":"SWITZERLAND"},"airline":{"id":6772495749,"iataCode":"191","name":"Air XXXXX X.X.X. XXX XXX XXXXX X.X.X."},"level":"card","card":{"id":677200000000005,"bsp":{"id":6772},"agent":{"id":67728120025,"iataCode":"8120025","name":"CWT","bsp":{"id":6772},"active":true},"cardNumber":"519123XXXXXX4011","expiryDate":"10/30","issuerName":"FAC","paymentNetwork":"CA","cardType":"Corporate","companyName":"provincia san anton"},"type":"no","effectiveFrom":"2022-01-25","effectiveTo":"2022-03-03","status":"Inactive"},{"id":677200000002365,"bsp":{"id":6772,"isoCountryCode":"CH","name":"SWITZERLAND"},"airline":{"id":6772495749,"iataCode":"191","name":"Air XXXXX X.X.X. XXX XXX XXXXX X.X.X."},"level":"card","card":{"id":677200000000011,"bsp":{"id":6772},"agent":{"id":67728120012,"iataCode":"8120012","name":"ATG XXXXXXXXXXX","bsp":{"id":6772},"active":true},"cardNumber":"376010XXXXX1003","expiryDate":"12/23","issuerName":"AX","paymentNetwork":"AX","cardType":"Consumer"},"type":"no","effectiveFrom":"2022-02-28","effectiveTo":"2022-03-03","status":"Inactive"},{"id":677200000002224,"bsp":{"id":6772,"isoCountryCode":"CH","name":"SWITZERLAND"},"airline":{"id":6772495749,"iataCode":"191","name":"Air XXXXX X.X.X. XXX XXX XXXXX X.X.X."},"level":"card","card":{"id":677200000000010,"bsp":{"id":6772},"agent":{"id":67728127904,"iataCode":"8127904","name":"VOYXXXXXXX","bsp":{"id":6772},"active":true},"cardNumber":"456480XXXXXX6349","expiryDate":"12/23","issuerName":"SDFDSFJDSFDSHJFDSSFDSFDSFDSFSDSFDFDSFDSFDSDSFSDFDS","paymentNetwork":"VI","cardType":"Consumer"},"type":"no","effectiveFrom":"2022-02-02","effectiveTo":"2022-03-03","status":"Inactive"},{"id":677200000002072,"bsp":{"id":6772,"isoCountryCode":"CH","name":"SWITZERLAND"},"airline":{"id":6772495749,"iataCode":"191","name":"Air XXXXX X.X.X. XXX XXX XXXXX X.X.X."},"level":"card","card":{"id":677200000000009,"bsp":{"id":6772},"agent":{"id":67728127904,"iataCode":"8127904","name":"VOYXXXXXXX","bsp":{"id":6772},"active":true},"cardNumber":"456480XXXXXX6349","expiryDate":"11/31","issuerName":"CARLOS","paymentNetwork":"VI","cardType":"Corporate","companyName":"Accelya"},"type":"no","effectiveFrom":"2022-02-02","effectiveTo":"2022-03-03","status":"Inactive"},{"id":677200000003720,"bsp":{"id":6772,"isoCountryCode":"CH","name":"SWITZERLAND"},"airline":{"id":6772495749,"iataCode":"191","name":"Air XXXXX X.X.X. XXX XXX XXXXX X.X.X."},"level":"card","card":{"id":677200000000011,"bsp":{"id":6772},"agent":{"id":67728120012,"iataCode":"8120012","name":"ATG XXXXXXXXXXX","bsp":{"id":6772},"active":true},"cardNumber":"376010XXXXX1003","expiryDate":"12/23","issuerName":"AX","paymentNetwork":"AX","cardType":"Consumer"},"type":"no","effectiveFrom":"2022-03-04","effectiveTo":"2022-05-05","status":"Inactive"},{"id":677200000003275,"bsp":{"id":6772,"isoCountryCode":"CH","name":"SWITZERLAND"},"airline":{"id":6772495749,"iataCode":"191","name":"Air XXXXX X.X.X. XXX XXX XXXXX X.X.X."},"level":"card","card":{"id":677200000000008,"bsp":{"id":6772},"agent":{"id":67728127904,"iataCode":"8127904","name":"VOYXXXXXXX","bsp":{"id":6772},"active":true},"cardNumber":"456480XXXXXX6349","expiryDate":"12/34","issuerName":"CARLOS","paymentNetwork":"VI","cardType":"Corporate","companyName":"Accelya"},"type":"no","effectiveFrom":"2022-03-04","effectiveTo":"2022-12-20","status":"Inactive"},{"id":677200000003123,"bsp":{"id":6772,"isoCountryCode":"CH","name":"SWITZERLAND"},"airline":{"id":6772495749,"iataCode":"191","name":"Air XXXXX X.X.X. XXX XXX XXXXX X.X.X."},"level":"card","card":{"id":677200000000007,"bsp":{"id":6772},"agent":{"id":67728127904,"iataCode":"8127904","name":"VOYXXXXXXX","bsp":{"id":6772},"active":true},"cardNumber":"456480XXXXXX6349","expiryDate":"10/31","issuerName":"PEPE","paymentNetwork":"VI","cardType":"Consumer"},"type":"no","effectiveFrom":"2022-03-04","effectiveTo":"2022-12-20","status":"Inactive"},{"id":677200000002967,"bsp":{"id":6772,"isoCountryCode":"CH","name":"SWITZERLAND"},"airline":{"id":6772495749,"iataCode":"191","name":"Air XXXXX X.X.X. XXX XXX XXXXX X.X.X."},"level":"card","card":{"id":677200000000006,"bsp":{"id":6772},"agent":{"id":67728120025,"iataCode":"8120025","name":"CWT","bsp":{"id":6772},"active":true},"cardNumber":"519123XXXXXX4011","expiryDate":"11/30","issuerName":"TRR","paymentNetwork":"CA","cardType":"Corporate","companyName":"provincia san anton"},"type":"no","effectiveFrom":"2022-03-04","effectiveTo":"2022-12-20","status":"Inactive"},{"id":677200000003579,"bsp":{"id":6772,"isoCountryCode":"CH","name":"SWITZERLAND"},"airline":{"id":6772495749,"iataCode":"191","name":"Air XXXXX X.X.X. XXX XXX XXXXX X.X.X."},"level":"card","card":{"id":677200000000010,"bsp":{"id":6772},"agent":{"id":67728127904,"iataCode":"8127904","name":"VOYXXXXXXX","bsp":{"id":6772},"active":true},"cardNumber":"456480XXXXXX6349","expiryDate":"12/23","issuerName":"SDFDSFJDSFDSHJFDSSFDSFDSFDSFSDSFDFDSFDSFDSDSFSDFDS","paymentNetwork":"VI","cardType":"Consumer"},"type":"no","effectiveFrom":"2022-03-04","effectiveTo":"2022-12-20","status":"Inactive"},{"id":677200000003427,"bsp":{"id":6772,"isoCountryCode":"CH","name":"SWITZERLAND"},"airline":{"id":6772495749,"iataCode":"191","name":"Air XXXXX X.X.X. XXX XXX XXXXX X.X.X."},"level":"card","card":{"id":677200000000009,"bsp":{"id":6772},"agent":{"id":67728127904,"iataCode":"8127904","name":"VOYXXXXXXX","bsp":{"id":6772},"active":true},"cardNumber":"456480XXXXXX6349","expiryDate":"11/31","issuerName":"CARLOS","paymentNetwork":"VI","cardType":"Corporate","companyName":"Accelya"},"type":"no","effectiveFrom":"2022-03-04","effectiveTo":"2022-12-20","status":"Inactive"},{"id":677200000002808,"bsp":{"id":6772,"isoCountryCode":"CH","name":"SWITZERLAND"},"airline":{"id":6772495749,"iataCode":"191","name":"Air XXXXX X.X.X. XXX XXX XXXXX X.X.X."},"level":"card","card":{"id":677200000000005,"bsp":{"id":6772},"agent":{"id":67728120025,"iataCode":"8120025","name":"CWT","bsp":{"id":6772},"active":true},"cardNumber":"519123XXXXXX4011","expiryDate":"10/30","issuerName":"FAC","paymentNetwork":"CA","cardType":"Corporate","companyName":"provincia san anton"},"type":"no","effectiveFrom":"2022-03-04","effectiveTo":"2022-12-20","status":"Inactive"},{"id":677200000002664,"bsp":{"id":6772,"isoCountryCode":"CH","name":"SWITZERLAND"},"airline":{"id":6772495749,"iataCode":"191","name":"Air XXXXX X.X.X. XXX XXX XXXXX X.X.X."},"level":"card","card":{"id":677200000000002,"bsp":{"id":6772},"agent":{"id":67728121095,"iataCode":"8121095","name":"LE XXXX XXX XXXXX XX","bsp":{"id":6772},"active":true},"cardNumber":"490118XXXXXX0610","expiryDate":"09/22","issuerName":"KHADRAOUI TAHAR","paymentNetwork":"VI","cardType":"Consumer"},"type":"no","effectiveFrom":"2022-03-04","effectiveTo":"2022-10-03","status":"Inactive"},{"id":677200000003839,"bsp":{"id":6772,"isoCountryCode":"CH","name":"SWITZERLAND"},"airline":{"id":6772495749,"iataCode":"191","name":"Air XXXXX X.X.X. XXX XXX XXXXX X.X.X."},"level":"card","card":{"id":677200000000012,"bsp":{"id":6772},"agent":{"id":67728120012,"iataCode":"8120012","name":"ATG XXXXXXXXXXX","bsp":{"id":6772},"active":true},"cardNumber":"376010XXXXX1003","expiryDate":"12/23","issuerName":"AX","paymentNetwork":"AX","cardType":"Corporate","companyName":"AX"},"type":"no","effectiveFrom":"2022-06-07","effectiveTo":"2022-12-20","status":"Inactive"},{"id":677200000003958,"bsp":{"id":6772,"isoCountryCode":"CH","name":"SWITZERLAND"},"airline":{"id":6772495749,"iataCode":"191","name":"Air XXXXX X.X.X. XXX XXX XXXXX X.X.X."},"level":"card","card":{"id":677200000000013,"bsp":{"id":6772},"agent":{"id":67728120012,"iataCode":"8120012","name":"ATG XXXXXXXXXXX","bsp":{"id":6772},"active":true},"cardNumber":"376010XXXXX1003","expiryDate":"12/23","issuerName":"AX","paymentNetwork":"AX","cardType":"Corporate","companyName":"AX"},"type":"no","effectiveFrom":"2022-06-07","effectiveTo":"2022-12-20","status":"Inactive"},{"id":677200000005750,"bsp":{"id":6772,"isoCountryCode":"CH","name":"SWITZERLAND"},"airline":{"id":6772495749,"iataCode":"191","name":"Air XXXXX X.X.X. XXX XXX XXXXX X.X.X."},"level":"card","card":{"id":677200000000012,"bsp":{"id":6772},"agent":{"id":67728120012,"iataCode":"8120012","name":"ATG XXXXXXXXXXX","bsp":{"id":6772},"active":true},"cardNumber":"376010XXXXX1003","expiryDate":"12/23","issuerName":"AX","paymentNetwork":"AX","cardType":"Corporate","companyName":"AX"},"type":"no","effectiveFrom":"2022-12-21","effectiveTo":"2022-12-22","status":"Inactive"},{"id":677200000005609,"bsp":{"id":6772,"isoCountryCode":"CH","name":"SWITZERLAND"},"airline":{"id":6772495749,"iataCode":"191","name":"Air XXXXX X.X.X. XXX XXX XXXXX X.X.X."},"level":"card","card":{"id":677200000000010,"bsp":{"id":6772},"agent":{"id":67728127904,"iataCode":"8127904","name":"VOYXXXXXXX","bsp":{"id":6772},"active":true},"cardNumber":"456480XXXXXX6349","expiryDate":"12/23","issuerName":"SDFDSFJDSFDSHJFDSSFDSFDSFDSFSDSFDFDSFDSFDSDSFSDFDS","paymentNetwork":"VI","cardType":"Consumer"},"type":"no","effectiveFrom":"2022-12-21","effectiveTo":"2022-12-22","status":"Inactive"},{"id":677200000006226,"bsp":{"id":6772,"isoCountryCode":"CH","name":"SWITZERLAND"},"airline":{"id":6772495749,"iataCode":"191","name":"Air XXXXX X.X.X. XXX XXX XXXXX X.X.X."},"level":"card","card":{"id":677200000000020,"bsp":{"id":6772},"agent":{"id":67728120012,"iataCode":"8120012","name":"ATG XXXXXXXXXXX","bsp":{"id":6772},"active":true},"cardNumber":"519396XXXXXX3484","expiryDate":"07/23","issuerName":"NEWFIVE","paymentNetwork":"CA","cardType":"Consumer"},"type":"no","effectiveFrom":"2022-12-21","effectiveTo":"2022-12-22","status":"Inactive"},{"id":677200000006107,"bsp":{"id":6772,"isoCountryCode":"CH","name":"SWITZERLAND"},"airline":{"id":6772495749,"iataCode":"191","name":"Air XXXXX X.X.X. XXX XXX XXXXX X.X.X."},"level":"card","card":{"id":677200000000015,"bsp":{"id":6772},"agent":{"id":67728120012,"iataCode":"8120012","name":"ATG XXXXXXXXXXX","bsp":{"id":6772},"active":true},"cardNumber":"519396XXXXXX3484","expiryDate":"08/23","issuerName":"CA","paymentNetwork":"CA","cardType":"Consumer"},"type":"no","effectiveFrom":"2022-12-21","effectiveTo":"2022-12-22","status":"Inactive"},{"id":677200000005305,"bsp":{"id":6772,"isoCountryCode":"CH","name":"SWITZERLAND"},"airline":{"id":6772495749,"iataCode":"191","name":"Air XXXXX X.X.X. XXX XXX XXXXX X.X.X."},"level":"card","card":{"id":677200000000008,"bsp":{"id":6772},"agent":{"id":67728127904,"iataCode":"8127904","name":"VOYXXXXXXX","bsp":{"id":6772},"active":true},"cardNumber":"456480XXXXXX6349","expiryDate":"12/34","issuerName":"CARLOS","paymentNetwork":"VI","cardType":"Corporate","companyName":"Accelya"},"type":"no","effectiveFrom":"2022-12-21","effectiveTo":"2022-12-22","status":"Inactive"},{"id":677200000005457,"bsp":{"id":6772,"isoCountryCode":"CH","name":"SWITZERLAND"},"airline":{"id":6772495749,"iataCode":"191","name":"Air XXXXX X.X.X. XXX XXX XXXXX X.X.X."},"level":"card","card":{"id":677200000000009,"bsp":{"id":6772},"agent":{"id":67728127904,"iataCode":"8127904","name":"VOYXXXXXXX","bsp":{"id":6772},"active":true},"cardNumber":"456480XXXXXX6349","expiryDate":"11/31","issuerName":"CARLOS","paymentNetwork":"VI","cardType":"Corporate","companyName":"Accelya"},"type":"no","effectiveFrom":"2022-12-21","effectiveTo":"2022-12-22","status":"Inactive"},{"id":677200000005869,"bsp":{"id":6772,"isoCountryCode":"CH","name":"SWITZERLAND"},"airline":{"id":6772495749,"iataCode":"191","name":"Air XXXXX X.X.X. XXX XXX XXXXX X.X.X."},"level":"card","card":{"id":677200000000013,"bsp":{"id":6772},"agent":{"id":67728120012,"iataCode":"8120012","name":"ATG XXXXXXXXXXX","bsp":{"id":6772},"active":true},"cardNumber":"376010XXXXX1003","expiryDate":"12/23","issuerName":"AX","paymentNetwork":"AX","cardType":"Corporate","companyName":"AX"},"type":"no","effectiveFrom":"2022-12-21","effectiveTo":"2022-12-22","status":"Inactive"},{"id":677200000005988,"bsp":{"id":6772,"isoCountryCode":"CH","name":"SWITZERLAND"},"airline":{"id":6772495749,"iataCode":"191","name":"Air XXXXX X.X.X. XXX XXX XXXXX X.X.X."},"level":"card","card":{"id":677200000000014,"bsp":{"id":6772},"agent":{"id":67728120012,"iataCode":"8120012","name":"ATG XXXXXXXXXXX","bsp":{"id":6772},"active":true},"cardNumber":"456480XXXXXX6349","expiryDate":"11/24","issuerName":"VI","paymentNetwork":"VI","cardType":"Consumer"},"type":"no","effectiveFrom":"2022-12-21","effectiveTo":"2022-12-22","status":"Inactive"},{"id":677200000006345,"bsp":{"id":6772,"isoCountryCode":"CH","name":"SWITZERLAND"},"airline":{"id":6772495749,"iataCode":"191","name":"Air XXXXX X.X.X. XXX XXX XXXXX X.X.X."},"level":"card","card":{"id":677200000000021,"bsp":{"id":6772},"agent":{"id":67728120012,"iataCode":"8120012","name":"ATG XXXXXXXXXXX","bsp":{"id":6772},"active":true},"cardNumber":"519396XXXXXX3484","expiryDate":"06/27","issuerName":"NEWSIX - CHECK NOTIFICATION","paymentNetwork":"CA","cardType":"Consumer"},"type":"no","effectiveFrom":"2022-12-21","effectiveTo":"2022-12-22","status":"Inactive"}]}

09-10-2024T20:54:38 - [MESSAGE][FAILED] - {"pageNumber":0,"pageSize":100,"total":45,"records":[{"id":677200000006483,"bsp":{"id":6772,"isoCountryCode":"CH","name":"SWITZERLAND"},"airline":{"id":6772495749,"iataCode":"191","name":"Air XXXXX X.X.X. XXX XXX XXXXX X.X.X."},"level":"country","type":"no","effectiveFrom":"2023-03-15","status":"Active"},{"id":677200000000067,"bsp":{"id":6772,"isoCountryCode":"CH","name":"SWITZERLAND"},"airline":{"id":6772495749,"iataCode":"191","name":"Air XXXXX X.X.X. XXX XXX XXXXX X.X.X."},"level":"country","type":"no","effectiveFrom":"2019-07-01","effectiveTo":"2020-02-20","status":"Inactive"},{"id":677200000004665,"bsp":{"id":6772,"isoCountryCode":"CH","name":"SWITZERLAND"},"airline":{"id":6772495749,"iataCode":"191","name":"Air XXXXX X.X.X. XXX XXX XXXXX X.X.X."},"level":"country","type":"no","effectiveFrom":"2022-12-21","effectiveTo":"2022-12-22","status":"Inactive"},{"id":677200000000704,"bsp":{"id":6772,"isoCountryCode":"CH","name":"SWITZERLAND"},"airline":{"id":6772495749,"iataCode":"191","name":"Air XXXXX X.X.X. XXX XXX XXXXX X.X.X."},"level":"country","type":"no","effectiveFrom":"2021-02-05","effectiveTo":"2022-03-03","status":"Inactive"},{"id":677200000002503,"bsp":{"id":6772,"isoCountryCode":"CH","name":"SWITZERLAND"},"airline":{"id":6772495749,"iataCode":"191","name":"Air XXXXX X.X.X. XXX XXX XXXXX X.X.X."},"level":"country","type":"no","effectiveFrom":"2022-03-04","effectiveTo":"2022-12-20","status":"Inactive"},{"id":677200000000997,"bsp":{"id":6772,"isoCountryCode":"CH","name":"SWITZERLAND"},"airline":{"id":6772495749,"iataCode":"191","name":"Air XXXXX X.X.X. XXX XXX XXXXX X.X.X."},"level":"card","card":{"id":677200000000002,"bsp":{"id":6772},"agent":{"id":67728121095,"iataCode":"8121095","name":"LE XXXX XXX XXXXX XX","bsp":{"id":6772},"active":true},"cardNumber":"490118XXXXXX0610","expiryDate":"09/22","issuerName":"KHADRAOUI TAHAR","paymentNetwork":"VI","cardType":"Consumer"},"type":"no","effectiveFrom":"2021-02-05","effectiveTo":"2022-03-03","status":"Inactive"},{"id":677200000001768,"bsp":{"id":6772,"isoCountryCode":"CH","name":"SWITZERLAND"},"airline":{"id":6772495749,"iataCode":"191","name":"Air XXXXX X.X.X. XXX XXX XXXXX X.X.X."},"level":"card","card":{"id":677200000000007,"bsp":{"id":6772},"agent":{"id":67728127904,"iataCode":"8127904","name":"VOYXXXXXXX","bsp":{"id":6772},"active":true},"cardNumber":"456480XXXXXX6349","expiryDate":"10/31","issuerName":"PEPE","paymentNetwork":"VI","cardType":"Consumer"},"type":"no","effectiveFrom":"2022-02-02","effectiveTo":"2022-03-03","status":"Inactive"},{"id":677200000001920,"bsp":{"id":6772,"isoCountryCode":"CH","name":"SWITZERLAND"},"airline":{"id":6772495749,"iataCode":"191","name":"Air XXXXX X.X.X. XXX XXX XXXXX X.X.X."},"level":"card","card":{"id":677200000000008,"bsp":{"id":6772},"agent":{"id":67728127904,"iataCode":"8127904","name":"VOYXXXXXXX","bsp":{"id":6772},"active":true},"cardNumber":"456480XXXXXX6349","expiryDate":"12/34","issuerName":"CARLOS","paymentNetwork":"VI","cardType":"Corporate","companyName":"Accelya"},"type":"no","effectiveFrom":"2022-02-02","effectiveTo":"2022-03-03","status":"Inactive"},{"id":677200000004838,"bsp":{"id":6772,"isoCountryCode":"CH","name":"SWITZERLAND"},"airline":{"id":6772495749,"iataCode":"191","name":"Air XXXXX X.X.X. XXX XXX XXXXX X.X.X."},"level":"card","card":{"id":677200000000005,"bsp":{"id":6772},"agent":{"id":67728120025,"iataCode":"8120025","name":"CWT","bsp":{"id":6772},"active":true},"cardNumber":"519123XXXXXX4011","expiryDate":"10/30","issuerName":"FAC","paymentNetwork":"CA","cardType":"Corporate","companyName":"provincia san anton"},"type":"no","effectiveFrom":"2022-12-21","effectiveTo":"2022-12-22","status":"Inactive"},{"id":677200000004997,"bsp":{"id":6772,"isoCountryCode":"CH","name":"SWITZERLAND"},"airline":{"id":6772495749,"iataCode":"191","name":"Air XXXXX X.X.X. XXX XXX XXXXX X.X.X."},"level":"card","card":{"id":677200000000006,"bsp":{"id":6772},"agent":{"id":67728120025,"iataCode":"8120025","name":"CWT","bsp":{"id":6772},"active":true},"cardNumber":"519123XXXXXX4011","expiryDate":"11/30","issuerName":"TRR","paymentNetwork":"CA","cardType":"Corporate","companyName":"provincia san anton"},"type":"no","effectiveFrom":"2022-12-21","effectiveTo":"2022-12-22","status":"Inactive"},{"id":677200000004526,"bsp":{"id":6772,"isoCountryCode":"CH","name":"SWITZERLAND"},"airline":{"id":6772495749,"iataCode":"191","name":"Air XXXXX X.X.X. XXX XXX XXXXX X.X.X."},"level":"card","card":{"id":677200000000021,"bsp":{"id":6772},"agent":{"id":67728120012,"iataCode":"8120012","name":"ATG XXXXXXXXXXX","bsp":{"id":6772},"active":true},"cardNumber":"519396XXXXXX3484","expiryDate":"06/27","issuerName":"NEWSIX - CHECK NOTIFICATION","paymentNetwork":"CA","cardType":"Consumer"},"type":"no","effectiveFrom":"2022-10-13","effectiveTo":"2022-12-20","status":"Inactive"},{"id":677200000004407,"bsp":{"id":6772,"isoCountryCode":"CH","name":"SWITZERLAND"},"airline":{"id":6772495749,"iataCode":"191","name":"Air XXXXX X.X.X. XXX XXX XXXXX X.X.X."},"level":"card","card":{"id":677200000000020,"bsp":{"id":6772},"agent":{"id":67728120012,"iataCode":"8120012","name":"ATG XXXXXXXXXXX","bsp":{"id":6772},"active":true},"cardNumber":"519396XXXXXX3484","expiryDate":"07/23","issuerName":"NEWFIVE","paymentNetwork":"CA","cardType":"Consumer"},"type":"no","effectiveFrom":"2022-10-13","effectiveTo":"2022-12-20","status":"Inactive"},{"id":677200000005153,"bsp":{"id":6772,"isoCountryCode":"CH","name":"SWITZERLAND"},"airline":{"id":6772495749,"iataCode":"191","name":"Air XXXXX X.X.X. XXX XXX XXXXX X.X.X."},"level":"card","card":{"id":677200000000007,"bsp":{"id":6772},"agent":{"id":67728127904,"iataCode":"8127904","name":"VOYXXXXXXX","bsp":{"id":6772},"active":true},"cardNumber":"456480XXXXXX6349","expiryDate":"10/31","issuerName":"PEPE","paymentNetwork":"VI","cardType":"Consumer"},"type":"no","effectiveFrom":"2022-12-21","effectiveTo":"2022-12-22","status":"Inactive"},{"id":677200000004196,"bsp":{"id":6772,"isoCountryCode":"CH","name":"SWITZERLAND"},"airline":{"id":6772495749,"iataCode":"191","name":"Air XXXXX X.X.X. XXX XXX XXXXX X.X.X."},"level":"card","card":{"id":677200000000015,"bsp":{"id":6772},"agent":{"id":67728120012,"iataCode":"8120012","name":"ATG XXXXXXXXXXX","bsp":{"id":6772},"active":true},"cardNumber":"519396XXXXXX3484","expiryDate":"08/23","issuerName":"CA","paymentNetwork":"CA","cardType":"Consumer"},"type":"no","effectiveFrom":"2022-06-07","effectiveTo":"2022-12-20","status":"Inactive"},{"id":677200000004077,"bsp":{"id":6772,"isoCountryCode":"CH","name":"SWITZERLAND"},"airline":{"id":6772495749,"iataCode":"191","name":"Air XXXXX X.X.X. XXX XXX XXXXX X.X.X."},"level":"card","card":{"id":677200000000014,"bsp":{"id":6772},"agent":{"id":67728120012,"iataCode":"8120012","name":"ATG XXXXXXXXXXX","bsp":{"id":6772},"active":true},"cardNumber":"456480XXXXXX6349","expiryDate":"11/24","issuerName":"VI","paymentNetwork":"VI","cardType":"Consumer"},"type":"no","effectiveFrom":"2022-06-07","effectiveTo":"2022-12-20","status":"Inactive"},{"id":677200000001131,"bsp":{"id":6772,"isoCountryCode":"CH","name":"SWITZERLAND"},"airline":{"id":6772495749,"iataCode":"191","name":"Air XXXXX X.X.X. XXX XXX XXXXX X.X.X."},"level":"card","card":{"id":677200000000003,"bsp":{"id":6772},"agent":{"id":67728121095,"iataCode":"8121095","name":"LE XXXX XXX XXXXX XX","bsp":{"id":6772},"active":true},"cardNumber":"485753XXXXXX3403","expiryDate":"05/21","issuerName":"KHADRAOUI TAHAR LE MUST AIR MARIN SA","paymentNetwork":"VI","cardType":"Corporate","companyName":"LE MUST AIR MARIN SA"},"type":"no","effectiveFrom":"2021-02-05","effectiveTo":"2021-06-01","status":"Inactive"},{"id":677200000000863,"bsp":{"id":6772,"isoCountryCode":"CH","name":"SWITZERLAND"},"airline":{"id":6772495749,"iataCode":"191","name":"Air XXXXX X.X.X. XXX XXX XXXXX X.X.X."},"level":"card","card":{"id":677200000000001,"bsp":{"id":6772},"agent":{"id":67728121095,"iataCode":"8121095","name":"LE XXXX XXX XXXXX XX","bsp":{"id":6772},"active":true},"cardNumber":"558265XXXXXX6029","expiryDate":"11/21","issuerName":"TAHAR KHADRAOUI AIR MARIN SUISSE","paymentNetwork":"CA","cardType":"Corporate","companyName":"AIR MARIN SUISSE"},"type":"no","effectiveFrom":"2021-02-05","effectiveTo":"2021-12-01","status":"Inactive"},{"id":677200000000526,"bsp":{"id":6772,"isoCountryCode":"CH","name":"SWITZERLAND"},"airline":{"id":6772495749,"iataCode":"191","name":"Air XXXXX X.X.X. XXX XXX XXXXX X.X.X."},"level":"card","card":{"id":677200000000003,"bsp":{"id":6772},"agent":{"id":67728121095,"iataCode":"8121095","name":"LE XXXX XXX XXXXX XX","bsp":{"id":6772},"active":true},"cardNumber":"485753XXXXXX3403","expiryDate":"05/21","issuerName":"KHADRAOUI TAHAR LE MUST AIR MARIN SA","paymentNetwork":"VI","cardType":"Corporate","companyName":"LE MUST AIR MARIN SA"},"type":"no","effectiveFrom":"2019-07-05","effectiveTo":"2020-02-20","status":"Inactive"},{"id":677200000000378,"bsp":{"id":6772,"isoCountryCode":"CH","name":"SWITZERLAND"},"airline":{"id":6772495749,"iataCode":"191","name":"Air XXXXX X.X.X. XXX XXX XXXXX X.X.X."},"level":"card","card":{"id":677200000000002,"bsp":{"id":6772},"agent":{"id":67728121095,"iataCode":"8121095","name":"LE XXXX XXX XXXXX XX","bsp":{"id":6772},"active":true},"cardNumber":"490118XXXXXX0610","expiryDate":"09/22","issuerName":"KHADRAOUI TAHAR","paymentNetwork":"VI","cardType":"Consumer"},"type":"no","effectiveFrom":"2019-07-05","effectiveTo":"2020-02-20","status":"Inactive"},{"id":677200000000230,"bsp":{"id":6772,"isoCountryCode":"CH","name":"SWITZERLAND"},"airline":{"id":6772495749,"iataCode":"191","name":"Air XXXXX X.X.X. XXX XXX XXXXX X.X.X."},"level":"card","card":{"id":677200000000001,"bsp":{"id":6772},"agent":{"id":67728121095,"iataCode":"8121095","name":"LE XXXX XXX XXXXX XX","bsp":{"id":6772},"active":true},"cardNumber":"558265XXXXXX6029","expiryDate":"11/21","issuerName":"TAHAR KHADRAOUI AIR MARIN SUISSE","paymentNetwork":"CA","cardType":"Corporate","companyName":"AIR MARIN SUISSE"},"type":"no","effectiveFrom":"2019-07-05","effectiveTo":"2020-02-20","status":"Inactive"},{"id":677200000001276,"bsp":{"id":6772,"isoCountryCode":"CH","name":"SWITZERLAND"},"airline":{"id":6772495749,"iataCode":"191","name":"Air XXXXX X.X.X. XXX XXX XXXXX X.X.X."},"level":"card","card":{"id":677200000000004,"bsp":{"id":6772},"agent":{"id":67728120025,"iataCode":"8120025","name":"CWT","bsp":{"id":6772},"active":true},"cardNumber":"519396XXXXXX3485","expiryDate":"10/30","issuerName":"FAC","paymentNetwork":"CA","cardType":"Consumer"},"type":"no","effectiveFrom":"2021-03-04","effectiveTo":"2022-01-25","status":"Inactive"},{"id":677200000001611,"bsp":{"id":6772,"isoCountryCode":"CH","name":"SWITZERLAND"},"airline":{"id":6772495749,"iataCode":"191","name":"Air XXXXX X.X.X. XXX XXX XXXXX X.X.X."},"level":"card","card":{"id":677200000000006,"bsp":{"id":6772},"agent":{"id":67728120025,"iataCode":"8120025","name":"CWT","bsp":{"id":6772},"active":true},"cardNumber":"519123XXXXXX4011","expiryDate":"11/30","issuerName":"TRR","paymentNetwork":"CA","cardType":"Corporate","companyName":"provincia san anton"},"type":"no","effectiveFrom":"2022-01-25","effectiveTo":"2022-03-03","status":"Inactive"},{"id":677200000001452,"bsp":{"id":6772,"isoCountryCode":"CH","name":"SWITZERLAND"},"airline":{"id":6772495749,"iataCode":"191","name":"Air XXXXX X.X.X. XXX XXX XXXXX X.X.X."},"level":"card","card":{"id":677200000000005,"bsp":{"id":6772},"agent":{"id":67728120025,"iataCode":"8120025","name":"CWT","bsp":{"id":6772},"active":true},"cardNumber":"519123XXXXXX4011","expiryDate":"10/30","issuerName":"FAC","paymentNetwork":"CA","cardType":"Corporate","companyName":"provincia san anton"},"type":"no","effectiveFrom":"2022-01-25","effectiveTo":"2022-03-03","status":"Inactive"},{"id":677200000002365,"bsp":{"id":6772,"isoCountryCode":"CH","name":"SWITZERLAND"},"airline":{"id":6772495749,"iataCode":"191","name":"Air XXXXX X.X.X. XXX XXX XXXXX X.X.X."},"level":"card","card":{"id":677200000000011,"bsp":{"id":6772},"agent":{"id":67728120012,"iataCode":"8120012","name":"ATG XXXXXXXXXXX","bsp":{"id":6772},"active":true},"cardNumber":"376010XXXXX1003","expiryDate":"12/23","issuerName":"AX","paymentNetwork":"AX","cardType":"Consumer"},"type":"no","effectiveFrom":"2022-02-28","effectiveTo":"2022-03-03","status":"Inactive"},{"id":677200000002224,"bsp":{"id":6772,"isoCountryCode":"CH","name":"SWITZERLAND"},"airline":{"id":6772495749,"iataCode":"191","name":"Air XXXXX X.X.X. XXX XXX XXXXX X.X.X."},"level":"card","card":{"id":677200000000010,"bsp":{"id":6772},"agent":{"id":67728127904,"iataCode":"8127904","name":"VOYXXXXXXX","bsp":{"id":6772},"active":true},"cardNumber":"456480XXXXXX6349","expiryDate":"12/23","issuerName":"SDFDSFJDSFDSHJFDSSFDSFDSFDSFSDSFDFDSFDSFDSDSFSDFDS","paymentNetwork":"VI","cardType":"Consumer"},"type":"no","effectiveFrom":"2022-02-02","effectiveTo":"2022-03-03","status":"Inactive"},{"id":677200000002072,"bsp":{"id":6772,"isoCountryCode":"CH","name":"SWITZERLAND"},"airline":{"id":6772495749,"iataCode":"191","name":"Air XXXXX X.X.X. XXX XXX XXXXX X.X.X."},"level":"card","card":{"id":677200000000009,"bsp":{"id":6772},"agent":{"id":67728127904,"iataCode":"8127904","name":"VOYXXXXXXX","bsp":{"id":6772},"active":true},"cardNumber":"456480XXXXXX6349","expiryDate":"11/31","issuerName":"CARLOS","paymentNetwork":"VI","cardType":"Corporate","companyName":"Accelya"},"type":"no","effectiveFrom":"2022-02-02","effectiveTo":"2022-03-03","status":"Inactive"},{"id":677200000003720,"bsp":{"id":6772,"isoCountryCode":"CH","name":"SWITZERLAND"},"airline":{"id":6772495749,"iataCode":"191","name":"Air XXXXX X.X.X. XXX XXX XXXXX X.X.X."},"level":"card","card":{"id":677200000000011,"bsp":{"id":6772},"agent":{"id":67728120012,"iataCode":"8120012","name":"ATG XXXXXXXXXXX","bsp":{"id":6772},"active":true},"cardNumber":"376010XXXXX1003","expiryDate":"12/23","issuerName":"AX","paymentNetwork":"AX","cardType":"Consumer"},"type":"no","effectiveFrom":"2022-03-04","effectiveTo":"2022-05-05","status":"Inactive"},{"id":677200000003275,"bsp":{"id":6772,"isoCountryCode":"CH","name":"SWITZERLAND"},"airline":{"id":6772495749,"iataCode":"191","name":"Air XXXXX X.X.X. XXX XXX XXXXX X.X.X."},"level":"card","card":{"id":677200000000008,"bsp":{"id":6772},"agent":{"id":67728127904,"iataCode":"8127904","name":"VOYXXXXXXX","bsp":{"id":6772},"active":true},"cardNumber":"456480XXXXXX6349","expiryDate":"12/34","issuerName":"CARLOS","paymentNetwork":"VI","cardType":"Corporate","companyName":"Accelya"},"type":"no","effectiveFrom":"2022-03-04","effectiveTo":"2022-12-20","status":"Inactive"},{"id":677200000003123,"bsp":{"id":6772,"isoCountryCode":"CH","name":"SWITZERLAND"},"airline":{"id":6772495749,"iataCode":"191","name":"Air XXXXX X.X.X. XXX XXX XXXXX X.X.X."},"level":"card","card":{"id":677200000000007,"bsp":{"id":6772},"agent":{"id":67728127904,"iataCode":"8127904","name":"VOYXXXXXXX","bsp":{"id":6772},"active":true},"cardNumber":"456480XXXXXX6349","expiryDate":"10/31","issuerName":"PEPE","paymentNetwork":"VI","cardType":"Consumer"},"type":"no","effectiveFrom":"2022-03-04","effectiveTo":"2022-12-20","status":"Inactive"},{"id":677200000002967,"bsp":{"id":6772,"isoCountryCode":"CH","name":"SWITZERLAND"},"airline":{"id":6772495749,"iataCode":"191","name":"Air XXXXX X.X.X. XXX XXX XXXXX X.X.X."},"level":"card","card":{"id":677200000000006,"bsp":{"id":6772},"agent":{"id":67728120025,"iataCode":"8120025","name":"CWT","bsp":{"id":6772},"active":true},"cardNumber":"519123XXXXXX4011","expiryDate":"11/30","issuerName":"TRR","paymentNetwork":"CA","cardType":"Corporate","companyName":"provincia san anton"},"type":"no","effectiveFrom":"2022-03-04","effectiveTo":"2022-12-20","status":"Inactive"},{"id":677200000003579,"bsp":{"id":6772,"isoCountryCode":"CH","name":"SWITZERLAND"},"airline":{"id":6772495749,"iataCode":"191","name":"Air XXXXX X.X.X. XXX XXX XXXXX X.X.X."},"level":"card","card":{"id":677200000000010,"bsp":{"id":6772},"agent":{"id":67728127904,"iataCode":"8127904","name":"VOYXXXXXXX","bsp":{"id":6772},"active":true},"cardNumber":"456480XXXXXX6349","expiryDate":"12/23","issuerName":"SDFDSFJDSFDSHJFDSSFDSFDSFDSFSDSFDFDSFDSFDSDSFSDFDS","paymentNetwork":"VI","cardType":"Consumer"},"type":"no","effectiveFrom":"2022-03-04","effectiveTo":"2022-12-20","status":"Inactive"},{"id":677200000003427,"bsp":{"id":6772,"isoCountryCode":"CH","name":"SWITZERLAND"},"airline":{"id":6772495749,"iataCode":"191","name":"Air XXXXX X.X.X. XXX XXX XXXXX X.X.X."},"level":"card","card":{"id":677200000000009,"bsp":{"id":6772},"agent":{"id":67728127904,"iataCode":"8127904","name":"VOYXXXXXXX","bsp":{"id":6772},"active":true},"cardNumber":"456480XXXXXX6349","expiryDate":"11/31","issuerName":"CARLOS","paymentNetwork":"VI","cardType":"Corporate","companyName":"Accelya"},"type":"no","effectiveFrom":"2022-03-04","effectiveTo":"2022-12-20","status":"Inactive"},{"id":677200000002808,"bsp":{"id":6772,"isoCountryCode":"CH","name":"SWITZERLAND"},"airline":{"id":6772495749,"iataCode":"191","name":"Air XXXXX X.X.X. XXX XXX XXXXX X.X.X."},"level":"card","card":{"id":677200000000005,"bsp":{"id":6772},"agent":{"id":67728120025,"iataCode":"8120025","name":"CWT","bsp":{"id":6772},"active":true},"cardNumber":"519123XXXXXX4011","expiryDate":"10/30","issuerName":"FAC","paymentNetwork":"CA","cardType":"Corporate","companyName":"provincia san anton"},"type":"no","effectiveFrom":"2022-03-04","effectiveTo":"2022-12-20","status":"Inactive"},{"id":677200000002664,"bsp":{"id":6772,"isoCountryCode":"CH","name":"SWITZERLAND"},"airline":{"id":6772495749,"iataCode":"191","name":"Air XXXXX X.X.X. XXX XXX XXXXX X.X.X."},"level":"card","card":{"id":677200000000002,"bsp":{"id":6772},"agent":{"id":67728121095,"iataCode":"8121095","name":"LE XXXX XXX XXXXX XX","bsp":{"id":6772},"active":true},"cardNumber":"490118XXXXXX0610","expiryDate":"09/22","issuerName":"KHADRAOUI TAHAR","paymentNetwork":"VI","cardType":"Consumer"},"type":"no","effectiveFrom":"2022-03-04","effectiveTo":"2022-10-03","status":"Inactive"},{"id":677200000003839,"bsp":{"id":6772,"isoCountryCode":"CH","name":"SWITZERLAND"},"airline":{"id":6772495749,"iataCode":"191","name":"Air XXXXX X.X.X. XXX XXX XXXXX X.X.X."},"level":"card","card":{"id":677200000000012,"bsp":{"id":6772},"agent":{"id":67728120012,"iataCode":"8120012","name":"ATG XXXXXXXXXXX","bsp":{"id":6772},"active":true},"cardNumber":"376010XXXXX1003","expiryDate":"12/23","issuerName":"AX","paymentNetwork":"AX","cardType":"Corporate","companyName":"AX"},"type":"no","effectiveFrom":"2022-06-07","effectiveTo":"2022-12-20","status":"Inactive"},{"id":677200000003958,"bsp":{"id":6772,"isoCountryCode":"CH","name":"SWITZERLAND"},"airline":{"id":6772495749,"iataCode":"191","name":"Air XXXXX X.X.X. XXX XXX XXXXX X.X.X."},"level":"card","card":{"id":677200000000013,"bsp":{"id":6772},"agent":{"id":67728120012,"iataCode":"8120012","name":"ATG XXXXXXXXXXX","bsp":{"id":6772},"active":true},"cardNumber":"376010XXXXX1003","expiryDate":"12/23","issuerName":"AX","paymentNetwork":"AX","cardType":"Corporate","companyName":"AX"},"type":"no","effectiveFrom":"2022-06-07","effectiveTo":"2022-12-20","status":"Inactive"},{"id":677200000005750,"bsp":{"id":6772,"isoCountryCode":"CH","name":"SWITZERLAND"},"airline":{"id":6772495749,"iataCode":"191","name":"Air XXXXX X.X.X. XXX XXX XXXXX X.X.X."},"level":"card","card":{"id":677200000000012,"bsp":{"id":6772},"agent":{"id":67728120012,"iataCode":"8120012","name":"ATG XXXXXXXXXXX","bsp":{"id":6772},"active":true},"cardNumber":"376010XXXXX1003","expiryDate":"12/23","issuerName":"AX","paymentNetwork":"AX","cardType":"Corporate","companyName":"AX"},"type":"no","effectiveFrom":"2022-12-21","effectiveTo":"2022-12-22","status":"Inactive"},{"id":677200000005609,"bsp":{"id":6772,"isoCountryCode":"CH","name":"SWITZERLAND"},"airline":{"id":6772495749,"iataCode":"191","name":"Air XXXXX X.X.X. XXX XXX XXXXX X.X.X."},"level":"card","card":{"id":677200000000010,"bsp":{"id":6772},"agent":{"id":67728127904,"iataCode":"8127904","name":"VOYXXXXXXX","bsp":{"id":6772},"active":true},"cardNumber":"456480XXXXXX6349","expiryDate":"12/23","issuerName":"SDFDSFJDSFDSHJFDSSFDSFDSFDSFSDSFDFDSFDSFDSDSFSDFDS","paymentNetwork":"VI","cardType":"Consumer"},"type":"no","effectiveFrom":"2022-12-21","effectiveTo":"2022-12-22","status":"Inactive"},{"id":677200000006226,"bsp":{"id":6772,"isoCountryCode":"CH","name":"SWITZERLAND"},"airline":{"id":6772495749,"iataCode":"191","name":"Air XXXXX X.X.X. XXX XXX XXXXX X.X.X."},"level":"card","card":{"id":677200000000020,"bsp":{"id":6772},"agent":{"id":67728120012,"iataCode":"8120012","name":"ATG XXXXXXXXXXX","bsp":{"id":6772},"active":true},"cardNumber":"519396XXXXXX3484","expiryDate":"07/23","issuerName":"NEWFIVE","paymentNetwork":"CA","cardType":"Consumer"},"type":"no","effectiveFrom":"2022-12-21","effectiveTo":"2022-12-22","status":"Inactive"},{"id":677200000006107,"bsp":{"id":6772,"isoCountryCode":"CH","name":"SWITZERLAND"},"airline":{"id":6772495749,"iataCode":"191","name":"Air XXXXX X.X.X. XXX XXX XXXXX X.X.X."},"level":"card","card":{"id":677200000000015,"bsp":{"id":6772},"agent":{"id":67728120012,"iataCode":"8120012","name":"ATG XXXXXXXXXXX","bsp":{"id":6772},"active":true},"cardNumber":"519396XXXXXX3484","expiryDate":"08/23","issuerName":"CA","paymentNetwork":"CA","cardType":"Consumer"},"type":"no","effectiveFrom":"2022-12-21","effectiveTo":"2022-12-22","status":"Inactive"},{"id":677200000005305,"bsp":{"id":6772,"isoCountryCode":"CH","name":"SWITZERLAND"},"airline":{"id":6772495749,"iataCode":"191","name":"Air XXXXX X.X.X. XXX XXX XXXXX X.X.X."},"level":"card","card":{"id":677200000000008,"bsp":{"id":6772},"agent":{"id":67728127904,"iataCode":"8127904","name":"VOYXXXXXXX","bsp":{"id":6772},"active":true},"cardNumber":"456480XXXXXX6349","expiryDate":"12/34","issuerName":"CARLOS","paymentNetwork":"VI","cardType":"Corporate","companyName":"Accelya"},"type":"no","effectiveFrom":"2022-12-21","effectiveTo":"2022-12-22","status":"Inactive"},{"id":677200000005457,"bsp":{"id":6772,"isoCountryCode":"CH","name":"SWITZERLAND"},"airline":{"id":6772495749,"iataCode":"191","name":"Air XXXXX X.X.X. XXX XXX XXXXX X.X.X."},"level":"card","card":{"id":677200000000009,"bsp":{"id":6772},"agent":{"id":67728127904,"iataCode":"8127904","name":"VOYXXXXXXX","bsp":{"id":6772},"active":true},"cardNumber":"456480XXXXXX6349","expiryDate":"11/31","issuerName":"CARLOS","paymentNetwork":"VI","cardType":"Corporate","companyName":"Accelya"},"type":"no","effectiveFrom":"2022-12-21","effectiveTo":"2022-12-22","status":"Inactive"},{"id":677200000005869,"bsp":{"id":6772,"isoCountryCode":"CH","name":"SWITZERLAND"},"airline":{"id":6772495749,"iataCode":"191","name":"Air XXXXX X.X.X. XXX XXX XXXXX X.X.X."},"level":"card","card":{"id":677200000000013,"bsp":{"id":6772},"agent":{"id":67728120012,"iataCode":"8120012","name":"ATG XXXXXXXXXXX","bsp":{"id":6772},"active":true},"cardNumber":"376010XXXXX1003","expiryDate":"12/23","issuerName":"AX","paymentNetwork":"AX","cardType":"Corporate","companyName":"AX"},"type":"no","effectiveFrom":"2022-12-21","effectiveTo":"2022-12-22","status":"Inactive"},{"id":677200000005988,"bsp":{"id":6772,"isoCountryCode":"CH","name":"SWITZERLAND"},"airline":{"id":6772495749,"iataCode":"191","name":"Air XXXXX X.X.X. XXX XXX XXXXX X.X.X."},"level":"card","card":{"id":677200000000014,"bsp":{"id":6772},"agent":{"id":67728120012,"iataCode":"8120012","name":"ATG XXXXXXXXXXX","bsp":{"id":6772},"active":true},"cardNumber":"456480XXXXXX6349","expiryDate":"11/24","issuerName":"VI","paymentNetwork":"VI","cardType":"Consumer"},"type":"no","effectiveFrom":"2022-12-21","effectiveTo":"2022-12-22","status":"Inactive"},{"id":677200000006345,"bsp":{"id":6772,"isoCountryCode":"CH","name":"SWITZERLAND"},"airline":{"id":6772495749,"iataCode":"191","name":"Air XXXXX X.X.X. XXX XXX XXXXX X.X.X."},"level":"card","card":{"id":677200000000021,"bsp":{"id":6772},"agent":{"id":67728120012,"iataCode":"8120012","name":"ATG XXXXXXXXXXX","bsp":{"id":6772},"active":true},"cardNumber":"519396XXXXXX3484","expiryDate":"06/27","issuerName":"NEWSIX - CHECK NOTIFICATION","paymentNetwork":"CA","cardType":"Consumer"},"type":"no","effectiveFrom":"2022-12-21","effectiveTo":"2022-12-22","status":"Inactive"}]}

09-10-2024T20:54:38 - [TEST_STEP][PASSED] - responseQAMIGValue = getTestCaseVariables().get("responseQAMIG"): null

09-10-2024T20:54:38 - [TEST_STEP][FAILED] - markFailed(getTestCaseVariables().get("URL_QAMIG")): https://gateway-gateway.apps.qa-mig.okd4.nfe.projects.nonprod.itd.farelogix.com/api/tip-management/card-consents?page=0&size=100

09-10-2024T20:54:38 - [MESSAGE][FAILED] - https://gateway-gateway.apps.qa-mig.okd4.nfe.projects.nonprod.itd.farelogix.com/api/tip-management/card-consents?page=0&size=100

09-10-2024T20:54:38 - [TEST_STEP][FAILED] - markFailed(responseQAMIGValue): {"pageNumber":0,"pageSize":100,"total":55,"records":[{"id":677200000000067,"airline":{"id":6772495749,"iataCode":"191","name":"Air XXXXX X.X.X. XXX XXX XXXXX X.X.X."},"bsp":{"id":6772,"isoCountryCode":"CH","name":"SWIT"},"level":"country","type":"no","status":"Inactive","effectiveFrom":"2019-07-01","effectiveTo":"2020-02-20"},{"id":677200000000230,"airline":{"id":6772495749,"iataCode":"191","name":"Air XXXXX X.X.X. XXX XXX XXXXX X.X.X."},"bsp":{"id":6772,"isoCountryCode":"CH","name":"SWIT"},"level":"country","type":"no","status":"Inactive","effectiveFrom":"2019-07-05","effectiveTo":"2020-02-20"},{"id":677200000000378,"airline":{"id":6772495749,"iataCode":"191","name":"Air XXXXX X.X.X. XXX XXX XXXXX X.X.X."},"bsp":{"id":6772,"isoCountryCode":"CH","name":"SWIT"},"level":"country","type":"no","status":"Inactive","effectiveFrom":"2019-07-05","effectiveTo":"2020-02-20"},{"id":677200000000526,"airline":{"id":6772495749,"iataCode":"191","name":"Air XXXXX X.X.X. XXX XXX XXXXX X.X.X."},"bsp":{"id":6772,"isoCountryCode":"CH","name":"SWIT"},"level":"country","type":"no","status":"Inactive","effectiveFrom":"2019-07-05","effectiveTo":"2020-02-20"},{"id":677200000000704,"airline":{"id":6772495749,"iataCode":"191","name":"Air XXXXX X.X.X. XXX XXX XXXXX X.X.X."},"bsp":{"id":6772,"isoCountryCode":"CH","name":"SWIT"},"level":"country","type":"no","status":"Inactive","effectiveFrom":"2021-02-05","effectiveTo":"2022-03-03"},{"id":677200000000863,"airline":{"id":6772495749,"iataCode":"191","name":"Air XXXXX X.X.X. XXX XXX XXXXX X.X.X."},"bsp":{"id":6772,"isoCountryCode":"CH","name":"SWIT"},"level":"country","type":"no","status":"Inactive","effectiveFrom":"2021-02-05","effectiveTo":"2021-12-01"},{"id":677200000000997,"airline":{"id":6772495749,"iataCode":"191","name":"Air XXXXX X.X.X. XXX XXX XXXXX X.X.X."},"bsp":{"id":6772,"isoCountryCode":"CH","name":"SWIT"},"level":"country","type":"no","status":"Inactive","effectiveFrom":"2021-02-05","effectiveTo":"2022-03-03"},{"id":677200000001131,"airline":{"id":6772495749,"iataCode":"191","name":"Air XXXXX X.X.X. XXX XXX XXXXX X.X.X."},"bsp":{"id":6772,"isoCountryCode":"CH","name":"SWIT"},"level":"country","type":"no","status":"Inactive","effectiveFrom":"2021-02-05","effectiveTo":"2021-06-01"},{"id":677200000001276,"airline":{"id":6772495749,"iataCode":"191","name":"Air XXXXX X.X.X. XXX XXX XXXXX X.X.X."},"card":{"cardNumber":"222240XXXXXX0005","expiryDate":"10/30","issuerName":"FAC","paymentNetwork":"CA","cardType":"Consumer","companyName":null,"id":677200000000004,"bsp":{"id":6772,"isoCountryCode":"CH","name":"SWIT"},"agent":{"id":67728120025,"iataCode":"8120025","name":"CWT","bsp":{"id":6772,"isoCountryCode":"CH","name":"SWIT"}},"effectiveFrom":"2021-03-04","effectiveTo":"2022-01-25","status":"Inactive","terminationReason":"test","cardLevelConsent":null},"bsp":{"id":6772,"isoCountryCode":"CH","name":"SWIT"},"level":"card","type":"no","status":"Inactive","effectiveFrom":"2021-03-04","effectiveTo":"2022-01-25"},{"id":677200000001452,"airline":{"id":6772495749,"iataCode":"191","name":"Air XXXXX X.X.X. XXX XXX XXXXX X.X.X."},"card":{"cardNumber":"222240XXXXXX0005","expiryDate":"10/30","issuerName":"FAC","paymentNetwork":"CA","cardType":"Corporate","companyName":"provincia san anton","id":677200000000005,"bsp":{"id":6772,"isoCountryCode":"CH","name":"SWIT"},"agent":{"id":67728121080,"iataCode":"8121080","name":"VIAXXXXXX XX","bsp":{"id":6772,"isoCountryCode":"CH","name":"SWIT"}},"effectiveFrom":"2022-01-25","effectiveTo":null,"status":"Active","terminationReason":null,"cardLevelConsent":null},"bsp":{"id":6772,"isoCountryCode":"CH","name":"SWIT"},"level":"card","type":"no","status":"Inactive","effectiveFrom":"2022-01-25","effectiveTo":"2022-03-03"},{"id":677200000001611,"airline":{"id":6772495749,"iataCode":"191","name":"Air XXXXX X.X.X. XXX XXX XXXXX X.X.X."},"card":{"cardNumber":"222240XXXXXX0005","expiryDate":"11/30","issuerName":"TRR","paymentNetwork":"CA","cardType":"Corporate","companyName":"provincia san anton","id":677200000000006,"bsp":{"id":6772,"isoCountryCode":"CH","name":"SWIT"},"agent":{"id":67728120025,"iataCode":"8120025","name":"CWT","bsp":{"id":6772,"isoCountryCode":"CH","name":"SWIT"}},"effectiveFrom":"2022-01-25","effectiveTo":null,"status":"Active","terminationReason":null,"cardLevelConsent":null},"bsp":{"id":6772,"isoCountryCode":"CH","name":"SWIT"},"level":"card","type":"no","status":"Inactive","effectiveFrom":"2022-01-25","effectiveTo":"2022-03-03"},{"id":677200000001768,"airline":{"id":6772495749,"iataCode":"191","name":"Air XXXXX X.X.X. XXX XXX XXXXX X.X.X."},"card":{"cardNumber":"222240XXXXXX0005","expiryDate":"10/31","issuerName":"PEPE","paymentNetwork":"VI","cardType":"Consumer","companyName":null,"id":677200000000007,"bsp":{"id":6772,"isoCountryCode":"CH","name":"SWIT"},"agent":{"id":67728121080,"iataCode":"8121080","name":"VIAXXXXXX XX","bsp":{"id":6772,"isoCountryCode":"CH","name":"SWIT"}},"effectiveFrom":"2022-02-02","effectiveTo":null,"status":"Active","terminationReason":null,"cardLevelConsent":null},"bsp":{"id":6772,"isoCountryCode":"CH","name":"SWIT"},"level":"card","type":"no","status":"Inactive","effectiveFrom":"2022-02-02","effectiveTo":"2022-03-03"},{"id":677200000001920,"airline":{"id":6772495749,"iataCode":"191","name":"Air XXXXX X.X.X. XXX XXX XXXXX X.X.X."},"card":{"cardNumber":"222240XXXXXX0005","expiryDate":"12/34","issuerName":"CARLOS","paymentNetwork":"VI","cardType":"Corporate","companyName":"Accelya","id":677200000000008,"bsp":{"id":6772,"isoCountryCode":"CH","name":"SWIT"},"agent":{"id":67728127904,"iataCode":"8127904","name":"VOYXXXXXXX","bsp":{"id":6772,"isoCountryCode":"CH","name":"SWIT"}},"effectiveFrom":"2022-02-02","effectiveTo":null,"status":"Active","terminationReason":null,"cardLevelConsent":null},"bsp":{"id":6772,"isoCountryCode":"CH","name":"SWIT"},"level":"card","type":"no","status":"Inactive","effectiveFrom":"2022-02-02","effectiveTo":"2022-03-03"},{"id":677200000002072,"airline":{"id":6772495749,"iataCode":"191","name":"Air XXXXX X.X.X. XXX XXX XXXXX X.X.X."},"card":{"cardNumber":"222240XXXXXX0005","expiryDate":"11/31","issuerName":"CARLOS","paymentNetwork":"VI","cardType":"Corporate","companyName":"Accelya","id":677200000000009,"bsp":{"id":6772,"isoCountryCode":"CH","name":"SWIT"},"agent":{"id":67728127904,"iataCode":"8127904","name":"VOYXXXXXXX","bsp":{"id":6772,"isoCountryCode":"CH","name":"SWIT"}},"effectiveFrom":"2022-02-02","effectiveTo":null,"status":"Active","terminationReason":null,"cardLevelConsent":null},"bsp":{"id":6772,"isoCountryCode":"CH","name":"SWIT"},"level":"card","type":"no","status":"Inactive","effectiveFrom":"2022-02-02","effectiveTo":"2022-03-03"},{"id":677200000002224,"airline":{"id":6772495749,"iataCode":"191","name":"Air XXXXX X.X.X. XXX XXX XXXXX X.X.X."},"bsp":{"id":6772,"isoCountryCode":"CH","name":"SWIT"},"level":"country","type":"no","status":"Inactive","effectiveFrom":"2022-02-02","effectiveTo":"2022-03-03"},{"id":677200000002365,"airline":{"id":6772495749,"iataCode":"191","name":"Air XXXXX X.X.X. XXX XXX XXXXX X.X.X."},"card":{"cardNumber":"222240XXXXXX0005","expiryDate":"12/23","issuerName":"AX","paymentNetwork":"AX","cardType":"Consumer","companyName":null,"id":677200000000011,"bsp":{"id":6772,"isoCountryCode":"CH","name":"SWIT"},"agent":{"id":67728120012,"iataCode":"8120012","name":"ATG XXXXXXXXXXX","bsp":{"id":6772,"isoCountryCode":"CH","name":"SWIT"}},"effectiveFrom":"2022-02-28","effectiveTo":"2022-05-05","status":"Inactive","terminationReason":"test","cardLevelConsent":null},"bsp":{"id":6772,"isoCountryCode":"CH","name":"SWIT"},"level":"card","type":"no","status":"Inactive","effectiveFrom":"2022-02-28","effectiveTo":"2022-03-03"},{"id":677200000002503,"airline":{"id":6772495749,"iataCode":"191","name":"Air XXXXX X.X.X. XXX XXX XXXXX X.X.X."},"bsp":{"id":6772,"isoCountryCode":"CH","name":"SWIT"},"level":"country","type":"no","status":"Inactive","effectiveFrom":"2022-03-04","effectiveTo":"2022-12-20"},{"id":677200000002664,"airline":{"id":6772495749,"iataCode":"191","name":"Air XXXXX X.X.X. XXX XXX XXXXX X.X.X."},"bsp":{"id":6772,"isoCountryCode":"CH","name":"SWIT"},"level":"country","type":"no","status":"Inactive","effectiveFrom":"2022-03-04","effectiveTo":"2022-10-03"},{"id":677200000002808,"airline":{"id":6772495749,"iataCode":"191","name":"Air XXXXX X.X.X. XXX XXX XXXXX X.X.X."},"card":{"cardNumber":"222240XXXXXX0005","expiryDate":"10/30","issuerName":"FAC","paymentNetwork":"CA","cardType":"Corporate","companyName":"provincia san anton","id":677200000000005,"bsp":{"id":6772,"isoCountryCode":"CH","name":"SWIT"},"agent":{"id":67728121080,"iataCode":"8121080","name":"VIAXXXXXX XX","bsp":{"id":6772,"isoCountryCode":"CH","name":"SWIT"}},"effectiveFrom":"2022-01-25","effectiveTo":null,"status":"Active","terminationReason":null,"cardLevelConsent":null},"bsp":{"id":6772,"isoCountryCode":"CH","name":"SWIT"},"level":"card","type":"no","status":"Inactive","effectiveFrom":"2022-03-04","effectiveTo":"2022-12-20"},{"id":677200000002967,"airline":{"id":6772495749,"iataCode":"191","name":"Air XXXXX X.X.X. XXX XXX XXXXX X.X.X."},"card":{"cardNumber":"222240XXXXXX0005","expiryDate":"11/30","issuerName":"TRR","paymentNetwork":"CA","cardType":"Corporate","companyName":"provincia san anton","id":677200000000006,"bsp":{"id":6772,"isoCountryCode":"CH","name":"SWIT"},"agent":{"id":67728120025,"iataCode":"8120025","name":"CWT","bsp":{"id":6772,"isoCountryCode":"CH","name":"SWIT"}},"effectiveFrom":"2022-01-25","effectiveTo":null,"status":"Active","terminationReason":null,"cardLevelConsent":null},"bsp":{"id":6772,"isoCountryCode":"CH","name":"SWIT"},"level":"card","type":"no","status":"Inactive","effectiveFrom":"2022-03-04","effectiveTo":"2022-12-20"},{"id":677200000003123,"airline":{"id":6772495749,"iataCode":"191","name":"Air XXXXX X.X.X. XXX XXX XXXXX X.X.X."},"card":{"cardNumber":"222240XXXXXX0005","expiryDate":"10/31","issuerName":"PEPE","paymentNetwork":"VI","cardType":"Consumer","companyName":null,"id":677200000000007,"bsp":{"id":6772,"isoCountryCode":"CH","name":"SWIT"},"agent":{"id":67728121080,"iataCode":"8121080","name":"VIAXXXXXX XX","bsp":{"id":6772,"isoCountryCode":"CH","name":"SWIT"}},"effectiveFrom":"2022-02-02","effectiveTo":null,"status":"Active","terminationReason":null,"cardLevelConsent":null},"bsp":{"id":6772,"isoCountryCode":"CH","name":"SWIT"},"level":"card","type":"no","status":"Inactive","effectiveFrom":"2022-03-04","effectiveTo":"2022-12-20"},{"id":677200000003275,"airline":{"id":6772495749,"iataCode":"191","name":"Air XXXXX X.X.X. XXX XXX XXXXX X.X.X."},"card":{"cardNumber":"222240XXXXXX0005","expiryDate":"12/34","issuerName":"CARLOS","paymentNetwork":"VI","cardType":"Corporate","companyName":"Accelya","id":677200000000008,"bsp":{"id":6772,"isoCountryCode":"CH","name":"SWIT"},"agent":{"id":67728127904,"iataCode":"8127904","name":"VOYXXXXXXX","bsp":{"id":6772,"isoCountryCode":"CH","name":"SWIT"}},"effectiveFrom":"2022-02-02","effectiveTo":null,"status":"Active","terminationReason":null,"cardLevelConsent":null},"bsp":{"id":6772,"isoCountryCode":"CH","name":"SWIT"},"level":"card","type":"no","status":"Inactive","effectiveFrom":"2022-03-04","effectiveTo":"2022-12-20"},{"id":677200000003427,"airline":{"id":6772495749,"iataCode":"191","name":"Air XXXXX X.X.X. XXX XXX XXXXX X.X.X."},"card":{"cardNumber":"222240XXXXXX0005","expiryDate":"11/31","issuerName":"CARLOS","paymentNetwork":"VI","cardType":"Corporate","companyName":"Accelya","id":677200000000009,"bsp":{"id":6772,"isoCountryCode":"CH","name":"SWIT"},"agent":{"id":67728127904,"iataCode":"8127904","name":"VOYXXXXXXX","bsp":{"id":6772,"isoCountryCode":"CH","name":"SWIT"}},"effectiveFrom":"2022-02-02","effectiveTo":null,"status":"Active","terminationReason":null,"cardLevelConsent":null},"bsp":{"id":6772,"isoCountryCode":"CH","name":"SWIT"},"level":"card","type":"no","status":"Inactive","effectiveFrom":"2022-03-04","effectiveTo":"2022-12-20"},{"id":677200000003579,"airline":{"id":6772495749,"iataCode":"191","name":"Air XXXXX X.X.X. XXX XXX XXXXX X.X.X."},"bsp":{"id":6772,"isoCountryCode":"CH","name":"SWIT"},"level":"country","type":"no","status":"Inactive","effectiveFrom":"2022-03-04","effectiveTo":"2022-12-20"},{"id":677200000003720,"airline":{"id":6772495749,"iataCode":"191","name":"Air XXXXX X.X.X. XXX XXX XXXXX X.X.X."},"card":{"cardNumber":"222240XXXXXX0005","expiryDate":"12/23","issuerName":"AX","paymentNetwork":"AX","cardType":"Consumer","companyName":null,"id":677200000000011,"bsp":{"id":6772,"isoCountryCode":"CH","name":"SWIT"},"agent":{"id":67728120012,"iataCode":"8120012","name":"ATG XXXXXXXXXXX","bsp":{"id":6772,"isoCountryCode":"CH","name":"SWIT"}},"effectiveFrom":"2022-02-28","effectiveTo":"2022-05-05","status":"Inactive","terminationReason":"test","cardLevelConsent":null},"bsp":{"id":6772,"isoCountryCode":"CH","name":"SWIT"},"level":"card","type":"no","status":"Inactive","effectiveFrom":"2022-03-04","effectiveTo":"2022-05-05"},{"id":677200000003839,"airline":{"id":6772495749,"iataCode":"191","name":"Air XXXXX X.X.X. XXX XXX XXXXX X.X.X."},"card":{"cardNumber":"222240XXXXXX0005","expiryDate":"12/23","issuerName":"AX","paymentNetwork":"AX","cardType":"Corporate","companyName":"AX","id":677200000000012,"bsp":{"id":6772,"isoCountryCode":"CH","name":"SWIT"},"agent":{"id":67728120012,"iataCode":"8120012","name":"ATG XXXXXXXXXXX","bsp":{"id":6772,"isoCountryCode":"CH","name":"SWIT"}},"effectiveFrom":"2022-06-07","effectiveTo":"2023-05-02","status":"Inactive","terminationReason":"test","cardLevelConsent":null},"bsp":{"id":6772,"isoCountryCode":"CH","name":"SWIT"},"level":"card","type":"no","status":"Inactive","effectiveFrom":"2022-06-07","effectiveTo":"2022-12-20"},{"id":677200000003958,"airline":{"id":6772495749,"iataCode":"191","name":"Air XXXXX X.X.X. XXX XXX XXXXX X.X.X."},"card":{"cardNumber":"222240XXXXXX0005","expiryDate":"12/23","issuerName":"AX","paymentNetwork":"AX","cardType":"Corporate","companyName":"AX","id":677200000000013,"bsp":{"id":6772,"isoCountryCode":"CH","name":"SWIT"},"agent":{"id":67728120012,"iataCode":"8120012","name":"ATG XXXXXXXXXXX","bsp":{"id":6772,"isoCountryCode":"CH","name":"SWIT"}},"effectiveFrom":"2022-06-08","effectiveTo":"2023-08-08","status":"Inactive","terminationReason":"Card Replaced / Changed Bank","cardLevelConsent":null},"bsp":{"id":6772,"isoCountryCode":"CH","name":"SWIT"},"level":"card","type":"no","status":"Inactive","effectiveFrom":"2022-06-07","effectiveTo":"2022-12-20"},{"id":677200000004077,"airline":{"id":6772495749,"iataCode":"191","name":"Air XXXXX X.X.X. XXX XXX XXXXX X.X.X."},"card":{"cardNumber":"222240XXXXXX0005","expiryDate":"11/24","issuerName":"VI","paymentNetwork":"VI","cardType":"Consumer","companyName":null,"id":677200000000014,"bsp":{"id":6772,"isoCountryCode":"CH","name":"SWIT"},"agent":{"id":67728120012,"iataCode":"8120012","name":"ATG XXXXXXXXXXX","bsp":{"id":6772,"isoCountryCode":"CH","name":"SWIT"}},"effectiveFrom":"2022-06-07","effectiveTo":"2023-07-24","status":"Inactive","terminationReason":"Airline(s) didn't give consent","cardLevelConsent":null},"bsp":{"id":6772,"isoCountryCode":"CH","name":"SWIT"},"level":"card","type":"no","status":"Inactive","effectiveFrom":"2022-06-07","effectiveTo":"2022-12-20"},{"id":677200000004196,"airline":{"id":6772495749,"iataCode":"191","name":"Air XXXXX X.X.X. XXX XXX XXXXX X.X.X."},"card":{"cardNumber":"222240XXXXXX0005","expiryDate":"08/23","issuerName":"CA","paymentNetwork":"CA","cardType":"Consumer","companyName":null,"id":677200000000015,"bsp":{"id":6772,"isoCountryCode":"CH","name":"SWIT"},"agent":{"id":67728120012,"iataCode":"8120012","name":"ATG XXXXXXXXXXX","bsp":{"id":6772,"isoCountryCode":"CH","name":"SWIT"}},"effectiveFrom":"2022-06-07","effectiveTo":"2023-07-24","status":"Inactive","terminationReason":"Airline(s) didn't give consent","cardLevelConsent":null},"bsp":{"id":6772,"isoCountryCode":"CH","name":"SWIT"},"level":"card","type":"no","status":"Inactive","effectiveFrom":"2022-06-07","effectiveTo":"2022-12-20"},{"id":677200000004407,"airline":{"id":6772495749,"iataCode":"191","name":"Air XXXXX X.X.X. XXX XXX XXXXX X.X.X."},"card":{"cardNumber":"222240XXXXXX0005","expiryDate":"07/23","issuerName":"NEWFIVE","paymentNetwork":"CA","cardType":"Consumer","companyName":null,"id":677200000000020,"bsp":{"id":6772,"isoCountryCode":"CH","name":"SWIT"},"agent":{"id":67728120012,"iataCode":"8120012","name":"ATG XXXXXXXXXXX","bsp":{"id":6772,"isoCountryCode":"CH","name":"SWIT"}},"effectiveFrom":"2022-10-13","effectiveTo":"2023-07-21","status":"Inactive","terminationReason":"Customer Card enrolled by error","cardLevelConsent":null},"bsp":{"id":6772,"isoCountryCode":"CH","name":"SWIT"},"level":"card","type":"no","status":"Inactive","effectiveFrom":"2022-10-13","effectiveTo":"2022-12-20"},{"id":677200000004526,"airline":{"id":6772495749,"iataCode":"191","name":"Air XXXXX X.X.X. XXX XXX XXXXX X.X.X."},"card":{"cardNumber":"222240XXXXXX0005","expiryDate":"06/27","issuerName":"NEWSIX - CHECK NOTIFICATION","paymentNetwork":"CA","cardType":"Consumer","companyName":null,"id":677200000000021,"bsp":{"id":6772,"isoCountryCode":"CH","name":"SWIT"},"agent":{"id":67728120012,"iataCode":"8120012","name":"ATG XXXXXXXXXXX","bsp":{"id":6772,"isoCountryCode":"CH","name":"SWIT"}},"effectiveFrom":"2022-10-13","effectiveTo":"2023-07-21","status":"Inactive","terminationReason":"Card Replaced / Changed Bank","cardLevelConsent":null},"bsp":{"id":6772,"isoCountryCode":"CH","name":"SWIT"},"level":"card","type":"no","status":"Inactive","effectiveFrom":"2022-10-13","effectiveTo":"2022-12-20"},{"id":677200000004665,"airline":{"id":6772495749,"iataCode":"191","name":"Air XXXXX X.X.X. XXX XXX XXXXX X.X.X."},"bsp":{"id":6772,"isoCountryCode":"CH","name":"SWIT"},"level":"country","type":"no","status":"Inactive","effectiveFrom":"2022-12-21","effectiveTo":"2022-12-22"},{"id":677200000004838,"airline":{"id":6772495749,"iataCode":"191","name":"Air XXXXX X.X.X. XXX XXX XXXXX X.X.X."},"card":{"cardNumber":"222240XXXXXX0005","expiryDate":"10/30","issuerName":"FAC","paymentNetwork":"CA","cardType":"Corporate","companyName":"provincia san anton","id":677200000000005,"bsp":{"id":6772,"isoCountryCode":"CH","name":"SWIT"},"agent":{"id":67728121080,"iataCode":"8121080","name":"VIAXXXXXX XX","bsp":{"id":6772,"isoCountryCode":"CH","name":"SWIT"}},"effectiveFrom":"2022-01-25","effectiveTo":null,"status":"Active","terminationReason":null,"cardLevelConsent":null},"bsp":{"id":6772,"isoCountryCode":"CH","name":"SWIT"},"level":"card","type":"no","status":"Inactive","effectiveFrom":"2022-12-21","effectiveTo":"2022-12-22"},{"id":677200000004997,"airline":{"id":6772495749,"iataCode":"191","name":"Air XXXXX X.X.X. XXX XXX XXXXX X.X.X."},"card":{"cardNumber":"222240XXXXXX0005","expiryDate":"11/30","issuerName":"TRR","paymentNetwork":"CA","cardType":"Corporate","companyName":"provincia san anton","id":677200000000006,"bsp":{"id":6772,"isoCountryCode":"CH","name":"SWIT"},"agent":{"id":67728120025,"iataCode":"8120025","name":"CWT","bsp":{"id":6772,"isoCountryCode":"CH","name":"SWIT"}},"effectiveFrom":"2022-01-25","effectiveTo":null,"status":"Active","terminationReason":null,"cardLevelConsent":null},"bsp":{"id":6772,"isoCountryCode":"CH","name":"SWIT"},"level":"card","type":"no","status":"Inactive","effectiveFrom":"2022-12-21","effectiveTo":"2022-12-22"},{"id":677200000005153,"airline":{"id":6772495749,"iataCode":"191","name":"Air XXXXX X.X.X. XXX XXX XXXXX X.X.X."},"card":{"cardNumber":"222240XXXXXX0005","expiryDate":"10/31","issuerName":"PEPE","paymentNetwork":"VI","cardType":"Consumer","companyName":null,"id":677200000000007,"bsp":{"id":6772,"isoCountryCode":"CH","name":"SWIT"},"agent":{"id":67728121080,"iataCode":"8121080","name":"VIAXXXXXX XX","bsp":{"id":6772,"isoCountryCode":"CH","name":"SWIT"}},"effectiveFrom":"2022-02-02","effectiveTo":null,"status":"Active","terminationReason":null,"cardLevelConsent":null},"bsp":{"id":6772,"isoCountryCode":"CH","name":"SWIT"},"level":"card","type":"no","status":"Inactive","effectiveFrom":"2022-12-21","effectiveTo":"2022-12-22"},{"id":677200000005305,"airline":{"id":6772495749,"iataCode":"191","name":"Air XXXXX X.X.X. XXX XXX XXXXX X.X.X."},"card":{"cardNumber":"222240XXXXXX0005","expiryDate":"12/34","issuerName":"CARLOS","paymentNetwork":"VI","cardType":"Corporate","companyName":"Accelya","id":677200000000008,"bsp":{"id":6772,"isoCountryCode":"CH","name":"SWIT"},"agent":{"id":67728127904,"iataCode":"8127904","name":"VOYXXXXXXX","bsp":{"id":6772,"isoCountryCode":"CH","name":"SWIT"}},"effectiveFrom":"2022-02-02","effectiveTo":null,"status":"Active","terminationReason":null,"cardLevelConsent":null},"bsp":{"id":6772,"isoCountryCode":"CH","name":"SWIT"},"level":"card","type":"no","status":"Inactive","effectiveFrom":"2022-12-21","effectiveTo":"2022-12-22"},{"id":677200000005457,"airline":{"id":6772495749,"iataCode":"191","name":"Air XXXXX X.X.X. XXX XXX XXXXX X.X.X."},"card":{"cardNumber":"222240XXXXXX0005","expiryDate":"11/31","issuerName":"CARLOS","paymentNetwork":"VI","cardType":"Corporate","companyName":"Accelya","id":677200000000009,"bsp":{"id":6772,"isoCountryCode":"CH","name":"SWIT"},"agent":{"id":67728127904,"iataCode":"8127904","name":"VOYXXXXXXX","bsp":{"id":6772,"isoCountryCode":"CH","name":"SWIT"}},"effectiveFrom":"2022-02-02","effectiveTo":null,"status":"Active","terminationReason":null,"cardLevelConsent":null},"bsp":{"id":6772,"isoCountryCode":"CH","name":"SWIT"},"level":"card","type":"no","status":"Inactive","effectiveFrom":"2022-12-21","effectiveTo":"2022-12-22"},{"id":677200000005609,"airline":{"id":6772495749,"iataCode":"191","name":"Air XXXXX X.X.X. XXX XXX XXXXX X.X.X."},"bsp":{"id":6772,"isoCountryCode":"CH","name":"SWIT"},"level":"country","type":"no","status":"Inactive","effectiveFrom":"2022-12-21","effectiveTo":"2022-12-22"},{"id":677200000005750,"airline":{"id":6772495749,"iataCode":"191","name":"Air XXXXX X.X.X. XXX XXX XXXXX X.X.X."},"card":{"cardNumber":"222240XXXXXX0005","expiryDate":"12/23","issuerName":"AX","paymentNetwork":"AX","cardType":"Corporate","companyName":"AX","id":677200000000012,"bsp":{"id":6772,"isoCountryCode":"CH","name":"SWIT"},"agent":{"id":67728120012,"iataCode":"8120012","name":"ATG XXXXXXXXXXX","bsp":{"id":6772,"isoCountryCode":"CH","name":"SWIT"}},"effectiveFrom":"2022-06-07","effectiveTo":"2023-05-02","status":"Inactive","terminationReason":"test","cardLevelConsent":null},"bsp":{"id":6772,"isoCountryCode":"CH","name":"SWIT"},"level":"card","type":"no","status":"Inactive","effectiveFrom":"2022-12-21","effectiveTo":"2022-12-22"},{"id":677200000005869,"airline":{"id":6772495749,"iataCode":"191","name":"Air XXXXX X.X.X. XXX XXX XXXXX X.X.X."},"card":{"cardNumber":"222240XXXXXX0005","expiryDate":"12/23","issuerName":"AX","paymentNetwork":"AX","cardType":"Corporate","companyName":"AX","id":677200000000013,"bsp":{"id":6772,"isoCountryCode":"CH","name":"SWIT"},"agent":{"id":67728120012,"iataCode":"8120012","name":"ATG XXXXXXXXXXX","bsp":{"id":6772,"isoCountryCode":"CH","name":"SWIT"}},"effectiveFrom":"2022-06-08","effectiveTo":"2023-08-08","status":"Inactive","terminationReason":"Card Replaced / Changed Bank","cardLevelConsent":null},"bsp":{"id":6772,"isoCountryCode":"CH","name":"SWIT"},"level":"card","type":"no","status":"Inactive","effectiveFrom":"2022-12-21","effectiveTo":"2022-12-22"},{"id":677200000005988,"airline":{"id":6772495749,"iataCode":"191","name":"Air XXXXX X.X.X. XXX XXX XXXXX X.X.X."},"card":{"cardNumber":"222240XXXXXX0005","expiryDate":"11/24","issuerName":"VI","paymentNetwork":"VI","cardType":"Consumer","companyName":null,"id":677200000000014,"bsp":{"id":6772,"isoCountryCode":"CH","name":"SWIT"},"agent":{"id":67728120012,"iataCode":"8120012","name":"ATG XXXXXXXXXXX","bsp":{"id":6772,"isoCountryCode":"CH","name":"SWIT"}},"effectiveFrom":"2022-06-07","effectiveTo":"2023-07-24","status":"Inactive","terminationReason":"Airline(s) didn't give consent","cardLevelConsent":null},"bsp":{"id":6772,"isoCountryCode":"CH","name":"SWIT"},"level":"card","type":"no","status":"Inactive","effectiveFrom":"2022-12-21","effectiveTo":"2022-12-22"},{"id":677200000006107,"airline":{"id":6772495749,"iataCode":"191","name":"Air XXXXX X.X.X. XXX XXX XXXXX X.X.X."},"card":{"cardNumber":"222240XXXXXX0005","expiryDate":"08/23","issuerName":"CA","paymentNetwork":"CA","cardType":"Consumer","companyName":null,"id":677200000000015,"bsp":{"id":6772,"isoCountryCode":"CH","name":"SWIT"},"agent":{"id":67728120012,"iataCode":"8120012","name":"ATG XXXXXXXXXXX","bsp":{"id":6772,"isoCountryCode":"CH","name":"SWIT"}},"effectiveFrom":"2022-06-07","effectiveTo":"2023-07-24","status":"Inactive","terminationReason":"Airline(s) didn't give consent","cardLevelConsent":null},"bsp":{"id":6772,"isoCountryCode":"CH","name":"SWIT"},"level":"card","type":"no","status":"Inactive","effectiveFrom":"2022-12-21","effectiveTo":"2022-12-22"},{"id":677200000006226,"airline":{"id":6772495749,"iataCode":"191","name":"Air XXXXX X.X.X. XXX XXX XXXXX X.X.X."},"card":{"cardNumber":"222240XXXXXX0005","expiryDate":"07/23","issuerName":"NEWFIVE","paymentNetwork":"CA","cardType":"Consumer","companyName":null,"id":677200000000020,"bsp":{"id":6772,"isoCountryCode":"CH","name":"SWIT"},"agent":{"id":67728120012,"iataCode":"8120012","name":"ATG XXXXXXXXXXX","bsp":{"id":6772,"isoCountryCode":"CH","name":"SWIT"}},"effectiveFrom":"2022-10-13","effectiveTo":"2023-07-21","status":"Inactive","terminationReason":"Customer Card enrolled by error","cardLevelConsent":null},"bsp":{"id":6772,"isoCountryCode":"CH","name":"SWIT"},"level":"card","type":"no","status":"Inactive","effectiveFrom":"2022-12-21","effectiveTo":"2022-12-22"},{"id":677200000006345,"airline":{"id":6772495749,"iataCode":"191","name":"Air XXXXX X.X.X. XXX XXX XXXXX X.X.X."},"card":{"cardNumber":"222240XXXXXX0005","expiryDate":"06/27","issuerName":"NEWSIX - CHECK NOTIFICATION","paymentNetwork":"CA","cardType":"Consumer","companyName":null,"id":677200000000021,"bsp":{"id":6772,"isoCountryCode":"CH","name":"SWIT"},"agent":{"id":67728120012,"iataCode":"8120012","name":"ATG XXXXXXXXXXX","bsp":{"id":6772,"isoCountryCode":"CH","name":"SWIT"}},"effectiveFrom":"2022-10-13","effectiveTo":"2023-07-21","status":"Inactive","terminationReason":"Card Replaced / Changed Bank","cardLevelConsent":null},"bsp":{"id":6772,"isoCountryCode":"CH","name":"SWIT"},"level":"card","type":"no","status":"Inactive","effectiveFrom":"2022-12-21","effectiveTo":"2022-12-22"},{"id":677200000006483,"airline":{"id":6772495749,"iataCode":"191","name":"Air XXXXX X.X.X. XXX XXX XXXXX X.X.X."},"bsp":{"id":6772,"isoCountryCode":"CH","name":"SWIT"},"level":"country","type":"no","status":"Active","effectiveFrom":"2023-03-15"},{"id":677210000002140,"airline":{"id":6772495749,"iataCode":"191","name":"Air XXXXX X.X.X. XXX XXX XXXXX X.X.X."},"bsp":{"id":6772,"isoCountryCode":"CH","name":"SWIT"},"level":"country","type":"no","status":"Active","effectiveFrom":"2024-05-25"},{"id":677210000010697,"airline":{"id":6772495749,"iataCode":"191","name":"Air XXXXX X.X.X. XXX XXX XXXXX X.X.X."},"card":{"cardNumber":"222240XXXXXX0005","expiryDate":"10/31","issuerName":"PEPE","paymentNetwork":"VI","cardType":"Consumer","companyName":null,"id":677200000000007,"bsp":{"id":6772,"isoCountryCode":"CH","name":"SWIT"},"agent":{"id":67728121080,"iataCode":"8121080","name":"VIAXXXXXX XX","bsp":{"id":6772,"isoCountryCode":"CH","name":"SWIT"}},"effectiveFrom":"2022-02-02","effectiveTo":null,"status":"Active","terminationReason":null,"cardLevelConsent":null},"bsp":{"id":6772,"isoCountryCode":"CH","name":"SWIT"},"level":"card","type":"no","status":"Active","effectiveFrom":"2024-10-08"},{"id":677210000010765,"airline":{"id":6772495749,"iataCode":"191","name":"Air XXXXX X.X.X. XXX XXX XXXXX X.X.X."},"card":{"cardNumber":"222240XXXXXX0005","expiryDate":"02/29","issuerName":"MASTERCARD","paymentNetwork":"CA","cardType":"Corporate","companyName":"ABC Pvt Ltd","id":677200000000033,"bsp":{"id":6772,"isoCountryCode":"CH","name":"SWIT"},"agent":{"id":67728120012,"iataCode":"8120012","name":"ATG XXXXXXXXXXX","bsp":{"id":6772,"isoCountryCode":"CH","name":"SWIT"}},"effectiveFrom":"2023-08-17","effectiveTo":null,"status":"Active","terminationReason":null,"cardLevelConsent":null},"bsp":{"id":6772,"isoCountryCode":"CH","name":"SWIT"},"level":"card","type":"no","status":"Active","effectiveFrom":"2024-10-08"},{"id":677210000010846,"airline":{"id":6772495749,"iataCode":"191","name":"Air XXXXX X.X.X. XXX XXX XXXXX X.X.X."},"card":{"cardNumber":"222240XXXXXX0005","expiryDate":"12/34","issuerName":"CARLOS","paymentNetwork":"VI","cardType":"Corporate","companyName":"Accelya","id":677200000000008,"bsp":{"id":6772,"isoCountryCode":"CH","name":"SWIT"},"agent":{"id":67728127904,"iataCode":"8127904","name":"VOYXXXXXXX","bsp":{"id":6772,"isoCountryCode":"CH","name":"SWIT"}},"effectiveFrom":"2022-02-02","effectiveTo":null,"status":"Active","terminationReason":null,"cardLevelConsent":null},"bsp":{"id":6772,"isoCountryCode":"CH","name":"SWIT"},"level":"card","type":"no","status":"Active","effectiveFrom":"2024-10-08"},{"id":677210000010887,"airline":{"id":6772495749,"iataCode":"191","name":"Air XXXXX X.X.X. XXX XXX XXXXX X.X.X."},"card":{"cardNumber":"222240XXXXXX0005","expiryDate":"12/29","issuerName":"MASTERCARD","paymentNetwork":"CA","cardType":"Consumer","companyName":null,"id":677200000000050,"bsp":{"id":6772,"isoCountryCode":"CH","name":"SWIT"},"agent":{"id":67728120012,"iataCode":"8120012","name":"ATG XXXXXXXXXXX","bsp":{"id":6772,"isoCountryCode":"CH","name":"SWIT"}},"effectiveFrom":"2023-12-18","effectiveTo":null,"status":"Active","terminationReason":null,"cardLevelConsent":null},"bsp":{"id":6772,"isoCountryCode":"CH","name":"SWIT"},"level":"card","type":"no","status":"Active","effectiveFrom":"2024-10-08"},{"id":677210000010890,"airline":{"id":6772495749,"iataCode":"191","name":"Air XXXXX X.X.X. XXX XXX XXXXX X.X.X."},"card":{"cardNumber":"222240XXXXXX0005","expiryDate":"09/28","issuerName":"Gänsefüßchen","paymentNetwork":"CA","cardType":"Consumer","companyName":"füßchen","id":677200000000051,"bsp":{"id":6772,"isoCountryCode":"CH","name":"SWIT"},"agent":{"id":67728120012,"iataCode":"8120012","name":"ATG XXXXXXXXXXX","bsp":{"id":6772,"isoCountryCode":"CH","name":"SWIT"}},"effectiveFrom":"2023-12-19","effectiveTo":null,"status":"Active","terminationReason":"EspañaHörgerätGänsefüßchendésembâtonnéEl perro ladró, la vaca calló, el gato maulló y el pato, que no daba crédito, corr","cardLevelConsent":null},"bsp":{"id":6772,"isoCountryCode":"CH","name":"SWIT"},"level":"card","type":"no","status":"Active","effectiveFrom":"2024-10-08"},{"id":677210000010968,"airline":{"id":6772495749,"iataCode":"191","name":"Air XXXXX X.X.X. XXX XXX XXXXX X.X.X."},"card":{"cardNumber":"222240XXXXXX0005","expiryDate":"10/30","issuerName":"FAC","paymentNetwork":"CA","cardType":"Corporate","companyName":"provincia san anton","id":677200000000005,"bsp":{"id":6772,"isoCountryCode":"CH","name":"SWIT"},"agent":{"id":67728121080,"iataCode":"8121080","name":"VIAXXXXXX XX","bsp":{"id":6772,"isoCountryCode":"CH","name":"SWIT"}},"effectiveFrom":"2022-01-25","effectiveTo":null,"status":"Active","terminationReason":null,"cardLevelConsent":null},"bsp":{"id":6772,"isoCountryCode":"CH","name":"SWIT"},"level":"card","type":"no","status":"Active","effectiveFrom":"2024-10-08"},{"id":677210000011075,"airline":{"id":6772495749,"iataCode":"191","name":"Air XXXXX X.X.X. XXX XXX XXXXX X.X.X."},"card":{"cardNumber":"222240XXXXXX0005","expiryDate":"02/29","issuerName":"MASTERCARD","paymentNetwork":"CA","cardType":"Corporate","companyName":"ABC Pvt Ltd","id":677200000000032,"bsp":{"id":6772,"isoCountryCode":"CH","name":"SWIT"},"agent":{"id":67728120012,"iataCode":"8120012","name":"ATG XXXXXXXXXXX","bsp":{"id":6772,"isoCountryCode":"CH","name":"SWIT"}},"effectiveFrom":"2023-08-17","effectiveTo":null,"status":"Active","terminationReason":null,"cardLevelConsent":null},"bsp":{"id":6772,"isoCountryCode":"CH","name":"SWIT"},"level":"card","type":"no","status":"Active","effectiveFrom":"2024-10-08"},{"id":677210000011081,"airline":{"id":6772495749,"iataCode":"191","name":"Air XXXXX X.X.X. XXX XXX XXXXX X.X.X."},"card":{"cardNumber":"222240XXXXXX0005","expiryDate":"11/30","issuerName":"TRR","paymentNetwork":"CA","cardType":"Corporate","companyName":"provincia san anton","id":677200000000006,"bsp":{"id":6772,"isoCountryCode":"CH","name":"SWIT"},"agent":{"id":67728120025,"iataCode":"8120025","name":"CWT","bsp":{"id":6772,"isoCountryCode":"CH","name":"SWIT"}},"effectiveFrom":"2022-01-25","effectiveTo":null,"status":"Active","terminationReason":null,"cardLevelConsent":null},"bsp":{"id":6772,"isoCountryCode":"CH","name":"SWIT"},"level":"card","type":"no","status":"Active","effectiveFrom":"2024-10-08"},{"id":677210000011614,"airline":{"id":6772495749,"iataCode":"191","name":"Air XXXXX X.X.X. XXX XXX XXXXX X.X.X."},"card":{"cardNumber":"222240XXXXXX0005","expiryDate":"11/31","issuerName":"CARLOS","paymentNetwork":"VI","cardType":"Corporate","companyName":"Accelya","id":677200000000009,"bsp":{"id":6772,"isoCountryCode":"CH","name":"SWIT"},"agent":{"id":67728127904,"iataCode":"8127904","name":"VOYXXXXXXX","bsp":{"id":6772,"isoCountryCode":"CH","name":"SWIT"}},"effectiveFrom":"2022-02-02","effectiveTo":null,"status":"Active","terminationReason":null,"cardLevelConsent":null},"bsp":{"id":6772,"isoCountryCode":"CH","name":"SWIT"},"level":"card","type":"no","status":"Active","effectiveFrom":"2024-10-08"}]}

09-10-2024T20:54:38 - [MESSAGE][FAILED] - {"pageNumber":0,"pageSize":100,"total":55,"records":[{"id":677200000000067,"airline":{"id":6772495749,"iataCode":"191","name":"Air XXXXX X.X.X. XXX XXX XXXXX X.X.X."},"bsp":{"id":6772,"isoCountryCode":"CH","name":"SWIT"},"level":"country","type":"no","status":"Inactive","effectiveFrom":"2019-07-01","effectiveTo":"2020-02-20"},{"id":677200000000230,"airline":{"id":6772495749,"iataCode":"191","name":"Air XXXXX X.X.X. XXX XXX XXXXX X.X.X."},"bsp":{"id":6772,"isoCountryCode":"CH","name":"SWIT"},"level":"country","type":"no","status":"Inactive","effectiveFrom":"2019-07-05","effectiveTo":"2020-02-20"},{"id":677200000000378,"airline":{"id":6772495749,"iataCode":"191","name":"Air XXXXX X.X.X. XXX XXX XXXXX X.X.X."},"bsp":{"id":6772,"isoCountryCode":"CH","name":"SWIT"},"level":"country","type":"no","status":"Inactive","effectiveFrom":"2019-07-05","effectiveTo":"2020-02-20"},{"id":677200000000526,"airline":{"id":6772495749,"iataCode":"191","name":"Air XXXXX X.X.X. XXX XXX XXXXX X.X.X."},"bsp":{"id":6772,"isoCountryCode":"CH","name":"SWIT"},"level":"country","type":"no","status":"Inactive","effectiveFrom":"2019-07-05","effectiveTo":"2020-02-20"},{"id":677200000000704,"airline":{"id":6772495749,"iataCode":"191","name":"Air XXXXX X.X.X. XXX XXX XXXXX X.X.X."},"bsp":{"id":6772,"isoCountryCode":"CH","name":"SWIT"},"level":"country","type":"no","status":"Inactive","effectiveFrom":"2021-02-05","effectiveTo":"2022-03-03"},{"id":677200000000863,"airline":{"id":6772495749,"iataCode":"191","name":"Air XXXXX X.X.X. XXX XXX XXXXX X.X.X."},"bsp":{"id":6772,"isoCountryCode":"CH","name":"SWIT"},"level":"country","type":"no","status":"Inactive","effectiveFrom":"2021-02-05","effectiveTo":"2021-12-01"},{"id":677200000000997,"airline":{"id":6772495749,"iataCode":"191","name":"Air XXXXX X.X.X. XXX XXX XXXXX X.X.X."},"bsp":{"id":6772,"isoCountryCode":"CH","name":"SWIT"},"level":"country","type":"no","status":"Inactive","effectiveFrom":"2021-02-05","effectiveTo":"2022-03-03"},{"id":677200000001131,"airline":{"id":6772495749,"iataCode":"191","name":"Air XXXXX X.X.X. XXX XXX XXXXX X.X.X."},"bsp":{"id":6772,"isoCountryCode":"CH","name":"SWIT"},"level":"country","type":"no","status":"Inactive","effectiveFrom":"2021-02-05","effectiveTo":"2021-06-01"},{"id":677200000001276,"airline":{"id":6772495749,"iataCode":"191","name":"Air XXXXX X.X.X. XXX XXX XXXXX X.X.X."},"card":{"cardNumber":"222240XXXXXX0005","expiryDate":"10/30","issuerName":"FAC","paymentNetwork":"CA","cardType":"Consumer","companyName":null,"id":677200000000004,"bsp":{"id":6772,"isoCountryCode":"CH","name":"SWIT"},"agent":{"id":67728120025,"iataCode":"8120025","name":"CWT","bsp":{"id":6772,"isoCountryCode":"CH","name":"SWIT"}},"effectiveFrom":"2021-03-04","effectiveTo":"2022-01-25","status":"Inactive","terminationReason":"test","cardLevelConsent":null},"bsp":{"id":6772,"isoCountryCode":"CH","name":"SWIT"},"level":"card","type":"no","status":"Inactive","effectiveFrom":"2021-03-04","effectiveTo":"2022-01-25"},{"id":677200000001452,"airline":{"id":6772495749,"iataCode":"191","name":"Air XXXXX X.X.X. XXX XXX XXXXX X.X.X."},"card":{"cardNumber":"222240XXXXXX0005","expiryDate":"10/30","issuerName":"FAC","paymentNetwork":"CA","cardType":"Corporate","companyName":"provincia san anton","id":677200000000005,"bsp":{"id":6772,"isoCountryCode":"CH","name":"SWIT"},"agent":{"id":67728121080,"iataCode":"8121080","name":"VIAXXXXXX XX","bsp":{"id":6772,"isoCountryCode":"CH","name":"SWIT"}},"effectiveFrom":"2022-01-25","effectiveTo":null,"status":"Active","terminationReason":null,"cardLevelConsent":null},"bsp":{"id":6772,"isoCountryCode":"CH","name":"SWIT"},"level":"card","type":"no","status":"Inactive","effectiveFrom":"2022-01-25","effectiveTo":"2022-03-03"},{"id":677200000001611,"airline":{"id":6772495749,"iataCode":"191","name":"Air XXXXX X.X.X. XXX XXX XXXXX X.X.X."},"card":{"cardNumber":"222240XXXXXX0005","expiryDate":"11/30","issuerName":"TRR","paymentNetwork":"CA","cardType":"Corporate","companyName":"provincia san anton","id":677200000000006,"bsp":{"id":6772,"isoCountryCode":"CH","name":"SWIT"},"agent":{"id":67728120025,"iataCode":"8120025","name":"CWT","bsp":{"id":6772,"isoCountryCode":"CH","name":"SWIT"}},"effectiveFrom":"2022-01-25","effectiveTo":null,"status":"Active","terminationReason":null,"cardLevelConsent":null},"bsp":{"id":6772,"isoCountryCode":"CH","name":"SWIT"},"level":"card","type":"no","status":"Inactive","effectiveFrom":"2022-01-25","effectiveTo":"2022-03-03"},{"id":677200000001768,"airline":{"id":6772495749,"iataCode":"191","name":"Air XXXXX X.X.X. XXX XXX XXXXX X.X.X."},"card":{"cardNumber":"222240XXXXXX0005","expiryDate":"10/31","issuerName":"PEPE","paymentNetwork":"VI","cardType":"Consumer","companyName":null,"id":677200000000007,"bsp":{"id":6772,"isoCountryCode":"CH","name":"SWIT"},"agent":{"id":67728121080,"iataCode":"8121080","name":"VIAXXXXXX XX","bsp":{"id":6772,"isoCountryCode":"CH","name":"SWIT"}},"effectiveFrom":"2022-02-02","effectiveTo":null,"status":"Active","terminationReason":null,"cardLevelConsent":null},"bsp":{"id":6772,"isoCountryCode":"CH","name":"SWIT"},"level":"card","type":"no","status":"Inactive","effectiveFrom":"2022-02-02","effectiveTo":"2022-03-03"},{"id":677200000001920,"airline":{"id":6772495749,"iataCode":"191","name":"Air XXXXX X.X.X. XXX XXX XXXXX X.X.X."},"card":{"cardNumber":"222240XXXXXX0005","expiryDate":"12/34","issuerName":"CARLOS","paymentNetwork":"VI","cardType":"Corporate","companyName":"Accelya","id":677200000000008,"bsp":{"id":6772,"isoCountryCode":"CH","name":"SWIT"},"agent":{"id":67728127904,"iataCode":"8127904","name":"VOYXXXXXXX","bsp":{"id":6772,"isoCountryCode":"CH","name":"SWIT"}},"effectiveFrom":"2022-02-02","effectiveTo":null,"status":"Active","terminationReason":null,"cardLevelConsent":null},"bsp":{"id":6772,"isoCountryCode":"CH","name":"SWIT"},"level":"card","type":"no","status":"Inactive","effectiveFrom":"2022-02-02","effectiveTo":"2022-03-03"},{"id":677200000002072,"airline":{"id":6772495749,"iataCode":"191","name":"Air XXXXX X.X.X. XXX XXX XXXXX X.X.X."},"card":{"cardNumber":"222240XXXXXX0005","expiryDate":"11/31","issuerName":"CARLOS","paymentNetwork":"VI","cardType":"Corporate","companyName":"Accelya","id":677200000000009,"bsp":{"id":6772,"isoCountryCode":"CH","name":"SWIT"},"agent":{"id":67728127904,"iataCode":"8127904","name":"VOYXXXXXXX","bsp":{"id":6772,"isoCountryCode":"CH","name":"SWIT"}},"effectiveFrom":"2022-02-02","effectiveTo":null,"status":"Active","terminationReason":null,"cardLevelConsent":null},"bsp":{"id":6772,"isoCountryCode":"CH","name":"SWIT"},"level":"card","type":"no","status":"Inactive","effectiveFrom":"2022-02-02","effectiveTo":"2022-03-03"},{"id":677200000002224,"airline":{"id":6772495749,"iataCode":"191","name":"Air XXXXX X.X.X. XXX XXX XXXXX X.X.X."},"bsp":{"id":6772,"isoCountryCode":"CH","name":"SWIT"},"level":"country","type":"no","status":"Inactive","effectiveFrom":"2022-02-02","effectiveTo":"2022-03-03"},{"id":677200000002365,"airline":{"id":6772495749,"iataCode":"191","name":"Air XXXXX X.X.X. XXX XXX XXXXX X.X.X."},"card":{"cardNumber":"222240XXXXXX0005","expiryDate":"12/23","issuerName":"AX","paymentNetwork":"AX","cardType":"Consumer","companyName":null,"id":677200000000011,"bsp":{"id":6772,"isoCountryCode":"CH","name":"SWIT"},"agent":{"id":67728120012,"iataCode":"8120012","name":"ATG XXXXXXXXXXX","bsp":{"id":6772,"isoCountryCode":"CH","name":"SWIT"}},"effectiveFrom":"2022-02-28","effectiveTo":"2022-05-05","status":"Inactive","terminationReason":"test","cardLevelConsent":null},"bsp":{"id":6772,"isoCountryCode":"CH","name":"SWIT"},"level":"card","type":"no","status":"Inactive","effectiveFrom":"2022-02-28","effectiveTo":"2022-03-03"},{"id":677200000002503,"airline":{"id":6772495749,"iataCode":"191","name":"Air XXXXX X.X.X. XXX XXX XXXXX X.X.X."},"bsp":{"id":6772,"isoCountryCode":"CH","name":"SWIT"},"level":"country","type":"no","status":"Inactive","effectiveFrom":"2022-03-04","effectiveTo":"2022-12-20"},{"id":677200000002664,"airline":{"id":6772495749,"iataCode":"191","name":"Air XXXXX X.X.X. XXX XXX XXXXX X.X.X."},"bsp":{"id":6772,"isoCountryCode":"CH","name":"SWIT"},"level":"country","type":"no","status":"Inactive","effectiveFrom":"2022-03-04","effectiveTo":"2022-10-03"},{"id":677200000002808,"airline":{"id":6772495749,"iataCode":"191","name":"Air XXXXX X.X.X. XXX XXX XXXXX X.X.X."},"card":{"cardNumber":"222240XXXXXX0005","expiryDate":"10/30","issuerName":"FAC","paymentNetwork":"CA","cardType":"Corporate","companyName":"provincia san anton","id":677200000000005,"bsp":{"id":6772,"isoCountryCode":"CH","name":"SWIT"},"agent":{"id":67728121080,"iataCode":"8121080","name":"VIAXXXXXX XX","bsp":{"id":6772,"isoCountryCode":"CH","name":"SWIT"}},"effectiveFrom":"2022-01-25","effectiveTo":null,"status":"Active","terminationReason":null,"cardLevelConsent":null},"bsp":{"id":6772,"isoCountryCode":"CH","name":"SWIT"},"level":"card","type":"no","status":"Inactive","effectiveFrom":"2022-03-04","effectiveTo":"2022-12-20"},{"id":677200000002967,"airline":{"id":6772495749,"iataCode":"191","name":"Air XXXXX X.X.X. XXX XXX XXXXX X.X.X."},"card":{"cardNumber":"222240XXXXXX0005","expiryDate":"11/30","issuerName":"TRR","paymentNetwork":"CA","cardType":"Corporate","companyName":"provincia san anton","id":677200000000006,"bsp":{"id":6772,"isoCountryCode":"CH","name":"SWIT"},"agent":{"id":67728120025,"iataCode":"8120025","name":"CWT","bsp":{"id":6772,"isoCountryCode":"CH","name":"SWIT"}},"effectiveFrom":"2022-01-25","effectiveTo":null,"status":"Active","terminationReason":null,"cardLevelConsent":null},"bsp":{"id":6772,"isoCountryCode":"CH","name":"SWIT"},"level":"card","type":"no","status":"Inactive","effectiveFrom":"2022-03-04","effectiveTo":"2022-12-20"},{"id":677200000003123,"airline":{"id":6772495749,"iataCode":"191","name":"Air XXXXX X.X.X. XXX XXX XXXXX X.X.X."},"card":{"cardNumber":"222240XXXXXX0005","expiryDate":"10/31","issuerName":"PEPE","paymentNetwork":"VI","cardType":"Consumer","companyName":null,"id":677200000000007,"bsp":{"id":6772,"isoCountryCode":"CH","name":"SWIT"},"agent":{"id":67728121080,"iataCode":"8121080","name":"VIAXXXXXX XX","bsp":{"id":6772,"isoCountryCode":"CH","name":"SWIT"}},"effectiveFrom":"2022-02-02","effectiveTo":null,"status":"Active","terminationReason":null,"cardLevelConsent":null},"bsp":{"id":6772,"isoCountryCode":"CH","name":"SWIT"},"level":"card","type":"no","status":"Inactive","effectiveFrom":"2022-03-04","effectiveTo":"2022-12-20"},{"id":677200000003275,"airline":{"id":6772495749,"iataCode":"191","name":"Air XXXXX X.X.X. XXX XXX XXXXX X.X.X."},"card":{"cardNumber":"222240XXXXXX0005","expiryDate":"12/34","issuerName":"CARLOS","paymentNetwork":"VI","cardType":"Corporate","companyName":"Accelya","id":677200000000008,"bsp":{"id":6772,"isoCountryCode":"CH","name":"SWIT"},"agent":{"id":67728127904,"iataCode":"8127904","name":"VOYXXXXXXX","bsp":{"id":6772,"isoCountryCode":"CH","name":"SWIT"}},"effectiveFrom":"2022-02-02","effectiveTo":null,"status":"Active","terminationReason":null,"cardLevelConsent":null},"bsp":{"id":6772,"isoCountryCode":"CH","name":"SWIT"},"level":"card","type":"no","status":"Inactive","effectiveFrom":"2022-03-04","effectiveTo":"2022-12-20"},{"id":677200000003427,"airline":{"id":6772495749,"iataCode":"191","name":"Air XXXXX X.X.X. XXX XXX XXXXX X.X.X."},"card":{"cardNumber":"222240XXXXXX0005","expiryDate":"11/31","issuerName":"CARLOS","paymentNetwork":"VI","cardType":"Corporate","companyName":"Accelya","id":677200000000009,"bsp":{"id":6772,"isoCountryCode":"CH","name":"SWIT"},"agent":{"id":67728127904,"iataCode":"8127904","name":"VOYXXXXXXX","bsp":{"id":6772,"isoCountryCode":"CH","name":"SWIT"}},"effectiveFrom":"2022-02-02","effectiveTo":null,"status":"Active","terminationReason":null,"cardLevelConsent":null},"bsp":{"id":6772,"isoCountryCode":"CH","name":"SWIT"},"level":"card","type":"no","status":"Inactive","effectiveFrom":"2022-03-04","effectiveTo":"2022-12-20"},{"id":677200000003579,"airline":{"id":6772495749,"iataCode":"191","name":"Air XXXXX X.X.X. XXX XXX XXXXX X.X.X."},"bsp":{"id":6772,"isoCountryCode":"CH","name":"SWIT"},"level":"country","type":"no","status":"Inactive","effectiveFrom":"2022-03-04","effectiveTo":"2022-12-20"},{"id":677200000003720,"airline":{"id":6772495749,"iataCode":"191","name":"Air XXXXX X.X.X. XXX XXX XXXXX X.X.X."},"card":{"cardNumber":"222240XXXXXX0005","expiryDate":"12/23","issuerName":"AX","paymentNetwork":"AX","cardType":"Consumer","companyName":null,"id":677200000000011,"bsp":{"id":6772,"isoCountryCode":"CH","name":"SWIT"},"agent":{"id":67728120012,"iataCode":"8120012","name":"ATG XXXXXXXXXXX","bsp":{"id":6772,"isoCountryCode":"CH","name":"SWIT"}},"effectiveFrom":"2022-02-28","effectiveTo":"2022-05-05","status":"Inactive","terminationReason":"test","cardLevelConsent":null},"bsp":{"id":6772,"isoCountryCode":"CH","name":"SWIT"},"level":"card","type":"no","status":"Inactive","effectiveFrom":"2022-03-04","effectiveTo":"2022-05-05"},{"id":677200000003839,"airline":{"id":6772495749,"iataCode":"191","name":"Air XXXXX X.X.X. XXX XXX XXXXX X.X.X."},"card":{"cardNumber":"222240XXXXXX0005","expiryDate":"12/23","issuerName":"AX","paymentNetwork":"AX","cardType":"Corporate","companyName":"AX","id":677200000000012,"bsp":{"id":6772,"isoCountryCode":"CH","name":"SWIT"},"agent":{"id":67728120012,"iataCode":"8120012","name":"ATG XXXXXXXXXXX","bsp":{"id":6772,"isoCountryCode":"CH","name":"SWIT"}},"effectiveFrom":"2022-06-07","effectiveTo":"2023-05-02","status":"Inactive","terminationReason":"test","cardLevelConsent":null},"bsp":{"id":6772,"isoCountryCode":"CH","name":"SWIT"},"level":"card","type":"no","status":"Inactive","effectiveFrom":"2022-06-07","effectiveTo":"2022-12-20"},{"id":677200000003958,"airline":{"id":6772495749,"iataCode":"191","name":"Air XXXXX X.X.X. XXX XXX XXXXX X.X.X."},"card":{"cardNumber":"222240XXXXXX0005","expiryDate":"12/23","issuerName":"AX","paymentNetwork":"AX","cardType":"Corporate","companyName":"AX","id":677200000000013,"bsp":{"id":6772,"isoCountryCode":"CH","name":"SWIT"},"agent":{"id":67728120012,"iataCode":"8120012","name":"ATG XXXXXXXXXXX","bsp":{"id":6772,"isoCountryCode":"CH","name":"SWIT"}},"effectiveFrom":"2022-06-08","effectiveTo":"2023-08-08","status":"Inactive","terminationReason":"Card Replaced / Changed Bank","cardLevelConsent":null},"bsp":{"id":6772,"isoCountryCode":"CH","name":"SWIT"},"level":"card","type":"no","status":"Inactive","effectiveFrom":"2022-06-07","effectiveTo":"2022-12-20"},{"id":677200000004077,"airline":{"id":6772495749,"iataCode":"191","name":"Air XXXXX X.X.X. XXX XXX XXXXX X.X.X."},"card":{"cardNumber":"222240XXXXXX0005","expiryDate":"11/24","issuerName":"VI","paymentNetwork":"VI","cardType":"Consumer","companyName":null,"id":677200000000014,"bsp":{"id":6772,"isoCountryCode":"CH","name":"SWIT"},"agent":{"id":67728120012,"iataCode":"8120012","name":"ATG XXXXXXXXXXX","bsp":{"id":6772,"isoCountryCode":"CH","name":"SWIT"}},"effectiveFrom":"2022-06-07","effectiveTo":"2023-07-24","status":"Inactive","terminationReason":"Airline(s) didn't give consent","cardLevelConsent":null},"bsp":{"id":6772,"isoCountryCode":"CH","name":"SWIT"},"level":"card","type":"no","status":"Inactive","effectiveFrom":"2022-06-07","effectiveTo":"2022-12-20"},{"id":677200000004196,"airline":{"id":6772495749,"iataCode":"191","name":"Air XXXXX X.X.X. XXX XXX XXXXX X.X.X."},"card":{"cardNumber":"222240XXXXXX0005","expiryDate":"08/23","issuerName":"CA","paymentNetwork":"CA","cardType":"Consumer","companyName":null,"id":677200000000015,"bsp":{"id":6772,"isoCountryCode":"CH","name":"SWIT"},"agent":{"id":67728120012,"iataCode":"8120012","name":"ATG XXXXXXXXXXX","bsp":{"id":6772,"isoCountryCode":"CH","name":"SWIT"}},"effectiveFrom":"2022-06-07","effectiveTo":"2023-07-24","status":"Inactive","terminationReason":"Airline(s) didn't give consent","cardLevelConsent":null},"bsp":{"id":6772,"isoCountryCode":"CH","name":"SWIT"},"level":"card","type":"no","status":"Inactive","effectiveFrom":"2022-06-07","effectiveTo":"2022-12-20"},{"id":677200000004407,"airline":{"id":6772495749,"iataCode":"191","name":"Air XXXXX X.X.X. XXX XXX XXXXX X.X.X."},"card":{"cardNumber":"222240XXXXXX0005","expiryDate":"07/23","issuerName":"NEWFIVE","paymentNetwork":"CA","cardType":"Consumer","companyName":null,"id":677200000000020,"bsp":{"id":6772,"isoCountryCode":"CH","name":"SWIT"},"agent":{"id":67728120012,"iataCode":"8120012","name":"ATG XXXXXXXXXXX","bsp":{"id":6772,"isoCountryCode":"CH","name":"SWIT"}},"effectiveFrom":"2022-10-13","effectiveTo":"2023-07-21","status":"Inactive","terminationReason":"Customer Card enrolled by error","cardLevelConsent":null},"bsp":{"id":6772,"isoCountryCode":"CH","name":"SWIT"},"level":"card","type":"no","status":"Inactive","effectiveFrom":"2022-10-13","effectiveTo":"2022-12-20"},{"id":677200000004526,"airline":{"id":6772495749,"iataCode":"191","name":"Air XXXXX X.X.X. XXX XXX XXXXX X.X.X."},"card":{"cardNumber":"222240XXXXXX0005","expiryDate":"06/27","issuerName":"NEWSIX - CHECK NOTIFICATION","paymentNetwork":"CA","cardType":"Consumer","companyName":null,"id":677200000000021,"bsp":{"id":6772,"isoCountryCode":"CH","name":"SWIT"},"agent":{"id":67728120012,"iataCode":"8120012","name":"ATG XXXXXXXXXXX","bsp":{"id":6772,"isoCountryCode":"CH","name":"SWIT"}},"effectiveFrom":"2022-10-13","effectiveTo":"2023-07-21","status":"Inactive","terminationReason":"Card Replaced / Changed Bank","cardLevelConsent":null},"bsp":{"id":6772,"isoCountryCode":"CH","name":"SWIT"},"level":"card","type":"no","status":"Inactive","effectiveFrom":"2022-10-13","effectiveTo":"2022-12-20"},{"id":677200000004665,"airline":{"id":6772495749,"iataCode":"191","name":"Air XXXXX X.X.X. XXX XXX XXXXX X.X.X."},"bsp":{"id":6772,"isoCountryCode":"CH","name":"SWIT"},"level":"country","type":"no","status":"Inactive","effectiveFrom":"2022-12-21","effectiveTo":"2022-12-22"},{"id":677200000004838,"airline":{"id":6772495749,"iataCode":"191","name":"Air XXXXX X.X.X. XXX XXX XXXXX X.X.X."},"card":{"cardNumber":"222240XXXXXX0005","expiryDate":"10/30","issuerName":"FAC","paymentNetwork":"CA","cardType":"Corporate","companyName":"provincia san anton","id":677200000000005,"bsp":{"id":6772,"isoCountryCode":"CH","name":"SWIT"},"agent":{"id":67728121080,"iataCode":"8121080","name":"VIAXXXXXX XX","bsp":{"id":6772,"isoCountryCode":"CH","name":"SWIT"}},"effectiveFrom":"2022-01-25","effectiveTo":null,"status":"Active","terminationReason":null,"cardLevelConsent":null},"bsp":{"id":6772,"isoCountryCode":"CH","name":"SWIT"},"level":"card","type":"no","status":"Inactive","effectiveFrom":"2022-12-21","effectiveTo":"2022-12-22"},{"id":677200000004997,"airline":{"id":6772495749,"iataCode":"191","name":"Air XXXXX X.X.X. XXX XXX XXXXX X.X.X."},"card":{"cardNumber":"222240XXXXXX0005","expiryDate":"11/30","issuerName":"TRR","paymentNetwork":"CA","cardType":"Corporate","companyName":"provincia san anton","id":677200000000006,"bsp":{"id":6772,"isoCountryCode":"CH","name":"SWIT"},"agent":{"id":67728120025,"iataCode":"8120025","name":"CWT","bsp":{"id":6772,"isoCountryCode":"CH","name":"SWIT"}},"effectiveFrom":"2022-01-25","effectiveTo":null,"status":"Active","terminationReason":null,"cardLevelConsent":null},"bsp":{"id":6772,"isoCountryCode":"CH","name":"SWIT"},"level":"card","type":"no","status":"Inactive","effectiveFrom":"2022-12-21","effectiveTo":"2022-12-22"},{"id":677200000005153,"airline":{"id":6772495749,"iataCode":"191","name":"Air XXXXX X.X.X. XXX XXX XXXXX X.X.X."},"card":{"cardNumber":"222240XXXXXX0005","expiryDate":"10/31","issuerName":"PEPE","paymentNetwork":"VI","cardType":"Consumer","companyName":null,"id":677200000000007,"bsp":{"id":6772,"isoCountryCode":"CH","name":"SWIT"},"agent":{"id":67728121080,"iataCode":"8121080","name":"VIAXXXXXX XX","bsp":{"id":6772,"isoCountryCode":"CH","name":"SWIT"}},"effectiveFrom":"2022-02-02","effectiveTo":null,"status":"Active","terminationReason":null,"cardLevelConsent":null},"bsp":{"id":6772,"isoCountryCode":"CH","name":"SWIT"},"level":"card","type":"no","status":"Inactive","effectiveFrom":"2022-12-21","effectiveTo":"2022-12-22"},{"id":677200000005305,"airline":{"id":6772495749,"iataCode":"191","name":"Air XXXXX X.X.X. XXX XXX XXXXX X.X.X."},"card":{"cardNumber":"222240XXXXXX0005","expiryDate":"12/34","issuerName":"CARLOS","paymentNetwork":"VI","cardType":"Corporate","companyName":"Accelya","id":677200000000008,"bsp":{"id":6772,"isoCountryCode":"CH","name":"SWIT"},"agent":{"id":67728127904,"iataCode":"8127904","name":"VOYXXXXXXX","bsp":{"id":6772,"isoCountryCode":"CH","name":"SWIT"}},"effectiveFrom":"2022-02-02","effectiveTo":null,"status":"Active","terminationReason":null,"cardLevelConsent":null},"bsp":{"id":6772,"isoCountryCode":"CH","name":"SWIT"},"level":"card","type":"no","status":"Inactive","effectiveFrom":"2022-12-21","effectiveTo":"2022-12-22"},{"id":677200000005457,"airline":{"id":6772495749,"iataCode":"191","name":"Air XXXXX X.X.X. XXX XXX XXXXX X.X.X."},"card":{"cardNumber":"222240XXXXXX0005","expiryDate":"11/31","issuerName":"CARLOS","paymentNetwork":"VI","cardType":"Corporate","companyName":"Accelya","id":677200000000009,"bsp":{"id":6772,"isoCountryCode":"CH","name":"SWIT"},"agent":{"id":67728127904,"iataCode":"8127904","name":"VOYXXXXXXX","bsp":{"id":6772,"isoCountryCode":"CH","name":"SWIT"}},"effectiveFrom":"2022-02-02","effectiveTo":null,"status":"Active","terminationReason":null,"cardLevelConsent":null},"bsp":{"id":6772,"isoCountryCode":"CH","name":"SWIT"},"level":"card","type":"no","status":"Inactive","effectiveFrom":"2022-12-21","effectiveTo":"2022-12-22"},{"id":677200000005609,"airline":{"id":6772495749,"iataCode":"191","name":"Air XXXXX X.X.X. XXX XXX XXXXX X.X.X."},"bsp":{"id":6772,"isoCountryCode":"CH","name":"SWIT"},"level":"country","type":"no","status":"Inactive","effectiveFrom":"2022-12-21","effectiveTo":"2022-12-22"},{"id":677200000005750,"airline":{"id":6772495749,"iataCode":"191","name":"Air XXXXX X.X.X. XXX XXX XXXXX X.X.X."},"card":{"cardNumber":"222240XXXXXX0005","expiryDate":"12/23","issuerName":"AX","paymentNetwork":"AX","cardType":"Corporate","companyName":"AX","id":677200000000012,"bsp":{"id":6772,"isoCountryCode":"CH","name":"SWIT"},"agent":{"id":67728120012,"iataCode":"8120012","name":"ATG XXXXXXXXXXX","bsp":{"id":6772,"isoCountryCode":"CH","name":"SWIT"}},"effectiveFrom":"2022-06-07","effectiveTo":"2023-05-02","status":"Inactive","terminationReason":"test","cardLevelConsent":null},"bsp":{"id":6772,"isoCountryCode":"CH","name":"SWIT"},"level":"card","type":"no","status":"Inactive","effectiveFrom":"2022-12-21","effectiveTo":"2022-12-22"},{"id":677200000005869,"airline":{"id":6772495749,"iataCode":"191","name":"Air XXXXX X.X.X. XXX XXX XXXXX X.X.X."},"card":{"cardNumber":"222240XXXXXX0005","expiryDate":"12/23","issuerName":"AX","paymentNetwork":"AX","cardType":"Corporate","companyName":"AX","id":677200000000013,"bsp":{"id":6772,"isoCountryCode":"CH","name":"SWIT"},"agent":{"id":67728120012,"iataCode":"8120012","name":"ATG XXXXXXXXXXX","bsp":{"id":6772,"isoCountryCode":"CH","name":"SWIT"}},"effectiveFrom":"2022-06-08","effectiveTo":"2023-08-08","status":"Inactive","terminationReason":"Card Replaced / Changed Bank","cardLevelConsent":null},"bsp":{"id":6772,"isoCountryCode":"CH","name":"SWIT"},"level":"card","type":"no","status":"Inactive","effectiveFrom":"2022-12-21","effectiveTo":"2022-12-22"},{"id":677200000005988,"airline":{"id":6772495749,"iataCode":"191","name":"Air XXXXX X.X.X. XXX XXX XXXXX X.X.X."},"card":{"cardNumber":"222240XXXXXX0005","expiryDate":"11/24","issuerName":"VI","paymentNetwork":"VI","cardType":"Consumer","companyName":null,"id":677200000000014,"bsp":{"id":6772,"isoCountryCode":"CH","name":"SWIT"},"agent":{"id":67728120012,"iataCode":"8120012","name":"ATG XXXXXXXXXXX","bsp":{"id":6772,"isoCountryCode":"CH","name":"SWIT"}},"effectiveFrom":"2022-06-07","effectiveTo":"2023-07-24","status":"Inactive","terminationReason":"Airline(s) didn't give consent","cardLevelConsent":null},"bsp":{"id":6772,"isoCountryCode":"CH","name":"SWIT"},"level":"card","type":"no","status":"Inactive","effectiveFrom":"2022-12-21","effectiveTo":"2022-12-22"},{"id":677200000006107,"airline":{"id":6772495749,"iataCode":"191","name":"Air XXXXX X.X.X. XXX XXX XXXXX X.X.X."},"card":{"cardNumber":"222240XXXXXX0005","expiryDate":"08/23","issuerName":"CA","paymentNetwork":"CA","cardType":"Consumer","companyName":null,"id":677200000000015,"bsp":{"id":6772,"isoCountryCode":"CH","name":"SWIT"},"agent":{"id":67728120012,"iataCode":"8120012","name":"ATG XXXXXXXXXXX","bsp":{"id":6772,"isoCountryCode":"CH","name":"SWIT"}},"effectiveFrom":"2022-06-07","effectiveTo":"2023-07-24","status":"Inactive","terminationReason":"Airline(s) didn't give consent","cardLevelConsent":null},"bsp":{"id":6772,"isoCountryCode":"CH","name":"SWIT"},"level":"card","type":"no","status":"Inactive","effectiveFrom":"2022-12-21","effectiveTo":"2022-12-22"},{"id":677200000006226,"airline":{"id":6772495749,"iataCode":"191","name":"Air XXXXX X.X.X. XXX XXX XXXXX X.X.X."},"card":{"cardNumber":"222240XXXXXX0005","expiryDate":"07/23","issuerName":"NEWFIVE","paymentNetwork":"CA","cardType":"Consumer","companyName":null,"id":677200000000020,"bsp":{"id":6772,"isoCountryCode":"CH","name":"SWIT"},"agent":{"id":67728120012,"iataCode":"8120012","name":"ATG XXXXXXXXXXX","bsp":{"id":6772,"isoCountryCode":"CH","name":"SWIT"}},"effectiveFrom":"2022-10-13","effectiveTo":"2023-07-21","status":"Inactive","terminationReason":"Customer Card enrolled by error","cardLevelConsent":null},"bsp":{"id":6772,"isoCountryCode":"CH","name":"SWIT"},"level":"card","type":"no","status":"Inactive","effectiveFrom":"2022-12-21","effectiveTo":"2022-12-22"},{"id":677200000006345,"airline":{"id":6772495749,"iataCode":"191","name":"Air XXXXX X.X.X. XXX XXX XXXXX X.X.X."},"card":{"cardNumber":"222240XXXXXX0005","expiryDate":"06/27","issuerName":"NEWSIX - CHECK NOTIFICATION","paymentNetwork":"CA","cardType":"Consumer","companyName":null,"id":677200000000021,"bsp":{"id":6772,"isoCountryCode":"CH","name":"SWIT"},"agent":{"id":67728120012,"iataCode":"8120012","name":"ATG XXXXXXXXXXX","bsp":{"id":6772,"isoCountryCode":"CH","name":"SWIT"}},"effectiveFrom":"2022-10-13","effectiveTo":"2023-07-21","status":"Inactive","terminationReason":"Card Replaced / Changed Bank","cardLevelConsent":null},"bsp":{"id":6772,"isoCountryCode":"CH","name":"SWIT"},"level":"card","type":"no","status":"Inactive","effectiveFrom":"2022-12-21","effectiveTo":"2022-12-22"},{"id":677200000006483,"airline":{"id":6772495749,"iataCode":"191","name":"Air XXXXX X.X.X. XXX XXX XXXXX X.X.X."},"bsp":{"id":6772,"isoCountryCode":"CH","name":"SWIT"},"level":"country","type":"no","status":"Active","effectiveFrom":"2023-03-15"},{"id":677210000002140,"airline":{"id":6772495749,"iataCode":"191","name":"Air XXXXX X.X.X. XXX XXX XXXXX X.X.X."},"bsp":{"id":6772,"isoCountryCode":"CH","name":"SWIT"},"level":"country","type":"no","status":"Active","effectiveFrom":"2024-05-25"},{"id":677210000010697,"airline":{"id":6772495749,"iataCode":"191","name":"Air XXXXX X.X.X. XXX XXX XXXXX X.X.X."},"card":{"cardNumber":"222240XXXXXX0005","expiryDate":"10/31","issuerName":"PEPE","paymentNetwork":"VI","cardType":"Consumer","companyName":null,"id":677200000000007,"bsp":{"id":6772,"isoCountryCode":"CH","name":"SWIT"},"agent":{"id":67728121080,"iataCode":"8121080","name":"VIAXXXXXX XX","bsp":{"id":6772,"isoCountryCode":"CH","name":"SWIT"}},"effectiveFrom":"2022-02-02","effectiveTo":null,"status":"Active","terminationReason":null,"cardLevelConsent":null},"bsp":{"id":6772,"isoCountryCode":"CH","name":"SWIT"},"level":"card","type":"no","status":"Active","effectiveFrom":"2024-10-08"},{"id":677210000010765,"airline":{"id":6772495749,"iataCode":"191","name":"Air XXXXX X.X.X. XXX XXX XXXXX X.X.X."},"card":{"cardNumber":"222240XXXXXX0005","expiryDate":"02/29","issuerName":"MASTERCARD","paymentNetwork":"CA","cardType":"Corporate","companyName":"ABC Pvt Ltd","id":677200000000033,"bsp":{"id":6772,"isoCountryCode":"CH","name":"SWIT"},"agent":{"id":67728120012,"iataCode":"8120012","name":"ATG XXXXXXXXXXX","bsp":{"id":6772,"isoCountryCode":"CH","name":"SWIT"}},"effectiveFrom":"2023-08-17","effectiveTo":null,"status":"Active","terminationReason":null,"cardLevelConsent":null},"bsp":{"id":6772,"isoCountryCode":"CH","name":"SWIT"},"level":"card","type":"no","status":"Active","effectiveFrom":"2024-10-08"},{"id":677210000010846,"airline":{"id":6772495749,"iataCode":"191","name":"Air XXXXX X.X.X. XXX XXX XXXXX X.X.X."},"card":{"cardNumber":"222240XXXXXX0005","expiryDate":"12/34","issuerName":"CARLOS","paymentNetwork":"VI","cardType":"Corporate","companyName":"Accelya","id":677200000000008,"bsp":{"id":6772,"isoCountryCode":"CH","name":"SWIT"},"agent":{"id":67728127904,"iataCode":"8127904","name":"VOYXXXXXXX","bsp":{"id":6772,"isoCountryCode":"CH","name":"SWIT"}},"effectiveFrom":"2022-02-02","effectiveTo":null,"status":"Active","terminationReason":null,"cardLevelConsent":null},"bsp":{"id":6772,"isoCountryCode":"CH","name":"SWIT"},"level":"card","type":"no","status":"Active","effectiveFrom":"2024-10-08"},{"id":677210000010887,"airline":{"id":6772495749,"iataCode":"191","name":"Air XXXXX X.X.X. XXX XXX XXXXX X.X.X."},"card":{"cardNumber":"222240XXXXXX0005","expiryDate":"12/29","issuerName":"MASTERCARD","paymentNetwork":"CA","cardType":"Consumer","companyName":null,"id":677200000000050,"bsp":{"id":6772,"isoCountryCode":"CH","name":"SWIT"},"agent":{"id":67728120012,"iataCode":"8120012","name":"ATG XXXXXXXXXXX","bsp":{"id":6772,"isoCountryCode":"CH","name":"SWIT"}},"effectiveFrom":"2023-12-18","effectiveTo":null,"status":"Active","terminationReason":null,"cardLevelConsent":null},"bsp":{"id":6772,"isoCountryCode":"CH","name":"SWIT"},"level":"card","type":"no","status":"Active","effectiveFrom":"2024-10-08"},{"id":677210000010890,"airline":{"id":6772495749,"iataCode":"191","name":"Air XXXXX X.X.X. XXX XXX XXXXX X.X.X."},"card":{"cardNumber":"222240XXXXXX0005","expiryDate":"09/28","issuerName":"Gänsefüßchen","paymentNetwork":"CA","cardType":"Consumer","companyName":"füßchen","id":677200000000051,"bsp":{"id":6772,"isoCountryCode":"CH","name":"SWIT"},"agent":{"id":67728120012,"iataCode":"8120012","name":"ATG XXXXXXXXXXX","bsp":{"id":6772,"isoCountryCode":"CH","name":"SWIT"}},"effectiveFrom":"2023-12-19","effectiveTo":null,"status":"Active","terminationReason":"EspañaHörgerätGänsefüßchendésembâtonnéEl perro ladró, la vaca calló, el gato maulló y el pato, que no daba crédito, corr","cardLevelConsent":null},"bsp":{"id":6772,"isoCountryCode":"CH","name":"SWIT"},"level":"card","type":"no","status":"Active","effectiveFrom":"2024-10-08"},{"id":677210000010968,"airline":{"id":6772495749,"iataCode":"191","name":"Air XXXXX X.X.X. XXX XXX XXXXX X.X.X."},"card":{"cardNumber":"222240XXXXXX0005","expiryDate":"10/30","issuerName":"FAC","paymentNetwork":"CA","cardType":"Corporate","companyName":"provincia san anton","id":677200000000005,"bsp":{"id":6772,"isoCountryCode":"CH","name":"SWIT"},"agent":{"id":67728121080,"iataCode":"8121080","name":"VIAXXXXXX XX","bsp":{"id":6772,"isoCountryCode":"CH","name":"SWIT"}},"effectiveFrom":"2022-01-25","effectiveTo":null,"status":"Active","terminationReason":null,"cardLevelConsent":null},"bsp":{"id":6772,"isoCountryCode":"CH","name":"SWIT"},"level":"card","type":"no","status":"Active","effectiveFrom":"2024-10-08"},{"id":677210000011075,"airline":{"id":6772495749,"iataCode":"191","name":"Air XXXXX X.X.X. XXX XXX XXXXX X.X.X."},"card":{"cardNumber":"222240XXXXXX0005","expiryDate":"02/29","issuerName":"MASTERCARD","paymentNetwork":"CA","cardType":"Corporate","companyName":"ABC Pvt Ltd","id":677200000000032,"bsp":{"id":6772,"isoCountryCode":"CH","name":"SWIT"},"agent":{"id":67728120012,"iataCode":"8120012","name":"ATG XXXXXXXXXXX","bsp":{"id":6772,"isoCountryCode":"CH","name":"SWIT"}},"effectiveFrom":"2023-08-17","effectiveTo":null,"status":"Active","terminationReason":null,"cardLevelConsent":null},"bsp":{"id":6772,"isoCountryCode":"CH","name":"SWIT"},"level":"card","type":"no","status":"Active","effectiveFrom":"2024-10-08"},{"id":677210000011081,"airline":{"id":6772495749,"iataCode":"191","name":"Air XXXXX X.X.X. XXX XXX XXXXX X.X.X."},"card":{"cardNumber":"222240XXXXXX0005","expiryDate":"11/30","issuerName":"TRR","paymentNetwork":"CA","cardType":"Corporate","companyName":"provincia san anton","id":677200000000006,"bsp":{"id":6772,"isoCountryCode":"CH","name":"SWIT"},"agent":{"id":67728120025,"iataCode":"8120025","name":"CWT","bsp":{"id":6772,"isoCountryCode":"CH","name":"SWIT"}},"effectiveFrom":"2022-01-25","effectiveTo":null,"status":"Active","terminationReason":null,"cardLevelConsent":null},"bsp":{"id":6772,"isoCountryCode":"CH","name":"SWIT"},"level":"card","type":"no","status":"Active","effectiveFrom":"2024-10-08"},{"id":677210000011614,"airline":{"id":6772495749,"iataCode":"191","name":"Air XXXXX X.X.X. XXX XXX XXXXX X.X.X."},"card":{"cardNumber":"222240XXXXXX0005","expiryDate":"11/31","issuerName":"CARLOS","paymentNetwork":"VI","cardType":"Corporate","companyName":"Accelya","id":677200000000009,"bsp":{"id":6772,"isoCountryCode":"CH","name":"SWIT"},"agent":{"id":67728127904,"iataCode":"8127904","name":"VOYXXXXXXX","bsp":{"id":6772,"isoCountryCode":"CH","name":"SWIT"}},"effectiveFrom":"2022-02-02","effectiveTo":null,"status":"Active","terminationReason":null,"cardLevelConsent":null},"bsp":{"id":6772,"isoCountryCode":"CH","name":"SWIT"},"level":"card","type":"no","status":"Active","effectiveFrom":"2024-10-08"}]}

09-10-2024T20:54:38 - [TEST_STEP][PASSED] - recordsQA = getTestCaseVariables().get("sortedRecordsQA"): null

09-10-2024T20:54:38 - [TEST_STEP][FAILED] - markFailed(recordsQA): [{"level":"country","id":677200000006483,"airline":{"iataCode":"191","name":"Air XXXXX X.X.X. XXX XXX XXXXX X.X.X.","id":6772495749},"type":"no","effectiveFrom":"2023-03-15","bsp":{"isoCountryCode":"CH","name":"SWITZERLAND","id":6772},"status":"Active"},{"effectiveTo":"2020-02-20","level":"country","id":677200000000067,"airline":{"iataCode":"191","name":"Air XXXXX X.X.X. XXX XXX XXXXX X.X.X.","id":6772495749},"type":"no","effectiveFrom":"2019-07-01","bsp":{"isoCountryCode":"CH","name":"SWITZERLAND","id":6772},"status":"Inactive"},{"effectiveTo":"2022-12-22","level":"country","id":677200000004665,"airline":{"iataCode":"191","name":"Air XXXXX X.X.X. XXX XXX XXXXX X.X.X.","id":6772495749},"type":"no","effectiveFrom":"2022-12-21","bsp":{"isoCountryCode":"CH","name":"SWITZERLAND","id":6772},"status":"Inactive"},{"effectiveTo":"2022-03-03","level":"country","id":677200000000704,"airline":{"iataCode":"191","name":"Air XXXXX X.X.X. XXX XXX XXXXX X.X.X.","id":6772495749},"type":"no","effectiveFrom":"2021-02-05","bsp":{"isoCountryCode":"CH","name":"SWITZERLAND","id":6772},"status":"Inactive"},{"effectiveTo":"2022-12-20","level":"country","id":677200000002503,"airline":{"iataCode":"191","name":"Air XXXXX X.X.X. XXX XXX XXXXX X.X.X.","id":6772495749},"type":"no","effectiveFrom":"2022-03-04","bsp":{"isoCountryCode":"CH","name":"SWITZERLAND","id":6772},"status":"Inactive"},{"effectiveTo":"2022-03-03","level":"card","id":677200000000997,"airline":{"iataCode":"191","name":"Air XXXXX X.X.X. XXX XXX XXXXX X.X.X.","id":6772495749},"type":"no","effectiveFrom":"2021-02-05","bsp":{"isoCountryCode":"CH","name":"SWITZERLAND","id":6772},"card":{"expiryDate":"09/22","paymentNetwork":"VI","agent":{"iataCode":"8121095","name":"LE XXXX XXX XXXXX XX","active":true,"id":67728121095,"bsp":{"id":6772}},"issuerName":"KHADRAOUI TAHAR","cardType":"Consumer","id":677200000000002,"bsp":{"id":6772},"cardNumber":"490118XXXXXX0610"},"status":"Inactive"},{"effectiveTo":"2022-03-03","level":"card","id":677200000001768,"airline":{"iataCode":"191","name":"Air XXXXX X.X.X. XXX XXX XXXXX X.X.X.","id":6772495749},"type":"no","effectiveFrom":"2022-02-02","bsp":{"isoCountryCode":"CH","name":"SWITZERLAND","id":6772},"card":{"expiryDate":"10/31","paymentNetwork":"VI","agent":{"iataCode":"8127904","name":"VOYXXXXXXX","active":true,"id":67728127904,"bsp":{"id":6772}},"issuerName":"PEPE","cardType":"Consumer","id":677200000000007,"bsp":{"id":6772},"cardNumber":"456480XXXXXX6349"},"status":"Inactive"},{"effectiveTo":"2022-03-03","level":"card","id":677200000001920,"airline":{"iataCode":"191","name":"Air XXXXX X.X.X. XXX XXX XXXXX X.X.X.","id":6772495749},"type":"no","effectiveFrom":"2022-02-02","bsp":{"isoCountryCode":"CH","name":"SWITZERLAND","id":6772},"card":{"expiryDate":"12/34","paymentNetwork":"VI","agent":{"iataCode":"8127904","name":"VOYXXXXXXX","active":true,"id":67728127904,"bsp":{"id":6772}},"issuerName":"CARLOS","companyName":"Accelya","cardType":"Corporate","id":677200000000008,"bsp":{"id":6772},"cardNumber":"456480XXXXXX6349"},"status":"Inactive"},{"effectiveTo":"2022-12-22","level":"card","id":677200000004838,"airline":{"iataCode":"191","name":"Air XXXXX X.X.X. XXX XXX XXXXX X.X.X.","id":6772495749},"type":"no","effectiveFrom":"2022-12-21","bsp":{"isoCountryCode":"CH","name":"SWITZERLAND","id":6772},"card":{"expiryDate":"10/30","paymentNetwork":"CA","agent":{"iataCode":"8120025","name":"CWT","active":true,"id":67728120025,"bsp":{"id":6772}},"issuerName":"FAC","companyName":"provincia san anton","cardType":"Corporate","id":677200000000005,"bsp":{"id":6772},"cardNumber":"519123XXXXXX4011"},"status":"Inactive"},{"effectiveTo":"2022-12-22","level":"card","id":677200000004997,"airline":{"iataCode":"191","name":"Air XXXXX X.X.X. XXX XXX XXXXX X.X.X.","id":6772495749},"type":"no","effectiveFrom":"2022-12-21","bsp":{"isoCountryCode":"CH","name":"SWITZERLAND","id":6772},"card":{"expiryDate":"11/30","paymentNetwork":"CA","agent":{"iataCode":"8120025","name":"CWT","active":true,"id":67728120025,"bsp":{"id":6772}},"issuerName":"TRR","companyName":"provincia san anton","cardType":"Corporate","id":677200000000006,"bsp":{"id":6772},"cardNumber":"519123XXXXXX4011"},"status":"Inactive"},{"effectiveTo":"2022-12-20","level":"card","id":677200000004526,"airline":{"iataCode":"191","name":"Air XXXXX X.X.X. XXX XXX XXXXX X.X.X.","id":6772495749},"type":"no","effectiveFrom":"2022-10-13","bsp":{"isoCountryCode":"CH","name":"SWITZERLAND","id":6772},"card":{"expiryDate":"06/27","paymentNetwork":"CA","agent":{"iataCode":"8120012","name":"ATG XXXXXXXXXXX","active":true,"id":67728120012,"bsp":{"id":6772}},"issuerName":"NEWSIX - CHECK NOTIFICATION","cardType":"Consumer","id":677200000000021,"bsp":{"id":6772},"cardNumber":"519396XXXXXX3484"},"status":"Inactive"},{"effectiveTo":"2022-12-20","level":"card","id":677200000004407,"airline":{"iataCode":"191","name":"Air XXXXX X.X.X. XXX XXX XXXXX X.X.X.","id":6772495749},"type":"no","effectiveFrom":"2022-10-13","bsp":{"isoCountryCode":"CH","name":"SWITZERLAND","id":6772},"card":{"expiryDate":"07/23","paymentNetwork":"CA","agent":{"iataCode":"8120012","name":"ATG XXXXXXXXXXX","active":true,"id":67728120012,"bsp":{"id":6772}},"issuerName":"NEWFIVE","cardType":"Consumer","id":677200000000020,"bsp":{"id":6772},"cardNumber":"519396XXXXXX3484"},"status":"Inactive"},{"effectiveTo":"2022-12-22","level":"card","id":677200000005153,"airline":{"iataCode":"191","name":"Air XXXXX X.X.X. XXX XXX XXXXX X.X.X.","id":6772495749},"type":"no","effectiveFrom":"2022-12-21","bsp":{"isoCountryCode":"CH","name":"SWITZERLAND","id":6772},"card":{"expiryDate":"10/31","paymentNetwork":"VI","agent":{"iataCode":"8127904","name":"VOYXXXXXXX","active":true,"id":67728127904,"bsp":{"id":6772}},"issuerName":"PEPE","cardType":"Consumer","id":677200000000007,"bsp":{"id":6772},"cardNumber":"456480XXXXXX6349"},"status":"Inactive"},{"effectiveTo":"2022-12-20","level":"card","id":677200000004196,"airline":{"iataCode":"191","name":"Air XXXXX X.X.X. XXX XXX XXXXX X.X.X.","id":6772495749},"type":"no","effectiveFrom":"2022-06-07","bsp":{"isoCountryCode":"CH","name":"SWITZERLAND","id":6772},"card":{"expiryDate":"08/23","paymentNetwork":"CA","agent":{"iataCode":"8120012","name":"ATG XXXXXXXXXXX","active":true,"id":67728120012,"bsp":{"id":6772}},"issuerName":"CA","cardType":"Consumer","id":677200000000015,"bsp":{"id":6772},"cardNumber":"519396XXXXXX3484"},"status":"Inactive"},{"effectiveTo":"2022-12-20","level":"card","id":677200000004077,"airline":{"iataCode":"191","name":"Air XXXXX X.X.X. XXX XXX XXXXX X.X.X.","id":6772495749},"type":"no","effectiveFrom":"2022-06-07","bsp":{"isoCountryCode":"CH","name":"SWITZERLAND","id":6772},"card":{"expiryDate":"11/24","paymentNetwork":"VI","agent":{"iataCode":"8120012","name":"ATG XXXXXXXXXXX","active":true,"id":67728120012,"bsp":{"id":6772}},"issuerName":"VI","cardType":"Consumer","id":677200000000014,"bsp":{"id":6772},"cardNumber":"456480XXXXXX6349"},"status":"Inactive"},{"effectiveTo":"2021-06-01","level":"card","id":677200000001131,"airline":{"iataCode":"191","name":"Air XXXXX X.X.X. XXX XXX XXXXX X.X.X.","id":6772495749},"type":"no","effectiveFrom":"2021-02-05","bsp":{"isoCountryCode":"CH","name":"SWITZERLAND","id":6772},"card":{"expiryDate":"05/21","paymentNetwork":"VI","agent":{"iataCode":"8121095","name":"LE XXXX XXX XXXXX XX","active":true,"id":67728121095,"bsp":{"id":6772}},"issuerName":"KHADRAOUI TAHAR LE MUST AIR MARIN SA","companyName":"LE MUST AIR MARIN SA","cardType":"Corporate","id":677200000000003,"bsp":{"id":6772},"cardNumber":"485753XXXXXX3403"},"status":"Inactive"},{"effectiveTo":"2021-12-01","level":"card","id":677200000000863,"airline":{"iataCode":"191","name":"Air XXXXX X.X.X. XXX XXX XXXXX X.X.X.","id":6772495749},"type":"no","effectiveFrom":"2021-02-05","bsp":{"isoCountryCode":"CH","name":"SWITZERLAND","id":6772},"card":{"expiryDate":"11/21","paymentNetwork":"CA","agent":{"iataCode":"8121095","name":"LE XXXX XXX XXXXX XX","active":true,"id":67728121095,"bsp":{"id":6772}},"issuerName":"TAHAR KHADRAOUI AIR MARIN SUISSE","companyName":"AIR MARIN SUISSE","cardType":"Corporate","id":677200000000001,"bsp":{"id":6772},"cardNumber":"558265XXXXXX6029"},"status":"Inactive"},{"effectiveTo":"2020-02-20","level":"card","id":677200000000526,"airline":{"iataCode":"191","name":"Air XXXXX X.X.X. XXX XXX XXXXX X.X.X.","id":6772495749},"type":"no","effectiveFrom":"2019-07-05","bsp":{"isoCountryCode":"CH","name":"SWITZERLAND","id":6772},"card":{"expiryDate":"05/21","paymentNetwork":"VI","agent":{"iataCode":"8121095","name":"LE XXXX XXX XXXXX XX","active":true,"id":67728121095,"bsp":{"id":6772}},"issuerName":"KHADRAOUI TAHAR LE MUST AIR MARIN SA","companyName":"LE MUST AIR MARIN SA","cardType":"Corporate","id":677200000000003,"bsp":{"id":6772},"cardNumber":"485753XXXXXX3403"},"status":"Inactive"},{"effectiveTo":"2020-02-20","level":"card","id":677200000000378,"airline":{"iataCode":"191","name":"Air XXXXX X.X.X. XXX XXX XXXXX X.X.X.","id":6772495749},"type":"no","effectiveFrom":"2019-07-05","bsp":{"isoCountryCode":"CH","name":"SWITZERLAND","id":6772},"card":{"expiryDate":"09/22","paymentNetwork":"VI","agent":{"iataCode":"8121095","name":"LE XXXX XXX XXXXX XX","active":true,"id":67728121095,"bsp":{"id":6772}},"issuerName":"KHADRAOUI TAHAR","cardType":"Consumer","id":677200000000002,"bsp":{"id":6772},"cardNumber":"490118XXXXXX0610"},"status":"Inactive"},{"effectiveTo":"2020-02-20","level":"card","id":677200000000230,"airline":{"iataCode":"191","name":"Air XXXXX X.X.X. XXX XXX XXXXX X.X.X.","id":6772495749},"type":"no","effectiveFrom":"2019-07-05","bsp":{"isoCountryCode":"CH","name":"SWITZERLAND","id":6772},"card":{"expiryDate":"11/21","paymentNetwork":"CA","agent":{"iataCode":"8121095","name":"LE XXXX XXX XXXXX XX","active":true,"id":67728121095,"bsp":{"id":6772}},"issuerName":"TAHAR KHADRAOUI AIR MARIN SUISSE","companyName":"AIR MARIN SUISSE","cardType":"Corporate","id":677200000000001,"bsp":{"id":6772},"cardNumber":"558265XXXXXX6029"},"status":"Inactive"},{"effectiveTo":"2022-01-25","level":"card","id":677200000001276,"airline":{"iataCode":"191","name":"Air XXXXX X.X.X. XXX XXX XXXXX X.X.X.","id":6772495749},"type":"no","effectiveFrom":"2021-03-04","bsp":{"isoCountryCode":"CH","name":"SWITZERLAND","id":6772},"card":{"expiryDate":"10/30","paymentNetwork":"CA","agent":{"iataCode":"8120025","name":"CWT","active":true,"id":67728120025,"bsp":{"id":6772}},"issuerName":"FAC","cardType":"Consumer","id":677200000000004,"bsp":{"id":6772},"cardNumber":"519396XXXXXX3485"},"status":"Inactive"},{"effectiveTo":"2022-03-03","level":"card","id":677200000001611,"airline":{"iataCode":"191","name":"Air XXXXX X.X.X. XXX XXX XXXXX X.X.X.","id":6772495749},"type":"no","effectiveFrom":"2022-01-25","bsp":{"isoCountryCode":"CH","name":"SWITZERLAND","id":6772},"card":{"expiryDate":"11/30","paymentNetwork":"CA","agent":{"iataCode":"8120025","name":"CWT","active":true,"id":67728120025,"bsp":{"id":6772}},"issuerName":"TRR","companyName":"provincia san anton","cardType":"Corporate","id":677200000000006,"bsp":{"id":6772},"cardNumber":"519123XXXXXX4011"},"status":"Inactive"},{"effectiveTo":"2022-03-03","level":"card","id":677200000001452,"airline":{"iataCode":"191","name":"Air XXXXX X.X.X. XXX XXX XXXXX X.X.X.","id":6772495749},"type":"no","effectiveFrom":"2022-01-25","bsp":{"isoCountryCode":"CH","name":"SWITZERLAND","id":6772},"card":{"expiryDate":"10/30","paymentNetwork":"CA","agent":{"iataCode":"8120025","name":"CWT","active":true,"id":67728120025,"bsp":{"id":6772}},"issuerName":"FAC","companyName":"provincia san anton","cardType":"Corporate","id":677200000000005,"bsp":{"id":6772},"cardNumber":"519123XXXXXX4011"},"status":"Inactive"},{"effectiveTo":"2022-03-03","level":"card","id":677200000002365,"airline":{"iataCode":"191","name":"Air XXXXX X.X.X. XXX XXX XXXXX X.X.X.","id":6772495749},"type":"no","effectiveFrom":"2022-02-28","bsp":{"isoCountryCode":"CH","name":"SWITZERLAND","id":6772},"card":{"expiryDate":"12/23","paymentNetwork":"AX","agent":{"iataCode":"8120012","name":"ATG XXXXXXXXXXX","active":true,"id":67728120012,"bsp":{"id":6772}},"issuerName":"AX","cardType":"Consumer","id":677200000000011,"bsp":{"id":6772},"cardNumber":"376010XXXXX1003"},"status":"Inactive"},{"effectiveTo":"2022-03-03","level":"card","id":677200000002224,"airline":{"iataCode":"191","name":"Air XXXXX X.X.X. XXX XXX XXXXX X.X.X.","id":6772495749},"type":"no","effectiveFrom":"2022-02-02","bsp":{"isoCountryCode":"CH","name":"SWITZERLAND","id":6772},"card":{"expiryDate":"12/23","paymentNetwork":"VI","agent":{"iataCode":"8127904","name":"VOYXXXXXXX","active":true,"id":67728127904,"bsp":{"id":6772}},"issuerName":"SDFDSFJDSFDSHJFDSSFDSFDSFDSFSDSFDFDSFDSFDSDSFSDFDS","cardType":"Consumer","id":677200000000010,"bsp":{"id":6772},"cardNumber":"456480XXXXXX6349"},"status":"Inactive"},{"effectiveTo":"2022-03-03","level":"card","id":677200000002072,"airline":{"iataCode":"191","name":"Air XXXXX X.X.X. XXX XXX XXXXX X.X.X.","id":6772495749},"type":"no","effectiveFrom":"2022-02-02","bsp":{"isoCountryCode":"CH","name":"SWITZERLAND","id":6772},"card":{"expiryDate":"11/31","paymentNetwork":"VI","agent":{"iataCode":"8127904","name":"VOYXXXXXXX","active":true,"id":67728127904,"bsp":{"id":6772}},"issuerName":"CARLOS","companyName":"Accelya","cardType":"Corporate","id":677200000000009,"bsp":{"id":6772},"cardNumber":"456480XXXXXX6349"},"status":"Inactive"},{"effectiveTo":"2022-05-05","level":"card","id":677200000003720,"airline":{"iataCode":"191","name":"Air XXXXX X.X.X. XXX XXX XXXXX X.X.X.","id":6772495749},"type":"no","effectiveFrom":"2022-03-04","bsp":{"isoCountryCode":"CH","name":"SWITZERLAND","id":6772},"card":{"expiryDate":"12/23","paymentNetwork":"AX","agent":{"iataCode":"8120012","name":"ATG XXXXXXXXXXX","active":true,"id":67728120012,"bsp":{"id":6772}},"issuerName":"AX","cardType":"Consumer","id":677200000000011,"bsp":{"id":6772},"cardNumber":"376010XXXXX1003"},"status":"Inactive"},{"effectiveTo":"2022-12-20","level":"card","id":677200000003275,"airline":{"iataCode":"191","name":"Air XXXXX X.X.X. XXX XXX XXXXX X.X.X.","id":6772495749},"type":"no","effectiveFrom":"2022-03-04","bsp":{"isoCountryCode":"CH","name":"SWITZERLAND","id":6772},"card":{"expiryDate":"12/34","paymentNetwork":"VI","agent":{"iataCode":"8127904","name":"VOYXXXXXXX","active":true,"id":67728127904,"bsp":{"id":6772}},"issuerName":"CARLOS","companyName":"Accelya","cardType":"Corporate","id":677200000000008,"bsp":{"id":6772},"cardNumber":"456480XXXXXX6349"},"status":"Inactive"},{"effectiveTo":"2022-12-20","level":"card","id":677200000003123,"airline":{"iataCode":"191","name":"Air XXXXX X.X.X. XXX XXX XXXXX X.X.X.","id":6772495749},"type":"no","effectiveFrom":"2022-03-04","bsp":{"isoCountryCode":"CH","name":"SWITZERLAND","id":6772},"card":{"expiryDate":"10/31","paymentNetwork":"VI","agent":{"iataCode":"8127904","name":"VOYXXXXXXX","active":true,"id":67728127904,"bsp":{"id":6772}},"issuerName":"PEPE","cardType":"Consumer","id":677200000000007,"bsp":{"id":6772},"cardNumber":"456480XXXXXX6349"},"status":"Inactive"},{"effectiveTo":"2022-12-20","level":"card","id":677200000002967,"airline":{"iataCode":"191","name":"Air XXXXX X.X.X. XXX XXX XXXXX X.X.X.","id":6772495749},"type":"no","effectiveFrom":"2022-03-04","bsp":{"isoCountryCode":"CH","name":"SWITZERLAND","id":6772},"card":{"expiryDate":"11/30","paymentNetwork":"CA","agent":{"iataCode":"8120025","name":"CWT","active":true,"id":67728120025,"bsp":{"id":6772}},"issuerName":"TRR","companyName":"provincia san anton","cardType":"Corporate","id":677200000000006,"bsp":{"id":6772},"cardNumber":"519123XXXXXX4011"},"status":"Inactive"},{"effectiveTo":"2022-12-20","level":"card","id":677200000003579,"airline":{"iataCode":"191","name":"Air XXXXX X.X.X. XXX XXX XXXXX X.X.X.","id":6772495749},"type":"no","effectiveFrom":"2022-03-04","bsp":{"isoCountryCode":"CH","name":"SWITZERLAND","id":6772},"card":{"expiryDate":"12/23","paymentNetwork":"VI","agent":{"iataCode":"8127904","name":"VOYXXXXXXX","active":true,"id":67728127904,"bsp":{"id":6772}},"issuerName":"SDFDSFJDSFDSHJFDSSFDSFDSFDSFSDSFDFDSFDSFDSDSFSDFDS","cardType":"Consumer","id":677200000000010,"bsp":{"id":6772},"cardNumber":"456480XXXXXX6349"},"status":"Inactive"},{"effectiveTo":"2022-12-20","level":"card","id":677200000003427,"airline":{"iataCode":"191","name":"Air XXXXX X.X.X. XXX XXX XXXXX X.X.X.","id":6772495749},"type":"no","effectiveFrom":"2022-03-04","bsp":{"isoCountryCode":"CH","name":"SWITZERLAND","id":6772},"card":{"expiryDate":"11/31","paymentNetwork":"VI","agent":{"iataCode":"8127904","name":"VOYXXXXXXX","active":true,"id":67728127904,"bsp":{"id":6772}},"issuerName":"CARLOS","companyName":"Accelya","cardType":"Corporate","id":677200000000009,"bsp":{"id":6772},"cardNumber":"456480XXXXXX6349"},"status":"Inactive"},{"effectiveTo":"2022-12-20","level":"card","id":677200000002808,"airline":{"iataCode":"191","name":"Air XXXXX X.X.X. XXX XXX XXXXX X.X.X.","id":6772495749},"type":"no","effectiveFrom":"2022-03-04","bsp":{"isoCountryCode":"CH","name":"SWITZERLAND","id":6772},"card":{"expiryDate":"10/30","paymentNetwork":"CA","agent":{"iataCode":"8120025","name":"CWT","active":true,"id":67728120025,"bsp":{"id":6772}},"issuerName":"FAC","companyName":"provincia san anton","cardType":"Corporate","id":677200000000005,"bsp":{"id":6772},"cardNumber":"519123XXXXXX4011"},"status":"Inactive"},{"effectiveTo":"2022-10-03","level":"card","id":677200000002664,"airline":{"iataCode":"191","name":"Air XXXXX X.X.X. XXX XXX XXXXX X.X.X.","id":6772495749},"type":"no","effectiveFrom":"2022-03-04","bsp":{"isoCountryCode":"CH","name":"SWITZERLAND","id":6772},"card":{"expiryDate":"09/22","paymentNetwork":"VI","agent":{"iataCode":"8121095","name":"LE XXXX XXX XXXXX XX","active":true,"id":67728121095,"bsp":{"id":6772}},"issuerName":"KHADRAOUI TAHAR","cardType":"Consumer","id":677200000000002,"bsp":{"id":6772},"cardNumber":"490118XXXXXX0610"},"status":"Inactive"},{"effectiveTo":"2022-12-20","level":"card","id":677200000003839,"airline":{"iataCode":"191","name":"Air XXXXX X.X.X. XXX XXX XXXXX X.X.X.","id":6772495749},"type":"no","effectiveFrom":"2022-06-07","bsp":{"isoCountryCode":"CH","name":"SWITZERLAND","id":6772},"card":{"expiryDate":"12/23","paymentNetwork":"AX","agent":{"iataCode":"8120012","name":"ATG XXXXXXXXXXX","active":true,"id":67728120012,"bsp":{"id":6772}},"issuerName":"AX","companyName":"AX","cardType":"Corporate","id":677200000000012,"bsp":{"id":6772},"cardNumber":"376010XXXXX1003"},"status":"Inactive"},{"effectiveTo":"2022-12-20","level":"card","id":677200000003958,"airline":{"iataCode":"191","name":"Air XXXXX X.X.X. XXX XXX XXXXX X.X.X.","id":6772495749},"type":"no","effectiveFrom":"2022-06-07","bsp":{"isoCountryCode":"CH","name":"SWITZERLAND","id":6772},"card":{"expiryDate":"12/23","paymentNetwork":"AX","agent":{"iataCode":"8120012","name":"ATG XXXXXXXXXXX","active":true,"id":67728120012,"bsp":{"id":6772}},"issuerName":"AX","companyName":"AX","cardType":"Corporate","id":677200000000013,"bsp":{"id":6772},"cardNumber":"376010XXXXX1003"},"status":"Inactive"},{"effectiveTo":"2022-12-22","level":"card","id":677200000005750,"airline":{"iataCode":"191","name":"Air XXXXX X.X.X. XXX XXX XXXXX X.X.X.","id":6772495749},"type":"no","effectiveFrom":"2022-12-21","bsp":{"isoCountryCode":"CH","name":"SWITZERLAND","id":6772},"card":{"expiryDate":"12/23","paymentNetwork":"AX","agent":{"iataCode":"8120012","name":"ATG XXXXXXXXXXX","active":true,"id":67728120012,"bsp":{"id":6772}},"issuerName":"AX","companyName":"AX","cardType":"Corporate","id":677200000000012,"bsp":{"id":6772},"cardNumber":"376010XXXXX1003"},"status":"Inactive"},{"effectiveTo":"2022-12-22","level":"card","id":677200000005609,"airline":{"iataCode":"191","name":"Air XXXXX X.X.X. XXX XXX XXXXX X.X.X.","id":6772495749},"type":"no","effectiveFrom":"2022-12-21","bsp":{"isoCountryCode":"CH","name":"SWITZERLAND","id":6772},"card":{"expiryDate":"12/23","paymentNetwork":"VI","agent":{"iataCode":"8127904","name":"VOYXXXXXXX","active":true,"id":67728127904,"bsp":{"id":6772}},"issuerName":"SDFDSFJDSFDSHJFDSSFDSFDSFDSFSDSFDFDSFDSFDSDSFSDFDS","cardType":"Consumer","id":677200000000010,"bsp":{"id":6772},"cardNumber":"456480XXXXXX6349"},"status":"Inactive"},{"effectiveTo":"2022-12-22","level":"card","id":677200000006226,"airline":{"iataCode":"191","name":"Air XXXXX X.X.X. XXX XXX XXXXX X.X.X.","id":6772495749},"type":"no","effectiveFrom":"2022-12-21","bsp":{"isoCountryCode":"CH","name":"SWITZERLAND","id":6772},"card":{"expiryDate":"07/23","paymentNetwork":"CA","agent":{"iataCode":"8120012","name":"ATG XXXXXXXXXXX","active":true,"id":67728120012,"bsp":{"id":6772}},"issuerName":"NEWFIVE","cardType":"Consumer","id":677200000000020,"bsp":{"id":6772},"cardNumber":"519396XXXXXX3484"},"status":"Inactive"},{"effectiveTo":"2022-12-22","level":"card","id":677200000006107,"airline":{"iataCode":"191","name":"Air XXXXX X.X.X. XXX XXX XXXXX X.X.X.","id":6772495749},"type":"no","effectiveFrom":"2022-12-21","bsp":{"isoCountryCode":"CH","name":"SWITZERLAND","id":6772},"card":{"expiryDate":"08/23","paymentNetwork":"CA","agent":{"iataCode":"8120012","name":"ATG XXXXXXXXXXX","active":true,"id":67728120012,"bsp":{"id":6772}},"issuerName":"CA","cardType":"Consumer","id":677200000000015,"bsp":{"id":6772},"cardNumber":"519396XXXXXX3484"},"status":"Inactive"},{"effectiveTo":"2022-12-22","level":"card","id":677200000005305,"airline":{"iataCode":"191","name":"Air XXXXX X.X.X. XXX XXX XXXXX X.X.X.","id":6772495749},"type":"no","effectiveFrom":"2022-12-21","bsp":{"isoCountryCode":"CH","name":"SWITZERLAND","id":6772},"card":{"expiryDate":"12/34","paymentNetwork":"VI","agent":{"iataCode":"8127904","name":"VOYXXXXXXX","active":true,"id":67728127904,"bsp":{"id":6772}},"issuerName":"CARLOS","companyName":"Accelya","cardType":"Corporate","id":677200000000008,"bsp":{"id":6772},"cardNumber":"456480XXXXXX6349"},"status":"Inactive"},{"effectiveTo":"2022-12-22","level":"card","id":677200000005457,"airline":{"iataCode":"191","name":"Air XXXXX X.X.X. XXX XXX XXXXX X.X.X.","id":6772495749},"type":"no","effectiveFrom":"2022-12-21","bsp":{"isoCountryCode":"CH","name":"SWITZERLAND","id":6772},"card":{"expiryDate":"11/31","paymentNetwork":"VI","agent":{"iataCode":"8127904","name":"VOYXXXXXXX","active":true,"id":67728127904,"bsp":{"id":6772}},"issuerName":"CARLOS","companyName":"Accelya","cardType":"Corporate","id":677200000000009,"bsp":{"id":6772},"cardNumber":"456480XXXXXX6349"},"status":"Inactive"},{"effectiveTo":"2022-12-22","level":"card","id":677200000005869,"airline":{"iataCode":"191","name":"Air XXXXX X.X.X. XXX XXX XXXXX X.X.X.","id":6772495749},"type":"no","effectiveFrom":"2022-12-21","bsp":{"isoCountryCode":"CH","name":"SWITZERLAND","id":6772},"card":{"expiryDate":"12/23","paymentNetwork":"AX","agent":{"iataCode":"8120012","name":"ATG XXXXXXXXXXX","active":true,"id":67728120012,"bsp":{"id":6772}},"issuerName":"AX","companyName":"AX","cardType":"Corporate","id":677200000000013,"bsp":{"id":6772},"cardNumber":"376010XXXXX1003"},"status":"Inactive"},{"effectiveTo":"2022-12-22","level":"card","id":677200000005988,"airline":{"iataCode":"191","name":"Air XXXXX X.X.X. XXX XXX XXXXX X.X.X.","id":6772495749},"type":"no","effectiveFrom":"2022-12-21","bsp":{"isoCountryCode":"CH","name":"SWITZERLAND","id":6772},"card":{"expiryDate":"11/24","paymentNetwork":"VI","agent":{"iataCode":"8120012","name":"ATG XXXXXXXXXXX","active":true,"id":67728120012,"bsp":{"id":6772}},"issuerName":"VI","cardType":"Consumer","id":677200000000014,"bsp":{"id":6772},"cardNumber":"456480XXXXXX6349"},"status":"Inactive"},{"effectiveTo":"2022-12-22","level":"card","id":677200000006345,"airline":{"iataCode":"191","name":"Air XXXXX X.X.X. XXX XXX XXXXX X.X.X.","id":6772495749},"type":"no","effectiveFrom":"2022-12-21","bsp":{"isoCountryCode":"CH","name":"SWITZERLAND","id":6772},"card":{"expiryDate":"06/27","paymentNetwork":"CA","agent":{"iataCode":"8120012","name":"ATG XXXXXXXXXXX","active":true,"id":67728120012,"bsp":{"id":6772}},"issuerName":"NEWSIX - CHECK NOTIFICATION","cardType":"Consumer","id":677200000000021,"bsp":{"id":6772},"cardNumber":"519396XXXXXX3484"},"status":"Inactive"}]

09-10-2024T20:54:38 - [MESSAGE][FAILED] - [{"level":"country","id":677200000006483,"airline":{"iataCode":"191","name":"Air XXXXX X.X.X. XXX XXX XXXXX X.X.X.","id":6772495749},"type":"no","effectiveFrom":"2023-03-15","bsp":{"isoCountryCode":"CH","name":"SWITZERLAND","id":6772},"status":"Active"},{"effectiveTo":"2020-02-20","level":"country","id":677200000000067,"airline":{"iataCode":"191","name":"Air XXXXX X.X.X. XXX XXX XXXXX X.X.X.","id":6772495749},"type":"no","effectiveFrom":"2019-07-01","bsp":{"isoCountryCode":"CH","name":"SWITZERLAND","id":6772},"status":"Inactive"},{"effectiveTo":"2022-12-22","level":"country","id":677200000004665,"airline":{"iataCode":"191","name":"Air XXXXX X.X.X. XXX XXX XXXXX X.X.X.","id":6772495749},"type":"no","effectiveFrom":"2022-12-21","bsp":{"isoCountryCode":"CH","name":"SWITZERLAND","id":6772},"status":"Inactive"},{"effectiveTo":"2022-03-03","level":"country","id":677200000000704,"airline":{"iataCode":"191","name":"Air XXXXX X.X.X. XXX XXX XXXXX X.X.X.","id":6772495749},"type":"no","effectiveFrom":"2021-02-05","bsp":{"isoCountryCode":"CH","name":"SWITZERLAND","id":6772},"status":"Inactive"},{"effectiveTo":"2022-12-20","level":"country","id":677200000002503,"airline":{"iataCode":"191","name":"Air XXXXX X.X.X. XXX XXX XXXXX X.X.X.","id":6772495749},"type":"no","effectiveFrom":"2022-03-04","bsp":{"isoCountryCode":"CH","name":"SWITZERLAND","id":6772},"status":"Inactive"},{"effectiveTo":"2022-03-03","level":"card","id":677200000000997,"airline":{"iataCode":"191","name":"Air XXXXX X.X.X. XXX XXX XXXXX X.X.X.","id":6772495749},"type":"no","effectiveFrom":"2021-02-05","bsp":{"isoCountryCode":"CH","name":"SWITZERLAND","id":6772},"card":{"expiryDate":"09/22","paymentNetwork":"VI","agent":{"iataCode":"8121095","name":"LE XXXX XXX XXXXX XX","active":true,"id":67728121095,"bsp":{"id":6772}},"issuerName":"KHADRAOUI TAHAR","cardType":"Consumer","id":677200000000002,"bsp":{"id":6772},"cardNumber":"490118XXXXXX0610"},"status":"Inactive"},{"effectiveTo":"2022-03-03","level":"card","id":677200000001768,"airline":{"iataCode":"191","name":"Air XXXXX X.X.X. XXX XXX XXXXX X.X.X.","id":6772495749},"type":"no","effectiveFrom":"2022-02-02","bsp":{"isoCountryCode":"CH","name":"SWITZERLAND","id":6772},"card":{"expiryDate":"10/31","paymentNetwork":"VI","agent":{"iataCode":"8127904","name":"VOYXXXXXXX","active":true,"id":67728127904,"bsp":{"id":6772}},"issuerName":"PEPE","cardType":"Consumer","id":677200000000007,"bsp":{"id":6772},"cardNumber":"456480XXXXXX6349"},"status":"Inactive"},{"effectiveTo":"2022-03-03","level":"card","id":677200000001920,"airline":{"iataCode":"191","name":"Air XXXXX X.X.X. XXX XXX XXXXX X.X.X.","id":6772495749},"type":"no","effectiveFrom":"2022-02-02","bsp":{"isoCountryCode":"CH","name":"SWITZERLAND","id":6772},"card":{"expiryDate":"12/34","paymentNetwork":"VI","agent":{"iataCode":"8127904","name":"VOYXXXXXXX","active":true,"id":67728127904,"bsp":{"id":6772}},"issuerName":"CARLOS","companyName":"Accelya","cardType":"Corporate","id":677200000000008,"bsp":{"id":6772},"cardNumber":"456480XXXXXX6349"},"status":"Inactive"},{"effectiveTo":"2022-12-22","level":"card","id":677200000004838,"airline":{"iataCode":"191","name":"Air XXXXX X.X.X. XXX XXX XXXXX X.X.X.","id":6772495749},"type":"no","effectiveFrom":"2022-12-21","bsp":{"isoCountryCode":"CH","name":"SWITZERLAND","id":6772},"card":{"expiryDate":"10/30","paymentNetwork":"CA","agent":{"iataCode":"8120025","name":"CWT","active":true,"id":67728120025,"bsp":{"id":6772}},"issuerName":"FAC","companyName":"provincia san anton","cardType":"Corporate","id":677200000000005,"bsp":{"id":6772},"cardNumber":"519123XXXXXX4011"},"status":"Inactive"},{"effectiveTo":"2022-12-22","level":"card","id":677200000004997,"airline":{"iataCode":"191","name":"Air XXXXX X.X.X. XXX XXX XXXXX X.X.X.","id":6772495749},"type":"no","effectiveFrom":"2022-12-21","bsp":{"isoCountryCode":"CH","name":"SWITZERLAND","id":6772},"card":{"expiryDate":"11/30","paymentNetwork":"CA","agent":{"iataCode":"8120025","name":"CWT","active":true,"id":67728120025,"bsp":{"id":6772}},"issuerName":"TRR","companyName":"provincia san anton","cardType":"Corporate","id":677200000000006,"bsp":{"id":6772},"cardNumber":"519123XXXXXX4011"},"status":"Inactive"},{"effectiveTo":"2022-12-20","level":"card","id":677200000004526,"airline":{"iataCode":"191","name":"Air XXXXX X.X.X. XXX XXX XXXXX X.X.X.","id":6772495749},"type":"no","effectiveFrom":"2022-10-13","bsp":{"isoCountryCode":"CH","name":"SWITZERLAND","id":6772},"card":{"expiryDate":"06/27","paymentNetwork":"CA","agent":{"iataCode":"8120012","name":"ATG XXXXXXXXXXX","active":true,"id":67728120012,"bsp":{"id":6772}},"issuerName":"NEWSIX - CHECK NOTIFICATION","cardType":"Consumer","id":677200000000021,"bsp":{"id":6772},"cardNumber":"519396XXXXXX3484"},"status":"Inactive"},{"effectiveTo":"2022-12-20","level":"card","id":677200000004407,"airline":{"iataCode":"191","name":"Air XXXXX X.X.X. XXX XXX XXXXX X.X.X.","id":6772495749},"type":"no","effectiveFrom":"2022-10-13","bsp":{"isoCountryCode":"CH","name":"SWITZERLAND","id":6772},"card":{"expiryDate":"07/23","paymentNetwork":"CA","agent":{"iataCode":"8120012","name":"ATG XXXXXXXXXXX","active":true,"id":67728120012,"bsp":{"id":6772}},"issuerName":"NEWFIVE","cardType":"Consumer","id":677200000000020,"bsp":{"id":6772},"cardNumber":"519396XXXXXX3484"},"status":"Inactive"},{"effectiveTo":"2022-12-22","level":"card","id":677200000005153,"airline":{"iataCode":"191","name":"Air XXXXX X.X.X. XXX XXX XXXXX X.X.X.","id":6772495749},"type":"no","effectiveFrom":"2022-12-21","bsp":{"isoCountryCode":"CH","name":"SWITZERLAND","id":6772},"card":{"expiryDate":"10/31","paymentNetwork":"VI","agent":{"iataCode":"8127904","name":"VOYXXXXXXX","active":true,"id":67728127904,"bsp":{"id":6772}},"issuerName":"PEPE","cardType":"Consumer","id":677200000000007,"bsp":{"id":6772},"cardNumber":"456480XXXXXX6349"},"status":"Inactive"},{"effectiveTo":"2022-12-20","level":"card","id":677200000004196,"airline":{"iataCode":"191","name":"Air XXXXX X.X.X. XXX XXX XXXXX X.X.X.","id":6772495749},"type":"no","effectiveFrom":"2022-06-07","bsp":{"isoCountryCode":"CH","name":"SWITZERLAND","id":6772},"card":{"expiryDate":"08/23","paymentNetwork":"CA","agent":{"iataCode":"8120012","name":"ATG XXXXXXXXXXX","active":true,"id":67728120012,"bsp":{"id":6772}},"issuerName":"CA","cardType":"Consumer","id":677200000000015,"bsp":{"id":6772},"cardNumber":"519396XXXXXX3484"},"status":"Inactive"},{"effectiveTo":"2022-12-20","level":"card","id":677200000004077,"airline":{"iataCode":"191","name":"Air XXXXX X.X.X. XXX XXX XXXXX X.X.X.","id":6772495749},"type":"no","effectiveFrom":"2022-06-07","bsp":{"isoCountryCode":"CH","name":"SWITZERLAND","id":6772},"card":{"expiryDate":"11/24","paymentNetwork":"VI","agent":{"iataCode":"8120012","name":"ATG XXXXXXXXXXX","active":true,"id":67728120012,"bsp":{"id":6772}},"issuerName":"VI","cardType":"Consumer","id":677200000000014,"bsp":{"id":6772},"cardNumber":"456480XXXXXX6349"},"status":"Inactive"},{"effectiveTo":"2021-06-01","level":"card","id":677200000001131,"airline":{"iataCode":"191","name":"Air XXXXX X.X.X. XXX XXX XXXXX X.X.X.","id":6772495749},"type":"no","effectiveFrom":"2021-02-05","bsp":{"isoCountryCode":"CH","name":"SWITZERLAND","id":6772},"card":{"expiryDate":"05/21","paymentNetwork":"VI","agent":{"iataCode":"8121095","name":"LE XXXX XXX XXXXX XX","active":true,"id":67728121095,"bsp":{"id":6772}},"issuerName":"KHADRAOUI TAHAR LE MUST AIR MARIN SA","companyName":"LE MUST AIR MARIN SA","cardType":"Corporate","id":677200000000003,"bsp":{"id":6772},"cardNumber":"485753XXXXXX3403"},"status":"Inactive"},{"effectiveTo":"2021-12-01","level":"card","id":677200000000863,"airline":{"iataCode":"191","name":"Air XXXXX X.X.X. XXX XXX XXXXX X.X.X.","id":6772495749},"type":"no","effectiveFrom":"2021-02-05","bsp":{"isoCountryCode":"CH","name":"SWITZERLAND","id":6772},"card":{"expiryDate":"11/21","paymentNetwork":"CA","agent":{"iataCode":"8121095","name":"LE XXXX XXX XXXXX XX","active":true,"id":67728121095,"bsp":{"id":6772}},"issuerName":"TAHAR KHADRAOUI AIR MARIN SUISSE","companyName":"AIR MARIN SUISSE","cardType":"Corporate","id":677200000000001,"bsp":{"id":6772},"cardNumber":"558265XXXXXX6029"},"status":"Inactive"},{"effectiveTo":"2020-02-20","level":"card","id":677200000000526,"airline":{"iataCode":"191","name":"Air XXXXX X.X.X. XXX XXX XXXXX X.X.X.","id":6772495749},"type":"no","effectiveFrom":"2019-07-05","bsp":{"isoCountryCode":"CH","name":"SWITZERLAND","id":6772},"card":{"expiryDate":"05/21","paymentNetwork":"VI","agent":{"iataCode":"8121095","name":"LE XXXX XXX XXXXX XX","active":true,"id":67728121095,"bsp":{"id":6772}},"issuerName":"KHADRAOUI TAHAR LE MUST AIR MARIN SA","companyName":"LE MUST AIR MARIN SA","cardType":"Corporate","id":677200000000003,"bsp":{"id":6772},"cardNumber":"485753XXXXXX3403"},"status":"Inactive"},{"effectiveTo":"2020-02-20","level":"card","id":677200000000378,"airline":{"iataCode":"191","name":"Air XXXXX X.X.X. XXX XXX XXXXX X.X.X.","id":6772495749},"type":"no","effectiveFrom":"2019-07-05","bsp":{"isoCountryCode":"CH","name":"SWITZERLAND","id":6772},"card":{"expiryDate":"09/22","paymentNetwork":"VI","agent":{"iataCode":"8121095","name":"LE XXXX XXX XXXXX XX","active":true,"id":67728121095,"bsp":{"id":6772}},"issuerName":"KHADRAOUI TAHAR","cardType":"Consumer","id":677200000000002,"bsp":{"id":6772},"cardNumber":"490118XXXXXX0610"},"status":"Inactive"},{"effectiveTo":"2020-02-20","level":"card","id":677200000000230,"airline":{"iataCode":"191","name":"Air XXXXX X.X.X. XXX XXX XXXXX X.X.X.","id":6772495749},"type":"no","effectiveFrom":"2019-07-05","bsp":{"isoCountryCode":"CH","name":"SWITZERLAND","id":6772},"card":{"expiryDate":"11/21","paymentNetwork":"CA","agent":{"iataCode":"8121095","name":"LE XXXX XXX XXXXX XX","active":true,"id":67728121095,"bsp":{"id":6772}},"issuerName":"TAHAR KHADRAOUI AIR MARIN SUISSE","companyName":"AIR MARIN SUISSE","cardType":"Corporate","id":677200000000001,"bsp":{"id":6772},"cardNumber":"558265XXXXXX6029"},"status":"Inactive"},{"effectiveTo":"2022-01-25","level":"card","id":677200000001276,"airline":{"iataCode":"191","name":"Air XXXXX X.X.X. XXX XXX XXXXX X.X.X.","id":6772495749},"type":"no","effectiveFrom":"2021-03-04","bsp":{"isoCountryCode":"CH","name":"SWITZERLAND","id":6772},"card":{"expiryDate":"10/30","paymentNetwork":"CA","agent":{"iataCode":"8120025","name":"CWT","active":true,"id":67728120025,"bsp":{"id":6772}},"issuerName":"FAC","cardType":"Consumer","id":677200000000004,"bsp":{"id":6772},"cardNumber":"519396XXXXXX3485"},"status":"Inactive"},{"effectiveTo":"2022-03-03","level":"card","id":677200000001611,"airline":{"iataCode":"191","name":"Air XXXXX X.X.X. XXX XXX XXXXX X.X.X.","id":6772495749},"type":"no","effectiveFrom":"2022-01-25","bsp":{"isoCountryCode":"CH","name":"SWITZERLAND","id":6772},"card":{"expiryDate":"11/30","paymentNetwork":"CA","agent":{"iataCode":"8120025","name":"CWT","active":true,"id":67728120025,"bsp":{"id":6772}},"issuerName":"TRR","companyName":"provincia san anton","cardType":"Corporate","id":677200000000006,"bsp":{"id":6772},"cardNumber":"519123XXXXXX4011"},"status":"Inactive"},{"effectiveTo":"2022-03-03","level":"card","id":677200000001452,"airline":{"iataCode":"191","name":"Air XXXXX X.X.X. XXX XXX XXXXX X.X.X.","id":6772495749},"type":"no","effectiveFrom":"2022-01-25","bsp":{"isoCountryCode":"CH","name":"SWITZERLAND","id":6772},"card":{"expiryDate":"10/30","paymentNetwork":"CA","agent":{"iataCode":"8120025","name":"CWT","active":true,"id":67728120025,"bsp":{"id":6772}},"issuerName":"FAC","companyName":"provincia san anton","cardType":"Corporate","id":677200000000005,"bsp":{"id":6772},"cardNumber":"519123XXXXXX4011"},"status":"Inactive"},{"effectiveTo":"2022-03-03","level":"card","id":677200000002365,"airline":{"iataCode":"191","name":"Air XXXXX X.X.X. XXX XXX XXXXX X.X.X.","id":6772495749},"type":"no","effectiveFrom":"2022-02-28","bsp":{"isoCountryCode":"CH","name":"SWITZERLAND","id":6772},"card":{"expiryDate":"12/23","paymentNetwork":"AX","agent":{"iataCode":"8120012","name":"ATG XXXXXXXXXXX","active":true,"id":67728120012,"bsp":{"id":6772}},"issuerName":"AX","cardType":"Consumer","id":677200000000011,"bsp":{"id":6772},"cardNumber":"376010XXXXX1003"},"status":"Inactive"},{"effectiveTo":"2022-03-03","level":"card","id":677200000002224,"airline":{"iataCode":"191","name":"Air XXXXX X.X.X. XXX XXX XXXXX X.X.X.","id":6772495749},"type":"no","effectiveFrom":"2022-02-02","bsp":{"isoCountryCode":"CH","name":"SWITZERLAND","id":6772},"card":{"expiryDate":"12/23","paymentNetwork":"VI","agent":{"iataCode":"8127904","name":"VOYXXXXXXX","active":true,"id":67728127904,"bsp":{"id":6772}},"issuerName":"SDFDSFJDSFDSHJFDSSFDSFDSFDSFSDSFDFDSFDSFDSDSFSDFDS","cardType":"Consumer","id":677200000000010,"bsp":{"id":6772},"cardNumber":"456480XXXXXX6349"},"status":"Inactive"},{"effectiveTo":"2022-03-03","level":"card","id":677200000002072,"airline":{"iataCode":"191","name":"Air XXXXX X.X.X. XXX XXX XXXXX X.X.X.","id":6772495749},"type":"no","effectiveFrom":"2022-02-02","bsp":{"isoCountryCode":"CH","name":"SWITZERLAND","id":6772},"card":{"expiryDate":"11/31","paymentNetwork":"VI","agent":{"iataCode":"8127904","name":"VOYXXXXXXX","active":true,"id":67728127904,"bsp":{"id":6772}},"issuerName":"CARLOS","companyName":"Accelya","cardType":"Corporate","id":677200000000009,"bsp":{"id":6772},"cardNumber":"456480XXXXXX6349"},"status":"Inactive"},{"effectiveTo":"2022-05-05","level":"card","id":677200000003720,"airline":{"iataCode":"191","name":"Air XXXXX X.X.X. XXX XXX XXXXX X.X.X.","id":6772495749},"type":"no","effectiveFrom":"2022-03-04","bsp":{"isoCountryCode":"CH","name":"SWITZERLAND","id":6772},"card":{"expiryDate":"12/23","paymentNetwork":"AX","agent":{"iataCode":"8120012","name":"ATG XXXXXXXXXXX","active":true,"id":67728120012,"bsp":{"id":6772}},"issuerName":"AX","cardType":"Consumer","id":677200000000011,"bsp":{"id":6772},"cardNumber":"376010XXXXX1003"},"status":"Inactive"},{"effectiveTo":"2022-12-20","level":"card","id":677200000003275,"airline":{"iataCode":"191","name":"Air XXXXX X.X.X. XXX XXX XXXXX X.X.X.","id":6772495749},"type":"no","effectiveFrom":"2022-03-04","bsp":{"isoCountryCode":"CH","name":"SWITZERLAND","id":6772},"card":{"expiryDate":"12/34","paymentNetwork":"VI","agent":{"iataCode":"8127904","name":"VOYXXXXXXX","active":true,"id":67728127904,"bsp":{"id":6772}},"issuerName":"CARLOS","companyName":"Accelya","cardType":"Corporate","id":677200000000008,"bsp":{"id":6772},"cardNumber":"456480XXXXXX6349"},"status":"Inactive"},{"effectiveTo":"2022-12-20","level":"card","id":677200000003123,"airline":{"iataCode":"191","name":"Air XXXXX X.X.X. XXX XXX XXXXX X.X.X.","id":6772495749},"type":"no","effectiveFrom":"2022-03-04","bsp":{"isoCountryCode":"CH","name":"SWITZERLAND","id":6772},"card":{"expiryDate":"10/31","paymentNetwork":"VI","agent":{"iataCode":"8127904","name":"VOYXXXXXXX","active":true,"id":67728127904,"bsp":{"id":6772}},"issuerName":"PEPE","cardType":"Consumer","id":677200000000007,"bsp":{"id":6772},"cardNumber":"456480XXXXXX6349"},"status":"Inactive"},{"effectiveTo":"2022-12-20","level":"card","id":677200000002967,"airline":{"iataCode":"191","name":"Air XXXXX X.X.X. XXX XXX XXXXX X.X.X.","id":6772495749},"type":"no","effectiveFrom":"2022-03-04","bsp":{"isoCountryCode":"CH","name":"SWITZERLAND","id":6772},"card":{"expiryDate":"11/30","paymentNetwork":"CA","agent":{"iataCode":"8120025","name":"CWT","active":true,"id":67728120025,"bsp":{"id":6772}},"issuerName":"TRR","companyName":"provincia san anton","cardType":"Corporate","id":677200000000006,"bsp":{"id":6772},"cardNumber":"519123XXXXXX4011"},"status":"Inactive"},{"effectiveTo":"2022-12-20","level":"card","id":677200000003579,"airline":{"iataCode":"191","name":"Air XXXXX X.X.X. XXX XXX XXXXX X.X.X.","id":6772495749},"type":"no","effectiveFrom":"2022-03-04","bsp":{"isoCountryCode":"CH","name":"SWITZERLAND","id":6772},"card":{"expiryDate":"12/23","paymentNetwork":"VI","agent":{"iataCode":"8127904","name":"VOYXXXXXXX","active":true,"id":67728127904,"bsp":{"id":6772}},"issuerName":"SDFDSFJDSFDSHJFDSSFDSFDSFDSFSDSFDFDSFDSFDSDSFSDFDS","cardType":"Consumer","id":677200000000010,"bsp":{"id":6772},"cardNumber":"456480XXXXXX6349"},"status":"Inactive"},{"effectiveTo":"2022-12-20","level":"card","id":677200000003427,"airline":{"iataCode":"191","name":"Air XXXXX X.X.X. XXX XXX XXXXX X.X.X.","id":6772495749},"type":"no","effectiveFrom":"2022-03-04","bsp":{"isoCountryCode":"CH","name":"SWITZERLAND","id":6772},"card":{"expiryDate":"11/31","paymentNetwork":"VI","agent":{"iataCode":"8127904","name":"VOYXXXXXXX","active":true,"id":67728127904,"bsp":{"id":6772}},"issuerName":"CARLOS","companyName":"Accelya","cardType":"Corporate","id":677200000000009,"bsp":{"id":6772},"cardNumber":"456480XXXXXX6349"},"status":"Inactive"},{"effectiveTo":"2022-12-20","level":"card","id":677200000002808,"airline":{"iataCode":"191","name":"Air XXXXX X.X.X. XXX XXX XXXXX X.X.X.","id":6772495749},"type":"no","effectiveFrom":"2022-03-04","bsp":{"isoCountryCode":"CH","name":"SWITZERLAND","id":6772},"card":{"expiryDate":"10/30","paymentNetwork":"CA","agent":{"iataCode":"8120025","name":"CWT","active":true,"id":67728120025,"bsp":{"id":6772}},"issuerName":"FAC","companyName":"provincia san anton","cardType":"Corporate","id":677200000000005,"bsp":{"id":6772},"cardNumber":"519123XXXXXX4011"},"status":"Inactive"},{"effectiveTo":"2022-10-03","level":"card","id":677200000002664,"airline":{"iataCode":"191","name":"Air XXXXX X.X.X. XXX XXX XXXXX X.X.X.","id":6772495749},"type":"no","effectiveFrom":"2022-03-04","bsp":{"isoCountryCode":"CH","name":"SWITZERLAND","id":6772},"card":{"expiryDate":"09/22","paymentNetwork":"VI","agent":{"iataCode":"8121095","name":"LE XXXX XXX XXXXX XX","active":true,"id":67728121095,"bsp":{"id":6772}},"issuerName":"KHADRAOUI TAHAR","cardType":"Consumer","id":677200000000002,"bsp":{"id":6772},"cardNumber":"490118XXXXXX0610"},"status":"Inactive"},{"effectiveTo":"2022-12-20","level":"card","id":677200000003839,"airline":{"iataCode":"191","name":"Air XXXXX X.X.X. XXX XXX XXXXX X.X.X.","id":6772495749},"type":"no","effectiveFrom":"2022-06-07","bsp":{"isoCountryCode":"CH","name":"SWITZERLAND","id":6772},"card":{"expiryDate":"12/23","paymentNetwork":"AX","agent":{"iataCode":"8120012","name":"ATG XXXXXXXXXXX","active":true,"id":67728120012,"bsp":{"id":6772}},"issuerName":"AX","companyName":"AX","cardType":"Corporate","id":677200000000012,"bsp":{"id":6772},"cardNumber":"376010XXXXX1003"},"status":"Inactive"},{"effectiveTo":"2022-12-20","level":"card","id":677200000003958,"airline":{"iataCode":"191","name":"Air XXXXX X.X.X. XXX XXX XXXXX X.X.X.","id":6772495749},"type":"no","effectiveFrom":"2022-06-07","bsp":{"isoCountryCode":"CH","name":"SWITZERLAND","id":6772},"card":{"expiryDate":"12/23","paymentNetwork":"AX","agent":{"iataCode":"8120012","name":"ATG XXXXXXXXXXX","active":true,"id":67728120012,"bsp":{"id":6772}},"issuerName":"AX","companyName":"AX","cardType":"Corporate","id":677200000000013,"bsp":{"id":6772},"cardNumber":"376010XXXXX1003"},"status":"Inactive"},{"effectiveTo":"2022-12-22","level":"card","id":677200000005750,"airline":{"iataCode":"191","name":"Air XXXXX X.X.X. XXX XXX XXXXX X.X.X.","id":6772495749},"type":"no","effectiveFrom":"2022-12-21","bsp":{"isoCountryCode":"CH","name":"SWITZERLAND","id":6772},"card":{"expiryDate":"12/23","paymentNetwork":"AX","agent":{"iataCode":"8120012","name":"ATG XXXXXXXXXXX","active":true,"id":67728120012,"bsp":{"id":6772}},"issuerName":"AX","companyName":"AX","cardType":"Corporate","id":677200000000012,"bsp":{"id":6772},"cardNumber":"376010XXXXX1003"},"status":"Inactive"},{"effectiveTo":"2022-12-22","level":"card","id":677200000005609,"airline":{"iataCode":"191","name":"Air XXXXX X.X.X. XXX XXX XXXXX X.X.X.","id":6772495749},"type":"no","effectiveFrom":"2022-12-21","bsp":{"isoCountryCode":"CH","name":"SWITZERLAND","id":6772},"card":{"expiryDate":"12/23","paymentNetwork":"VI","agent":{"iataCode":"8127904","name":"VOYXXXXXXX","active":true,"id":67728127904,"bsp":{"id":6772}},"issuerName":"SDFDSFJDSFDSHJFDSSFDSFDSFDSFSDSFDFDSFDSFDSDSFSDFDS","cardType":"Consumer","id":677200000000010,"bsp":{"id":6772},"cardNumber":"456480XXXXXX6349"},"status":"Inactive"},{"effectiveTo":"2022-12-22","level":"card","id":677200000006226,"airline":{"iataCode":"191","name":"Air XXXXX X.X.X. XXX XXX XXXXX X.X.X.","id":6772495749},"type":"no","effectiveFrom":"2022-12-21","bsp":{"isoCountryCode":"CH","name":"SWITZERLAND","id":6772},"card":{"expiryDate":"07/23","paymentNetwork":"CA","agent":{"iataCode":"8120012","name":"ATG XXXXXXXXXXX","active":true,"id":67728120012,"bsp":{"id":6772}},"issuerName":"NEWFIVE","cardType":"Consumer","id":677200000000020,"bsp":{"id":6772},"cardNumber":"519396XXXXXX3484"},"status":"Inactive"},{"effectiveTo":"2022-12-22","level":"card","id":677200000006107,"airline":{"iataCode":"191","name":"Air XXXXX X.X.X. XXX XXX XXXXX X.X.X.","id":6772495749},"type":"no","effectiveFrom":"2022-12-21","bsp":{"isoCountryCode":"CH","name":"SWITZERLAND","id":6772},"card":{"expiryDate":"08/23","paymentNetwork":"CA","agent":{"iataCode":"8120012","name":"ATG XXXXXXXXXXX","active":true,"id":67728120012,"bsp":{"id":6772}},"issuerName":"CA","cardType":"Consumer","id":677200000000015,"bsp":{"id":6772},"cardNumber":"519396XXXXXX3484"},"status":"Inactive"},{"effectiveTo":"2022-12-22","level":"card","id":677200000005305,"airline":{"iataCode":"191","name":"Air XXXXX X.X.X. XXX XXX XXXXX X.X.X.","id":6772495749},"type":"no","effectiveFrom":"2022-12-21","bsp":{"isoCountryCode":"CH","name":"SWITZERLAND","id":6772},"card":{"expiryDate":"12/34","paymentNetwork":"VI","agent":{"iataCode":"8127904","name":"VOYXXXXXXX","active":true,"id":67728127904,"bsp":{"id":6772}},"issuerName":"CARLOS","companyName":"Accelya","cardType":"Corporate","id":677200000000008,"bsp":{"id":6772},"cardNumber":"456480XXXXXX6349"},"status":"Inactive"},{"effectiveTo":"2022-12-22","level":"card","id":677200000005457,"airline":{"iataCode":"191","name":"Air XXXXX X.X.X. XXX XXX XXXXX X.X.X.","id":6772495749},"type":"no","effectiveFrom":"2022-12-21","bsp":{"isoCountryCode":"CH","name":"SWITZERLAND","id":6772},"card":{"expiryDate":"11/31","paymentNetwork":"VI","agent":{"iataCode":"8127904","name":"VOYXXXXXXX","active":true,"id":67728127904,"bsp":{"id":6772}},"issuerName":"CARLOS","companyName":"Accelya","cardType":"Corporate","id":677200000000009,"bsp":{"id":6772},"cardNumber":"456480XXXXXX6349"},"status":"Inactive"},{"effectiveTo":"2022-12-22","level":"card","id":677200000005869,"airline":{"iataCode":"191","name":"Air XXXXX X.X.X. XXX XXX XXXXX X.X.X.","id":6772495749},"type":"no","effectiveFrom":"2022-12-21","bsp":{"isoCountryCode":"CH","name":"SWITZERLAND","id":6772},"card":{"expiryDate":"12/23","paymentNetwork":"AX","agent":{"iataCode":"8120012","name":"ATG XXXXXXXXXXX","active":true,"id":67728120012,"bsp":{"id":6772}},"issuerName":"AX","companyName":"AX","cardType":"Corporate","id":677200000000013,"bsp":{"id":6772},"cardNumber":"376010XXXXX1003"},"status":"Inactive"},{"effectiveTo":"2022-12-22","level":"card","id":677200000005988,"airline":{"iataCode":"191","name":"Air XXXXX X.X.X. XXX XXX XXXXX X.X.X.","id":6772495749},"type":"no","effectiveFrom":"2022-12-21","bsp":{"isoCountryCode":"CH","name":"SWITZERLAND","id":6772},"card":{"expiryDate":"11/24","paymentNetwork":"VI","agent":{"iataCode":"8120012","name":"ATG XXXXXXXXXXX","active":true,"id":67728120012,"bsp":{"id":6772}},"issuerName":"VI","cardType":"Consumer","id":677200000000014,"bsp":{"id":6772},"cardNumber":"456480XXXXXX6349"},"status":"Inactive"},{"effectiveTo":"2022-12-22","level":"card","id":677200000006345,"airline":{"iataCode":"191","name":"Air XXXXX X.X.X. XXX XXX XXXXX X.X.X.","id":6772495749},"type":"no","effectiveFrom":"2022-12-21","bsp":{"isoCountryCode":"CH","name":"SWITZERLAND","id":6772},"card":{"expiryDate":"06/27","paymentNetwork":"CA","agent":{"iataCode":"8120012","name":"ATG XXXXXXXXXXX","active":true,"id":67728120012,"bsp":{"id":6772}},"issuerName":"NEWSIX - CHECK NOTIFICATION","cardType":"Consumer","id":677200000000021,"bsp":{"id":6772},"cardNumber":"519396XXXXXX3484"},"status":"Inactive"}]

09-10-2024T20:54:38 - [TEST_STEP][PASSED] - recordsQAMIG = getTestCaseVariables().get("sortedRecordsQAMIG"): null

09-10-2024T20:54:38 - [TEST_STEP][FAILED] - markFailed(recordsQAMIG): [{"effectiveTo":"2020-02-20","level":"country","id":677200000000067,"airline":{"iataCode":"191","name":"Air XXXXX X.X.X. XXX XXX XXXXX X.X.X.","id":6772495749},"type":"no","effectiveFrom":"2019-07-01","bsp":{"isoCountryCode":"CH","name":"SWIT","id":6772},"status":"Inactive"},{"effectiveTo":"2020-02-20","level":"country","id":677200000000230,"airline":{"iataCode":"191","name":"Air XXXXX X.X.X. XXX XXX XXXXX X.X.X.","id":6772495749},"type":"no","effectiveFrom":"2019-07-05","bsp":{"isoCountryCode":"CH","name":"SWIT","id":6772},"status":"Inactive"},{"effectiveTo":"2020-02-20","level":"country","id":677200000000378,"airline":{"iataCode":"191","name":"Air XXXXX X.X.X. XXX XXX XXXXX X.X.X.","id":6772495749},"type":"no","effectiveFrom":"2019-07-05","bsp":{"isoCountryCode":"CH","name":"SWIT","id":6772},"status":"Inactive"},{"effectiveTo":"2020-02-20","level":"country","id":677200000000526,"airline":{"iataCode":"191","name":"Air XXXXX X.X.X. XXX XXX XXXXX X.X.X.","id":6772495749},"type":"no","effectiveFrom":"2019-07-05","bsp":{"isoCountryCode":"CH","name":"SWIT","id":6772},"status":"Inactive"},{"effectiveTo":"2022-03-03","level":"country","id":677200000000704,"airline":{"iataCode":"191","name":"Air XXXXX X.X.X. XXX XXX XXXXX X.X.X.","id":6772495749},"type":"no","effectiveFrom":"2021-02-05","bsp":{"isoCountryCode":"CH","name":"SWIT","id":6772},"status":"Inactive"},{"effectiveTo":"2021-12-01","level":"country","id":677200000000863,"airline":{"iataCode":"191","name":"Air XXXXX X.X.X. XXX XXX XXXXX X.X.X.","id":6772495749},"type":"no","effectiveFrom":"2021-02-05","bsp":{"isoCountryCode":"CH","name":"SWIT","id":6772},"status":"Inactive"},{"effectiveTo":"2022-03-03","level":"country","id":677200000000997,"airline":{"iataCode":"191","name":"Air XXXXX X.X.X. XXX XXX XXXXX X.X.X.","id":6772495749},"type":"no","effectiveFrom":"2021-02-05","bsp":{"isoCountryCode":"CH","name":"SWIT","id":6772},"status":"Inactive"},{"effectiveTo":"2021-06-01","level":"country","id":677200000001131,"airline":{"iataCode":"191","name":"Air XXXXX X.X.X. XXX XXX XXXXX X.X.X.","id":6772495749},"type":"no","effectiveFrom":"2021-02-05","bsp":{"isoCountryCode":"CH","name":"SWIT","id":6772},"status":"Inactive"},{"effectiveTo":"2022-01-25","level":"card","id":677200000001276,"airline":{"iataCode":"191","name":"Air XXXXX X.X.X. XXX XXX XXXXX X.X.X.","id":6772495749},"type":"no","effectiveFrom":"2021-03-04","card":{"expiryDate":"10/30","paymentNetwork":"CA","effectiveTo":"2022-01-25","agent":{"iataCode":"8120025","name":"CWT","id":67728120025,"bsp":{"isoCountryCode":"CH","name":"SWIT","id":6772}},"issuerName":"FAC","cardType":"Consumer","id":677200000000004,"effectiveFrom":"2021-03-04","cardNumber":"222240XXXXXX0005","bsp":{"isoCountryCode":"CH","name":"SWIT","id":6772},"terminationReason":"test","status":"Inactive"},"bsp":{"isoCountryCode":"CH","name":"SWIT","id":6772},"status":"Inactive"},{"effectiveTo":"2022-03-03","level":"card","id":677200000001452,"airline":{"iataCode":"191","name":"Air XXXXX X.X.X. XXX XXX XXXXX X.X.X.","id":6772495749},"type":"no","effectiveFrom":"2022-01-25","card":{"expiryDate":"10/30","paymentNetwork":"CA","agent":{"iataCode":"8121080","name":"VIAXXXXXX XX","id":67728121080,"bsp":{"isoCountryCode":"CH","name":"SWIT","id":6772}},"issuerName":"FAC","companyName":"provincia san anton","cardType":"Corporate","id":677200000000005,"effectiveFrom":"2022-01-25","cardNumber":"222240XXXXXX0005","bsp":{"isoCountryCode":"CH","name":"SWIT","id":6772},"status":"Active"},"bsp":{"isoCountryCode":"CH","name":"SWIT","id":6772},"status":"Inactive"},{"effectiveTo":"2022-03-03","level":"card","id":677200000001611,"airline":{"iataCode":"191","name":"Air XXXXX X.X.X. XXX XXX XXXXX X.X.X.","id":6772495749},"type":"no","effectiveFrom":"2022-01-25","card":{"expiryDate":"11/30","paymentNetwork":"CA","agent":{"iataCode":"8120025","name":"CWT","id":67728120025,"bsp":{"isoCountryCode":"CH","name":"SWIT","id":6772}},"issuerName":"TRR","companyName":"provincia san anton","cardType":"Corporate","id":677200000000006,"effectiveFrom":"2022-01-25","cardNumber":"222240XXXXXX0005","bsp":{"isoCountryCode":"CH","name":"SWIT","id":6772},"status":"Active"},"bsp":{"isoCountryCode":"CH","name":"SWIT","id":6772},"status":"Inactive"},{"effectiveTo":"2022-03-03","level":"card","id":677200000001768,"airline":{"iataCode":"191","name":"Air XXXXX X.X.X. XXX XXX XXXXX X.X.X.","id":6772495749},"type":"no","effectiveFrom":"2022-02-02","card":{"expiryDate":"10/31","paymentNetwork":"VI","agent":{"iataCode":"8121080","name":"VIAXXXXXX XX","id":67728121080,"bsp":{"isoCountryCode":"CH","name":"SWIT","id":6772}},"issuerName":"PEPE","cardType":"Consumer","id":677200000000007,"effectiveFrom":"2022-02-02","cardNumber":"222240XXXXXX0005","bsp":{"isoCountryCode":"CH","name":"SWIT","id":6772},"status":"Active"},"bsp":{"isoCountryCode":"CH","name":"SWIT","id":6772},"status":"Inactive"},{"effectiveTo":"2022-03-03","level":"card","id":677200000001920,"airline":{"iataCode":"191","name":"Air XXXXX X.X.X. XXX XXX XXXXX X.X.X.","id":6772495749},"type":"no","effectiveFrom":"2022-02-02","card":{"expiryDate":"12/34","paymentNetwork":"VI","agent":{"iataCode":"8127904","name":"VOYXXXXXXX","id":67728127904,"bsp":{"isoCountryCode":"CH","name":"SWIT","id":6772}},"issuerName":"CARLOS","companyName":"Accelya","cardType":"Corporate","id":677200000000008,"effectiveFrom":"2022-02-02","cardNumber":"222240XXXXXX0005","bsp":{"isoCountryCode":"CH","name":"SWIT","id":6772},"status":"Active"},"bsp":{"isoCountryCode":"CH","name":"SWIT","id":6772},"status":"Inactive"},{"effectiveTo":"2022-03-03","level":"card","id":677200000002072,"airline":{"iataCode":"191","name":"Air XXXXX X.X.X. XXX XXX XXXXX X.X.X.","id":6772495749},"type":"no","effectiveFrom":"2022-02-02","card":{"expiryDate":"11/31","paymentNetwork":"VI","agent":{"iataCode":"8127904","name":"VOYXXXXXXX","id":67728127904,"bsp":{"isoCountryCode":"CH","name":"SWIT","id":6772}},"issuerName":"CARLOS","companyName":"Accelya","cardType":"Corporate","id":677200000000009,"effectiveFrom":"2022-02-02","cardNumber":"222240XXXXXX0005","bsp":{"isoCountryCode":"CH","name":"SWIT","id":6772},"status":"Active"},"bsp":{"isoCountryCode":"CH","name":"SWIT","id":6772},"status":"Inactive"},{"effectiveTo":"2022-03-03","level":"country","id":677200000002224,"airline":{"iataCode":"191","name":"Air XXXXX X.X.X. XXX XXX XXXXX X.X.X.","id":6772495749},"type":"no","effectiveFrom":"2022-02-02","bsp":{"isoCountryCode":"CH","name":"SWIT","id":6772},"status":"Inactive"},{"effectiveTo":"2022-03-03","level":"card","id":677200000002365,"airline":{"iataCode":"191","name":"Air XXXXX X.X.X. XXX XXX XXXXX X.X.X.","id":6772495749},"type":"no","effectiveFrom":"2022-02-28","card":{"expiryDate":"12/23","paymentNetwork":"AX","effectiveTo":"2022-05-05","agent":{"iataCode":"8120012","name":"ATG XXXXXXXXXXX","id":67728120012,"bsp":{"isoCountryCode":"CH","name":"SWIT","id":6772}},"issuerName":"AX","cardType":"Consumer","id":677200000000011,"effectiveFrom":"2022-02-28","cardNumber":"222240XXXXXX0005","bsp":{"isoCountryCode":"CH","name":"SWIT","id":6772},"terminationReason":"test","status":"Inactive"},"bsp":{"isoCountryCode":"CH","name":"SWIT","id":6772},"status":"Inactive"},{"effectiveTo":"2022-12-20","level":"country","id":677200000002503,"airline":{"iataCode":"191","name":"Air XXXXX X.X.X. XXX XXX XXXXX X.X.X.","id":6772495749},"type":"no","effectiveFrom":"2022-03-04","bsp":{"isoCountryCode":"CH","name":"SWIT","id":6772},"status":"Inactive"},{"effectiveTo":"2022-10-03","level":"country","id":677200000002664,"airline":{"iataCode":"191","name":"Air XXXXX X.X.X. XXX XXX XXXXX X.X.X.","id":6772495749},"type":"no","effectiveFrom":"2022-03-04","bsp":{"isoCountryCode":"CH","name":"SWIT","id":6772},"status":"Inactive"},{"effectiveTo":"2022-12-20","level":"card","id":677200000002808,"airline":{"iataCode":"191","name":"Air XXXXX X.X.X. XXX XXX XXXXX X.X.X.","id":6772495749},"type":"no","effectiveFrom":"2022-03-04","card":{"expiryDate":"10/30","paymentNetwork":"CA","agent":{"iataCode":"8121080","name":"VIAXXXXXX XX","id":67728121080,"bsp":{"isoCountryCode":"CH","name":"SWIT","id":6772}},"issuerName":"FAC","companyName":"provincia san anton","cardType":"Corporate","id":677200000000005,"effectiveFrom":"2022-01-25","cardNumber":"222240XXXXXX0005","bsp":{"isoCountryCode":"CH","name":"SWIT","id":6772},"status":"Active"},"bsp":{"isoCountryCode":"CH","name":"SWIT","id":6772},"status":"Inactive"},{"effectiveTo":"2022-12-20","level":"card","id":677200000002967,"airline":{"iataCode":"191","name":"Air XXXXX X.X.X. XXX XXX XXXXX X.X.X.","id":6772495749},"type":"no","effectiveFrom":"2022-03-04","card":{"expiryDate":"11/30","paymentNetwork":"CA","agent":{"iataCode":"8120025","name":"CWT","id":67728120025,"bsp":{"isoCountryCode":"CH","name":"SWIT","id":6772}},"issuerName":"TRR","companyName":"provincia san anton","cardType":"Corporate","id":677200000000006,"effectiveFrom":"2022-01-25","cardNumber":"222240XXXXXX0005","bsp":{"isoCountryCode":"CH","name":"SWIT","id":6772},"status":"Active"},"bsp":{"isoCountryCode":"CH","name":"SWIT","id":6772},"status":"Inactive"},{"effectiveTo":"2022-12-20","level":"card","id":677200000003123,"airline":{"iataCode":"191","name":"Air XXXXX X.X.X. XXX XXX XXXXX X.X.X.","id":6772495749},"type":"no","effectiveFrom":"2022-03-04","card":{"expiryDate":"10/31","paymentNetwork":"VI","agent":{"iataCode":"8121080","name":"VIAXXXXXX XX","id":67728121080,"bsp":{"isoCountryCode":"CH","name":"SWIT","id":6772}},"issuerName":"PEPE","cardType":"Consumer","id":677200000000007,"effectiveFrom":"2022-02-02","cardNumber":"222240XXXXXX0005","bsp":{"isoCountryCode":"CH","name":"SWIT","id":6772},"status":"Active"},"bsp":{"isoCountryCode":"CH","name":"SWIT","id":6772},"status":"Inactive"},{"effectiveTo":"2022-12-20","level":"card","id":677200000003275,"airline":{"iataCode":"191","name":"Air XXXXX X.X.X. XXX XXX XXXXX X.X.X.","id":6772495749},"type":"no","effectiveFrom":"2022-03-04","card":{"expiryDate":"12/34","paymentNetwork":"VI","agent":{"iataCode":"8127904","name":"VOYXXXXXXX","id":67728127904,"bsp":{"isoCountryCode":"CH","name":"SWIT","id":6772}},"issuerName":"CARLOS","companyName":"Accelya","cardType":"Corporate","id":677200000000008,"effectiveFrom":"2022-02-02","cardNumber":"222240XXXXXX0005","bsp":{"isoCountryCode":"CH","name":"SWIT","id":6772},"status":"Active"},"bsp":{"isoCountryCode":"CH","name":"SWIT","id":6772},"status":"Inactive"},{"effectiveTo":"2022-12-20","level":"card","id":677200000003427,"airline":{"iataCode":"191","name":"Air XXXXX X.X.X. XXX XXX XXXXX X.X.X.","id":6772495749},"type":"no","effectiveFrom":"2022-03-04","card":{"expiryDate":"11/31","paymentNetwork":"VI","agent":{"iataCode":"8127904","name":"VOYXXXXXXX","id":67728127904,"bsp":{"isoCountryCode":"CH","name":"SWIT","id":6772}},"issuerName":"CARLOS","companyName":"Accelya","cardType":"Corporate","id":677200000000009,"effectiveFrom":"2022-02-02","cardNumber":"222240XXXXXX0005","bsp":{"isoCountryCode":"CH","name":"SWIT","id":6772},"status":"Active"},"bsp":{"isoCountryCode":"CH","name":"SWIT","id":6772},"status":"Inactive"},{"effectiveTo":"2022-12-20","level":"country","id":677200000003579,"airline":{"iataCode":"191","name":"Air XXXXX X.X.X. XXX XXX XXXXX X.X.X.","id":6772495749},"type":"no","effectiveFrom":"2022-03-04","bsp":{"isoCountryCode":"CH","name":"SWIT","id":6772},"status":"Inactive"},{"effectiveTo":"2022-05-05","level":"card","id":677200000003720,"airline":{"iataCode":"191","name":"Air XXXXX X.X.X. XXX XXX XXXXX X.X.X.","id":6772495749},"type":"no","effectiveFrom":"2022-03-04","card":{"expiryDate":"12/23","paymentNetwork":"AX","effectiveTo":"2022-05-05","agent":{"iataCode":"8120012","name":"ATG XXXXXXXXXXX","id":67728120012,"bsp":{"isoCountryCode":"CH","name":"SWIT","id":6772}},"issuerName":"AX","cardType":"Consumer","id":677200000000011,"effectiveFrom":"2022-02-28","cardNumber":"222240XXXXXX0005","bsp":{"isoCountryCode":"CH","name":"SWIT","id":6772},"terminationReason":"test","status":"Inactive"},"bsp":{"isoCountryCode":"CH","name":"SWIT","id":6772},"status":"Inactive"},{"effectiveTo":"2022-12-20","level":"card","id":677200000003839,"airline":{"iataCode":"191","name":"Air XXXXX X.X.X. XXX XXX XXXXX X.X.X.","id":6772495749},"type":"no","effectiveFrom":"2022-06-07","card":{"paymentNetwork":"AX","agent":{"iataCode":"8120012","name":"ATG XXXXXXXXXXX","id":67728120012,"bsp":{"isoCountryCode":"CH","name":"SWIT","id":6772}},"issuerName":"AX","companyName":"AX","cardType":"Corporate","expiryDate":"12/23","effectiveTo":"2023-05-02","id":677200000000012,"effectiveFrom":"2022-06-07","cardNumber":"222240XXXXXX0005","bsp":{"isoCountryCode":"CH","name":"SWIT","id":6772},"terminationReason":"test","status":"Inactive"},"bsp":{"isoCountryCode":"CH","name":"SWIT","id":6772},"status":"Inactive"},{"effectiveTo":"2022-12-20","level":"card","id":677200000003958,"airline":{"iataCode":"191","name":"Air XXXXX X.X.X. XXX XXX XXXXX X.X.X.","id":6772495749},"type":"no","effectiveFrom":"2022-06-07","card":{"paymentNetwork":"AX","agent":{"iataCode":"8120012","name":"ATG XXXXXXXXXXX","id":67728120012,"bsp":{"isoCountryCode":"CH","name":"SWIT","id":6772}},"issuerName":"AX","companyName":"AX","cardType":"Corporate","expiryDate":"12/23","effectiveTo":"2023-08-08","id":677200000000013,"effectiveFrom":"2022-06-08","cardNumber":"222240XXXXXX0005","bsp":{"isoCountryCode":"CH","name":"SWIT","id":6772},"terminationReason":"Card Replaced / Changed Bank","status":"Inactive"},"bsp":{"isoCountryCode":"CH","name":"SWIT","id":6772},"status":"Inactive"},{"effectiveTo":"2022-12-20","level":"card","id":677200000004077,"airline":{"iataCode":"191","name":"Air XXXXX X.X.X. XXX XXX XXXXX X.X.X.","id":6772495749},"type":"no","effectiveFrom":"2022-06-07","card":{"expiryDate":"11/24","paymentNetwork":"VI","effectiveTo":"2023-07-24","agent":{"iataCode":"8120012","name":"ATG XXXXXXXXXXX","id":67728120012,"bsp":{"isoCountryCode":"CH","name":"SWIT","id":6772}},"issuerName":"VI","cardType":"Consumer","id":677200000000014,"effectiveFrom":"2022-06-07","cardNumber":"222240XXXXXX0005","bsp":{"isoCountryCode":"CH","name":"SWIT","id":6772},"terminationReason":"Airline(s) didn't give consent","status":"Inactive"},"bsp":{"isoCountryCode":"CH","name":"SWIT","id":6772},"status":"Inactive"},{"effectiveTo":"2022-12-20","level":"card","id":677200000004196,"airline":{"iataCode":"191","name":"Air XXXXX X.X.X. XXX XXX XXXXX X.X.X.","id":6772495749},"type":"no","effectiveFrom":"2022-06-07","card":{"expiryDate":"08/23","paymentNetwork":"CA","effectiveTo":"2023-07-24","agent":{"iataCode":"8120012","name":"ATG XXXXXXXXXXX","id":67728120012,"bsp":{"isoCountryCode":"CH","name":"SWIT","id":6772}},"issuerName":"CA","cardType":"Consumer","id":677200000000015,"effectiveFrom":"2022-06-07","cardNumber":"222240XXXXXX0005","bsp":{"isoCountryCode":"CH","name":"SWIT","id":6772},"terminationReason":"Airline(s) didn't give consent","status":"Inactive"},"bsp":{"isoCountryCode":"CH","name":"SWIT","id":6772},"status":"Inactive"},{"effectiveTo":"2022-12-20","level":"card","id":677200000004407,"airline":{"iataCode":"191","name":"Air XXXXX X.X.X. XXX XXX XXXXX X.X.X.","id":6772495749},"type":"no","effectiveFrom":"2022-10-13","card":{"expiryDate":"07/23","paymentNetwork":"CA","effectiveTo":"2023-07-21","agent":{"iataCode":"8120012","name":"ATG XXXXXXXXXXX","id":67728120012,"bsp":{"isoCountryCode":"CH","name":"SWIT","id":6772}},"issuerName":"NEWFIVE","cardType":"Consumer","id":677200000000020,"effectiveFrom":"2022-10-13","cardNumber":"222240XXXXXX0005","bsp":{"isoCountryCode":"CH","name":"SWIT","id":6772},"terminationReason":"Customer Card enrolled by error","status":"Inactive"},"bsp":{"isoCountryCode":"CH","name":"SWIT","id":6772},"status":"Inactive"},{"effectiveTo":"2022-12-20","level":"card","id":677200000004526,"airline":{"iataCode":"191","name":"Air XXXXX X.X.X. XXX XXX XXXXX X.X.X.","id":6772495749},"type":"no","effectiveFrom":"2022-10-13","card":{"expiryDate":"06/27","paymentNetwork":"CA","effectiveTo":"2023-07-21","agent":{"iataCode":"8120012","name":"ATG XXXXXXXXXXX","id":67728120012,"bsp":{"isoCountryCode":"CH","name":"SWIT","id":6772}},"issuerName":"NEWSIX - CHECK NOTIFICATION","cardType":"Consumer","id":677200000000021,"effectiveFrom":"2022-10-13","cardNumber":"222240XXXXXX0005","bsp":{"isoCountryCode":"CH","name":"SWIT","id":6772},"terminationReason":"Card Replaced / Changed Bank","status":"Inactive"},"bsp":{"isoCountryCode":"CH","name":"SWIT","id":6772},"status":"Inactive"},{"effectiveTo":"2022-12-22","level":"country","id":677200000004665,"airline":{"iataCode":"191","name":"Air XXXXX X.X.X. XXX XXX XXXXX X.X.X.","id":6772495749},"type":"no","effectiveFrom":"2022-12-21","bsp":{"isoCountryCode":"CH","name":"SWIT","id":6772},"status":"Inactive"},{"effectiveTo":"2022-12-22","level":"card","id":677200000004838,"airline":{"iataCode":"191","name":"Air XXXXX X.X.X. XXX XXX XXXXX X.X.X.","id":6772495749},"type":"no","effectiveFrom":"2022-12-21","card":{"expiryDate":"10/30","paymentNetwork":"CA","agent":{"iataCode":"8121080","name":"VIAXXXXXX XX","id":67728121080,"bsp":{"isoCountryCode":"CH","name":"SWIT","id":6772}},"issuerName":"FAC","companyName":"provincia san anton","cardType":"Corporate","id":677200000000005,"effectiveFrom":"2022-01-25","cardNumber":"222240XXXXXX0005","bsp":{"isoCountryCode":"CH","name":"SWIT","id":6772},"status":"Active"},"bsp":{"isoCountryCode":"CH","name":"SWIT","id":6772},"status":"Inactive"},{"effectiveTo":"2022-12-22","level":"card","id":677200000004997,"airline":{"iataCode":"191","name":"Air XXXXX X.X.X. XXX XXX XXXXX X.X.X.","id":6772495749},"type":"no","effectiveFrom":"2022-12-21","card":{"expiryDate":"11/30","paymentNetwork":"CA","agent":{"iataCode":"8120025","name":"CWT","id":67728120025,"bsp":{"isoCountryCode":"CH","name":"SWIT","id":6772}},"issuerName":"TRR","companyName":"provincia san anton","cardType":"Corporate","id":677200000000006,"effectiveFrom":"2022-01-25","cardNumber":"222240XXXXXX0005","bsp":{"isoCountryCode":"CH","name":"SWIT","id":6772},"status":"Active"},"bsp":{"isoCountryCode":"CH","name":"SWIT","id":6772},"status":"Inactive"},{"effectiveTo":"2022-12-22","level":"card","id":677200000005153,"airline":{"iataCode":"191","name":"Air XXXXX X.X.X. XXX XXX XXXXX X.X.X.","id":6772495749},"type":"no","effectiveFrom":"2022-12-21","card":{"expiryDate":"10/31","paymentNetwork":"VI","agent":{"iataCode":"8121080","name":"VIAXXXXXX XX","id":67728121080,"bsp":{"isoCountryCode":"CH","name":"SWIT","id":6772}},"issuerName":"PEPE","cardType":"Consumer","id":677200000000007,"effectiveFrom":"2022-02-02","cardNumber":"222240XXXXXX0005","bsp":{"isoCountryCode":"CH","name":"SWIT","id":6772},"status":"Active"},"bsp":{"isoCountryCode":"CH","name":"SWIT","id":6772},"status":"Inactive"},{"effectiveTo":"2022-12-22","level":"card","id":677200000005305,"airline":{"iataCode":"191","name":"Air XXXXX X.X.X. XXX XXX XXXXX X.X.X.","id":6772495749},"type":"no","effectiveFrom":"2022-12-21","card":{"expiryDate":"12/34","paymentNetwork":"VI","agent":{"iataCode":"8127904","name":"VOYXXXXXXX","id":67728127904,"bsp":{"isoCountryCode":"CH","name":"SWIT","id":6772}},"issuerName":"CARLOS","companyName":"Accelya","cardType":"Corporate","id":677200000000008,"effectiveFrom":"2022-02-02","cardNumber":"222240XXXXXX0005","bsp":{"isoCountryCode":"CH","name":"SWIT","id":6772},"status":"Active"},"bsp":{"isoCountryCode":"CH","name":"SWIT","id":6772},"status":"Inactive"},{"effectiveTo":"2022-12-22","level":"card","id":677200000005457,"airline":{"iataCode":"191","name":"Air XXXXX X.X.X. XXX XXX XXXXX X.X.X.","id":6772495749},"type":"no","effectiveFrom":"2022-12-21","card":{"expiryDate":"11/31","paymentNetwork":"VI","agent":{"iataCode":"8127904","name":"VOYXXXXXXX","id":67728127904,"bsp":{"isoCountryCode":"CH","name":"SWIT","id":6772}},"issuerName":"CARLOS","companyName":"Accelya","cardType":"Corporate","id":677200000000009,"effectiveFrom":"2022-02-02","cardNumber":"222240XXXXXX0005","bsp":{"isoCountryCode":"CH","name":"SWIT","id":6772},"status":"Active"},"bsp":{"isoCountryCode":"CH","name":"SWIT","id":6772},"status":"Inactive"},{"effectiveTo":"2022-12-22","level":"country","id":677200000005609,"airline":{"iataCode":"191","name":"Air XXXXX X.X.X. XXX XXX XXXXX X.X.X.","id":6772495749},"type":"no","effectiveFrom":"2022-12-21","bsp":{"isoCountryCode":"CH","name":"SWIT","id":6772},"status":"Inactive"},{"effectiveTo":"2022-12-22","level":"card","id":677200000005750,"airline":{"iataCode":"191","name":"Air XXXXX X.X.X. XXX XXX XXXXX X.X.X.","id":6772495749},"type":"no","effectiveFrom":"2022-12-21","card":{"paymentNetwork":"AX","agent":{"iataCode":"8120012","name":"ATG XXXXXXXXXXX","id":67728120012,"bsp":{"isoCountryCode":"CH","name":"SWIT","id":6772}},"issuerName":"AX","companyName":"AX","cardType":"Corporate","expiryDate":"12/23","effectiveTo":"2023-05-02","id":677200000000012,"effectiveFrom":"2022-06-07","cardNumber":"222240XXXXXX0005","bsp":{"isoCountryCode":"CH","name":"SWIT","id":6772},"terminationReason":"test","status":"Inactive"},"bsp":{"isoCountryCode":"CH","name":"SWIT","id":6772},"status":"Inactive"},{"effectiveTo":"2022-12-22","level":"card","id":677200000005869,"airline":{"iataCode":"191","name":"Air XXXXX X.X.X. XXX XXX XXXXX X.X.X.","id":6772495749},"type":"no","effectiveFrom":"2022-12-21","card":{"paymentNetwork":"AX","agent":{"iataCode":"8120012","name":"ATG XXXXXXXXXXX","id":67728120012,"bsp":{"isoCountryCode":"CH","name":"SWIT","id":6772}},"issuerName":"AX","companyName":"AX","cardType":"Corporate","expiryDate":"12/23","effectiveTo":"2023-08-08","id":677200000000013,"effectiveFrom":"2022-06-08","cardNumber":"222240XXXXXX0005","bsp":{"isoCountryCode":"CH","name":"SWIT","id":6772},"terminationReason":"Card Replaced / Changed Bank","status":"Inactive"},"bsp":{"isoCountryCode":"CH","name":"SWIT","id":6772},"status":"Inactive"},{"effectiveTo":"2022-12-22","level":"card","id":677200000005988,"airline":{"iataCode":"191","name":"Air XXXXX X.X.X. XXX XXX XXXXX X.X.X.","id":6772495749},"type":"no","effectiveFrom":"2022-12-21","card":{"expiryDate":"11/24","paymentNetwork":"VI","effectiveTo":"2023-07-24","agent":{"iataCode":"8120012","name":"ATG XXXXXXXXXXX","id":67728120012,"bsp":{"isoCountryCode":"CH","name":"SWIT","id":6772}},"issuerName":"VI","cardType":"Consumer","id":677200000000014,"effectiveFrom":"2022-06-07","cardNumber":"222240XXXXXX0005","bsp":{"isoCountryCode":"CH","name":"SWIT","id":6772},"terminationReason":"Airline(s) didn't give consent","status":"Inactive"},"bsp":{"isoCountryCode":"CH","name":"SWIT","id":6772},"status":"Inactive"},{"effectiveTo":"2022-12-22","level":"card","id":677200000006107,"airline":{"iataCode":"191","name":"Air XXXXX X.X.X. XXX XXX XXXXX X.X.X.","id":6772495749},"type":"no","effectiveFrom":"2022-12-21","card":{"expiryDate":"08/23","paymentNetwork":"CA","effectiveTo":"2023-07-24","agent":{"iataCode":"8120012","name":"ATG XXXXXXXXXXX","id":67728120012,"bsp":{"isoCountryCode":"CH","name":"SWIT","id":6772}},"issuerName":"CA","cardType":"Consumer","id":677200000000015,"effectiveFrom":"2022-06-07","cardNumber":"222240XXXXXX0005","bsp":{"isoCountryCode":"CH","name":"SWIT","id":6772},"terminationReason":"Airline(s) didn't give consent","status":"Inactive"},"bsp":{"isoCountryCode":"CH","name":"SWIT","id":6772},"status":"Inactive"},{"effectiveTo":"2022-12-22","level":"card","id":677200000006226,"airline":{"iataCode":"191","name":"Air XXXXX X.X.X. XXX XXX XXXXX X.X.X.","id":6772495749},"type":"no","effectiveFrom":"2022-12-21","card":{"expiryDate":"07/23","paymentNetwork":"CA","effectiveTo":"2023-07-21","agent":{"iataCode":"8120012","name":"ATG XXXXXXXXXXX","id":67728120012,"bsp":{"isoCountryCode":"CH","name":"SWIT","id":6772}},"issuerName":"NEWFIVE","cardType":"Consumer","id":677200000000020,"effectiveFrom":"2022-10-13","cardNumber":"222240XXXXXX0005","bsp":{"isoCountryCode":"CH","name":"SWIT","id":6772},"terminationReason":"Customer Card enrolled by error","status":"Inactive"},"bsp":{"isoCountryCode":"CH","name":"SWIT","id":6772},"status":"Inactive"},{"effectiveTo":"2022-12-22","level":"card","id":677200000006345,"airline":{"iataCode":"191","name":"Air XXXXX X.X.X. XXX XXX XXXXX X.X.X.","id":6772495749},"type":"no","effectiveFrom":"2022-12-21","card":{"expiryDate":"06/27","paymentNetwork":"CA","effectiveTo":"2023-07-21","agent":{"iataCode":"8120012","name":"ATG XXXXXXXXXXX","id":67728120012,"bsp":{"isoCountryCode":"CH","name":"SWIT","id":6772}},"issuerName":"NEWSIX - CHECK NOTIFICATION","cardType":"Consumer","id":677200000000021,"effectiveFrom":"2022-10-13","cardNumber":"222240XXXXXX0005","bsp":{"isoCountryCode":"CH","name":"SWIT","id":6772},"terminationReason":"Card Replaced / Changed Bank","status":"Inactive"},"bsp":{"isoCountryCode":"CH","name":"SWIT","id":6772},"status":"Inactive"},{"level":"country","id":677200000006483,"airline":{"iataCode":"191","name":"Air XXXXX X.X.X. XXX XXX XXXXX X.X.X.","id":6772495749},"type":"no","effectiveFrom":"2023-03-15","bsp":{"isoCountryCode":"CH","name":"SWIT","id":6772},"status":"Active"}]

09-10-2024T20:54:38 - [MESSAGE][FAILED] - [{"effectiveTo":"2020-02-20","level":"country","id":677200000000067,"airline":{"iataCode":"191","name":"Air XXXXX X.X.X. XXX XXX XXXXX X.X.X.","id":6772495749},"type":"no","effectiveFrom":"2019-07-01","bsp":{"isoCountryCode":"CH","name":"SWIT","id":6772},"status":"Inactive"},{"effectiveTo":"2020-02-20","level":"country","id":677200000000230,"airline":{"iataCode":"191","name":"Air XXXXX X.X.X. XXX XXX XXXXX X.X.X.","id":6772495749},"type":"no","effectiveFrom":"2019-07-05","bsp":{"isoCountryCode":"CH","name":"SWIT","id":6772},"status":"Inactive"},{"effectiveTo":"2020-02-20","level":"country","id":677200000000378,"airline":{"iataCode":"191","name":"Air XXXXX X.X.X. XXX XXX XXXXX X.X.X.","id":6772495749},"type":"no","effectiveFrom":"2019-07-05","bsp":{"isoCountryCode":"CH","name":"SWIT","id":6772},"status":"Inactive"},{"effectiveTo":"2020-02-20","level":"country","id":677200000000526,"airline":{"iataCode":"191","name":"Air XXXXX X.X.X. XXX XXX XXXXX X.X.X.","id":6772495749},"type":"no","effectiveFrom":"2019-07-05","bsp":{"isoCountryCode":"CH","name":"SWIT","id":6772},"status":"Inactive"},{"effectiveTo":"2022-03-03","level":"country","id":677200000000704,"airline":{"iataCode":"191","name":"Air XXXXX X.X.X. XXX XXX XXXXX X.X.X.","id":6772495749},"type":"no","effectiveFrom":"2021-02-05","bsp":{"isoCountryCode":"CH","name":"SWIT","id":6772},"status":"Inactive"},{"effectiveTo":"2021-12-01","level":"country","id":677200000000863,"airline":{"iataCode":"191","name":"Air XXXXX X.X.X. XXX XXX XXXXX X.X.X.","id":6772495749},"type":"no","effectiveFrom":"2021-02-05","bsp":{"isoCountryCode":"CH","name":"SWIT","id":6772},"status":"Inactive"},{"effectiveTo":"2022-03-03","level":"country","id":677200000000997,"airline":{"iataCode":"191","name":"Air XXXXX X.X.X. XXX XXX XXXXX X.X.X.","id":6772495749},"type":"no","effectiveFrom":"2021-02-05","bsp":{"isoCountryCode":"CH","name":"SWIT","id":6772},"status":"Inactive"},{"effectiveTo":"2021-06-01","level":"country","id":677200000001131,"airline":{"iataCode":"191","name":"Air XXXXX X.X.X. XXX XXX XXXXX X.X.X.","id":6772495749},"type":"no","effectiveFrom":"2021-02-05","bsp":{"isoCountryCode":"CH","name":"SWIT","id":6772},"status":"Inactive"},{"effectiveTo":"2022-01-25","level":"card","id":677200000001276,"airline":{"iataCode":"191","name":"Air XXXXX X.X.X. XXX XXX XXXXX X.X.X.","id":6772495749},"type":"no","effectiveFrom":"2021-03-04","card":{"expiryDate":"10/30","paymentNetwork":"CA","effectiveTo":"2022-01-25","agent":{"iataCode":"8120025","name":"CWT","id":67728120025,"bsp":{"isoCountryCode":"CH","name":"SWIT","id":6772}},"issuerName":"FAC","cardType":"Consumer","id":677200000000004,"effectiveFrom":"2021-03-04","cardNumber":"222240XXXXXX0005","bsp":{"isoCountryCode":"CH","name":"SWIT","id":6772},"terminationReason":"test","status":"Inactive"},"bsp":{"isoCountryCode":"CH","name":"SWIT","id":6772},"status":"Inactive"},{"effectiveTo":"2022-03-03","level":"card","id":677200000001452,"airline":{"iataCode":"191","name":"Air XXXXX X.X.X. XXX XXX XXXXX X.X.X.","id":6772495749},"type":"no","effectiveFrom":"2022-01-25","card":{"expiryDate":"10/30","paymentNetwork":"CA","agent":{"iataCode":"8121080","name":"VIAXXXXXX XX","id":67728121080,"bsp":{"isoCountryCode":"CH","name":"SWIT","id":6772}},"issuerName":"FAC","companyName":"provincia san anton","cardType":"Corporate","id":677200000000005,"effectiveFrom":"2022-01-25","cardNumber":"222240XXXXXX0005","bsp":{"isoCountryCode":"CH","name":"SWIT","id":6772},"status":"Active"},"bsp":{"isoCountryCode":"CH","name":"SWIT","id":6772},"status":"Inactive"},{"effectiveTo":"2022-03-03","level":"card","id":677200000001611,"airline":{"iataCode":"191","name":"Air XXXXX X.X.X. XXX XXX XXXXX X.X.X.","id":6772495749},"type":"no","effectiveFrom":"2022-01-25","card":{"expiryDate":"11/30","paymentNetwork":"CA","agent":{"iataCode":"8120025","name":"CWT","id":67728120025,"bsp":{"isoCountryCode":"CH","name":"SWIT","id":6772}},"issuerName":"TRR","companyName":"provincia san anton","cardType":"Corporate","id":677200000000006,"effectiveFrom":"2022-01-25","cardNumber":"222240XXXXXX0005","bsp":{"isoCountryCode":"CH","name":"SWIT","id":6772},"status":"Active"},"bsp":{"isoCountryCode":"CH","name":"SWIT","id":6772},"status":"Inactive"},{"effectiveTo":"2022-03-03","level":"card","id":677200000001768,"airline":{"iataCode":"191","name":"Air XXXXX X.X.X. XXX XXX XXXXX X.X.X.","id":6772495749},"type":"no","effectiveFrom":"2022-02-02","card":{"expiryDate":"10/31","paymentNetwork":"VI","agent":{"iataCode":"8121080","name":"VIAXXXXXX XX","id":67728121080,"bsp":{"isoCountryCode":"CH","name":"SWIT","id":6772}},"issuerName":"PEPE","cardType":"Consumer","id":677200000000007,"effectiveFrom":"2022-02-02","cardNumber":"222240XXXXXX0005","bsp":{"isoCountryCode":"CH","name":"SWIT","id":6772},"status":"Active"},"bsp":{"isoCountryCode":"CH","name":"SWIT","id":6772},"status":"Inactive"},{"effectiveTo":"2022-03-03","level":"card","id":677200000001920,"airline":{"iataCode":"191","name":"Air XXXXX X.X.X. XXX XXX XXXXX X.X.X.","id":6772495749},"type":"no","effectiveFrom":"2022-02-02","card":{"expiryDate":"12/34","paymentNetwork":"VI","agent":{"iataCode":"8127904","name":"VOYXXXXXXX","id":67728127904,"bsp":{"isoCountryCode":"CH","name":"SWIT","id":6772}},"issuerName":"CARLOS","companyName":"Accelya","cardType":"Corporate","id":677200000000008,"effectiveFrom":"2022-02-02","cardNumber":"222240XXXXXX0005","bsp":{"isoCountryCode":"CH","name":"SWIT","id":6772},"status":"Active"},"bsp":{"isoCountryCode":"CH","name":"SWIT","id":6772},"status":"Inactive"},{"effectiveTo":"2022-03-03","level":"card","id":677200000002072,"airline":{"iataCode":"191","name":"Air XXXXX X.X.X. XXX XXX XXXXX X.X.X.","id":6772495749},"type":"no","effectiveFrom":"2022-02-02","card":{"expiryDate":"11/31","paymentNetwork":"VI","agent":{"iataCode":"8127904","name":"VOYXXXXXXX","id":67728127904,"bsp":{"isoCountryCode":"CH","name":"SWIT","id":6772}},"issuerName":"CARLOS","companyName":"Accelya","cardType":"Corporate","id":677200000000009,"effectiveFrom":"2022-02-02","cardNumber":"222240XXXXXX0005","bsp":{"isoCountryCode":"CH","name":"SWIT","id":6772},"status":"Active"},"bsp":{"isoCountryCode":"CH","name":"SWIT","id":6772},"status":"Inactive"},{"effectiveTo":"2022-03-03","level":"country","id":677200000002224,"airline":{"iataCode":"191","name":"Air XXXXX X.X.X. XXX XXX XXXXX X.X.X.","id":6772495749},"type":"no","effectiveFrom":"2022-02-02","bsp":{"isoCountryCode":"CH","name":"SWIT","id":6772},"status":"Inactive"},{"effectiveTo":"2022-03-03","level":"card","id":677200000002365,"airline":{"iataCode":"191","name":"Air XXXXX X.X.X. XXX XXX XXXXX X.X.X.","id":6772495749},"type":"no","effectiveFrom":"2022-02-28","card":{"expiryDate":"12/23","paymentNetwork":"AX","effectiveTo":"2022-05-05","agent":{"iataCode":"8120012","name":"ATG XXXXXXXXXXX","id":67728120012,"bsp":{"isoCountryCode":"CH","name":"SWIT","id":6772}},"issuerName":"AX","cardType":"Consumer","id":677200000000011,"effectiveFrom":"2022-02-28","cardNumber":"222240XXXXXX0005","bsp":{"isoCountryCode":"CH","name":"SWIT","id":6772},"terminationReason":"test","status":"Inactive"},"bsp":{"isoCountryCode":"CH","name":"SWIT","id":6772},"status":"Inactive"},{"effectiveTo":"2022-12-20","level":"country","id":677200000002503,"airline":{"iataCode":"191","name":"Air XXXXX X.X.X. XXX XXX XXXXX X.X.X.","id":6772495749},"type":"no","effectiveFrom":"2022-03-04","bsp":{"isoCountryCode":"CH","name":"SWIT","id":6772},"status":"Inactive"},{"effectiveTo":"2022-10-03","level":"country","id":677200000002664,"airline":{"iataCode":"191","name":"Air XXXXX X.X.X. XXX XXX XXXXX X.X.X.","id":6772495749},"type":"no","effectiveFrom":"2022-03-04","bsp":{"isoCountryCode":"CH","name":"SWIT","id":6772},"status":"Inactive"},{"effectiveTo":"2022-12-20","level":"card","id":677200000002808,"airline":{"iataCode":"191","name":"Air XXXXX X.X.X. XXX XXX XXXXX X.X.X.","id":6772495749},"type":"no","effectiveFrom":"2022-03-04","card":{"expiryDate":"10/30","paymentNetwork":"CA","agent":{"iataCode":"8121080","name":"VIAXXXXXX XX","id":67728121080,"bsp":{"isoCountryCode":"CH","name":"SWIT","id":6772}},"issuerName":"FAC","companyName":"provincia san anton","cardType":"Corporate","id":677200000000005,"effectiveFrom":"2022-01-25","cardNumber":"222240XXXXXX0005","bsp":{"isoCountryCode":"CH","name":"SWIT","id":6772},"status":"Active"},"bsp":{"isoCountryCode":"CH","name":"SWIT","id":6772},"status":"Inactive"},{"effectiveTo":"2022-12-20","level":"card","id":677200000002967,"airline":{"iataCode":"191","name":"Air XXXXX X.X.X. XXX XXX XXXXX X.X.X.","id":6772495749},"type":"no","effectiveFrom":"2022-03-04","card":{"expiryDate":"11/30","paymentNetwork":"CA","agent":{"iataCode":"8120025","name":"CWT","id":67728120025,"bsp":{"isoCountryCode":"CH","name":"SWIT","id":6772}},"issuerName":"TRR","companyName":"provincia san anton","cardType":"Corporate","id":677200000000006,"effectiveFrom":"2022-01-25","cardNumber":"222240XXXXXX0005","bsp":{"isoCountryCode":"CH","name":"SWIT","id":6772},"status":"Active"},"bsp":{"isoCountryCode":"CH","name":"SWIT","id":6772},"status":"Inactive"},{"effectiveTo":"2022-12-20","level":"card","id":677200000003123,"airline":{"iataCode":"191","name":"Air XXXXX X.X.X. XXX XXX XXXXX X.X.X.","id":6772495749},"type":"no","effectiveFrom":"2022-03-04","card":{"expiryDate":"10/31","paymentNetwork":"VI","agent":{"iataCode":"8121080","name":"VIAXXXXXX XX","id":67728121080,"bsp":{"isoCountryCode":"CH","name":"SWIT","id":6772}},"issuerName":"PEPE","cardType":"Consumer","id":677200000000007,"effectiveFrom":"2022-02-02","cardNumber":"222240XXXXXX0005","bsp":{"isoCountryCode":"CH","name":"SWIT","id":6772},"status":"Active"},"bsp":{"isoCountryCode":"CH","name":"SWIT","id":6772},"status":"Inactive"},{"effectiveTo":"2022-12-20","level":"card","id":677200000003275,"airline":{"iataCode":"191","name":"Air XXXXX X.X.X. XXX XXX XXXXX X.X.X.","id":6772495749},"type":"no","effectiveFrom":"2022-03-04","card":{"expiryDate":"12/34","paymentNetwork":"VI","agent":{"iataCode":"8127904","name":"VOYXXXXXXX","id":67728127904,"bsp":{"isoCountryCode":"CH","name":"SWIT","id":6772}},"issuerName":"CARLOS","companyName":"Accelya","cardType":"Corporate","id":677200000000008,"effectiveFrom":"2022-02-02","cardNumber":"222240XXXXXX0005","bsp":{"isoCountryCode":"CH","name":"SWIT","id":6772},"status":"Active"},"bsp":{"isoCountryCode":"CH","name":"SWIT","id":6772},"status":"Inactive"},{"effectiveTo":"2022-12-20","level":"card","id":677200000003427,"airline":{"iataCode":"191","name":"Air XXXXX X.X.X. XXX XXX XXXXX X.X.X.","id":6772495749},"type":"no","effectiveFrom":"2022-03-04","card":{"expiryDate":"11/31","paymentNetwork":"VI","agent":{"iataCode":"8127904","name":"VOYXXXXXXX","id":67728127904,"bsp":{"isoCountryCode":"CH","name":"SWIT","id":6772}},"issuerName":"CARLOS","companyName":"Accelya","cardType":"Corporate","id":677200000000009,"effectiveFrom":"2022-02-02","cardNumber":"222240XXXXXX0005","bsp":{"isoCountryCode":"CH","name":"SWIT","id":6772},"status":"Active"},"bsp":{"isoCountryCode":"CH","name":"SWIT","id":6772},"status":"Inactive"},{"effectiveTo":"2022-12-20","level":"country","id":677200000003579,"airline":{"iataCode":"191","name":"Air XXXXX X.X.X. XXX XXX XXXXX X.X.X.","id":6772495749},"type":"no","effectiveFrom":"2022-03-04","bsp":{"isoCountryCode":"CH","name":"SWIT","id":6772},"status":"Inactive"},{"effectiveTo":"2022-05-05","level":"card","id":677200000003720,"airline":{"iataCode":"191","name":"Air XXXXX X.X.X. XXX XXX XXXXX X.X.X.","id":6772495749},"type":"no","effectiveFrom":"2022-03-04","card":{"expiryDate":"12/23","paymentNetwork":"AX","effectiveTo":"2022-05-05","agent":{"iataCode":"8120012","name":"ATG XXXXXXXXXXX","id":67728120012,"bsp":{"isoCountryCode":"CH","name":"SWIT","id":6772}},"issuerName":"AX","cardType":"Consumer","id":677200000000011,"effectiveFrom":"2022-02-28","cardNumber":"222240XXXXXX0005","bsp":{"isoCountryCode":"CH","name":"SWIT","id":6772},"terminationReason":"test","status":"Inactive"},"bsp":{"isoCountryCode":"CH","name":"SWIT","id":6772},"status":"Inactive"},{"effectiveTo":"2022-12-20","level":"card","id":677200000003839,"airline":{"iataCode":"191","name":"Air XXXXX X.X.X. XXX XXX XXXXX X.X.X.","id":6772495749},"type":"no","effectiveFrom":"2022-06-07","card":{"paymentNetwork":"AX","agent":{"iataCode":"8120012","name":"ATG XXXXXXXXXXX","id":67728120012,"bsp":{"isoCountryCode":"CH","name":"SWIT","id":6772}},"issuerName":"AX","companyName":"AX","cardType":"Corporate","expiryDate":"12/23","effectiveTo":"2023-05-02","id":677200000000012,"effectiveFrom":"2022-06-07","cardNumber":"222240XXXXXX0005","bsp":{"isoCountryCode":"CH","name":"SWIT","id":6772},"terminationReason":"test","status":"Inactive"},"bsp":{"isoCountryCode":"CH","name":"SWIT","id":6772},"status":"Inactive"},{"effectiveTo":"2022-12-20","level":"card","id":677200000003958,"airline":{"iataCode":"191","name":"Air XXXXX X.X.X. XXX XXX XXXXX X.X.X.","id":6772495749},"type":"no","effectiveFrom":"2022-06-07","card":{"paymentNetwork":"AX","agent":{"iataCode":"8120012","name":"ATG XXXXXXXXXXX","id":67728120012,"bsp":{"isoCountryCode":"CH","name":"SWIT","id":6772}},"issuerName":"AX","companyName":"AX","cardType":"Corporate","expiryDate":"12/23","effectiveTo":"2023-08-08","id":677200000000013,"effectiveFrom":"2022-06-08","cardNumber":"222240XXXXXX0005","bsp":{"isoCountryCode":"CH","name":"SWIT","id":6772},"terminationReason":"Card Replaced / Changed Bank","status":"Inactive"},"bsp":{"isoCountryCode":"CH","name":"SWIT","id":6772},"status":"Inactive"},{"effectiveTo":"2022-12-20","level":"card","id":677200000004077,"airline":{"iataCode":"191","name":"Air XXXXX X.X.X. XXX XXX XXXXX X.X.X.","id":6772495749},"type":"no","effectiveFrom":"2022-06-07","card":{"expiryDate":"11/24","paymentNetwork":"VI","effectiveTo":"2023-07-24","agent":{"iataCode":"8120012","name":"ATG XXXXXXXXXXX","id":67728120012,"bsp":{"isoCountryCode":"CH","name":"SWIT","id":6772}},"issuerName":"VI","cardType":"Consumer","id":677200000000014,"effectiveFrom":"2022-06-07","cardNumber":"222240XXXXXX0005","bsp":{"isoCountryCode":"CH","name":"SWIT","id":6772},"terminationReason":"Airline(s) didn't give consent","status":"Inactive"},"bsp":{"isoCountryCode":"CH","name":"SWIT","id":6772},"status":"Inactive"},{"effectiveTo":"2022-12-20","level":"card","id":677200000004196,"airline":{"iataCode":"191","name":"Air XXXXX X.X.X. XXX XXX XXXXX X.X.X.","id":6772495749},"type":"no","effectiveFrom":"2022-06-07","card":{"expiryDate":"08/23","paymentNetwork":"CA","effectiveTo":"2023-07-24","agent":{"iataCode":"8120012","name":"ATG XXXXXXXXXXX","id":67728120012,"bsp":{"isoCountryCode":"CH","name":"SWIT","id":6772}},"issuerName":"CA","cardType":"Consumer","id":677200000000015,"effectiveFrom":"2022-06-07","cardNumber":"222240XXXXXX0005","bsp":{"isoCountryCode":"CH","name":"SWIT","id":6772},"terminationReason":"Airline(s) didn't give consent","status":"Inactive"},"bsp":{"isoCountryCode":"CH","name":"SWIT","id":6772},"status":"Inactive"},{"effectiveTo":"2022-12-20","level":"card","id":677200000004407,"airline":{"iataCode":"191","name":"Air XXXXX X.X.X. XXX XXX XXXXX X.X.X.","id":6772495749},"type":"no","effectiveFrom":"2022-10-13","card":{"expiryDate":"07/23","paymentNetwork":"CA","effectiveTo":"2023-07-21","agent":{"iataCode":"8120012","name":"ATG XXXXXXXXXXX","id":67728120012,"bsp":{"isoCountryCode":"CH","name":"SWIT","id":6772}},"issuerName":"NEWFIVE","cardType":"Consumer","id":677200000000020,"effectiveFrom":"2022-10-13","cardNumber":"222240XXXXXX0005","bsp":{"isoCountryCode":"CH","name":"SWIT","id":6772},"terminationReason":"Customer Card enrolled by error","status":"Inactive"},"bsp":{"isoCountryCode":"CH","name":"SWIT","id":6772},"status":"Inactive"},{"effectiveTo":"2022-12-20","level":"card","id":677200000004526,"airline":{"iataCode":"191","name":"Air XXXXX X.X.X. XXX XXX XXXXX X.X.X.","id":6772495749},"type":"no","effectiveFrom":"2022-10-13","card":{"expiryDate":"06/27","paymentNetwork":"CA","effectiveTo":"2023-07-21","agent":{"iataCode":"8120012","name":"ATG XXXXXXXXXXX","id":67728120012,"bsp":{"isoCountryCode":"CH","name":"SWIT","id":6772}},"issuerName":"NEWSIX - CHECK NOTIFICATION","cardType":"Consumer","id":677200000000021,"effectiveFrom":"2022-10-13","cardNumber":"222240XXXXXX0005","bsp":{"isoCountryCode":"CH","name":"SWIT","id":6772},"terminationReason":"Card Replaced / Changed Bank","status":"Inactive"},"bsp":{"isoCountryCode":"CH","name":"SWIT","id":6772},"status":"Inactive"},{"effectiveTo":"2022-12-22","level":"country","id":677200000004665,"airline":{"iataCode":"191","name":"Air XXXXX X.X.X. XXX XXX XXXXX X.X.X.","id":6772495749},"type":"no","effectiveFrom":"2022-12-21","bsp":{"isoCountryCode":"CH","name":"SWIT","id":6772},"status":"Inactive"},{"effectiveTo":"2022-12-22","level":"card","id":677200000004838,"airline":{"iataCode":"191","name":"Air XXXXX X.X.X. XXX XXX XXXXX X.X.X.","id":6772495749},"type":"no","effectiveFrom":"2022-12-21","card":{"expiryDate":"10/30","paymentNetwork":"CA","agent":{"iataCode":"8121080","name":"VIAXXXXXX XX","id":67728121080,"bsp":{"isoCountryCode":"CH","name":"SWIT","id":6772}},"issuerName":"FAC","companyName":"provincia san anton","cardType":"Corporate","id":677200000000005,"effectiveFrom":"2022-01-25","cardNumber":"222240XXXXXX0005","bsp":{"isoCountryCode":"CH","name":"SWIT","id":6772},"status":"Active"},"bsp":{"isoCountryCode":"CH","name":"SWIT","id":6772},"status":"Inactive"},{"effectiveTo":"2022-12-22","level":"card","id":677200000004997,"airline":{"iataCode":"191","name":"Air XXXXX X.X.X. XXX XXX XXXXX X.X.X.","id":6772495749},"type":"no","effectiveFrom":"2022-12-21","card":{"expiryDate":"11/30","paymentNetwork":"CA","agent":{"iataCode":"8120025","name":"CWT","id":67728120025,"bsp":{"isoCountryCode":"CH","name":"SWIT","id":6772}},"issuerName":"TRR","companyName":"provincia san anton","cardType":"Corporate","id":677200000000006,"effectiveFrom":"2022-01-25","cardNumber":"222240XXXXXX0005","bsp":{"isoCountryCode":"CH","name":"SWIT","id":6772},"status":"Active"},"bsp":{"isoCountryCode":"CH","name":"SWIT","id":6772},"status":"Inactive"},{"effectiveTo":"2022-12-22","level":"card","id":677200000005153,"airline":{"iataCode":"191","name":"Air XXXXX X.X.X. XXX XXX XXXXX X.X.X.","id":6772495749},"type":"no","effectiveFrom":"2022-12-21","card":{"expiryDate":"10/31","paymentNetwork":"VI","agent":{"iataCode":"8121080","name":"VIAXXXXXX XX","id":67728121080,"bsp":{"isoCountryCode":"CH","name":"SWIT","id":6772}},"issuerName":"PEPE","cardType":"Consumer","id":677200000000007,"effectiveFrom":"2022-02-02","cardNumber":"222240XXXXXX0005","bsp":{"isoCountryCode":"CH","name":"SWIT","id":6772},"status":"Active"},"bsp":{"isoCountryCode":"CH","name":"SWIT","id":6772},"status":"Inactive"},{"effectiveTo":"2022-12-22","level":"card","id":677200000005305,"airline":{"iataCode":"191","name":"Air XXXXX X.X.X. XXX XXX XXXXX X.X.X.","id":6772495749},"type":"no","effectiveFrom":"2022-12-21","card":{"expiryDate":"12/34","paymentNetwork":"VI","agent":{"iataCode":"8127904","name":"VOYXXXXXXX","id":67728127904,"bsp":{"isoCountryCode":"CH","name":"SWIT","id":6772}},"issuerName":"CARLOS","companyName":"Accelya","cardType":"Corporate","id":677200000000008,"effectiveFrom":"2022-02-02","cardNumber":"222240XXXXXX0005","bsp":{"isoCountryCode":"CH","name":"SWIT","id":6772},"status":"Active"},"bsp":{"isoCountryCode":"CH","name":"SWIT","id":6772},"status":"Inactive"},{"effectiveTo":"2022-12-22","level":"card","id":677200000005457,"airline":{"iataCode":"191","name":"Air XXXXX X.X.X. XXX XXX XXXXX X.X.X.","id":6772495749},"type":"no","effectiveFrom":"2022-12-21","card":{"expiryDate":"11/31","paymentNetwork":"VI","agent":{"iataCode":"8127904","name":"VOYXXXXXXX","id":67728127904,"bsp":{"isoCountryCode":"CH","name":"SWIT","id":6772}},"issuerName":"CARLOS","companyName":"Accelya","cardType":"Corporate","id":677200000000009,"effectiveFrom":"2022-02-02","cardNumber":"222240XXXXXX0005","bsp":{"isoCountryCode":"CH","name":"SWIT","id":6772},"status":"Active"},"bsp":{"isoCountryCode":"CH","name":"SWIT","id":6772},"status":"Inactive"},{"effectiveTo":"2022-12-22","level":"country","id":677200000005609,"airline":{"iataCode":"191","name":"Air XXXXX X.X.X. XXX XXX XXXXX X.X.X.","id":6772495749},"type":"no","effectiveFrom":"2022-12-21","bsp":{"isoCountryCode":"CH","name":"SWIT","id":6772},"status":"Inactive"},{"effectiveTo":"2022-12-22","level":"card","id":677200000005750,"airline":{"iataCode":"191","name":"Air XXXXX X.X.X. XXX XXX XXXXX X.X.X.","id":6772495749},"type":"no","effectiveFrom":"2022-12-21","card":{"paymentNetwork":"AX","agent":{"iataCode":"8120012","name":"ATG XXXXXXXXXXX","id":67728120012,"bsp":{"isoCountryCode":"CH","name":"SWIT","id":6772}},"issuerName":"AX","companyName":"AX","cardType":"Corporate","expiryDate":"12/23","effectiveTo":"2023-05-02","id":677200000000012,"effectiveFrom":"2022-06-07","cardNumber":"222240XXXXXX0005","bsp":{"isoCountryCode":"CH","name":"SWIT","id":6772},"terminationReason":"test","status":"Inactive"},"bsp":{"isoCountryCode":"CH","name":"SWIT","id":6772},"status":"Inactive"},{"effectiveTo":"2022-12-22","level":"card","id":677200000005869,"airline":{"iataCode":"191","name":"Air XXXXX X.X.X. XXX XXX XXXXX X.X.X.","id":6772495749},"type":"no","effectiveFrom":"2022-12-21","card":{"paymentNetwork":"AX","agent":{"iataCode":"8120012","name":"ATG XXXXXXXXXXX","id":67728120012,"bsp":{"isoCountryCode":"CH","name":"SWIT","id":6772}},"issuerName":"AX","companyName":"AX","cardType":"Corporate","expiryDate":"12/23","effectiveTo":"2023-08-08","id":677200000000013,"effectiveFrom":"2022-06-08","cardNumber":"222240XXXXXX0005","bsp":{"isoCountryCode":"CH","name":"SWIT","id":6772},"terminationReason":"Card Replaced / Changed Bank","status":"Inactive"},"bsp":{"isoCountryCode":"CH","name":"SWIT","id":6772},"status":"Inactive"},{"effectiveTo":"2022-12-22","level":"card","id":677200000005988,"airline":{"iataCode":"191","name":"Air XXXXX X.X.X. XXX XXX XXXXX X.X.X.","id":6772495749},"type":"no","effectiveFrom":"2022-12-21","card":{"expiryDate":"11/24","paymentNetwork":"VI","effectiveTo":"2023-07-24","agent":{"iataCode":"8120012","name":"ATG XXXXXXXXXXX","id":67728120012,"bsp":{"isoCountryCode":"CH","name":"SWIT","id":6772}},"issuerName":"VI","cardType":"Consumer","id":677200000000014,"effectiveFrom":"2022-06-07","cardNumber":"222240XXXXXX0005","bsp":{"isoCountryCode":"CH","name":"SWIT","id":6772},"terminationReason":"Airline(s) didn't give consent","status":"Inactive"},"bsp":{"isoCountryCode":"CH","name":"SWIT","id":6772},"status":"Inactive"},{"effectiveTo":"2022-12-22","level":"card","id":677200000006107,"airline":{"iataCode":"191","name":"Air XXXXX X.X.X. XXX XXX XXXXX X.X.X.","id":6772495749},"type":"no","effectiveFrom":"2022-12-21","card":{"expiryDate":"08/23","paymentNetwork":"CA","effectiveTo":"2023-07-24","agent":{"iataCode":"8120012","name":"ATG XXXXXXXXXXX","id":67728120012,"bsp":{"isoCountryCode":"CH","name":"SWIT","id":6772}},"issuerName":"CA","cardType":"Consumer","id":677200000000015,"effectiveFrom":"2022-06-07","cardNumber":"222240XXXXXX0005","bsp":{"isoCountryCode":"CH","name":"SWIT","id":6772},"terminationReason":"Airline(s) didn't give consent","status":"Inactive"},"bsp":{"isoCountryCode":"CH","name":"SWIT","id":6772},"status":"Inactive"},{"effectiveTo":"2022-12-22","level":"card","id":677200000006226,"airline":{"iataCode":"191","name":"Air XXXXX X.X.X. XXX XXX XXXXX X.X.X.","id":6772495749},"type":"no","effectiveFrom":"2022-12-21","card":{"expiryDate":"07/23","paymentNetwork":"CA","effectiveTo":"2023-07-21","agent":{"iataCode":"8120012","name":"ATG XXXXXXXXXXX","id":67728120012,"bsp":{"isoCountryCode":"CH","name":"SWIT","id":6772}},"issuerName":"NEWFIVE","cardType":"Consumer","id":677200000000020,"effectiveFrom":"2022-10-13","cardNumber":"222240XXXXXX0005","bsp":{"isoCountryCode":"CH","name":"SWIT","id":6772},"terminationReason":"Customer Card enrolled by error","status":"Inactive"},"bsp":{"isoCountryCode":"CH","name":"SWIT","id":6772},"status":"Inactive"},{"effectiveTo":"2022-12-22","level":"card","id":677200000006345,"airline":{"iataCode":"191","name":"Air XXXXX X.X.X. XXX XXX XXXXX X.X.X.","id":6772495749},"type":"no","effectiveFrom":"2022-12-21","card":{"expiryDate":"06/27","paymentNetwork":"CA","effectiveTo":"2023-07-21","agent":{"iataCode":"8120012","name":"ATG XXXXXXXXXXX","id":67728120012,"bsp":{"isoCountryCode":"CH","name":"SWIT","id":6772}},"issuerName":"NEWSIX - CHECK NOTIFICATION","cardType":"Consumer","id":677200000000021,"effectiveFrom":"2022-10-13","cardNumber":"222240XXXXXX0005","bsp":{"isoCountryCode":"CH","name":"SWIT","id":6772},"terminationReason":"Card Replaced / Changed Bank","status":"Inactive"},"bsp":{"isoCountryCode":"CH","name":"SWIT","id":6772},"status":"Inactive"},{"level":"country","id":677200000006483,"airline":{"iataCode":"191","name":"Air XXXXX X.X.X. XXX XXX XXXXX X.X.X.","id":6772495749},"type":"no","effectiveFrom":"2023-03-15","bsp":{"isoCountryCode":"CH","name":"SWIT","id":6772},"status":"Active"}]

09-10-2024T20:54:38 - [TEST_STEP][PASSED] - missingIDsList = getTestCaseVariables().get("missing_IDs"): null

09-10-2024T20:54:38 - [TEST_STEP][FAILED] - missingIDsList.each({ java.lang.Object id -> ... }): ID Missing -> 677210000011614

09-10-2024T20:54:38 - [MESSAGE][FAILED] - ID Missing -> 677210000002140

09-10-2024T20:54:38 - [MESSAGE][FAILED] - ID Missing -> 677210000010697

09-10-2024T20:54:38 - [MESSAGE][FAILED] - ID Missing -> 677210000010765

09-10-2024T20:54:38 - [MESSAGE][FAILED] - ID Missing -> 677210000010846

09-10-2024T20:54:38 - [MESSAGE][FAILED] - ID Missing -> 677210000010887

09-10-2024T20:54:38 - [MESSAGE][FAILED] - ID Missing -> 677210000010890

09-10-2024T20:54:38 - [MESSAGE][FAILED] - ID Missing -> 677210000010968

09-10-2024T20:54:38 - [MESSAGE][FAILED] - ID Missing -> 677210000011075

09-10-2024T20:54:38 - [MESSAGE][FAILED] - ID Missing -> 677210000011081

09-10-2024T20:54:38 - [MESSAGE][FAILED] - ID Missing -> 677210000011614

09-10-2024T20:54:38 - [TEST_STEP][PASSED] - fieldsToBeIgnoredList = getTestCaseVariables().get("fieldsToBeIgnoredList"): null

09-10-2024T20:54:38 - [TEST_STEP][FAILED] - fieldsToBeIgnoredList.each({ java.lang.Object fieldName -> ... }): Field Ignored -> bsp.name

09-10-2024T20:54:38 - [MESSAGE][FAILED] - Field Ignored -> card.cardNumber

09-10-2024T20:54:38 - [MESSAGE][FAILED] - Field Ignored -> bsp.name

09-10-2024T20:54:38 - [TEST_STEP][PASSED] - uniqueKey = getTestCaseVariables().get("keyToSort"): null

09-10-2024T20:54:38 - [TEST_STEP][PASSED] - failedList = getTestCaseVariables().get("failedList"): null

09-10-2024T20:54:38 - [TEST_STEP][FAILED] - markFailed("failedList.size() " + failedList.size()): failedList.size() 104

09-10-2024T20:54:38 - [MESSAGE][FAILED] - failedList.size() 104

09-10-2024T20:54:38 - [TEST_STEP][PASSED] - hashMapF1 = new java.util.HashMap(): null

09-10-2024T20:54:38 - [TEST_STEP][PASSED] - hashMapF2 = new java.util.HashMap(): null

09-10-2024T20:54:38 - [TEST_STEP][PASSED] - failedList.forEach({ java.lang.Object failedF -> ... }): null

09-10-2024T20:54:38 - [TEST_STEP][FAILED] - keySet().forEach({ java.lang.Object key -> ... }): Key [9].card.agent.iataCode | Value from QA -> 8120025 | Value from QAMIG -> 8121080

09-10-2024T20:54:38 - [MESSAGE][FAILED] - Key [28].card.cardNumber | Value from QA -> 519396XXXXXX3484 | Value from QAMIG -> 222240XXXXXX0005

09-10-2024T20:54:38 - [MESSAGE][FAILED] - Key [15].card.cardNumber | Value from QA -> 376010XXXXX1003 | Value from QAMIG -> 222240XXXXXX0005

09-10-2024T20:54:38 - [MESSAGE][FAILED] - Key [11].card.agent.name | Value from QA -> VOYXXXXXXX | Value from QAMIG -> VIAXXXXXX XX

09-10-2024T20:54:38 - [MESSAGE][FAILED] - Key [1].level | Value from QA -> card | Value from QAMIG -> country

09-10-2024T20:54:38 - [MESSAGE][FAILED] - Key [8].card.cardNumber | Value from QA -> 519396XXXXXX3485 | Value from QAMIG -> 222240XXXXXX0005

09-10-2024T20:54:38 - [MESSAGE][FAILED] - Key [11].card.agent.id | Value from QA -> 67728127904 | Value from QAMIG -> 67728121080

09-10-2024T20:54:38 - [MESSAGE][FAILED] - Key [9].card.cardNumber | Value from QA -> 519123XXXXXX4011 | Value from QAMIG -> 222240XXXXXX0005

09-10-2024T20:54:38 - [MESSAGE][FAILED] - Key total | Value from QA -> 45 | Value from QAMIG -> 55

09-10-2024T20:54:38 - [MESSAGE][FAILED] - Key [11].card.cardNumber | Value from QA -> 456480XXXXXX6349 | Value from QAMIG -> 222240XXXXXX0005

09-10-2024T20:54:38 - [MESSAGE][FAILED] - Key [9].card.agent.id | Value from QA -> 67728120025 | Value from QAMIG -> 67728121080

09-10-2024T20:54:38 - [MESSAGE][FAILED] - Key [0].bsp.name | Value from QA -> SWITZERLAND | Value from QAMIG -> SWIT

09-10-2024T20:54:38 - [MESSAGE][FAILED] - Key [9].card.agent.name | Value from QA -> CWT | Value from QAMIG -> VIAXXXXXX XX

09-10-2024T20:54:38 - [MESSAGE][FAILED] - Key [11].card.agent.iataCode | Value from QA -> 8127904 | Value from QAMIG -> 8121080

09-10-2024T20:54:38 - [MESSAGE][FAILED] - Key [9].card.agent.iataCode | Value from QA -> 8120025 | Value from QAMIG -> 8121080

09-10-2024T20:54:38 - [TEST_STEP][PASSED] - hashMapFEx1 = new java.util.HashMap(): null

09-10-2024T20:54:38 - [TEST_STEP][PASSED] - hashMapFEx2 = new java.util.HashMap(): null

09-10-2024T20:54:38 - [TEST_STEP][PASSED] - failedList.forEach({ java.lang.Object failedF -> ... }): null

09-10-2024T20:54:38 - [TEST_STEP][PASSED] - keySet().forEach({ java.lang.Object key -> ... }): reporting.ExtentReporting.logFailedData is PASSED

09-10-2024T20:54:38 - [MESSAGE][PASSED] - reporting.ExtentReporting.logFailedData is PASSED

09-10-2024T20:54:38 - [MESSAGE][PASSED] - reporting.ExtentReporting.logFailedData is PASSED

09-10-2024T20:54:38 - [MESSAGE][PASSED] - reporting.ExtentReporting.logFailedData is PASSED

09-10-2024T20:54:38 - [MESSAGE][PASSED] - reporting.ExtentReporting.logFailedData is PASSED

09-10-2024T20:54:38 - [MESSAGE][PASSED] - reporting.ExtentReporting.logFailedData is PASSED

09-10-2024T20:54:38 - [MESSAGE][PASSED] - reporting.ExtentReporting.logFailedData is PASSED

09-10-2024T20:54:38 - [MESSAGE][PASSED] - reporting.ExtentReporting.logFailedData is PASSED

09-10-2024T20:54:38 - [MESSAGE][PASSED] - reporting.ExtentReporting.logFailedData is PASSED

09-10-2024T20:54:38 - [MESSAGE][PASSED] - reporting.ExtentReporting.logFailedData is PASSED

09-10-2024T20:54:38 - [MESSAGE][PASSED] - reporting.ExtentReporting.logFailedData is PASSED

09-10-2024T20:54:38 - [MESSAGE][PASSED] - reporting.ExtentReporting.logFailedData is PASSED

09-10-2024T20:54:38 - [MESSAGE][PASSED] - reporting.ExtentReporting.logFailedData is PASSED

09-10-2024T20:54:38 - [MESSAGE][PASSED] - reporting.ExtentReporting.logFailedData is PASSED

09-10-2024T20:54:38 - [MESSAGE][PASSED] - reporting.ExtentReporting.logFailedData is PASSED

09-10-2024T20:54:38 - [MESSAGE][PASSED] - reporting.ExtentReporting.logFailedData is PASSED

09-10-2024T20:54:38 - [MESSAGE][PASSED] - reporting.ExtentReporting.logFailedData is PASSED

09-10-2024T20:54:38 - [MESSAGE][PASSED] - reporting.ExtentReporting.logFailedData is PASSED

09-10-2024T20:54:38 - [MESSAGE][PASSED] - reporting.ExtentReporting.logFailedData is PASSED

09-10-2024T20:54:38 - [MESSAGE][PASSED] - reporting.ExtentReporting.logFailedData is PASSED

09-10-2024T20:54:38 - [MESSAGE][PASSED] - reporting.ExtentReporting.logFailedData is PASSED

09-10-2024T20:54:38 - [MESSAGE][PASSED] - reporting.ExtentReporting.logFailedData is PASSED

09-10-2024T20:54:38 - [MESSAGE][PASSED] - reporting.ExtentReporting.logFailedData is PASSED

09-10-2024T20:54:38 - [MESSAGE][PASSED] - reporting.ExtentReporting.logFailedData is PASSED

09-10-2024T20:54:38 - [MESSAGE][PASSED] - reporting.ExtentReporting.logFailedData is PASSED

09-10-2024T20:54:38 - [MESSAGE][PASSED] - reporting.ExtentReporting.logFailedData is PASSED

09-10-2024T20:54:38 - [MESSAGE][PASSED] - reporting.ExtentReporting.logFailedData is PASSED

09-10-2024T20:54:38 - [MESSAGE][PASSED] - reporting.ExtentReporting.logFailedData is PASSED

09-10-2024T20:54:38 - [MESSAGE][PASSED] - reporting.ExtentReporting.logFailedData is PASSED

09-10-2024T20:54:38 - [MESSAGE][PASSED] - reporting.ExtentReporting.logFailedData is PASSED

09-10-2024T20:54:38 - [MESSAGE][PASSED] - reporting.ExtentReporting.logFailedData is PASSED

09-10-2024T20:54:38 - [MESSAGE][PASSED] - reporting.ExtentReporting.logFailedData is PASSED

09-10-2024T20:54:38 - [MESSAGE][PASSED] - reporting.ExtentReporting.logFailedData is PASSED

09-10-2024T20:54:38 - [MESSAGE][PASSED] - reporting.ExtentReporting.logFailedData is PASSED

09-10-2024T20:54:38 - [MESSAGE][PASSED] - reporting.ExtentReporting.logFailedData is PASSED

09-10-2024T20:54:38 - [MESSAGE][PASSED] - reporting.ExtentReporting.logFailedData is PASSED

09-10-2024T20:54:38 - [MESSAGE][PASSED] - reporting.ExtentReporting.logFailedData is PASSED

09-10-2024T20:54:38 - [MESSAGE][PASSED] - reporting.ExtentReporting.logFailedData is PASSED

09-10-2024T20:54:38 - [MESSAGE][PASSED] - reporting.ExtentReporting.logFailedData is PASSED

09-10-2024T20:54:38 - [MESSAGE][PASSED] - reporting.ExtentReporting.logFailedData is PASSED

09-10-2024T20:54:38 - [MESSAGE][PASSED] - reporting.ExtentReporting.logFailedData is PASSED

09-10-2024T20:54:38 - [MESSAGE][PASSED] - reporting.ExtentReporting.logFailedData is PASSED

09-10-2024T20:54:38 - [MESSAGE][PASSED] - reporting.ExtentReporting.logFailedData is PASSED

09-10-2024T20:54:38 - [MESSAGE][PASSED] - reporting.ExtentReporting.logFailedData is PASSED

09-10-2024T20:54:38 - [MESSAGE][PASSED] - reporting.ExtentReporting.logFailedData is PASSED

09-10-2024T20:54:38 - [MESSAGE][PASSED] - reporting.ExtentReporting.logFailedData is PASSED

09-10-2024T20:54:38 - [MESSAGE][PASSED] - reporting.ExtentReporting.logFailedData is PASSED

09-10-2024T20:54:38 - [MESSAGE][PASSED] - reporting.ExtentReporting.logFailedData is PASSED

09-10-2024T20:54:38 - [MESSAGE][PASSED] - reporting.ExtentReporting.logFailedData is PASSED

09-10-2024T20:54:38 - [MESSAGE][PASSED] - reporting.ExtentReporting.logFailedData is PASSED

09-10-2024T20:54:38 - [MESSAGE][PASSED] - reporting.ExtentReporting.logFailedData is PASSED

09-10-2024T20:54:38 - [MESSAGE][PASSED] - reporting.ExtentReporting.logFailedData is PASSED

09-10-2024T20:54:38 - [MESSAGE][PASSED] - reporting.ExtentReporting.logFailedData is PASSED

09-10-2024T20:54:38 - [MESSAGE][PASSED] - reporting.ExtentReporting.logFailedData is PASSED

09-10-2024T20:54:38 - [MESSAGE][PASSED] - reporting.ExtentReporting.logFailedData is PASSED

09-10-2024T20:54:38 - [MESSAGE][PASSED] - reporting.ExtentReporting.logFailedData is PASSED

09-10-2024T20:54:38 - [MESSAGE][PASSED] - reporting.ExtentReporting.logFailedData is PASSED

09-10-2024T20:54:38 - [MESSAGE][PASSED] - reporting.ExtentReporting.logFailedData is PASSED

09-10-2024T20:54:38 - [MESSAGE][PASSED] - reporting.ExtentReporting.logFailedData is PASSED

09-10-2024T20:54:38 - [MESSAGE][PASSED] - reporting.ExtentReporting.logFailedData is PASSED

09-10-2024T20:54:38 - [MESSAGE][PASSED] - reporting.ExtentReporting.logFailedData is PASSED

09-10-2024T20:54:38 - [MESSAGE][PASSED] - reporting.ExtentReporting.logFailedData is PASSED

09-10-2024T20:54:38 - [MESSAGE][PASSED] - reporting.ExtentReporting.logFailedData is PASSED

09-10-2024T20:54:38 - [MESSAGE][PASSED] - reporting.ExtentReporting.logFailedData is PASSED

09-10-2024T20:54:38 - [MESSAGE][PASSED] - reporting.ExtentReporting.logFailedData is PASSED

09-10-2024T20:54:38 - [MESSAGE][PASSED] - reporting.ExtentReporting.logFailedData is PASSED

09-10-2024T20:54:38 - [MESSAGE][PASSED] - reporting.ExtentReporting.logFailedData is PASSED

09-10-2024T20:54:38 - [MESSAGE][PASSED] - reporting.ExtentReporting.logFailedData is PASSED

09-10-2024T20:54:38 - [MESSAGE][PASSED] - reporting.ExtentReporting.logFailedData is PASSED

09-10-2024T20:54:38 - [MESSAGE][PASSED] - reporting.ExtentReporting.logFailedData is PASSED

09-10-2024T20:54:38 - [MESSAGE][PASSED] - reporting.ExtentReporting.logFailedData is PASSED

09-10-2024T20:54:38 - [MESSAGE][PASSED] - reporting.ExtentReporting.logFailedData is PASSED

09-10-2024T20:54:38 - [MESSAGE][PASSED] - reporting.ExtentReporting.logFailedData is PASSED

09-10-2024T20:54:38 - [MESSAGE][PASSED] - reporting.ExtentReporting.logFailedData is PASSED

09-10-2024T20:54:38 - [MESSAGE][PASSED] - reporting.ExtentReporting.logFailedData is PASSED

09-10-2024T20:54:38 - [MESSAGE][PASSED] - reporting.ExtentReporting.logFailedData is PASSED

09-10-2024T20:54:38 - [MESSAGE][PASSED] - reporting.ExtentReporting.logFailedData is PASSED

09-10-2024T20:54:38 - [MESSAGE][PASSED] - reporting.ExtentReporting.logFailedData is PASSED

09-10-2024T20:54:38 - [MESSAGE][PASSED] - reporting.ExtentReporting.logFailedData is PASSED

09-10-2024T20:54:38 - [MESSAGE][PASSED] - reporting.ExtentReporting.logFailedData is PASSED

09-10-2024T20:54:38 - [MESSAGE][PASSED] - reporting.ExtentReporting.logFailedData is PASSED

09-10-2024T20:54:38 - [MESSAGE][PASSED] - reporting.ExtentReporting.logFailedData is PASSED

09-10-2024T20:54:38 - [MESSAGE][PASSED] - reporting.ExtentReporting.logFailedData is PASSED

09-10-2024T20:54:38 - [MESSAGE][PASSED] - reporting.ExtentReporting.logFailedData is PASSED

09-10-2024T20:54:38 - [MESSAGE][PASSED] - reporting.ExtentReporting.logFailedData is PASSED

09-10-2024T20:54:38 - [MESSAGE][PASSED] - reporting.ExtentReporting.logFailedData is PASSED

09-10-2024T20:54:38 - [MESSAGE][PASSED] - reporting.ExtentReporting.logFailedData is PASSED

09-10-2024T20:54:38 - [MESSAGE][PASSED] - reporting.ExtentReporting.logFailedData is PASSED

09-10-2024T20:54:38 - [MESSAGE][PASSED] - reporting.ExtentReporting.logFailedData is PASSED

09-10-2024T20:54:38 - [MESSAGE][PASSED] - reporting.ExtentReporting.logFailedData is PASSED

09-10-2024T20:54:38 - [MESSAGE][PASSED] - reporting.ExtentReporting.logFailedData is PASSED

09-10-2024T20:54:38 - [MESSAGE][PASSED] - reporting.ExtentReporting.logFailedData is PASSED

09-10-2024T20:54:38 - [MESSAGE][PASSED] - reporting.ExtentReporting.logFailedData is PASSED

09-10-2024T20:54:38 - [MESSAGE][PASSED] - reporting.ExtentReporting.logFailedData is PASSED

09-10-2024T20:54:38 - [MESSAGE][PASSED] - reporting.ExtentReporting.logFailedData is PASSED

09-10-2024T20:54:38 - [MESSAGE][PASSED] - reporting.ExtentReporting.logFailedData is PASSED

09-10-2024T20:54:38 - [MESSAGE][PASSED] - reporting.ExtentReporting.logFailedData is PASSED

09-10-2024T20:54:38 - [MESSAGE][PASSED] - reporting.ExtentReporting.logFailedData is PASSED

09-10-2024T20:54:38 - [MESSAGE][PASSED] - reporting.ExtentReporting.logFailedData is PASSED

09-10-2024T20:54:38 - [MESSAGE][PASSED] - reporting.ExtentReporting.logFailedData is PASSED

09-10-2024T20:54:38 - [MESSAGE][PASSED] - reporting.ExtentReporting.logFailedData is PASSED

09-10-2024T20:54:38 - [MESSAGE][PASSED] - reporting.ExtentReporting.logFailedData is PASSED

09-10-2024T20:54:38 - [MESSAGE][PASSED] - reporting.ExtentReporting.logFailedData is PASSED

09-10-2024T20:54:38 - [MESSAGE][PASSED] - reporting.ExtentReporting.logFailedData is PASSED

09-10-2024T20:54:38 - [MESSAGE][PASSED] - reporting.ExtentReporting.logFailedData is PASSED

09-10-2024T20:54:38 - [TEST_STEP][PASSED] - missingList = getTestCaseVariables().get("missingList"): null

09-10-2024T20:54:38 - [TEST_STEP][FAILED] - markFailed("missingList.size() " + missingList.size()): missingList.size() 40

09-10-2024T20:54:38 - [MESSAGE][FAILED] - missingList.size() 40

09-10-2024T20:54:38 - [TEST_STEP][PASSED] - hashMapM = new java.util.HashMap(): null

09-10-2024T20:54:38 - [TEST_STEP][PASSED] - missingAll = new java.util.LinkedHashMap(): null

09-10-2024T20:54:38 - [TEST_STEP][PASSED] - c = 0: null

09-10-2024T20:54:38 - [TEST_STEP][PASSED] - if (missingList.size() > 0): null

09-10-2024T20:54:38 - [TEST_STEP][PASSED] - missingList.forEach({ java.lang.Object missingF -> ... }): null

09-10-2024T20:54:38 - [TEST_STEP][FAILED] - markFailed("Missing from QAMIG size -> " + hashMapM.size()): Missing from QAMIG size -> 2

09-10-2024T20:54:38 - [MESSAGE][FAILED] - Missing from QAMIG size -> 2

09-10-2024T20:54:38 - [TEST_STEP][FAILED] - markFailed("Missing from QAMIG -> " + hashMapM): Missing from QAMIG -> [[8].card.agent:active, [1]:card]

09-10-2024T20:54:38 - [MESSAGE][FAILED] - Missing from QAMIG -> [[8].card.agent:active, [1]:card]

09-10-2024T20:54:38 - [TEST_STEP][PASSED] - if (hashMapM.size() > 0): reporting.ExtentReporting.logMissingData is PASSED

09-10-2024T20:54:38 - [TEST_STEP][PASSED] - reporting.ExtentReporting.logMissingData("Missing from QAMIG", "" + hashMapM): reporting.ExtentReporting.logMissingData is PASSED

09-10-2024T20:54:38 - [MESSAGE][PASSED] - reporting.ExtentReporting.logMissingData is PASSED

09-10-2024T20:54:38 - [TEST_STEP][PASSED] - reporting.ExtentReporting.logMissingData("Missing fields in QAMIG", "" + missingAll): reporting.ExtentReporting.logMissingData is PASSED

09-10-2024T20:54:38 - [MESSAGE][PASSED] - reporting.ExtentReporting.logMissingData is PASSED

09-10-2024T20:54:38 - [TEST_STEP][PASSED] - unexpectedList = getTestCaseVariables().get("unexpectedList"): null

09-10-2024T20:54:38 - [TEST_STEP][FAILED] - markFailed("unexpectedList.size() " + unexpectedList.size()): unexpectedList.size() 210

09-10-2024T20:54:38 - [MESSAGE][FAILED] - unexpectedList.size() 210

09-10-2024T20:54:38 - [TEST_STEP][PASSED] - hashMapU = new java.util.HashMap(): null

09-10-2024T20:54:38 - [TEST_STEP][PASSED] - if (unexpectedList.size() > 0): null

09-10-2024T20:54:38 - [TEST_STEP][PASSED] - unexpectedList.forEach({ java.lang.Object unexpectedF -> ... }): null

09-10-2024T20:54:38 - [TEST_STEP][FAILED] - markFailed("Missing from QA size -> " + hashMapU.size()): Missing from QA size -> 6

09-10-2024T20:54:38 - [MESSAGE][FAILED] - Missing from QA size -> 6

09-10-2024T20:54:38 - [TEST_STEP][FAILED] - markFailed("Missing from QA -> " + hashMapU): Missing from QA -> [[15].card:effectiveTo, [8].card.agent.bsp:name, [8].card.bsp:isoCountryCode, [9].card:status, [10].card:effectiveFrom, [8].card:terminationReason]

09-10-2024T20:54:38 - [MESSAGE][FAILED] - Missing from QA -> [[15].card:effectiveTo, [8].card.agent.bsp:name, [8].card.bsp:isoCountryCode, [9].card:status, [10].card:effectiveFrom, [8].card:terminationReason]

09-10-2024T20:54:38 - [TEST_STEP][PASSED] - missing_IDs = getTestCaseVariables().get("missing_IDs"): null

09-10-2024T20:54:38 - [TEST_STEP][PASSED] - if (missing_IDs.size() > 0): reporting.ExtentReporting.logMissingData is PASSED

09-10-2024T20:54:38 - [TEST_STEP][PASSED] - reporting.ExtentReporting.logMissingData("Missing IDs", "" + missing_IDs): reporting.ExtentReporting.logMissingData is PASSED

09-10-2024T20:54:38 - [MESSAGE][PASSED] - reporting.ExtentReporting.logMissingData is PASSED

09-10-2024T20:54:38 - [TEST_STEP][PASSED] - reporting.ExtentReporting.testStatus("FAIL", testCaseContext.getMessage()): reporting.ExtentReporting.testStatus is PASSED

09-10-2024T20:54:38 - [MESSAGE][PASSED] - reporting.ExtentReporting.testStatus is PASSED

09-10-2024T20:54:38 - [TEST_STEP][PASSED] - if (extentFlag.equals("y")): Invoke 'com.kms.katalon.core.annotation.AfterTestCase' method: 'TestListener.afterTestCase(...)' completed.

09-10-2024T20:54:38 - [TEST_STEP][PASSED] - reporting.ExtentReporting.endTest(): Invoke 'com.kms.katalon.core.annotation.AfterTestCase' method: 'TestListener.afterTestCase(...)' completed.

09-10-2024T20:54:38 - [MESSAGE][PASSED] - reporting.ExtentReporting.endTest is PASSED

09-10-2024T20:54:38 - [MESSAGE][INFO] - Invoke 'com.kms.katalon.core.annotation.AfterTestCase' method: 'TestListener.afterTestCase(...)' completed.]]></system-out>
         <system-err><![CDATA[09-10-2024T20:54:27 - [TEST_CASE][FAILED] - Test Cases/TIP_Management/card-consents/FCA_15723_GET_TIP_Card_Consents: Test Cases/TIP_Management/card-consents/FCA_15723_GET_TIP_Card_Consents FAILED.
Reason:
com.kms.katalon.core.exception.StepFailedException: There are 45 RECORDS in QA and 55 RECORDS in QAMIG
	at com.kms.katalon.core.util.KeywordUtil.markFailed(KeywordUtil.java:19)
	at Script1720599623761$_run_closure1.doCall(Script1720599623761.groovy:120)
	at java.base/jdk.internal.reflect.NativeMethodAccessorImpl.invoke0(Native Method)
	at java.base/jdk.internal.reflect.NativeMethodAccessorImpl.invoke(NativeMethodAccessorImpl.java:77)
	at java.base/jdk.internal.reflect.DelegatingMethodAccessorImpl.invoke(DelegatingMethodAccessorImpl.java:43)
	at FCA_15723_GET_TIP_Card_Consents.run(FCA_15723_GET_TIP_Card_Consents:92)
	at com.kms.katalon.core.main.ScriptEngine.run(ScriptEngine.java:194)
	at com.kms.katalon.core.main.ScriptEngine.runScriptAsRawText(ScriptEngine.java:119)
	at com.kms.katalon.core.main.TestCaseExecutor.runScript(TestCaseExecutor.java:448)
	at com.kms.katalon.core.main.TestCaseExecutor.doExecute(TestCaseExecutor.java:439)
	at com.kms.katalon.core.main.TestCaseExecutor.processExecutionPhase(TestCaseExecutor.java:418)
	at com.kms.katalon.core.main.TestCaseExecutor.accessMainPhase(TestCaseExecutor.java:410)
	at com.kms.katalon.core.main.TestCaseExecutor.execute(TestCaseExecutor.java:285)
	at com.kms.katalon.core.common.CommonExecutor.accessTestCaseMainPhase(CommonExecutor.java:65)
	at com.kms.katalon.core.main.TestSuiteExecutor.accessTestSuiteMainPhase(TestSuiteExecutor.java:150)
	at com.kms.katalon.core.main.TestSuiteExecutor.execute(TestSuiteExecutor.java:106)
	at com.kms.katalon.core.main.TestCaseMain.startTestSuite(TestCaseMain.java:180)
	at TempTestSuite1728487461071.run(TempTestSuite1728487461071.groovy:35)
	at java.base/jdk.internal.reflect.NativeMethodAccessorImpl.invoke0(Native Method)
	at java.base/jdk.internal.reflect.NativeMethodAccessorImpl.invoke(NativeMethodAccessorImpl.java:77)
	at java.base/jdk.internal.reflect.DelegatingMethodAccessorImpl.invoke(DelegatingMethodAccessorImpl.java:43)]]></system-err>
      </testcase>
      <system-out><![CDATA[09-10-2024T20:54:26 - [TEST_SUITE][FAILED] - card-consents: Test Cases/TIP_Management/card-consents/FCA_15723_GET_TIP_Card_Consents FAILED.
Reason:
com.kms.katalon.core.exception.StepFailedException: There are 45 RECORDS in QA and 55 RECORDS in QAMIG
	at com.kms.katalon.core.util.KeywordUtil.markFailed(KeywordUtil.java:19)
	at Script1720599623761$_run_closure1.doCall(Script1720599623761.groovy:120)
	at java.base/jdk.internal.reflect.NativeMethodAccessorImpl.invoke0(Native Method)
	at java.base/jdk.internal.reflect.NativeMethodAccessorImpl.invoke(NativeMethodAccessorImpl.java:77)
	at java.base/jdk.internal.reflect.DelegatingMethodAccessorImpl.invoke(DelegatingMethodAccessorImpl.java:43)
	at FCA_15723_GET_TIP_Card_Consents.run(FCA_15723_GET_TIP_Card_Consents:92)
	at com.kms.katalon.core.main.ScriptEngine.run(ScriptEngine.java:194)
	at com.kms.katalon.core.main.ScriptEngine.runScriptAsRawText(ScriptEngine.java:119)
	at com.kms.katalon.core.main.TestCaseExecutor.runScript(TestCaseExecutor.java:448)
	at com.kms.katalon.core.main.TestCaseExecutor.doExecute(TestCaseExecutor.java:439)
	at com.kms.katalon.core.main.TestCaseExecutor.processExecutionPhase(TestCaseExecutor.java:418)
	at com.kms.katalon.core.main.TestCaseExecutor.accessMainPhase(TestCaseExecutor.java:410)
	at com.kms.katalon.core.main.TestCaseExecutor.execute(TestCaseExecutor.java:285)
	at com.kms.katalon.core.common.CommonExecutor.accessTestCaseMainPhase(CommonExecutor.java:65)
	at com.kms.katalon.core.main.TestSuiteExecutor.accessTestSuiteMainPhase(TestSuiteExecutor.java:150)
	at com.kms.katalon.core.main.TestSuiteExecutor.execute(TestSuiteExecutor.java:106)
	at com.kms.katalon.core.main.TestCaseMain.startTestSuite(TestCaseMain.java:180)
	at TempTestSuite1728487461071.run(TempTestSuite1728487461071.groovy:35)
	at java.base/jdk.internal.reflect.NativeMethodAccessorImpl.invoke0(Native Method)
	at java.base/jdk.internal.reflect.NativeMethodAccessorImpl.invoke(NativeMethodAccessorImpl.java:77)
	at java.base/jdk.internal.reflect.DelegatingMethodAccessorImpl.invoke(DelegatingMethodAccessorImpl.java:43)]]></system-out>
      <system-err><![CDATA[09-10-2024T20:54:26 - [TEST_SUITE][FAILED] - card-consents: Test Cases/TIP_Management/card-consents/FCA_15723_GET_TIP_Card_Consents FAILED.
Reason:
com.kms.katalon.core.exception.StepFailedException: There are 45 RECORDS in QA and 55 RECORDS in QAMIG
	at com.kms.katalon.core.util.KeywordUtil.markFailed(KeywordUtil.java:19)
	at Script1720599623761$_run_closure1.doCall(Script1720599623761.groovy:120)
	at java.base/jdk.internal.reflect.NativeMethodAccessorImpl.invoke0(Native Method)
	at java.base/jdk.internal.reflect.NativeMethodAccessorImpl.invoke(NativeMethodAccessorImpl.java:77)
	at java.base/jdk.internal.reflect.DelegatingMethodAccessorImpl.invoke(DelegatingMethodAccessorImpl.java:43)
	at FCA_15723_GET_TIP_Card_Consents.run(FCA_15723_GET_TIP_Card_Consents:92)
	at com.kms.katalon.core.main.ScriptEngine.run(ScriptEngine.java:194)
	at com.kms.katalon.core.main.ScriptEngine.runScriptAsRawText(ScriptEngine.java:119)
	at com.kms.katalon.core.main.TestCaseExecutor.runScript(TestCaseExecutor.java:448)
	at com.kms.katalon.core.main.TestCaseExecutor.doExecute(TestCaseExecutor.java:439)
	at com.kms.katalon.core.main.TestCaseExecutor.processExecutionPhase(TestCaseExecutor.java:418)
	at com.kms.katalon.core.main.TestCaseExecutor.accessMainPhase(TestCaseExecutor.java:410)
	at com.kms.katalon.core.main.TestCaseExecutor.execute(TestCaseExecutor.java:285)
	at com.kms.katalon.core.common.CommonExecutor.accessTestCaseMainPhase(CommonExecutor.java:65)
	at com.kms.katalon.core.main.TestSuiteExecutor.accessTestSuiteMainPhase(TestSuiteExecutor.java:150)
	at com.kms.katalon.core.main.TestSuiteExecutor.execute(TestSuiteExecutor.java:106)
	at com.kms.katalon.core.main.TestCaseMain.startTestSuite(TestCaseMain.java:180)
	at TempTestSuite1728487461071.run(TempTestSuite1728487461071.groovy:35)
	at java.base/jdk.internal.reflect.NativeMethodAccessorImpl.invoke0(Native Method)
	at java.base/jdk.internal.reflect.NativeMethodAccessorImpl.invoke(NativeMethodAccessorImpl.java:77)
	at java.base/jdk.internal.reflect.DelegatingMethodAccessorImpl.invoke(DelegatingMethodAccessorImpl.java:43)]]></system-err>
   </testsuite>
</testsuites>
