<?xml version="1.0" encoding="UTF-8"?>
<testsuites name="card-consents" time="10.073" tests="1" failures="0" errors="0">
   <testsuite name="card-consents" tests="1" failures="0" errors="0" time="10.073" skipped="0" timestamp="07-10-2024T14:06:09" hostname="Mayuresh.Sonar - CCE1019.accelya.local" id="Test Suites/TIP_Management/card-consents">
      <properties>
         <property name="deviceName" value=""/>
         <property name="devicePlatform" value=""/>
         <property name="logFolder" value="C:\\Users\\mayuresh.sonar\\KatalonStudio\\DataMigration\\NFE-API-automationK\\Reports\\20241007_140604\\TIP_Management\\card-consents\\20241007_140604"/>
         <property name="logFiles" value="C:\\Users\\mayuresh.sonar\\KatalonStudio\\DataMigration\\NFE-API-automationK\\Reports\\20241007_140604\\TIP_Management\\card-consents\\20241007_140604\\execution0.log"/>
         <property name="attachments" value=""/>
         <property name="hostName" value="Mayuresh.Sonar - CCE1019.accelya.local"/>
         <property name="hostAddress" value="192.168.0.104"/>
         <property name="os" value="Windows 11 64bit"/>
         <property name="katalonVersion" value="9.4.4.212"/>
      </properties>
      <testcase name="Test Cases/TIP_Management/card-consents/FCA-15725_GET_TIP_Card_Consent_by_Id" time="9.547" classname="Test Cases/TIP_Management/card-consents/FCA-15725_GET_TIP_Card_Consent_by_Id" status="PASSED">
         <system-out><![CDATA[07-10-2024T14:06:09 - [TEST_CASE][PASSED] - Test Cases/TIP_Management/card-consents/FCA-15725_GET_TIP_Card_Consent_by_Id: Test Cases/TIP_Management/card-consents/FCA-15725_GET_TIP_Card_Consent_by_Id

07-10-2024T14:06:11 - [TEST_STEP][PASSED] - Start listener action : Before: Invoke 'com.kms.katalon.core.annotation.BeforeTestCase' method: 'TestListener.Before(...)' completed.

07-10-2024T14:06:11 - [MESSAGE][INFO] - Starting invoke 'com.kms.katalon.core.annotation.BeforeTestCase' method: 'TestListener.Before(...)'

07-10-2024T14:06:11 - [TEST_STEP][PASSED] - tc_description = testCaseContext.getMessage(): null

07-10-2024T14:06:11 - [TEST_STEP][PASSED] - tcName = testCaseId: null

07-10-2024T14:06:11 - [TEST_STEP][PASSED] - println(tcName): null

07-10-2024T14:06:11 - [TEST_STEP][PASSED] - reporting.ExtentReporting.startTest(reportPath, testSuiteName, tcName, tc_description, author, "Extent Test", reportFile): Invoke 'com.kms.katalon.core.annotation.BeforeTestCase' method: 'TestListener.Before(...)' completed.

07-10-2024T14:06:11 - [MESSAGE][INFO] - Checking test data id

07-10-2024T14:06:11 - [MESSAGE][INFO] - Finding test data with id 'Data Files/Common/Users'

07-10-2024T14:06:11 - [MESSAGE][INFO] - Test data is excel file, reading excel file

07-10-2024T14:06:11 - [MESSAGE][INFO] - Reading excel file with source file 'C:\Users\mayuresh.sonar\KatalonStudio\DataMigration\NFE-API-automationK\Data Files\TestData.xlsx' and sheet name 'users'

07-10-2024T14:06:11 - [MESSAGE][INFO] - Checking test data id

07-10-2024T14:06:11 - [MESSAGE][INFO] - Finding test data with id 'Data Files/Common/Users'

07-10-2024T14:06:11 - [MESSAGE][INFO] - Test data is excel file, reading excel file

07-10-2024T14:06:11 - [MESSAGE][INFO] - Reading excel file with source file 'C:\Users\mayuresh.sonar\KatalonStudio\DataMigration\NFE-API-automationK\Data Files\TestData.xlsx' and sheet name 'users'

07-10-2024T14:06:11 - [MESSAGE][INFO] - Checking test data id

07-10-2024T14:06:11 - [MESSAGE][INFO] - Finding test data with id 'Data Files/Common/Users'

07-10-2024T14:06:11 - [MESSAGE][INFO] - Test data is excel file, reading excel file

07-10-2024T14:06:11 - [MESSAGE][INFO] - Reading excel file with source file 'C:\Users\mayuresh.sonar\KatalonStudio\DataMigration\NFE-API-automationK\Data Files\TestData.xlsx' and sheet name 'users'

07-10-2024T14:06:11 - [MESSAGE][INFO] - Checking test data id

07-10-2024T14:06:11 - [MESSAGE][INFO] - Finding test data with id 'Data Files/Common/Users'

07-10-2024T14:06:11 - [MESSAGE][INFO] - Test data is excel file, reading excel file

07-10-2024T14:06:11 - [MESSAGE][INFO] - Reading excel file with source file 'C:\Users\mayuresh.sonar\KatalonStudio\DataMigration\NFE-API-automationK\Data Files\TestData.xlsx' and sheet name 'users'

07-10-2024T14:06:11 - [MESSAGE][INFO] - Checking test data id

07-10-2024T14:06:11 - [MESSAGE][INFO] - Finding test data with id 'Data Files/Common/Users'

07-10-2024T14:06:11 - [MESSAGE][INFO] - Test data is excel file, reading excel file

07-10-2024T14:06:11 - [MESSAGE][INFO] - Reading excel file with source file 'C:\Users\mayuresh.sonar\KatalonStudio\DataMigration\NFE-API-automationK\Data Files\TestData.xlsx' and sheet name 'users'

07-10-2024T14:06:11 - [MESSAGE][INFO] - Checking test data id

07-10-2024T14:06:11 - [MESSAGE][INFO] - Finding test data with id 'Data Files/Common/Users'

07-10-2024T14:06:11 - [MESSAGE][INFO] - Test data is excel file, reading excel file

07-10-2024T14:06:11 - [MESSAGE][INFO] - Reading excel file with source file 'C:\Users\mayuresh.sonar\KatalonStudio\DataMigration\NFE-API-automationK\Data Files\TestData.xlsx' and sheet name 'users'

07-10-2024T14:06:11 - [MESSAGE][INFO] - Checking test data id

07-10-2024T14:06:11 - [MESSAGE][INFO] - Finding test data with id 'Data Files/Common/Users'

07-10-2024T14:06:11 - [MESSAGE][INFO] - Test data is excel file, reading excel file

07-10-2024T14:06:11 - [MESSAGE][INFO] - Reading excel file with source file 'C:\Users\mayuresh.sonar\KatalonStudio\DataMigration\NFE-API-automationK\Data Files\TestData.xlsx' and sheet name 'users'

07-10-2024T14:06:11 - [MESSAGE][INFO] - Checking test data id

07-10-2024T14:06:11 - [MESSAGE][INFO] - Finding test data with id 'Data Files/Common/Users'

07-10-2024T14:06:11 - [MESSAGE][INFO] - Test data is excel file, reading excel file

07-10-2024T14:06:11 - [MESSAGE][INFO] - Reading excel file with source file 'C:\Users\mayuresh.sonar\KatalonStudio\DataMigration\NFE-API-automationK\Data Files\TestData.xlsx' and sheet name 'users'

07-10-2024T14:06:11 - [MESSAGE][INFO] - Checking test data id

07-10-2024T14:06:11 - [MESSAGE][INFO] - Finding test data with id 'Data Files/Common/Users'

07-10-2024T14:06:11 - [MESSAGE][INFO] - Test data is excel file, reading excel file

07-10-2024T14:06:11 - [MESSAGE][INFO] - Reading excel file with source file 'C:\Users\mayuresh.sonar\KatalonStudio\DataMigration\NFE-API-automationK\Data Files\TestData.xlsx' and sheet name 'users'

07-10-2024T14:06:12 - [MESSAGE][INFO] - Checking test data id

07-10-2024T14:06:12 - [MESSAGE][INFO] - Finding test data with id 'Data Files/Common/Users'

07-10-2024T14:06:12 - [MESSAGE][INFO] - Test data is excel file, reading excel file

07-10-2024T14:06:12 - [MESSAGE][INFO] - Reading excel file with source file 'C:\Users\mayuresh.sonar\KatalonStudio\DataMigration\NFE-API-automationK\Data Files\TestData.xlsx' and sheet name 'users'

07-10-2024T14:06:12 - [MESSAGE][INFO] - Checking test data id

07-10-2024T14:06:12 - [MESSAGE][INFO] - Finding test data with id 'Data Files/Common/Users'

07-10-2024T14:06:12 - [MESSAGE][INFO] - Test data is excel file, reading excel file

07-10-2024T14:06:12 - [MESSAGE][INFO] - Reading excel file with source file 'C:\Users\mayuresh.sonar\KatalonStudio\DataMigration\NFE-API-automationK\Data Files\TestData.xlsx' and sheet name 'users'

07-10-2024T14:06:12 - [MESSAGE][INFO] - Checking test data id

07-10-2024T14:06:12 - [MESSAGE][INFO] - Finding test data with id 'Data Files/Common/Users'

07-10-2024T14:06:12 - [MESSAGE][INFO] - Test data is excel file, reading excel file

07-10-2024T14:06:12 - [MESSAGE][INFO] - Reading excel file with source file 'C:\Users\mayuresh.sonar\KatalonStudio\DataMigration\NFE-API-automationK\Data Files\TestData.xlsx' and sheet name 'users'

07-10-2024T14:06:12 - [MESSAGE][INFO] - Checking test data id

07-10-2024T14:06:12 - [MESSAGE][INFO] - Finding test data with id 'Data Files/Common/Users'

07-10-2024T14:06:12 - [MESSAGE][INFO] - Test data is excel file, reading excel file

07-10-2024T14:06:12 - [MESSAGE][INFO] - Reading excel file with source file 'C:\Users\mayuresh.sonar\KatalonStudio\DataMigration\NFE-API-automationK\Data Files\TestData.xlsx' and sheet name 'users'

07-10-2024T14:06:12 - [MESSAGE][INFO] - Checking test data id

07-10-2024T14:06:12 - [MESSAGE][INFO] - Finding test data with id 'Data Files/Common/Users'

07-10-2024T14:06:12 - [MESSAGE][INFO] - Test data is excel file, reading excel file

07-10-2024T14:06:12 - [MESSAGE][INFO] - Reading excel file with source file 'C:\Users\mayuresh.sonar\KatalonStudio\DataMigration\NFE-API-automationK\Data Files\TestData.xlsx' and sheet name 'users'

07-10-2024T14:06:12 - [MESSAGE][INFO] - Checking test data id

07-10-2024T14:06:12 - [MESSAGE][INFO] - Finding test data with id 'Data Files/Common/Users'

07-10-2024T14:06:12 - [MESSAGE][INFO] - Test data is excel file, reading excel file

07-10-2024T14:06:12 - [MESSAGE][INFO] - Reading excel file with source file 'C:\Users\mayuresh.sonar\KatalonStudio\DataMigration\NFE-API-automationK\Data Files\TestData.xlsx' and sheet name 'users'

07-10-2024T14:06:12 - [MESSAGE][INFO] - Checking test data id

07-10-2024T14:06:12 - [MESSAGE][INFO] - Finding test data with id 'Data Files/Common/Users'

07-10-2024T14:06:12 - [MESSAGE][INFO] - Test data is excel file, reading excel file

07-10-2024T14:06:12 - [MESSAGE][INFO] - Reading excel file with source file 'C:\Users\mayuresh.sonar\KatalonStudio\DataMigration\NFE-API-automationK\Data Files\TestData.xlsx' and sheet name 'users'

07-10-2024T14:06:12 - [MESSAGE][INFO] - Checking test data id

07-10-2024T14:06:12 - [MESSAGE][INFO] - Finding test data with id 'Data Files/Common/Users'

07-10-2024T14:06:12 - [MESSAGE][INFO] - Test data is excel file, reading excel file

07-10-2024T14:06:12 - [MESSAGE][INFO] - Reading excel file with source file 'C:\Users\mayuresh.sonar\KatalonStudio\DataMigration\NFE-API-automationK\Data Files\TestData.xlsx' and sheet name 'users'

07-10-2024T14:06:12 - [MESSAGE][INFO] - Checking test data id

07-10-2024T14:06:12 - [MESSAGE][INFO] - Finding test data with id 'Data Files/Common/Users'

07-10-2024T14:06:12 - [MESSAGE][INFO] - Test data is excel file, reading excel file

07-10-2024T14:06:12 - [MESSAGE][INFO] - Reading excel file with source file 'C:\Users\mayuresh.sonar\KatalonStudio\DataMigration\NFE-API-automationK\Data Files\TestData.xlsx' and sheet name 'users'

07-10-2024T14:06:12 - [MESSAGE][INFO] - Checking test data id

07-10-2024T14:06:12 - [MESSAGE][INFO] - Finding test data with id 'Data Files/Common/Users'

07-10-2024T14:06:12 - [MESSAGE][INFO] - Test data is excel file, reading excel file

07-10-2024T14:06:12 - [MESSAGE][INFO] - Reading excel file with source file 'C:\Users\mayuresh.sonar\KatalonStudio\DataMigration\NFE-API-automationK\Data Files\TestData.xlsx' and sheet name 'users'

07-10-2024T14:06:12 - [MESSAGE][INFO] - Checking test data id

07-10-2024T14:06:12 - [MESSAGE][INFO] - Finding test data with id 'Data Files/Common/Users'

07-10-2024T14:06:12 - [MESSAGE][INFO] - Test data is excel file, reading excel file

07-10-2024T14:06:12 - [MESSAGE][INFO] - Reading excel file with source file 'C:\Users\mayuresh.sonar\KatalonStudio\DataMigration\NFE-API-automationK\Data Files\TestData.xlsx' and sheet name 'users'

07-10-2024T14:06:12 - [MESSAGE][INFO] - Checking test data id

07-10-2024T14:06:12 - [MESSAGE][INFO] - Finding test data with id 'Data Files/Common/Users'

07-10-2024T14:06:12 - [MESSAGE][INFO] - Test data is excel file, reading excel file

07-10-2024T14:06:12 - [MESSAGE][INFO] - Reading excel file with source file 'C:\Users\mayuresh.sonar\KatalonStudio\DataMigration\NFE-API-automationK\Data Files\TestData.xlsx' and sheet name 'users'

07-10-2024T14:06:12 - [MESSAGE][INFO] - Checking test data id

07-10-2024T14:06:12 - [MESSAGE][INFO] - Finding test data with id 'Data Files/Common/Users'

07-10-2024T14:06:12 - [MESSAGE][INFO] - Test data is excel file, reading excel file

07-10-2024T14:06:12 - [MESSAGE][INFO] - Reading excel file with source file 'C:\Users\mayuresh.sonar\KatalonStudio\DataMigration\NFE-API-automationK\Data Files\TestData.xlsx' and sheet name 'users'

07-10-2024T14:06:12 - [MESSAGE][INFO] - Checking test data id

07-10-2024T14:06:12 - [MESSAGE][INFO] - Finding test data with id 'Data Files/Common/Users'

07-10-2024T14:06:12 - [MESSAGE][INFO] - Test data is excel file, reading excel file

07-10-2024T14:06:12 - [MESSAGE][INFO] - Reading excel file with source file 'C:\Users\mayuresh.sonar\KatalonStudio\DataMigration\NFE-API-automationK\Data Files\TestData.xlsx' and sheet name 'users'

07-10-2024T14:06:12 - [MESSAGE][INFO] - Checking test data id

07-10-2024T14:06:12 - [MESSAGE][INFO] - Finding test data with id 'Data Files/Common/Users'

07-10-2024T14:06:12 - [MESSAGE][INFO] - Test data is excel file, reading excel file

07-10-2024T14:06:12 - [MESSAGE][INFO] - Reading excel file with source file 'C:\Users\mayuresh.sonar\KatalonStudio\DataMigration\NFE-API-automationK\Data Files\TestData.xlsx' and sheet name 'users'

07-10-2024T14:06:12 - [MESSAGE][INFO] - Checking test data id

07-10-2024T14:06:12 - [MESSAGE][INFO] - Finding test data with id 'Data Files/Common/Users'

07-10-2024T14:06:12 - [MESSAGE][INFO] - Test data is excel file, reading excel file

07-10-2024T14:06:12 - [MESSAGE][INFO] - Reading excel file with source file 'C:\Users\mayuresh.sonar\KatalonStudio\DataMigration\NFE-API-automationK\Data Files\TestData.xlsx' and sheet name 'users'

07-10-2024T14:06:12 - [MESSAGE][INFO] - Checking test data id

07-10-2024T14:06:12 - [MESSAGE][INFO] - Finding test data with id 'Data Files/Common/Users'

07-10-2024T14:06:12 - [MESSAGE][INFO] - Test data is excel file, reading excel file

07-10-2024T14:06:12 - [MESSAGE][INFO] - Reading excel file with source file 'C:\Users\mayuresh.sonar\KatalonStudio\DataMigration\NFE-API-automationK\Data Files\TestData.xlsx' and sheet name 'users'

07-10-2024T14:06:14 - [MESSAGE][PASSED] - reporting.ExtentReporting.startTest is PASSED

07-10-2024T14:06:14 - [MESSAGE][INFO] - Invoke 'com.kms.katalon.core.annotation.BeforeTestCase' method: 'TestListener.Before(...)' completed.

07-10-2024T14:06:14 - [TEST_STEP][PASSED] - if (flag == "Y"): null

07-10-2024T14:06:14 - [TEST_STEP][PASSED] - path = endPoint: null

07-10-2024T14:06:14 - [TEST_STEP][PASSED] - URL_QA = baseURL_QA + "/" + basePathAPI + "/" + path: null

07-10-2024T14:06:14 - [TEST_STEP][PASSED] - queryResponseQA = sendRequest(findTestObject("CommonRequest/GET_Method_QA", ["token":airlineQA_001_67723190, "endPoint":path])): Send request successfully

07-10-2024T14:06:14 - [MESSAGE][INFO] - Finding Test Object 'Object Repository/CommonRequest/GET_Method_QA'

07-10-2024T14:06:15 - [MESSAGE][INFO] - Checking request object

07-10-2024T14:06:17 - [MESSAGE][INFO] - HAR: C:\Users\mayuresh.sonar\KatalonStudio\DataMigration\NFE-API-automationK\Reports\20241007_140604\TIP_Management\card-consents\20241007_140604\requests\main\0.har

07-10-2024T14:06:17 - [MESSAGE][PASSED] - Send request successfully

07-10-2024T14:06:17 - [TEST_STEP][PASSED] - verifyResponseStatusCode(queryResponseQA, 200): Verify response status code successfully

07-10-2024T14:06:17 - [MESSAGE][INFO] - Checking response object

07-10-2024T14:06:17 - [MESSAGE][PASSED] - Verify response status code successfully

07-10-2024T14:06:17 - [TEST_STEP][PASSED] - responseQA = queryResponseQA.getResponseBodyContent(): null

07-10-2024T14:06:17 - [TEST_STEP][PASSED] - URL_QAMIG = baseURL_QA_MIG + "/" + basePathAPI + "/" + path: null

07-10-2024T14:06:17 - [TEST_STEP][PASSED] - queryResponseQAMIG = sendRequest(findTestObject("CommonRequest/GET_Method_QA_MIG", ["token":airlineQAMIG_001_67723190, "endPoint":path])): Send request successfully

07-10-2024T14:06:17 - [MESSAGE][INFO] - Finding Test Object 'Object Repository/CommonRequest/GET_Method_QA_MIG'

07-10-2024T14:06:17 - [MESSAGE][INFO] - Checking request object

07-10-2024T14:06:18 - [MESSAGE][INFO] - HAR: C:\Users\mayuresh.sonar\KatalonStudio\DataMigration\NFE-API-automationK\Reports\20241007_140604\TIP_Management\card-consents\20241007_140604\requests\main\1.har

07-10-2024T14:06:18 - [MESSAGE][PASSED] - Send request successfully

07-10-2024T14:06:18 - [TEST_STEP][PASSED] - verifyResponseStatusCode(queryResponseQAMIG, 200): Verify response status code successfully

07-10-2024T14:06:18 - [MESSAGE][INFO] - Checking response object

07-10-2024T14:06:18 - [MESSAGE][PASSED] - Verify response status code successfully

07-10-2024T14:06:18 - [TEST_STEP][PASSED] - responseQAMIG = queryResponseQAMIG.getResponseBodyContent(): null

07-10-2024T14:06:18 - [TEST_STEP][PASSED] - ignoreNodesList = Arrays.asList(ignoreNodes.split(",")): null

07-10-2024T14:06:18 - [TEST_STEP][PASSED] - jsonSlurper = new groovy.json.JsonSlurper(): null

07-10-2024T14:06:18 - [TEST_STEP][PASSED] - responseQAObject = jsonSlurper.parseText(responseQA): null

07-10-2024T14:06:18 - [TEST_STEP][PASSED] - jsonObjectQA = responseQAObject: null

07-10-2024T14:06:18 - [TEST_STEP][PASSED] - responseQAMIGObject = jsonSlurper.parseText(responseQAMIG): null

07-10-2024T14:06:18 - [TEST_STEP][PASSED] - jsonObjectQAMIG = responseQAMIGObject: null

07-10-2024T14:06:18 - [TEST_STEP][PASSED] - comparator = compare.CompareJsonResponse.getComparator(ignoreNodes): compare.CompareJsonResponse.getComparator is PASSED

07-10-2024T14:06:18 - [MESSAGE][PASSED] - compare.CompareJsonResponse.getComparator is PASSED

07-10-2024T14:06:18 - [TEST_STEP][PASSED] - compare.GetDifferences.clearSetValues(): compare.GetDifferences.clearSetValues is PASSED

07-10-2024T14:06:18 - [MESSAGE][PASSED] - compare.GetDifferences.clearSetValues is PASSED

07-10-2024T14:06:18 - [TEST_STEP][PASSED] - if (jsonObjectQA.has("records") || jsonObjectQAMIG.has("records")): null

07-10-2024T14:06:18 - [TEST_STEP][PASSED] - else: compare.GetDifferences.setDifferencesFromResult is PASSED

07-10-2024T14:06:18 - [TEST_STEP][PASSED] - ignoreNodesList.each({ java.lang.Object node -> ... }): compare.CompareJsonResponse.removeNode is PASSED

07-10-2024T14:06:18 - [MESSAGE][PASSED] - compare.CompareJsonResponse.removeNode is PASSED

07-10-2024T14:06:18 - [MESSAGE][PASSED] - compare.CompareJsonResponse.removeNode is PASSED

07-10-2024T14:06:18 - [TEST_STEP][PASSED] - compareJSON = JSONCompare.compareJSON(jsonObjectQA, jsonObjectQAMIG, comparator): null

07-10-2024T14:06:18 - [TEST_STEP][PASSED] - compare.GetDifferences.setDifferencesFromResult(compareJSON): compare.GetDifferences.setDifferencesFromResult is PASSED

07-10-2024T14:06:18 - [MESSAGE][INFO] - failedFieldsList -> []

07-10-2024T14:06:18 - [MESSAGE][PASSED] - compare.GetDifferences.setDifferencesFromResult is PASSED

07-10-2024T14:06:18 - [TEST_STEP][PASSED] - fieldsToBeIgnoredList = ignoreNodesList: null

07-10-2024T14:06:18 - [TEST_STEP][PASSED] - failedList = new java.util.ArrayList(CustomKeywords.compare.GetDifferences.getFailedFieldsList()): compare.GetDifferences.getFailedFieldsList is PASSED

07-10-2024T14:06:18 - [MESSAGE][INFO] - failedFieldsList size -> 0

07-10-2024T14:06:18 - [MESSAGE][PASSED] - compare.GetDifferences.getFailedFieldsList is PASSED

07-10-2024T14:06:18 - [TEST_STEP][PASSED] - missingList = new java.util.ArrayList(CustomKeywords.compare.GetDifferences.getMissingFieldsList()): compare.GetDifferences.getMissingFieldsList is PASSED

07-10-2024T14:06:18 - [MESSAGE][INFO] - missingFieldsList size -> 0

07-10-2024T14:06:18 - [MESSAGE][PASSED] - compare.GetDifferences.getMissingFieldsList is PASSED

07-10-2024T14:06:18 - [TEST_STEP][PASSED] - unexpectedList = new java.util.ArrayList(CustomKeywords.compare.GetDifferences.getUnexpectedFieldsList()): compare.GetDifferences.getUnexpectedFieldsList is PASSED

07-10-2024T14:06:18 - [MESSAGE][INFO] - unexpectedFieldsList size -> 3

07-10-2024T14:06:18 - [MESSAGE][PASSED] - compare.GetDifferences.getUnexpectedFieldsList is PASSED

07-10-2024T14:06:18 - [TEST_STEP][PASSED] - if (failedList.size() > 0): null

07-10-2024T14:06:18 - [TEST_STEP][PASSED] - Start listener action : afterTestCase: Invoke 'com.kms.katalon.core.annotation.AfterTestCase' method: 'TestListener.afterTestCase(...)' completed.

07-10-2024T14:06:18 - [MESSAGE][INFO] - Starting invoke 'com.kms.katalon.core.annotation.AfterTestCase' method: 'TestListener.afterTestCase(...)'

07-10-2024T14:06:18 - [TEST_STEP][PASSED] - logInfo(testCaseContext.getTestCaseId()): Test Cases/TIP_Management/card-consents/FCA-15725_GET_TIP_Card_Consent_by_Id

07-10-2024T14:06:18 - [MESSAGE][INFO] - Test Cases/TIP_Management/card-consents/FCA-15725_GET_TIP_Card_Consent_by_Id

07-10-2024T14:06:18 - [TEST_STEP][PASSED] - logInfo(testCaseContext.getTestCaseStatus()): PASSED

07-10-2024T14:06:18 - [MESSAGE][INFO] - PASSED

07-10-2024T14:06:18 - [TEST_STEP][PASSED] - responseQA = getTestCaseVariables().get("responseQA"): null

07-10-2024T14:06:18 - [TEST_STEP][PASSED] - responseQAMIG = getTestCaseVariables().get("responseQAMIG"): null

07-10-2024T14:06:18 - [TEST_STEP][PASSED] - sortedQA = getTestCaseVariables().get("sortedRecordsQA"): null

07-10-2024T14:06:18 - [TEST_STEP][PASSED] - sortedQAMIG = getTestCaseVariables().get("sortedRecordsQAMIG"): null

07-10-2024T14:06:18 - [TEST_STEP][PASSED] - reporting.ExtentReporting.logStringData("URL_QA", getTestCaseVariables().get("URL_QA")): reporting.ExtentReporting.logStringData is PASSED

07-10-2024T14:06:18 - [MESSAGE][PASSED] - reporting.ExtentReporting.logStringData is PASSED

07-10-2024T14:06:18 - [TEST_STEP][PASSED] - reporting.ExtentReporting.logStringData("URL_QAMIG", getTestCaseVariables().get("URL_QAMIG")): reporting.ExtentReporting.logStringData is PASSED

07-10-2024T14:06:18 - [MESSAGE][PASSED] - reporting.ExtentReporting.logStringData is PASSED

07-10-2024T14:06:18 - [TEST_STEP][PASSED] - reporting.ExtentReporting.logJSONData("QA Response", responseQA): reporting.ExtentReporting.logJSONData is PASSED

07-10-2024T14:06:18 - [MESSAGE][PASSED] - reporting.ExtentReporting.logJSONData is PASSED

07-10-2024T14:06:18 - [TEST_STEP][PASSED] - reporting.ExtentReporting.logJSONData("QAMIG Response", responseQAMIG): reporting.ExtentReporting.logJSONData is PASSED

07-10-2024T14:06:18 - [MESSAGE][PASSED] - reporting.ExtentReporting.logJSONData is PASSED

07-10-2024T14:06:18 - [TEST_STEP][PASSED] - if (getTestCaseStatus().equals("FAILED")): null

07-10-2024T14:06:18 - [TEST_STEP][PASSED] - else if (getTestCaseStatus().equals("ERROR")): null

07-10-2024T14:06:18 - [TEST_STEP][PASSED] - else: reporting.ExtentReporting.logListData is PASSED

07-10-2024T14:06:18 - [TEST_STEP][PASSED] - flag = getTestCaseVariables().get("flag"): null

07-10-2024T14:06:18 - [TEST_STEP][PASSED] - if (flag.equalsIgnoreCase("N")): null

07-10-2024T14:06:18 - [TEST_STEP][PASSED] - else: reporting.ExtentReporting.logListData is PASSED

07-10-2024T14:06:18 - [TEST_STEP][PASSED] - reporting.ExtentReporting.testStatus("PASS", testCaseContext.getTestCaseId() + " Passed"): reporting.ExtentReporting.testStatus is PASSED

07-10-2024T14:06:18 - [MESSAGE][PASSED] - reporting.ExtentReporting.testStatus is PASSED

07-10-2024T14:06:18 - [TEST_STEP][PASSED] - logInfo(getTestCaseVariables().get("URL_QA")): https://gateway-gateway.apps.qa.okd4.nfe.projects.nonprod.itd.farelogix.com/api/tip-management/card-consents/677200000001213

07-10-2024T14:06:18 - [MESSAGE][INFO] - https://gateway-gateway.apps.qa.okd4.nfe.projects.nonprod.itd.farelogix.com/api/tip-management/card-consents/677200000001213

07-10-2024T14:06:18 - [TEST_STEP][PASSED] - responseQAValue = getTestCaseVariables().get("responseQA"): null

07-10-2024T14:06:18 - [TEST_STEP][PASSED] - logInfo(sortedQA): 

07-10-2024T14:06:18 - [MESSAGE][INFO] - 

07-10-2024T14:06:18 - [TEST_STEP][PASSED] - logInfo(getTestCaseVariables().get("URL_QAMIG")): https://gateway-gateway.apps.qa-mig.okd4.nfe.projects.nonprod.itd.farelogix.com/api/tip-management/card-consents/677200000001213

07-10-2024T14:06:18 - [MESSAGE][INFO] - https://gateway-gateway.apps.qa-mig.okd4.nfe.projects.nonprod.itd.farelogix.com/api/tip-management/card-consents/677200000001213

07-10-2024T14:06:18 - [TEST_STEP][PASSED] - responseQAMIGValue = getTestCaseVariables().get("responseQAMIG"): null

07-10-2024T14:06:18 - [TEST_STEP][PASSED] - logInfo(sortedQAMIG): 

07-10-2024T14:06:18 - [MESSAGE][INFO] - 

07-10-2024T14:06:18 - [TEST_STEP][PASSED] - missingIDsList = getTestCaseVariables().get("missing_IDs"): null

07-10-2024T14:06:18 - [TEST_STEP][PASSED] - missingIDsList.each({ java.lang.Object id -> ... }): null

07-10-2024T14:06:18 - [TEST_STEP][PASSED] - fieldsToBeIgnoredList = getTestCaseVariables().get("fieldsToBeIgnoredList"): null

07-10-2024T14:06:18 - [TEST_STEP][PASSED] - fieldsToBeIgnoredList.each({ java.lang.Object fieldName -> ... }): Field Ignored -> card.cardNumber

07-10-2024T14:06:18 - [MESSAGE][INFO] - Field Ignored -> card.cardNumber

07-10-2024T14:06:18 - [TEST_STEP][PASSED] - if (fieldsToBeIgnoredList.size() > 0): reporting.ExtentReporting.logListData is PASSED

07-10-2024T14:06:18 - [TEST_STEP][PASSED] - reporting.ExtentReporting.logListData("Ignored Nodes ", fieldsToBeIgnoredList): reporting.ExtentReporting.logListData is PASSED

07-10-2024T14:06:18 - [MESSAGE][PASSED] - reporting.ExtentReporting.logListData is PASSED

07-10-2024T14:06:18 - [TEST_STEP][PASSED] - if (extentFlag.equals("y")): Invoke 'com.kms.katalon.core.annotation.AfterTestCase' method: 'TestListener.afterTestCase(...)' completed.

07-10-2024T14:06:18 - [TEST_STEP][PASSED] - reporting.ExtentReporting.endTest(): Invoke 'com.kms.katalon.core.annotation.AfterTestCase' method: 'TestListener.afterTestCase(...)' completed.

07-10-2024T14:06:19 - [MESSAGE][PASSED] - reporting.ExtentReporting.endTest is PASSED

07-10-2024T14:06:19 - [MESSAGE][INFO] - Invoke 'com.kms.katalon.core.annotation.AfterTestCase' method: 'TestListener.afterTestCase(...)' completed.]]></system-out>
         <system-err><![CDATA[]]></system-err>
      </testcase>
      <system-out><![CDATA[07-10-2024T14:06:09 - [TEST_SUITE][PASSED] - card-consents: Test Cases/TIP_Management/card-consents/FCA-15725_GET_TIP_Card_Consent_by_Id]]></system-out>
      <system-err><![CDATA[]]></system-err>
   </testsuite>
</testsuites>
